2022-10-27 17:56:30,317 [INFO] Activator:177 - 


2022-10-27 17:56:30,318 [INFO] Activator:178 - !SESSION log4j initialized
2022-10-27 17:56:32,980 [INFO] McuFinderGlobals:44 - Set McuFinder mode to 2 (CubeIDE integrated)
2022-10-27 17:56:34,047 [INFO] ApplicationProperties:181 - Using Application install path: C:\ST\STM32CubeIDE_1.9.0\STM32CubeIDE\plugins\com.st.stm32cube.common.mx_6.6.1.202207061420
2022-10-27 17:56:34,064 [INFO] DbMcusXml:77 - Set database path to: C:\ST\STM32CubeIDE_1.9.0\STM32CubeIDE\plugins\com.st.stm32cube.common.mx_6.6.1.202207061420\\db\/mcu/
2022-10-27 17:56:34,065 [INFO] ApiDb:269 - Set plugin database path to: C:\ST\STM32CubeIDE_1.9.0\STM32CubeIDE\plugins\com.st.stm32cube.common.mx_6.6.1.202207061420\\db\/plugins/boardmanager/
2022-10-27 17:56:34,068 [WARN] ApiDb:254 - Overriding images path with different value:  => C:\ST\STM32CubeIDE_1.9.0\STM32CubeIDE\plugins\com.st.stm32cube.common.mx_6.6.1.202207061420\\db\/plugins/mcufinder/images/
2022-10-27 17:56:34,081 [INFO] ApiDb:249 - Set database path to: C:\Users\Zver\.stmcufinder\plugins\mcufinder//mcu/
2022-10-27 17:56:34,082 [INFO] DbMcusAds:124 - Set database path to: C:\Users\Zver\.stmcufinder\plugins\mcufinder//mcu/
2022-10-27 17:56:34,484 [INFO] CrossReferenceDbSqlite:201 - Set database path to: C:\Users\Zver\.stmcufinder\plugins\mcufinder//mcu/cs/
2022-10-27 17:56:34,576 [INFO] RulesReader:61 - Compatibility file has been processed (282 Rules)
2022-10-27 17:56:34,773 [INFO] DbMcusXml:77 - Set database path to: C:\ST\STM32CubeIDE_1.9.0\STM32CubeIDE\plugins\com.st.stm32cube.common.mx_6.6.1.202207061420\\db\/mcu/
2022-10-27 17:56:34,774 [INFO] ApiDb:269 - Set plugin database path to: C:\ST\STM32CubeIDE_1.9.0\STM32CubeIDE\plugins\com.st.stm32cube.common.mx_6.6.1.202207061420\\db\/plugins/boardmanager/
2022-10-27 17:56:34,774 [INFO] ApiDb:256 - Set plugin images path to: C:\ST\STM32CubeIDE_1.9.0\STM32CubeIDE\plugins\com.st.stm32cube.common.mx_6.6.1.202207061420\\db\/plugins/mcufinder/images/
2022-10-27 17:56:34,774 [WARN] DbFile:40 - Overriding database path with different value: C:\Users\Zver\.stmcufinder\plugins\mcufinder/ => C:\Users\Zver\.stmcufinder\plugins\mcufinder
2022-10-27 17:56:34,775 [INFO] ApiDb:249 - Set database path to: C:\Users\Zver\.stmcufinder\plugins\mcufinder//mcu/
2022-10-27 17:56:34,775 [WARN] DbFile:40 - Overriding database path with different value: C:\Users\Zver\.stmcufinder\plugins\mcufinder/ => C:\Users\Zver\.stmcufinder\plugins\mcufinder
2022-10-27 17:56:34,775 [INFO] DbMcusAds:124 - Set database path to: C:\Users\Zver\.stmcufinder\plugins\mcufinder//mcu/
2022-10-27 17:56:34,776 [WARN] DbFile:40 - Overriding database path with different value: C:\Users\Zver\.stmcufinder\plugins\mcufinder/ => C:\Users\Zver\.stmcufinder\plugins\mcufinder
2022-10-27 17:56:34,776 [WARN] DbFile:40 - Overriding database path with different value: C:\Users\Zver\.stmcufinder\plugins\mcufinder/ => C:\Users\Zver\.stmcufinder\plugins\mcufinder
2022-10-27 17:56:34,776 [INFO] CrossReferenceDbSqlite:201 - Set database path to: C:\Users\Zver\.stmcufinder\plugins\mcufinder//mcu/cs/
2022-10-27 17:56:34,935 [INFO] MainPanel:242 - HeapMemory: 268435456
2022-10-27 17:56:35,061 [INFO] DbMcusXml:77 - Set database path to: C:\ST\STM32CubeIDE_1.9.0\STM32CubeIDE\plugins\com.st.stm32cube.common.mx_6.6.1.202207061420\\db\/mcu/
2022-10-27 17:56:35,062 [INFO] ApiDb:269 - Set plugin database path to: C:\ST\STM32CubeIDE_1.9.0\STM32CubeIDE\plugins\com.st.stm32cube.common.mx_6.6.1.202207061420\\db\/plugins/boardmanager/
2022-10-27 17:56:35,062 [INFO] ApiDb:256 - Set plugin images path to: C:\ST\STM32CubeIDE_1.9.0\STM32CubeIDE\plugins\com.st.stm32cube.common.mx_6.6.1.202207061420\\db\/plugins/mcufinder/images/
2022-10-27 17:56:35,062 [WARN] DbFile:40 - Overriding database path with different value: C:\Users\Zver\.stmcufinder\plugins\mcufinder/ => C:\Users\Zver\.stmcufinder\plugins\mcufinder
2022-10-27 17:56:35,062 [INFO] ApiDb:249 - Set database path to: C:\Users\Zver\.stmcufinder\plugins\mcufinder//mcu/
2022-10-27 17:56:35,062 [WARN] DbFile:40 - Overriding database path with different value: C:\Users\Zver\.stmcufinder\plugins\mcufinder/ => C:\Users\Zver\.stmcufinder\plugins\mcufinder
2022-10-27 17:56:35,063 [INFO] DbMcusAds:124 - Set database path to: C:\Users\Zver\.stmcufinder\plugins\mcufinder//mcu/
2022-10-27 17:56:35,063 [WARN] DbFile:40 - Overriding database path with different value: C:\Users\Zver\.stmcufinder\plugins\mcufinder/ => C:\Users\Zver\.stmcufinder\plugins\mcufinder
2022-10-27 17:56:35,063 [WARN] DbFile:40 - Overriding database path with different value: C:\Users\Zver\.stmcufinder\plugins\mcufinder/ => C:\Users\Zver\.stmcufinder\plugins\mcufinder
2022-10-27 17:56:35,063 [INFO] CrossReferenceDbSqlite:201 - Set database path to: C:\Users\Zver\.stmcufinder\plugins\mcufinder//mcu/cs/
2022-10-27 17:56:35,102 [INFO] ApplicationProperties:181 - Using Application install path: C:\ST\STM32CubeIDE_1.9.0\STM32CubeIDE\plugins\com.st.stm32cube.common.mx_6.6.1.202207061420
2022-10-27 17:56:35,104 [INFO] PluginManage:193 - Search for loadable plugins [exclusion list=, ]
2022-10-27 17:56:35,106 [INFO] PluginManage:307 - Check plugin analytics
2022-10-27 17:56:35,305 [INFO] AnalyticsPlugin:262 - Accepted Software Licenses: 
2022-10-27 17:56:35,306 [INFO] AnalyticsPlugin:264 - Accepted CMSIS Pack Licenses: 
2022-10-27 17:56:35,307 [INFO] AnalyticsPlugin:266 - Accepted Firmware Licenses: 
2022-10-27 17:56:35,314 [INFO] PluginManage:356 - Loaded plugin analytics (category:tool,tabindex:-1)
2022-10-27 17:56:35,315 [INFO] PluginManage:307 - Check plugin cadmodel
2022-10-27 17:56:35,318 [INFO] CADModel:65 - Init CAD model plugin
2022-10-27 17:56:35,318 [INFO] PluginManage:356 - Loaded plugin cadmodel (category:power,tabindex:5)
2022-10-27 17:56:35,319 [INFO] PluginManage:307 - Check plugin clock
2022-10-27 17:56:35,328 [INFO] PluginManage:356 - Loaded plugin clock (category:base,tabindex:2)
2022-10-27 17:56:35,328 [INFO] PluginManage:307 - Check plugin ddr
2022-10-27 17:56:35,330 [INFO] PluginManage:356 - Loaded plugin ddr (category:tool,tabindex:6)
2022-10-27 17:56:35,330 [INFO] PluginManage:307 - Check plugin filemanager
2022-10-27 17:56:35,471 [INFO] PluginManage:356 - Loaded plugin filemanager (category:base,tabindex:10)
2022-10-27 17:56:35,471 [INFO] PluginManage:307 - Check plugin ipmanager
2022-10-27 17:56:35,501 [INFO] PluginManage:356 - Loaded plugin ipmanager (category:base,tabindex:5)
2022-10-27 17:56:35,501 [INFO] PluginManage:307 - Check plugin lpbam
2022-10-27 17:56:35,509 [INFO] PluginManage:356 - Loaded plugin lpbam (category:base,tabindex:0)
2022-10-27 17:56:35,509 [INFO] PluginManage:307 - Check plugin pinoutandconfiguration
2022-10-27 17:56:35,514 [INFO] PluginManage:356 - Loaded plugin pinoutandconfiguration (category:base,tabindex:1)
2022-10-27 17:56:35,515 [INFO] PluginManage:307 - Check plugin pinoutconfig
2022-10-27 17:56:35,544 [INFO] PluginManage:356 - Loaded plugin pinoutconfig (category:base,tabindex:0)
2022-10-27 17:56:35,544 [INFO] PluginManage:307 - Check plugin power
2022-10-27 17:56:35,553 [INFO] PluginManage:356 - Loaded plugin power (category:power,tabindex:4)
2022-10-27 17:56:35,553 [INFO] PluginManage:307 - Check plugin projectmanager
2022-10-27 17:56:35,567 [INFO] PluginManage:356 - Loaded plugin projectmanager (category:projectmanager,tabindex:3)
2022-10-27 17:56:35,567 [INFO] PluginManage:307 - Check plugin thirdparty
2022-10-27 17:56:35,676 [WARN] IntegrityCheckThread:82 - waiting for thirdparty lock release [integrity check]
2022-10-27 17:56:35,677 [INFO] PluginManage:356 - Loaded plugin thirdparty (category:base,tabindex:-1)
2022-10-27 17:56:35,678 [INFO] IntegrityCheckThread:84 - entering critical section [integrity check]
2022-10-27 17:56:35,678 [INFO] PluginManage:307 - Check plugin tools
2022-10-27 17:56:35,680 [INFO] ThirdPartyUpdaterWithRetryManager:70 - Updater plugin not ready yet. [1/15]
2022-10-27 17:56:35,681 [INFO] PluginManage:356 - Loaded plugin tools (category:base,tabindex:7)
2022-10-27 17:56:35,681 [INFO] PluginManage:307 - Check plugin tutovideos
2022-10-27 17:56:35,845 [INFO] PluginManage:356 - Loaded plugin tutovideos (category:base,tabindex:-1)
2022-10-27 17:56:35,845 [INFO] PluginManage:307 - Check plugin updater
2022-10-27 17:56:35,857 [INFO] PluginManage:356 - Loaded plugin updater (category:base,tabindex:12)
2022-10-27 17:56:35,858 [INFO] PluginManage:280 - PluginManage : Loaded plugins [15]
2022-10-27 17:56:36,285 [INFO] PinOutPanel:1468 - setPackage(No Configuration,No Configuration)
2022-10-27 17:56:36,377 [INFO] CADModel:98 - CPN selected for project level
2022-10-27 17:56:36,390 [INFO] IPUIPlugin:79 - create IPUIPlugin
2022-10-27 17:56:36,390 [INFO] PluginManager:217 - loadIPPluginJar : add adc
2022-10-27 17:56:36,393 [INFO] IPUIPlugin:79 - create IPUIPlugin
2022-10-27 17:56:36,393 [INFO] PluginManager:217 - loadIPPluginJar : add aes
2022-10-27 17:56:36,395 [INFO] IPUIPlugin:79 - create IPUIPlugin
2022-10-27 17:56:36,395 [INFO] PluginManager:217 - loadIPPluginJar : add can
2022-10-27 17:56:36,396 [INFO] IPUIPlugin:79 - create IPUIPlugin
2022-10-27 17:56:36,396 [INFO] PluginManager:217 - loadIPPluginJar : add comp
2022-10-27 17:56:36,398 [INFO] IPUIPlugin:79 - create IPUIPlugin
2022-10-27 17:56:36,398 [INFO] PluginManager:217 - loadIPPluginJar : add cryp
2022-10-27 17:56:36,399 [INFO] IPUIPlugin:79 - create IPUIPlugin
2022-10-27 17:56:36,400 [INFO] PluginManager:217 - loadIPPluginJar : add dfsdm
2022-10-27 17:56:36,404 [INFO] IPUIPlugin:79 - create IPUIPlugin
2022-10-27 17:56:36,404 [INFO] PluginManager:217 - loadIPPluginJar : add dma
2022-10-27 17:56:36,406 [INFO] IPUIPlugin:79 - create IPUIPlugin
2022-10-27 17:56:36,406 [INFO] PluginManager:217 - loadIPPluginJar : add dma3
2022-10-27 17:56:36,407 [INFO] IPUIPlugin:79 - create IPUIPlugin
2022-10-27 17:56:36,407 [INFO] PluginManager:217 - loadIPPluginJar : add fatfs
2022-10-27 17:56:36,415 [INFO] IPUIPlugin:79 - create IPUIPlugin
2022-10-27 17:56:36,416 [INFO] PluginManager:217 - loadIPPluginJar : add fmc
2022-10-27 17:56:36,420 [INFO] IPUIPlugin:79 - create IPUIPlugin
2022-10-27 17:56:36,421 [INFO] PluginManager:217 - loadIPPluginJar : add freertos
2022-10-27 17:56:36,422 [INFO] IPUIPlugin:79 - create IPUIPlugin
2022-10-27 17:56:36,422 [INFO] PluginManager:217 - loadIPPluginJar : add genericplugin
2022-10-27 17:56:36,424 [INFO] IPUIPlugin:79 - create IPUIPlugin
2022-10-27 17:56:36,424 [INFO] PluginManager:217 - loadIPPluginJar : add gfxmmu
2022-10-27 17:56:36,430 [INFO] IPUIPlugin:79 - create IPUIPlugin
2022-10-27 17:56:36,430 [INFO] PluginManager:217 - loadIPPluginJar : add gic
2022-10-27 17:56:36,433 [INFO] IPUIPlugin:79 - create IPUIPlugin
2022-10-27 17:56:36,433 [INFO] PluginManager:217 - loadIPPluginJar : add gpio
2022-10-27 17:56:36,435 [INFO] IPUIPlugin:79 - create IPUIPlugin
2022-10-27 17:56:36,435 [INFO] PluginManager:217 - loadIPPluginJar : add gtzc
2022-10-27 17:56:36,437 [INFO] IPUIPlugin:79 - create IPUIPlugin
2022-10-27 17:56:36,437 [INFO] PluginManager:217 - loadIPPluginJar : add hash
2022-10-27 17:56:36,439 [INFO] IPUIPlugin:79 - create IPUIPlugin
2022-10-27 17:56:36,439 [INFO] PluginManager:217 - loadIPPluginJar : add i2c
2022-10-27 17:56:36,441 [INFO] IPUIPlugin:79 - create IPUIPlugin
2022-10-27 17:56:36,441 [INFO] PluginManager:217 - loadIPPluginJar : add i2s
2022-10-27 17:56:36,444 [INFO] IPUIPlugin:79 - create IPUIPlugin
2022-10-27 17:56:36,444 [INFO] PluginManager:217 - loadIPPluginJar : add ipddr
2022-10-27 17:56:36,449 [INFO] IPUIPlugin:79 - create IPUIPlugin
2022-10-27 17:56:36,450 [INFO] PluginManager:217 - loadIPPluginJar : add linkedlist
2022-10-27 17:56:36,451 [INFO] IPUIPlugin:79 - create IPUIPlugin
2022-10-27 17:56:36,451 [INFO] PluginManager:217 - loadIPPluginJar : add lorawan
2022-10-27 17:56:36,452 [INFO] IPUIPlugin:79 - create IPUIPlugin
2022-10-27 17:56:36,452 [INFO] PluginManager:217 - loadIPPluginJar : add ltdc
2022-10-27 17:56:36,456 [INFO] IPUIPlugin:79 - create IPUIPlugin
2022-10-27 17:56:36,457 [INFO] PluginManager:217 - loadIPPluginJar : add mdma
2022-10-27 17:56:36,459 [INFO] IPUIPlugin:79 - create IPUIPlugin
2022-10-27 17:56:36,459 [INFO] PluginManager:217 - loadIPPluginJar : add nvic
2022-10-27 17:56:36,461 [INFO] IPUIPlugin:79 - create IPUIPlugin
2022-10-27 17:56:36,462 [INFO] PluginManager:217 - loadIPPluginJar : add opamp
2022-10-27 17:56:36,465 [INFO] IPUIPlugin:79 - create IPUIPlugin
2022-10-27 17:56:36,465 [INFO] PluginManager:217 - loadIPPluginJar : add openamp
2022-10-27 17:56:36,467 [INFO] IPUIPlugin:79 - create IPUIPlugin
2022-10-27 17:56:36,468 [INFO] PluginManager:217 - loadIPPluginJar : add pdm2pcm
2022-10-27 17:56:36,473 [INFO] IPUIPlugin:79 - create IPUIPlugin
2022-10-27 17:56:36,476 [INFO] PluginManager:217 - loadIPPluginJar : add plateformsettings
2022-10-27 17:56:36,477 [INFO] IPUIPlugin:79 - create IPUIPlugin
2022-10-27 17:56:36,477 [INFO] PluginManager:217 - loadIPPluginJar : add quadspi
2022-10-27 17:56:36,479 [INFO] IPUIPlugin:79 - create IPUIPlugin
2022-10-27 17:56:36,479 [INFO] PluginManager:217 - loadIPPluginJar : add resmgrutility
2022-10-27 17:56:36,482 [INFO] IPUIPlugin:79 - create IPUIPlugin
2022-10-27 17:56:36,482 [INFO] PluginManager:217 - loadIPPluginJar : add sai
2022-10-27 17:56:36,484 [INFO] IPUIPlugin:79 - create IPUIPlugin
2022-10-27 17:56:36,484 [INFO] PluginManager:217 - loadIPPluginJar : add spi
2022-10-27 17:56:36,487 [INFO] IPUIPlugin:79 - create IPUIPlugin
2022-10-27 17:56:36,488 [INFO] PluginManager:217 - loadIPPluginJar : add stm32_wpan
2022-10-27 17:56:36,489 [INFO] IPUIPlugin:79 - create IPUIPlugin
2022-10-27 17:56:36,490 [INFO] PluginManager:217 - loadIPPluginJar : add tim
2022-10-27 17:56:36,493 [INFO] IPUIPlugin:79 - create IPUIPlugin
2022-10-27 17:56:36,493 [INFO] PluginManager:217 - loadIPPluginJar : add touchsensing
2022-10-27 17:56:36,496 [INFO] IPUIPlugin:79 - create IPUIPlugin
2022-10-27 17:56:36,496 [INFO] PluginManager:217 - loadIPPluginJar : add tracer_emb
2022-10-27 17:56:36,498 [INFO] IPUIPlugin:79 - create IPUIPlugin
2022-10-27 17:56:36,498 [INFO] PluginManager:217 - loadIPPluginJar : add ts
2022-10-27 17:56:36,500 [INFO] IPUIPlugin:79 - create IPUIPlugin
2022-10-27 17:56:36,500 [INFO] PluginManager:217 - loadIPPluginJar : add tsc
2022-10-27 17:56:36,501 [INFO] IPUIPlugin:79 - create IPUIPlugin
2022-10-27 17:56:36,501 [INFO] PluginManager:217 - loadIPPluginJar : add ucpd
2022-10-27 17:56:36,504 [INFO] IPUIPlugin:79 - create IPUIPlugin
2022-10-27 17:56:36,504 [INFO] PluginManager:217 - loadIPPluginJar : add usart
2022-10-27 17:56:36,506 [INFO] IPUIPlugin:79 - create IPUIPlugin
2022-10-27 17:56:36,506 [INFO] PluginManager:217 - loadIPPluginJar : add usbx
2022-10-27 17:56:36,792 [FATAL] Updater:301 - Updater called before beeing initialized
2022-10-27 17:56:36,967 [FATAL] Updater:301 - Updater called before beeing initialized
2022-10-27 17:56:36,973 [INFO] DbMcusAds:52 - JSON generation date=Thu Sep 30 09:56:37 MSK 2021 (1632984997303)
2022-10-27 17:56:36,973 [FATAL] Updater:301 - Updater called before beeing initialized
2022-10-27 17:56:37,053 [WARN] DetailPanel:344 - Failed to get advertising image, set to default
2022-10-27 17:56:37,169 [FATAL] Updater:301 - Updater called before beeing initialized
2022-10-27 17:56:37,171 [FATAL] Updater:301 - Updater called before beeing initialized
2022-10-27 17:56:37,172 [FATAL] Updater:301 - Updater called before beeing initialized
2022-10-27 17:56:37,172 [WARN] DetailPanel:344 - Failed to get advertising image, set to default
2022-10-27 17:56:37,172 [FATAL] Updater:301 - Updater called before beeing initialized
2022-10-27 17:56:37,215 [ERROR] Updater:1105 - MainUpdater not yet initialized. External WinMGr cannot be set.
2022-10-27 17:56:37,218 [INFO] Updater:1041 - Updater Version found : 6.6.1
2022-10-27 17:56:37,231 [INFO] ApplicationProperties:181 - Using Application install path: C:\ST\STM32CubeIDE_1.9.0\STM32CubeIDE\plugins\com.st.stm32cube.common.mx_6.6.1.202207061420
2022-10-27 17:56:38,680 [INFO] ThirdPartyUpdaterWithRetryManager:70 - Updater plugin not ready yet. [2/15]
2022-10-27 17:56:39,358 [INFO] MainUpdater:2768 - connection check result : 10
2022-10-27 17:56:39,359 [INFO] MainUpdater:280 - Updater Check For Update Now.
2022-10-27 17:56:39,359 [INFO] MicroXplorer:481 - Change Database Version : DB.6.0.60
2022-10-27 17:56:39,514 [INFO] CheckServerUpdateThread:119 - End of CheckServer Thread
2022-10-27 17:56:39,568 [INFO] MainUpdater:2768 - connection check result : 10
2022-10-27 17:56:39,779 [INFO] McuFinderGlobals:57 - Set McuFinderConnectedMode to true
2022-10-27 17:56:39,791 [INFO] MultiScanPanel:195 - Auto-refresh data requested => check proxy status ongoing
2022-10-27 17:56:39,795 [INFO] FinderPluginLoader:92 - Searching for filters in installed packs
2022-10-27 17:56:39,915 [INFO] ApiDb:576 - Connected to CubeFinder SQLite database (C:\Users\Zver\.stmcufinder\plugins\mcufinder\mcu\cube-finder-db.db)
2022-10-27 17:56:39,957 [INFO] ApiDb:663 - CubeFinder database Data Model version=2.1
2022-10-27 17:56:39,957 [INFO] ApiDb:664 - CubeFinder database Configuration version=3.0.32
2022-10-27 17:56:39,957 [INFO] ApiDb:665 - CubeFinder database generation date=2022-08-05 (1659688109)
2022-10-27 17:56:39,957 [INFO] ApiDb:666 - CubeFinder database FW Pack versions=[STM32Cube_FW_C0_V1.0.0, STM32Cube_FW_F4_V1.27.1, STM32Cube_FW_F7_V1.17.0, STM32Cube_FW_G0_V1.6.1, STM32Cube_FW_G4_V1.5.0, STM32Cube_FW_H7_V1.10.0, STM32Cube_FW_L5_V1.4.0, STM32Cube_FW_U5_V1.1.1, STM32Cube_FW_WB_V1.14.1, STM32Cube_FW_WL_V1.2.0, X-CUBE-ALGOBUILD_V1.3.0, X-CUBE-ALS_V1.0.1, X-CUBE-AZRTOS-F4_V1.1.0, X-CUBE-AZRTOS-F7_V1.1.0, X-CUBE-AZRTOS-G0_V1.1.0, X-CUBE-AZRTOS-G4_V1.0.0, X-CUBE-AZRTOS-H7_V2.1.0, X-CUBE-AZRTOS-L4_V1.0.0, X-CUBE-AZRTOS-L5_V1.0.0, X-CUBE-AZRTOS-WL_V1.0.0, X-CUBE-BLE1_V6.2.3, X-CUBE-BLE2_V3.3.0, X-CUBE-EEPRMA1_V3.1.1, X-CUBE-GNSS1_V6.0.0, X-CUBE-MEMS1_V9.1.0, X-CUBE-MEMS1_V9.3.0, X-CUBE-NFC4_V2.0.4, X-CUBE-NFC7_V1.0.0, X-CUBE-SFXS2LP1_V4.0.0, X-CUBE-SUBG2_V5.0.0]
2022-10-27 17:56:41,783 [WARN] PackLoader:242 - Cannot read IP mode file for wolfSSL.I-CUBE-wolfSSL.5.2.0
2022-10-27 17:56:41,793 [WARN] PackLoader:242 - Cannot read IP mode file for STMicroelectronics.X-CUBE-GNSS1.6.0.0
2022-10-27 17:56:41,837 [WARN] PackLoader:242 - Cannot read IP mode file for STMicroelectronics.X-CUBE-AZRTOS-F4.1.1.0
2022-10-27 17:56:41,850 [INFO] ApiDb:239 - Found 138 in-development CPN: [B-WB1M-WPAN1, NUCLEO-C031C6, STEVAL-STWINBX1, STM320518-EVAL, STM32C0116-DK, STM32C011D6Y3TR, STM32C011D6Y6TR, STM32C011F4P3, STM32C011F4P6, STM32C011F4U3, STM32C011F4U6TR, STM32C011F6P3, STM32C011F6P6, STM32C011F6U3, STM32C011F6U6TR, STM32C011J4M3, STM32C011J4M6, STM32C011J6M3, STM32C011J6M6, STM32C0316-DK, STM32C031C4T3, STM32C031C4T6, STM32C031C4U3, STM32C031C4U6, STM32C031C6T3, STM32C031C6T6, STM32C031C6U3, STM32C031C6U6, STM32C031F4P3, STM32C031F4P6, STM32C031F6P3, STM32C031F6P6, STM32C031G4U3, STM32C031G4U6, STM32C031G6U3, STM32C031G6U6, STM32C031K4T3, STM32C031K4T6, STM32C031K4U3, STM32C031K4U6, STM32C031K6T3, STM32C031K6T6, STM32C031K6U3, STM32C031K6U6, STM32G071K8TXN, STM32G071K8UXN, STM32G081GBU6N, STM32G081KBT6N, STM32G081KBUXN, STM32G0B1CCT6N, STM32G0B1KCT6, STM32G0B1NEY6TR, STM32G0B1RCT6N, STM32G0C1CCT6, STM32G0C1CCT6N, STM32G0C1CCU6N, STM32G0C1CET6N, STM32G0C1CEU6N, STM32G0C1KCT6, STM32G0C1NEY6TR, STM32G0C1RCI6N, STM32G0C1RCT6N, STM32G0C1REI6N, STM32G0C1RET6N, STM32G0C1VCI6, STM32G0C1VEI6, STM32G471CCT6, STM32G471CCU6, STM32G471CET3, STM32G471CET6, STM32G471CEU3, STM32G471CEU6, STM32G471MCT6, STM32G471MET3, STM32G471MET6, STM32G471MEY6TR, STM32G471QCT6, STM32G471QET3, STM32G471RCT6, STM32G471RET3, STM32G471RET6, STM32G471VCH6, STM32G471VCI6, STM32G471VCT6, STM32G471VEH3, STM32G471VEH6, STM32G471VEI3, STM32G471VEI6, STM32G471VET3, STM32G471VET6, STM32G474CCT6, STM32L476VGY6PTR, STM32L4R5QGI6STR, STM32MP131AAE3, STM32MP131AAF3, STM32MP131AAG3, STM32MP131CAE3, STM32MP131CAF3, STM32MP131CAG3, STM32MP131DAE7, STM32MP131DAF7, STM32MP131DAG7, STM32MP131FAE7, STM32MP131FAF7, STM32MP131FAG7, STM32MP133AAE3, STM32MP133AAF3, STM32MP133AAG3, STM32MP133CAE3, STM32MP133CAF3, STM32MP133CAG3, STM32MP133DAE7, STM32MP133DAF7, STM32MP133DAG7, STM32MP133FAE7, STM32MP133FAF7, STM32MP133FAG7, STM32MP135AAE3, STM32MP135AAF3, STM32MP135AAG3, STM32MP135CAE3, STM32MP135CAF3, STM32MP135CAG3, STM32MP135DAE7, STM32MP135DAF7, STM32MP135DAG7, STM32MP135F-DK, STM32MP135FAE7, STM32MP135FAF7, STM32MP135FAG7, STM32U595ZJT6Q, STM32U599BJY6QTR, STM32U599NIH6Q, STM32U599NJH6Q, STM32U5A5ZJT6Q, STM32U5A9BJY6QTR, STM32U5A9NJH6Q, STM32WB1MMCH6]
2022-10-27 17:56:41,852 [WARN] PackLoader:242 - Cannot read IP mode file for STMicroelectronics.X-CUBE-BLEMGR.1.2.0
2022-10-27 17:56:41,856 [INFO] DbMcus:215 - Found 3542 MCUs, 3542 are supported
2022-10-27 17:56:41,858 [INFO] ApiDb:418 - Load user favorites file C:\Users\Zver/.stm32cubeide/favorites.mcus.txt: 1 item(s)
2022-10-27 17:56:41,859 [INFO] ApiDb:422 - User favorites MCUs=[STM32F103C8T6]
2022-10-27 17:56:41,859 [INFO] DbMcus:221 - Set 1 / 1 favorites MCUs
2022-10-27 17:56:41,879 [WARN] PackLoader:242 - Cannot read IP mode file for STMicroelectronics.X-CUBE-AZRTOS-F7.1.1.0
2022-10-27 17:56:41,890 [WARN] PackLoader:242 - Cannot read IP mode file for STMicroelectronics.X-CUBE-AI.7.1.0
2022-10-27 17:56:41,896 [WARN] PackLoader:242 - Cannot read IP mode file for STMicroelectronics.X-CUBE-BLE1.6.2.3
2022-10-27 17:56:41,900 [WARN] PackLoader:242 - Cannot read IP mode file for STMicroelectronics.X-CUBE-BLE1.6.2.2
2022-10-27 17:56:41,906 [WARN] PackLoader:242 - Cannot read IP mode file for STMicroelectronics.X-CUBE-NFC4.2.0.4
2022-10-27 17:56:41,912 [WARN] PackLoader:242 - Cannot read IP mode file for STMicroelectronics.X-CUBE-BLE2.3.2.2
2022-10-27 17:56:41,917 [WARN] PackLoader:242 - Cannot read IP mode file for STMicroelectronics.X-CUBE-NFC4.2.0.3
2022-10-27 17:56:41,928 [WARN] PackLoader:242 - Cannot read IP mode file for STMicroelectronics.X-CUBE-TOF1.3.1.0
2022-10-27 17:56:41,942 [WARN] PackLoader:242 - Cannot read IP mode file for STMicroelectronics.X-CUBE-SFXS2LP1.3.1.0
2022-10-27 17:56:41,965 [WARN] PackLoader:242 - Cannot read IP mode file for STMicroelectronics.X-CUBE-AZRTOS-F4.1.0.0
2022-10-27 17:56:41,976 [WARN] PackLoader:242 - Cannot read IP mode file for STMicroelectronics.X-CUBE-NFC7.1.0.0
2022-10-27 17:56:41,989 [WARN] PackLoader:242 - Cannot read IP mode file for STMicroelectronics.X-CUBE-SUBG2.4.2.0
2022-10-27 17:56:42,049 [WARN] PackLoader:242 - Cannot read IP mode file for STMicroelectronics.X-CUBE-MEMS1.9.3.0
2022-10-27 17:56:42,216 [WARN] PackLoader:242 - Cannot read IP mode file for STMicroelectronics.X-CUBE-AI.7.2.0
2022-10-27 17:56:42,229 [WARN] PackLoader:242 - Cannot read IP mode file for STMicroelectronics.X-CUBE-AZRTOS-G0.1.0.0
2022-10-27 17:56:42,239 [WARN] PackLoader:242 - Cannot read IP mode file for STMicroelectronics.X-CUBE-SFXS2LP1.4.0.0
2022-10-27 17:56:42,244 [WARN] PackLoader:242 - Cannot read IP mode file for STMicroelectronics.X-CUBE-BLE2.3.3.0
2022-10-27 17:56:42,254 [WARN] PackLoader:242 - Cannot read IP mode file for STMicroelectronics.X-CUBE-DISPLAY.2.2.0
2022-10-27 17:56:42,264 [WARN] PackLoader:242 - Cannot read IP mode file for STMicroelectronics.X-CUBE-TOF1.3.2.0
2022-10-27 17:56:42,275 [WARN] PackLoader:242 - Cannot read IP mode file for STMicroelectronics.X-CUBE-TOUCHGFX.4.18.1
2022-10-27 17:56:42,278 [WARN] PackLoader:242 - Cannot read IP mode file for STMicroelectronics.X-CUBE-ISPU.1.0.0
2022-10-27 17:56:42,287 [WARN] PackLoader:242 - Cannot read IP mode file for RoweBots.I-CUBE-UNISONRTOS.5.5.0-4
2022-10-27 17:56:42,300 [WARN] PackLoader:242 - Cannot read IP mode file for STMicroelectronics.X-CUBE-AZRTOS-H7.2.1.0
2022-10-27 17:56:42,308 [WARN] PackLoader:242 - Cannot read IP mode file for STMicroelectronics.X-CUBE-BLEMGR.1.0.0
2022-10-27 17:56:42,326 [WARN] PackLoader:242 - Cannot read IP mode file for STMicroelectronics.X-CUBE-ALGOBUILD.1.3.0
2022-10-27 17:56:42,341 [WARN] PackLoader:242 - Cannot read IP mode file for STMicroelectronics.X-CUBE-AZRTOS-G0.1.1.0
2022-10-27 17:56:42,350 [WARN] PackLoader:242 - Cannot read IP mode file for STMicroelectronics.X-CUBE-SUBG2.5.0.0
2022-10-27 17:56:42,382 [WARN] PackLoader:242 - Cannot read IP mode file for SEGGER.I-CUBE-embOS.1.2.0
2022-10-27 17:56:42,425 [WARN] PackLoader:242 - Cannot read IP mode file for STMicroelectronics.FP-ATR-ASTRA1.1.1.1
2022-10-27 17:56:42,442 [WARN] PackLoader:242 - Cannot read IP mode file for STMicroelectronics.X-CUBE-AZRTOS-H7.2.0.0
2022-10-27 17:56:42,454 [WARN] PackLoader:242 - Cannot read IP mode file for STMicroelectronics.X-CUBE-AZRTOS-G4.1.0.0
2022-10-27 17:56:42,459 [WARN] PackLoader:242 - Cannot read IP mode file for STMicroelectronics.FP-ATR-SIGFOX1.3.2.0
2022-10-27 17:56:42,477 [WARN] PackLoader:242 - Cannot read IP mode file for STMicroelectronics.X-CUBE-AZRTOS-L4.1.0.0
2022-10-27 17:56:42,485 [WARN] PackLoader:242 - Cannot read IP mode file for emotas.I-CUBE-CANOPEN.1.1.2
2022-10-27 17:56:42,489 [WARN] PackLoader:242 - Cannot read IP mode file for STMicroelectronics.X-CUBE-TOUCHGFX.4.20.0
2022-10-27 17:56:42,522 [WARN] PackLoader:242 - Cannot read IP mode file for STMicroelectronics.X-CUBE-AZRTOS-F7.1.0.0
2022-10-27 17:56:42,537 [WARN] PackLoader:242 - Cannot read IP mode file for STMicroelectronics.X-CUBE-AZRTOS-WL.1.0.0
2022-10-27 17:56:42,570 [WARN] PackLoader:242 - Cannot read IP mode file for STMicroelectronics.X-CUBE-MEMS1.9.1.0
2022-10-27 17:56:42,638 [WARN] PackLoader:242 - Cannot read IP mode file for portGmbH.I-Cube-SoM-uGOAL.1.1.0
2022-10-27 17:56:42,642 [WARN] PackLoader:242 - Cannot read IP mode file for STMicroelectronics.X-CUBE-ALS.1.0.1
2022-10-27 17:56:42,656 [WARN] PackLoader:242 - Cannot read IP mode file for STMicroelectronics.X-CUBE-AZRTOS-L5.1.0.0
2022-10-27 17:56:42,662 [WARN] PackLoader:242 - Cannot read IP mode file for STMicroelectronics.X-CUBE-EEPRMA1.3.1.1
2022-10-27 17:56:42,666 [WARN] PackLoader:242 - Cannot read IP mode file for STMicroelectronics.X-CUBE-GNSS1.5.2.0
2022-10-27 17:56:42,670 [WARN] PackLoader:242 - Cannot read IP mode file for STMicroelectronics.X-CUBE-DISPLAY.2.0.1
2022-10-27 17:56:42,675 [WARN] PackLoader:242 - Cannot read IP mode file for STMicroelectronics.X-CUBE-TOF1.3.0.0
2022-10-27 17:56:42,678 [INFO] ThirdParty:929 - Integrity check success = true
2022-10-27 17:56:42,679 [INFO] IntegrityCheckThread:98 - exiting critical section [integrity check]
2022-10-27 17:56:42,679 [INFO] IntegrityCheckThread:101 - End integrity checks thread
2022-10-27 17:56:43,382 [INFO] LoadUrlFilesThread:177 - End of LoadServerUrlFiles without Thread
2022-10-27 17:56:43,406 [INFO] DetailPanel:339 - Set advertising image to C:/Users/Zver/STM32Cube/Repository/\en.Prom_NBSTM32U50921.jpg
2022-10-27 17:56:44,195 [INFO] MultiScanPanel:778 - Auto Refresh Data is not needed
2022-10-27 17:56:44,204 [INFO] ApiDb:663 - CubeFinder database Data Model version=2.1
2022-10-27 17:56:44,204 [INFO] ApiDb:664 - CubeFinder database Configuration version=3.0.32
2022-10-27 17:56:44,205 [INFO] ApiDb:665 - CubeFinder database generation date=2022-08-05 (1659688109)
2022-10-27 17:56:44,205 [INFO] ApiDb:666 - CubeFinder database FW Pack versions=[STM32Cube_FW_C0_V1.0.0, STM32Cube_FW_F4_V1.27.1, STM32Cube_FW_F7_V1.17.0, STM32Cube_FW_G0_V1.6.1, STM32Cube_FW_G4_V1.5.0, STM32Cube_FW_H7_V1.10.0, STM32Cube_FW_L5_V1.4.0, STM32Cube_FW_U5_V1.1.1, STM32Cube_FW_WB_V1.14.1, STM32Cube_FW_WL_V1.2.0, X-CUBE-ALGOBUILD_V1.3.0, X-CUBE-ALS_V1.0.1, X-CUBE-AZRTOS-F4_V1.1.0, X-CUBE-AZRTOS-F7_V1.1.0, X-CUBE-AZRTOS-G0_V1.1.0, X-CUBE-AZRTOS-G4_V1.0.0, X-CUBE-AZRTOS-H7_V2.1.0, X-CUBE-AZRTOS-L4_V1.0.0, X-CUBE-AZRTOS-L5_V1.0.0, X-CUBE-AZRTOS-WL_V1.0.0, X-CUBE-BLE1_V6.2.3, X-CUBE-BLE2_V3.3.0, X-CUBE-EEPRMA1_V3.1.1, X-CUBE-GNSS1_V6.0.0, X-CUBE-MEMS1_V9.1.0, X-CUBE-MEMS1_V9.3.0, X-CUBE-NFC4_V2.0.4, X-CUBE-NFC7_V1.0.0, X-CUBE-SFXS2LP1_V4.0.0, X-CUBE-SUBG2_V5.0.0]
2022-10-27 17:56:44,275 [INFO] DbBoardsSqlite:227 - include board P-NUCLEO-WB55-NUCLEO as a kit item of type 'Nucleo-64'
2022-10-27 17:56:44,276 [INFO] DbBoardsSqlite:227 - include board P-NUCLEO-WB55-USBDONGLE as a kit item of type 'Nucleo USB Dongle'
2022-10-27 17:56:44,276 [INFO] DbBoardsSqlite:227 - include board STEVAL-IDP005V1 as a kit item of type 'Evaluation Board'
2022-10-27 17:56:44,277 [INFO] DbBoardsSqlite:227 - include board STEVAL-IDP005V2 as a kit item of type 'Evaluation Board'
2022-10-27 17:56:44,289 [INFO] ApiDb:239 - Found 138 in-development CPN: [B-WB1M-WPAN1, NUCLEO-C031C6, STEVAL-STWINBX1, STM320518-EVAL, STM32C0116-DK, STM32C011D6Y3TR, STM32C011D6Y6TR, STM32C011F4P3, STM32C011F4P6, STM32C011F4U3, STM32C011F4U6TR, STM32C011F6P3, STM32C011F6P6, STM32C011F6U3, STM32C011F6U6TR, STM32C011J4M3, STM32C011J4M6, STM32C011J6M3, STM32C011J6M6, STM32C0316-DK, STM32C031C4T3, STM32C031C4T6, STM32C031C4U3, STM32C031C4U6, STM32C031C6T3, STM32C031C6T6, STM32C031C6U3, STM32C031C6U6, STM32C031F4P3, STM32C031F4P6, STM32C031F6P3, STM32C031F6P6, STM32C031G4U3, STM32C031G4U6, STM32C031G6U3, STM32C031G6U6, STM32C031K4T3, STM32C031K4T6, STM32C031K4U3, STM32C031K4U6, STM32C031K6T3, STM32C031K6T6, STM32C031K6U3, STM32C031K6U6, STM32G071K8TXN, STM32G071K8UXN, STM32G081GBU6N, STM32G081KBT6N, STM32G081KBUXN, STM32G0B1CCT6N, STM32G0B1KCT6, STM32G0B1NEY6TR, STM32G0B1RCT6N, STM32G0C1CCT6, STM32G0C1CCT6N, STM32G0C1CCU6N, STM32G0C1CET6N, STM32G0C1CEU6N, STM32G0C1KCT6, STM32G0C1NEY6TR, STM32G0C1RCI6N, STM32G0C1RCT6N, STM32G0C1REI6N, STM32G0C1RET6N, STM32G0C1VCI6, STM32G0C1VEI6, STM32G471CCT6, STM32G471CCU6, STM32G471CET3, STM32G471CET6, STM32G471CEU3, STM32G471CEU6, STM32G471MCT6, STM32G471MET3, STM32G471MET6, STM32G471MEY6TR, STM32G471QCT6, STM32G471QET3, STM32G471RCT6, STM32G471RET3, STM32G471RET6, STM32G471VCH6, STM32G471VCI6, STM32G471VCT6, STM32G471VEH3, STM32G471VEH6, STM32G471VEI3, STM32G471VEI6, STM32G471VET3, STM32G471VET6, STM32G474CCT6, STM32L476VGY6PTR, STM32L4R5QGI6STR, STM32MP131AAE3, STM32MP131AAF3, STM32MP131AAG3, STM32MP131CAE3, STM32MP131CAF3, STM32MP131CAG3, STM32MP131DAE7, STM32MP131DAF7, STM32MP131DAG7, STM32MP131FAE7, STM32MP131FAF7, STM32MP131FAG7, STM32MP133AAE3, STM32MP133AAF3, STM32MP133AAG3, STM32MP133CAE3, STM32MP133CAF3, STM32MP133CAG3, STM32MP133DAE7, STM32MP133DAF7, STM32MP133DAG7, STM32MP133FAE7, STM32MP133FAF7, STM32MP133FAG7, STM32MP135AAE3, STM32MP135AAF3, STM32MP135AAG3, STM32MP135CAE3, STM32MP135CAF3, STM32MP135CAG3, STM32MP135DAE7, STM32MP135DAF7, STM32MP135DAG7, STM32MP135F-DK, STM32MP135FAE7, STM32MP135FAF7, STM32MP135FAG7, STM32U595ZJT6Q, STM32U599BJY6QTR, STM32U599NIH6Q, STM32U599NJH6Q, STM32U5A5ZJT6Q, STM32U5A9BJY6QTR, STM32U5A9NJH6Q, STM32WB1MMCH6]
2022-10-27 17:56:44,405 [INFO] BoardInfo:879 - No configuration file found for board P-NUCLEO-WB55
2022-10-27 17:56:44,405 [INFO] DbBoards:156 - Kit is not supported: P-NUCLEO-WB55
2022-10-27 17:56:44,409 [INFO] BoardInfo:879 - No configuration file found for board STEVAL-BFA001V1B
2022-10-27 17:56:44,409 [INFO] DbBoards:156 - Kit is not supported: STEVAL-BFA001V1B
2022-10-27 17:56:44,410 [INFO] BoardInfo:879 - No configuration file found for board STEVAL-BFA001V2B
2022-10-27 17:56:44,410 [INFO] DbBoards:156 - Kit is not supported: STEVAL-BFA001V2B
2022-10-27 17:56:44,542 [INFO] DbBoards:160 - Found 176 boards, 173 are supported
2022-10-27 17:56:44,547 [INFO] ApiDb:418 - Load user favorites file C:\Users\Zver/.stm32cubeide/favorites.boards.txt: 0 item(s)
2022-10-27 17:56:44,547 [INFO] ApiDb:422 - User favorites Boards=[]
2022-10-27 17:56:44,547 [INFO] DbBoards:189 - Set 0 / 0 favorites Boards
2022-10-27 17:56:55,914 [ERROR] LogOutputStream:74 - [STDERR_REDIRECT] SLF4J: Failed to load class "org.slf4j.impl.StaticLoggerBinder".
2022-10-27 17:56:55,915 [ERROR] LogOutputStream:74 - [STDERR_REDIRECT] SLF4J: Defaulting to no-operation (NOP) logger implementation
2022-10-27 17:56:55,916 [ERROR] LogOutputStream:74 - [STDERR_REDIRECT] SLF4J: See http://www.slf4j.org/codes.html#StaticLoggerBinder for further details.
2022-10-27 17:57:16,084 [INFO] MainUpdater:2768 - connection check result : 10
2022-10-27 17:57:16,085 [INFO] MainUpdater:2768 - connection check result : 10
2022-10-27 17:57:16,100 [INFO] MicroXplorer:451 - Change Database Path : 
2022-10-27 17:57:16,100 [INFO] MicroXplorer:481 - Change Database Version : DB.6.0.60
2022-10-27 17:57:16,101 [WARN] ThirdParty:827 - waiting for thirdparty lock release [close project]
2022-10-27 17:57:16,101 [INFO] ThirdParty:829 - entering critical section [close project]
2022-10-27 17:57:16,102 [INFO] ThirdParty:839 - exiting critical section [close project]
2022-10-27 17:57:16,108 [INFO] PinOutPanel:1468 - setPackage(No Configuration,No Configuration)
2022-10-27 17:57:16,114 [INFO] UtilMem:74 - Begin LoadConfig() Used Memory: 216165000 Bytes (464519168)
2022-10-27 17:57:16,115 [INFO] MicroXplorer:451 - Change Database Path : 
2022-10-27 17:57:16,115 [INFO] MicroXplorer:481 - Change Database Version : DB.6.0.60
2022-10-27 17:57:16,115 [INFO] OpenFileManager:307 - Change cursor
2022-10-27 17:57:16,186 [INFO] Mcu:1922 - Initializing MCU STM32F103C8Tx STM32F103C8Tx 
2022-10-27 17:57:16,186 [INFO] Mcu:1935 - No CPN specified => set CPN to STM32F103C8T6
2022-10-27 17:57:16,878 [INFO] Context:654 - Trying to add GPIOservice into a context  which must be forbidden
2022-10-27 17:57:17,121 [INFO] ImportTextPane:193 - (OptionalMessage_ERROR) Unable to find key (Mcu.ThirdPartyNb) in loaded IOC file
2022-10-27 17:57:17,122 [INFO] ImportTextPane:193 - (OptionalMessage_ERROR) Unable to find key (Mcu.PinsNb) in loaded IOC file
2022-10-27 17:57:17,122 [INFO] ImportTextPane:193 - (OptionalMessage_ERROR) Unable to find key (Mcu.IPNb) in loaded IOC file
2022-10-27 17:57:17,173 [WARN] ApiManager:308 - Cannot register API 'Board Extension:GNSS1A1' from pack STMicroelectronics.X-CUBE-GNSS1.6.0.0: no header file found
2022-10-27 17:57:17,173 [WARN] ApiManager:308 - Cannot register API 'Board Support:Custom' from pack STMicroelectronics.X-CUBE-GNSS1.6.0.0: no header file found
2022-10-27 17:57:17,173 [WARN] ApiManager:308 - Cannot register API 'Data Exchange:lib_gnss' from pack STMicroelectronics.X-CUBE-GNSS1.6.0.0: no header file found
2022-10-27 17:57:17,187 [WARN] ApiManager:308 - Cannot register API 'Wireless:BlueNRG-MS' from pack STMicroelectronics.X-CUBE-BLE1.6.2.3: no header file found
2022-10-27 17:57:17,189 [INFO] RtosManager:488 - Registered RTOS mode: class=CMSIS, group=RTOS, mode=CMSIS_V1, owner=FREERTOS
2022-10-27 17:57:17,189 [INFO] RtosManager:488 - Registered RTOS mode: class=CMSIS, group=RTOS2, mode=CMSIS_V2, owner=FREERTOS
2022-10-27 17:57:17,189 [INFO] RtosManager:488 - Registered RTOS mode: class=RTOS, group=Core, mode=CMSIS_V1, owner=FREERTOS
2022-10-27 17:57:17,189 [INFO] RtosManager:488 - Registered RTOS mode: class=RTOS, group=Core, mode=CMSIS_V2, owner=FREERTOS
2022-10-27 17:57:17,190 [WARN] ModelIntegratedComponent:185 - Missing modes for component STMicroelectronics:FreeRTOS:0.0.1:STMicroelectronics:RTOS:FreeRTOS:Core:::10.2.0:
2022-10-27 17:57:17,197 [WARN] ApiManager:308 - Cannot register API 'Board Extension:S2868A1' from pack STMicroelectronics.X-CUBE-SUBG2.5.0.0: no header file found
2022-10-27 17:57:17,197 [WARN] ApiManager:308 - Cannot register API 'Board Extension:S2868A2' from pack STMicroelectronics.X-CUBE-SUBG2.5.0.0: no header file found
2022-10-27 17:57:17,197 [WARN] ApiManager:308 - Cannot register API 'Board Extension:S2915A1' from pack STMicroelectronics.X-CUBE-SUBG2.5.0.0: no header file found
2022-10-27 17:57:17,202 [WARN] ApiManager:308 - Cannot register API 'Wireless:BlueNRG-MS' from pack STMicroelectronics.X-CUBE-BLE1.6.2.2: no header file found
2022-10-27 17:57:17,203 [WARN] ApiManager:308 - Cannot register API 'Board Extension:NFC04A1' from pack STMicroelectronics.X-CUBE-NFC4.2.0.4: no header file found
2022-10-27 17:57:17,203 [WARN] ApiManager:308 - Cannot register API 'Wireless:BlueNRG-2' from pack STMicroelectronics.X-CUBE-BLE2.3.2.2: no header file found
2022-10-27 17:57:17,204 [WARN] ApiManager:308 - Cannot register API 'Board Extension:NFC04A1' from pack STMicroelectronics.X-CUBE-NFC4.2.0.3: no header file found
2022-10-27 17:57:17,207 [WARN] ApiManager:308 - Cannot register API 'Board Extension:S2868A1' from pack STMicroelectronics.X-CUBE-SFXS2LP1.3.1.0: no header file found
2022-10-27 17:57:17,207 [WARN] ApiManager:308 - Cannot register API 'Board Extension:S2868A2' from pack STMicroelectronics.X-CUBE-SFXS2LP1.3.1.0: no header file found
2022-10-27 17:57:17,208 [WARN] ApiManager:308 - Cannot register API 'Board Extension:S2915A1' from pack STMicroelectronics.X-CUBE-SFXS2LP1.3.1.0: no header file found
2022-10-27 17:57:17,213 [WARN] ModelIntegratedComponent:64 - No mode defined for component null
2022-10-27 17:57:17,213 [WARN] ModelIntegratedComponent:64 - No mode defined for component null
2022-10-27 17:57:17,214 [WARN] ModelIntegratedComponent:64 - No mode defined for component null
2022-10-27 17:57:17,214 [WARN] ModelIntegratedComponent:64 - No mode defined for component null
2022-10-27 17:57:17,214 [WARN] ModelIntegratedComponent:64 - No mode defined for component null
2022-10-27 17:57:17,214 [WARN] ModelIntegratedComponent:64 - No mode defined for component null
2022-10-27 17:57:17,214 [WARN] ModelIntegratedComponent:64 - No mode defined for component null
2022-10-27 17:57:17,214 [WARN] ModelIntegratedComponent:64 - No mode defined for component null
2022-10-27 17:57:17,214 [WARN] ModelIntegratedComponent:64 - No mode defined for component null
2022-10-27 17:57:17,214 [WARN] ModelIntegratedComponent:64 - No mode defined for component null
2022-10-27 17:57:17,214 [WARN] ModelIntegratedComponent:64 - No mode defined for component null
2022-10-27 17:57:17,214 [WARN] ModelIntegratedComponent:64 - No mode defined for component null
2022-10-27 17:57:17,214 [WARN] ModelIntegratedComponent:64 - No mode defined for component null
2022-10-27 17:57:17,214 [WARN] ModelIntegratedComponent:64 - No mode defined for component null
2022-10-27 17:57:17,214 [WARN] ModelIntegratedComponent:64 - No mode defined for component null
2022-10-27 17:57:17,214 [WARN] ModelIntegratedComponent:64 - No mode defined for component null
2022-10-27 17:57:17,215 [WARN] ModelIntegratedComponent:64 - No mode defined for component null
2022-10-27 17:57:17,215 [WARN] ModelIntegratedComponent:64 - No mode defined for component null
2022-10-27 17:57:17,215 [WARN] ModelIntegratedComponent:64 - No mode defined for component null
2022-10-27 17:57:17,215 [WARN] ModelIntegratedComponent:64 - No mode defined for component null
2022-10-27 17:57:17,215 [WARN] ModelIntegratedComponent:64 - No mode defined for component null
2022-10-27 17:57:17,215 [WARN] ModelIntegratedComponent:64 - No mode defined for component null
2022-10-27 17:57:17,215 [WARN] ModelIntegratedComponent:64 - No mode defined for component null
2022-10-27 17:57:17,215 [WARN] ModelIntegratedComponent:64 - No mode defined for component null
2022-10-27 17:57:17,215 [WARN] ModelIntegratedComponent:64 - No mode defined for component null
2022-10-27 17:57:17,215 [WARN] ModelIntegratedComponent:64 - No mode defined for component null
2022-10-27 17:57:17,215 [WARN] ModelIntegratedComponent:64 - No mode defined for component null
2022-10-27 17:57:17,215 [WARN] ModelIntegratedComponent:64 - No mode defined for component null
2022-10-27 17:57:17,215 [WARN] ModelIntegratedComponent:64 - No mode defined for component null
2022-10-27 17:57:17,215 [WARN] ModelIntegratedComponent:64 - No mode defined for component null
2022-10-27 17:57:17,216 [WARN] ModelIntegratedComponent:64 - No mode defined for component null
2022-10-27 17:57:17,216 [WARN] ModelIntegratedComponent:64 - No mode defined for component null
2022-10-27 17:57:17,216 [WARN] ModelIntegratedComponent:64 - No mode defined for component null
2022-10-27 17:57:17,218 [WARN] ApiManager:308 - Cannot register API 'Board Extension:NFC07A1' from pack STMicroelectronics.X-CUBE-NFC7.1.0.0: no header file found
2022-10-27 17:57:17,222 [WARN] ApiManager:308 - Cannot register API 'Board Extension:S2868A1' from pack STMicroelectronics.X-CUBE-SUBG2.4.2.0: no header file found
2022-10-27 17:57:17,222 [WARN] ApiManager:308 - Cannot register API 'Board Extension:S2868A2' from pack STMicroelectronics.X-CUBE-SUBG2.4.2.0: no header file found
2022-10-27 17:57:17,222 [WARN] ApiManager:308 - Cannot register API 'Board Extension:S2915A1' from pack STMicroelectronics.X-CUBE-SUBG2.4.2.0: no header file found
2022-10-27 17:57:17,294 [WARN] ApiManager:308 - Cannot register API 'Board Extension:IKS01A3' from pack STMicroelectronics.X-CUBE-MEMS1.9.1.0: no header file found
2022-10-27 17:57:17,295 [WARN] ApiManager:308 - Cannot register API 'Board Extension:IKS01A2' from pack STMicroelectronics.X-CUBE-MEMS1.9.1.0: no header file found
2022-10-27 17:57:17,295 [WARN] ApiManager:308 - Cannot register API 'Board Extension:IKS02A1' from pack STMicroelectronics.X-CUBE-MEMS1.9.1.0: no header file found
2022-10-27 17:57:17,354 [WARN] ApiManager:308 - Cannot register API 'Board Extension:IKS01A3' from pack STMicroelectronics.X-CUBE-MEMS1.9.3.0: no header file found
2022-10-27 17:57:17,354 [WARN] ApiManager:308 - Cannot register API 'Board Extension:IKS01A2' from pack STMicroelectronics.X-CUBE-MEMS1.9.3.0: no header file found
2022-10-27 17:57:17,354 [WARN] ApiManager:308 - Cannot register API 'Board Extension:IKS02A1' from pack STMicroelectronics.X-CUBE-MEMS1.9.3.0: no header file found
2022-10-27 17:57:17,360 [WARN] ApiManager:308 - Cannot register API 'Board Extension:EEPRMA1' from pack STMicroelectronics.X-CUBE-EEPRMA1.3.1.1: no header file found
2022-10-27 17:57:17,360 [WARN] ApiManager:308 - Cannot register API 'Board Extension:EEPRMA2' from pack STMicroelectronics.X-CUBE-EEPRMA1.3.1.1: no header file found
2022-10-27 17:57:17,361 [WARN] ApiManager:308 - Cannot register API 'Board Extension:GNSS1A1' from pack STMicroelectronics.X-CUBE-GNSS1.5.2.0: no header file found
2022-10-27 17:57:17,361 [WARN] ApiManager:308 - Cannot register API 'Board Support:Custom' from pack STMicroelectronics.X-CUBE-GNSS1.5.2.0: no header file found
2022-10-27 17:57:17,361 [WARN] ApiManager:308 - Cannot register API 'Data Exchange:lib_gnss' from pack STMicroelectronics.X-CUBE-GNSS1.5.2.0: no header file found
2022-10-27 17:57:17,361 [WARN] ApiManager:308 - Cannot register API 'Board Extension:S2868A1' from pack STMicroelectronics.X-CUBE-SFXS2LP1.4.0.0: no header file found
2022-10-27 17:57:17,361 [WARN] ApiManager:308 - Cannot register API 'Board Extension:S2868A2' from pack STMicroelectronics.X-CUBE-SFXS2LP1.4.0.0: no header file found
2022-10-27 17:57:17,361 [WARN] ApiManager:308 - Cannot register API 'Board Extension:S2915A1' from pack STMicroelectronics.X-CUBE-SFXS2LP1.4.0.0: no header file found
2022-10-27 17:57:17,362 [WARN] ApiManager:308 - Cannot register API 'Wireless:BlueNRG-2' from pack STMicroelectronics.X-CUBE-BLE2.3.3.0: no header file found
2022-10-27 17:57:17,373 [INFO] ThirdPartyModel:289 - Start build external matchings
2022-10-27 17:57:17,945 [INFO] ThirdPartyModel:302 - End build external matchings
2022-10-27 17:57:18,144 [INFO] UtilMem:74 - End LoadConfig() Used Memory: 289477344 Bytes (464519168)
2022-10-27 17:57:18,162 [WARN] ThirdParty:789 - waiting for thirdparty lock release [change project]
2022-10-27 17:57:18,162 [INFO] ThirdParty:791 - entering critical section [change project]
2022-10-27 17:57:18,163 [INFO] ThirdParty:981 - CMSIS Pack Vendor :wolfSSL I-CUBE-wolfSSL 5.2.0
2022-10-27 17:57:18,163 [INFO] ThirdParty:981 - CMSIS Pack Vendor :RoweBots I-CUBE-UNISONRTOS 5.5.0-4
2022-10-27 17:57:18,163 [INFO] ThirdParty:981 - CMSIS Pack Vendor :STMicroelectronics X-CUBE-GNSS1 6.0.0
2022-10-27 17:57:18,163 [INFO] ThirdParty:981 - CMSIS Pack Vendor :STMicroelectronics X-CUBE-AZRTOS-H7 2.1.0
2022-10-27 17:57:18,163 [INFO] ThirdParty:981 - CMSIS Pack Vendor :STMicroelectronics USB_HOST 2.0.0
2022-10-27 17:57:18,163 [INFO] ThirdParty:981 - CMSIS Pack Vendor :STMicroelectronics X-CUBE-AZRTOS-F4 1.1.0
2022-10-27 17:57:18,163 [INFO] ThirdParty:981 - CMSIS Pack Vendor :STMicroelectronics LIBJPEG 8.0.0
2022-10-27 17:57:18,163 [INFO] ThirdParty:981 - CMSIS Pack Vendor :STMicroelectronics USB_DEVICE 3.0.0
2022-10-27 17:57:18,163 [INFO] ThirdParty:981 - CMSIS Pack Vendor :STMicroelectronics X-CUBE-BLEMGR 1.0.0
2022-10-27 17:57:18,163 [INFO] ThirdParty:981 - CMSIS Pack Vendor :STMicroelectronics X-CUBE-BLEMGR 1.2.0
2022-10-27 17:57:18,163 [INFO] ThirdParty:981 - CMSIS Pack Vendor :STMicroelectronics X-CUBE-AZRTOS-F7 1.1.0
2022-10-27 17:57:18,164 [INFO] ThirdParty:981 - CMSIS Pack Vendor :STMicroelectronics USB_DEVICE 2.0.0
2022-10-27 17:57:18,164 [INFO] ThirdParty:981 - CMSIS Pack Vendor :STMicroelectronics X-CUBE-AI 7.1.0
2022-10-27 17:57:18,164 [INFO] ThirdParty:981 - CMSIS Pack Vendor :STMicroelectronics X-CUBE-BLE1 6.2.3
2022-10-27 17:57:18,164 [INFO] ThirdParty:981 - CMSIS Pack Vendor :STMicroelectronics X-CUBE-ALGOBUILD 1.3.0
2022-10-27 17:57:18,164 [INFO] ThirdParty:981 - CMSIS Pack Vendor :STMicroelectronics FreeRTOS 0.0.1
2022-10-27 17:57:18,164 [INFO] ThirdParty:981 - CMSIS Pack Vendor :STMicroelectronics X-CUBE-AZRTOS-G0 1.1.0
2022-10-27 17:57:18,164 [INFO] ThirdParty:981 - CMSIS Pack Vendor :STMicroelectronics X-CUBE-SUBG2 5.0.0
2022-10-27 17:57:18,164 [INFO] ThirdParty:981 - CMSIS Pack Vendor :SEGGER I-CUBE-embOS 1.2.0
2022-10-27 17:57:18,165 [INFO] ThirdParty:981 - CMSIS Pack Vendor :STMicroelectronics STM32_WPAN 1.0.0
2022-10-27 17:57:18,165 [INFO] ThirdParty:981 - CMSIS Pack Vendor :STMicroelectronics lwIP 2.0.3
2022-10-27 17:57:18,165 [INFO] ThirdParty:981 - CMSIS Pack Vendor :STMicroelectronics X-CUBE-BLE1 6.2.2
2022-10-27 17:57:18,165 [INFO] ThirdParty:981 - CMSIS Pack Vendor :STMicroelectronics X-CUBE-NFC4 2.0.4
2022-10-27 17:57:18,165 [INFO] ThirdParty:981 - CMSIS Pack Vendor :STMicroelectronics X-CUBE-BLE2 3.2.2
2022-10-27 17:57:18,165 [INFO] ThirdParty:981 - CMSIS Pack Vendor :STMicroelectronics USB_HOST 1.0.0
2022-10-27 17:57:18,165 [INFO] ThirdParty:981 - CMSIS Pack Vendor :STMicroelectronics X-CUBE-NFC4 2.0.3
2022-10-27 17:57:18,165 [INFO] ThirdParty:981 - CMSIS Pack Vendor :STMicroelectronics PDM2PCM 3.1.0
2022-10-27 17:57:18,165 [INFO] ThirdParty:981 - CMSIS Pack Vendor :STMicroelectronics FP-ATR-ASTRA1 1.1.1
2022-10-27 17:57:18,166 [INFO] ThirdParty:981 - CMSIS Pack Vendor :STMicroelectronics PDM2PCM 3.3.0
2022-10-27 17:57:18,166 [INFO] ThirdParty:981 - CMSIS Pack Vendor :STMicroelectronics X-CUBE-TOF1 3.1.0
2022-10-27 17:57:18,166 [INFO] ThirdParty:981 - CMSIS Pack Vendor :STMicroelectronics X-CUBE-SFXS2LP1 3.1.0
2022-10-27 17:57:18,166 [INFO] ThirdParty:981 - CMSIS Pack Vendor :STMicroelectronics X-CUBE-AZRTOS-F4 1.0.0
2022-10-27 17:57:18,166 [INFO] ThirdParty:981 - CMSIS Pack Vendor :STMicroelectronics X-CUBE-AZRTOS-H7 2.0.0
2022-10-27 17:57:18,166 [INFO] ThirdParty:981 - CMSIS Pack Vendor :STMicroelectronics X-CUBE-AZRTOS-G4 1.0.0
2022-10-27 17:57:18,166 [INFO] ThirdParty:981 - CMSIS Pack Vendor :STMicroelectronics FP-ATR-SIGFOX1 3.2.0
2022-10-27 17:57:18,166 [INFO] ThirdParty:981 - CMSIS Pack Vendor :STMicroelectronics X-CUBE-AZRTOS-L4 1.0.0
2022-10-27 17:57:18,166 [INFO] ThirdParty:981 - CMSIS Pack Vendor :STMicroelectronics HAL Drivers 0.0.0
2022-10-27 17:57:18,167 [INFO] ThirdParty:981 - CMSIS Pack Vendor :STMicroelectronics MBEDTLS 2.16.2
2022-10-27 17:57:18,167 [INFO] ThirdParty:981 - CMSIS Pack Vendor :emotas I-CUBE-CANOPEN 1.1.2
2022-10-27 17:57:18,167 [INFO] ThirdParty:981 - CMSIS Pack Vendor :STMicroelectronics X-CUBE-TOUCHGFX 4.20.0
2022-10-27 17:57:18,167 [INFO] ThirdParty:981 - CMSIS Pack Vendor :STMicroelectronics MBEDTLS 2.14.1
2022-10-27 17:57:18,167 [INFO] ThirdParty:981 - CMSIS Pack Vendor :STMicroelectronics X-CUBE-NFC7 1.0.0
2022-10-27 17:57:18,167 [INFO] ThirdParty:981 - CMSIS Pack Vendor :STMicroelectronics X-CUBE-AZRTOS-F7 1.0.0
2022-10-27 17:57:18,167 [INFO] ThirdParty:981 - CMSIS Pack Vendor :STMicroelectronics X-CUBE-AZRTOS-WL 1.0.0
2022-10-27 17:57:18,167 [INFO] ThirdParty:981 - CMSIS Pack Vendor :STMicroelectronics X-CUBE-SUBG2 4.2.0
2022-10-27 17:57:18,167 [INFO] ThirdParty:981 - CMSIS Pack Vendor :STMicroelectronics X-CUBE-MEMS1 9.1.0
2022-10-27 17:57:18,167 [INFO] ThirdParty:981 - CMSIS Pack Vendor :STMicroelectronics X-CUBE-MEMS1 9.3.0
2022-10-27 17:57:18,167 [INFO] ThirdParty:981 - CMSIS Pack Vendor :portGmbH I-Cube-SoM-uGOAL 1.1.0
2022-10-27 17:57:18,167 [INFO] ThirdParty:981 - CMSIS Pack Vendor :STMicroelectronics X-CUBE-ALS 1.0.1
2022-10-27 17:57:18,167 [INFO] ThirdParty:981 - CMSIS Pack Vendor :STMicroelectronics X-CUBE-AI 7.2.0
2022-10-27 17:57:18,167 [INFO] ThirdParty:981 - CMSIS Pack Vendor :STMicroelectronics ThreadX 1.0.0
2022-10-27 17:57:18,168 [INFO] ThirdParty:981 - CMSIS Pack Vendor :STMicroelectronics X-CUBE-AZRTOS-L5 1.0.0
2022-10-27 17:57:18,168 [INFO] ThirdParty:981 - CMSIS Pack Vendor :STMicroelectronics USB_DEVICE 1.0.0
2022-10-27 17:57:18,168 [INFO] ThirdParty:981 - CMSIS Pack Vendor :STMicroelectronics X-CUBE-AZRTOS-G0 1.0.0
2022-10-27 17:57:18,168 [INFO] ThirdParty:981 - CMSIS Pack Vendor :STMicroelectronics X-CUBE-EEPRMA1 3.1.1
2022-10-27 17:57:18,168 [INFO] ThirdParty:981 - CMSIS Pack Vendor :STMicroelectronics X-CUBE-GNSS1 5.2.0
2022-10-27 17:57:18,168 [INFO] ThirdParty:981 - CMSIS Pack Vendor :STMicroelectronics ThreadX 0.0.2
2022-10-27 17:57:18,168 [INFO] ThirdParty:981 - CMSIS Pack Vendor :STMicroelectronics lwIP 2.1.2
2022-10-27 17:57:18,168 [INFO] ThirdParty:981 - CMSIS Pack Vendor :STMicroelectronics X-CUBE-SFXS2LP1 4.0.0
2022-10-27 17:57:18,168 [INFO] ThirdParty:981 - CMSIS Pack Vendor :STMicroelectronics X-CUBE-BLE2 3.3.0
2022-10-27 17:57:18,168 [INFO] ThirdParty:981 - CMSIS Pack Vendor :STMicroelectronics X-CUBE-DISPLAY 2.0.1
2022-10-27 17:57:18,168 [INFO] ThirdParty:981 - CMSIS Pack Vendor :STMicroelectronics X-CUBE-DISPLAY 2.2.0
2022-10-27 17:57:18,168 [INFO] ThirdParty:981 - CMSIS Pack Vendor :STMicroelectronics X-CUBE-TOF1 3.2.0
2022-10-27 17:57:18,168 [INFO] ThirdParty:981 - CMSIS Pack Vendor :STMicroelectronics PDM2PCM 3.2.0
2022-10-27 17:57:18,168 [INFO] ThirdParty:981 - CMSIS Pack Vendor :STMicroelectronics X-CUBE-TOUCHGFX 4.18.1
2022-10-27 17:57:18,168 [INFO] ThirdParty:981 - CMSIS Pack Vendor :STMicroelectronics X-CUBE-TOF1 3.0.0
2022-10-27 17:57:18,169 [INFO] ThirdParty:981 - CMSIS Pack Vendor :STMicroelectronics X-CUBE-ISPU 1.0.0
2022-10-27 17:57:18,169 [INFO] ThirdParty:797 - exiting critical section [change project]
2022-10-27 17:57:18,409 [INFO] PinOutPanel:1468 - setPackage(No Configuration,No Configuration)
2022-10-27 17:57:18,411 [INFO] PinOutPanel:1468 - setPackage(STM32F103C8Tx,LQFP48)
2022-10-27 17:57:18,872 [INFO] UtilMem:74 - Before build in PCC Used Memory: 209216344 Bytes (464519168)
2022-10-27 17:57:19,725 [INFO] UtilMem:74 - After build in PCC Used Memory: 208279968 Bytes (464519168)
2022-10-27 17:57:19,747 [INFO] IPUIPlugin:79 - create IPUIPlugin
2022-10-27 17:57:19,747 [INFO] IPUIPlugin:79 - create IPUIPlugin
2022-10-27 17:57:19,747 [INFO] IPUIPlugin:79 - create IPUIPlugin
2022-10-27 17:57:19,747 [INFO] IPUIPlugin:79 - create IPUIPlugin
2022-10-27 17:57:19,748 [INFO] IPUIPlugin:79 - create IPUIPlugin
2022-10-27 17:57:19,748 [INFO] IPUIPlugin:79 - create IPUIPlugin
2022-10-27 17:57:19,748 [INFO] IPUIPlugin:79 - create IPUIPlugin
2022-10-27 17:57:19,748 [INFO] IPUIPlugin:79 - create IPUIPlugin
2022-10-27 17:57:19,748 [INFO] IPUIPlugin:79 - create IPUIPlugin
2022-10-27 17:57:19,748 [INFO] IPUIPlugin:79 - create IPUIPlugin
2022-10-27 17:57:19,748 [INFO] IPUIPlugin:79 - create IPUIPlugin
2022-10-27 17:57:19,749 [INFO] IPUIPlugin:79 - create IPUIPlugin
2022-10-27 17:57:19,749 [INFO] IPUIPlugin:79 - create IPUIPlugin
2022-10-27 17:57:19,749 [INFO] IPUIPlugin:79 - create IPUIPlugin
2022-10-27 17:57:19,749 [INFO] IPUIPlugin:79 - create IPUIPlugin
2022-10-27 17:57:19,749 [INFO] IPUIPlugin:79 - create IPUIPlugin
2022-10-27 17:57:19,750 [INFO] IPUIPlugin:79 - create IPUIPlugin
2022-10-27 17:57:19,750 [INFO] IPUIPlugin:79 - create IPUIPlugin
2022-10-27 17:57:19,750 [INFO] IPUIPlugin:79 - create IPUIPlugin
2022-10-27 17:57:19,750 [INFO] IPUIPlugin:79 - create IPUIPlugin
2022-10-27 17:57:19,750 [INFO] IPUIPlugin:79 - create IPUIPlugin
2022-10-27 17:57:19,751 [INFO] IPUIPlugin:79 - create IPUIPlugin
2022-10-27 17:57:19,751 [INFO] IPUIPlugin:79 - create IPUIPlugin
2022-10-27 17:57:19,751 [INFO] IPUIPlugin:79 - create IPUIPlugin
2022-10-27 17:57:19,752 [INFO] IPUIPlugin:79 - create IPUIPlugin
2022-10-27 17:57:19,752 [INFO] IPUIPlugin:79 - create IPUIPlugin
2022-10-27 17:57:19,752 [INFO] IPUIPlugin:79 - create IPUIPlugin
2022-10-27 17:57:19,993 [INFO] OpenFileManager:327 - Restore cursor
2022-10-27 17:57:20,545 [INFO] UtilMem:74 - End SaveConfig() Used Memory: 311674960 Bytes (464519168)
2022-10-27 17:57:20,650 [INFO] UtilMem:74 - End SaveConfig() Used Memory: 322574752 Bytes (464519168)
2022-10-27 17:57:21,063 [INFO] BlockDiagram:2753 - set Specific Code input for plugin: NVIC
2022-10-27 17:57:21,063 [INFO] BlockDiagram:2753 - set Specific Code input for plugin: RCC
2022-10-27 17:57:21,064 [INFO] CodeGenerator:690 - code generatio: config db path: C:\ST\STM32CubeIDE_1.9.0\STM32CubeIDE\plugins\com.st.stm32cube.common.mx_6.6.1.202207061420\\db\
2022-10-27 17:57:21,399 [INFO] CodeEngine:245 - oldGeneratedFile, D:\github\mc\stm32\Ultrasonic_Distance_Sensor\Ultrasonic_Distance_Sensor\MXTmpFiles\license.tmp_save
2022-10-27 17:57:21,726 [INFO] CodeEngine:269 - Generated code: D:\github\mc\stm32\Ultrasonic_Distance_Sensor\Ultrasonic_Distance_Sensor\MXTmpFiles\license.tmp
2022-10-27 17:57:21,739 [INFO] CodeEngine:245 - oldGeneratedFile, D:\github\mc\stm32\Ultrasonic_Distance_Sensor\Ultrasonic_Distance_Sensor\Core\Src\stm32f1xx_it.c_save
2022-10-27 17:57:21,963 [INFO] CodeEngine:269 - Generated code: D:\github\mc\stm32\Ultrasonic_Distance_Sensor\Ultrasonic_Distance_Sensor\Core\Src\stm32f1xx_it.c
2022-10-27 17:57:21,972 [INFO] CodeEngine:245 - oldGeneratedFile, D:\github\mc\stm32\Ultrasonic_Distance_Sensor\Ultrasonic_Distance_Sensor\Core\Inc\stm32f1xx_it.h_save
2022-10-27 17:57:22,067 [INFO] CodeEngine:269 - Generated code: D:\github\mc\stm32\Ultrasonic_Distance_Sensor\Ultrasonic_Distance_Sensor\Core\Inc\stm32f1xx_it.h
2022-10-27 17:57:22,149 [INFO] CodeEngine:245 - oldGeneratedFile, D:\github\mc\stm32\Ultrasonic_Distance_Sensor\Ultrasonic_Distance_Sensor\Core\Src\stm32f1xx_hal_msp.c_save
2022-10-27 17:57:22,310 [INFO] CodeEngine:269 - Generated code: D:\github\mc\stm32\Ultrasonic_Distance_Sensor\Ultrasonic_Distance_Sensor\Core\Src\stm32f1xx_hal_msp.c
2022-10-27 17:57:22,318 [INFO] CodeEngine:245 - oldGeneratedFile, D:\github\mc\stm32\Ultrasonic_Distance_Sensor\Ultrasonic_Distance_Sensor\MXTmpFiles\system.tmp_save
2022-10-27 17:57:22,381 [INFO] CodeEngine:269 - Generated code: D:\github\mc\stm32\Ultrasonic_Distance_Sensor\Ultrasonic_Distance_Sensor\MXTmpFiles\system.tmp
2022-10-27 17:57:22,424 [INFO] CodeEngine:245 - oldGeneratedFile, D:\github\mc\stm32\Ultrasonic_Distance_Sensor\Ultrasonic_Distance_Sensor\Core\Inc\stm32f1xx_hal_conf.h_save
2022-10-27 17:57:22,566 [INFO] CodeEngine:269 - Generated code: D:\github\mc\stm32\Ultrasonic_Distance_Sensor\Ultrasonic_Distance_Sensor\Core\Inc\stm32f1xx_hal_conf.h
2022-10-27 17:57:22,620 [INFO] CodeEngine:245 - oldGeneratedFile, D:\github\mc\stm32\Ultrasonic_Distance_Sensor\Ultrasonic_Distance_Sensor\Core\Inc\main.h_save
2022-10-27 17:57:22,736 [INFO] CodeEngine:269 - Generated code: D:\github\mc\stm32\Ultrasonic_Distance_Sensor\Ultrasonic_Distance_Sensor\Core\Inc\main.h
2022-10-27 17:57:22,747 [INFO] CodeEngine:245 - oldGeneratedFile, D:\github\mc\stm32\Ultrasonic_Distance_Sensor\Ultrasonic_Distance_Sensor\Core\Src\main.c_save
2022-10-27 17:57:22,930 [INFO] CodeEngine:269 - Generated code: D:\github\mc\stm32\Ultrasonic_Distance_Sensor\Ultrasonic_Distance_Sensor\Core\Src\main.c
2022-10-27 17:57:24,126 [INFO] ProjectBuilder:2919 - Time for Copy HAL[1] : 419mS.
2022-10-27 17:57:24,138 [INFO] ProjectBuilder:4117 - Project Generator version: 3.17.1
2022-10-27 17:57:24,576 [INFO] ConfigFileManager:1394 - The Die is : DIE410
2022-10-27 17:57:24,594 [INFO] ApiDbMcu:505 - Load IP Config File for FATFS
2022-10-27 17:57:24,631 [INFO] ApiDbMcu:505 - Load IP Config File for FREERTOS
2022-10-27 17:57:24,674 [INFO] ApiDbMcu:505 - Load IP Config File for USB_DEVICE
2022-10-27 17:57:28,634 [INFO] ProjectBuilder:4285 - Time for Generating toolchain IDE Files: 4496mS.
2022-10-27 17:57:28,635 [INFO] ProjectBuilder:2790 - Time for Copy CMSIS : 0mS.
2022-10-27 17:57:28,637 [INFO] ProjectBuilder:2790 - Time for Copy CMSIS : 0mS.
2022-10-27 17:57:30,551 [INFO] McuFinderGlobals:57 - Set McuFinderConnectedMode to true
2022-10-27 17:57:30,552 [INFO] ApiDb:443 - Save user favorites file C:\Users\Zver/.stm32cubeide/favorites.mcus.txt: 1 item(s)
2022-10-27 17:57:30,552 [INFO] ApiDb:447 - User favorites MCUs=[STM32F103C8T6]
2022-10-27 18:44:32,555 [INFO] UtilMem:74 - End SaveConfig() Used Memory: 461355392 Bytes (660602880)
2022-10-27 18:44:34,416 [INFO] UtilMem:74 - End SaveConfig() Used Memory: 476858632 Bytes (660602880)
2022-10-27 18:44:36,348 [INFO] UtilMem:74 - End SaveConfig() Used Memory: 557002680 Bytes (660602880)
2022-10-27 18:44:36,715 [INFO] BlockDiagram:2753 - set Specific Code input for plugin: NVIC
2022-10-27 18:44:36,716 [INFO] BlockDiagram:2753 - set Specific Code input for plugin: TIM1_8F1
2022-10-27 18:44:36,716 [INFO] BlockDiagram:2753 - set Specific Code input for plugin: SYS
2022-10-27 18:44:36,716 [INFO] BlockDiagram:2753 - set Specific Code input for plugin: GPIO
2022-10-27 18:44:36,716 [INFO] BlockDiagram:2753 - set Specific Code input for plugin: RCC
2022-10-27 18:44:36,717 [INFO] CodeGenerator:690 - code generatio: config db path: C:\ST\STM32CubeIDE_1.9.0\STM32CubeIDE\plugins\com.st.stm32cube.common.mx_6.6.1.202207061420\\db\
2022-10-27 18:44:36,969 [INFO] CodeEngine:245 - oldGeneratedFile, D:\github\mc\stm32\Ultrasonic_Distance_Sensor\Ultrasonic_Distance_Sensor\MXTmpFiles\license.tmp_save
2022-10-27 18:44:37,174 [INFO] CodeEngine:269 - Generated code: D:\github\mc\stm32\Ultrasonic_Distance_Sensor\Ultrasonic_Distance_Sensor\MXTmpFiles\license.tmp
2022-10-27 18:44:37,220 [INFO] CodeEngine:245 - oldGeneratedFile, D:\github\mc\stm32\Ultrasonic_Distance_Sensor\Ultrasonic_Distance_Sensor\MXTmpFiles\gpio.tmp_save
2022-10-27 18:44:37,339 [INFO] CodeEngine:269 - Generated code: D:\github\mc\stm32\Ultrasonic_Distance_Sensor\Ultrasonic_Distance_Sensor\MXTmpFiles\gpio.tmp
2022-10-27 18:44:37,449 [INFO] CodeEngine:245 - oldGeneratedFile, D:\github\mc\stm32\Ultrasonic_Distance_Sensor\Ultrasonic_Distance_Sensor\Core\Src\stm32f1xx_it.c_save
2022-10-27 18:44:37,548 [INFO] CodeEngine:269 - Generated code: D:\github\mc\stm32\Ultrasonic_Distance_Sensor\Ultrasonic_Distance_Sensor\Core\Src\stm32f1xx_it.c
2022-10-27 18:44:37,554 [INFO] CodeEngine:245 - oldGeneratedFile, D:\github\mc\stm32\Ultrasonic_Distance_Sensor\Ultrasonic_Distance_Sensor\Core\Inc\stm32f1xx_it.h_save
2022-10-27 18:44:37,647 [INFO] CodeEngine:269 - Generated code: D:\github\mc\stm32\Ultrasonic_Distance_Sensor\Ultrasonic_Distance_Sensor\Core\Inc\stm32f1xx_it.h
2022-10-27 18:44:37,690 [INFO] CodeEngine:245 - oldGeneratedFile, D:\github\mc\stm32\Ultrasonic_Distance_Sensor\Ultrasonic_Distance_Sensor\Core\Src\stm32f1xx_hal_msp.c_save
2022-10-27 18:44:37,809 [INFO] CodeEngine:269 - Generated code: D:\github\mc\stm32\Ultrasonic_Distance_Sensor\Ultrasonic_Distance_Sensor\Core\Src\stm32f1xx_hal_msp.c
2022-10-27 18:44:37,812 [INFO] CodeEngine:245 - oldGeneratedFile, D:\github\mc\stm32\Ultrasonic_Distance_Sensor\Ultrasonic_Distance_Sensor\MXTmpFiles\system.tmp_save
2022-10-27 18:44:37,863 [INFO] CodeEngine:269 - Generated code: D:\github\mc\stm32\Ultrasonic_Distance_Sensor\Ultrasonic_Distance_Sensor\MXTmpFiles\system.tmp
2022-10-27 18:44:37,882 [INFO] CodeEngine:245 - oldGeneratedFile, D:\github\mc\stm32\Ultrasonic_Distance_Sensor\Ultrasonic_Distance_Sensor\Core\Inc\stm32f1xx_hal_conf.h_save
2022-10-27 18:44:37,998 [INFO] CodeEngine:269 - Generated code: D:\github\mc\stm32\Ultrasonic_Distance_Sensor\Ultrasonic_Distance_Sensor\Core\Inc\stm32f1xx_hal_conf.h
2022-10-27 18:44:38,033 [WARN] IPConfigManager:3348 - IP not found : TIM
2022-10-27 18:44:38,034 [WARN] CodeGenerator:3567 - IP not found : null
2022-10-27 18:44:38,048 [INFO] CodeEngine:245 - oldGeneratedFile, D:\github\mc\stm32\Ultrasonic_Distance_Sensor\Ultrasonic_Distance_Sensor\Core\Inc\main.h_save
2022-10-27 18:44:38,136 [INFO] CodeEngine:269 - Generated code: D:\github\mc\stm32\Ultrasonic_Distance_Sensor\Ultrasonic_Distance_Sensor\Core\Inc\main.h
2022-10-27 18:44:38,169 [INFO] CodeEngine:245 - oldGeneratedFile, D:\github\mc\stm32\Ultrasonic_Distance_Sensor\Ultrasonic_Distance_Sensor\Core\Src\main.c_save
2022-10-27 18:44:38,279 [INFO] CodeEngine:269 - Generated code: D:\github\mc\stm32\Ultrasonic_Distance_Sensor\Ultrasonic_Distance_Sensor\Core\Src\main.c
2022-10-27 18:44:38,833 [INFO] ProjectBuilder:2919 - Time for Copy HAL[1] : 147mS.
2022-10-27 18:44:38,836 [INFO] ProjectBuilder:4117 - Project Generator version: 3.17.1
2022-10-27 18:44:39,119 [INFO] ConfigFileManager:1394 - The Die is : DIE410
2022-10-27 18:44:40,609 [INFO] ProjectBuilder:4285 - Time for Generating toolchain IDE Files: 1773mS.
2022-10-27 18:44:40,610 [INFO] ProjectBuilder:2790 - Time for Copy CMSIS : 0mS.
2022-10-27 18:44:40,611 [INFO] ProjectBuilder:2790 - Time for Copy CMSIS : 0mS.
2022-10-27 18:44:44,485 [ERROR] ConfigurationRetriever:139 - IOException on connection: Remote host terminated the handshake
2022-10-27 18:52:02,840 [ERROR] ConfigurationRetriever:139 - IOException on connection: Read timed out
2022-10-27 19:06:24,211 [INFO] Activator:177 - 


2022-10-27 19:06:24,212 [INFO] Activator:178 - !SESSION log4j initialized
