2022-10-26 23:25:36,780 [INFO] Activator:177 - 


2022-10-26 23:25:36,781 [INFO] Activator:178 - !SESSION log4j initialized
2022-10-26 23:25:39,023 [INFO] McuFinderGlobals:44 - Set McuFinder mode to 2 (CubeIDE integrated)
2022-10-26 23:25:40,236 [INFO] ApplicationProperties:181 - Using Application install path: C:\ST\STM32CubeIDE_1.9.0\STM32CubeIDE\plugins\com.st.stm32cube.common.mx_6.6.1.202207061420
2022-10-26 23:25:40,256 [INFO] DbMcusXml:77 - Set database path to: C:\ST\STM32CubeIDE_1.9.0\STM32CubeIDE\plugins\com.st.stm32cube.common.mx_6.6.1.202207061420\\db\/mcu/
2022-10-26 23:25:40,257 [INFO] ApiDb:269 - Set plugin database path to: C:\ST\STM32CubeIDE_1.9.0\STM32CubeIDE\plugins\com.st.stm32cube.common.mx_6.6.1.202207061420\\db\/plugins/boardmanager/
2022-10-26 23:25:40,260 [WARN] ApiDb:254 - Overriding images path with different value:  => C:\ST\STM32CubeIDE_1.9.0\STM32CubeIDE\plugins\com.st.stm32cube.common.mx_6.6.1.202207061420\\db\/plugins/mcufinder/images/
2022-10-26 23:25:40,278 [INFO] ApiDb:249 - Set database path to: C:\Users\Zver\.stmcufinder\plugins\mcufinder//mcu/
2022-10-26 23:25:40,280 [INFO] DbMcusAds:124 - Set database path to: C:\Users\Zver\.stmcufinder\plugins\mcufinder//mcu/
2022-10-26 23:25:40,283 [INFO] CrossReferenceDbSqlite:201 - Set database path to: C:\Users\Zver\.stmcufinder\plugins\mcufinder//mcu/cs/
2022-10-26 23:25:40,388 [INFO] RulesReader:61 - Compatibility file has been processed (282 Rules)
2022-10-26 23:25:40,528 [INFO] DbMcusXml:77 - Set database path to: C:\ST\STM32CubeIDE_1.9.0\STM32CubeIDE\plugins\com.st.stm32cube.common.mx_6.6.1.202207061420\\db\/mcu/
2022-10-26 23:25:40,528 [INFO] ApiDb:269 - Set plugin database path to: C:\ST\STM32CubeIDE_1.9.0\STM32CubeIDE\plugins\com.st.stm32cube.common.mx_6.6.1.202207061420\\db\/plugins/boardmanager/
2022-10-26 23:25:40,529 [INFO] ApiDb:256 - Set plugin images path to: C:\ST\STM32CubeIDE_1.9.0\STM32CubeIDE\plugins\com.st.stm32cube.common.mx_6.6.1.202207061420\\db\/plugins/mcufinder/images/
2022-10-26 23:25:40,529 [WARN] DbFile:40 - Overriding database path with different value: C:\Users\Zver\.stmcufinder\plugins\mcufinder/ => C:\Users\Zver\.stmcufinder\plugins\mcufinder
2022-10-26 23:25:40,529 [INFO] ApiDb:249 - Set database path to: C:\Users\Zver\.stmcufinder\plugins\mcufinder//mcu/
2022-10-26 23:25:40,529 [WARN] DbFile:40 - Overriding database path with different value: C:\Users\Zver\.stmcufinder\plugins\mcufinder/ => C:\Users\Zver\.stmcufinder\plugins\mcufinder
2022-10-26 23:25:40,529 [INFO] DbMcusAds:124 - Set database path to: C:\Users\Zver\.stmcufinder\plugins\mcufinder//mcu/
2022-10-26 23:25:40,530 [WARN] DbFile:40 - Overriding database path with different value: C:\Users\Zver\.stmcufinder\plugins\mcufinder/ => C:\Users\Zver\.stmcufinder\plugins\mcufinder
2022-10-26 23:25:40,530 [WARN] DbFile:40 - Overriding database path with different value: C:\Users\Zver\.stmcufinder\plugins\mcufinder/ => C:\Users\Zver\.stmcufinder\plugins\mcufinder
2022-10-26 23:25:40,530 [INFO] CrossReferenceDbSqlite:201 - Set database path to: C:\Users\Zver\.stmcufinder\plugins\mcufinder//mcu/cs/
2022-10-26 23:25:40,625 [INFO] MainPanel:242 - HeapMemory: 268435456
2022-10-26 23:25:40,715 [INFO] DbMcusXml:77 - Set database path to: C:\ST\STM32CubeIDE_1.9.0\STM32CubeIDE\plugins\com.st.stm32cube.common.mx_6.6.1.202207061420\\db\/mcu/
2022-10-26 23:25:40,715 [INFO] ApiDb:269 - Set plugin database path to: C:\ST\STM32CubeIDE_1.9.0\STM32CubeIDE\plugins\com.st.stm32cube.common.mx_6.6.1.202207061420\\db\/plugins/boardmanager/
2022-10-26 23:25:40,716 [INFO] ApiDb:256 - Set plugin images path to: C:\ST\STM32CubeIDE_1.9.0\STM32CubeIDE\plugins\com.st.stm32cube.common.mx_6.6.1.202207061420\\db\/plugins/mcufinder/images/
2022-10-26 23:25:40,716 [WARN] DbFile:40 - Overriding database path with different value: C:\Users\Zver\.stmcufinder\plugins\mcufinder/ => C:\Users\Zver\.stmcufinder\plugins\mcufinder
2022-10-26 23:25:40,716 [INFO] ApiDb:249 - Set database path to: C:\Users\Zver\.stmcufinder\plugins\mcufinder//mcu/
2022-10-26 23:25:40,716 [WARN] DbFile:40 - Overriding database path with different value: C:\Users\Zver\.stmcufinder\plugins\mcufinder/ => C:\Users\Zver\.stmcufinder\plugins\mcufinder
2022-10-26 23:25:40,716 [INFO] DbMcusAds:124 - Set database path to: C:\Users\Zver\.stmcufinder\plugins\mcufinder//mcu/
2022-10-26 23:25:40,717 [WARN] DbFile:40 - Overriding database path with different value: C:\Users\Zver\.stmcufinder\plugins\mcufinder/ => C:\Users\Zver\.stmcufinder\plugins\mcufinder
2022-10-26 23:25:40,717 [WARN] DbFile:40 - Overriding database path with different value: C:\Users\Zver\.stmcufinder\plugins\mcufinder/ => C:\Users\Zver\.stmcufinder\plugins\mcufinder
2022-10-26 23:25:40,717 [INFO] CrossReferenceDbSqlite:201 - Set database path to: C:\Users\Zver\.stmcufinder\plugins\mcufinder//mcu/cs/
2022-10-26 23:25:40,738 [INFO] ApplicationProperties:181 - Using Application install path: C:\ST\STM32CubeIDE_1.9.0\STM32CubeIDE\plugins\com.st.stm32cube.common.mx_6.6.1.202207061420
2022-10-26 23:25:40,739 [INFO] PluginManage:193 - Search for loadable plugins [exclusion list=, ]
2022-10-26 23:25:40,740 [INFO] PluginManage:307 - Check plugin analytics
2022-10-26 23:25:40,885 [INFO] AnalyticsPlugin:262 - Accepted Software Licenses: 
2022-10-26 23:25:40,886 [INFO] AnalyticsPlugin:264 - Accepted CMSIS Pack Licenses: 
2022-10-26 23:25:40,886 [INFO] AnalyticsPlugin:266 - Accepted Firmware Licenses: 
2022-10-26 23:25:40,894 [INFO] PluginManage:356 - Loaded plugin analytics (category:tool,tabindex:-1)
2022-10-26 23:25:40,894 [INFO] PluginManage:307 - Check plugin cadmodel
2022-10-26 23:25:40,899 [INFO] CADModel:65 - Init CAD model plugin
2022-10-26 23:25:40,899 [INFO] PluginManage:356 - Loaded plugin cadmodel (category:power,tabindex:5)
2022-10-26 23:25:40,900 [INFO] PluginManage:307 - Check plugin clock
2022-10-26 23:25:40,910 [INFO] PluginManage:356 - Loaded plugin clock (category:base,tabindex:2)
2022-10-26 23:25:40,910 [INFO] PluginManage:307 - Check plugin ddr
2022-10-26 23:25:40,913 [INFO] PluginManage:356 - Loaded plugin ddr (category:tool,tabindex:6)
2022-10-26 23:25:40,913 [INFO] PluginManage:307 - Check plugin filemanager
2022-10-26 23:25:41,037 [INFO] PluginManage:356 - Loaded plugin filemanager (category:base,tabindex:10)
2022-10-26 23:25:41,037 [INFO] PluginManage:307 - Check plugin ipmanager
2022-10-26 23:25:41,048 [INFO] PluginManage:356 - Loaded plugin ipmanager (category:base,tabindex:5)
2022-10-26 23:25:41,048 [INFO] PluginManage:307 - Check plugin lpbam
2022-10-26 23:25:41,055 [INFO] PluginManage:356 - Loaded plugin lpbam (category:base,tabindex:0)
2022-10-26 23:25:41,055 [INFO] PluginManage:307 - Check plugin pinoutandconfiguration
2022-10-26 23:25:41,062 [INFO] PluginManage:356 - Loaded plugin pinoutandconfiguration (category:base,tabindex:1)
2022-10-26 23:25:41,062 [INFO] PluginManage:307 - Check plugin pinoutconfig
2022-10-26 23:25:41,088 [INFO] PluginManage:356 - Loaded plugin pinoutconfig (category:base,tabindex:0)
2022-10-26 23:25:41,088 [INFO] PluginManage:307 - Check plugin power
2022-10-26 23:25:41,096 [INFO] PluginManage:356 - Loaded plugin power (category:power,tabindex:4)
2022-10-26 23:25:41,096 [INFO] PluginManage:307 - Check plugin projectmanager
2022-10-26 23:25:41,108 [INFO] PluginManage:356 - Loaded plugin projectmanager (category:projectmanager,tabindex:3)
2022-10-26 23:25:41,108 [INFO] PluginManage:307 - Check plugin thirdparty
2022-10-26 23:25:41,219 [WARN] IntegrityCheckThread:82 - waiting for thirdparty lock release [integrity check]
2022-10-26 23:25:41,220 [INFO] PluginManage:356 - Loaded plugin thirdparty (category:base,tabindex:-1)
2022-10-26 23:25:41,221 [INFO] IntegrityCheckThread:84 - entering critical section [integrity check]
2022-10-26 23:25:41,221 [INFO] PluginManage:307 - Check plugin tools
2022-10-26 23:25:41,223 [INFO] ThirdPartyUpdaterWithRetryManager:70 - Updater plugin not ready yet. [1/15]
2022-10-26 23:25:41,224 [INFO] PluginManage:356 - Loaded plugin tools (category:base,tabindex:7)
2022-10-26 23:25:41,225 [INFO] PluginManage:307 - Check plugin tutovideos
2022-10-26 23:25:41,448 [INFO] PluginManage:356 - Loaded plugin tutovideos (category:base,tabindex:-1)
2022-10-26 23:25:41,448 [INFO] PluginManage:307 - Check plugin updater
2022-10-26 23:25:41,460 [INFO] PluginManage:356 - Loaded plugin updater (category:base,tabindex:12)
2022-10-26 23:25:41,461 [INFO] PluginManage:280 - PluginManage : Loaded plugins [15]
2022-10-26 23:25:41,819 [INFO] PinOutPanel:1468 - setPackage(No Configuration,No Configuration)
2022-10-26 23:25:41,902 [INFO] CADModel:98 - CPN selected for project level
2022-10-26 23:25:41,916 [INFO] IPUIPlugin:79 - create IPUIPlugin
2022-10-26 23:25:41,916 [INFO] PluginManager:217 - loadIPPluginJar : add adc
2022-10-26 23:25:41,918 [INFO] IPUIPlugin:79 - create IPUIPlugin
2022-10-26 23:25:41,918 [INFO] PluginManager:217 - loadIPPluginJar : add aes
2022-10-26 23:25:41,921 [INFO] IPUIPlugin:79 - create IPUIPlugin
2022-10-26 23:25:41,921 [INFO] PluginManager:217 - loadIPPluginJar : add can
2022-10-26 23:25:41,922 [INFO] IPUIPlugin:79 - create IPUIPlugin
2022-10-26 23:25:41,922 [INFO] PluginManager:217 - loadIPPluginJar : add comp
2022-10-26 23:25:41,923 [INFO] IPUIPlugin:79 - create IPUIPlugin
2022-10-26 23:25:41,924 [INFO] PluginManager:217 - loadIPPluginJar : add cryp
2022-10-26 23:25:41,925 [INFO] IPUIPlugin:79 - create IPUIPlugin
2022-10-26 23:25:41,925 [INFO] PluginManager:217 - loadIPPluginJar : add dfsdm
2022-10-26 23:25:41,930 [INFO] IPUIPlugin:79 - create IPUIPlugin
2022-10-26 23:25:41,931 [INFO] PluginManager:217 - loadIPPluginJar : add dma
2022-10-26 23:25:41,934 [INFO] IPUIPlugin:79 - create IPUIPlugin
2022-10-26 23:25:41,934 [INFO] PluginManager:217 - loadIPPluginJar : add dma3
2022-10-26 23:25:41,936 [INFO] IPUIPlugin:79 - create IPUIPlugin
2022-10-26 23:25:41,936 [INFO] PluginManager:217 - loadIPPluginJar : add fatfs
2022-10-26 23:25:41,940 [INFO] IPUIPlugin:79 - create IPUIPlugin
2022-10-26 23:25:41,940 [INFO] PluginManager:217 - loadIPPluginJar : add fmc
2022-10-26 23:25:41,945 [INFO] IPUIPlugin:79 - create IPUIPlugin
2022-10-26 23:25:41,945 [INFO] PluginManager:217 - loadIPPluginJar : add freertos
2022-10-26 23:25:41,946 [INFO] IPUIPlugin:79 - create IPUIPlugin
2022-10-26 23:25:41,947 [INFO] PluginManager:217 - loadIPPluginJar : add genericplugin
2022-10-26 23:25:41,949 [INFO] IPUIPlugin:79 - create IPUIPlugin
2022-10-26 23:25:41,949 [INFO] PluginManager:217 - loadIPPluginJar : add gfxmmu
2022-10-26 23:25:41,953 [INFO] IPUIPlugin:79 - create IPUIPlugin
2022-10-26 23:25:41,953 [INFO] PluginManager:217 - loadIPPluginJar : add gic
2022-10-26 23:25:41,956 [INFO] IPUIPlugin:79 - create IPUIPlugin
2022-10-26 23:25:41,956 [INFO] PluginManager:217 - loadIPPluginJar : add gpio
2022-10-26 23:25:41,959 [INFO] IPUIPlugin:79 - create IPUIPlugin
2022-10-26 23:25:41,959 [INFO] PluginManager:217 - loadIPPluginJar : add gtzc
2022-10-26 23:25:41,961 [INFO] IPUIPlugin:79 - create IPUIPlugin
2022-10-26 23:25:41,961 [INFO] PluginManager:217 - loadIPPluginJar : add hash
2022-10-26 23:25:41,963 [INFO] IPUIPlugin:79 - create IPUIPlugin
2022-10-26 23:25:41,963 [INFO] PluginManager:217 - loadIPPluginJar : add i2c
2022-10-26 23:25:41,965 [INFO] IPUIPlugin:79 - create IPUIPlugin
2022-10-26 23:25:41,965 [INFO] PluginManager:217 - loadIPPluginJar : add i2s
2022-10-26 23:25:41,968 [INFO] IPUIPlugin:79 - create IPUIPlugin
2022-10-26 23:25:41,969 [INFO] PluginManager:217 - loadIPPluginJar : add ipddr
2022-10-26 23:25:41,974 [INFO] IPUIPlugin:79 - create IPUIPlugin
2022-10-26 23:25:41,974 [INFO] PluginManager:217 - loadIPPluginJar : add linkedlist
2022-10-26 23:25:41,976 [INFO] IPUIPlugin:79 - create IPUIPlugin
2022-10-26 23:25:41,977 [INFO] PluginManager:217 - loadIPPluginJar : add lorawan
2022-10-26 23:25:41,978 [INFO] IPUIPlugin:79 - create IPUIPlugin
2022-10-26 23:25:41,978 [INFO] PluginManager:217 - loadIPPluginJar : add ltdc
2022-10-26 23:25:41,982 [INFO] IPUIPlugin:79 - create IPUIPlugin
2022-10-26 23:25:41,982 [INFO] PluginManager:217 - loadIPPluginJar : add mdma
2022-10-26 23:25:41,985 [INFO] IPUIPlugin:79 - create IPUIPlugin
2022-10-26 23:25:41,986 [INFO] PluginManager:217 - loadIPPluginJar : add nvic
2022-10-26 23:25:41,988 [INFO] IPUIPlugin:79 - create IPUIPlugin
2022-10-26 23:25:41,988 [INFO] PluginManager:217 - loadIPPluginJar : add opamp
2022-10-26 23:25:41,991 [INFO] IPUIPlugin:79 - create IPUIPlugin
2022-10-26 23:25:41,991 [INFO] PluginManager:217 - loadIPPluginJar : add openamp
2022-10-26 23:25:41,994 [INFO] IPUIPlugin:79 - create IPUIPlugin
2022-10-26 23:25:41,994 [INFO] PluginManager:217 - loadIPPluginJar : add pdm2pcm
2022-10-26 23:25:42,000 [INFO] IPUIPlugin:79 - create IPUIPlugin
2022-10-26 23:25:42,002 [INFO] PluginManager:217 - loadIPPluginJar : add plateformsettings
2022-10-26 23:25:42,004 [INFO] IPUIPlugin:79 - create IPUIPlugin
2022-10-26 23:25:42,004 [INFO] PluginManager:217 - loadIPPluginJar : add quadspi
2022-10-26 23:25:42,007 [INFO] IPUIPlugin:79 - create IPUIPlugin
2022-10-26 23:25:42,007 [INFO] PluginManager:217 - loadIPPluginJar : add resmgrutility
2022-10-26 23:25:42,010 [INFO] IPUIPlugin:79 - create IPUIPlugin
2022-10-26 23:25:42,010 [INFO] PluginManager:217 - loadIPPluginJar : add sai
2022-10-26 23:25:42,012 [INFO] IPUIPlugin:79 - create IPUIPlugin
2022-10-26 23:25:42,012 [INFO] PluginManager:217 - loadIPPluginJar : add spi
2022-10-26 23:25:42,016 [INFO] IPUIPlugin:79 - create IPUIPlugin
2022-10-26 23:25:42,016 [INFO] PluginManager:217 - loadIPPluginJar : add stm32_wpan
2022-10-26 23:25:42,018 [INFO] IPUIPlugin:79 - create IPUIPlugin
2022-10-26 23:25:42,019 [INFO] PluginManager:217 - loadIPPluginJar : add tim
2022-10-26 23:25:42,021 [INFO] IPUIPlugin:79 - create IPUIPlugin
2022-10-26 23:25:42,021 [INFO] PluginManager:217 - loadIPPluginJar : add touchsensing
2022-10-26 23:25:42,023 [INFO] IPUIPlugin:79 - create IPUIPlugin
2022-10-26 23:25:42,023 [INFO] PluginManager:217 - loadIPPluginJar : add tracer_emb
2022-10-26 23:25:42,025 [INFO] IPUIPlugin:79 - create IPUIPlugin
2022-10-26 23:25:42,026 [INFO] PluginManager:217 - loadIPPluginJar : add ts
2022-10-26 23:25:42,028 [INFO] IPUIPlugin:79 - create IPUIPlugin
2022-10-26 23:25:42,028 [INFO] PluginManager:217 - loadIPPluginJar : add tsc
2022-10-26 23:25:42,030 [INFO] IPUIPlugin:79 - create IPUIPlugin
2022-10-26 23:25:42,031 [INFO] PluginManager:217 - loadIPPluginJar : add ucpd
2022-10-26 23:25:42,033 [INFO] IPUIPlugin:79 - create IPUIPlugin
2022-10-26 23:25:42,033 [INFO] PluginManager:217 - loadIPPluginJar : add usart
2022-10-26 23:25:42,037 [INFO] IPUIPlugin:79 - create IPUIPlugin
2022-10-26 23:25:42,037 [INFO] PluginManager:217 - loadIPPluginJar : add usbx
2022-10-26 23:25:42,298 [FATAL] Updater:301 - Updater called before beeing initialized
2022-10-26 23:25:42,448 [FATAL] Updater:301 - Updater called before beeing initialized
2022-10-26 23:25:42,454 [INFO] DbMcusAds:52 - JSON generation date=Thu Sep 30 09:56:37 MSK 2021 (1632984997303)
2022-10-26 23:25:42,454 [FATAL] Updater:301 - Updater called before beeing initialized
2022-10-26 23:25:42,541 [WARN] DetailPanel:344 - Failed to get advertising image, set to default
2022-10-26 23:25:42,658 [FATAL] Updater:301 - Updater called before beeing initialized
2022-10-26 23:25:42,660 [FATAL] Updater:301 - Updater called before beeing initialized
2022-10-26 23:25:42,660 [FATAL] Updater:301 - Updater called before beeing initialized
2022-10-26 23:25:42,661 [WARN] DetailPanel:344 - Failed to get advertising image, set to default
2022-10-26 23:25:42,661 [FATAL] Updater:301 - Updater called before beeing initialized
2022-10-26 23:25:42,709 [ERROR] Updater:1105 - MainUpdater not yet initialized. External WinMGr cannot be set.
2022-10-26 23:25:42,711 [INFO] Updater:1041 - Updater Version found : 6.6.1
2022-10-26 23:25:42,724 [INFO] ApplicationProperties:181 - Using Application install path: C:\ST\STM32CubeIDE_1.9.0\STM32CubeIDE\plugins\com.st.stm32cube.common.mx_6.6.1.202207061420
2022-10-26 23:25:44,224 [INFO] ThirdPartyUpdaterWithRetryManager:70 - Updater plugin not ready yet. [2/15]
2022-10-26 23:25:44,788 [WARN] ServerAccessManage:1169 - Warning during Server Connexion :  timeout connect timed out
2022-10-26 23:25:44,940 [INFO] MainUpdater:2768 - connection check result : 10
2022-10-26 23:25:44,941 [INFO] MainUpdater:280 - Updater Check For Update Now.
2022-10-26 23:25:44,941 [INFO] MicroXplorer:481 - Change Database Version : DB.6.0.60
2022-10-26 23:25:45,089 [INFO] CheckServerUpdateThread:119 - End of CheckServer Thread
2022-10-26 23:25:45,149 [INFO] MainUpdater:2768 - connection check result : 10
2022-10-26 23:25:45,379 [INFO] McuFinderGlobals:57 - Set McuFinderConnectedMode to true
2022-10-26 23:25:45,386 [INFO] MultiScanPanel:195 - Auto-refresh data requested => check proxy status ongoing
2022-10-26 23:25:45,391 [INFO] FinderPluginLoader:92 - Searching for filters in installed packs
2022-10-26 23:25:45,495 [INFO] ApiDb:576 - Connected to CubeFinder SQLite database (C:\Users\Zver\.stmcufinder\plugins\mcufinder\mcu\cube-finder-db.db)
2022-10-26 23:25:45,536 [INFO] ApiDb:663 - CubeFinder database Data Model version=2.1
2022-10-26 23:25:45,536 [INFO] ApiDb:664 - CubeFinder database Configuration version=3.0.32
2022-10-26 23:25:45,537 [INFO] ApiDb:665 - CubeFinder database generation date=2022-08-05 (1659688109)
2022-10-26 23:25:45,537 [INFO] ApiDb:666 - CubeFinder database FW Pack versions=[STM32Cube_FW_C0_V1.0.0, STM32Cube_FW_F4_V1.27.1, STM32Cube_FW_F7_V1.17.0, STM32Cube_FW_G0_V1.6.1, STM32Cube_FW_G4_V1.5.0, STM32Cube_FW_H7_V1.10.0, STM32Cube_FW_L5_V1.4.0, STM32Cube_FW_U5_V1.1.1, STM32Cube_FW_WB_V1.14.1, STM32Cube_FW_WL_V1.2.0, X-CUBE-ALGOBUILD_V1.3.0, X-CUBE-ALS_V1.0.1, X-CUBE-AZRTOS-F4_V1.1.0, X-CUBE-AZRTOS-F7_V1.1.0, X-CUBE-AZRTOS-G0_V1.1.0, X-CUBE-AZRTOS-G4_V1.0.0, X-CUBE-AZRTOS-H7_V2.1.0, X-CUBE-AZRTOS-L4_V1.0.0, X-CUBE-AZRTOS-L5_V1.0.0, X-CUBE-AZRTOS-WL_V1.0.0, X-CUBE-BLE1_V6.2.3, X-CUBE-BLE2_V3.3.0, X-CUBE-EEPRMA1_V3.1.1, X-CUBE-GNSS1_V6.0.0, X-CUBE-MEMS1_V9.1.0, X-CUBE-MEMS1_V9.3.0, X-CUBE-NFC4_V2.0.4, X-CUBE-NFC7_V1.0.0, X-CUBE-SFXS2LP1_V4.0.0, X-CUBE-SUBG2_V5.0.0]
2022-10-26 23:25:47,346 [WARN] PackLoader:242 - Cannot read IP mode file for wolfSSL.I-CUBE-wolfSSL.5.2.0
2022-10-26 23:25:47,360 [WARN] PackLoader:242 - Cannot read IP mode file for STMicroelectronics.X-CUBE-GNSS1.6.0.0
2022-10-26 23:25:47,389 [WARN] PackLoader:242 - Cannot read IP mode file for STMicroelectronics.X-CUBE-AZRTOS-F4.1.1.0
2022-10-26 23:25:47,405 [WARN] PackLoader:242 - Cannot read IP mode file for STMicroelectronics.X-CUBE-BLEMGR.1.2.0
2022-10-26 23:25:47,432 [WARN] PackLoader:242 - Cannot read IP mode file for STMicroelectronics.X-CUBE-AZRTOS-F7.1.1.0
2022-10-26 23:25:47,443 [WARN] PackLoader:242 - Cannot read IP mode file for STMicroelectronics.X-CUBE-AI.7.1.0
2022-10-26 23:25:47,450 [WARN] PackLoader:242 - Cannot read IP mode file for STMicroelectronics.X-CUBE-BLE1.6.2.3
2022-10-26 23:25:47,459 [WARN] PackLoader:242 - Cannot read IP mode file for STMicroelectronics.X-CUBE-BLE1.6.2.2
2022-10-26 23:25:47,465 [WARN] PackLoader:242 - Cannot read IP mode file for STMicroelectronics.X-CUBE-NFC4.2.0.4
2022-10-26 23:25:47,471 [WARN] PackLoader:242 - Cannot read IP mode file for STMicroelectronics.X-CUBE-BLE2.3.2.2
2022-10-26 23:25:47,475 [WARN] PackLoader:242 - Cannot read IP mode file for STMicroelectronics.X-CUBE-NFC4.2.0.3
2022-10-26 23:25:47,488 [WARN] PackLoader:242 - Cannot read IP mode file for STMicroelectronics.X-CUBE-TOF1.3.1.0
2022-10-26 23:25:47,503 [WARN] PackLoader:242 - Cannot read IP mode file for STMicroelectronics.X-CUBE-SFXS2LP1.3.1.0
2022-10-26 23:25:47,524 [WARN] PackLoader:242 - Cannot read IP mode file for STMicroelectronics.X-CUBE-AZRTOS-F4.1.0.0
2022-10-26 23:25:47,535 [WARN] PackLoader:242 - Cannot read IP mode file for STMicroelectronics.X-CUBE-NFC7.1.0.0
2022-10-26 23:25:47,545 [WARN] PackLoader:242 - Cannot read IP mode file for STMicroelectronics.X-CUBE-SUBG2.4.2.0
2022-10-26 23:25:47,623 [INFO] ApiDb:239 - Found 138 in-development CPN: [B-WB1M-WPAN1, NUCLEO-C031C6, STEVAL-STWINBX1, STM320518-EVAL, STM32C0116-DK, STM32C011D6Y3TR, STM32C011D6Y6TR, STM32C011F4P3, STM32C011F4P6, STM32C011F4U3, STM32C011F4U6TR, STM32C011F6P3, STM32C011F6P6, STM32C011F6U3, STM32C011F6U6TR, STM32C011J4M3, STM32C011J4M6, STM32C011J6M3, STM32C011J6M6, STM32C0316-DK, STM32C031C4T3, STM32C031C4T6, STM32C031C4U3, STM32C031C4U6, STM32C031C6T3, STM32C031C6T6, STM32C031C6U3, STM32C031C6U6, STM32C031F4P3, STM32C031F4P6, STM32C031F6P3, STM32C031F6P6, STM32C031G4U3, STM32C031G4U6, STM32C031G6U3, STM32C031G6U6, STM32C031K4T3, STM32C031K4T6, STM32C031K4U3, STM32C031K4U6, STM32C031K6T3, STM32C031K6T6, STM32C031K6U3, STM32C031K6U6, STM32G071K8TXN, STM32G071K8UXN, STM32G081GBU6N, STM32G081KBT6N, STM32G081KBUXN, STM32G0B1CCT6N, STM32G0B1KCT6, STM32G0B1NEY6TR, STM32G0B1RCT6N, STM32G0C1CCT6, STM32G0C1CCT6N, STM32G0C1CCU6N, STM32G0C1CET6N, STM32G0C1CEU6N, STM32G0C1KCT6, STM32G0C1NEY6TR, STM32G0C1RCI6N, STM32G0C1RCT6N, STM32G0C1REI6N, STM32G0C1RET6N, STM32G0C1VCI6, STM32G0C1VEI6, STM32G471CCT6, STM32G471CCU6, STM32G471CET3, STM32G471CET6, STM32G471CEU3, STM32G471CEU6, STM32G471MCT6, STM32G471MET3, STM32G471MET6, STM32G471MEY6TR, STM32G471QCT6, STM32G471QET3, STM32G471RCT6, STM32G471RET3, STM32G471RET6, STM32G471VCH6, STM32G471VCI6, STM32G471VCT6, STM32G471VEH3, STM32G471VEH6, STM32G471VEI3, STM32G471VEI6, STM32G471VET3, STM32G471VET6, STM32G474CCT6, STM32L476VGY6PTR, STM32L4R5QGI6STR, STM32MP131AAE3, STM32MP131AAF3, STM32MP131AAG3, STM32MP131CAE3, STM32MP131CAF3, STM32MP131CAG3, STM32MP131DAE7, STM32MP131DAF7, STM32MP131DAG7, STM32MP131FAE7, STM32MP131FAF7, STM32MP131FAG7, STM32MP133AAE3, STM32MP133AAF3, STM32MP133AAG3, STM32MP133CAE3, STM32MP133CAF3, STM32MP133CAG3, STM32MP133DAE7, STM32MP133DAF7, STM32MP133DAG7, STM32MP133FAE7, STM32MP133FAF7, STM32MP133FAG7, STM32MP135AAE3, STM32MP135AAF3, STM32MP135AAG3, STM32MP135CAE3, STM32MP135CAF3, STM32MP135CAG3, STM32MP135DAE7, STM32MP135DAF7, STM32MP135DAG7, STM32MP135F-DK, STM32MP135FAE7, STM32MP135FAF7, STM32MP135FAG7, STM32U595ZJT6Q, STM32U599BJY6QTR, STM32U599NIH6Q, STM32U599NJH6Q, STM32U5A5ZJT6Q, STM32U5A9BJY6QTR, STM32U5A9NJH6Q, STM32WB1MMCH6]
2022-10-26 23:25:47,631 [WARN] PackLoader:242 - Cannot read IP mode file for STMicroelectronics.X-CUBE-MEMS1.9.3.0
2022-10-26 23:25:47,631 [INFO] DbMcus:215 - Found 3542 MCUs, 3542 are supported
2022-10-26 23:25:47,635 [INFO] ApiDb:418 - Load user favorites file C:\Users\Zver/.stm32cubeide/favorites.mcus.txt: 1 item(s)
2022-10-26 23:25:47,636 [INFO] ApiDb:422 - User favorites MCUs=[STM32F103C8T6]
2022-10-26 23:25:47,636 [INFO] DbMcus:221 - Set 1 / 1 favorites MCUs
2022-10-26 23:25:47,796 [WARN] PackLoader:242 - Cannot read IP mode file for STMicroelectronics.X-CUBE-AI.7.2.0
2022-10-26 23:25:47,820 [WARN] PackLoader:242 - Cannot read IP mode file for STMicroelectronics.X-CUBE-AZRTOS-G0.1.0.0
2022-10-26 23:25:47,835 [WARN] PackLoader:242 - Cannot read IP mode file for STMicroelectronics.X-CUBE-SFXS2LP1.4.0.0
2022-10-26 23:25:47,845 [WARN] PackLoader:242 - Cannot read IP mode file for STMicroelectronics.X-CUBE-BLE2.3.3.0
2022-10-26 23:25:47,861 [WARN] PackLoader:242 - Cannot read IP mode file for STMicroelectronics.X-CUBE-DISPLAY.2.2.0
2022-10-26 23:25:47,877 [WARN] PackLoader:242 - Cannot read IP mode file for STMicroelectronics.X-CUBE-TOF1.3.2.0
2022-10-26 23:25:47,904 [WARN] PackLoader:242 - Cannot read IP mode file for STMicroelectronics.X-CUBE-TOUCHGFX.4.18.1
2022-10-26 23:25:47,912 [WARN] PackLoader:242 - Cannot read IP mode file for STMicroelectronics.X-CUBE-ISPU.1.0.0
2022-10-26 23:25:47,941 [WARN] PackLoader:242 - Cannot read IP mode file for RoweBots.I-CUBE-UNISONRTOS.5.5.0-4
2022-10-26 23:25:47,964 [WARN] PackLoader:242 - Cannot read IP mode file for STMicroelectronics.X-CUBE-AZRTOS-H7.2.1.0
2022-10-26 23:25:47,979 [WARN] PackLoader:242 - Cannot read IP mode file for STMicroelectronics.X-CUBE-BLEMGR.1.0.0
2022-10-26 23:25:47,989 [WARN] PackLoader:242 - Cannot read IP mode file for STMicroelectronics.X-CUBE-ALGOBUILD.1.3.0
2022-10-26 23:25:48,008 [WARN] PackLoader:242 - Cannot read IP mode file for STMicroelectronics.X-CUBE-AZRTOS-G0.1.1.0
2022-10-26 23:25:48,020 [WARN] PackLoader:242 - Cannot read IP mode file for STMicroelectronics.X-CUBE-SUBG2.5.0.0
2022-10-26 23:25:48,068 [WARN] PackLoader:242 - Cannot read IP mode file for SEGGER.I-CUBE-embOS.1.2.0
2022-10-26 23:25:48,101 [WARN] PackLoader:242 - Cannot read IP mode file for STMicroelectronics.FP-ATR-ASTRA1.1.1.1
2022-10-26 23:25:48,117 [WARN] PackLoader:242 - Cannot read IP mode file for STMicroelectronics.X-CUBE-AZRTOS-H7.2.0.0
2022-10-26 23:25:48,134 [WARN] PackLoader:242 - Cannot read IP mode file for STMicroelectronics.X-CUBE-AZRTOS-G4.1.0.0
2022-10-26 23:25:48,144 [WARN] PackLoader:242 - Cannot read IP mode file for STMicroelectronics.FP-ATR-SIGFOX1.3.2.0
2022-10-26 23:25:48,180 [WARN] PackLoader:242 - Cannot read IP mode file for STMicroelectronics.X-CUBE-AZRTOS-L4.1.0.0
2022-10-26 23:25:48,193 [WARN] PackLoader:242 - Cannot read IP mode file for emotas.I-CUBE-CANOPEN.1.1.2
2022-10-26 23:25:48,196 [WARN] PackLoader:242 - Cannot read IP mode file for STMicroelectronics.X-CUBE-TOUCHGFX.4.20.0
2022-10-26 23:25:48,232 [WARN] PackLoader:242 - Cannot read IP mode file for STMicroelectronics.X-CUBE-AZRTOS-F7.1.0.0
2022-10-26 23:25:48,250 [WARN] PackLoader:242 - Cannot read IP mode file for STMicroelectronics.X-CUBE-AZRTOS-WL.1.0.0
2022-10-26 23:25:48,294 [WARN] PackLoader:242 - Cannot read IP mode file for STMicroelectronics.X-CUBE-MEMS1.9.1.0
2022-10-26 23:25:48,401 [WARN] PackLoader:242 - Cannot read IP mode file for portGmbH.I-Cube-SoM-uGOAL.1.1.0
2022-10-26 23:25:48,409 [WARN] PackLoader:242 - Cannot read IP mode file for STMicroelectronics.X-CUBE-ALS.1.0.1
2022-10-26 23:25:48,440 [WARN] PackLoader:242 - Cannot read IP mode file for STMicroelectronics.X-CUBE-AZRTOS-L5.1.0.0
2022-10-26 23:25:48,450 [WARN] PackLoader:242 - Cannot read IP mode file for STMicroelectronics.X-CUBE-EEPRMA1.3.1.1
2022-10-26 23:25:48,461 [WARN] PackLoader:242 - Cannot read IP mode file for STMicroelectronics.X-CUBE-GNSS1.5.2.0
2022-10-26 23:25:48,467 [WARN] PackLoader:242 - Cannot read IP mode file for STMicroelectronics.X-CUBE-DISPLAY.2.0.1
2022-10-26 23:25:48,478 [WARN] PackLoader:242 - Cannot read IP mode file for STMicroelectronics.X-CUBE-TOF1.3.0.0
2022-10-26 23:25:48,481 [INFO] ThirdParty:929 - Integrity check success = true
2022-10-26 23:25:48,482 [INFO] IntegrityCheckThread:98 - exiting critical section [integrity check]
2022-10-26 23:25:48,482 [INFO] IntegrityCheckThread:101 - End integrity checks thread
2022-10-26 23:25:49,368 [INFO] LoadUrlFilesThread:177 - End of LoadServerUrlFiles without Thread
2022-10-26 23:25:49,389 [INFO] DetailPanel:339 - Set advertising image to C:/Users/Zver/STM32Cube/Repository/\en.Prom_NBSTM32U50921.jpg
2022-10-26 23:25:50,176 [INFO] MultiScanPanel:778 - Auto Refresh Data is not needed
2022-10-26 23:25:50,186 [INFO] ApiDb:663 - CubeFinder database Data Model version=2.1
2022-10-26 23:25:50,186 [INFO] ApiDb:664 - CubeFinder database Configuration version=3.0.32
2022-10-26 23:25:50,186 [INFO] ApiDb:665 - CubeFinder database generation date=2022-08-05 (1659688109)
2022-10-26 23:25:50,186 [INFO] ApiDb:666 - CubeFinder database FW Pack versions=[STM32Cube_FW_C0_V1.0.0, STM32Cube_FW_F4_V1.27.1, STM32Cube_FW_F7_V1.17.0, STM32Cube_FW_G0_V1.6.1, STM32Cube_FW_G4_V1.5.0, STM32Cube_FW_H7_V1.10.0, STM32Cube_FW_L5_V1.4.0, STM32Cube_FW_U5_V1.1.1, STM32Cube_FW_WB_V1.14.1, STM32Cube_FW_WL_V1.2.0, X-CUBE-ALGOBUILD_V1.3.0, X-CUBE-ALS_V1.0.1, X-CUBE-AZRTOS-F4_V1.1.0, X-CUBE-AZRTOS-F7_V1.1.0, X-CUBE-AZRTOS-G0_V1.1.0, X-CUBE-AZRTOS-G4_V1.0.0, X-CUBE-AZRTOS-H7_V2.1.0, X-CUBE-AZRTOS-L4_V1.0.0, X-CUBE-AZRTOS-L5_V1.0.0, X-CUBE-AZRTOS-WL_V1.0.0, X-CUBE-BLE1_V6.2.3, X-CUBE-BLE2_V3.3.0, X-CUBE-EEPRMA1_V3.1.1, X-CUBE-GNSS1_V6.0.0, X-CUBE-MEMS1_V9.1.0, X-CUBE-MEMS1_V9.3.0, X-CUBE-NFC4_V2.0.4, X-CUBE-NFC7_V1.0.0, X-CUBE-SFXS2LP1_V4.0.0, X-CUBE-SUBG2_V5.0.0]
2022-10-26 23:25:50,258 [INFO] DbBoardsSqlite:227 - include board P-NUCLEO-WB55-NUCLEO as a kit item of type 'Nucleo-64'
2022-10-26 23:25:50,258 [INFO] DbBoardsSqlite:227 - include board P-NUCLEO-WB55-USBDONGLE as a kit item of type 'Nucleo USB Dongle'
2022-10-26 23:25:50,259 [INFO] DbBoardsSqlite:227 - include board STEVAL-IDP005V1 as a kit item of type 'Evaluation Board'
2022-10-26 23:25:50,259 [INFO] DbBoardsSqlite:227 - include board STEVAL-IDP005V2 as a kit item of type 'Evaluation Board'
2022-10-26 23:25:50,273 [INFO] ApiDb:239 - Found 138 in-development CPN: [B-WB1M-WPAN1, NUCLEO-C031C6, STEVAL-STWINBX1, STM320518-EVAL, STM32C0116-DK, STM32C011D6Y3TR, STM32C011D6Y6TR, STM32C011F4P3, STM32C011F4P6, STM32C011F4U3, STM32C011F4U6TR, STM32C011F6P3, STM32C011F6P6, STM32C011F6U3, STM32C011F6U6TR, STM32C011J4M3, STM32C011J4M6, STM32C011J6M3, STM32C011J6M6, STM32C0316-DK, STM32C031C4T3, STM32C031C4T6, STM32C031C4U3, STM32C031C4U6, STM32C031C6T3, STM32C031C6T6, STM32C031C6U3, STM32C031C6U6, STM32C031F4P3, STM32C031F4P6, STM32C031F6P3, STM32C031F6P6, STM32C031G4U3, STM32C031G4U6, STM32C031G6U3, STM32C031G6U6, STM32C031K4T3, STM32C031K4T6, STM32C031K4U3, STM32C031K4U6, STM32C031K6T3, STM32C031K6T6, STM32C031K6U3, STM32C031K6U6, STM32G071K8TXN, STM32G071K8UXN, STM32G081GBU6N, STM32G081KBT6N, STM32G081KBUXN, STM32G0B1CCT6N, STM32G0B1KCT6, STM32G0B1NEY6TR, STM32G0B1RCT6N, STM32G0C1CCT6, STM32G0C1CCT6N, STM32G0C1CCU6N, STM32G0C1CET6N, STM32G0C1CEU6N, STM32G0C1KCT6, STM32G0C1NEY6TR, STM32G0C1RCI6N, STM32G0C1RCT6N, STM32G0C1REI6N, STM32G0C1RET6N, STM32G0C1VCI6, STM32G0C1VEI6, STM32G471CCT6, STM32G471CCU6, STM32G471CET3, STM32G471CET6, STM32G471CEU3, STM32G471CEU6, STM32G471MCT6, STM32G471MET3, STM32G471MET6, STM32G471MEY6TR, STM32G471QCT6, STM32G471QET3, STM32G471RCT6, STM32G471RET3, STM32G471RET6, STM32G471VCH6, STM32G471VCI6, STM32G471VCT6, STM32G471VEH3, STM32G471VEH6, STM32G471VEI3, STM32G471VEI6, STM32G471VET3, STM32G471VET6, STM32G474CCT6, STM32L476VGY6PTR, STM32L4R5QGI6STR, STM32MP131AAE3, STM32MP131AAF3, STM32MP131AAG3, STM32MP131CAE3, STM32MP131CAF3, STM32MP131CAG3, STM32MP131DAE7, STM32MP131DAF7, STM32MP131DAG7, STM32MP131FAE7, STM32MP131FAF7, STM32MP131FAG7, STM32MP133AAE3, STM32MP133AAF3, STM32MP133AAG3, STM32MP133CAE3, STM32MP133CAF3, STM32MP133CAG3, STM32MP133DAE7, STM32MP133DAF7, STM32MP133DAG7, STM32MP133FAE7, STM32MP133FAF7, STM32MP133FAG7, STM32MP135AAE3, STM32MP135AAF3, STM32MP135AAG3, STM32MP135CAE3, STM32MP135CAF3, STM32MP135CAG3, STM32MP135DAE7, STM32MP135DAF7, STM32MP135DAG7, STM32MP135F-DK, STM32MP135FAE7, STM32MP135FAF7, STM32MP135FAG7, STM32U595ZJT6Q, STM32U599BJY6QTR, STM32U599NIH6Q, STM32U599NJH6Q, STM32U5A5ZJT6Q, STM32U5A9BJY6QTR, STM32U5A9NJH6Q, STM32WB1MMCH6]
2022-10-26 23:25:50,404 [INFO] BoardInfo:879 - No configuration file found for board P-NUCLEO-WB55
2022-10-26 23:25:50,405 [INFO] DbBoards:156 - Kit is not supported: P-NUCLEO-WB55
2022-10-26 23:25:50,409 [INFO] BoardInfo:879 - No configuration file found for board STEVAL-BFA001V1B
2022-10-26 23:25:50,410 [INFO] DbBoards:156 - Kit is not supported: STEVAL-BFA001V1B
2022-10-26 23:25:50,411 [INFO] BoardInfo:879 - No configuration file found for board STEVAL-BFA001V2B
2022-10-26 23:25:50,411 [INFO] DbBoards:156 - Kit is not supported: STEVAL-BFA001V2B
2022-10-26 23:25:50,524 [INFO] DbBoards:160 - Found 176 boards, 173 are supported
2022-10-26 23:25:50,528 [INFO] ApiDb:418 - Load user favorites file C:\Users\Zver/.stm32cubeide/favorites.boards.txt: 0 item(s)
2022-10-26 23:25:50,528 [INFO] ApiDb:422 - User favorites Boards=[]
2022-10-26 23:25:50,528 [INFO] DbBoards:189 - Set 0 / 0 favorites Boards
2022-10-26 23:26:00,906 [ERROR] LogOutputStream:74 - [STDERR_REDIRECT] SLF4J: Failed to load class "org.slf4j.impl.StaticLoggerBinder".
2022-10-26 23:26:00,906 [ERROR] LogOutputStream:74 - [STDERR_REDIRECT] SLF4J: Defaulting to no-operation (NOP) logger implementation
2022-10-26 23:26:00,908 [ERROR] LogOutputStream:74 - [STDERR_REDIRECT] SLF4J: See http://www.slf4j.org/codes.html#StaticLoggerBinder for further details.
2022-10-26 23:26:06,124 [INFO] MainUpdater:2768 - connection check result : 10
2022-10-26 23:26:06,125 [INFO] MainUpdater:2768 - connection check result : 10
2022-10-26 23:26:06,142 [INFO] MicroXplorer:451 - Change Database Path : 
2022-10-26 23:26:06,143 [INFO] MicroXplorer:481 - Change Database Version : DB.6.0.60
2022-10-26 23:26:06,144 [WARN] ThirdParty:827 - waiting for thirdparty lock release [close project]
2022-10-26 23:26:06,144 [INFO] ThirdParty:829 - entering critical section [close project]
2022-10-26 23:26:06,145 [INFO] ThirdParty:839 - exiting critical section [close project]
2022-10-26 23:26:06,148 [INFO] PinOutPanel:1468 - setPackage(No Configuration,No Configuration)
2022-10-26 23:26:06,152 [INFO] UtilMem:74 - Begin LoadConfig() Used Memory: 238647072 Bytes (402653184)
2022-10-26 23:26:06,154 [INFO] MicroXplorer:451 - Change Database Path : 
2022-10-26 23:26:06,155 [INFO] MicroXplorer:481 - Change Database Version : DB.6.0.60
2022-10-26 23:26:06,156 [INFO] OpenFileManager:307 - Change cursor
2022-10-26 23:26:06,231 [INFO] Mcu:1922 - Initializing MCU STM32F103C8Tx STM32F103C8Tx 
2022-10-26 23:26:06,232 [INFO] Mcu:1935 - No CPN specified => set CPN to STM32F103C8T6
2022-10-26 23:26:06,917 [INFO] Context:654 - Trying to add GPIOservice into a context  which must be forbidden
2022-10-26 23:26:07,100 [INFO] ImportTextPane:193 - (OptionalMessage_ERROR) Unable to find key (Mcu.ThirdPartyNb) in loaded IOC file
2022-10-26 23:26:07,100 [INFO] ImportTextPane:193 - (OptionalMessage_ERROR) Unable to find key (Mcu.PinsNb) in loaded IOC file
2022-10-26 23:26:07,100 [INFO] ImportTextPane:193 - (OptionalMessage_ERROR) Unable to find key (Mcu.IPNb) in loaded IOC file
2022-10-26 23:26:07,149 [WARN] ApiManager:308 - Cannot register API 'Board Extension:GNSS1A1' from pack STMicroelectronics.X-CUBE-GNSS1.6.0.0: no header file found
2022-10-26 23:26:07,149 [WARN] ApiManager:308 - Cannot register API 'Board Support:Custom' from pack STMicroelectronics.X-CUBE-GNSS1.6.0.0: no header file found
2022-10-26 23:26:07,150 [WARN] ApiManager:308 - Cannot register API 'Data Exchange:lib_gnss' from pack STMicroelectronics.X-CUBE-GNSS1.6.0.0: no header file found
2022-10-26 23:26:07,163 [WARN] ApiManager:308 - Cannot register API 'Wireless:BlueNRG-MS' from pack STMicroelectronics.X-CUBE-BLE1.6.2.3: no header file found
2022-10-26 23:26:07,165 [INFO] RtosManager:488 - Registered RTOS mode: class=CMSIS, group=RTOS, mode=CMSIS_V1, owner=FREERTOS
2022-10-26 23:26:07,165 [INFO] RtosManager:488 - Registered RTOS mode: class=CMSIS, group=RTOS2, mode=CMSIS_V2, owner=FREERTOS
2022-10-26 23:26:07,165 [INFO] RtosManager:488 - Registered RTOS mode: class=RTOS, group=Core, mode=CMSIS_V1, owner=FREERTOS
2022-10-26 23:26:07,165 [INFO] RtosManager:488 - Registered RTOS mode: class=RTOS, group=Core, mode=CMSIS_V2, owner=FREERTOS
2022-10-26 23:26:07,165 [WARN] ModelIntegratedComponent:185 - Missing modes for component STMicroelectronics:FreeRTOS:0.0.1:STMicroelectronics:RTOS:FreeRTOS:Core:::10.2.0:
2022-10-26 23:26:07,170 [WARN] ApiManager:308 - Cannot register API 'Board Extension:S2868A1' from pack STMicroelectronics.X-CUBE-SUBG2.5.0.0: no header file found
2022-10-26 23:26:07,170 [WARN] ApiManager:308 - Cannot register API 'Board Extension:S2868A2' from pack STMicroelectronics.X-CUBE-SUBG2.5.0.0: no header file found
2022-10-26 23:26:07,170 [WARN] ApiManager:308 - Cannot register API 'Board Extension:S2915A1' from pack STMicroelectronics.X-CUBE-SUBG2.5.0.0: no header file found
2022-10-26 23:26:07,176 [WARN] ApiManager:308 - Cannot register API 'Wireless:BlueNRG-MS' from pack STMicroelectronics.X-CUBE-BLE1.6.2.2: no header file found
2022-10-26 23:26:07,176 [WARN] ApiManager:308 - Cannot register API 'Board Extension:NFC04A1' from pack STMicroelectronics.X-CUBE-NFC4.2.0.4: no header file found
2022-10-26 23:26:07,178 [WARN] ApiManager:308 - Cannot register API 'Wireless:BlueNRG-2' from pack STMicroelectronics.X-CUBE-BLE2.3.2.2: no header file found
2022-10-26 23:26:07,179 [WARN] ApiManager:308 - Cannot register API 'Board Extension:NFC04A1' from pack STMicroelectronics.X-CUBE-NFC4.2.0.3: no header file found
2022-10-26 23:26:07,182 [WARN] ApiManager:308 - Cannot register API 'Board Extension:S2868A1' from pack STMicroelectronics.X-CUBE-SFXS2LP1.3.1.0: no header file found
2022-10-26 23:26:07,182 [WARN] ApiManager:308 - Cannot register API 'Board Extension:S2868A2' from pack STMicroelectronics.X-CUBE-SFXS2LP1.3.1.0: no header file found
2022-10-26 23:26:07,182 [WARN] ApiManager:308 - Cannot register API 'Board Extension:S2915A1' from pack STMicroelectronics.X-CUBE-SFXS2LP1.3.1.0: no header file found
2022-10-26 23:26:07,190 [WARN] ModelIntegratedComponent:64 - No mode defined for component null
2022-10-26 23:26:07,190 [WARN] ModelIntegratedComponent:64 - No mode defined for component null
2022-10-26 23:26:07,190 [WARN] ModelIntegratedComponent:64 - No mode defined for component null
2022-10-26 23:26:07,190 [WARN] ModelIntegratedComponent:64 - No mode defined for component null
2022-10-26 23:26:07,190 [WARN] ModelIntegratedComponent:64 - No mode defined for component null
2022-10-26 23:26:07,190 [WARN] ModelIntegratedComponent:64 - No mode defined for component null
2022-10-26 23:26:07,190 [WARN] ModelIntegratedComponent:64 - No mode defined for component null
2022-10-26 23:26:07,190 [WARN] ModelIntegratedComponent:64 - No mode defined for component null
2022-10-26 23:26:07,190 [WARN] ModelIntegratedComponent:64 - No mode defined for component null
2022-10-26 23:26:07,190 [WARN] ModelIntegratedComponent:64 - No mode defined for component null
2022-10-26 23:26:07,190 [WARN] ModelIntegratedComponent:64 - No mode defined for component null
2022-10-26 23:26:07,190 [WARN] ModelIntegratedComponent:64 - No mode defined for component null
2022-10-26 23:26:07,190 [WARN] ModelIntegratedComponent:64 - No mode defined for component null
2022-10-26 23:26:07,190 [WARN] ModelIntegratedComponent:64 - No mode defined for component null
2022-10-26 23:26:07,191 [WARN] ModelIntegratedComponent:64 - No mode defined for component null
2022-10-26 23:26:07,191 [WARN] ModelIntegratedComponent:64 - No mode defined for component null
2022-10-26 23:26:07,191 [WARN] ModelIntegratedComponent:64 - No mode defined for component null
2022-10-26 23:26:07,191 [WARN] ModelIntegratedComponent:64 - No mode defined for component null
2022-10-26 23:26:07,191 [WARN] ModelIntegratedComponent:64 - No mode defined for component null
2022-10-26 23:26:07,191 [WARN] ModelIntegratedComponent:64 - No mode defined for component null
2022-10-26 23:26:07,191 [WARN] ModelIntegratedComponent:64 - No mode defined for component null
2022-10-26 23:26:07,191 [WARN] ModelIntegratedComponent:64 - No mode defined for component null
2022-10-26 23:26:07,191 [WARN] ModelIntegratedComponent:64 - No mode defined for component null
2022-10-26 23:26:07,191 [WARN] ModelIntegratedComponent:64 - No mode defined for component null
2022-10-26 23:26:07,191 [WARN] ModelIntegratedComponent:64 - No mode defined for component null
2022-10-26 23:26:07,191 [WARN] ModelIntegratedComponent:64 - No mode defined for component null
2022-10-26 23:26:07,191 [WARN] ModelIntegratedComponent:64 - No mode defined for component null
2022-10-26 23:26:07,191 [WARN] ModelIntegratedComponent:64 - No mode defined for component null
2022-10-26 23:26:07,191 [WARN] ModelIntegratedComponent:64 - No mode defined for component null
2022-10-26 23:26:07,191 [WARN] ModelIntegratedComponent:64 - No mode defined for component null
2022-10-26 23:26:07,191 [WARN] ModelIntegratedComponent:64 - No mode defined for component null
2022-10-26 23:26:07,191 [WARN] ModelIntegratedComponent:64 - No mode defined for component null
2022-10-26 23:26:07,192 [WARN] ModelIntegratedComponent:64 - No mode defined for component null
2022-10-26 23:26:07,194 [WARN] ApiManager:308 - Cannot register API 'Board Extension:NFC07A1' from pack STMicroelectronics.X-CUBE-NFC7.1.0.0: no header file found
2022-10-26 23:26:07,197 [WARN] ApiManager:308 - Cannot register API 'Board Extension:S2868A1' from pack STMicroelectronics.X-CUBE-SUBG2.4.2.0: no header file found
2022-10-26 23:26:07,197 [WARN] ApiManager:308 - Cannot register API 'Board Extension:S2868A2' from pack STMicroelectronics.X-CUBE-SUBG2.4.2.0: no header file found
2022-10-26 23:26:07,197 [WARN] ApiManager:308 - Cannot register API 'Board Extension:S2915A1' from pack STMicroelectronics.X-CUBE-SUBG2.4.2.0: no header file found
2022-10-26 23:26:07,278 [WARN] ApiManager:308 - Cannot register API 'Board Extension:IKS01A3' from pack STMicroelectronics.X-CUBE-MEMS1.9.1.0: no header file found
2022-10-26 23:26:07,278 [WARN] ApiManager:308 - Cannot register API 'Board Extension:IKS01A2' from pack STMicroelectronics.X-CUBE-MEMS1.9.1.0: no header file found
2022-10-26 23:26:07,278 [WARN] ApiManager:308 - Cannot register API 'Board Extension:IKS02A1' from pack STMicroelectronics.X-CUBE-MEMS1.9.1.0: no header file found
2022-10-26 23:26:07,346 [WARN] ApiManager:308 - Cannot register API 'Board Extension:IKS01A3' from pack STMicroelectronics.X-CUBE-MEMS1.9.3.0: no header file found
2022-10-26 23:26:07,346 [WARN] ApiManager:308 - Cannot register API 'Board Extension:IKS01A2' from pack STMicroelectronics.X-CUBE-MEMS1.9.3.0: no header file found
2022-10-26 23:26:07,346 [WARN] ApiManager:308 - Cannot register API 'Board Extension:IKS02A1' from pack STMicroelectronics.X-CUBE-MEMS1.9.3.0: no header file found
2022-10-26 23:26:07,352 [WARN] ApiManager:308 - Cannot register API 'Board Extension:EEPRMA1' from pack STMicroelectronics.X-CUBE-EEPRMA1.3.1.1: no header file found
2022-10-26 23:26:07,352 [WARN] ApiManager:308 - Cannot register API 'Board Extension:EEPRMA2' from pack STMicroelectronics.X-CUBE-EEPRMA1.3.1.1: no header file found
2022-10-26 23:26:07,353 [WARN] ApiManager:308 - Cannot register API 'Board Extension:GNSS1A1' from pack STMicroelectronics.X-CUBE-GNSS1.5.2.0: no header file found
2022-10-26 23:26:07,353 [WARN] ApiManager:308 - Cannot register API 'Board Support:Custom' from pack STMicroelectronics.X-CUBE-GNSS1.5.2.0: no header file found
2022-10-26 23:26:07,353 [WARN] ApiManager:308 - Cannot register API 'Data Exchange:lib_gnss' from pack STMicroelectronics.X-CUBE-GNSS1.5.2.0: no header file found
2022-10-26 23:26:07,354 [WARN] ApiManager:308 - Cannot register API 'Board Extension:S2868A1' from pack STMicroelectronics.X-CUBE-SFXS2LP1.4.0.0: no header file found
2022-10-26 23:26:07,354 [WARN] ApiManager:308 - Cannot register API 'Board Extension:S2868A2' from pack STMicroelectronics.X-CUBE-SFXS2LP1.4.0.0: no header file found
2022-10-26 23:26:07,354 [WARN] ApiManager:308 - Cannot register API 'Board Extension:S2915A1' from pack STMicroelectronics.X-CUBE-SFXS2LP1.4.0.0: no header file found
2022-10-26 23:26:07,355 [WARN] ApiManager:308 - Cannot register API 'Wireless:BlueNRG-2' from pack STMicroelectronics.X-CUBE-BLE2.3.3.0: no header file found
2022-10-26 23:26:07,367 [INFO] ThirdPartyModel:289 - Start build external matchings
2022-10-26 23:26:07,973 [INFO] ThirdPartyModel:302 - End build external matchings
2022-10-26 23:26:08,150 [INFO] UtilMem:74 - End LoadConfig() Used Memory: 248803888 Bytes (402653184)
2022-10-26 23:26:08,172 [WARN] ThirdParty:789 - waiting for thirdparty lock release [change project]
2022-10-26 23:26:08,172 [INFO] ThirdParty:791 - entering critical section [change project]
2022-10-26 23:26:08,173 [INFO] ThirdParty:981 - CMSIS Pack Vendor :wolfSSL I-CUBE-wolfSSL 5.2.0
2022-10-26 23:26:08,173 [INFO] ThirdParty:981 - CMSIS Pack Vendor :RoweBots I-CUBE-UNISONRTOS 5.5.0-4
2022-10-26 23:26:08,173 [INFO] ThirdParty:981 - CMSIS Pack Vendor :STMicroelectronics X-CUBE-GNSS1 6.0.0
2022-10-26 23:26:08,173 [INFO] ThirdParty:981 - CMSIS Pack Vendor :STMicroelectronics X-CUBE-AZRTOS-H7 2.1.0
2022-10-26 23:26:08,173 [INFO] ThirdParty:981 - CMSIS Pack Vendor :STMicroelectronics USB_HOST 2.0.0
2022-10-26 23:26:08,173 [INFO] ThirdParty:981 - CMSIS Pack Vendor :STMicroelectronics X-CUBE-AZRTOS-F4 1.1.0
2022-10-26 23:26:08,174 [INFO] ThirdParty:981 - CMSIS Pack Vendor :STMicroelectronics LIBJPEG 8.0.0
2022-10-26 23:26:08,174 [INFO] ThirdParty:981 - CMSIS Pack Vendor :STMicroelectronics USB_DEVICE 3.0.0
2022-10-26 23:26:08,174 [INFO] ThirdParty:981 - CMSIS Pack Vendor :STMicroelectronics X-CUBE-BLEMGR 1.0.0
2022-10-26 23:26:08,174 [INFO] ThirdParty:981 - CMSIS Pack Vendor :STMicroelectronics X-CUBE-BLEMGR 1.2.0
2022-10-26 23:26:08,174 [INFO] ThirdParty:981 - CMSIS Pack Vendor :STMicroelectronics X-CUBE-AZRTOS-F7 1.1.0
2022-10-26 23:26:08,174 [INFO] ThirdParty:981 - CMSIS Pack Vendor :STMicroelectronics USB_DEVICE 2.0.0
2022-10-26 23:26:08,174 [INFO] ThirdParty:981 - CMSIS Pack Vendor :STMicroelectronics X-CUBE-AI 7.1.0
2022-10-26 23:26:08,174 [INFO] ThirdParty:981 - CMSIS Pack Vendor :STMicroelectronics X-CUBE-BLE1 6.2.3
2022-10-26 23:26:08,174 [INFO] ThirdParty:981 - CMSIS Pack Vendor :STMicroelectronics X-CUBE-ALGOBUILD 1.3.0
2022-10-26 23:26:08,174 [INFO] ThirdParty:981 - CMSIS Pack Vendor :STMicroelectronics FreeRTOS 0.0.1
2022-10-26 23:26:08,174 [INFO] ThirdParty:981 - CMSIS Pack Vendor :STMicroelectronics X-CUBE-AZRTOS-G0 1.1.0
2022-10-26 23:26:08,174 [INFO] ThirdParty:981 - CMSIS Pack Vendor :STMicroelectronics X-CUBE-SUBG2 5.0.0
2022-10-26 23:26:08,174 [INFO] ThirdParty:981 - CMSIS Pack Vendor :SEGGER I-CUBE-embOS 1.2.0
2022-10-26 23:26:08,174 [INFO] ThirdParty:981 - CMSIS Pack Vendor :STMicroelectronics STM32_WPAN 1.0.0
2022-10-26 23:26:08,174 [INFO] ThirdParty:981 - CMSIS Pack Vendor :STMicroelectronics lwIP 2.0.3
2022-10-26 23:26:08,174 [INFO] ThirdParty:981 - CMSIS Pack Vendor :STMicroelectronics X-CUBE-BLE1 6.2.2
2022-10-26 23:26:08,174 [INFO] ThirdParty:981 - CMSIS Pack Vendor :STMicroelectronics X-CUBE-NFC4 2.0.4
2022-10-26 23:26:08,175 [INFO] ThirdParty:981 - CMSIS Pack Vendor :STMicroelectronics X-CUBE-BLE2 3.2.2
2022-10-26 23:26:08,175 [INFO] ThirdParty:981 - CMSIS Pack Vendor :STMicroelectronics USB_HOST 1.0.0
2022-10-26 23:26:08,175 [INFO] ThirdParty:981 - CMSIS Pack Vendor :STMicroelectronics X-CUBE-NFC4 2.0.3
2022-10-26 23:26:08,175 [INFO] ThirdParty:981 - CMSIS Pack Vendor :STMicroelectronics PDM2PCM 3.1.0
2022-10-26 23:26:08,175 [INFO] ThirdParty:981 - CMSIS Pack Vendor :STMicroelectronics FP-ATR-ASTRA1 1.1.1
2022-10-26 23:26:08,175 [INFO] ThirdParty:981 - CMSIS Pack Vendor :STMicroelectronics PDM2PCM 3.3.0
2022-10-26 23:26:08,175 [INFO] ThirdParty:981 - CMSIS Pack Vendor :STMicroelectronics X-CUBE-TOF1 3.1.0
2022-10-26 23:26:08,175 [INFO] ThirdParty:981 - CMSIS Pack Vendor :STMicroelectronics X-CUBE-SFXS2LP1 3.1.0
2022-10-26 23:26:08,175 [INFO] ThirdParty:981 - CMSIS Pack Vendor :STMicroelectronics X-CUBE-AZRTOS-F4 1.0.0
2022-10-26 23:26:08,175 [INFO] ThirdParty:981 - CMSIS Pack Vendor :STMicroelectronics X-CUBE-AZRTOS-H7 2.0.0
2022-10-26 23:26:08,175 [INFO] ThirdParty:981 - CMSIS Pack Vendor :STMicroelectronics X-CUBE-AZRTOS-G4 1.0.0
2022-10-26 23:26:08,175 [INFO] ThirdParty:981 - CMSIS Pack Vendor :STMicroelectronics FP-ATR-SIGFOX1 3.2.0
2022-10-26 23:26:08,175 [INFO] ThirdParty:981 - CMSIS Pack Vendor :STMicroelectronics X-CUBE-AZRTOS-L4 1.0.0
2022-10-26 23:26:08,175 [INFO] ThirdParty:981 - CMSIS Pack Vendor :STMicroelectronics HAL Drivers 0.0.0
2022-10-26 23:26:08,176 [INFO] ThirdParty:981 - CMSIS Pack Vendor :STMicroelectronics MBEDTLS 2.16.2
2022-10-26 23:26:08,176 [INFO] ThirdParty:981 - CMSIS Pack Vendor :emotas I-CUBE-CANOPEN 1.1.2
2022-10-26 23:26:08,176 [INFO] ThirdParty:981 - CMSIS Pack Vendor :STMicroelectronics X-CUBE-TOUCHGFX 4.20.0
2022-10-26 23:26:08,176 [INFO] ThirdParty:981 - CMSIS Pack Vendor :STMicroelectronics MBEDTLS 2.14.1
2022-10-26 23:26:08,176 [INFO] ThirdParty:981 - CMSIS Pack Vendor :STMicroelectronics X-CUBE-NFC7 1.0.0
2022-10-26 23:26:08,176 [INFO] ThirdParty:981 - CMSIS Pack Vendor :STMicroelectronics X-CUBE-AZRTOS-F7 1.0.0
2022-10-26 23:26:08,176 [INFO] ThirdParty:981 - CMSIS Pack Vendor :STMicroelectronics X-CUBE-AZRTOS-WL 1.0.0
2022-10-26 23:26:08,176 [INFO] ThirdParty:981 - CMSIS Pack Vendor :STMicroelectronics X-CUBE-SUBG2 4.2.0
2022-10-26 23:26:08,176 [INFO] ThirdParty:981 - CMSIS Pack Vendor :STMicroelectronics X-CUBE-MEMS1 9.1.0
2022-10-26 23:26:08,176 [INFO] ThirdParty:981 - CMSIS Pack Vendor :STMicroelectronics X-CUBE-MEMS1 9.3.0
2022-10-26 23:26:08,176 [INFO] ThirdParty:981 - CMSIS Pack Vendor :portGmbH I-Cube-SoM-uGOAL 1.1.0
2022-10-26 23:26:08,176 [INFO] ThirdParty:981 - CMSIS Pack Vendor :STMicroelectronics X-CUBE-ALS 1.0.1
2022-10-26 23:26:08,176 [INFO] ThirdParty:981 - CMSIS Pack Vendor :STMicroelectronics X-CUBE-AI 7.2.0
2022-10-26 23:26:08,176 [INFO] ThirdParty:981 - CMSIS Pack Vendor :STMicroelectronics ThreadX 1.0.0
2022-10-26 23:26:08,176 [INFO] ThirdParty:981 - CMSIS Pack Vendor :STMicroelectronics X-CUBE-AZRTOS-L5 1.0.0
2022-10-26 23:26:08,177 [INFO] ThirdParty:981 - CMSIS Pack Vendor :STMicroelectronics USB_DEVICE 1.0.0
2022-10-26 23:26:08,177 [INFO] ThirdParty:981 - CMSIS Pack Vendor :STMicroelectronics X-CUBE-AZRTOS-G0 1.0.0
2022-10-26 23:26:08,177 [INFO] ThirdParty:981 - CMSIS Pack Vendor :STMicroelectronics X-CUBE-EEPRMA1 3.1.1
2022-10-26 23:26:08,177 [INFO] ThirdParty:981 - CMSIS Pack Vendor :STMicroelectronics X-CUBE-GNSS1 5.2.0
2022-10-26 23:26:08,177 [INFO] ThirdParty:981 - CMSIS Pack Vendor :STMicroelectronics ThreadX 0.0.2
2022-10-26 23:26:08,177 [INFO] ThirdParty:981 - CMSIS Pack Vendor :STMicroelectronics lwIP 2.1.2
2022-10-26 23:26:08,177 [INFO] ThirdParty:981 - CMSIS Pack Vendor :STMicroelectronics X-CUBE-SFXS2LP1 4.0.0
2022-10-26 23:26:08,177 [INFO] ThirdParty:981 - CMSIS Pack Vendor :STMicroelectronics X-CUBE-BLE2 3.3.0
2022-10-26 23:26:08,177 [INFO] ThirdParty:981 - CMSIS Pack Vendor :STMicroelectronics X-CUBE-DISPLAY 2.0.1
2022-10-26 23:26:08,177 [INFO] ThirdParty:981 - CMSIS Pack Vendor :STMicroelectronics X-CUBE-DISPLAY 2.2.0
2022-10-26 23:26:08,177 [INFO] ThirdParty:981 - CMSIS Pack Vendor :STMicroelectronics X-CUBE-TOF1 3.2.0
2022-10-26 23:26:08,177 [INFO] ThirdParty:981 - CMSIS Pack Vendor :STMicroelectronics PDM2PCM 3.2.0
2022-10-26 23:26:08,177 [INFO] ThirdParty:981 - CMSIS Pack Vendor :STMicroelectronics X-CUBE-TOUCHGFX 4.18.1
2022-10-26 23:26:08,177 [INFO] ThirdParty:981 - CMSIS Pack Vendor :STMicroelectronics X-CUBE-TOF1 3.0.0
2022-10-26 23:26:08,177 [INFO] ThirdParty:981 - CMSIS Pack Vendor :STMicroelectronics X-CUBE-ISPU 1.0.0
2022-10-26 23:26:08,178 [INFO] ThirdParty:797 - exiting critical section [change project]
2022-10-26 23:26:08,442 [INFO] PinOutPanel:1468 - setPackage(No Configuration,No Configuration)
2022-10-26 23:26:08,444 [INFO] PinOutPanel:1468 - setPackage(STM32F103C8Tx,LQFP48)
2022-10-26 23:26:08,927 [INFO] UtilMem:74 - Before build in PCC Used Memory: 212835304 Bytes (402653184)
2022-10-26 23:26:09,656 [INFO] UtilMem:74 - After build in PCC Used Memory: 250057216 Bytes (402653184)
2022-10-26 23:26:09,687 [INFO] IPUIPlugin:79 - create IPUIPlugin
2022-10-26 23:26:09,687 [INFO] IPUIPlugin:79 - create IPUIPlugin
2022-10-26 23:26:09,687 [INFO] IPUIPlugin:79 - create IPUIPlugin
2022-10-26 23:26:09,687 [INFO] IPUIPlugin:79 - create IPUIPlugin
2022-10-26 23:26:09,688 [INFO] IPUIPlugin:79 - create IPUIPlugin
2022-10-26 23:26:09,688 [INFO] IPUIPlugin:79 - create IPUIPlugin
2022-10-26 23:26:09,688 [INFO] IPUIPlugin:79 - create IPUIPlugin
2022-10-26 23:26:09,688 [INFO] IPUIPlugin:79 - create IPUIPlugin
2022-10-26 23:26:09,688 [INFO] IPUIPlugin:79 - create IPUIPlugin
2022-10-26 23:26:09,688 [INFO] IPUIPlugin:79 - create IPUIPlugin
2022-10-26 23:26:09,688 [INFO] IPUIPlugin:79 - create IPUIPlugin
2022-10-26 23:26:09,689 [INFO] IPUIPlugin:79 - create IPUIPlugin
2022-10-26 23:26:09,689 [INFO] IPUIPlugin:79 - create IPUIPlugin
2022-10-26 23:26:09,689 [INFO] IPUIPlugin:79 - create IPUIPlugin
2022-10-26 23:26:09,690 [INFO] IPUIPlugin:79 - create IPUIPlugin
2022-10-26 23:26:09,690 [INFO] IPUIPlugin:79 - create IPUIPlugin
2022-10-26 23:26:09,690 [INFO] IPUIPlugin:79 - create IPUIPlugin
2022-10-26 23:26:09,690 [INFO] IPUIPlugin:79 - create IPUIPlugin
2022-10-26 23:26:09,691 [INFO] IPUIPlugin:79 - create IPUIPlugin
2022-10-26 23:26:09,691 [INFO] IPUIPlugin:79 - create IPUIPlugin
2022-10-26 23:26:09,691 [INFO] IPUIPlugin:79 - create IPUIPlugin
2022-10-26 23:26:09,692 [INFO] IPUIPlugin:79 - create IPUIPlugin
2022-10-26 23:26:09,692 [INFO] IPUIPlugin:79 - create IPUIPlugin
2022-10-26 23:26:09,692 [INFO] IPUIPlugin:79 - create IPUIPlugin
2022-10-26 23:26:09,693 [INFO] IPUIPlugin:79 - create IPUIPlugin
2022-10-26 23:26:09,693 [INFO] IPUIPlugin:79 - create IPUIPlugin
2022-10-26 23:26:09,693 [INFO] IPUIPlugin:79 - create IPUIPlugin
2022-10-26 23:26:09,971 [INFO] OpenFileManager:327 - Restore cursor
2022-10-26 23:26:10,378 [INFO] UtilMem:74 - End SaveConfig() Used Memory: 219054272 Bytes (402653184)
2022-10-26 23:26:10,424 [INFO] UtilMem:74 - End SaveConfig() Used Memory: 230257440 Bytes (402653184)
2022-10-26 23:26:10,753 [INFO] BlockDiagram:2753 - set Specific Code input for plugin: NVIC
2022-10-26 23:26:10,753 [INFO] BlockDiagram:2753 - set Specific Code input for plugin: RCC
2022-10-26 23:26:10,754 [INFO] CodeGenerator:690 - code generatio: config db path: C:\ST\STM32CubeIDE_1.9.0\STM32CubeIDE\plugins\com.st.stm32cube.common.mx_6.6.1.202207061420\\db\
2022-10-26 23:26:11,050 [INFO] CodeEngine:245 - oldGeneratedFile, D:\github\mc\stm32\SPI_SD_CARD\SPI_SD_CARD\MXTmpFiles\license.tmp_save
2022-10-26 23:26:11,377 [INFO] CodeEngine:269 - Generated code: D:\github\mc\stm32\SPI_SD_CARD\SPI_SD_CARD\MXTmpFiles\license.tmp
2022-10-26 23:26:11,394 [INFO] CodeEngine:245 - oldGeneratedFile, D:\github\mc\stm32\SPI_SD_CARD\SPI_SD_CARD\Core\Src\stm32f1xx_it.c_save
2022-10-26 23:26:11,554 [INFO] CodeEngine:269 - Generated code: D:\github\mc\stm32\SPI_SD_CARD\SPI_SD_CARD\Core\Src\stm32f1xx_it.c
2022-10-26 23:26:11,571 [INFO] CodeEngine:245 - oldGeneratedFile, D:\github\mc\stm32\SPI_SD_CARD\SPI_SD_CARD\Core\Inc\stm32f1xx_it.h_save
2022-10-26 23:26:11,653 [INFO] CodeEngine:269 - Generated code: D:\github\mc\stm32\SPI_SD_CARD\SPI_SD_CARD\Core\Inc\stm32f1xx_it.h
2022-10-26 23:26:11,729 [INFO] CodeEngine:245 - oldGeneratedFile, D:\github\mc\stm32\SPI_SD_CARD\SPI_SD_CARD\Core\Src\stm32f1xx_hal_msp.c_save
2022-10-26 23:26:11,982 [INFO] CodeEngine:269 - Generated code: D:\github\mc\stm32\SPI_SD_CARD\SPI_SD_CARD\Core\Src\stm32f1xx_hal_msp.c
2022-10-26 23:26:11,992 [INFO] CodeEngine:245 - oldGeneratedFile, D:\github\mc\stm32\SPI_SD_CARD\SPI_SD_CARD\MXTmpFiles\system.tmp_save
2022-10-26 23:26:12,082 [INFO] CodeEngine:269 - Generated code: D:\github\mc\stm32\SPI_SD_CARD\SPI_SD_CARD\MXTmpFiles\system.tmp
2022-10-26 23:26:12,090 [INFO] CodeEngine:245 - oldGeneratedFile, D:\github\mc\stm32\SPI_SD_CARD\SPI_SD_CARD\Core\Inc\stm32f1xx_hal_conf.h_save
2022-10-26 23:26:12,223 [INFO] CodeEngine:269 - Generated code: D:\github\mc\stm32\SPI_SD_CARD\SPI_SD_CARD\Core\Inc\stm32f1xx_hal_conf.h
2022-10-26 23:26:12,278 [INFO] CodeEngine:245 - oldGeneratedFile, D:\github\mc\stm32\SPI_SD_CARD\SPI_SD_CARD\Core\Inc\main.h_save
2022-10-26 23:26:12,401 [INFO] CodeEngine:269 - Generated code: D:\github\mc\stm32\SPI_SD_CARD\SPI_SD_CARD\Core\Inc\main.h
2022-10-26 23:26:12,415 [INFO] CodeEngine:245 - oldGeneratedFile, D:\github\mc\stm32\SPI_SD_CARD\SPI_SD_CARD\Core\Src\main.c_save
2022-10-26 23:26:12,603 [INFO] CodeEngine:269 - Generated code: D:\github\mc\stm32\SPI_SD_CARD\SPI_SD_CARD\Core\Src\main.c
2022-10-26 23:26:13,257 [INFO] ProjectBuilder:2919 - Time for Copy HAL[1] : 152mS.
2022-10-26 23:26:13,270 [INFO] ProjectBuilder:4117 - Project Generator version: 3.17.1
2022-10-26 23:26:13,680 [INFO] ConfigFileManager:1394 - The Die is : DIE410
2022-10-26 23:26:13,691 [INFO] ApiDbMcu:505 - Load IP Config File for FATFS
2022-10-26 23:26:13,698 [INFO] ApiDbMcu:505 - Load IP Config File for FREERTOS
2022-10-26 23:26:13,706 [INFO] ApiDbMcu:505 - Load IP Config File for USB_DEVICE
2022-10-26 23:26:17,462 [INFO] ProjectBuilder:4285 - Time for Generating toolchain IDE Files: 4192mS.
2022-10-26 23:26:17,464 [INFO] ProjectBuilder:2790 - Time for Copy CMSIS : 0mS.
2022-10-26 23:26:17,466 [INFO] ProjectBuilder:2790 - Time for Copy CMSIS : 1mS.
2022-10-26 23:26:19,129 [INFO] McuFinderGlobals:57 - Set McuFinderConnectedMode to true
2022-10-26 23:26:19,132 [INFO] ApiDb:443 - Save user favorites file C:\Users\Zver/.stm32cubeide/favorites.mcus.txt: 1 item(s)
2022-10-26 23:26:19,132 [INFO] ApiDb:447 - User favorites MCUs=[STM32F103C8T6]
2022-10-26 23:30:47,859 [INFO] UtilMem:74 - End SaveConfig() Used Memory: 552666216 Bytes (748683264)
2022-10-26 23:30:49,484 [INFO] UtilMem:74 - End SaveConfig() Used Memory: 573300104 Bytes (748683264)
2022-10-26 23:30:51,773 [INFO] UtilMem:74 - End SaveConfig() Used Memory: 657395352 Bytes (748683264)
2022-10-26 23:30:52,050 [INFO] BlockDiagram:2753 - set Specific Code input for plugin: SPI
2022-10-26 23:30:52,050 [INFO] BlockDiagram:2753 - set Specific Code input for plugin: NVIC
2022-10-26 23:30:52,050 [INFO] BlockDiagram:2753 - set Specific Code input for plugin: SYS
2022-10-26 23:30:52,051 [INFO] BlockDiagram:2753 - set Specific Code input for plugin: GPIO
2022-10-26 23:30:52,051 [INFO] BlockDiagram:2753 - set Specific Code input for plugin: RCC
2022-10-26 23:30:52,051 [INFO] BlockDiagram:2753 - set Specific Code input for plugin: FATFS
2022-10-26 23:30:52,051 [INFO] CodeGenerator:690 - code generatio: config db path: C:\ST\STM32CubeIDE_1.9.0\STM32CubeIDE\plugins\com.st.stm32cube.common.mx_6.6.1.202207061420\\db\
2022-10-26 23:30:52,234 [INFO] CodeEngine:245 - oldGeneratedFile, D:\github\mc\stm32\SPI_SD_CARD\SPI_SD_CARD\MXTmpFiles\license.tmp_save
2022-10-26 23:30:52,332 [INFO] CodeEngine:269 - Generated code: D:\github\mc\stm32\SPI_SD_CARD\SPI_SD_CARD\MXTmpFiles\license.tmp
2022-10-26 23:30:52,365 [INFO] CodeEngine:245 - oldGeneratedFile, D:\github\mc\stm32\SPI_SD_CARD\SPI_SD_CARD\MXTmpFiles\gpio.tmp_save
2022-10-26 23:30:52,466 [INFO] CodeEngine:269 - Generated code: D:\github\mc\stm32\SPI_SD_CARD\SPI_SD_CARD\MXTmpFiles\gpio.tmp
2022-10-26 23:30:52,525 [INFO] Middleware:1435 - No code input for Bsp Dependency
2022-10-26 23:30:52,530 [INFO] CodeEngine:245 - oldGeneratedFile, D:\github\mc\stm32\SPI_SD_CARD\SPI_SD_CARD\MXTmpFiles\fatfs_HalInit.tmp_save
2022-10-26 23:30:52,625 [INFO] CodeEngine:269 - Generated code: D:\github\mc\stm32\SPI_SD_CARD\SPI_SD_CARD\MXTmpFiles\fatfs_HalInit.tmp
2022-10-26 23:30:52,630 [INFO] CodeEngine:245 - oldGeneratedFile, D:\github\mc\stm32\SPI_SD_CARD\SPI_SD_CARD\MXTmpFiles\fatfs_vars.tmp_save
2022-10-26 23:30:52,687 [INFO] CodeEngine:269 - Generated code: D:\github\mc\stm32\SPI_SD_CARD\SPI_SD_CARD\MXTmpFiles\fatfs_vars.tmp
2022-10-26 23:30:52,693 [INFO] CodeEngine:245 - oldGeneratedFile, D:\github\mc\stm32\SPI_SD_CARD\SPI_SD_CARD\MXTmpFiles\fatfs_ext_vars.tmp_save
2022-10-26 23:30:52,766 [INFO] CodeEngine:269 - Generated code: D:\github\mc\stm32\SPI_SD_CARD\SPI_SD_CARD\MXTmpFiles\fatfs_ext_vars.tmp
2022-10-26 23:30:52,772 [INFO] CodeEngine:245 - oldGeneratedFile, D:\github\mc\stm32\SPI_SD_CARD\SPI_SD_CARD\MXTmpFiles\fatfs_inc.tmp_save
2022-10-26 23:30:52,832 [INFO] CodeEngine:269 - Generated code: D:\github\mc\stm32\SPI_SD_CARD\SPI_SD_CARD\MXTmpFiles\fatfs_inc.tmp
2022-10-26 23:30:52,869 [INFO] Middleware:1435 - No code input for Bsp Dependency
2022-10-26 23:30:52,879 [INFO] CodeEngine:245 - oldGeneratedFile, D:\github\mc\stm32\SPI_SD_CARD\SPI_SD_CARD\MXTmpFiles\fatfs_HalInit.tmp_save
2022-10-26 23:30:53,150 [INFO] CodeEngine:269 - Generated code: D:\github\mc\stm32\SPI_SD_CARD\SPI_SD_CARD\MXTmpFiles\fatfs_HalInit.tmp
2022-10-26 23:30:53,156 [INFO] CodeEngine:245 - oldGeneratedFile, D:\github\mc\stm32\SPI_SD_CARD\SPI_SD_CARD\MXTmpFiles\fatfs_vars.tmp_save
2022-10-26 23:30:53,431 [INFO] CodeEngine:269 - Generated code: D:\github\mc\stm32\SPI_SD_CARD\SPI_SD_CARD\MXTmpFiles\fatfs_vars.tmp
2022-10-26 23:30:53,436 [INFO] CodeEngine:245 - oldGeneratedFile, D:\github\mc\stm32\SPI_SD_CARD\SPI_SD_CARD\MXTmpFiles\fatfs_ext_vars.tmp_save
2022-10-26 23:30:53,482 [INFO] CodeEngine:269 - Generated code: D:\github\mc\stm32\SPI_SD_CARD\SPI_SD_CARD\MXTmpFiles\fatfs_ext_vars.tmp
2022-10-26 23:30:53,487 [INFO] CodeEngine:245 - oldGeneratedFile, D:\github\mc\stm32\SPI_SD_CARD\SPI_SD_CARD\MXTmpFiles\fatfs_inc.tmp_save
2022-10-26 23:30:53,535 [INFO] CodeEngine:269 - Generated code: D:\github\mc\stm32\SPI_SD_CARD\SPI_SD_CARD\MXTmpFiles\fatfs_inc.tmp
2022-10-26 23:30:53,538 [INFO] CodeEngine:245 - oldGeneratedFile, D:\github\mc\stm32\SPI_SD_CARD\SPI_SD_CARD\FATFS\Target\ffconf.h_save
2022-10-26 23:30:53,636 [INFO] CodeEngine:269 - Generated code: D:\github\mc\stm32\SPI_SD_CARD\SPI_SD_CARD\FATFS\Target\ffconf.h
2022-10-26 23:30:53,649 [INFO] CodeEngine:245 - oldGeneratedFile, D:\github\mc\stm32\SPI_SD_CARD\SPI_SD_CARD\FATFS\Target\user_diskio.c_save
2022-10-26 23:30:53,747 [INFO] CodeEngine:269 - Generated code: D:\github\mc\stm32\SPI_SD_CARD\SPI_SD_CARD\FATFS\Target\user_diskio.c
2022-10-26 23:30:53,756 [INFO] CodeEngine:245 - oldGeneratedFile, D:\github\mc\stm32\SPI_SD_CARD\SPI_SD_CARD\FATFS\Target\user_diskio.h_save
2022-10-26 23:30:53,829 [INFO] CodeEngine:269 - Generated code: D:\github\mc\stm32\SPI_SD_CARD\SPI_SD_CARD\FATFS\Target\user_diskio.h
2022-10-26 23:30:53,834 [INFO] CodeEngine:245 - oldGeneratedFile, D:\github\mc\stm32\SPI_SD_CARD\SPI_SD_CARD\FATFS\App\fatfs.c_save
2022-10-26 23:30:53,905 [INFO] CodeEngine:269 - Generated code: D:\github\mc\stm32\SPI_SD_CARD\SPI_SD_CARD\FATFS\App\fatfs.c
2022-10-26 23:30:53,910 [INFO] CodeEngine:245 - oldGeneratedFile, D:\github\mc\stm32\SPI_SD_CARD\SPI_SD_CARD\FATFS\App\fatfs.h_save
2022-10-26 23:30:53,970 [INFO] CodeEngine:269 - Generated code: D:\github\mc\stm32\SPI_SD_CARD\SPI_SD_CARD\FATFS\App\fatfs.h
2022-10-26 23:30:54,031 [INFO] CodeEngine:245 - oldGeneratedFile, D:\github\mc\stm32\SPI_SD_CARD\SPI_SD_CARD\Core\Src\stm32f1xx_it.c_save
2022-10-26 23:30:54,224 [INFO] CodeEngine:269 - Generated code: D:\github\mc\stm32\SPI_SD_CARD\SPI_SD_CARD\Core\Src\stm32f1xx_it.c
2022-10-26 23:30:54,229 [INFO] CodeEngine:245 - oldGeneratedFile, D:\github\mc\stm32\SPI_SD_CARD\SPI_SD_CARD\Core\Inc\stm32f1xx_it.h_save
2022-10-26 23:30:54,293 [INFO] CodeEngine:269 - Generated code: D:\github\mc\stm32\SPI_SD_CARD\SPI_SD_CARD\Core\Inc\stm32f1xx_it.h
2022-10-26 23:30:54,340 [INFO] CodeEngine:245 - oldGeneratedFile, D:\github\mc\stm32\SPI_SD_CARD\SPI_SD_CARD\Core\Src\stm32f1xx_hal_msp.c_save
2022-10-26 23:30:54,459 [INFO] CodeEngine:269 - Generated code: D:\github\mc\stm32\SPI_SD_CARD\SPI_SD_CARD\Core\Src\stm32f1xx_hal_msp.c
2022-10-26 23:30:54,461 [INFO] CodeEngine:245 - oldGeneratedFile, D:\github\mc\stm32\SPI_SD_CARD\SPI_SD_CARD\MXTmpFiles\system.tmp_save
2022-10-26 23:30:54,530 [INFO] CodeEngine:269 - Generated code: D:\github\mc\stm32\SPI_SD_CARD\SPI_SD_CARD\MXTmpFiles\system.tmp
2022-10-26 23:30:54,617 [INFO] CodeEngine:245 - oldGeneratedFile, D:\github\mc\stm32\SPI_SD_CARD\SPI_SD_CARD\Core\Inc\stm32f1xx_hal_conf.h_save
2022-10-26 23:30:54,756 [INFO] CodeEngine:269 - Generated code: D:\github\mc\stm32\SPI_SD_CARD\SPI_SD_CARD\Core\Inc\stm32f1xx_hal_conf.h
2022-10-26 23:30:54,824 [INFO] CodeEngine:245 - oldGeneratedFile, D:\github\mc\stm32\SPI_SD_CARD\SPI_SD_CARD\Core\Inc\main.h_save
2022-10-26 23:30:54,966 [INFO] CodeEngine:269 - Generated code: D:\github\mc\stm32\SPI_SD_CARD\SPI_SD_CARD\Core\Inc\main.h
2022-10-26 23:30:55,007 [INFO] CodeEngine:245 - oldGeneratedFile, D:\github\mc\stm32\SPI_SD_CARD\SPI_SD_CARD\Core\Src\main.c_save
2022-10-26 23:30:55,131 [INFO] CodeEngine:269 - Generated code: D:\github\mc\stm32\SPI_SD_CARD\SPI_SD_CARD\Core\Src\main.c
2022-10-26 23:30:55,682 [INFO] ProjectBuilder:2919 - Time for Copy HAL[1] : 154mS.
2022-10-26 23:30:55,687 [INFO] ProjectBuilder:4117 - Project Generator version: 3.17.1
2022-10-26 23:30:56,042 [INFO] ConfigFileManager:1394 - The Die is : DIE410
2022-10-26 23:30:57,733 [INFO] ProjectBuilder:4285 - Time for Generating toolchain IDE Files: 2046mS.
2022-10-26 23:30:57,736 [INFO] ProjectBuilder:2790 - Time for Copy CMSIS : 1mS.
2022-10-26 23:30:57,738 [INFO] ProjectBuilder:2790 - Time for Copy CMSIS : 0mS.
