2022-10-27 19:08:39,645 [INFO] Activator:177 - 


2022-10-27 19:08:39,646 [INFO] Activator:178 - !SESSION log4j initialized
2022-10-27 19:08:42,062 [INFO] McuFinderGlobals:44 - Set McuFinder mode to 2 (CubeIDE integrated)
2022-10-27 19:08:42,957 [INFO] ApplicationProperties:181 - Using Application install path: C:\ST\STM32CubeIDE_1.9.0\STM32CubeIDE\plugins\com.st.stm32cube.common.mx_6.6.1.202207061420
2022-10-27 19:08:42,972 [INFO] DbMcusXml:77 - Set database path to: C:\ST\STM32CubeIDE_1.9.0\STM32CubeIDE\plugins\com.st.stm32cube.common.mx_6.6.1.202207061420\\db\/mcu/
2022-10-27 19:08:42,972 [INFO] ApiDb:269 - Set plugin database path to: C:\ST\STM32CubeIDE_1.9.0\STM32CubeIDE\plugins\com.st.stm32cube.common.mx_6.6.1.202207061420\\db\/plugins/boardmanager/
2022-10-27 19:08:42,975 [WARN] ApiDb:254 - Overriding images path with different value:  => C:\ST\STM32CubeIDE_1.9.0\STM32CubeIDE\plugins\com.st.stm32cube.common.mx_6.6.1.202207061420\\db\/plugins/mcufinder/images/
2022-10-27 19:08:42,986 [INFO] ApiDb:249 - Set database path to: C:\Users\Zver\.stmcufinder\plugins\mcufinder//mcu/
2022-10-27 19:08:42,988 [INFO] DbMcusAds:124 - Set database path to: C:\Users\Zver\.stmcufinder\plugins\mcufinder//mcu/
2022-10-27 19:08:43,005 [INFO] CrossReferenceDbSqlite:201 - Set database path to: C:\Users\Zver\.stmcufinder\plugins\mcufinder//mcu/cs/
2022-10-27 19:08:43,082 [INFO] RulesReader:61 - Compatibility file has been processed (282 Rules)
2022-10-27 19:08:43,217 [INFO] DbMcusXml:77 - Set database path to: C:\ST\STM32CubeIDE_1.9.0\STM32CubeIDE\plugins\com.st.stm32cube.common.mx_6.6.1.202207061420\\db\/mcu/
2022-10-27 19:08:43,217 [INFO] ApiDb:269 - Set plugin database path to: C:\ST\STM32CubeIDE_1.9.0\STM32CubeIDE\plugins\com.st.stm32cube.common.mx_6.6.1.202207061420\\db\/plugins/boardmanager/
2022-10-27 19:08:43,217 [INFO] ApiDb:256 - Set plugin images path to: C:\ST\STM32CubeIDE_1.9.0\STM32CubeIDE\plugins\com.st.stm32cube.common.mx_6.6.1.202207061420\\db\/plugins/mcufinder/images/
2022-10-27 19:08:43,218 [WARN] DbFile:40 - Overriding database path with different value: C:\Users\Zver\.stmcufinder\plugins\mcufinder/ => C:\Users\Zver\.stmcufinder\plugins\mcufinder
2022-10-27 19:08:43,218 [INFO] ApiDb:249 - Set database path to: C:\Users\Zver\.stmcufinder\plugins\mcufinder//mcu/
2022-10-27 19:08:43,218 [WARN] DbFile:40 - Overriding database path with different value: C:\Users\Zver\.stmcufinder\plugins\mcufinder/ => C:\Users\Zver\.stmcufinder\plugins\mcufinder
2022-10-27 19:08:43,218 [INFO] DbMcusAds:124 - Set database path to: C:\Users\Zver\.stmcufinder\plugins\mcufinder//mcu/
2022-10-27 19:08:43,219 [WARN] DbFile:40 - Overriding database path with different value: C:\Users\Zver\.stmcufinder\plugins\mcufinder/ => C:\Users\Zver\.stmcufinder\plugins\mcufinder
2022-10-27 19:08:43,219 [WARN] DbFile:40 - Overriding database path with different value: C:\Users\Zver\.stmcufinder\plugins\mcufinder/ => C:\Users\Zver\.stmcufinder\plugins\mcufinder
2022-10-27 19:08:43,219 [INFO] CrossReferenceDbSqlite:201 - Set database path to: C:\Users\Zver\.stmcufinder\plugins\mcufinder//mcu/cs/
2022-10-27 19:08:43,306 [INFO] MainPanel:242 - HeapMemory: 268435456
2022-10-27 19:08:43,361 [INFO] DbMcusXml:77 - Set database path to: C:\ST\STM32CubeIDE_1.9.0\STM32CubeIDE\plugins\com.st.stm32cube.common.mx_6.6.1.202207061420\\db\/mcu/
2022-10-27 19:08:43,361 [INFO] ApiDb:269 - Set plugin database path to: C:\ST\STM32CubeIDE_1.9.0\STM32CubeIDE\plugins\com.st.stm32cube.common.mx_6.6.1.202207061420\\db\/plugins/boardmanager/
2022-10-27 19:08:43,361 [INFO] ApiDb:256 - Set plugin images path to: C:\ST\STM32CubeIDE_1.9.0\STM32CubeIDE\plugins\com.st.stm32cube.common.mx_6.6.1.202207061420\\db\/plugins/mcufinder/images/
2022-10-27 19:08:43,362 [WARN] DbFile:40 - Overriding database path with different value: C:\Users\Zver\.stmcufinder\plugins\mcufinder/ => C:\Users\Zver\.stmcufinder\plugins\mcufinder
2022-10-27 19:08:43,362 [INFO] ApiDb:249 - Set database path to: C:\Users\Zver\.stmcufinder\plugins\mcufinder//mcu/
2022-10-27 19:08:43,362 [WARN] DbFile:40 - Overriding database path with different value: C:\Users\Zver\.stmcufinder\plugins\mcufinder/ => C:\Users\Zver\.stmcufinder\plugins\mcufinder
2022-10-27 19:08:43,362 [INFO] DbMcusAds:124 - Set database path to: C:\Users\Zver\.stmcufinder\plugins\mcufinder//mcu/
2022-10-27 19:08:43,362 [WARN] DbFile:40 - Overriding database path with different value: C:\Users\Zver\.stmcufinder\plugins\mcufinder/ => C:\Users\Zver\.stmcufinder\plugins\mcufinder
2022-10-27 19:08:43,362 [WARN] DbFile:40 - Overriding database path with different value: C:\Users\Zver\.stmcufinder\plugins\mcufinder/ => C:\Users\Zver\.stmcufinder\plugins\mcufinder
2022-10-27 19:08:43,363 [INFO] CrossReferenceDbSqlite:201 - Set database path to: C:\Users\Zver\.stmcufinder\plugins\mcufinder//mcu/cs/
2022-10-27 19:08:43,382 [INFO] ApplicationProperties:181 - Using Application install path: C:\ST\STM32CubeIDE_1.9.0\STM32CubeIDE\plugins\com.st.stm32cube.common.mx_6.6.1.202207061420
2022-10-27 19:08:43,382 [INFO] PluginManage:193 - Search for loadable plugins [exclusion list=, ]
2022-10-27 19:08:43,384 [INFO] PluginManage:307 - Check plugin analytics
2022-10-27 19:08:43,605 [INFO] AnalyticsPlugin:262 - Accepted Software Licenses: 
2022-10-27 19:08:43,606 [INFO] AnalyticsPlugin:264 - Accepted CMSIS Pack Licenses: 
2022-10-27 19:08:43,606 [INFO] AnalyticsPlugin:266 - Accepted Firmware Licenses: 
2022-10-27 19:08:43,613 [INFO] PluginManage:356 - Loaded plugin analytics (category:tool,tabindex:-1)
2022-10-27 19:08:43,613 [INFO] PluginManage:307 - Check plugin cadmodel
2022-10-27 19:08:43,618 [INFO] CADModel:65 - Init CAD model plugin
2022-10-27 19:08:43,619 [INFO] PluginManage:356 - Loaded plugin cadmodel (category:power,tabindex:5)
2022-10-27 19:08:43,619 [INFO] PluginManage:307 - Check plugin clock
2022-10-27 19:08:43,629 [INFO] PluginManage:356 - Loaded plugin clock (category:base,tabindex:2)
2022-10-27 19:08:43,629 [INFO] PluginManage:307 - Check plugin ddr
2022-10-27 19:08:43,631 [INFO] PluginManage:356 - Loaded plugin ddr (category:tool,tabindex:6)
2022-10-27 19:08:43,632 [INFO] PluginManage:307 - Check plugin filemanager
2022-10-27 19:08:43,757 [INFO] PluginManage:356 - Loaded plugin filemanager (category:base,tabindex:10)
2022-10-27 19:08:43,758 [INFO] PluginManage:307 - Check plugin ipmanager
2022-10-27 19:08:43,773 [INFO] PluginManage:356 - Loaded plugin ipmanager (category:base,tabindex:5)
2022-10-27 19:08:43,773 [INFO] PluginManage:307 - Check plugin lpbam
2022-10-27 19:08:43,784 [INFO] PluginManage:356 - Loaded plugin lpbam (category:base,tabindex:0)
2022-10-27 19:08:43,784 [INFO] PluginManage:307 - Check plugin pinoutandconfiguration
2022-10-27 19:08:43,793 [INFO] PluginManage:356 - Loaded plugin pinoutandconfiguration (category:base,tabindex:1)
2022-10-27 19:08:43,794 [INFO] PluginManage:307 - Check plugin pinoutconfig
2022-10-27 19:08:43,828 [INFO] PluginManage:356 - Loaded plugin pinoutconfig (category:base,tabindex:0)
2022-10-27 19:08:43,829 [INFO] PluginManage:307 - Check plugin power
2022-10-27 19:08:43,838 [INFO] PluginManage:356 - Loaded plugin power (category:power,tabindex:4)
2022-10-27 19:08:43,839 [INFO] PluginManage:307 - Check plugin projectmanager
2022-10-27 19:08:43,894 [INFO] PluginManage:356 - Loaded plugin projectmanager (category:projectmanager,tabindex:3)
2022-10-27 19:08:43,895 [INFO] PluginManage:307 - Check plugin thirdparty
2022-10-27 19:08:44,047 [WARN] IntegrityCheckThread:82 - waiting for thirdparty lock release [integrity check]
2022-10-27 19:08:44,047 [INFO] PluginManage:356 - Loaded plugin thirdparty (category:base,tabindex:-1)
2022-10-27 19:08:44,047 [INFO] IntegrityCheckThread:84 - entering critical section [integrity check]
2022-10-27 19:08:44,048 [INFO] PluginManage:307 - Check plugin tools
2022-10-27 19:08:44,050 [INFO] ThirdPartyUpdaterWithRetryManager:70 - Updater plugin not ready yet. [1/15]
2022-10-27 19:08:44,051 [INFO] PluginManage:356 - Loaded plugin tools (category:base,tabindex:7)
2022-10-27 19:08:44,051 [INFO] PluginManage:307 - Check plugin tutovideos
2022-10-27 19:08:44,239 [INFO] PluginManage:356 - Loaded plugin tutovideos (category:base,tabindex:-1)
2022-10-27 19:08:44,239 [INFO] PluginManage:307 - Check plugin updater
2022-10-27 19:08:44,254 [INFO] PluginManage:356 - Loaded plugin updater (category:base,tabindex:12)
2022-10-27 19:08:44,255 [INFO] PluginManage:280 - PluginManage : Loaded plugins [15]
2022-10-27 19:08:44,589 [INFO] PinOutPanel:1468 - setPackage(No Configuration,No Configuration)
2022-10-27 19:08:44,672 [INFO] CADModel:98 - CPN selected for project level
2022-10-27 19:08:44,684 [INFO] IPUIPlugin:79 - create IPUIPlugin
2022-10-27 19:08:44,685 [INFO] PluginManager:217 - loadIPPluginJar : add adc
2022-10-27 19:08:44,687 [INFO] IPUIPlugin:79 - create IPUIPlugin
2022-10-27 19:08:44,687 [INFO] PluginManager:217 - loadIPPluginJar : add aes
2022-10-27 19:08:44,689 [INFO] IPUIPlugin:79 - create IPUIPlugin
2022-10-27 19:08:44,689 [INFO] PluginManager:217 - loadIPPluginJar : add can
2022-10-27 19:08:44,690 [INFO] IPUIPlugin:79 - create IPUIPlugin
2022-10-27 19:08:44,690 [INFO] PluginManager:217 - loadIPPluginJar : add comp
2022-10-27 19:08:44,692 [INFO] IPUIPlugin:79 - create IPUIPlugin
2022-10-27 19:08:44,692 [INFO] PluginManager:217 - loadIPPluginJar : add cryp
2022-10-27 19:08:44,694 [INFO] IPUIPlugin:79 - create IPUIPlugin
2022-10-27 19:08:44,694 [INFO] PluginManager:217 - loadIPPluginJar : add dfsdm
2022-10-27 19:08:44,698 [INFO] IPUIPlugin:79 - create IPUIPlugin
2022-10-27 19:08:44,699 [INFO] PluginManager:217 - loadIPPluginJar : add dma
2022-10-27 19:08:44,701 [INFO] IPUIPlugin:79 - create IPUIPlugin
2022-10-27 19:08:44,702 [INFO] PluginManager:217 - loadIPPluginJar : add dma3
2022-10-27 19:08:44,703 [INFO] IPUIPlugin:79 - create IPUIPlugin
2022-10-27 19:08:44,704 [INFO] PluginManager:217 - loadIPPluginJar : add fatfs
2022-10-27 19:08:44,707 [INFO] IPUIPlugin:79 - create IPUIPlugin
2022-10-27 19:08:44,707 [INFO] PluginManager:217 - loadIPPluginJar : add fmc
2022-10-27 19:08:44,711 [INFO] IPUIPlugin:79 - create IPUIPlugin
2022-10-27 19:08:44,712 [INFO] PluginManager:217 - loadIPPluginJar : add freertos
2022-10-27 19:08:44,714 [INFO] IPUIPlugin:79 - create IPUIPlugin
2022-10-27 19:08:44,714 [INFO] PluginManager:217 - loadIPPluginJar : add genericplugin
2022-10-27 19:08:44,716 [INFO] IPUIPlugin:79 - create IPUIPlugin
2022-10-27 19:08:44,716 [INFO] PluginManager:217 - loadIPPluginJar : add gfxmmu
2022-10-27 19:08:44,723 [INFO] IPUIPlugin:79 - create IPUIPlugin
2022-10-27 19:08:44,723 [INFO] PluginManager:217 - loadIPPluginJar : add gic
2022-10-27 19:08:44,726 [INFO] IPUIPlugin:79 - create IPUIPlugin
2022-10-27 19:08:44,727 [INFO] PluginManager:217 - loadIPPluginJar : add gpio
2022-10-27 19:08:44,730 [INFO] IPUIPlugin:79 - create IPUIPlugin
2022-10-27 19:08:44,730 [INFO] PluginManager:217 - loadIPPluginJar : add gtzc
2022-10-27 19:08:44,732 [INFO] IPUIPlugin:79 - create IPUIPlugin
2022-10-27 19:08:44,733 [INFO] PluginManager:217 - loadIPPluginJar : add hash
2022-10-27 19:08:44,736 [INFO] IPUIPlugin:79 - create IPUIPlugin
2022-10-27 19:08:44,736 [INFO] PluginManager:217 - loadIPPluginJar : add i2c
2022-10-27 19:08:44,737 [INFO] IPUIPlugin:79 - create IPUIPlugin
2022-10-27 19:08:44,738 [INFO] PluginManager:217 - loadIPPluginJar : add i2s
2022-10-27 19:08:44,740 [INFO] IPUIPlugin:79 - create IPUIPlugin
2022-10-27 19:08:44,741 [INFO] PluginManager:217 - loadIPPluginJar : add ipddr
2022-10-27 19:08:44,746 [INFO] IPUIPlugin:79 - create IPUIPlugin
2022-10-27 19:08:44,746 [INFO] PluginManager:217 - loadIPPluginJar : add linkedlist
2022-10-27 19:08:44,748 [INFO] IPUIPlugin:79 - create IPUIPlugin
2022-10-27 19:08:44,748 [INFO] PluginManager:217 - loadIPPluginJar : add lorawan
2022-10-27 19:08:44,749 [INFO] IPUIPlugin:79 - create IPUIPlugin
2022-10-27 19:08:44,749 [INFO] PluginManager:217 - loadIPPluginJar : add ltdc
2022-10-27 19:08:44,753 [INFO] IPUIPlugin:79 - create IPUIPlugin
2022-10-27 19:08:44,753 [INFO] PluginManager:217 - loadIPPluginJar : add mdma
2022-10-27 19:08:44,755 [INFO] IPUIPlugin:79 - create IPUIPlugin
2022-10-27 19:08:44,755 [INFO] PluginManager:217 - loadIPPluginJar : add nvic
2022-10-27 19:08:44,757 [INFO] IPUIPlugin:79 - create IPUIPlugin
2022-10-27 19:08:44,757 [INFO] PluginManager:217 - loadIPPluginJar : add opamp
2022-10-27 19:08:44,759 [INFO] IPUIPlugin:79 - create IPUIPlugin
2022-10-27 19:08:44,760 [INFO] PluginManager:217 - loadIPPluginJar : add openamp
2022-10-27 19:08:44,762 [INFO] IPUIPlugin:79 - create IPUIPlugin
2022-10-27 19:08:44,762 [INFO] PluginManager:217 - loadIPPluginJar : add pdm2pcm
2022-10-27 19:08:44,768 [INFO] IPUIPlugin:79 - create IPUIPlugin
2022-10-27 19:08:44,770 [INFO] PluginManager:217 - loadIPPluginJar : add plateformsettings
2022-10-27 19:08:44,771 [INFO] IPUIPlugin:79 - create IPUIPlugin
2022-10-27 19:08:44,771 [INFO] PluginManager:217 - loadIPPluginJar : add quadspi
2022-10-27 19:08:44,774 [INFO] IPUIPlugin:79 - create IPUIPlugin
2022-10-27 19:08:44,774 [INFO] PluginManager:217 - loadIPPluginJar : add resmgrutility
2022-10-27 19:08:44,776 [INFO] IPUIPlugin:79 - create IPUIPlugin
2022-10-27 19:08:44,776 [INFO] PluginManager:217 - loadIPPluginJar : add sai
2022-10-27 19:08:44,779 [INFO] IPUIPlugin:79 - create IPUIPlugin
2022-10-27 19:08:44,779 [INFO] PluginManager:217 - loadIPPluginJar : add spi
2022-10-27 19:08:44,782 [INFO] IPUIPlugin:79 - create IPUIPlugin
2022-10-27 19:08:44,783 [INFO] PluginManager:217 - loadIPPluginJar : add stm32_wpan
2022-10-27 19:08:44,784 [INFO] IPUIPlugin:79 - create IPUIPlugin
2022-10-27 19:08:44,784 [INFO] PluginManager:217 - loadIPPluginJar : add tim
2022-10-27 19:08:44,788 [INFO] IPUIPlugin:79 - create IPUIPlugin
2022-10-27 19:08:44,788 [INFO] PluginManager:217 - loadIPPluginJar : add touchsensing
2022-10-27 19:08:44,789 [INFO] IPUIPlugin:79 - create IPUIPlugin
2022-10-27 19:08:44,790 [INFO] PluginManager:217 - loadIPPluginJar : add tracer_emb
2022-10-27 19:08:44,792 [INFO] IPUIPlugin:79 - create IPUIPlugin
2022-10-27 19:08:44,792 [INFO] PluginManager:217 - loadIPPluginJar : add ts
2022-10-27 19:08:44,795 [INFO] IPUIPlugin:79 - create IPUIPlugin
2022-10-27 19:08:44,795 [INFO] PluginManager:217 - loadIPPluginJar : add tsc
2022-10-27 19:08:44,797 [INFO] IPUIPlugin:79 - create IPUIPlugin
2022-10-27 19:08:44,798 [INFO] PluginManager:217 - loadIPPluginJar : add ucpd
2022-10-27 19:08:44,802 [INFO] IPUIPlugin:79 - create IPUIPlugin
2022-10-27 19:08:44,802 [INFO] PluginManager:217 - loadIPPluginJar : add usart
2022-10-27 19:08:44,806 [INFO] IPUIPlugin:79 - create IPUIPlugin
2022-10-27 19:08:44,806 [INFO] PluginManager:217 - loadIPPluginJar : add usbx
2022-10-27 19:08:45,065 [FATAL] Updater:301 - Updater called before beeing initialized
2022-10-27 19:08:45,221 [FATAL] Updater:301 - Updater called before beeing initialized
2022-10-27 19:08:45,227 [INFO] DbMcusAds:52 - JSON generation date=Thu Sep 30 09:56:37 MSK 2021 (1632984997303)
2022-10-27 19:08:45,227 [FATAL] Updater:301 - Updater called before beeing initialized
2022-10-27 19:08:45,259 [WARN] DetailPanel:344 - Failed to get advertising image, set to default
2022-10-27 19:08:45,372 [FATAL] Updater:301 - Updater called before beeing initialized
2022-10-27 19:08:45,374 [FATAL] Updater:301 - Updater called before beeing initialized
2022-10-27 19:08:45,374 [FATAL] Updater:301 - Updater called before beeing initialized
2022-10-27 19:08:45,374 [WARN] DetailPanel:344 - Failed to get advertising image, set to default
2022-10-27 19:08:45,374 [FATAL] Updater:301 - Updater called before beeing initialized
2022-10-27 19:08:45,415 [ERROR] Updater:1105 - MainUpdater not yet initialized. External WinMGr cannot be set.
2022-10-27 19:08:45,418 [INFO] Updater:1041 - Updater Version found : 6.6.1
2022-10-27 19:08:45,431 [INFO] ApplicationProperties:181 - Using Application install path: C:\ST\STM32CubeIDE_1.9.0\STM32CubeIDE\plugins\com.st.stm32cube.common.mx_6.6.1.202207061420
2022-10-27 19:08:47,050 [INFO] ThirdPartyUpdaterWithRetryManager:70 - Updater plugin not ready yet. [2/15]
2022-10-27 19:08:47,831 [INFO] MainUpdater:2768 - connection check result : 10
2022-10-27 19:08:47,831 [INFO] MainUpdater:280 - Updater Check For Update Now.
2022-10-27 19:08:47,831 [INFO] MicroXplorer:481 - Change Database Version : DB.6.0.60
2022-10-27 19:08:47,979 [INFO] CheckServerUpdateThread:119 - End of CheckServer Thread
2022-10-27 19:08:48,038 [INFO] MainUpdater:2768 - connection check result : 10
2022-10-27 19:08:48,217 [INFO] McuFinderGlobals:57 - Set McuFinderConnectedMode to true
2022-10-27 19:08:48,224 [INFO] MultiScanPanel:195 - Auto-refresh data requested => check proxy status ongoing
2022-10-27 19:08:48,226 [INFO] FinderPluginLoader:92 - Searching for filters in installed packs
2022-10-27 19:08:48,337 [INFO] ApiDb:576 - Connected to CubeFinder SQLite database (C:\Users\Zver\.stmcufinder\plugins\mcufinder\mcu\cube-finder-db.db)
2022-10-27 19:08:48,360 [INFO] ApiDb:663 - CubeFinder database Data Model version=2.1
2022-10-27 19:08:48,361 [INFO] ApiDb:664 - CubeFinder database Configuration version=3.0.32
2022-10-27 19:08:48,361 [INFO] ApiDb:665 - CubeFinder database generation date=2022-08-05 (1659688109)
2022-10-27 19:08:48,361 [INFO] ApiDb:666 - CubeFinder database FW Pack versions=[STM32Cube_FW_C0_V1.0.0, STM32Cube_FW_F4_V1.27.1, STM32Cube_FW_F7_V1.17.0, STM32Cube_FW_G0_V1.6.1, STM32Cube_FW_G4_V1.5.0, STM32Cube_FW_H7_V1.10.0, STM32Cube_FW_L5_V1.4.0, STM32Cube_FW_U5_V1.1.1, STM32Cube_FW_WB_V1.14.1, STM32Cube_FW_WL_V1.2.0, X-CUBE-ALGOBUILD_V1.3.0, X-CUBE-ALS_V1.0.1, X-CUBE-AZRTOS-F4_V1.1.0, X-CUBE-AZRTOS-F7_V1.1.0, X-CUBE-AZRTOS-G0_V1.1.0, X-CUBE-AZRTOS-G4_V1.0.0, X-CUBE-AZRTOS-H7_V2.1.0, X-CUBE-AZRTOS-L4_V1.0.0, X-CUBE-AZRTOS-L5_V1.0.0, X-CUBE-AZRTOS-WL_V1.0.0, X-CUBE-BLE1_V6.2.3, X-CUBE-BLE2_V3.3.0, X-CUBE-EEPRMA1_V3.1.1, X-CUBE-GNSS1_V6.0.0, X-CUBE-MEMS1_V9.1.0, X-CUBE-MEMS1_V9.3.0, X-CUBE-NFC4_V2.0.4, X-CUBE-NFC7_V1.0.0, X-CUBE-SFXS2LP1_V4.0.0, X-CUBE-SUBG2_V5.0.0]
2022-10-27 19:08:49,776 [INFO] ApiDb:239 - Found 138 in-development CPN: [B-WB1M-WPAN1, NUCLEO-C031C6, STEVAL-STWINBX1, STM320518-EVAL, STM32C0116-DK, STM32C011D6Y3TR, STM32C011D6Y6TR, STM32C011F4P3, STM32C011F4P6, STM32C011F4U3, STM32C011F4U6TR, STM32C011F6P3, STM32C011F6P6, STM32C011F6U3, STM32C011F6U6TR, STM32C011J4M3, STM32C011J4M6, STM32C011J6M3, STM32C011J6M6, STM32C0316-DK, STM32C031C4T3, STM32C031C4T6, STM32C031C4U3, STM32C031C4U6, STM32C031C6T3, STM32C031C6T6, STM32C031C6U3, STM32C031C6U6, STM32C031F4P3, STM32C031F4P6, STM32C031F6P3, STM32C031F6P6, STM32C031G4U3, STM32C031G4U6, STM32C031G6U3, STM32C031G6U6, STM32C031K4T3, STM32C031K4T6, STM32C031K4U3, STM32C031K4U6, STM32C031K6T3, STM32C031K6T6, STM32C031K6U3, STM32C031K6U6, STM32G071K8TXN, STM32G071K8UXN, STM32G081GBU6N, STM32G081KBT6N, STM32G081KBUXN, STM32G0B1CCT6N, STM32G0B1KCT6, STM32G0B1NEY6TR, STM32G0B1RCT6N, STM32G0C1CCT6, STM32G0C1CCT6N, STM32G0C1CCU6N, STM32G0C1CET6N, STM32G0C1CEU6N, STM32G0C1KCT6, STM32G0C1NEY6TR, STM32G0C1RCI6N, STM32G0C1RCT6N, STM32G0C1REI6N, STM32G0C1RET6N, STM32G0C1VCI6, STM32G0C1VEI6, STM32G471CCT6, STM32G471CCU6, STM32G471CET3, STM32G471CET6, STM32G471CEU3, STM32G471CEU6, STM32G471MCT6, STM32G471MET3, STM32G471MET6, STM32G471MEY6TR, STM32G471QCT6, STM32G471QET3, STM32G471RCT6, STM32G471RET3, STM32G471RET6, STM32G471VCH6, STM32G471VCI6, STM32G471VCT6, STM32G471VEH3, STM32G471VEH6, STM32G471VEI3, STM32G471VEI6, STM32G471VET3, STM32G471VET6, STM32G474CCT6, STM32L476VGY6PTR, STM32L4R5QGI6STR, STM32MP131AAE3, STM32MP131AAF3, STM32MP131AAG3, STM32MP131CAE3, STM32MP131CAF3, STM32MP131CAG3, STM32MP131DAE7, STM32MP131DAF7, STM32MP131DAG7, STM32MP131FAE7, STM32MP131FAF7, STM32MP131FAG7, STM32MP133AAE3, STM32MP133AAF3, STM32MP133AAG3, STM32MP133CAE3, STM32MP133CAF3, STM32MP133CAG3, STM32MP133DAE7, STM32MP133DAF7, STM32MP133DAG7, STM32MP133FAE7, STM32MP133FAF7, STM32MP133FAG7, STM32MP135AAE3, STM32MP135AAF3, STM32MP135AAG3, STM32MP135CAE3, STM32MP135CAF3, STM32MP135CAG3, STM32MP135DAE7, STM32MP135DAF7, STM32MP135DAG7, STM32MP135F-DK, STM32MP135FAE7, STM32MP135FAF7, STM32MP135FAG7, STM32U595ZJT6Q, STM32U599BJY6QTR, STM32U599NIH6Q, STM32U599NJH6Q, STM32U5A5ZJT6Q, STM32U5A9BJY6QTR, STM32U5A9NJH6Q, STM32WB1MMCH6]
2022-10-27 19:08:49,779 [INFO] DbMcus:215 - Found 3542 MCUs, 3542 are supported
2022-10-27 19:08:49,781 [INFO] ApiDb:418 - Load user favorites file C:\Users\Zver/.stm32cubeide/favorites.mcus.txt: 1 item(s)
2022-10-27 19:08:49,781 [INFO] ApiDb:422 - User favorites MCUs=[STM32F103C8T6]
2022-10-27 19:08:49,781 [INFO] DbMcus:221 - Set 1 / 1 favorites MCUs
2022-10-27 19:08:50,157 [WARN] PackLoader:242 - Cannot read IP mode file for wolfSSL.I-CUBE-wolfSSL.5.2.0
2022-10-27 19:08:50,168 [WARN] PackLoader:242 - Cannot read IP mode file for STMicroelectronics.X-CUBE-GNSS1.6.0.0
2022-10-27 19:08:50,199 [WARN] PackLoader:242 - Cannot read IP mode file for STMicroelectronics.X-CUBE-AZRTOS-F4.1.1.0
2022-10-27 19:08:50,216 [WARN] PackLoader:242 - Cannot read IP mode file for STMicroelectronics.X-CUBE-BLEMGR.1.2.0
2022-10-27 19:08:50,243 [WARN] PackLoader:242 - Cannot read IP mode file for STMicroelectronics.X-CUBE-AZRTOS-F7.1.1.0
2022-10-27 19:08:50,252 [WARN] PackLoader:242 - Cannot read IP mode file for STMicroelectronics.X-CUBE-AI.7.1.0
2022-10-27 19:08:50,258 [WARN] PackLoader:242 - Cannot read IP mode file for STMicroelectronics.X-CUBE-BLE1.6.2.3
2022-10-27 19:08:50,264 [WARN] PackLoader:242 - Cannot read IP mode file for STMicroelectronics.X-CUBE-BLE1.6.2.2
2022-10-27 19:08:50,269 [WARN] PackLoader:242 - Cannot read IP mode file for STMicroelectronics.X-CUBE-NFC4.2.0.4
2022-10-27 19:08:50,275 [WARN] PackLoader:242 - Cannot read IP mode file for STMicroelectronics.X-CUBE-BLE2.3.2.2
2022-10-27 19:08:50,281 [WARN] PackLoader:242 - Cannot read IP mode file for STMicroelectronics.X-CUBE-NFC4.2.0.3
2022-10-27 19:08:50,293 [WARN] PackLoader:242 - Cannot read IP mode file for STMicroelectronics.X-CUBE-TOF1.3.1.0
2022-10-27 19:08:50,307 [WARN] PackLoader:242 - Cannot read IP mode file for STMicroelectronics.X-CUBE-SFXS2LP1.3.1.0
2022-10-27 19:08:50,326 [WARN] PackLoader:242 - Cannot read IP mode file for STMicroelectronics.X-CUBE-AZRTOS-F4.1.0.0
2022-10-27 19:08:50,333 [WARN] PackLoader:242 - Cannot read IP mode file for STMicroelectronics.X-CUBE-NFC7.1.0.0
2022-10-27 19:08:50,345 [WARN] PackLoader:242 - Cannot read IP mode file for STMicroelectronics.X-CUBE-SUBG2.4.2.0
2022-10-27 19:08:50,485 [WARN] PackLoader:242 - Cannot read IP mode file for STMicroelectronics.X-CUBE-MEMS1.9.3.0
2022-10-27 19:08:50,624 [WARN] PackLoader:242 - Cannot read IP mode file for STMicroelectronics.X-CUBE-AI.7.2.0
2022-10-27 19:08:50,651 [WARN] PackLoader:242 - Cannot read IP mode file for STMicroelectronics.X-CUBE-AZRTOS-G0.1.0.0
2022-10-27 19:08:50,658 [WARN] PackLoader:242 - Cannot read IP mode file for STMicroelectronics.X-CUBE-SFXS2LP1.4.0.0
2022-10-27 19:08:50,671 [WARN] PackLoader:242 - Cannot read IP mode file for STMicroelectronics.X-CUBE-BLE2.3.3.0
2022-10-27 19:08:50,680 [WARN] PackLoader:242 - Cannot read IP mode file for STMicroelectronics.X-CUBE-DISPLAY.2.2.0
2022-10-27 19:08:50,694 [WARN] PackLoader:242 - Cannot read IP mode file for STMicroelectronics.X-CUBE-TOF1.3.2.0
2022-10-27 19:08:50,704 [WARN] PackLoader:242 - Cannot read IP mode file for STMicroelectronics.X-CUBE-TOUCHGFX.4.18.1
2022-10-27 19:08:50,707 [WARN] PackLoader:242 - Cannot read IP mode file for STMicroelectronics.X-CUBE-ISPU.1.0.0
2022-10-27 19:08:50,716 [WARN] PackLoader:242 - Cannot read IP mode file for RoweBots.I-CUBE-UNISONRTOS.5.5.0-4
2022-10-27 19:08:50,735 [WARN] PackLoader:242 - Cannot read IP mode file for STMicroelectronics.X-CUBE-AZRTOS-H7.2.1.0
2022-10-27 19:08:50,746 [WARN] PackLoader:242 - Cannot read IP mode file for STMicroelectronics.X-CUBE-BLEMGR.1.0.0
2022-10-27 19:08:50,755 [WARN] PackLoader:242 - Cannot read IP mode file for STMicroelectronics.X-CUBE-ALGOBUILD.1.3.0
2022-10-27 19:08:50,774 [WARN] PackLoader:242 - Cannot read IP mode file for STMicroelectronics.X-CUBE-AZRTOS-G0.1.1.0
2022-10-27 19:08:50,787 [WARN] PackLoader:242 - Cannot read IP mode file for STMicroelectronics.X-CUBE-SUBG2.5.0.0
2022-10-27 19:08:50,833 [WARN] PackLoader:242 - Cannot read IP mode file for SEGGER.I-CUBE-embOS.1.2.0
2022-10-27 19:08:50,875 [WARN] PackLoader:242 - Cannot read IP mode file for STMicroelectronics.FP-ATR-ASTRA1.1.1.1
2022-10-27 19:08:50,892 [WARN] PackLoader:242 - Cannot read IP mode file for STMicroelectronics.X-CUBE-AZRTOS-H7.2.0.0
2022-10-27 19:08:50,933 [WARN] PackLoader:242 - Cannot read IP mode file for STMicroelectronics.X-CUBE-AZRTOS-G4.1.0.0
2022-10-27 19:08:50,940 [WARN] PackLoader:242 - Cannot read IP mode file for STMicroelectronics.FP-ATR-SIGFOX1.3.2.0
2022-10-27 19:08:50,957 [WARN] PackLoader:242 - Cannot read IP mode file for STMicroelectronics.X-CUBE-AZRTOS-L4.1.0.0
2022-10-27 19:08:50,966 [WARN] PackLoader:242 - Cannot read IP mode file for emotas.I-CUBE-CANOPEN.1.1.2
2022-10-27 19:08:50,969 [WARN] PackLoader:242 - Cannot read IP mode file for STMicroelectronics.X-CUBE-TOUCHGFX.4.20.0
2022-10-27 19:08:50,984 [WARN] PackLoader:242 - Cannot read IP mode file for STMicroelectronics.X-CUBE-AZRTOS-F7.1.0.0
2022-10-27 19:08:50,995 [WARN] PackLoader:242 - Cannot read IP mode file for STMicroelectronics.X-CUBE-AZRTOS-WL.1.0.0
2022-10-27 19:08:51,031 [WARN] PackLoader:242 - Cannot read IP mode file for STMicroelectronics.X-CUBE-MEMS1.9.1.0
2022-10-27 19:08:51,141 [WARN] PackLoader:242 - Cannot read IP mode file for portGmbH.I-Cube-SoM-uGOAL.1.1.0
2022-10-27 19:08:51,161 [WARN] PackLoader:242 - Cannot read IP mode file for STMicroelectronics.X-CUBE-ALS.1.0.1
2022-10-27 19:08:51,195 [WARN] PackLoader:242 - Cannot read IP mode file for STMicroelectronics.X-CUBE-AZRTOS-L5.1.0.0
2022-10-27 19:08:51,206 [WARN] PackLoader:242 - Cannot read IP mode file for STMicroelectronics.X-CUBE-EEPRMA1.3.1.1
2022-10-27 19:08:51,212 [WARN] PackLoader:242 - Cannot read IP mode file for STMicroelectronics.X-CUBE-GNSS1.5.2.0
2022-10-27 19:08:51,217 [WARN] PackLoader:242 - Cannot read IP mode file for STMicroelectronics.X-CUBE-DISPLAY.2.0.1
2022-10-27 19:08:51,223 [WARN] PackLoader:242 - Cannot read IP mode file for STMicroelectronics.X-CUBE-TOF1.3.0.0
2022-10-27 19:08:51,226 [INFO] ThirdParty:929 - Integrity check success = true
2022-10-27 19:08:51,226 [INFO] IntegrityCheckThread:98 - exiting critical section [integrity check]
2022-10-27 19:08:51,226 [INFO] IntegrityCheckThread:101 - End integrity checks thread
2022-10-27 19:08:51,440 [INFO] LoadUrlFilesThread:177 - End of LoadServerUrlFiles without Thread
2022-10-27 19:08:51,455 [INFO] DetailPanel:339 - Set advertising image to C:/Users/Zver/STM32Cube/Repository/\en.Prom_NBSTM32U50921.jpg
2022-10-27 19:08:52,156 [INFO] MultiScanPanel:778 - Auto Refresh Data is not needed
2022-10-27 19:08:52,165 [INFO] ApiDb:663 - CubeFinder database Data Model version=2.1
2022-10-27 19:08:52,165 [INFO] ApiDb:664 - CubeFinder database Configuration version=3.0.32
2022-10-27 19:08:52,165 [INFO] ApiDb:665 - CubeFinder database generation date=2022-08-05 (1659688109)
2022-10-27 19:08:52,165 [INFO] ApiDb:666 - CubeFinder database FW Pack versions=[STM32Cube_FW_C0_V1.0.0, STM32Cube_FW_F4_V1.27.1, STM32Cube_FW_F7_V1.17.0, STM32Cube_FW_G0_V1.6.1, STM32Cube_FW_G4_V1.5.0, STM32Cube_FW_H7_V1.10.0, STM32Cube_FW_L5_V1.4.0, STM32Cube_FW_U5_V1.1.1, STM32Cube_FW_WB_V1.14.1, STM32Cube_FW_WL_V1.2.0, X-CUBE-ALGOBUILD_V1.3.0, X-CUBE-ALS_V1.0.1, X-CUBE-AZRTOS-F4_V1.1.0, X-CUBE-AZRTOS-F7_V1.1.0, X-CUBE-AZRTOS-G0_V1.1.0, X-CUBE-AZRTOS-G4_V1.0.0, X-CUBE-AZRTOS-H7_V2.1.0, X-CUBE-AZRTOS-L4_V1.0.0, X-CUBE-AZRTOS-L5_V1.0.0, X-CUBE-AZRTOS-WL_V1.0.0, X-CUBE-BLE1_V6.2.3, X-CUBE-BLE2_V3.3.0, X-CUBE-EEPRMA1_V3.1.1, X-CUBE-GNSS1_V6.0.0, X-CUBE-MEMS1_V9.1.0, X-CUBE-MEMS1_V9.3.0, X-CUBE-NFC4_V2.0.4, X-CUBE-NFC7_V1.0.0, X-CUBE-SFXS2LP1_V4.0.0, X-CUBE-SUBG2_V5.0.0]
2022-10-27 19:08:52,213 [INFO] DbBoardsSqlite:227 - include board P-NUCLEO-WB55-NUCLEO as a kit item of type 'Nucleo-64'
2022-10-27 19:08:52,213 [INFO] DbBoardsSqlite:227 - include board P-NUCLEO-WB55-USBDONGLE as a kit item of type 'Nucleo USB Dongle'
2022-10-27 19:08:52,214 [INFO] DbBoardsSqlite:227 - include board STEVAL-IDP005V1 as a kit item of type 'Evaluation Board'
2022-10-27 19:08:52,214 [INFO] DbBoardsSqlite:227 - include board STEVAL-IDP005V2 as a kit item of type 'Evaluation Board'
2022-10-27 19:08:52,221 [INFO] ApiDb:239 - Found 138 in-development CPN: [B-WB1M-WPAN1, NUCLEO-C031C6, STEVAL-STWINBX1, STM320518-EVAL, STM32C0116-DK, STM32C011D6Y3TR, STM32C011D6Y6TR, STM32C011F4P3, STM32C011F4P6, STM32C011F4U3, STM32C011F4U6TR, STM32C011F6P3, STM32C011F6P6, STM32C011F6U3, STM32C011F6U6TR, STM32C011J4M3, STM32C011J4M6, STM32C011J6M3, STM32C011J6M6, STM32C0316-DK, STM32C031C4T3, STM32C031C4T6, STM32C031C4U3, STM32C031C4U6, STM32C031C6T3, STM32C031C6T6, STM32C031C6U3, STM32C031C6U6, STM32C031F4P3, STM32C031F4P6, STM32C031F6P3, STM32C031F6P6, STM32C031G4U3, STM32C031G4U6, STM32C031G6U3, STM32C031G6U6, STM32C031K4T3, STM32C031K4T6, STM32C031K4U3, STM32C031K4U6, STM32C031K6T3, STM32C031K6T6, STM32C031K6U3, STM32C031K6U6, STM32G071K8TXN, STM32G071K8UXN, STM32G081GBU6N, STM32G081KBT6N, STM32G081KBUXN, STM32G0B1CCT6N, STM32G0B1KCT6, STM32G0B1NEY6TR, STM32G0B1RCT6N, STM32G0C1CCT6, STM32G0C1CCT6N, STM32G0C1CCU6N, STM32G0C1CET6N, STM32G0C1CEU6N, STM32G0C1KCT6, STM32G0C1NEY6TR, STM32G0C1RCI6N, STM32G0C1RCT6N, STM32G0C1REI6N, STM32G0C1RET6N, STM32G0C1VCI6, STM32G0C1VEI6, STM32G471CCT6, STM32G471CCU6, STM32G471CET3, STM32G471CET6, STM32G471CEU3, STM32G471CEU6, STM32G471MCT6, STM32G471MET3, STM32G471MET6, STM32G471MEY6TR, STM32G471QCT6, STM32G471QET3, STM32G471RCT6, STM32G471RET3, STM32G471RET6, STM32G471VCH6, STM32G471VCI6, STM32G471VCT6, STM32G471VEH3, STM32G471VEH6, STM32G471VEI3, STM32G471VEI6, STM32G471VET3, STM32G471VET6, STM32G474CCT6, STM32L476VGY6PTR, STM32L4R5QGI6STR, STM32MP131AAE3, STM32MP131AAF3, STM32MP131AAG3, STM32MP131CAE3, STM32MP131CAF3, STM32MP131CAG3, STM32MP131DAE7, STM32MP131DAF7, STM32MP131DAG7, STM32MP131FAE7, STM32MP131FAF7, STM32MP131FAG7, STM32MP133AAE3, STM32MP133AAF3, STM32MP133AAG3, STM32MP133CAE3, STM32MP133CAF3, STM32MP133CAG3, STM32MP133DAE7, STM32MP133DAF7, STM32MP133DAG7, STM32MP133FAE7, STM32MP133FAF7, STM32MP133FAG7, STM32MP135AAE3, STM32MP135AAF3, STM32MP135AAG3, STM32MP135CAE3, STM32MP135CAF3, STM32MP135CAG3, STM32MP135DAE7, STM32MP135DAF7, STM32MP135DAG7, STM32MP135F-DK, STM32MP135FAE7, STM32MP135FAF7, STM32MP135FAG7, STM32U595ZJT6Q, STM32U599BJY6QTR, STM32U599NIH6Q, STM32U599NJH6Q, STM32U5A5ZJT6Q, STM32U5A9BJY6QTR, STM32U5A9NJH6Q, STM32WB1MMCH6]
2022-10-27 19:08:52,317 [INFO] BoardInfo:879 - No configuration file found for board P-NUCLEO-WB55
2022-10-27 19:08:52,317 [INFO] DbBoards:156 - Kit is not supported: P-NUCLEO-WB55
2022-10-27 19:08:52,320 [INFO] BoardInfo:879 - No configuration file found for board STEVAL-BFA001V1B
2022-10-27 19:08:52,320 [INFO] DbBoards:156 - Kit is not supported: STEVAL-BFA001V1B
2022-10-27 19:08:52,321 [INFO] BoardInfo:879 - No configuration file found for board STEVAL-BFA001V2B
2022-10-27 19:08:52,321 [INFO] DbBoards:156 - Kit is not supported: STEVAL-BFA001V2B
2022-10-27 19:08:52,420 [INFO] DbBoards:160 - Found 176 boards, 173 are supported
2022-10-27 19:08:52,427 [INFO] ApiDb:418 - Load user favorites file C:\Users\Zver/.stm32cubeide/favorites.boards.txt: 0 item(s)
2022-10-27 19:08:52,427 [INFO] ApiDb:422 - User favorites Boards=[]
2022-10-27 19:08:52,427 [INFO] DbBoards:189 - Set 0 / 0 favorites Boards
2022-10-27 19:09:04,812 [ERROR] LogOutputStream:74 - [STDERR_REDIRECT] SLF4J: Failed to load class "org.slf4j.impl.StaticLoggerBinder".
2022-10-27 19:09:04,813 [ERROR] LogOutputStream:74 - [STDERR_REDIRECT] SLF4J: Defaulting to no-operation (NOP) logger implementation
2022-10-27 19:09:04,815 [ERROR] LogOutputStream:74 - [STDERR_REDIRECT] SLF4J: See http://www.slf4j.org/codes.html#StaticLoggerBinder for further details.
2022-10-27 19:09:16,154 [INFO] MainUpdater:2768 - connection check result : 10
2022-10-27 19:09:16,155 [INFO] MainUpdater:2768 - connection check result : 10
2022-10-27 19:09:16,170 [INFO] MicroXplorer:451 - Change Database Path : 
2022-10-27 19:09:16,170 [INFO] MicroXplorer:481 - Change Database Version : DB.6.0.60
2022-10-27 19:09:16,182 [WARN] ThirdParty:827 - waiting for thirdparty lock release [close project]
2022-10-27 19:09:16,183 [INFO] ThirdParty:829 - entering critical section [close project]
2022-10-27 19:09:16,184 [INFO] ThirdParty:839 - exiting critical section [close project]
2022-10-27 19:09:16,190 [INFO] PinOutPanel:1468 - setPackage(No Configuration,No Configuration)
2022-10-27 19:09:16,195 [INFO] UtilMem:74 - Begin LoadConfig() Used Memory: 220885952 Bytes (426770432)
2022-10-27 19:09:16,196 [INFO] MicroXplorer:451 - Change Database Path : 
2022-10-27 19:09:16,196 [INFO] MicroXplorer:481 - Change Database Version : DB.6.0.60
2022-10-27 19:09:16,196 [INFO] OpenFileManager:307 - Change cursor
2022-10-27 19:09:16,232 [INFO] Mcu:1922 - Initializing MCU STM32F103C8Tx STM32F103C8Tx 
2022-10-27 19:09:16,232 [INFO] Mcu:1935 - No CPN specified => set CPN to STM32F103C8T6
2022-10-27 19:09:16,921 [INFO] Context:654 - Trying to add GPIOservice into a context  which must be forbidden
2022-10-27 19:09:17,133 [INFO] ImportTextPane:193 - (OptionalMessage_ERROR) Unable to find key (Mcu.ThirdPartyNb) in loaded IOC file
2022-10-27 19:09:17,133 [INFO] ImportTextPane:193 - (OptionalMessage_ERROR) Unable to find key (Mcu.PinsNb) in loaded IOC file
2022-10-27 19:09:17,133 [INFO] ImportTextPane:193 - (OptionalMessage_ERROR) Unable to find key (Mcu.IPNb) in loaded IOC file
2022-10-27 19:09:17,187 [WARN] ApiManager:308 - Cannot register API 'Board Extension:GNSS1A1' from pack STMicroelectronics.X-CUBE-GNSS1.6.0.0: no header file found
2022-10-27 19:09:17,188 [WARN] ApiManager:308 - Cannot register API 'Board Support:Custom' from pack STMicroelectronics.X-CUBE-GNSS1.6.0.0: no header file found
2022-10-27 19:09:17,188 [WARN] ApiManager:308 - Cannot register API 'Data Exchange:lib_gnss' from pack STMicroelectronics.X-CUBE-GNSS1.6.0.0: no header file found
2022-10-27 19:09:17,202 [WARN] ApiManager:308 - Cannot register API 'Wireless:BlueNRG-MS' from pack STMicroelectronics.X-CUBE-BLE1.6.2.3: no header file found
2022-10-27 19:09:17,204 [INFO] RtosManager:488 - Registered RTOS mode: class=CMSIS, group=RTOS, mode=CMSIS_V1, owner=FREERTOS
2022-10-27 19:09:17,204 [INFO] RtosManager:488 - Registered RTOS mode: class=CMSIS, group=RTOS2, mode=CMSIS_V2, owner=FREERTOS
2022-10-27 19:09:17,204 [INFO] RtosManager:488 - Registered RTOS mode: class=RTOS, group=Core, mode=CMSIS_V1, owner=FREERTOS
2022-10-27 19:09:17,204 [INFO] RtosManager:488 - Registered RTOS mode: class=RTOS, group=Core, mode=CMSIS_V2, owner=FREERTOS
2022-10-27 19:09:17,205 [WARN] ModelIntegratedComponent:185 - Missing modes for component STMicroelectronics:FreeRTOS:0.0.1:STMicroelectronics:RTOS:FreeRTOS:Core:::10.2.0:
2022-10-27 19:09:17,210 [WARN] ApiManager:308 - Cannot register API 'Board Extension:S2868A1' from pack STMicroelectronics.X-CUBE-SUBG2.5.0.0: no header file found
2022-10-27 19:09:17,210 [WARN] ApiManager:308 - Cannot register API 'Board Extension:S2868A2' from pack STMicroelectronics.X-CUBE-SUBG2.5.0.0: no header file found
2022-10-27 19:09:17,210 [WARN] ApiManager:308 - Cannot register API 'Board Extension:S2915A1' from pack STMicroelectronics.X-CUBE-SUBG2.5.0.0: no header file found
2022-10-27 19:09:17,215 [WARN] ApiManager:308 - Cannot register API 'Wireless:BlueNRG-MS' from pack STMicroelectronics.X-CUBE-BLE1.6.2.2: no header file found
2022-10-27 19:09:17,216 [WARN] ApiManager:308 - Cannot register API 'Board Extension:NFC04A1' from pack STMicroelectronics.X-CUBE-NFC4.2.0.4: no header file found
2022-10-27 19:09:17,217 [WARN] ApiManager:308 - Cannot register API 'Wireless:BlueNRG-2' from pack STMicroelectronics.X-CUBE-BLE2.3.2.2: no header file found
2022-10-27 19:09:17,217 [WARN] ApiManager:308 - Cannot register API 'Board Extension:NFC04A1' from pack STMicroelectronics.X-CUBE-NFC4.2.0.3: no header file found
2022-10-27 19:09:17,221 [WARN] ApiManager:308 - Cannot register API 'Board Extension:S2868A1' from pack STMicroelectronics.X-CUBE-SFXS2LP1.3.1.0: no header file found
2022-10-27 19:09:17,221 [WARN] ApiManager:308 - Cannot register API 'Board Extension:S2868A2' from pack STMicroelectronics.X-CUBE-SFXS2LP1.3.1.0: no header file found
2022-10-27 19:09:17,221 [WARN] ApiManager:308 - Cannot register API 'Board Extension:S2915A1' from pack STMicroelectronics.X-CUBE-SFXS2LP1.3.1.0: no header file found
2022-10-27 19:09:17,226 [WARN] ModelIntegratedComponent:64 - No mode defined for component null
2022-10-27 19:09:17,226 [WARN] ModelIntegratedComponent:64 - No mode defined for component null
2022-10-27 19:09:17,226 [WARN] ModelIntegratedComponent:64 - No mode defined for component null
2022-10-27 19:09:17,226 [WARN] ModelIntegratedComponent:64 - No mode defined for component null
2022-10-27 19:09:17,227 [WARN] ModelIntegratedComponent:64 - No mode defined for component null
2022-10-27 19:09:17,227 [WARN] ModelIntegratedComponent:64 - No mode defined for component null
2022-10-27 19:09:17,227 [WARN] ModelIntegratedComponent:64 - No mode defined for component null
2022-10-27 19:09:17,227 [WARN] ModelIntegratedComponent:64 - No mode defined for component null
2022-10-27 19:09:17,227 [WARN] ModelIntegratedComponent:64 - No mode defined for component null
2022-10-27 19:09:17,227 [WARN] ModelIntegratedComponent:64 - No mode defined for component null
2022-10-27 19:09:17,227 [WARN] ModelIntegratedComponent:64 - No mode defined for component null
2022-10-27 19:09:17,227 [WARN] ModelIntegratedComponent:64 - No mode defined for component null
2022-10-27 19:09:17,227 [WARN] ModelIntegratedComponent:64 - No mode defined for component null
2022-10-27 19:09:17,227 [WARN] ModelIntegratedComponent:64 - No mode defined for component null
2022-10-27 19:09:17,227 [WARN] ModelIntegratedComponent:64 - No mode defined for component null
2022-10-27 19:09:17,227 [WARN] ModelIntegratedComponent:64 - No mode defined for component null
2022-10-27 19:09:17,227 [WARN] ModelIntegratedComponent:64 - No mode defined for component null
2022-10-27 19:09:17,227 [WARN] ModelIntegratedComponent:64 - No mode defined for component null
2022-10-27 19:09:17,227 [WARN] ModelIntegratedComponent:64 - No mode defined for component null
2022-10-27 19:09:17,228 [WARN] ModelIntegratedComponent:64 - No mode defined for component null
2022-10-27 19:09:17,228 [WARN] ModelIntegratedComponent:64 - No mode defined for component null
2022-10-27 19:09:17,228 [WARN] ModelIntegratedComponent:64 - No mode defined for component null
2022-10-27 19:09:17,228 [WARN] ModelIntegratedComponent:64 - No mode defined for component null
2022-10-27 19:09:17,228 [WARN] ModelIntegratedComponent:64 - No mode defined for component null
2022-10-27 19:09:17,228 [WARN] ModelIntegratedComponent:64 - No mode defined for component null
2022-10-27 19:09:17,228 [WARN] ModelIntegratedComponent:64 - No mode defined for component null
2022-10-27 19:09:17,228 [WARN] ModelIntegratedComponent:64 - No mode defined for component null
2022-10-27 19:09:17,228 [WARN] ModelIntegratedComponent:64 - No mode defined for component null
2022-10-27 19:09:17,228 [WARN] ModelIntegratedComponent:64 - No mode defined for component null
2022-10-27 19:09:17,228 [WARN] ModelIntegratedComponent:64 - No mode defined for component null
2022-10-27 19:09:17,228 [WARN] ModelIntegratedComponent:64 - No mode defined for component null
2022-10-27 19:09:17,228 [WARN] ModelIntegratedComponent:64 - No mode defined for component null
2022-10-27 19:09:17,228 [WARN] ModelIntegratedComponent:64 - No mode defined for component null
2022-10-27 19:09:17,230 [WARN] ApiManager:308 - Cannot register API 'Board Extension:NFC07A1' from pack STMicroelectronics.X-CUBE-NFC7.1.0.0: no header file found
2022-10-27 19:09:17,235 [WARN] ApiManager:308 - Cannot register API 'Board Extension:S2868A1' from pack STMicroelectronics.X-CUBE-SUBG2.4.2.0: no header file found
2022-10-27 19:09:17,235 [WARN] ApiManager:308 - Cannot register API 'Board Extension:S2868A2' from pack STMicroelectronics.X-CUBE-SUBG2.4.2.0: no header file found
2022-10-27 19:09:17,235 [WARN] ApiManager:308 - Cannot register API 'Board Extension:S2915A1' from pack STMicroelectronics.X-CUBE-SUBG2.4.2.0: no header file found
2022-10-27 19:09:17,315 [WARN] ApiManager:308 - Cannot register API 'Board Extension:IKS01A3' from pack STMicroelectronics.X-CUBE-MEMS1.9.1.0: no header file found
2022-10-27 19:09:17,315 [WARN] ApiManager:308 - Cannot register API 'Board Extension:IKS01A2' from pack STMicroelectronics.X-CUBE-MEMS1.9.1.0: no header file found
2022-10-27 19:09:17,315 [WARN] ApiManager:308 - Cannot register API 'Board Extension:IKS02A1' from pack STMicroelectronics.X-CUBE-MEMS1.9.1.0: no header file found
2022-10-27 19:09:17,374 [WARN] ApiManager:308 - Cannot register API 'Board Extension:IKS01A3' from pack STMicroelectronics.X-CUBE-MEMS1.9.3.0: no header file found
2022-10-27 19:09:17,375 [WARN] ApiManager:308 - Cannot register API 'Board Extension:IKS01A2' from pack STMicroelectronics.X-CUBE-MEMS1.9.3.0: no header file found
2022-10-27 19:09:17,375 [WARN] ApiManager:308 - Cannot register API 'Board Extension:IKS02A1' from pack STMicroelectronics.X-CUBE-MEMS1.9.3.0: no header file found
2022-10-27 19:09:17,380 [WARN] ApiManager:308 - Cannot register API 'Board Extension:EEPRMA1' from pack STMicroelectronics.X-CUBE-EEPRMA1.3.1.1: no header file found
2022-10-27 19:09:17,381 [WARN] ApiManager:308 - Cannot register API 'Board Extension:EEPRMA2' from pack STMicroelectronics.X-CUBE-EEPRMA1.3.1.1: no header file found
2022-10-27 19:09:17,382 [WARN] ApiManager:308 - Cannot register API 'Board Extension:GNSS1A1' from pack STMicroelectronics.X-CUBE-GNSS1.5.2.0: no header file found
2022-10-27 19:09:17,382 [WARN] ApiManager:308 - Cannot register API 'Board Support:Custom' from pack STMicroelectronics.X-CUBE-GNSS1.5.2.0: no header file found
2022-10-27 19:09:17,382 [WARN] ApiManager:308 - Cannot register API 'Data Exchange:lib_gnss' from pack STMicroelectronics.X-CUBE-GNSS1.5.2.0: no header file found
2022-10-27 19:09:17,383 [WARN] ApiManager:308 - Cannot register API 'Board Extension:S2868A1' from pack STMicroelectronics.X-CUBE-SFXS2LP1.4.0.0: no header file found
2022-10-27 19:09:17,383 [WARN] ApiManager:308 - Cannot register API 'Board Extension:S2868A2' from pack STMicroelectronics.X-CUBE-SFXS2LP1.4.0.0: no header file found
2022-10-27 19:09:17,383 [WARN] ApiManager:308 - Cannot register API 'Board Extension:S2915A1' from pack STMicroelectronics.X-CUBE-SFXS2LP1.4.0.0: no header file found
2022-10-27 19:09:17,384 [WARN] ApiManager:308 - Cannot register API 'Wireless:BlueNRG-2' from pack STMicroelectronics.X-CUBE-BLE2.3.3.0: no header file found
2022-10-27 19:09:17,395 [INFO] ThirdPartyModel:289 - Start build external matchings
2022-10-27 19:09:17,929 [INFO] ThirdPartyModel:302 - End build external matchings
2022-10-27 19:09:18,085 [INFO] UtilMem:74 - End LoadConfig() Used Memory: 197800464 Bytes (426770432)
2022-10-27 19:09:18,100 [WARN] ThirdParty:789 - waiting for thirdparty lock release [change project]
2022-10-27 19:09:18,101 [INFO] ThirdParty:791 - entering critical section [change project]
2022-10-27 19:09:18,101 [INFO] ThirdParty:981 - CMSIS Pack Vendor :wolfSSL I-CUBE-wolfSSL 5.2.0
2022-10-27 19:09:18,101 [INFO] ThirdParty:981 - CMSIS Pack Vendor :RoweBots I-CUBE-UNISONRTOS 5.5.0-4
2022-10-27 19:09:18,101 [INFO] ThirdParty:981 - CMSIS Pack Vendor :STMicroelectronics X-CUBE-GNSS1 6.0.0
2022-10-27 19:09:18,102 [INFO] ThirdParty:981 - CMSIS Pack Vendor :STMicroelectronics X-CUBE-AZRTOS-H7 2.1.0
2022-10-27 19:09:18,102 [INFO] ThirdParty:981 - CMSIS Pack Vendor :STMicroelectronics USB_HOST 2.0.0
2022-10-27 19:09:18,103 [INFO] ThirdParty:981 - CMSIS Pack Vendor :STMicroelectronics X-CUBE-AZRTOS-F4 1.1.0
2022-10-27 19:09:18,103 [INFO] ThirdParty:981 - CMSIS Pack Vendor :STMicroelectronics LIBJPEG 8.0.0
2022-10-27 19:09:18,103 [INFO] ThirdParty:981 - CMSIS Pack Vendor :STMicroelectronics USB_DEVICE 3.0.0
2022-10-27 19:09:18,103 [INFO] ThirdParty:981 - CMSIS Pack Vendor :STMicroelectronics X-CUBE-BLEMGR 1.0.0
2022-10-27 19:09:18,103 [INFO] ThirdParty:981 - CMSIS Pack Vendor :STMicroelectronics X-CUBE-BLEMGR 1.2.0
2022-10-27 19:09:18,103 [INFO] ThirdParty:981 - CMSIS Pack Vendor :STMicroelectronics X-CUBE-AZRTOS-F7 1.1.0
2022-10-27 19:09:18,104 [INFO] ThirdParty:981 - CMSIS Pack Vendor :STMicroelectronics USB_DEVICE 2.0.0
2022-10-27 19:09:18,104 [INFO] ThirdParty:981 - CMSIS Pack Vendor :STMicroelectronics X-CUBE-AI 7.1.0
2022-10-27 19:09:18,104 [INFO] ThirdParty:981 - CMSIS Pack Vendor :STMicroelectronics X-CUBE-BLE1 6.2.3
2022-10-27 19:09:18,104 [INFO] ThirdParty:981 - CMSIS Pack Vendor :STMicroelectronics X-CUBE-ALGOBUILD 1.3.0
2022-10-27 19:09:18,105 [INFO] ThirdParty:981 - CMSIS Pack Vendor :STMicroelectronics FreeRTOS 0.0.1
2022-10-27 19:09:18,105 [INFO] ThirdParty:981 - CMSIS Pack Vendor :STMicroelectronics X-CUBE-AZRTOS-G0 1.1.0
2022-10-27 19:09:18,105 [INFO] ThirdParty:981 - CMSIS Pack Vendor :STMicroelectronics X-CUBE-SUBG2 5.0.0
2022-10-27 19:09:18,105 [INFO] ThirdParty:981 - CMSIS Pack Vendor :SEGGER I-CUBE-embOS 1.2.0
2022-10-27 19:09:18,105 [INFO] ThirdParty:981 - CMSIS Pack Vendor :STMicroelectronics STM32_WPAN 1.0.0
2022-10-27 19:09:18,105 [INFO] ThirdParty:981 - CMSIS Pack Vendor :STMicroelectronics lwIP 2.0.3
2022-10-27 19:09:18,106 [INFO] ThirdParty:981 - CMSIS Pack Vendor :STMicroelectronics X-CUBE-BLE1 6.2.2
2022-10-27 19:09:18,106 [INFO] ThirdParty:981 - CMSIS Pack Vendor :STMicroelectronics X-CUBE-NFC4 2.0.4
2022-10-27 19:09:18,106 [INFO] ThirdParty:981 - CMSIS Pack Vendor :STMicroelectronics X-CUBE-BLE2 3.2.2
2022-10-27 19:09:18,106 [INFO] ThirdParty:981 - CMSIS Pack Vendor :STMicroelectronics USB_HOST 1.0.0
2022-10-27 19:09:18,106 [INFO] ThirdParty:981 - CMSIS Pack Vendor :STMicroelectronics X-CUBE-NFC4 2.0.3
2022-10-27 19:09:18,106 [INFO] ThirdParty:981 - CMSIS Pack Vendor :STMicroelectronics PDM2PCM 3.1.0
2022-10-27 19:09:18,106 [INFO] ThirdParty:981 - CMSIS Pack Vendor :STMicroelectronics FP-ATR-ASTRA1 1.1.1
2022-10-27 19:09:18,106 [INFO] ThirdParty:981 - CMSIS Pack Vendor :STMicroelectronics PDM2PCM 3.3.0
2022-10-27 19:09:18,106 [INFO] ThirdParty:981 - CMSIS Pack Vendor :STMicroelectronics X-CUBE-TOF1 3.1.0
2022-10-27 19:09:18,106 [INFO] ThirdParty:981 - CMSIS Pack Vendor :STMicroelectronics X-CUBE-SFXS2LP1 3.1.0
2022-10-27 19:09:18,107 [INFO] ThirdParty:981 - CMSIS Pack Vendor :STMicroelectronics X-CUBE-AZRTOS-F4 1.0.0
2022-10-27 19:09:18,107 [INFO] ThirdParty:981 - CMSIS Pack Vendor :STMicroelectronics X-CUBE-AZRTOS-H7 2.0.0
2022-10-27 19:09:18,107 [INFO] ThirdParty:981 - CMSIS Pack Vendor :STMicroelectronics X-CUBE-AZRTOS-G4 1.0.0
2022-10-27 19:09:18,107 [INFO] ThirdParty:981 - CMSIS Pack Vendor :STMicroelectronics FP-ATR-SIGFOX1 3.2.0
2022-10-27 19:09:18,107 [INFO] ThirdParty:981 - CMSIS Pack Vendor :STMicroelectronics X-CUBE-AZRTOS-L4 1.0.0
2022-10-27 19:09:18,107 [INFO] ThirdParty:981 - CMSIS Pack Vendor :STMicroelectronics HAL Drivers 0.0.0
2022-10-27 19:09:18,107 [INFO] ThirdParty:981 - CMSIS Pack Vendor :STMicroelectronics MBEDTLS 2.16.2
2022-10-27 19:09:18,107 [INFO] ThirdParty:981 - CMSIS Pack Vendor :emotas I-CUBE-CANOPEN 1.1.2
2022-10-27 19:09:18,107 [INFO] ThirdParty:981 - CMSIS Pack Vendor :STMicroelectronics X-CUBE-TOUCHGFX 4.20.0
2022-10-27 19:09:18,107 [INFO] ThirdParty:981 - CMSIS Pack Vendor :STMicroelectronics MBEDTLS 2.14.1
2022-10-27 19:09:18,107 [INFO] ThirdParty:981 - CMSIS Pack Vendor :STMicroelectronics X-CUBE-NFC7 1.0.0
2022-10-27 19:09:18,107 [INFO] ThirdParty:981 - CMSIS Pack Vendor :STMicroelectronics X-CUBE-AZRTOS-F7 1.0.0
2022-10-27 19:09:18,108 [INFO] ThirdParty:981 - CMSIS Pack Vendor :STMicroelectronics X-CUBE-AZRTOS-WL 1.0.0
2022-10-27 19:09:18,108 [INFO] ThirdParty:981 - CMSIS Pack Vendor :STMicroelectronics X-CUBE-SUBG2 4.2.0
2022-10-27 19:09:18,108 [INFO] ThirdParty:981 - CMSIS Pack Vendor :STMicroelectronics X-CUBE-MEMS1 9.1.0
2022-10-27 19:09:18,108 [INFO] ThirdParty:981 - CMSIS Pack Vendor :STMicroelectronics X-CUBE-MEMS1 9.3.0
2022-10-27 19:09:18,108 [INFO] ThirdParty:981 - CMSIS Pack Vendor :portGmbH I-Cube-SoM-uGOAL 1.1.0
2022-10-27 19:09:18,108 [INFO] ThirdParty:981 - CMSIS Pack Vendor :STMicroelectronics X-CUBE-ALS 1.0.1
2022-10-27 19:09:18,108 [INFO] ThirdParty:981 - CMSIS Pack Vendor :STMicroelectronics X-CUBE-AI 7.2.0
2022-10-27 19:09:18,108 [INFO] ThirdParty:981 - CMSIS Pack Vendor :STMicroelectronics ThreadX 1.0.0
2022-10-27 19:09:18,108 [INFO] ThirdParty:981 - CMSIS Pack Vendor :STMicroelectronics X-CUBE-AZRTOS-L5 1.0.0
2022-10-27 19:09:18,108 [INFO] ThirdParty:981 - CMSIS Pack Vendor :STMicroelectronics USB_DEVICE 1.0.0
2022-10-27 19:09:18,108 [INFO] ThirdParty:981 - CMSIS Pack Vendor :STMicroelectronics X-CUBE-AZRTOS-G0 1.0.0
2022-10-27 19:09:18,108 [INFO] ThirdParty:981 - CMSIS Pack Vendor :STMicroelectronics X-CUBE-EEPRMA1 3.1.1
2022-10-27 19:09:18,108 [INFO] ThirdParty:981 - CMSIS Pack Vendor :STMicroelectronics X-CUBE-GNSS1 5.2.0
2022-10-27 19:09:18,108 [INFO] ThirdParty:981 - CMSIS Pack Vendor :STMicroelectronics ThreadX 0.0.2
2022-10-27 19:09:18,108 [INFO] ThirdParty:981 - CMSIS Pack Vendor :STMicroelectronics lwIP 2.1.2
2022-10-27 19:09:18,109 [INFO] ThirdParty:981 - CMSIS Pack Vendor :STMicroelectronics X-CUBE-SFXS2LP1 4.0.0
2022-10-27 19:09:18,109 [INFO] ThirdParty:981 - CMSIS Pack Vendor :STMicroelectronics X-CUBE-BLE2 3.3.0
2022-10-27 19:09:18,109 [INFO] ThirdParty:981 - CMSIS Pack Vendor :STMicroelectronics X-CUBE-DISPLAY 2.0.1
2022-10-27 19:09:18,109 [INFO] ThirdParty:981 - CMSIS Pack Vendor :STMicroelectronics X-CUBE-DISPLAY 2.2.0
2022-10-27 19:09:18,109 [INFO] ThirdParty:981 - CMSIS Pack Vendor :STMicroelectronics X-CUBE-TOF1 3.2.0
2022-10-27 19:09:18,109 [INFO] ThirdParty:981 - CMSIS Pack Vendor :STMicroelectronics PDM2PCM 3.2.0
2022-10-27 19:09:18,109 [INFO] ThirdParty:981 - CMSIS Pack Vendor :STMicroelectronics X-CUBE-TOUCHGFX 4.18.1
2022-10-27 19:09:18,109 [INFO] ThirdParty:981 - CMSIS Pack Vendor :STMicroelectronics X-CUBE-TOF1 3.0.0
2022-10-27 19:09:18,109 [INFO] ThirdParty:981 - CMSIS Pack Vendor :STMicroelectronics X-CUBE-ISPU 1.0.0
2022-10-27 19:09:18,109 [INFO] ThirdParty:797 - exiting critical section [change project]
2022-10-27 19:09:18,330 [INFO] PinOutPanel:1468 - setPackage(No Configuration,No Configuration)
2022-10-27 19:09:18,331 [INFO] PinOutPanel:1468 - setPackage(STM32F103C8Tx,LQFP48)
2022-10-27 19:09:18,787 [INFO] UtilMem:74 - Before build in PCC Used Memory: 207131128 Bytes (426770432)
2022-10-27 19:09:19,412 [INFO] UtilMem:74 - After build in PCC Used Memory: 198536232 Bytes (426770432)
2022-10-27 19:09:19,428 [INFO] IPUIPlugin:79 - create IPUIPlugin
2022-10-27 19:09:19,428 [INFO] IPUIPlugin:79 - create IPUIPlugin
2022-10-27 19:09:19,428 [INFO] IPUIPlugin:79 - create IPUIPlugin
2022-10-27 19:09:19,428 [INFO] IPUIPlugin:79 - create IPUIPlugin
2022-10-27 19:09:19,428 [INFO] IPUIPlugin:79 - create IPUIPlugin
2022-10-27 19:09:19,428 [INFO] IPUIPlugin:79 - create IPUIPlugin
2022-10-27 19:09:19,428 [INFO] IPUIPlugin:79 - create IPUIPlugin
2022-10-27 19:09:19,429 [INFO] IPUIPlugin:79 - create IPUIPlugin
2022-10-27 19:09:19,429 [INFO] IPUIPlugin:79 - create IPUIPlugin
2022-10-27 19:09:19,429 [INFO] IPUIPlugin:79 - create IPUIPlugin
2022-10-27 19:09:19,429 [INFO] IPUIPlugin:79 - create IPUIPlugin
2022-10-27 19:09:19,429 [INFO] IPUIPlugin:79 - create IPUIPlugin
2022-10-27 19:09:19,429 [INFO] IPUIPlugin:79 - create IPUIPlugin
2022-10-27 19:09:19,429 [INFO] IPUIPlugin:79 - create IPUIPlugin
2022-10-27 19:09:19,429 [INFO] IPUIPlugin:79 - create IPUIPlugin
2022-10-27 19:09:19,429 [INFO] IPUIPlugin:79 - create IPUIPlugin
2022-10-27 19:09:19,430 [INFO] IPUIPlugin:79 - create IPUIPlugin
2022-10-27 19:09:19,430 [INFO] IPUIPlugin:79 - create IPUIPlugin
2022-10-27 19:09:19,430 [INFO] IPUIPlugin:79 - create IPUIPlugin
2022-10-27 19:09:19,430 [INFO] IPUIPlugin:79 - create IPUIPlugin
2022-10-27 19:09:19,430 [INFO] IPUIPlugin:79 - create IPUIPlugin
2022-10-27 19:09:19,430 [INFO] IPUIPlugin:79 - create IPUIPlugin
2022-10-27 19:09:19,430 [INFO] IPUIPlugin:79 - create IPUIPlugin
2022-10-27 19:09:19,430 [INFO] IPUIPlugin:79 - create IPUIPlugin
2022-10-27 19:09:19,431 [INFO] IPUIPlugin:79 - create IPUIPlugin
2022-10-27 19:09:19,431 [INFO] IPUIPlugin:79 - create IPUIPlugin
2022-10-27 19:09:19,431 [INFO] IPUIPlugin:79 - create IPUIPlugin
2022-10-27 19:09:19,635 [INFO] OpenFileManager:327 - Restore cursor
2022-10-27 19:09:20,020 [INFO] UtilMem:74 - End SaveConfig() Used Memory: 302345256 Bytes (426770432)
2022-10-27 19:09:20,068 [INFO] UtilMem:74 - End SaveConfig() Used Memory: 313357352 Bytes (426770432)
2022-10-27 19:09:20,489 [INFO] BlockDiagram:2753 - set Specific Code input for plugin: NVIC
2022-10-27 19:09:20,489 [INFO] BlockDiagram:2753 - set Specific Code input for plugin: RCC
2022-10-27 19:09:20,491 [INFO] CodeGenerator:690 - code generatio: config db path: C:\ST\STM32CubeIDE_1.9.0\STM32CubeIDE\plugins\com.st.stm32cube.common.mx_6.6.1.202207061420\\db\
2022-10-27 19:09:20,680 [INFO] CodeEngine:245 - oldGeneratedFile, D:\github\mc\stm32\Hall_Sensor\Hall_Sensor\MXTmpFiles\license.tmp_save
2022-10-27 19:09:20,989 [INFO] CodeEngine:269 - Generated code: D:\github\mc\stm32\Hall_Sensor\Hall_Sensor\MXTmpFiles\license.tmp
2022-10-27 19:09:21,001 [INFO] CodeEngine:245 - oldGeneratedFile, D:\github\mc\stm32\Hall_Sensor\Hall_Sensor\Core\Src\stm32f1xx_it.c_save
2022-10-27 19:09:21,189 [INFO] CodeEngine:269 - Generated code: D:\github\mc\stm32\Hall_Sensor\Hall_Sensor\Core\Src\stm32f1xx_it.c
2022-10-27 19:09:21,230 [INFO] CodeEngine:245 - oldGeneratedFile, D:\github\mc\stm32\Hall_Sensor\Hall_Sensor\Core\Inc\stm32f1xx_it.h_save
2022-10-27 19:09:21,319 [INFO] CodeEngine:269 - Generated code: D:\github\mc\stm32\Hall_Sensor\Hall_Sensor\Core\Inc\stm32f1xx_it.h
2022-10-27 19:09:21,455 [INFO] CodeEngine:245 - oldGeneratedFile, D:\github\mc\stm32\Hall_Sensor\Hall_Sensor\Core\Src\stm32f1xx_hal_msp.c_save
2022-10-27 19:09:21,643 [INFO] CodeEngine:269 - Generated code: D:\github\mc\stm32\Hall_Sensor\Hall_Sensor\Core\Src\stm32f1xx_hal_msp.c
2022-10-27 19:09:21,650 [INFO] CodeEngine:245 - oldGeneratedFile, D:\github\mc\stm32\Hall_Sensor\Hall_Sensor\MXTmpFiles\system.tmp_save
2022-10-27 19:09:21,722 [INFO] CodeEngine:269 - Generated code: D:\github\mc\stm32\Hall_Sensor\Hall_Sensor\MXTmpFiles\system.tmp
2022-10-27 19:09:21,731 [INFO] CodeEngine:245 - oldGeneratedFile, D:\github\mc\stm32\Hall_Sensor\Hall_Sensor\Core\Inc\stm32f1xx_hal_conf.h_save
2022-10-27 19:09:21,872 [INFO] CodeEngine:269 - Generated code: D:\github\mc\stm32\Hall_Sensor\Hall_Sensor\Core\Inc\stm32f1xx_hal_conf.h
2022-10-27 19:09:21,923 [INFO] CodeEngine:245 - oldGeneratedFile, D:\github\mc\stm32\Hall_Sensor\Hall_Sensor\Core\Inc\main.h_save
2022-10-27 19:09:22,047 [INFO] CodeEngine:269 - Generated code: D:\github\mc\stm32\Hall_Sensor\Hall_Sensor\Core\Inc\main.h
2022-10-27 19:09:22,054 [INFO] CodeEngine:245 - oldGeneratedFile, D:\github\mc\stm32\Hall_Sensor\Hall_Sensor\Core\Src\main.c_save
2022-10-27 19:09:22,236 [INFO] CodeEngine:269 - Generated code: D:\github\mc\stm32\Hall_Sensor\Hall_Sensor\Core\Src\main.c
2022-10-27 19:09:23,004 [INFO] ProjectBuilder:2919 - Time for Copy HAL[1] : 102mS.
2022-10-27 19:09:23,020 [INFO] ProjectBuilder:4117 - Project Generator version: 3.17.1
2022-10-27 19:09:23,338 [INFO] ConfigFileManager:1394 - The Die is : DIE410
2022-10-27 19:09:23,349 [INFO] ApiDbMcu:505 - Load IP Config File for FATFS
2022-10-27 19:09:23,356 [INFO] ApiDbMcu:505 - Load IP Config File for FREERTOS
2022-10-27 19:09:23,364 [INFO] ApiDbMcu:505 - Load IP Config File for USB_DEVICE
2022-10-27 19:09:26,010 [INFO] ProjectBuilder:4285 - Time for Generating toolchain IDE Files: 2990mS.
2022-10-27 19:09:26,011 [INFO] ProjectBuilder:2790 - Time for Copy CMSIS : 1mS.
2022-10-27 19:09:26,013 [INFO] ProjectBuilder:2790 - Time for Copy CMSIS : 0mS.
2022-10-27 19:09:28,782 [INFO] McuFinderGlobals:57 - Set McuFinderConnectedMode to true
2022-10-27 19:09:28,784 [INFO] ApiDb:443 - Save user favorites file C:\Users\Zver/.stm32cubeide/favorites.mcus.txt: 1 item(s)
2022-10-27 19:09:28,784 [INFO] ApiDb:447 - User favorites MCUs=[STM32F103C8T6]
2022-10-27 19:09:31,863 [ERROR] ConfigurationRetriever:139 - IOException on connection: Connect timed out
2022-10-27 19:10:02,967 [INFO] UtilMem:74 - End SaveConfig() Used Memory: 541869960 Bytes (654311424)
2022-10-27 19:10:04,804 [INFO] UtilMem:74 - End SaveConfig() Used Memory: 558578192 Bytes (654311424)
2022-10-27 19:10:06,915 [INFO] UtilMem:74 - End SaveConfig() Used Memory: 277529432 Bytes (654311424)
2022-10-27 19:10:07,147 [INFO] BlockDiagram:2753 - set Specific Code input for plugin: NVIC
2022-10-27 19:10:07,147 [INFO] BlockDiagram:2753 - set Specific Code input for plugin: SYS
2022-10-27 19:10:07,147 [INFO] BlockDiagram:2753 - set Specific Code input for plugin: GPIO
2022-10-27 19:10:07,147 [INFO] BlockDiagram:2753 - set Specific Code input for plugin: RCC
2022-10-27 19:10:07,147 [INFO] CodeGenerator:690 - code generatio: config db path: C:\ST\STM32CubeIDE_1.9.0\STM32CubeIDE\plugins\com.st.stm32cube.common.mx_6.6.1.202207061420\\db\
2022-10-27 19:10:07,259 [INFO] CodeEngine:245 - oldGeneratedFile, D:\github\mc\stm32\Hall_Sensor\Hall_Sensor\MXTmpFiles\license.tmp_save
2022-10-27 19:10:07,349 [INFO] CodeEngine:269 - Generated code: D:\github\mc\stm32\Hall_Sensor\Hall_Sensor\MXTmpFiles\license.tmp
2022-10-27 19:10:07,380 [INFO] CodeEngine:245 - oldGeneratedFile, D:\github\mc\stm32\Hall_Sensor\Hall_Sensor\MXTmpFiles\gpio.tmp_save
2022-10-27 19:10:07,483 [INFO] CodeEngine:269 - Generated code: D:\github\mc\stm32\Hall_Sensor\Hall_Sensor\MXTmpFiles\gpio.tmp
2022-10-27 19:10:07,514 [INFO] CodeEngine:245 - oldGeneratedFile, D:\github\mc\stm32\Hall_Sensor\Hall_Sensor\Core\Src\stm32f1xx_it.c_save
2022-10-27 19:10:07,613 [INFO] CodeEngine:269 - Generated code: D:\github\mc\stm32\Hall_Sensor\Hall_Sensor\Core\Src\stm32f1xx_it.c
2022-10-27 19:10:07,652 [INFO] CodeEngine:245 - oldGeneratedFile, D:\github\mc\stm32\Hall_Sensor\Hall_Sensor\Core\Inc\stm32f1xx_it.h_save
2022-10-27 19:10:07,714 [INFO] CodeEngine:269 - Generated code: D:\github\mc\stm32\Hall_Sensor\Hall_Sensor\Core\Inc\stm32f1xx_it.h
2022-10-27 19:10:07,754 [INFO] CodeEngine:245 - oldGeneratedFile, D:\github\mc\stm32\Hall_Sensor\Hall_Sensor\Core\Src\stm32f1xx_hal_msp.c_save
2022-10-27 19:10:07,854 [INFO] CodeEngine:269 - Generated code: D:\github\mc\stm32\Hall_Sensor\Hall_Sensor\Core\Src\stm32f1xx_hal_msp.c
2022-10-27 19:10:07,859 [INFO] CodeEngine:245 - oldGeneratedFile, D:\github\mc\stm32\Hall_Sensor\Hall_Sensor\MXTmpFiles\system.tmp_save
2022-10-27 19:10:07,920 [INFO] CodeEngine:269 - Generated code: D:\github\mc\stm32\Hall_Sensor\Hall_Sensor\MXTmpFiles\system.tmp
2022-10-27 19:10:07,951 [INFO] CodeEngine:245 - oldGeneratedFile, D:\github\mc\stm32\Hall_Sensor\Hall_Sensor\Core\Inc\stm32f1xx_hal_conf.h_save
2022-10-27 19:10:08,063 [INFO] CodeEngine:269 - Generated code: D:\github\mc\stm32\Hall_Sensor\Hall_Sensor\Core\Inc\stm32f1xx_hal_conf.h
2022-10-27 19:10:08,115 [INFO] CodeEngine:245 - oldGeneratedFile, D:\github\mc\stm32\Hall_Sensor\Hall_Sensor\Core\Inc\main.h_save
2022-10-27 19:10:08,192 [INFO] CodeEngine:269 - Generated code: D:\github\mc\stm32\Hall_Sensor\Hall_Sensor\Core\Inc\main.h
2022-10-27 19:10:08,225 [INFO] CodeEngine:245 - oldGeneratedFile, D:\github\mc\stm32\Hall_Sensor\Hall_Sensor\Core\Src\main.c_save
2022-10-27 19:10:08,324 [INFO] CodeEngine:269 - Generated code: D:\github\mc\stm32\Hall_Sensor\Hall_Sensor\Core\Src\main.c
2022-10-27 19:10:08,793 [INFO] ProjectBuilder:2919 - Time for Copy HAL[1] : 112mS.
2022-10-27 19:10:08,796 [INFO] ProjectBuilder:4117 - Project Generator version: 3.17.1
2022-10-27 19:10:08,987 [INFO] ConfigFileManager:1394 - The Die is : DIE410
2022-10-27 19:10:10,371 [INFO] ProjectBuilder:4285 - Time for Generating toolchain IDE Files: 1575mS.
2022-10-27 19:10:10,372 [INFO] ProjectBuilder:2790 - Time for Copy CMSIS : 1mS.
2022-10-27 19:10:10,373 [INFO] ProjectBuilder:2790 - Time for Copy CMSIS : 0mS.
2022-10-27 19:11:13,899 [ERROR] AdobePublisher:183 - Exception while getting the server answer: java.net.SocketTimeoutException: Read timed out
