2022-11-11 15:04:03,689 [INFO] Activator:177 - 


2022-11-11 15:04:03,690 [INFO] Activator:178 - !SESSION log4j initialized
2022-11-11 15:04:06,370 [INFO] McuFinderGlobals:44 - Set McuFinder mode to 2 (CubeIDE integrated)
2022-11-11 15:04:08,000 [INFO] ApplicationProperties:181 - Using Application install path: C:\ST\STM32CubeIDE_1.9.0\STM32CubeIDE\plugins\com.st.stm32cube.common.mx_6.6.1.202207061420
2022-11-11 15:04:08,022 [INFO] DbMcusXml:77 - Set database path to: C:\ST\STM32CubeIDE_1.9.0\STM32CubeIDE\plugins\com.st.stm32cube.common.mx_6.6.1.202207061420\\db\/mcu/
2022-11-11 15:04:08,023 [INFO] ApiDb:269 - Set plugin database path to: C:\ST\STM32CubeIDE_1.9.0\STM32CubeIDE\plugins\com.st.stm32cube.common.mx_6.6.1.202207061420\\db\/plugins/boardmanager/
2022-11-11 15:04:08,026 [WARN] ApiDb:254 - Overriding images path with different value:  => C:\ST\STM32CubeIDE_1.9.0\STM32CubeIDE\plugins\com.st.stm32cube.common.mx_6.6.1.202207061420\\db\/plugins/mcufinder/images/
2022-11-11 15:04:08,048 [INFO] ApiDb:249 - Set database path to: C:\Users\Zver\.stmcufinder\plugins\mcufinder//mcu/
2022-11-11 15:04:08,049 [INFO] DbMcusAds:124 - Set database path to: C:\Users\Zver\.stmcufinder\plugins\mcufinder//mcu/
2022-11-11 15:04:08,052 [INFO] CrossReferenceDbSqlite:201 - Set database path to: C:\Users\Zver\.stmcufinder\plugins\mcufinder//mcu/cs/
2022-11-11 15:04:08,177 [INFO] RulesReader:61 - Compatibility file has been processed (282 Rules)
2022-11-11 15:04:08,318 [INFO] DbMcusXml:77 - Set database path to: C:\ST\STM32CubeIDE_1.9.0\STM32CubeIDE\plugins\com.st.stm32cube.common.mx_6.6.1.202207061420\\db\/mcu/
2022-11-11 15:04:08,318 [INFO] ApiDb:269 - Set plugin database path to: C:\ST\STM32CubeIDE_1.9.0\STM32CubeIDE\plugins\com.st.stm32cube.common.mx_6.6.1.202207061420\\db\/plugins/boardmanager/
2022-11-11 15:04:08,318 [INFO] ApiDb:256 - Set plugin images path to: C:\ST\STM32CubeIDE_1.9.0\STM32CubeIDE\plugins\com.st.stm32cube.common.mx_6.6.1.202207061420\\db\/plugins/mcufinder/images/
2022-11-11 15:04:08,319 [WARN] DbFile:40 - Overriding database path with different value: C:\Users\Zver\.stmcufinder\plugins\mcufinder/ => C:\Users\Zver\.stmcufinder\plugins\mcufinder
2022-11-11 15:04:08,319 [INFO] ApiDb:249 - Set database path to: C:\Users\Zver\.stmcufinder\plugins\mcufinder//mcu/
2022-11-11 15:04:08,319 [WARN] DbFile:40 - Overriding database path with different value: C:\Users\Zver\.stmcufinder\plugins\mcufinder/ => C:\Users\Zver\.stmcufinder\plugins\mcufinder
2022-11-11 15:04:08,321 [INFO] DbMcusAds:124 - Set database path to: C:\Users\Zver\.stmcufinder\plugins\mcufinder//mcu/
2022-11-11 15:04:08,322 [WARN] DbFile:40 - Overriding database path with different value: C:\Users\Zver\.stmcufinder\plugins\mcufinder/ => C:\Users\Zver\.stmcufinder\plugins\mcufinder
2022-11-11 15:04:08,322 [WARN] DbFile:40 - Overriding database path with different value: C:\Users\Zver\.stmcufinder\plugins\mcufinder/ => C:\Users\Zver\.stmcufinder\plugins\mcufinder
2022-11-11 15:04:08,322 [INFO] CrossReferenceDbSqlite:201 - Set database path to: C:\Users\Zver\.stmcufinder\plugins\mcufinder//mcu/cs/
2022-11-11 15:04:08,430 [INFO] MainPanel:242 - HeapMemory: 268435456
2022-11-11 15:04:08,541 [INFO] DbMcusXml:77 - Set database path to: C:\ST\STM32CubeIDE_1.9.0\STM32CubeIDE\plugins\com.st.stm32cube.common.mx_6.6.1.202207061420\\db\/mcu/
2022-11-11 15:04:08,541 [INFO] ApiDb:269 - Set plugin database path to: C:\ST\STM32CubeIDE_1.9.0\STM32CubeIDE\plugins\com.st.stm32cube.common.mx_6.6.1.202207061420\\db\/plugins/boardmanager/
2022-11-11 15:04:08,541 [INFO] ApiDb:256 - Set plugin images path to: C:\ST\STM32CubeIDE_1.9.0\STM32CubeIDE\plugins\com.st.stm32cube.common.mx_6.6.1.202207061420\\db\/plugins/mcufinder/images/
2022-11-11 15:04:08,542 [WARN] DbFile:40 - Overriding database path with different value: C:\Users\Zver\.stmcufinder\plugins\mcufinder/ => C:\Users\Zver\.stmcufinder\plugins\mcufinder
2022-11-11 15:04:08,542 [INFO] ApiDb:249 - Set database path to: C:\Users\Zver\.stmcufinder\plugins\mcufinder//mcu/
2022-11-11 15:04:08,542 [WARN] DbFile:40 - Overriding database path with different value: C:\Users\Zver\.stmcufinder\plugins\mcufinder/ => C:\Users\Zver\.stmcufinder\plugins\mcufinder
2022-11-11 15:04:08,542 [INFO] DbMcusAds:124 - Set database path to: C:\Users\Zver\.stmcufinder\plugins\mcufinder//mcu/
2022-11-11 15:04:08,542 [WARN] DbFile:40 - Overriding database path with different value: C:\Users\Zver\.stmcufinder\plugins\mcufinder/ => C:\Users\Zver\.stmcufinder\plugins\mcufinder
2022-11-11 15:04:08,542 [WARN] DbFile:40 - Overriding database path with different value: C:\Users\Zver\.stmcufinder\plugins\mcufinder/ => C:\Users\Zver\.stmcufinder\plugins\mcufinder
2022-11-11 15:04:08,543 [INFO] CrossReferenceDbSqlite:201 - Set database path to: C:\Users\Zver\.stmcufinder\plugins\mcufinder//mcu/cs/
2022-11-11 15:04:08,568 [INFO] ApplicationProperties:181 - Using Application install path: C:\ST\STM32CubeIDE_1.9.0\STM32CubeIDE\plugins\com.st.stm32cube.common.mx_6.6.1.202207061420
2022-11-11 15:04:08,569 [INFO] PluginManage:193 - Search for loadable plugins [exclusion list=, ]
2022-11-11 15:04:08,571 [INFO] PluginManage:307 - Check plugin analytics
2022-11-11 15:04:08,745 [INFO] AnalyticsPlugin:262 - Accepted Software Licenses: 
2022-11-11 15:04:08,746 [INFO] AnalyticsPlugin:264 - Accepted CMSIS Pack Licenses: 
2022-11-11 15:04:08,747 [INFO] AnalyticsPlugin:266 - Accepted Firmware Licenses: 
2022-11-11 15:04:08,755 [INFO] PluginManage:356 - Loaded plugin analytics (category:tool,tabindex:-1)
2022-11-11 15:04:08,756 [INFO] PluginManage:307 - Check plugin cadmodel
2022-11-11 15:04:08,762 [INFO] CADModel:65 - Init CAD model plugin
2022-11-11 15:04:08,762 [INFO] PluginManage:356 - Loaded plugin cadmodel (category:power,tabindex:5)
2022-11-11 15:04:08,763 [INFO] PluginManage:307 - Check plugin clock
2022-11-11 15:04:08,777 [INFO] PluginManage:356 - Loaded plugin clock (category:base,tabindex:2)
2022-11-11 15:04:08,778 [INFO] PluginManage:307 - Check plugin ddr
2022-11-11 15:04:08,781 [INFO] PluginManage:356 - Loaded plugin ddr (category:tool,tabindex:6)
2022-11-11 15:04:08,782 [INFO] PluginManage:307 - Check plugin filemanager
2022-11-11 15:04:08,997 [INFO] PluginManage:356 - Loaded plugin filemanager (category:base,tabindex:10)
2022-11-11 15:04:08,998 [INFO] PluginManage:307 - Check plugin ipmanager
2022-11-11 15:04:09,014 [INFO] PluginManage:356 - Loaded plugin ipmanager (category:base,tabindex:5)
2022-11-11 15:04:09,014 [INFO] PluginManage:307 - Check plugin lpbam
2022-11-11 15:04:09,024 [INFO] PluginManage:356 - Loaded plugin lpbam (category:base,tabindex:0)
2022-11-11 15:04:09,024 [INFO] PluginManage:307 - Check plugin pinoutandconfiguration
2022-11-11 15:04:09,034 [INFO] PluginManage:356 - Loaded plugin pinoutandconfiguration (category:base,tabindex:1)
2022-11-11 15:04:09,034 [INFO] PluginManage:307 - Check plugin pinoutconfig
2022-11-11 15:04:09,076 [INFO] PluginManage:356 - Loaded plugin pinoutconfig (category:base,tabindex:0)
2022-11-11 15:04:09,076 [INFO] PluginManage:307 - Check plugin power
2022-11-11 15:04:09,087 [INFO] PluginManage:356 - Loaded plugin power (category:power,tabindex:4)
2022-11-11 15:04:09,087 [INFO] PluginManage:307 - Check plugin projectmanager
2022-11-11 15:04:09,104 [INFO] PluginManage:356 - Loaded plugin projectmanager (category:projectmanager,tabindex:3)
2022-11-11 15:04:09,104 [INFO] PluginManage:307 - Check plugin thirdparty
2022-11-11 15:04:09,255 [INFO] PluginManage:356 - Loaded plugin thirdparty (category:base,tabindex:-1)
2022-11-11 15:04:09,256 [WARN] IntegrityCheckThread:82 - waiting for thirdparty lock release [integrity check]
2022-11-11 15:04:09,256 [INFO] PluginManage:307 - Check plugin tools
2022-11-11 15:04:09,256 [INFO] IntegrityCheckThread:84 - entering critical section [integrity check]
2022-11-11 15:04:09,258 [INFO] ThirdPartyUpdaterWithRetryManager:70 - Updater plugin not ready yet. [1/15]
2022-11-11 15:04:09,259 [INFO] PluginManage:356 - Loaded plugin tools (category:base,tabindex:7)
2022-11-11 15:04:09,260 [INFO] PluginManage:307 - Check plugin tutovideos
2022-11-11 15:04:09,479 [INFO] PluginManage:356 - Loaded plugin tutovideos (category:base,tabindex:-1)
2022-11-11 15:04:09,480 [INFO] PluginManage:307 - Check plugin updater
2022-11-11 15:04:09,496 [INFO] PluginManage:356 - Loaded plugin updater (category:base,tabindex:12)
2022-11-11 15:04:09,497 [INFO] PluginManage:280 - PluginManage : Loaded plugins [15]
2022-11-11 15:04:09,801 [INFO] PinOutPanel:1468 - setPackage(No Configuration,No Configuration)
2022-11-11 15:04:09,895 [INFO] CADModel:98 - CPN selected for project level
2022-11-11 15:04:09,912 [INFO] IPUIPlugin:79 - create IPUIPlugin
2022-11-11 15:04:09,912 [INFO] PluginManager:217 - loadIPPluginJar : add adc
2022-11-11 15:04:09,915 [INFO] IPUIPlugin:79 - create IPUIPlugin
2022-11-11 15:04:09,916 [INFO] PluginManager:217 - loadIPPluginJar : add aes
2022-11-11 15:04:09,918 [INFO] IPUIPlugin:79 - create IPUIPlugin
2022-11-11 15:04:09,919 [INFO] PluginManager:217 - loadIPPluginJar : add can
2022-11-11 15:04:09,921 [INFO] IPUIPlugin:79 - create IPUIPlugin
2022-11-11 15:04:09,921 [INFO] PluginManager:217 - loadIPPluginJar : add comp
2022-11-11 15:04:09,923 [INFO] IPUIPlugin:79 - create IPUIPlugin
2022-11-11 15:04:09,923 [INFO] PluginManager:217 - loadIPPluginJar : add cryp
2022-11-11 15:04:09,926 [INFO] IPUIPlugin:79 - create IPUIPlugin
2022-11-11 15:04:09,927 [INFO] PluginManager:217 - loadIPPluginJar : add dfsdm
2022-11-11 15:04:09,932 [INFO] IPUIPlugin:79 - create IPUIPlugin
2022-11-11 15:04:09,933 [INFO] PluginManager:217 - loadIPPluginJar : add dma
2022-11-11 15:04:09,936 [INFO] IPUIPlugin:79 - create IPUIPlugin
2022-11-11 15:04:09,936 [INFO] PluginManager:217 - loadIPPluginJar : add dma3
2022-11-11 15:04:09,937 [INFO] IPUIPlugin:79 - create IPUIPlugin
2022-11-11 15:04:09,938 [INFO] PluginManager:217 - loadIPPluginJar : add fatfs
2022-11-11 15:04:09,944 [INFO] IPUIPlugin:79 - create IPUIPlugin
2022-11-11 15:04:09,944 [INFO] PluginManager:217 - loadIPPluginJar : add fmc
2022-11-11 15:04:09,951 [INFO] IPUIPlugin:79 - create IPUIPlugin
2022-11-11 15:04:09,951 [INFO] PluginManager:217 - loadIPPluginJar : add freertos
2022-11-11 15:04:09,953 [INFO] IPUIPlugin:79 - create IPUIPlugin
2022-11-11 15:04:09,953 [INFO] PluginManager:217 - loadIPPluginJar : add genericplugin
2022-11-11 15:04:09,955 [INFO] IPUIPlugin:79 - create IPUIPlugin
2022-11-11 15:04:09,955 [INFO] PluginManager:217 - loadIPPluginJar : add gfxmmu
2022-11-11 15:04:09,960 [INFO] IPUIPlugin:79 - create IPUIPlugin
2022-11-11 15:04:09,961 [INFO] PluginManager:217 - loadIPPluginJar : add gic
2022-11-11 15:04:09,967 [INFO] IPUIPlugin:79 - create IPUIPlugin
2022-11-11 15:04:09,967 [INFO] PluginManager:217 - loadIPPluginJar : add gpio
2022-11-11 15:04:09,970 [INFO] IPUIPlugin:79 - create IPUIPlugin
2022-11-11 15:04:09,971 [INFO] PluginManager:217 - loadIPPluginJar : add gtzc
2022-11-11 15:04:09,974 [INFO] IPUIPlugin:79 - create IPUIPlugin
2022-11-11 15:04:09,974 [INFO] PluginManager:217 - loadIPPluginJar : add hash
2022-11-11 15:04:09,977 [INFO] IPUIPlugin:79 - create IPUIPlugin
2022-11-11 15:04:09,977 [INFO] PluginManager:217 - loadIPPluginJar : add i2c
2022-11-11 15:04:09,980 [INFO] IPUIPlugin:79 - create IPUIPlugin
2022-11-11 15:04:09,980 [INFO] PluginManager:217 - loadIPPluginJar : add i2s
2022-11-11 15:04:09,984 [INFO] IPUIPlugin:79 - create IPUIPlugin
2022-11-11 15:04:09,984 [INFO] PluginManager:217 - loadIPPluginJar : add ipddr
2022-11-11 15:04:09,991 [INFO] IPUIPlugin:79 - create IPUIPlugin
2022-11-11 15:04:09,991 [INFO] PluginManager:217 - loadIPPluginJar : add linkedlist
2022-11-11 15:04:09,994 [INFO] IPUIPlugin:79 - create IPUIPlugin
2022-11-11 15:04:09,994 [INFO] PluginManager:217 - loadIPPluginJar : add lorawan
2022-11-11 15:04:09,997 [INFO] IPUIPlugin:79 - create IPUIPlugin
2022-11-11 15:04:09,997 [INFO] PluginManager:217 - loadIPPluginJar : add ltdc
2022-11-11 15:04:10,002 [INFO] IPUIPlugin:79 - create IPUIPlugin
2022-11-11 15:04:10,003 [INFO] PluginManager:217 - loadIPPluginJar : add mdma
2022-11-11 15:04:10,007 [INFO] IPUIPlugin:79 - create IPUIPlugin
2022-11-11 15:04:10,007 [INFO] PluginManager:217 - loadIPPluginJar : add nvic
2022-11-11 15:04:10,011 [INFO] IPUIPlugin:79 - create IPUIPlugin
2022-11-11 15:04:10,011 [INFO] PluginManager:217 - loadIPPluginJar : add opamp
2022-11-11 15:04:10,015 [INFO] IPUIPlugin:79 - create IPUIPlugin
2022-11-11 15:04:10,016 [INFO] PluginManager:217 - loadIPPluginJar : add openamp
2022-11-11 15:04:10,019 [INFO] IPUIPlugin:79 - create IPUIPlugin
2022-11-11 15:04:10,019 [INFO] PluginManager:217 - loadIPPluginJar : add pdm2pcm
2022-11-11 15:04:10,027 [INFO] IPUIPlugin:79 - create IPUIPlugin
2022-11-11 15:04:10,030 [INFO] PluginManager:217 - loadIPPluginJar : add plateformsettings
2022-11-11 15:04:10,032 [INFO] IPUIPlugin:79 - create IPUIPlugin
2022-11-11 15:04:10,033 [INFO] PluginManager:217 - loadIPPluginJar : add quadspi
2022-11-11 15:04:10,037 [INFO] IPUIPlugin:79 - create IPUIPlugin
2022-11-11 15:04:10,038 [INFO] PluginManager:217 - loadIPPluginJar : add resmgrutility
2022-11-11 15:04:10,041 [INFO] IPUIPlugin:79 - create IPUIPlugin
2022-11-11 15:04:10,041 [INFO] PluginManager:217 - loadIPPluginJar : add sai
2022-11-11 15:04:10,046 [INFO] IPUIPlugin:79 - create IPUIPlugin
2022-11-11 15:04:10,046 [INFO] PluginManager:217 - loadIPPluginJar : add spi
2022-11-11 15:04:10,054 [INFO] IPUIPlugin:79 - create IPUIPlugin
2022-11-11 15:04:10,055 [INFO] PluginManager:217 - loadIPPluginJar : add stm32_wpan
2022-11-11 15:04:10,057 [INFO] IPUIPlugin:79 - create IPUIPlugin
2022-11-11 15:04:10,057 [INFO] PluginManager:217 - loadIPPluginJar : add tim
2022-11-11 15:04:10,062 [INFO] IPUIPlugin:79 - create IPUIPlugin
2022-11-11 15:04:10,062 [INFO] PluginManager:217 - loadIPPluginJar : add touchsensing
2022-11-11 15:04:10,065 [INFO] IPUIPlugin:79 - create IPUIPlugin
2022-11-11 15:04:10,065 [INFO] PluginManager:217 - loadIPPluginJar : add tracer_emb
2022-11-11 15:04:10,069 [INFO] IPUIPlugin:79 - create IPUIPlugin
2022-11-11 15:04:10,069 [INFO] PluginManager:217 - loadIPPluginJar : add ts
2022-11-11 15:04:10,071 [INFO] IPUIPlugin:79 - create IPUIPlugin
2022-11-11 15:04:10,072 [INFO] PluginManager:217 - loadIPPluginJar : add tsc
2022-11-11 15:04:10,076 [INFO] IPUIPlugin:79 - create IPUIPlugin
2022-11-11 15:04:10,076 [INFO] PluginManager:217 - loadIPPluginJar : add ucpd
2022-11-11 15:04:10,080 [INFO] IPUIPlugin:79 - create IPUIPlugin
2022-11-11 15:04:10,080 [INFO] PluginManager:217 - loadIPPluginJar : add usart
2022-11-11 15:04:10,084 [INFO] IPUIPlugin:79 - create IPUIPlugin
2022-11-11 15:04:10,084 [INFO] PluginManager:217 - loadIPPluginJar : add usbx
2022-11-11 15:04:10,394 [FATAL] Updater:301 - Updater called before beeing initialized
2022-11-11 15:04:10,572 [FATAL] Updater:301 - Updater called before beeing initialized
2022-11-11 15:04:10,579 [INFO] DbMcusAds:52 - JSON generation date=Thu Sep 30 09:56:37 MSK 2021 (1632984997303)
2022-11-11 15:04:10,579 [FATAL] Updater:301 - Updater called before beeing initialized
2022-11-11 15:04:10,677 [WARN] DetailPanel:344 - Failed to get advertising image, set to default
2022-11-11 15:04:10,814 [FATAL] Updater:301 - Updater called before beeing initialized
2022-11-11 15:04:10,816 [FATAL] Updater:301 - Updater called before beeing initialized
2022-11-11 15:04:10,816 [FATAL] Updater:301 - Updater called before beeing initialized
2022-11-11 15:04:10,816 [WARN] DetailPanel:344 - Failed to get advertising image, set to default
2022-11-11 15:04:10,817 [FATAL] Updater:301 - Updater called before beeing initialized
2022-11-11 15:04:10,909 [ERROR] Updater:1105 - MainUpdater not yet initialized. External WinMGr cannot be set.
2022-11-11 15:04:10,912 [INFO] Updater:1041 - Updater Version found : 6.6.1
2022-11-11 15:04:10,932 [INFO] ApplicationProperties:181 - Using Application install path: C:\ST\STM32CubeIDE_1.9.0\STM32CubeIDE\plugins\com.st.stm32cube.common.mx_6.6.1.202207061420
2022-11-11 15:04:11,142 [INFO] MainUpdater:2768 - connection check result : 10
2022-11-11 15:04:11,143 [INFO] MainUpdater:280 - Updater Check For Update Now.
2022-11-11 15:04:11,143 [INFO] MicroXplorer:481 - Change Database Version : DB.6.0.60
2022-11-11 15:04:11,306 [INFO] CheckServerUpdateThread:119 - End of CheckServer Thread
2022-11-11 15:04:11,355 [INFO] MainUpdater:2768 - connection check result : 10
2022-11-11 15:04:11,670 [INFO] McuFinderGlobals:57 - Set McuFinderConnectedMode to true
2022-11-11 15:04:11,682 [INFO] MultiScanPanel:195 - Auto-refresh data requested => check proxy status ongoing
2022-11-11 15:04:11,688 [INFO] FinderPluginLoader:92 - Searching for filters in installed packs
2022-11-11 15:04:11,885 [INFO] ApiDb:576 - Connected to CubeFinder SQLite database (C:\Users\Zver\.stmcufinder\plugins\mcufinder\mcu\cube-finder-db.db)
2022-11-11 15:04:11,938 [INFO] ApiDb:663 - CubeFinder database Data Model version=2.1
2022-11-11 15:04:11,938 [INFO] ApiDb:664 - CubeFinder database Configuration version=3.0.32
2022-11-11 15:04:11,939 [INFO] ApiDb:665 - CubeFinder database generation date=2022-08-05 (1659688109)
2022-11-11 15:04:11,939 [INFO] ApiDb:666 - CubeFinder database FW Pack versions=[STM32Cube_FW_C0_V1.0.0, STM32Cube_FW_F4_V1.27.1, STM32Cube_FW_F7_V1.17.0, STM32Cube_FW_G0_V1.6.1, STM32Cube_FW_G4_V1.5.0, STM32Cube_FW_H7_V1.10.0, STM32Cube_FW_L5_V1.4.0, STM32Cube_FW_U5_V1.1.1, STM32Cube_FW_WB_V1.14.1, STM32Cube_FW_WL_V1.2.0, X-CUBE-ALGOBUILD_V1.3.0, X-CUBE-ALS_V1.0.1, X-CUBE-AZRTOS-F4_V1.1.0, X-CUBE-AZRTOS-F7_V1.1.0, X-CUBE-AZRTOS-G0_V1.1.0, X-CUBE-AZRTOS-G4_V1.0.0, X-CUBE-AZRTOS-H7_V2.1.0, X-CUBE-AZRTOS-L4_V1.0.0, X-CUBE-AZRTOS-L5_V1.0.0, X-CUBE-AZRTOS-WL_V1.0.0, X-CUBE-BLE1_V6.2.3, X-CUBE-BLE2_V3.3.0, X-CUBE-EEPRMA1_V3.1.1, X-CUBE-GNSS1_V6.0.0, X-CUBE-MEMS1_V9.1.0, X-CUBE-MEMS1_V9.3.0, X-CUBE-NFC4_V2.0.4, X-CUBE-NFC7_V1.0.0, X-CUBE-SFXS2LP1_V4.0.0, X-CUBE-SUBG2_V5.0.0]
2022-11-11 15:04:12,435 [WARN] PackLoader:242 - Cannot read IP mode file for wolfSSL.I-CUBE-wolfSSL.5.2.0
2022-11-11 15:04:12,455 [WARN] PackLoader:242 - Cannot read IP mode file for STMicroelectronics.X-CUBE-GNSS1.6.0.0
2022-11-11 15:04:12,494 [WARN] PackLoader:242 - Cannot read IP mode file for STMicroelectronics.X-CUBE-AZRTOS-F4.1.1.0
2022-11-11 15:04:12,512 [WARN] PackLoader:242 - Cannot read IP mode file for STMicroelectronics.X-CUBE-BLEMGR.1.2.0
2022-11-11 15:04:12,548 [WARN] PackLoader:242 - Cannot read IP mode file for STMicroelectronics.X-CUBE-AZRTOS-F7.1.1.0
2022-11-11 15:04:12,573 [WARN] PackLoader:242 - Cannot read IP mode file for STMicroelectronics.X-CUBE-AI.7.1.0
2022-11-11 15:04:12,579 [WARN] PackLoader:242 - Cannot read IP mode file for STMicroelectronics.X-CUBE-BLE1.6.2.3
2022-11-11 15:04:12,585 [WARN] PackLoader:242 - Cannot read IP mode file for STMicroelectronics.X-CUBE-BLE1.6.2.2
2022-11-11 15:04:12,604 [WARN] PackLoader:242 - Cannot read IP mode file for STMicroelectronics.X-CUBE-NFC4.2.0.4
2022-11-11 15:04:12,613 [WARN] PackLoader:242 - Cannot read IP mode file for STMicroelectronics.X-CUBE-BLE2.3.2.2
2022-11-11 15:04:12,619 [WARN] PackLoader:242 - Cannot read IP mode file for STMicroelectronics.X-CUBE-NFC4.2.0.3
2022-11-11 15:04:12,633 [WARN] PackLoader:242 - Cannot read IP mode file for STMicroelectronics.X-CUBE-TOF1.3.1.0
2022-11-11 15:04:12,651 [WARN] PackLoader:242 - Cannot read IP mode file for STMicroelectronics.X-CUBE-SFXS2LP1.3.1.0
2022-11-11 15:04:12,675 [WARN] PackLoader:242 - Cannot read IP mode file for STMicroelectronics.X-CUBE-AZRTOS-F4.1.0.0
2022-11-11 15:04:12,684 [WARN] PackLoader:242 - Cannot read IP mode file for STMicroelectronics.X-CUBE-NFC7.1.0.0
2022-11-11 15:04:12,698 [WARN] PackLoader:242 - Cannot read IP mode file for STMicroelectronics.X-CUBE-SUBG2.4.2.0
2022-11-11 15:04:12,761 [WARN] PackLoader:242 - Cannot read IP mode file for STMicroelectronics.X-CUBE-MEMS1.9.3.0
2022-11-11 15:04:12,936 [WARN] PackLoader:242 - Cannot read IP mode file for STMicroelectronics.X-CUBE-AI.7.2.0
2022-11-11 15:04:12,956 [WARN] PackLoader:242 - Cannot read IP mode file for STMicroelectronics.X-CUBE-AZRTOS-G0.1.0.0
2022-11-11 15:04:12,967 [WARN] PackLoader:242 - Cannot read IP mode file for STMicroelectronics.X-CUBE-SFXS2LP1.4.0.0
2022-11-11 15:04:12,973 [WARN] PackLoader:242 - Cannot read IP mode file for STMicroelectronics.X-CUBE-BLE2.3.3.0
2022-11-11 15:04:12,985 [WARN] PackLoader:242 - Cannot read IP mode file for STMicroelectronics.X-CUBE-DISPLAY.2.2.0
2022-11-11 15:04:13,000 [WARN] PackLoader:242 - Cannot read IP mode file for STMicroelectronics.X-CUBE-TOF1.3.2.0
2022-11-11 15:04:13,012 [WARN] PackLoader:242 - Cannot read IP mode file for STMicroelectronics.X-CUBE-TOUCHGFX.4.18.1
2022-11-11 15:04:13,015 [WARN] PackLoader:242 - Cannot read IP mode file for STMicroelectronics.X-CUBE-ISPU.1.0.0
2022-11-11 15:04:13,020 [WARN] PackLoader:242 - Cannot read IP mode file for STMicroelectronics.X-CUBE-ISPU.1.1.0
2022-11-11 15:04:13,030 [WARN] PackLoader:242 - Cannot read IP mode file for RoweBots.I-CUBE-UNISONRTOS.5.5.0-4
2022-11-11 15:04:13,051 [WARN] PackLoader:242 - Cannot read IP mode file for STMicroelectronics.X-CUBE-AZRTOS-H7.2.1.0
2022-11-11 15:04:13,063 [WARN] PackLoader:242 - Cannot read IP mode file for STMicroelectronics.X-CUBE-BLEMGR.1.0.0
2022-11-11 15:04:13,067 [WARN] PackLoader:242 - Cannot read IP mode file for STMicroelectronics.X-CUBE-AI.7.3.0
2022-11-11 15:04:13,074 [WARN] PackLoader:242 - Cannot read IP mode file for STMicroelectronics.X-CUBE-ALGOBUILD.1.3.0
2022-11-11 15:04:13,092 [WARN] PackLoader:242 - Cannot read IP mode file for STMicroelectronics.X-CUBE-AZRTOS-G0.1.1.0
2022-11-11 15:04:13,112 [WARN] PackLoader:242 - Cannot read IP mode file for STMicroelectronics.X-CUBE-SUBG2.5.0.0
2022-11-11 15:04:13,157 [WARN] PackLoader:242 - Cannot read IP mode file for SEGGER.I-CUBE-embOS.1.2.0
2022-11-11 15:04:13,199 [WARN] PackLoader:242 - Cannot read IP mode file for STMicroelectronics.FP-ATR-ASTRA1.1.1.1
2022-11-11 15:04:13,219 [WARN] PackLoader:242 - Cannot read IP mode file for STMicroelectronics.X-CUBE-AZRTOS-H7.2.0.0
2022-11-11 15:04:13,234 [WARN] PackLoader:242 - Cannot read IP mode file for STMicroelectronics.X-CUBE-AZRTOS-G4.1.0.0
2022-11-11 15:04:13,241 [WARN] PackLoader:242 - Cannot read IP mode file for STMicroelectronics.FP-ATR-SIGFOX1.3.2.0
2022-11-11 15:04:13,261 [WARN] PackLoader:242 - Cannot read IP mode file for STMicroelectronics.X-CUBE-AZRTOS-L4.1.0.0
2022-11-11 15:04:13,270 [WARN] PackLoader:242 - Cannot read IP mode file for emotas.I-CUBE-CANOPEN.1.1.2
2022-11-11 15:04:13,274 [WARN] PackLoader:242 - Cannot read IP mode file for STMicroelectronics.X-CUBE-TOUCHGFX.4.20.0
2022-11-11 15:04:13,290 [WARN] PackLoader:242 - Cannot read IP mode file for STMicroelectronics.X-CUBE-AZRTOS-F7.1.0.0
2022-11-11 15:04:13,309 [WARN] PackLoader:242 - Cannot read IP mode file for STMicroelectronics.X-CUBE-AZRTOS-WL.1.0.0
2022-11-11 15:04:13,342 [WARN] PackLoader:242 - Cannot read IP mode file for STMicroelectronics.X-CUBE-MEMS1.9.1.0
2022-11-11 15:04:13,444 [WARN] PackLoader:242 - Cannot read IP mode file for portGmbH.I-Cube-SoM-uGOAL.1.1.0
2022-11-11 15:04:13,449 [WARN] PackLoader:242 - Cannot read IP mode file for STMicroelectronics.X-CUBE-ALS.1.0.1
2022-11-11 15:04:13,464 [WARN] PackLoader:242 - Cannot read IP mode file for STMicroelectronics.X-CUBE-AZRTOS-L5.1.0.0
2022-11-11 15:04:13,472 [WARN] PackLoader:242 - Cannot read IP mode file for STMicroelectronics.X-CUBE-EEPRMA1.3.1.1
2022-11-11 15:04:13,479 [WARN] PackLoader:242 - Cannot read IP mode file for STMicroelectronics.X-CUBE-GNSS1.5.2.0
2022-11-11 15:04:13,484 [WARN] PackLoader:242 - Cannot read IP mode file for STMicroelectronics.X-CUBE-DISPLAY.2.0.1
2022-11-11 15:04:13,498 [WARN] PackLoader:242 - Cannot read IP mode file for STMicroelectronics.X-CUBE-TOF1.3.0.0
2022-11-11 15:04:13,501 [INFO] ThirdParty:929 - Integrity check success = true
2022-11-11 15:04:13,502 [INFO] IntegrityCheckThread:98 - exiting critical section [integrity check]
2022-11-11 15:04:13,502 [INFO] IntegrityCheckThread:101 - End integrity checks thread
2022-11-11 15:04:15,026 [INFO] ApiDb:239 - Found 138 in-development CPN: [B-WB1M-WPAN1, NUCLEO-C031C6, STEVAL-STWINBX1, STM320518-EVAL, STM32C0116-DK, STM32C011D6Y3TR, STM32C011D6Y6TR, STM32C011F4P3, STM32C011F4P6, STM32C011F4U3, STM32C011F4U6TR, STM32C011F6P3, STM32C011F6P6, STM32C011F6U3, STM32C011F6U6TR, STM32C011J4M3, STM32C011J4M6, STM32C011J6M3, STM32C011J6M6, STM32C0316-DK, STM32C031C4T3, STM32C031C4T6, STM32C031C4U3, STM32C031C4U6, STM32C031C6T3, STM32C031C6T6, STM32C031C6U3, STM32C031C6U6, STM32C031F4P3, STM32C031F4P6, STM32C031F6P3, STM32C031F6P6, STM32C031G4U3, STM32C031G4U6, STM32C031G6U3, STM32C031G6U6, STM32C031K4T3, STM32C031K4T6, STM32C031K4U3, STM32C031K4U6, STM32C031K6T3, STM32C031K6T6, STM32C031K6U3, STM32C031K6U6, STM32G071K8TXN, STM32G071K8UXN, STM32G081GBU6N, STM32G081KBT6N, STM32G081KBUXN, STM32G0B1CCT6N, STM32G0B1KCT6, STM32G0B1NEY6TR, STM32G0B1RCT6N, STM32G0C1CCT6, STM32G0C1CCT6N, STM32G0C1CCU6N, STM32G0C1CET6N, STM32G0C1CEU6N, STM32G0C1KCT6, STM32G0C1NEY6TR, STM32G0C1RCI6N, STM32G0C1RCT6N, STM32G0C1REI6N, STM32G0C1RET6N, STM32G0C1VCI6, STM32G0C1VEI6, STM32G471CCT6, STM32G471CCU6, STM32G471CET3, STM32G471CET6, STM32G471CEU3, STM32G471CEU6, STM32G471MCT6, STM32G471MET3, STM32G471MET6, STM32G471MEY6TR, STM32G471QCT6, STM32G471QET3, STM32G471RCT6, STM32G471RET3, STM32G471RET6, STM32G471VCH6, STM32G471VCI6, STM32G471VCT6, STM32G471VEH3, STM32G471VEH6, STM32G471VEI3, STM32G471VEI6, STM32G471VET3, STM32G471VET6, STM32G474CCT6, STM32L476VGY6PTR, STM32L4R5QGI6STR, STM32MP131AAE3, STM32MP131AAF3, STM32MP131AAG3, STM32MP131CAE3, STM32MP131CAF3, STM32MP131CAG3, STM32MP131DAE7, STM32MP131DAF7, STM32MP131DAG7, STM32MP131FAE7, STM32MP131FAF7, STM32MP131FAG7, STM32MP133AAE3, STM32MP133AAF3, STM32MP133AAG3, STM32MP133CAE3, STM32MP133CAF3, STM32MP133CAG3, STM32MP133DAE7, STM32MP133DAF7, STM32MP133DAG7, STM32MP133FAE7, STM32MP133FAF7, STM32MP133FAG7, STM32MP135AAE3, STM32MP135AAF3, STM32MP135AAG3, STM32MP135CAE3, STM32MP135CAF3, STM32MP135CAG3, STM32MP135DAE7, STM32MP135DAF7, STM32MP135DAG7, STM32MP135F-DK, STM32MP135FAE7, STM32MP135FAF7, STM32MP135FAG7, STM32U595ZJT6Q, STM32U599BJY6QTR, STM32U599NIH6Q, STM32U599NJH6Q, STM32U5A5ZJT6Q, STM32U5A9BJY6QTR, STM32U5A9NJH6Q, STM32WB1MMCH6]
2022-11-11 15:04:15,031 [INFO] DbMcus:215 - Found 3542 MCUs, 3542 are supported
2022-11-11 15:04:15,035 [INFO] ApiDb:418 - Load user favorites file C:\Users\Zver/.stm32cubeide/favorites.mcus.txt: 1 item(s)
2022-11-11 15:04:15,036 [INFO] ApiDb:422 - User favorites MCUs=[STM32F103C8T6]
2022-11-11 15:04:15,036 [INFO] DbMcus:221 - Set 1 / 1 favorites MCUs
2022-11-11 15:04:16,395 [INFO] LoadUrlFilesThread:177 - End of LoadServerUrlFiles without Thread
2022-11-11 15:04:16,415 [INFO] DetailPanel:339 - Set advertising image to C:/Users/Zver/STM32Cube/Repository/\en.Prom_NBSTM32U50921.jpg
2022-11-11 15:04:17,365 [INFO] MultiScanPanel:778 - Auto Refresh Data is not needed
2022-11-11 15:04:17,376 [INFO] ApiDb:663 - CubeFinder database Data Model version=2.1
2022-11-11 15:04:17,376 [INFO] ApiDb:664 - CubeFinder database Configuration version=3.0.32
2022-11-11 15:04:17,376 [INFO] ApiDb:665 - CubeFinder database generation date=2022-08-05 (1659688109)
2022-11-11 15:04:17,376 [INFO] ApiDb:666 - CubeFinder database FW Pack versions=[STM32Cube_FW_C0_V1.0.0, STM32Cube_FW_F4_V1.27.1, STM32Cube_FW_F7_V1.17.0, STM32Cube_FW_G0_V1.6.1, STM32Cube_FW_G4_V1.5.0, STM32Cube_FW_H7_V1.10.0, STM32Cube_FW_L5_V1.4.0, STM32Cube_FW_U5_V1.1.1, STM32Cube_FW_WB_V1.14.1, STM32Cube_FW_WL_V1.2.0, X-CUBE-ALGOBUILD_V1.3.0, X-CUBE-ALS_V1.0.1, X-CUBE-AZRTOS-F4_V1.1.0, X-CUBE-AZRTOS-F7_V1.1.0, X-CUBE-AZRTOS-G0_V1.1.0, X-CUBE-AZRTOS-G4_V1.0.0, X-CUBE-AZRTOS-H7_V2.1.0, X-CUBE-AZRTOS-L4_V1.0.0, X-CUBE-AZRTOS-L5_V1.0.0, X-CUBE-AZRTOS-WL_V1.0.0, X-CUBE-BLE1_V6.2.3, X-CUBE-BLE2_V3.3.0, X-CUBE-EEPRMA1_V3.1.1, X-CUBE-GNSS1_V6.0.0, X-CUBE-MEMS1_V9.1.0, X-CUBE-MEMS1_V9.3.0, X-CUBE-NFC4_V2.0.4, X-CUBE-NFC7_V1.0.0, X-CUBE-SFXS2LP1_V4.0.0, X-CUBE-SUBG2_V5.0.0]
2022-11-11 15:04:17,472 [INFO] DbBoardsSqlite:227 - include board P-NUCLEO-WB55-NUCLEO as a kit item of type 'Nucleo-64'
2022-11-11 15:04:17,472 [INFO] DbBoardsSqlite:227 - include board P-NUCLEO-WB55-USBDONGLE as a kit item of type 'Nucleo USB Dongle'
2022-11-11 15:04:17,473 [INFO] DbBoardsSqlite:227 - include board STEVAL-IDP005V1 as a kit item of type 'Evaluation Board'
2022-11-11 15:04:17,473 [INFO] DbBoardsSqlite:227 - include board STEVAL-IDP005V2 as a kit item of type 'Evaluation Board'
2022-11-11 15:04:17,489 [INFO] ApiDb:239 - Found 138 in-development CPN: [B-WB1M-WPAN1, NUCLEO-C031C6, STEVAL-STWINBX1, STM320518-EVAL, STM32C0116-DK, STM32C011D6Y3TR, STM32C011D6Y6TR, STM32C011F4P3, STM32C011F4P6, STM32C011F4U3, STM32C011F4U6TR, STM32C011F6P3, STM32C011F6P6, STM32C011F6U3, STM32C011F6U6TR, STM32C011J4M3, STM32C011J4M6, STM32C011J6M3, STM32C011J6M6, STM32C0316-DK, STM32C031C4T3, STM32C031C4T6, STM32C031C4U3, STM32C031C4U6, STM32C031C6T3, STM32C031C6T6, STM32C031C6U3, STM32C031C6U6, STM32C031F4P3, STM32C031F4P6, STM32C031F6P3, STM32C031F6P6, STM32C031G4U3, STM32C031G4U6, STM32C031G6U3, STM32C031G6U6, STM32C031K4T3, STM32C031K4T6, STM32C031K4U3, STM32C031K4U6, STM32C031K6T3, STM32C031K6T6, STM32C031K6U3, STM32C031K6U6, STM32G071K8TXN, STM32G071K8UXN, STM32G081GBU6N, STM32G081KBT6N, STM32G081KBUXN, STM32G0B1CCT6N, STM32G0B1KCT6, STM32G0B1NEY6TR, STM32G0B1RCT6N, STM32G0C1CCT6, STM32G0C1CCT6N, STM32G0C1CCU6N, STM32G0C1CET6N, STM32G0C1CEU6N, STM32G0C1KCT6, STM32G0C1NEY6TR, STM32G0C1RCI6N, STM32G0C1RCT6N, STM32G0C1REI6N, STM32G0C1RET6N, STM32G0C1VCI6, STM32G0C1VEI6, STM32G471CCT6, STM32G471CCU6, STM32G471CET3, STM32G471CET6, STM32G471CEU3, STM32G471CEU6, STM32G471MCT6, STM32G471MET3, STM32G471MET6, STM32G471MEY6TR, STM32G471QCT6, STM32G471QET3, STM32G471RCT6, STM32G471RET3, STM32G471RET6, STM32G471VCH6, STM32G471VCI6, STM32G471VCT6, STM32G471VEH3, STM32G471VEH6, STM32G471VEI3, STM32G471VEI6, STM32G471VET3, STM32G471VET6, STM32G474CCT6, STM32L476VGY6PTR, STM32L4R5QGI6STR, STM32MP131AAE3, STM32MP131AAF3, STM32MP131AAG3, STM32MP131CAE3, STM32MP131CAF3, STM32MP131CAG3, STM32MP131DAE7, STM32MP131DAF7, STM32MP131DAG7, STM32MP131FAE7, STM32MP131FAF7, STM32MP131FAG7, STM32MP133AAE3, STM32MP133AAF3, STM32MP133AAG3, STM32MP133CAE3, STM32MP133CAF3, STM32MP133CAG3, STM32MP133DAE7, STM32MP133DAF7, STM32MP133DAG7, STM32MP133FAE7, STM32MP133FAF7, STM32MP133FAG7, STM32MP135AAE3, STM32MP135AAF3, STM32MP135AAG3, STM32MP135CAE3, STM32MP135CAF3, STM32MP135CAG3, STM32MP135DAE7, STM32MP135DAF7, STM32MP135DAG7, STM32MP135F-DK, STM32MP135FAE7, STM32MP135FAF7, STM32MP135FAG7, STM32U595ZJT6Q, STM32U599BJY6QTR, STM32U599NIH6Q, STM32U599NJH6Q, STM32U5A5ZJT6Q, STM32U5A9BJY6QTR, STM32U5A9NJH6Q, STM32WB1MMCH6]
2022-11-11 15:04:17,647 [INFO] BoardInfo:879 - No configuration file found for board P-NUCLEO-WB55
2022-11-11 15:04:17,648 [INFO] DbBoards:156 - Kit is not supported: P-NUCLEO-WB55
2022-11-11 15:04:17,653 [INFO] BoardInfo:879 - No configuration file found for board STEVAL-BFA001V1B
2022-11-11 15:04:17,653 [INFO] DbBoards:156 - Kit is not supported: STEVAL-BFA001V1B
2022-11-11 15:04:17,655 [INFO] BoardInfo:879 - No configuration file found for board STEVAL-BFA001V2B
2022-11-11 15:04:17,655 [INFO] DbBoards:156 - Kit is not supported: STEVAL-BFA001V2B
2022-11-11 15:04:17,797 [INFO] DbBoards:160 - Found 176 boards, 173 are supported
2022-11-11 15:04:17,803 [INFO] ApiDb:418 - Load user favorites file C:\Users\Zver/.stm32cubeide/favorites.boards.txt: 0 item(s)
2022-11-11 15:04:17,804 [INFO] ApiDb:422 - User favorites Boards=[]
2022-11-11 15:04:17,804 [INFO] DbBoards:189 - Set 0 / 0 favorites Boards
2022-11-11 15:04:28,542 [ERROR] LogOutputStream:74 - [STDERR_REDIRECT] SLF4J: Failed to load class "org.slf4j.impl.StaticLoggerBinder".
2022-11-11 15:04:28,542 [ERROR] LogOutputStream:74 - [STDERR_REDIRECT] SLF4J: Defaulting to no-operation (NOP) logger implementation
2022-11-11 15:04:28,544 [ERROR] LogOutputStream:74 - [STDERR_REDIRECT] SLF4J: See http://www.slf4j.org/codes.html#StaticLoggerBinder for further details.
2022-11-11 15:04:50,381 [INFO] MainUpdater:2768 - connection check result : 10
2022-11-11 15:04:50,382 [INFO] MainUpdater:2768 - connection check result : 10
2022-11-11 15:04:50,404 [INFO] MicroXplorer:451 - Change Database Path : 
2022-11-11 15:04:50,404 [INFO] MicroXplorer:481 - Change Database Version : DB.6.0.60
2022-11-11 15:04:50,405 [WARN] ThirdParty:827 - waiting for thirdparty lock release [close project]
2022-11-11 15:04:50,406 [INFO] ThirdParty:829 - entering critical section [close project]
2022-11-11 15:04:50,407 [INFO] ThirdParty:839 - exiting critical section [close project]
2022-11-11 15:04:50,415 [INFO] PinOutPanel:1468 - setPackage(No Configuration,No Configuration)
2022-11-11 15:04:50,421 [INFO] UtilMem:74 - Begin LoadConfig() Used Memory: 354013616 Bytes (476053504)
2022-11-11 15:04:50,424 [INFO] MicroXplorer:451 - Change Database Path : 
2022-11-11 15:04:50,424 [INFO] MicroXplorer:481 - Change Database Version : DB.6.0.60
2022-11-11 15:04:50,425 [INFO] OpenFileManager:307 - Change cursor
2022-11-11 15:04:50,558 [INFO] Mcu:1922 - Initializing MCU STM32F103C8Tx STM32F103C8Tx 
2022-11-11 15:04:50,559 [INFO] Mcu:1935 - No CPN specified => set CPN to STM32F103C8T6
2022-11-11 15:04:51,669 [INFO] Context:654 - Trying to add GPIOservice into a context  which must be forbidden
2022-11-11 15:04:51,923 [INFO] ImportTextPane:193 - (OptionalMessage_ERROR) Unable to find key (Mcu.ThirdPartyNb) in loaded IOC file
2022-11-11 15:04:51,924 [INFO] ImportTextPane:193 - (OptionalMessage_ERROR) Unable to find key (Mcu.PinsNb) in loaded IOC file
2022-11-11 15:04:51,924 [INFO] ImportTextPane:193 - (OptionalMessage_ERROR) Unable to find key (Mcu.IPNb) in loaded IOC file
2022-11-11 15:04:51,987 [WARN] ApiManager:308 - Cannot register API 'Board Extension:GNSS1A1' from pack STMicroelectronics.X-CUBE-GNSS1.6.0.0: no header file found
2022-11-11 15:04:51,988 [WARN] ApiManager:308 - Cannot register API 'Board Support:Custom' from pack STMicroelectronics.X-CUBE-GNSS1.6.0.0: no header file found
2022-11-11 15:04:51,988 [WARN] ApiManager:308 - Cannot register API 'Data Exchange:lib_gnss' from pack STMicroelectronics.X-CUBE-GNSS1.6.0.0: no header file found
2022-11-11 15:04:52,002 [WARN] ApiManager:308 - Cannot register API 'Wireless:BlueNRG-MS' from pack STMicroelectronics.X-CUBE-BLE1.6.2.3: no header file found
2022-11-11 15:04:52,004 [INFO] RtosManager:488 - Registered RTOS mode: class=CMSIS, group=RTOS, mode=CMSIS_V1, owner=FREERTOS
2022-11-11 15:04:52,005 [INFO] RtosManager:488 - Registered RTOS mode: class=CMSIS, group=RTOS2, mode=CMSIS_V2, owner=FREERTOS
2022-11-11 15:04:52,005 [INFO] RtosManager:488 - Registered RTOS mode: class=RTOS, group=Core, mode=CMSIS_V1, owner=FREERTOS
2022-11-11 15:04:52,005 [INFO] RtosManager:488 - Registered RTOS mode: class=RTOS, group=Core, mode=CMSIS_V2, owner=FREERTOS
2022-11-11 15:04:52,005 [WARN] ModelIntegratedComponent:185 - Missing modes for component STMicroelectronics:FreeRTOS:0.0.1:STMicroelectronics:RTOS:FreeRTOS:Core:::10.2.0:
2022-11-11 15:04:52,011 [WARN] ApiManager:308 - Cannot register API 'Board Extension:S2868A1' from pack STMicroelectronics.X-CUBE-SUBG2.5.0.0: no header file found
2022-11-11 15:04:52,011 [WARN] ApiManager:308 - Cannot register API 'Board Extension:S2868A2' from pack STMicroelectronics.X-CUBE-SUBG2.5.0.0: no header file found
2022-11-11 15:04:52,012 [WARN] ApiManager:308 - Cannot register API 'Board Extension:S2915A1' from pack STMicroelectronics.X-CUBE-SUBG2.5.0.0: no header file found
2022-11-11 15:04:52,018 [WARN] ApiManager:308 - Cannot register API 'Wireless:BlueNRG-MS' from pack STMicroelectronics.X-CUBE-BLE1.6.2.2: no header file found
2022-11-11 15:04:52,020 [WARN] ApiManager:308 - Cannot register API 'Board Extension:NFC04A1' from pack STMicroelectronics.X-CUBE-NFC4.2.0.4: no header file found
2022-11-11 15:04:52,020 [WARN] ApiManager:308 - Cannot register API 'Wireless:BlueNRG-2' from pack STMicroelectronics.X-CUBE-BLE2.3.2.2: no header file found
2022-11-11 15:04:52,022 [WARN] ApiManager:308 - Cannot register API 'Board Extension:NFC04A1' from pack STMicroelectronics.X-CUBE-NFC4.2.0.3: no header file found
2022-11-11 15:04:52,026 [WARN] ApiManager:308 - Cannot register API 'Board Extension:S2868A1' from pack STMicroelectronics.X-CUBE-SFXS2LP1.3.1.0: no header file found
2022-11-11 15:04:52,026 [WARN] ApiManager:308 - Cannot register API 'Board Extension:S2868A2' from pack STMicroelectronics.X-CUBE-SFXS2LP1.3.1.0: no header file found
2022-11-11 15:04:52,027 [WARN] ApiManager:308 - Cannot register API 'Board Extension:S2915A1' from pack STMicroelectronics.X-CUBE-SFXS2LP1.3.1.0: no header file found
2022-11-11 15:04:52,033 [WARN] ModelIntegratedComponent:64 - No mode defined for component null
2022-11-11 15:04:52,033 [WARN] ModelIntegratedComponent:64 - No mode defined for component null
2022-11-11 15:04:52,033 [WARN] ModelIntegratedComponent:64 - No mode defined for component null
2022-11-11 15:04:52,033 [WARN] ModelIntegratedComponent:64 - No mode defined for component null
2022-11-11 15:04:52,033 [WARN] ModelIntegratedComponent:64 - No mode defined for component null
2022-11-11 15:04:52,033 [WARN] ModelIntegratedComponent:64 - No mode defined for component null
2022-11-11 15:04:52,033 [WARN] ModelIntegratedComponent:64 - No mode defined for component null
2022-11-11 15:04:52,033 [WARN] ModelIntegratedComponent:64 - No mode defined for component null
2022-11-11 15:04:52,034 [WARN] ModelIntegratedComponent:64 - No mode defined for component null
2022-11-11 15:04:52,034 [WARN] ModelIntegratedComponent:64 - No mode defined for component null
2022-11-11 15:04:52,034 [WARN] ModelIntegratedComponent:64 - No mode defined for component null
2022-11-11 15:04:52,034 [WARN] ModelIntegratedComponent:64 - No mode defined for component null
2022-11-11 15:04:52,034 [WARN] ModelIntegratedComponent:64 - No mode defined for component null
2022-11-11 15:04:52,034 [WARN] ModelIntegratedComponent:64 - No mode defined for component null
2022-11-11 15:04:52,034 [WARN] ModelIntegratedComponent:64 - No mode defined for component null
2022-11-11 15:04:52,034 [WARN] ModelIntegratedComponent:64 - No mode defined for component null
2022-11-11 15:04:52,034 [WARN] ModelIntegratedComponent:64 - No mode defined for component null
2022-11-11 15:04:52,035 [WARN] ModelIntegratedComponent:64 - No mode defined for component null
2022-11-11 15:04:52,035 [WARN] ModelIntegratedComponent:64 - No mode defined for component null
2022-11-11 15:04:52,035 [WARN] ModelIntegratedComponent:64 - No mode defined for component null
2022-11-11 15:04:52,035 [WARN] ModelIntegratedComponent:64 - No mode defined for component null
2022-11-11 15:04:52,035 [WARN] ModelIntegratedComponent:64 - No mode defined for component null
2022-11-11 15:04:52,035 [WARN] ModelIntegratedComponent:64 - No mode defined for component null
2022-11-11 15:04:52,035 [WARN] ModelIntegratedComponent:64 - No mode defined for component null
2022-11-11 15:04:52,035 [WARN] ModelIntegratedComponent:64 - No mode defined for component null
2022-11-11 15:04:52,035 [WARN] ModelIntegratedComponent:64 - No mode defined for component null
2022-11-11 15:04:52,035 [WARN] ModelIntegratedComponent:64 - No mode defined for component null
2022-11-11 15:04:52,035 [WARN] ModelIntegratedComponent:64 - No mode defined for component null
2022-11-11 15:04:52,035 [WARN] ModelIntegratedComponent:64 - No mode defined for component null
2022-11-11 15:04:52,035 [WARN] ModelIntegratedComponent:64 - No mode defined for component null
2022-11-11 15:04:52,035 [WARN] ModelIntegratedComponent:64 - No mode defined for component null
2022-11-11 15:04:52,035 [WARN] ModelIntegratedComponent:64 - No mode defined for component null
2022-11-11 15:04:52,035 [WARN] ModelIntegratedComponent:64 - No mode defined for component null
2022-11-11 15:04:52,038 [WARN] ApiManager:308 - Cannot register API 'Board Extension:NFC07A1' from pack STMicroelectronics.X-CUBE-NFC7.1.0.0: no header file found
2022-11-11 15:04:52,042 [WARN] ApiManager:308 - Cannot register API 'Board Extension:S2868A1' from pack STMicroelectronics.X-CUBE-SUBG2.4.2.0: no header file found
2022-11-11 15:04:52,042 [WARN] ApiManager:308 - Cannot register API 'Board Extension:S2868A2' from pack STMicroelectronics.X-CUBE-SUBG2.4.2.0: no header file found
2022-11-11 15:04:52,042 [WARN] ApiManager:308 - Cannot register API 'Board Extension:S2915A1' from pack STMicroelectronics.X-CUBE-SUBG2.4.2.0: no header file found
2022-11-11 15:04:52,154 [WARN] ApiManager:308 - Cannot register API 'Board Extension:IKS01A3' from pack STMicroelectronics.X-CUBE-MEMS1.9.1.0: no header file found
2022-11-11 15:04:52,154 [WARN] ApiManager:308 - Cannot register API 'Board Extension:IKS01A2' from pack STMicroelectronics.X-CUBE-MEMS1.9.1.0: no header file found
2022-11-11 15:04:52,155 [WARN] ApiManager:308 - Cannot register API 'Board Extension:IKS02A1' from pack STMicroelectronics.X-CUBE-MEMS1.9.1.0: no header file found
2022-11-11 15:04:52,243 [WARN] ApiManager:308 - Cannot register API 'Board Extension:IKS01A3' from pack STMicroelectronics.X-CUBE-MEMS1.9.3.0: no header file found
2022-11-11 15:04:52,243 [WARN] ApiManager:308 - Cannot register API 'Board Extension:IKS01A2' from pack STMicroelectronics.X-CUBE-MEMS1.9.3.0: no header file found
2022-11-11 15:04:52,243 [WARN] ApiManager:308 - Cannot register API 'Board Extension:IKS02A1' from pack STMicroelectronics.X-CUBE-MEMS1.9.3.0: no header file found
2022-11-11 15:04:52,251 [WARN] ApiManager:308 - Cannot register API 'Board Extension:EEPRMA1' from pack STMicroelectronics.X-CUBE-EEPRMA1.3.1.1: no header file found
2022-11-11 15:04:52,252 [WARN] ApiManager:308 - Cannot register API 'Board Extension:EEPRMA2' from pack STMicroelectronics.X-CUBE-EEPRMA1.3.1.1: no header file found
2022-11-11 15:04:52,253 [WARN] ApiManager:308 - Cannot register API 'Board Extension:GNSS1A1' from pack STMicroelectronics.X-CUBE-GNSS1.5.2.0: no header file found
2022-11-11 15:04:52,253 [WARN] ApiManager:308 - Cannot register API 'Board Support:Custom' from pack STMicroelectronics.X-CUBE-GNSS1.5.2.0: no header file found
2022-11-11 15:04:52,253 [WARN] ApiManager:308 - Cannot register API 'Data Exchange:lib_gnss' from pack STMicroelectronics.X-CUBE-GNSS1.5.2.0: no header file found
2022-11-11 15:04:52,254 [WARN] ApiManager:308 - Cannot register API 'Board Extension:S2868A1' from pack STMicroelectronics.X-CUBE-SFXS2LP1.4.0.0: no header file found
2022-11-11 15:04:52,254 [WARN] ApiManager:308 - Cannot register API 'Board Extension:S2868A2' from pack STMicroelectronics.X-CUBE-SFXS2LP1.4.0.0: no header file found
2022-11-11 15:04:52,254 [WARN] ApiManager:308 - Cannot register API 'Board Extension:S2915A1' from pack STMicroelectronics.X-CUBE-SFXS2LP1.4.0.0: no header file found
2022-11-11 15:04:52,255 [WARN] ApiManager:308 - Cannot register API 'Wireless:BlueNRG-2' from pack STMicroelectronics.X-CUBE-BLE2.3.3.0: no header file found
2022-11-11 15:04:52,271 [INFO] ThirdPartyModel:289 - Start build external matchings
2022-11-11 15:04:52,789 [INFO] ThirdPartyModel:302 - End build external matchings
2022-11-11 15:04:53,014 [INFO] UtilMem:74 - End LoadConfig() Used Memory: 336633680 Bytes (476053504)
2022-11-11 15:04:53,038 [WARN] ThirdParty:789 - waiting for thirdparty lock release [change project]
2022-11-11 15:04:53,039 [INFO] ThirdParty:791 - entering critical section [change project]
2022-11-11 15:04:53,040 [INFO] ThirdParty:981 - CMSIS Pack Vendor :STMicroelectronics X-CUBE-ISPU 1.1.0
2022-11-11 15:04:53,040 [INFO] ThirdParty:981 - CMSIS Pack Vendor :wolfSSL I-CUBE-wolfSSL 5.2.0
2022-11-11 15:04:53,040 [INFO] ThirdParty:981 - CMSIS Pack Vendor :RoweBots I-CUBE-UNISONRTOS 5.5.0-4
2022-11-11 15:04:53,040 [INFO] ThirdParty:981 - CMSIS Pack Vendor :STMicroelectronics X-CUBE-GNSS1 6.0.0
2022-11-11 15:04:53,040 [INFO] ThirdParty:981 - CMSIS Pack Vendor :STMicroelectronics X-CUBE-AZRTOS-H7 2.1.0
2022-11-11 15:04:53,040 [INFO] ThirdParty:981 - CMSIS Pack Vendor :STMicroelectronics USB_HOST 2.0.0
2022-11-11 15:04:53,040 [INFO] ThirdParty:981 - CMSIS Pack Vendor :STMicroelectronics X-CUBE-AZRTOS-F4 1.1.0
2022-11-11 15:04:53,041 [INFO] ThirdParty:981 - CMSIS Pack Vendor :STMicroelectronics LIBJPEG 8.0.0
2022-11-11 15:04:53,060 [INFO] ThirdParty:981 - CMSIS Pack Vendor :STMicroelectronics USB_DEVICE 3.0.0
2022-11-11 15:04:53,060 [INFO] ThirdParty:981 - CMSIS Pack Vendor :STMicroelectronics X-CUBE-BLEMGR 1.0.0
2022-11-11 15:04:53,060 [INFO] ThirdParty:981 - CMSIS Pack Vendor :STMicroelectronics X-CUBE-BLEMGR 1.2.0
2022-11-11 15:04:53,060 [INFO] ThirdParty:981 - CMSIS Pack Vendor :STMicroelectronics X-CUBE-AZRTOS-F7 1.1.0
2022-11-11 15:04:53,061 [INFO] ThirdParty:981 - CMSIS Pack Vendor :STMicroelectronics USB_DEVICE 2.0.0
2022-11-11 15:04:53,061 [INFO] ThirdParty:981 - CMSIS Pack Vendor :STMicroelectronics X-CUBE-AI 7.3.0
2022-11-11 15:04:53,061 [INFO] ThirdParty:981 - CMSIS Pack Vendor :STMicroelectronics X-CUBE-AI 7.1.0
2022-11-11 15:04:53,061 [INFO] ThirdParty:981 - CMSIS Pack Vendor :STMicroelectronics X-CUBE-BLE1 6.2.3
2022-11-11 15:04:53,061 [INFO] ThirdParty:981 - CMSIS Pack Vendor :STMicroelectronics X-CUBE-ALGOBUILD 1.3.0
2022-11-11 15:04:53,061 [INFO] ThirdParty:981 - CMSIS Pack Vendor :STMicroelectronics FreeRTOS 0.0.1
2022-11-11 15:04:53,061 [INFO] ThirdParty:981 - CMSIS Pack Vendor :STMicroelectronics X-CUBE-AZRTOS-G0 1.1.0
2022-11-11 15:04:53,062 [INFO] ThirdParty:981 - CMSIS Pack Vendor :STMicroelectronics X-CUBE-SUBG2 5.0.0
2022-11-11 15:04:53,062 [INFO] ThirdParty:981 - CMSIS Pack Vendor :SEGGER I-CUBE-embOS 1.2.0
2022-11-11 15:04:53,062 [INFO] ThirdParty:981 - CMSIS Pack Vendor :STMicroelectronics STM32_WPAN 1.0.0
2022-11-11 15:04:53,062 [INFO] ThirdParty:981 - CMSIS Pack Vendor :STMicroelectronics lwIP 2.0.3
2022-11-11 15:04:53,062 [INFO] ThirdParty:981 - CMSIS Pack Vendor :STMicroelectronics X-CUBE-BLE1 6.2.2
2022-11-11 15:04:53,062 [INFO] ThirdParty:981 - CMSIS Pack Vendor :STMicroelectronics X-CUBE-NFC4 2.0.4
2022-11-11 15:04:53,062 [INFO] ThirdParty:981 - CMSIS Pack Vendor :STMicroelectronics X-CUBE-BLE2 3.2.2
2022-11-11 15:04:53,062 [INFO] ThirdParty:981 - CMSIS Pack Vendor :STMicroelectronics USB_HOST 1.0.0
2022-11-11 15:04:53,062 [INFO] ThirdParty:981 - CMSIS Pack Vendor :STMicroelectronics X-CUBE-NFC4 2.0.3
2022-11-11 15:04:53,062 [INFO] ThirdParty:981 - CMSIS Pack Vendor :STMicroelectronics PDM2PCM 3.1.0
2022-11-11 15:04:53,062 [INFO] ThirdParty:981 - CMSIS Pack Vendor :STMicroelectronics FP-ATR-ASTRA1 1.1.1
2022-11-11 15:04:53,063 [INFO] ThirdParty:981 - CMSIS Pack Vendor :STMicroelectronics PDM2PCM 3.3.0
2022-11-11 15:04:53,063 [INFO] ThirdParty:981 - CMSIS Pack Vendor :STMicroelectronics X-CUBE-TOF1 3.1.0
2022-11-11 15:04:53,063 [INFO] ThirdParty:981 - CMSIS Pack Vendor :STMicroelectronics X-CUBE-SFXS2LP1 3.1.0
2022-11-11 15:04:53,063 [INFO] ThirdParty:981 - CMSIS Pack Vendor :STMicroelectronics X-CUBE-AZRTOS-F4 1.0.0
2022-11-11 15:04:53,063 [INFO] ThirdParty:981 - CMSIS Pack Vendor :STMicroelectronics X-CUBE-AZRTOS-H7 2.0.0
2022-11-11 15:04:53,063 [INFO] ThirdParty:981 - CMSIS Pack Vendor :STMicroelectronics X-CUBE-AZRTOS-G4 1.0.0
2022-11-11 15:04:53,063 [INFO] ThirdParty:981 - CMSIS Pack Vendor :STMicroelectronics FP-ATR-SIGFOX1 3.2.0
2022-11-11 15:04:53,063 [INFO] ThirdParty:981 - CMSIS Pack Vendor :STMicroelectronics X-CUBE-AZRTOS-L4 1.0.0
2022-11-11 15:04:53,063 [INFO] ThirdParty:981 - CMSIS Pack Vendor :STMicroelectronics HAL Drivers 0.0.0
2022-11-11 15:04:53,063 [INFO] ThirdParty:981 - CMSIS Pack Vendor :STMicroelectronics MBEDTLS 2.16.2
2022-11-11 15:04:53,063 [INFO] ThirdParty:981 - CMSIS Pack Vendor :emotas I-CUBE-CANOPEN 1.1.2
2022-11-11 15:04:53,063 [INFO] ThirdParty:981 - CMSIS Pack Vendor :STMicroelectronics X-CUBE-TOUCHGFX 4.20.0
2022-11-11 15:04:53,064 [INFO] ThirdParty:981 - CMSIS Pack Vendor :STMicroelectronics MBEDTLS 2.14.1
2022-11-11 15:04:53,064 [INFO] ThirdParty:981 - CMSIS Pack Vendor :STMicroelectronics X-CUBE-NFC7 1.0.0
2022-11-11 15:04:53,064 [INFO] ThirdParty:981 - CMSIS Pack Vendor :STMicroelectronics X-CUBE-AZRTOS-F7 1.0.0
2022-11-11 15:04:53,064 [INFO] ThirdParty:981 - CMSIS Pack Vendor :STMicroelectronics X-CUBE-AZRTOS-WL 1.0.0
2022-11-11 15:04:53,064 [INFO] ThirdParty:981 - CMSIS Pack Vendor :STMicroelectronics X-CUBE-SUBG2 4.2.0
2022-11-11 15:04:53,064 [INFO] ThirdParty:981 - CMSIS Pack Vendor :STMicroelectronics X-CUBE-MEMS1 9.1.0
2022-11-11 15:04:53,064 [INFO] ThirdParty:981 - CMSIS Pack Vendor :STMicroelectronics X-CUBE-MEMS1 9.3.0
2022-11-11 15:04:53,064 [INFO] ThirdParty:981 - CMSIS Pack Vendor :portGmbH I-Cube-SoM-uGOAL 1.1.0
2022-11-11 15:04:53,064 [INFO] ThirdParty:981 - CMSIS Pack Vendor :STMicroelectronics X-CUBE-ALS 1.0.1
2022-11-11 15:04:53,064 [INFO] ThirdParty:981 - CMSIS Pack Vendor :STMicroelectronics X-CUBE-AI 7.2.0
2022-11-11 15:04:53,064 [INFO] ThirdParty:981 - CMSIS Pack Vendor :STMicroelectronics ThreadX 1.0.0
2022-11-11 15:04:53,065 [INFO] ThirdParty:981 - CMSIS Pack Vendor :STMicroelectronics X-CUBE-AZRTOS-L5 1.0.0
2022-11-11 15:04:53,065 [INFO] ThirdParty:981 - CMSIS Pack Vendor :STMicroelectronics USB_DEVICE 1.0.0
2022-11-11 15:04:53,065 [INFO] ThirdParty:981 - CMSIS Pack Vendor :STMicroelectronics X-CUBE-AZRTOS-G0 1.0.0
2022-11-11 15:04:53,065 [INFO] ThirdParty:981 - CMSIS Pack Vendor :STMicroelectronics X-CUBE-EEPRMA1 3.1.1
2022-11-11 15:04:53,065 [INFO] ThirdParty:981 - CMSIS Pack Vendor :STMicroelectronics X-CUBE-GNSS1 5.2.0
2022-11-11 15:04:53,065 [INFO] ThirdParty:981 - CMSIS Pack Vendor :STMicroelectronics ThreadX 0.0.2
2022-11-11 15:04:53,065 [INFO] ThirdParty:981 - CMSIS Pack Vendor :STMicroelectronics lwIP 2.1.2
2022-11-11 15:04:53,065 [INFO] ThirdParty:981 - CMSIS Pack Vendor :STMicroelectronics X-CUBE-SFXS2LP1 4.0.0
2022-11-11 15:04:53,065 [INFO] ThirdParty:981 - CMSIS Pack Vendor :STMicroelectronics X-CUBE-BLE2 3.3.0
2022-11-11 15:04:53,065 [INFO] ThirdParty:981 - CMSIS Pack Vendor :STMicroelectronics X-CUBE-DISPLAY 2.0.1
2022-11-11 15:04:53,065 [INFO] ThirdParty:981 - CMSIS Pack Vendor :STMicroelectronics X-CUBE-DISPLAY 2.2.0
2022-11-11 15:04:53,066 [INFO] ThirdParty:981 - CMSIS Pack Vendor :STMicroelectronics X-CUBE-TOF1 3.2.0
2022-11-11 15:04:53,066 [INFO] ThirdParty:981 - CMSIS Pack Vendor :STMicroelectronics PDM2PCM 3.2.0
2022-11-11 15:04:53,066 [INFO] ThirdParty:981 - CMSIS Pack Vendor :STMicroelectronics X-CUBE-TOUCHGFX 4.18.1
2022-11-11 15:04:53,066 [INFO] ThirdParty:981 - CMSIS Pack Vendor :STMicroelectronics X-CUBE-TOF1 3.0.0
2022-11-11 15:04:53,066 [INFO] ThirdParty:981 - CMSIS Pack Vendor :STMicroelectronics X-CUBE-ISPU 1.0.0
2022-11-11 15:04:53,066 [INFO] ThirdParty:797 - exiting critical section [change project]
2022-11-11 15:04:53,433 [INFO] PinOutPanel:1468 - setPackage(No Configuration,No Configuration)
2022-11-11 15:04:53,437 [INFO] PinOutPanel:1468 - setPackage(STM32F103C8Tx,LQFP48)
2022-11-11 15:04:54,244 [INFO] UtilMem:74 - Before build in PCC Used Memory: 348649112 Bytes (476053504)
2022-11-11 15:04:55,559 [INFO] UtilMem:74 - After build in PCC Used Memory: 367576792 Bytes (476053504)
2022-11-11 15:04:55,594 [INFO] IPUIPlugin:79 - create IPUIPlugin
2022-11-11 15:04:55,595 [INFO] IPUIPlugin:79 - create IPUIPlugin
2022-11-11 15:04:55,595 [INFO] IPUIPlugin:79 - create IPUIPlugin
2022-11-11 15:04:55,597 [INFO] IPUIPlugin:79 - create IPUIPlugin
2022-11-11 15:04:55,597 [INFO] IPUIPlugin:79 - create IPUIPlugin
2022-11-11 15:04:55,597 [INFO] IPUIPlugin:79 - create IPUIPlugin
2022-11-11 15:04:55,598 [INFO] IPUIPlugin:79 - create IPUIPlugin
2022-11-11 15:04:55,598 [INFO] IPUIPlugin:79 - create IPUIPlugin
2022-11-11 15:04:55,599 [INFO] IPUIPlugin:79 - create IPUIPlugin
2022-11-11 15:04:55,599 [INFO] IPUIPlugin:79 - create IPUIPlugin
2022-11-11 15:04:55,600 [INFO] IPUIPlugin:79 - create IPUIPlugin
2022-11-11 15:04:55,600 [INFO] IPUIPlugin:79 - create IPUIPlugin
2022-11-11 15:04:55,600 [INFO] IPUIPlugin:79 - create IPUIPlugin
2022-11-11 15:04:55,602 [INFO] IPUIPlugin:79 - create IPUIPlugin
2022-11-11 15:04:55,603 [INFO] IPUIPlugin:79 - create IPUIPlugin
2022-11-11 15:04:55,603 [INFO] IPUIPlugin:79 - create IPUIPlugin
2022-11-11 15:04:55,604 [INFO] IPUIPlugin:79 - create IPUIPlugin
2022-11-11 15:04:55,604 [INFO] IPUIPlugin:79 - create IPUIPlugin
2022-11-11 15:04:55,604 [INFO] IPUIPlugin:79 - create IPUIPlugin
2022-11-11 15:04:55,604 [INFO] IPUIPlugin:79 - create IPUIPlugin
2022-11-11 15:04:55,605 [INFO] IPUIPlugin:79 - create IPUIPlugin
2022-11-11 15:04:55,605 [INFO] IPUIPlugin:79 - create IPUIPlugin
2022-11-11 15:04:55,606 [INFO] IPUIPlugin:79 - create IPUIPlugin
2022-11-11 15:04:55,606 [INFO] IPUIPlugin:79 - create IPUIPlugin
2022-11-11 15:04:55,606 [INFO] IPUIPlugin:79 - create IPUIPlugin
2022-11-11 15:04:55,607 [INFO] IPUIPlugin:79 - create IPUIPlugin
2022-11-11 15:04:55,607 [INFO] IPUIPlugin:79 - create IPUIPlugin
2022-11-11 15:04:56,019 [INFO] OpenFileManager:327 - Restore cursor
2022-11-11 15:04:56,964 [INFO] UtilMem:74 - End SaveConfig() Used Memory: 392557328 Bytes (476053504)
2022-11-11 15:04:57,031 [INFO] UtilMem:74 - End SaveConfig() Used Memory: 411396720 Bytes (476053504)
2022-11-11 15:04:57,739 [INFO] BlockDiagram:2753 - set Specific Code input for plugin: NVIC
2022-11-11 15:04:57,740 [INFO] BlockDiagram:2753 - set Specific Code input for plugin: RCC
2022-11-11 15:04:57,760 [INFO] CodeGenerator:690 - code generatio: config db path: C:\ST\STM32CubeIDE_1.9.0\STM32CubeIDE\plugins\com.st.stm32cube.common.mx_6.6.1.202207061420\\db\
2022-11-11 15:04:58,374 [INFO] CodeEngine:245 - oldGeneratedFile, D:\github\mc\stm32\RS-485_Master_Read_Coils_and_Discrete_Inputs\RS-485_Master_Read_Coils_and_Discrete_Inputs\MXTmpFiles\license.tmp_save
2022-11-11 15:04:58,902 [INFO] CodeEngine:269 - Generated code: D:\github\mc\stm32\RS-485_Master_Read_Coils_and_Discrete_Inputs\RS-485_Master_Read_Coils_and_Discrete_Inputs\MXTmpFiles\license.tmp
2022-11-11 15:04:58,929 [INFO] CodeEngine:245 - oldGeneratedFile, D:\github\mc\stm32\RS-485_Master_Read_Coils_and_Discrete_Inputs\RS-485_Master_Read_Coils_and_Discrete_Inputs\Core\Src\stm32f1xx_it.c_save
2022-11-11 15:04:59,279 [INFO] CodeEngine:269 - Generated code: D:\github\mc\stm32\RS-485_Master_Read_Coils_and_Discrete_Inputs\RS-485_Master_Read_Coils_and_Discrete_Inputs\Core\Src\stm32f1xx_it.c
2022-11-11 15:04:59,289 [INFO] CodeEngine:245 - oldGeneratedFile, D:\github\mc\stm32\RS-485_Master_Read_Coils_and_Discrete_Inputs\RS-485_Master_Read_Coils_and_Discrete_Inputs\Core\Inc\stm32f1xx_it.h_save
2022-11-11 15:04:59,461 [INFO] CodeEngine:269 - Generated code: D:\github\mc\stm32\RS-485_Master_Read_Coils_and_Discrete_Inputs\RS-485_Master_Read_Coils_and_Discrete_Inputs\Core\Inc\stm32f1xx_it.h
2022-11-11 15:04:59,595 [INFO] CodeEngine:245 - oldGeneratedFile, D:\github\mc\stm32\RS-485_Master_Read_Coils_and_Discrete_Inputs\RS-485_Master_Read_Coils_and_Discrete_Inputs\Core\Src\stm32f1xx_hal_msp.c_save
2022-11-11 15:04:59,890 [INFO] CodeEngine:269 - Generated code: D:\github\mc\stm32\RS-485_Master_Read_Coils_and_Discrete_Inputs\RS-485_Master_Read_Coils_and_Discrete_Inputs\Core\Src\stm32f1xx_hal_msp.c
2022-11-11 15:04:59,904 [INFO] CodeEngine:245 - oldGeneratedFile, D:\github\mc\stm32\RS-485_Master_Read_Coils_and_Discrete_Inputs\RS-485_Master_Read_Coils_and_Discrete_Inputs\MXTmpFiles\system.tmp_save
2022-11-11 15:05:00,013 [INFO] CodeEngine:269 - Generated code: D:\github\mc\stm32\RS-485_Master_Read_Coils_and_Discrete_Inputs\RS-485_Master_Read_Coils_and_Discrete_Inputs\MXTmpFiles\system.tmp
2022-11-11 15:05:00,027 [INFO] CodeEngine:245 - oldGeneratedFile, D:\github\mc\stm32\RS-485_Master_Read_Coils_and_Discrete_Inputs\RS-485_Master_Read_Coils_and_Discrete_Inputs\Core\Inc\stm32f1xx_hal_conf.h_save
2022-11-11 15:05:00,263 [INFO] CodeEngine:269 - Generated code: D:\github\mc\stm32\RS-485_Master_Read_Coils_and_Discrete_Inputs\RS-485_Master_Read_Coils_and_Discrete_Inputs\Core\Inc\stm32f1xx_hal_conf.h
2022-11-11 15:05:00,347 [INFO] CodeEngine:245 - oldGeneratedFile, D:\github\mc\stm32\RS-485_Master_Read_Coils_and_Discrete_Inputs\RS-485_Master_Read_Coils_and_Discrete_Inputs\Core\Inc\main.h_save
2022-11-11 15:05:00,543 [INFO] CodeEngine:269 - Generated code: D:\github\mc\stm32\RS-485_Master_Read_Coils_and_Discrete_Inputs\RS-485_Master_Read_Coils_and_Discrete_Inputs\Core\Inc\main.h
2022-11-11 15:05:00,552 [INFO] CodeEngine:245 - oldGeneratedFile, D:\github\mc\stm32\RS-485_Master_Read_Coils_and_Discrete_Inputs\RS-485_Master_Read_Coils_and_Discrete_Inputs\Core\Src\main.c_save
2022-11-11 15:05:00,802 [INFO] CodeEngine:269 - Generated code: D:\github\mc\stm32\RS-485_Master_Read_Coils_and_Discrete_Inputs\RS-485_Master_Read_Coils_and_Discrete_Inputs\Core\Src\main.c
2022-11-11 15:05:02,272 [INFO] ProjectBuilder:2919 - Time for Copy HAL[1] : 536mS.
2022-11-11 15:05:02,289 [INFO] ProjectBuilder:4117 - Project Generator version: 3.17.1
2022-11-11 15:05:03,029 [INFO] ConfigFileManager:1394 - The Die is : DIE410
2022-11-11 15:05:03,053 [INFO] ApiDbMcu:505 - Load IP Config File for FATFS
2022-11-11 15:05:03,096 [INFO] ApiDbMcu:505 - Load IP Config File for FREERTOS
2022-11-11 15:05:03,143 [INFO] ApiDbMcu:505 - Load IP Config File for USB_DEVICE
2022-11-11 15:05:13,290 [INFO] ProjectBuilder:4285 - Time for Generating toolchain IDE Files: 11001mS.
2022-11-11 15:05:13,292 [INFO] ProjectBuilder:2790 - Time for Copy CMSIS : 1mS.
2022-11-11 15:05:13,294 [INFO] ProjectBuilder:2790 - Time for Copy CMSIS : 0mS.
2022-11-11 15:05:14,542 [INFO] McuFinderGlobals:57 - Set McuFinderConnectedMode to true
2022-11-11 15:05:14,544 [INFO] ApiDb:443 - Save user favorites file C:\Users\Zver/.stm32cubeide/favorites.mcus.txt: 1 item(s)
2022-11-11 15:05:14,545 [INFO] ApiDb:447 - User favorites MCUs=[STM32F103C8T6]
2022-11-11 15:07:19,052 [INFO] NvicIntPanel:100 - NVIC parent = com.st.microxplorer.plugins.ip.nvic.MultiNvicIntPanel[,0,0,0x0,invalid,layout=javax.swing.BoxLayout,alignmentX=0.0,alignmentY=0.0,border=,flags=9,maximumSize=,minimumSize=,preferredSize=]
2022-11-11 15:07:21,150 [INFO] NvicIntPanel:100 - NVIC parent = com.st.microxplorer.plugins.ip.nvic.MultiNvicIntPanel[,0,0,0x0,invalid,layout=javax.swing.BoxLayout,alignmentX=0.0,alignmentY=0.0,border=,flags=9,maximumSize=,minimumSize=,preferredSize=]
2022-11-11 15:08:49,549 [INFO] NvicIntPanel:100 - NVIC parent = com.st.microxplorer.plugins.ip.nvic.MultiNvicIntPanel[,0,0,476x173,layout=javax.swing.BoxLayout,alignmentX=0.0,alignmentY=0.0,border=,flags=9,maximumSize=,minimumSize=,preferredSize=]
2022-11-11 15:08:53,993 [INFO] UtilMem:74 - End SaveConfig() Used Memory: 804497440 Bytes (1073741824)
2022-11-11 15:08:55,424 [INFO] UtilMem:74 - End SaveConfig() Used Memory: 824153928 Bytes (1073741824)
2022-11-11 15:08:57,750 [INFO] UtilMem:74 - End SaveConfig() Used Memory: 493849992 Bytes (1073741824)
2022-11-11 15:08:58,098 [INFO] BlockDiagram:2753 - set Specific Code input for plugin: NVIC
2022-11-11 15:08:58,098 [INFO] BlockDiagram:2753 - set Specific Code input for plugin: USART
2022-11-11 15:08:58,098 [INFO] BlockDiagram:2753 - set Specific Code input for plugin: SYS
2022-11-11 15:08:58,099 [INFO] BlockDiagram:2753 - set Specific Code input for plugin: GPIO
2022-11-11 15:08:58,099 [INFO] BlockDiagram:2753 - set Specific Code input for plugin: RCC
2022-11-11 15:08:58,100 [INFO] CodeGenerator:690 - code generatio: config db path: C:\ST\STM32CubeIDE_1.9.0\STM32CubeIDE\plugins\com.st.stm32cube.common.mx_6.6.1.202207061420\\db\
2022-11-11 15:08:58,359 [INFO] CodeEngine:245 - oldGeneratedFile, D:\github\mc\stm32\RS-485_Master_Read_Coils_and_Discrete_Inputs\RS-485_Master_Read_Coils_and_Discrete_Inputs\MXTmpFiles\license.tmp_save
2022-11-11 15:08:58,527 [INFO] CodeEngine:269 - Generated code: D:\github\mc\stm32\RS-485_Master_Read_Coils_and_Discrete_Inputs\RS-485_Master_Read_Coils_and_Discrete_Inputs\MXTmpFiles\license.tmp
2022-11-11 15:08:58,596 [INFO] CodeEngine:245 - oldGeneratedFile, D:\github\mc\stm32\RS-485_Master_Read_Coils_and_Discrete_Inputs\RS-485_Master_Read_Coils_and_Discrete_Inputs\MXTmpFiles\gpio.tmp_save
2022-11-11 15:08:58,745 [INFO] CodeEngine:269 - Generated code: D:\github\mc\stm32\RS-485_Master_Read_Coils_and_Discrete_Inputs\RS-485_Master_Read_Coils_and_Discrete_Inputs\MXTmpFiles\gpio.tmp
2022-11-11 15:08:58,875 [INFO] CodeEngine:245 - oldGeneratedFile, D:\github\mc\stm32\RS-485_Master_Read_Coils_and_Discrete_Inputs\RS-485_Master_Read_Coils_and_Discrete_Inputs\Core\Src\stm32f1xx_it.c_save
2022-11-11 15:08:59,044 [INFO] CodeEngine:269 - Generated code: D:\github\mc\stm32\RS-485_Master_Read_Coils_and_Discrete_Inputs\RS-485_Master_Read_Coils_and_Discrete_Inputs\Core\Src\stm32f1xx_it.c
2022-11-11 15:08:59,060 [INFO] CodeEngine:245 - oldGeneratedFile, D:\github\mc\stm32\RS-485_Master_Read_Coils_and_Discrete_Inputs\RS-485_Master_Read_Coils_and_Discrete_Inputs\Core\Inc\stm32f1xx_it.h_save
2022-11-11 15:08:59,245 [INFO] CodeEngine:269 - Generated code: D:\github\mc\stm32\RS-485_Master_Read_Coils_and_Discrete_Inputs\RS-485_Master_Read_Coils_and_Discrete_Inputs\Core\Inc\stm32f1xx_it.h
2022-11-11 15:08:59,315 [INFO] CodeEngine:245 - oldGeneratedFile, D:\github\mc\stm32\RS-485_Master_Read_Coils_and_Discrete_Inputs\RS-485_Master_Read_Coils_and_Discrete_Inputs\Core\Src\stm32f1xx_hal_msp.c_save
2022-11-11 15:08:59,459 [INFO] CodeEngine:269 - Generated code: D:\github\mc\stm32\RS-485_Master_Read_Coils_and_Discrete_Inputs\RS-485_Master_Read_Coils_and_Discrete_Inputs\Core\Src\stm32f1xx_hal_msp.c
2022-11-11 15:08:59,466 [INFO] CodeEngine:245 - oldGeneratedFile, D:\github\mc\stm32\RS-485_Master_Read_Coils_and_Discrete_Inputs\RS-485_Master_Read_Coils_and_Discrete_Inputs\MXTmpFiles\system.tmp_save
2022-11-11 15:08:59,535 [INFO] CodeEngine:269 - Generated code: D:\github\mc\stm32\RS-485_Master_Read_Coils_and_Discrete_Inputs\RS-485_Master_Read_Coils_and_Discrete_Inputs\MXTmpFiles\system.tmp
2022-11-11 15:08:59,570 [INFO] CodeEngine:245 - oldGeneratedFile, D:\github\mc\stm32\RS-485_Master_Read_Coils_and_Discrete_Inputs\RS-485_Master_Read_Coils_and_Discrete_Inputs\Core\Inc\stm32f1xx_hal_conf.h_save
2022-11-11 15:08:59,753 [INFO] CodeEngine:269 - Generated code: D:\github\mc\stm32\RS-485_Master_Read_Coils_and_Discrete_Inputs\RS-485_Master_Read_Coils_and_Discrete_Inputs\Core\Inc\stm32f1xx_hal_conf.h
2022-11-11 15:08:59,810 [INFO] CodeEngine:245 - oldGeneratedFile, D:\github\mc\stm32\RS-485_Master_Read_Coils_and_Discrete_Inputs\RS-485_Master_Read_Coils_and_Discrete_Inputs\Core\Inc\main.h_save
2022-11-11 15:08:59,917 [INFO] CodeEngine:269 - Generated code: D:\github\mc\stm32\RS-485_Master_Read_Coils_and_Discrete_Inputs\RS-485_Master_Read_Coils_and_Discrete_Inputs\Core\Inc\main.h
2022-11-11 15:08:59,956 [INFO] CodeEngine:245 - oldGeneratedFile, D:\github\mc\stm32\RS-485_Master_Read_Coils_and_Discrete_Inputs\RS-485_Master_Read_Coils_and_Discrete_Inputs\Core\Src\main.c_save
2022-11-11 15:09:00,097 [INFO] CodeEngine:269 - Generated code: D:\github\mc\stm32\RS-485_Master_Read_Coils_and_Discrete_Inputs\RS-485_Master_Read_Coils_and_Discrete_Inputs\Core\Src\main.c
2022-11-11 15:09:01,126 [INFO] ProjectBuilder:2919 - Time for Copy HAL[1] : 520mS.
2022-11-11 15:09:01,129 [INFO] ProjectBuilder:4117 - Project Generator version: 3.17.1
2022-11-11 15:09:01,726 [INFO] ConfigFileManager:1394 - The Die is : DIE410
2022-11-11 15:09:03,290 [INFO] ProjectBuilder:4285 - Time for Generating toolchain IDE Files: 2161mS.
2022-11-11 15:09:03,290 [INFO] ProjectBuilder:2790 - Time for Copy CMSIS : 0mS.
2022-11-11 15:09:03,293 [INFO] ProjectBuilder:2790 - Time for Copy CMSIS : 0mS.
