2022-11-02 16:59:23,601 [INFO] Activator:177 - 


2022-11-02 16:59:23,602 [INFO] Activator:178 - !SESSION log4j initialized
2022-11-02 16:59:26,114 [INFO] McuFinderGlobals:44 - Set McuFinder mode to 2 (CubeIDE integrated)
2022-11-02 16:59:27,775 [INFO] ApplicationProperties:181 - Using Application install path: C:\ST\STM32CubeIDE_1.9.0\STM32CubeIDE\plugins\com.st.stm32cube.common.mx_6.6.1.202207061420
2022-11-02 16:59:27,800 [INFO] DbMcusXml:77 - Set database path to: C:\ST\STM32CubeIDE_1.9.0\STM32CubeIDE\plugins\com.st.stm32cube.common.mx_6.6.1.202207061420\\db\/mcu/
2022-11-02 16:59:27,801 [INFO] ApiDb:269 - Set plugin database path to: C:\ST\STM32CubeIDE_1.9.0\STM32CubeIDE\plugins\com.st.stm32cube.common.mx_6.6.1.202207061420\\db\/plugins/boardmanager/
2022-11-02 16:59:27,806 [WARN] ApiDb:254 - Overriding images path with different value:  => C:\ST\STM32CubeIDE_1.9.0\STM32CubeIDE\plugins\com.st.stm32cube.common.mx_6.6.1.202207061420\\db\/plugins/mcufinder/images/
2022-11-02 16:59:27,832 [INFO] ApiDb:249 - Set database path to: C:\Users\Zver\.stmcufinder\plugins\mcufinder//mcu/
2022-11-02 16:59:27,836 [INFO] DbMcusAds:124 - Set database path to: C:\Users\Zver\.stmcufinder\plugins\mcufinder//mcu/
2022-11-02 16:59:27,842 [INFO] CrossReferenceDbSqlite:201 - Set database path to: C:\Users\Zver\.stmcufinder\plugins\mcufinder//mcu/cs/
2022-11-02 16:59:27,976 [INFO] RulesReader:61 - Compatibility file has been processed (282 Rules)
2022-11-02 16:59:28,119 [INFO] DbMcusXml:77 - Set database path to: C:\ST\STM32CubeIDE_1.9.0\STM32CubeIDE\plugins\com.st.stm32cube.common.mx_6.6.1.202207061420\\db\/mcu/
2022-11-02 16:59:28,120 [INFO] ApiDb:269 - Set plugin database path to: C:\ST\STM32CubeIDE_1.9.0\STM32CubeIDE\plugins\com.st.stm32cube.common.mx_6.6.1.202207061420\\db\/plugins/boardmanager/
2022-11-02 16:59:28,120 [INFO] ApiDb:256 - Set plugin images path to: C:\ST\STM32CubeIDE_1.9.0\STM32CubeIDE\plugins\com.st.stm32cube.common.mx_6.6.1.202207061420\\db\/plugins/mcufinder/images/
2022-11-02 16:59:28,120 [WARN] DbFile:40 - Overriding database path with different value: C:\Users\Zver\.stmcufinder\plugins\mcufinder/ => C:\Users\Zver\.stmcufinder\plugins\mcufinder
2022-11-02 16:59:28,121 [INFO] ApiDb:249 - Set database path to: C:\Users\Zver\.stmcufinder\plugins\mcufinder//mcu/
2022-11-02 16:59:28,121 [WARN] DbFile:40 - Overriding database path with different value: C:\Users\Zver\.stmcufinder\plugins\mcufinder/ => C:\Users\Zver\.stmcufinder\plugins\mcufinder
2022-11-02 16:59:28,121 [INFO] DbMcusAds:124 - Set database path to: C:\Users\Zver\.stmcufinder\plugins\mcufinder//mcu/
2022-11-02 16:59:28,122 [WARN] DbFile:40 - Overriding database path with different value: C:\Users\Zver\.stmcufinder\plugins\mcufinder/ => C:\Users\Zver\.stmcufinder\plugins\mcufinder
2022-11-02 16:59:28,122 [WARN] DbFile:40 - Overriding database path with different value: C:\Users\Zver\.stmcufinder\plugins\mcufinder/ => C:\Users\Zver\.stmcufinder\plugins\mcufinder
2022-11-02 16:59:28,122 [INFO] CrossReferenceDbSqlite:201 - Set database path to: C:\Users\Zver\.stmcufinder\plugins\mcufinder//mcu/cs/
2022-11-02 16:59:28,251 [INFO] MainPanel:242 - HeapMemory: 268435456
2022-11-02 16:59:28,381 [INFO] DbMcusXml:77 - Set database path to: C:\ST\STM32CubeIDE_1.9.0\STM32CubeIDE\plugins\com.st.stm32cube.common.mx_6.6.1.202207061420\\db\/mcu/
2022-11-02 16:59:28,381 [INFO] ApiDb:269 - Set plugin database path to: C:\ST\STM32CubeIDE_1.9.0\STM32CubeIDE\plugins\com.st.stm32cube.common.mx_6.6.1.202207061420\\db\/plugins/boardmanager/
2022-11-02 16:59:28,381 [INFO] ApiDb:256 - Set plugin images path to: C:\ST\STM32CubeIDE_1.9.0\STM32CubeIDE\plugins\com.st.stm32cube.common.mx_6.6.1.202207061420\\db\/plugins/mcufinder/images/
2022-11-02 16:59:28,382 [WARN] DbFile:40 - Overriding database path with different value: C:\Users\Zver\.stmcufinder\plugins\mcufinder/ => C:\Users\Zver\.stmcufinder\plugins\mcufinder
2022-11-02 16:59:28,382 [INFO] ApiDb:249 - Set database path to: C:\Users\Zver\.stmcufinder\plugins\mcufinder//mcu/
2022-11-02 16:59:28,382 [WARN] DbFile:40 - Overriding database path with different value: C:\Users\Zver\.stmcufinder\plugins\mcufinder/ => C:\Users\Zver\.stmcufinder\plugins\mcufinder
2022-11-02 16:59:28,382 [INFO] DbMcusAds:124 - Set database path to: C:\Users\Zver\.stmcufinder\plugins\mcufinder//mcu/
2022-11-02 16:59:28,382 [WARN] DbFile:40 - Overriding database path with different value: C:\Users\Zver\.stmcufinder\plugins\mcufinder/ => C:\Users\Zver\.stmcufinder\plugins\mcufinder
2022-11-02 16:59:28,382 [WARN] DbFile:40 - Overriding database path with different value: C:\Users\Zver\.stmcufinder\plugins\mcufinder/ => C:\Users\Zver\.stmcufinder\plugins\mcufinder
2022-11-02 16:59:28,383 [INFO] CrossReferenceDbSqlite:201 - Set database path to: C:\Users\Zver\.stmcufinder\plugins\mcufinder//mcu/cs/
2022-11-02 16:59:28,409 [INFO] ApplicationProperties:181 - Using Application install path: C:\ST\STM32CubeIDE_1.9.0\STM32CubeIDE\plugins\com.st.stm32cube.common.mx_6.6.1.202207061420
2022-11-02 16:59:28,410 [INFO] PluginManage:193 - Search for loadable plugins [exclusion list=, ]
2022-11-02 16:59:28,412 [INFO] PluginManage:307 - Check plugin analytics
2022-11-02 16:59:28,576 [INFO] AnalyticsPlugin:262 - Accepted Software Licenses: 
2022-11-02 16:59:28,577 [INFO] AnalyticsPlugin:264 - Accepted CMSIS Pack Licenses: 
2022-11-02 16:59:28,577 [INFO] AnalyticsPlugin:266 - Accepted Firmware Licenses: 
2022-11-02 16:59:28,587 [INFO] PluginManage:356 - Loaded plugin analytics (category:tool,tabindex:-1)
2022-11-02 16:59:28,588 [INFO] PluginManage:307 - Check plugin cadmodel
2022-11-02 16:59:28,592 [INFO] CADModel:65 - Init CAD model plugin
2022-11-02 16:59:28,593 [INFO] PluginManage:356 - Loaded plugin cadmodel (category:power,tabindex:5)
2022-11-02 16:59:28,593 [INFO] PluginManage:307 - Check plugin clock
2022-11-02 16:59:28,605 [INFO] PluginManage:356 - Loaded plugin clock (category:base,tabindex:2)
2022-11-02 16:59:28,605 [INFO] PluginManage:307 - Check plugin ddr
2022-11-02 16:59:28,610 [INFO] PluginManage:356 - Loaded plugin ddr (category:tool,tabindex:6)
2022-11-02 16:59:28,610 [INFO] PluginManage:307 - Check plugin filemanager
2022-11-02 16:59:28,769 [INFO] PluginManage:356 - Loaded plugin filemanager (category:base,tabindex:10)
2022-11-02 16:59:28,770 [INFO] PluginManage:307 - Check plugin ipmanager
2022-11-02 16:59:28,791 [INFO] PluginManage:356 - Loaded plugin ipmanager (category:base,tabindex:5)
2022-11-02 16:59:28,791 [INFO] PluginManage:307 - Check plugin lpbam
2022-11-02 16:59:28,800 [INFO] PluginManage:356 - Loaded plugin lpbam (category:base,tabindex:0)
2022-11-02 16:59:28,801 [INFO] PluginManage:307 - Check plugin pinoutandconfiguration
2022-11-02 16:59:28,810 [INFO] PluginManage:356 - Loaded plugin pinoutandconfiguration (category:base,tabindex:1)
2022-11-02 16:59:28,810 [INFO] PluginManage:307 - Check plugin pinoutconfig
2022-11-02 16:59:28,849 [INFO] PluginManage:356 - Loaded plugin pinoutconfig (category:base,tabindex:0)
2022-11-02 16:59:28,849 [INFO] PluginManage:307 - Check plugin power
2022-11-02 16:59:28,859 [INFO] PluginManage:356 - Loaded plugin power (category:power,tabindex:4)
2022-11-02 16:59:28,859 [INFO] PluginManage:307 - Check plugin projectmanager
2022-11-02 16:59:28,874 [INFO] PluginManage:356 - Loaded plugin projectmanager (category:projectmanager,tabindex:3)
2022-11-02 16:59:28,874 [INFO] PluginManage:307 - Check plugin thirdparty
2022-11-02 16:59:29,005 [WARN] IntegrityCheckThread:82 - waiting for thirdparty lock release [integrity check]
2022-11-02 16:59:29,006 [INFO] PluginManage:356 - Loaded plugin thirdparty (category:base,tabindex:-1)
2022-11-02 16:59:29,006 [INFO] IntegrityCheckThread:84 - entering critical section [integrity check]
2022-11-02 16:59:29,007 [INFO] PluginManage:307 - Check plugin tools
2022-11-02 16:59:29,009 [INFO] ThirdPartyUpdaterWithRetryManager:70 - Updater plugin not ready yet. [1/15]
2022-11-02 16:59:29,010 [INFO] PluginManage:356 - Loaded plugin tools (category:base,tabindex:7)
2022-11-02 16:59:29,010 [INFO] PluginManage:307 - Check plugin tutovideos
2022-11-02 16:59:29,271 [INFO] PluginManage:356 - Loaded plugin tutovideos (category:base,tabindex:-1)
2022-11-02 16:59:29,272 [INFO] PluginManage:307 - Check plugin updater
2022-11-02 16:59:29,285 [INFO] PluginManage:356 - Loaded plugin updater (category:base,tabindex:12)
2022-11-02 16:59:29,285 [INFO] PluginManage:280 - PluginManage : Loaded plugins [15]
2022-11-02 16:59:29,734 [INFO] PinOutPanel:1468 - setPackage(No Configuration,No Configuration)
2022-11-02 16:59:29,844 [INFO] CADModel:98 - CPN selected for project level
2022-11-02 16:59:29,859 [INFO] IPUIPlugin:79 - create IPUIPlugin
2022-11-02 16:59:29,860 [INFO] PluginManager:217 - loadIPPluginJar : add adc
2022-11-02 16:59:29,863 [INFO] IPUIPlugin:79 - create IPUIPlugin
2022-11-02 16:59:29,863 [INFO] PluginManager:217 - loadIPPluginJar : add aes
2022-11-02 16:59:29,866 [INFO] IPUIPlugin:79 - create IPUIPlugin
2022-11-02 16:59:29,867 [INFO] PluginManager:217 - loadIPPluginJar : add can
2022-11-02 16:59:29,868 [INFO] IPUIPlugin:79 - create IPUIPlugin
2022-11-02 16:59:29,868 [INFO] PluginManager:217 - loadIPPluginJar : add comp
2022-11-02 16:59:29,870 [INFO] IPUIPlugin:79 - create IPUIPlugin
2022-11-02 16:59:29,870 [INFO] PluginManager:217 - loadIPPluginJar : add cryp
2022-11-02 16:59:29,872 [INFO] IPUIPlugin:79 - create IPUIPlugin
2022-11-02 16:59:29,872 [INFO] PluginManager:217 - loadIPPluginJar : add dfsdm
2022-11-02 16:59:29,878 [INFO] IPUIPlugin:79 - create IPUIPlugin
2022-11-02 16:59:29,878 [INFO] PluginManager:217 - loadIPPluginJar : add dma
2022-11-02 16:59:29,881 [INFO] IPUIPlugin:79 - create IPUIPlugin
2022-11-02 16:59:29,881 [INFO] PluginManager:217 - loadIPPluginJar : add dma3
2022-11-02 16:59:29,882 [INFO] IPUIPlugin:79 - create IPUIPlugin
2022-11-02 16:59:29,882 [INFO] PluginManager:217 - loadIPPluginJar : add fatfs
2022-11-02 16:59:29,887 [INFO] IPUIPlugin:79 - create IPUIPlugin
2022-11-02 16:59:29,887 [INFO] PluginManager:217 - loadIPPluginJar : add fmc
2022-11-02 16:59:29,892 [INFO] IPUIPlugin:79 - create IPUIPlugin
2022-11-02 16:59:29,893 [INFO] PluginManager:217 - loadIPPluginJar : add freertos
2022-11-02 16:59:29,894 [INFO] IPUIPlugin:79 - create IPUIPlugin
2022-11-02 16:59:29,894 [INFO] PluginManager:217 - loadIPPluginJar : add genericplugin
2022-11-02 16:59:29,897 [INFO] IPUIPlugin:79 - create IPUIPlugin
2022-11-02 16:59:29,898 [INFO] PluginManager:217 - loadIPPluginJar : add gfxmmu
2022-11-02 16:59:29,904 [INFO] IPUIPlugin:79 - create IPUIPlugin
2022-11-02 16:59:29,904 [INFO] PluginManager:217 - loadIPPluginJar : add gic
2022-11-02 16:59:29,909 [INFO] IPUIPlugin:79 - create IPUIPlugin
2022-11-02 16:59:29,909 [INFO] PluginManager:217 - loadIPPluginJar : add gpio
2022-11-02 16:59:29,913 [INFO] IPUIPlugin:79 - create IPUIPlugin
2022-11-02 16:59:29,913 [INFO] PluginManager:217 - loadIPPluginJar : add gtzc
2022-11-02 16:59:29,915 [INFO] IPUIPlugin:79 - create IPUIPlugin
2022-11-02 16:59:29,916 [INFO] PluginManager:217 - loadIPPluginJar : add hash
2022-11-02 16:59:29,918 [INFO] IPUIPlugin:79 - create IPUIPlugin
2022-11-02 16:59:29,919 [INFO] PluginManager:217 - loadIPPluginJar : add i2c
2022-11-02 16:59:29,921 [INFO] IPUIPlugin:79 - create IPUIPlugin
2022-11-02 16:59:29,921 [INFO] PluginManager:217 - loadIPPluginJar : add i2s
2022-11-02 16:59:29,924 [INFO] IPUIPlugin:79 - create IPUIPlugin
2022-11-02 16:59:29,925 [INFO] PluginManager:217 - loadIPPluginJar : add ipddr
2022-11-02 16:59:29,931 [INFO] IPUIPlugin:79 - create IPUIPlugin
2022-11-02 16:59:29,931 [INFO] PluginManager:217 - loadIPPluginJar : add linkedlist
2022-11-02 16:59:29,934 [INFO] IPUIPlugin:79 - create IPUIPlugin
2022-11-02 16:59:29,934 [INFO] PluginManager:217 - loadIPPluginJar : add lorawan
2022-11-02 16:59:29,936 [INFO] IPUIPlugin:79 - create IPUIPlugin
2022-11-02 16:59:29,936 [INFO] PluginManager:217 - loadIPPluginJar : add ltdc
2022-11-02 16:59:29,942 [INFO] IPUIPlugin:79 - create IPUIPlugin
2022-11-02 16:59:29,942 [INFO] PluginManager:217 - loadIPPluginJar : add mdma
2022-11-02 16:59:29,944 [INFO] IPUIPlugin:79 - create IPUIPlugin
2022-11-02 16:59:29,945 [INFO] PluginManager:217 - loadIPPluginJar : add nvic
2022-11-02 16:59:29,947 [INFO] IPUIPlugin:79 - create IPUIPlugin
2022-11-02 16:59:29,947 [INFO] PluginManager:217 - loadIPPluginJar : add opamp
2022-11-02 16:59:29,950 [INFO] IPUIPlugin:79 - create IPUIPlugin
2022-11-02 16:59:29,950 [INFO] PluginManager:217 - loadIPPluginJar : add openamp
2022-11-02 16:59:29,953 [INFO] IPUIPlugin:79 - create IPUIPlugin
2022-11-02 16:59:29,953 [INFO] PluginManager:217 - loadIPPluginJar : add pdm2pcm
2022-11-02 16:59:29,960 [INFO] IPUIPlugin:79 - create IPUIPlugin
2022-11-02 16:59:29,963 [INFO] PluginManager:217 - loadIPPluginJar : add plateformsettings
2022-11-02 16:59:29,963 [INFO] IPUIPlugin:79 - create IPUIPlugin
2022-11-02 16:59:29,963 [INFO] PluginManager:217 - loadIPPluginJar : add quadspi
2022-11-02 16:59:29,967 [INFO] IPUIPlugin:79 - create IPUIPlugin
2022-11-02 16:59:29,968 [INFO] PluginManager:217 - loadIPPluginJar : add resmgrutility
2022-11-02 16:59:29,971 [INFO] IPUIPlugin:79 - create IPUIPlugin
2022-11-02 16:59:29,971 [INFO] PluginManager:217 - loadIPPluginJar : add sai
2022-11-02 16:59:29,973 [INFO] IPUIPlugin:79 - create IPUIPlugin
2022-11-02 16:59:29,973 [INFO] PluginManager:217 - loadIPPluginJar : add spi
2022-11-02 16:59:29,977 [INFO] IPUIPlugin:79 - create IPUIPlugin
2022-11-02 16:59:29,977 [INFO] PluginManager:217 - loadIPPluginJar : add stm32_wpan
2022-11-02 16:59:29,979 [INFO] IPUIPlugin:79 - create IPUIPlugin
2022-11-02 16:59:29,979 [INFO] PluginManager:217 - loadIPPluginJar : add tim
2022-11-02 16:59:29,982 [INFO] IPUIPlugin:79 - create IPUIPlugin
2022-11-02 16:59:29,982 [INFO] PluginManager:217 - loadIPPluginJar : add touchsensing
2022-11-02 16:59:29,984 [INFO] IPUIPlugin:79 - create IPUIPlugin
2022-11-02 16:59:29,984 [INFO] PluginManager:217 - loadIPPluginJar : add tracer_emb
2022-11-02 16:59:29,986 [INFO] IPUIPlugin:79 - create IPUIPlugin
2022-11-02 16:59:29,986 [INFO] PluginManager:217 - loadIPPluginJar : add ts
2022-11-02 16:59:29,988 [INFO] IPUIPlugin:79 - create IPUIPlugin
2022-11-02 16:59:29,988 [INFO] PluginManager:217 - loadIPPluginJar : add tsc
2022-11-02 16:59:29,989 [INFO] IPUIPlugin:79 - create IPUIPlugin
2022-11-02 16:59:29,989 [INFO] PluginManager:217 - loadIPPluginJar : add ucpd
2022-11-02 16:59:29,992 [INFO] IPUIPlugin:79 - create IPUIPlugin
2022-11-02 16:59:29,993 [INFO] PluginManager:217 - loadIPPluginJar : add usart
2022-11-02 16:59:29,995 [INFO] IPUIPlugin:79 - create IPUIPlugin
2022-11-02 16:59:29,996 [INFO] PluginManager:217 - loadIPPluginJar : add usbx
2022-11-02 16:59:30,385 [FATAL] Updater:301 - Updater called before beeing initialized
2022-11-02 16:59:30,562 [FATAL] Updater:301 - Updater called before beeing initialized
2022-11-02 16:59:30,568 [INFO] DbMcusAds:52 - JSON generation date=Thu Sep 30 09:56:37 MSK 2021 (1632984997303)
2022-11-02 16:59:30,569 [FATAL] Updater:301 - Updater called before beeing initialized
2022-11-02 16:59:30,671 [WARN] DetailPanel:344 - Failed to get advertising image, set to default
2022-11-02 16:59:30,799 [FATAL] Updater:301 - Updater called before beeing initialized
2022-11-02 16:59:30,802 [FATAL] Updater:301 - Updater called before beeing initialized
2022-11-02 16:59:30,802 [FATAL] Updater:301 - Updater called before beeing initialized
2022-11-02 16:59:30,802 [WARN] DetailPanel:344 - Failed to get advertising image, set to default
2022-11-02 16:59:30,803 [FATAL] Updater:301 - Updater called before beeing initialized
2022-11-02 16:59:30,862 [ERROR] Updater:1105 - MainUpdater not yet initialized. External WinMGr cannot be set.
2022-11-02 16:59:30,865 [INFO] Updater:1041 - Updater Version found : 6.6.1
2022-11-02 16:59:30,880 [INFO] ApplicationProperties:181 - Using Application install path: C:\ST\STM32CubeIDE_1.9.0\STM32CubeIDE\plugins\com.st.stm32cube.common.mx_6.6.1.202207061420
2022-11-02 16:59:30,971 [INFO] MainUpdater:2768 - connection check result : 10
2022-11-02 16:59:30,972 [INFO] MainUpdater:280 - Updater Check For Update Now.
2022-11-02 16:59:30,972 [INFO] MicroXplorer:481 - Change Database Version : DB.6.0.60
2022-11-02 16:59:31,141 [INFO] CheckServerUpdateThread:119 - End of CheckServer Thread
2022-11-02 16:59:31,182 [INFO] MainUpdater:2768 - connection check result : 10
2022-11-02 16:59:31,771 [INFO] McuFinderGlobals:57 - Set McuFinderConnectedMode to true
2022-11-02 16:59:31,782 [INFO] MultiScanPanel:195 - Auto-refresh data requested => check proxy status ongoing
2022-11-02 16:59:31,787 [INFO] FinderPluginLoader:92 - Searching for filters in installed packs
2022-11-02 16:59:31,913 [INFO] ApiDb:576 - Connected to CubeFinder SQLite database (C:\Users\Zver\.stmcufinder\plugins\mcufinder\mcu\cube-finder-db.db)
2022-11-02 16:59:31,965 [INFO] ApiDb:663 - CubeFinder database Data Model version=2.1
2022-11-02 16:59:31,966 [INFO] ApiDb:664 - CubeFinder database Configuration version=3.0.32
2022-11-02 16:59:31,966 [INFO] ApiDb:665 - CubeFinder database generation date=2022-08-05 (1659688109)
2022-11-02 16:59:31,966 [INFO] ApiDb:666 - CubeFinder database FW Pack versions=[STM32Cube_FW_C0_V1.0.0, STM32Cube_FW_F4_V1.27.1, STM32Cube_FW_F7_V1.17.0, STM32Cube_FW_G0_V1.6.1, STM32Cube_FW_G4_V1.5.0, STM32Cube_FW_H7_V1.10.0, STM32Cube_FW_L5_V1.4.0, STM32Cube_FW_U5_V1.1.1, STM32Cube_FW_WB_V1.14.1, STM32Cube_FW_WL_V1.2.0, X-CUBE-ALGOBUILD_V1.3.0, X-CUBE-ALS_V1.0.1, X-CUBE-AZRTOS-F4_V1.1.0, X-CUBE-AZRTOS-F7_V1.1.0, X-CUBE-AZRTOS-G0_V1.1.0, X-CUBE-AZRTOS-G4_V1.0.0, X-CUBE-AZRTOS-H7_V2.1.0, X-CUBE-AZRTOS-L4_V1.0.0, X-CUBE-AZRTOS-L5_V1.0.0, X-CUBE-AZRTOS-WL_V1.0.0, X-CUBE-BLE1_V6.2.3, X-CUBE-BLE2_V3.3.0, X-CUBE-EEPRMA1_V3.1.1, X-CUBE-GNSS1_V6.0.0, X-CUBE-MEMS1_V9.1.0, X-CUBE-MEMS1_V9.3.0, X-CUBE-NFC4_V2.0.4, X-CUBE-NFC7_V1.0.0, X-CUBE-SFXS2LP1_V4.0.0, X-CUBE-SUBG2_V5.0.0]
2022-11-02 16:59:32,179 [WARN] PackLoader:242 - Cannot read IP mode file for wolfSSL.I-CUBE-wolfSSL.5.2.0
2022-11-02 16:59:32,195 [WARN] PackLoader:242 - Cannot read IP mode file for STMicroelectronics.X-CUBE-GNSS1.6.0.0
2022-11-02 16:59:32,238 [WARN] PackLoader:242 - Cannot read IP mode file for STMicroelectronics.X-CUBE-AZRTOS-F4.1.1.0
2022-11-02 16:59:32,255 [WARN] PackLoader:242 - Cannot read IP mode file for STMicroelectronics.X-CUBE-BLEMGR.1.2.0
2022-11-02 16:59:32,287 [WARN] PackLoader:242 - Cannot read IP mode file for STMicroelectronics.X-CUBE-AZRTOS-F7.1.1.0
2022-11-02 16:59:32,298 [WARN] PackLoader:242 - Cannot read IP mode file for STMicroelectronics.X-CUBE-AI.7.1.0
2022-11-02 16:59:32,304 [WARN] PackLoader:242 - Cannot read IP mode file for STMicroelectronics.X-CUBE-BLE1.6.2.3
2022-11-02 16:59:32,312 [WARN] PackLoader:242 - Cannot read IP mode file for STMicroelectronics.X-CUBE-BLE1.6.2.2
2022-11-02 16:59:32,318 [WARN] PackLoader:242 - Cannot read IP mode file for STMicroelectronics.X-CUBE-NFC4.2.0.4
2022-11-02 16:59:32,327 [WARN] PackLoader:242 - Cannot read IP mode file for STMicroelectronics.X-CUBE-BLE2.3.2.2
2022-11-02 16:59:32,334 [WARN] PackLoader:242 - Cannot read IP mode file for STMicroelectronics.X-CUBE-NFC4.2.0.3
2022-11-02 16:59:32,350 [WARN] PackLoader:242 - Cannot read IP mode file for STMicroelectronics.X-CUBE-TOF1.3.1.0
2022-11-02 16:59:32,364 [WARN] PackLoader:242 - Cannot read IP mode file for STMicroelectronics.X-CUBE-SFXS2LP1.3.1.0
2022-11-02 16:59:32,396 [WARN] PackLoader:242 - Cannot read IP mode file for STMicroelectronics.X-CUBE-AZRTOS-F4.1.0.0
2022-11-02 16:59:32,406 [WARN] PackLoader:242 - Cannot read IP mode file for STMicroelectronics.X-CUBE-NFC7.1.0.0
2022-11-02 16:59:32,424 [WARN] PackLoader:242 - Cannot read IP mode file for STMicroelectronics.X-CUBE-SUBG2.4.2.0
2022-11-02 16:59:32,520 [WARN] PackLoader:242 - Cannot read IP mode file for STMicroelectronics.X-CUBE-MEMS1.9.3.0
2022-11-02 16:59:32,681 [WARN] PackLoader:242 - Cannot read IP mode file for STMicroelectronics.X-CUBE-AI.7.2.0
2022-11-02 16:59:32,699 [WARN] PackLoader:242 - Cannot read IP mode file for STMicroelectronics.X-CUBE-AZRTOS-G0.1.0.0
2022-11-02 16:59:32,708 [WARN] PackLoader:242 - Cannot read IP mode file for STMicroelectronics.X-CUBE-SFXS2LP1.4.0.0
2022-11-02 16:59:32,714 [WARN] PackLoader:242 - Cannot read IP mode file for STMicroelectronics.X-CUBE-BLE2.3.3.0
2022-11-02 16:59:32,725 [WARN] PackLoader:242 - Cannot read IP mode file for STMicroelectronics.X-CUBE-DISPLAY.2.2.0
2022-11-02 16:59:32,745 [WARN] PackLoader:242 - Cannot read IP mode file for STMicroelectronics.X-CUBE-TOF1.3.2.0
2022-11-02 16:59:32,761 [WARN] PackLoader:242 - Cannot read IP mode file for STMicroelectronics.X-CUBE-TOUCHGFX.4.18.1
2022-11-02 16:59:32,765 [WARN] PackLoader:242 - Cannot read IP mode file for STMicroelectronics.X-CUBE-ISPU.1.0.0
2022-11-02 16:59:32,774 [WARN] PackLoader:242 - Cannot read IP mode file for RoweBots.I-CUBE-UNISONRTOS.5.5.0-4
2022-11-02 16:59:32,796 [WARN] PackLoader:242 - Cannot read IP mode file for STMicroelectronics.X-CUBE-AZRTOS-H7.2.1.0
2022-11-02 16:59:32,807 [WARN] PackLoader:242 - Cannot read IP mode file for STMicroelectronics.X-CUBE-BLEMGR.1.0.0
2022-11-02 16:59:32,815 [WARN] PackLoader:242 - Cannot read IP mode file for STMicroelectronics.X-CUBE-ALGOBUILD.1.3.0
2022-11-02 16:59:32,832 [WARN] PackLoader:242 - Cannot read IP mode file for STMicroelectronics.X-CUBE-AZRTOS-G0.1.1.0
2022-11-02 16:59:32,847 [WARN] PackLoader:242 - Cannot read IP mode file for STMicroelectronics.X-CUBE-SUBG2.5.0.0
2022-11-02 16:59:32,891 [WARN] PackLoader:242 - Cannot read IP mode file for SEGGER.I-CUBE-embOS.1.2.0
2022-11-02 16:59:32,926 [WARN] PackLoader:242 - Cannot read IP mode file for STMicroelectronics.FP-ATR-ASTRA1.1.1.1
2022-11-02 16:59:32,945 [WARN] PackLoader:242 - Cannot read IP mode file for STMicroelectronics.X-CUBE-AZRTOS-H7.2.0.0
2022-11-02 16:59:32,974 [WARN] PackLoader:242 - Cannot read IP mode file for STMicroelectronics.X-CUBE-AZRTOS-G4.1.0.0
2022-11-02 16:59:32,980 [WARN] PackLoader:242 - Cannot read IP mode file for STMicroelectronics.FP-ATR-SIGFOX1.3.2.0
2022-11-02 16:59:32,996 [WARN] PackLoader:242 - Cannot read IP mode file for STMicroelectronics.X-CUBE-AZRTOS-L4.1.0.0
2022-11-02 16:59:33,004 [WARN] PackLoader:242 - Cannot read IP mode file for emotas.I-CUBE-CANOPEN.1.1.2
2022-11-02 16:59:33,007 [WARN] PackLoader:242 - Cannot read IP mode file for STMicroelectronics.X-CUBE-TOUCHGFX.4.20.0
2022-11-02 16:59:33,029 [WARN] PackLoader:242 - Cannot read IP mode file for STMicroelectronics.X-CUBE-AZRTOS-F7.1.0.0
2022-11-02 16:59:33,044 [WARN] PackLoader:242 - Cannot read IP mode file for STMicroelectronics.X-CUBE-AZRTOS-WL.1.0.0
2022-11-02 16:59:33,086 [WARN] PackLoader:242 - Cannot read IP mode file for STMicroelectronics.X-CUBE-MEMS1.9.1.0
2022-11-02 16:59:33,176 [WARN] PackLoader:242 - Cannot read IP mode file for portGmbH.I-Cube-SoM-uGOAL.1.1.0
2022-11-02 16:59:33,179 [WARN] PackLoader:242 - Cannot read IP mode file for STMicroelectronics.X-CUBE-ALS.1.0.1
2022-11-02 16:59:33,193 [WARN] PackLoader:242 - Cannot read IP mode file for STMicroelectronics.X-CUBE-AZRTOS-L5.1.0.0
2022-11-02 16:59:33,203 [WARN] PackLoader:242 - Cannot read IP mode file for STMicroelectronics.X-CUBE-EEPRMA1.3.1.1
2022-11-02 16:59:33,209 [WARN] PackLoader:242 - Cannot read IP mode file for STMicroelectronics.X-CUBE-GNSS1.5.2.0
2022-11-02 16:59:33,215 [WARN] PackLoader:242 - Cannot read IP mode file for STMicroelectronics.X-CUBE-DISPLAY.2.0.1
2022-11-02 16:59:33,223 [WARN] PackLoader:242 - Cannot read IP mode file for STMicroelectronics.X-CUBE-TOF1.3.0.0
2022-11-02 16:59:33,225 [INFO] ThirdParty:929 - Integrity check success = true
2022-11-02 16:59:33,225 [INFO] IntegrityCheckThread:98 - exiting critical section [integrity check]
2022-11-02 16:59:33,226 [INFO] IntegrityCheckThread:101 - End integrity checks thread
2022-11-02 16:59:34,621 [INFO] ApiDb:239 - Found 138 in-development CPN: [B-WB1M-WPAN1, NUCLEO-C031C6, STEVAL-STWINBX1, STM320518-EVAL, STM32C0116-DK, STM32C011D6Y3TR, STM32C011D6Y6TR, STM32C011F4P3, STM32C011F4P6, STM32C011F4U3, STM32C011F4U6TR, STM32C011F6P3, STM32C011F6P6, STM32C011F6U3, STM32C011F6U6TR, STM32C011J4M3, STM32C011J4M6, STM32C011J6M3, STM32C011J6M6, STM32C0316-DK, STM32C031C4T3, STM32C031C4T6, STM32C031C4U3, STM32C031C4U6, STM32C031C6T3, STM32C031C6T6, STM32C031C6U3, STM32C031C6U6, STM32C031F4P3, STM32C031F4P6, STM32C031F6P3, STM32C031F6P6, STM32C031G4U3, STM32C031G4U6, STM32C031G6U3, STM32C031G6U6, STM32C031K4T3, STM32C031K4T6, STM32C031K4U3, STM32C031K4U6, STM32C031K6T3, STM32C031K6T6, STM32C031K6U3, STM32C031K6U6, STM32G071K8TXN, STM32G071K8UXN, STM32G081GBU6N, STM32G081KBT6N, STM32G081KBUXN, STM32G0B1CCT6N, STM32G0B1KCT6, STM32G0B1NEY6TR, STM32G0B1RCT6N, STM32G0C1CCT6, STM32G0C1CCT6N, STM32G0C1CCU6N, STM32G0C1CET6N, STM32G0C1CEU6N, STM32G0C1KCT6, STM32G0C1NEY6TR, STM32G0C1RCI6N, STM32G0C1RCT6N, STM32G0C1REI6N, STM32G0C1RET6N, STM32G0C1VCI6, STM32G0C1VEI6, STM32G471CCT6, STM32G471CCU6, STM32G471CET3, STM32G471CET6, STM32G471CEU3, STM32G471CEU6, STM32G471MCT6, STM32G471MET3, STM32G471MET6, STM32G471MEY6TR, STM32G471QCT6, STM32G471QET3, STM32G471RCT6, STM32G471RET3, STM32G471RET6, STM32G471VCH6, STM32G471VCI6, STM32G471VCT6, STM32G471VEH3, STM32G471VEH6, STM32G471VEI3, STM32G471VEI6, STM32G471VET3, STM32G471VET6, STM32G474CCT6, STM32L476VGY6PTR, STM32L4R5QGI6STR, STM32MP131AAE3, STM32MP131AAF3, STM32MP131AAG3, STM32MP131CAE3, STM32MP131CAF3, STM32MP131CAG3, STM32MP131DAE7, STM32MP131DAF7, STM32MP131DAG7, STM32MP131FAE7, STM32MP131FAF7, STM32MP131FAG7, STM32MP133AAE3, STM32MP133AAF3, STM32MP133AAG3, STM32MP133CAE3, STM32MP133CAF3, STM32MP133CAG3, STM32MP133DAE7, STM32MP133DAF7, STM32MP133DAG7, STM32MP133FAE7, STM32MP133FAF7, STM32MP133FAG7, STM32MP135AAE3, STM32MP135AAF3, STM32MP135AAG3, STM32MP135CAE3, STM32MP135CAF3, STM32MP135CAG3, STM32MP135DAE7, STM32MP135DAF7, STM32MP135DAG7, STM32MP135F-DK, STM32MP135FAE7, STM32MP135FAF7, STM32MP135FAG7, STM32U595ZJT6Q, STM32U599BJY6QTR, STM32U599NIH6Q, STM32U599NJH6Q, STM32U5A5ZJT6Q, STM32U5A9BJY6QTR, STM32U5A9NJH6Q, STM32WB1MMCH6]
2022-11-02 16:59:34,626 [INFO] DbMcus:215 - Found 3542 MCUs, 3542 are supported
2022-11-02 16:59:34,629 [INFO] ApiDb:418 - Load user favorites file C:\Users\Zver/.stm32cubeide/favorites.mcus.txt: 1 item(s)
2022-11-02 16:59:34,630 [INFO] ApiDb:422 - User favorites MCUs=[STM32F103C8T6]
2022-11-02 16:59:34,631 [INFO] DbMcus:221 - Set 1 / 1 favorites MCUs
2022-11-02 16:59:36,035 [INFO] LoadUrlFilesThread:177 - End of LoadServerUrlFiles without Thread
2022-11-02 16:59:36,050 [INFO] DetailPanel:339 - Set advertising image to C:/Users/Zver/STM32Cube/Repository/\en.Prom_NBSTM32U50921.jpg
2022-11-02 16:59:36,874 [INFO] MultiScanPanel:778 - Auto Refresh Data is not needed
2022-11-02 16:59:36,884 [INFO] ApiDb:663 - CubeFinder database Data Model version=2.1
2022-11-02 16:59:36,884 [INFO] ApiDb:664 - CubeFinder database Configuration version=3.0.32
2022-11-02 16:59:36,885 [INFO] ApiDb:665 - CubeFinder database generation date=2022-08-05 (1659688109)
2022-11-02 16:59:36,885 [INFO] ApiDb:666 - CubeFinder database FW Pack versions=[STM32Cube_FW_C0_V1.0.0, STM32Cube_FW_F4_V1.27.1, STM32Cube_FW_F7_V1.17.0, STM32Cube_FW_G0_V1.6.1, STM32Cube_FW_G4_V1.5.0, STM32Cube_FW_H7_V1.10.0, STM32Cube_FW_L5_V1.4.0, STM32Cube_FW_U5_V1.1.1, STM32Cube_FW_WB_V1.14.1, STM32Cube_FW_WL_V1.2.0, X-CUBE-ALGOBUILD_V1.3.0, X-CUBE-ALS_V1.0.1, X-CUBE-AZRTOS-F4_V1.1.0, X-CUBE-AZRTOS-F7_V1.1.0, X-CUBE-AZRTOS-G0_V1.1.0, X-CUBE-AZRTOS-G4_V1.0.0, X-CUBE-AZRTOS-H7_V2.1.0, X-CUBE-AZRTOS-L4_V1.0.0, X-CUBE-AZRTOS-L5_V1.0.0, X-CUBE-AZRTOS-WL_V1.0.0, X-CUBE-BLE1_V6.2.3, X-CUBE-BLE2_V3.3.0, X-CUBE-EEPRMA1_V3.1.1, X-CUBE-GNSS1_V6.0.0, X-CUBE-MEMS1_V9.1.0, X-CUBE-MEMS1_V9.3.0, X-CUBE-NFC4_V2.0.4, X-CUBE-NFC7_V1.0.0, X-CUBE-SFXS2LP1_V4.0.0, X-CUBE-SUBG2_V5.0.0]
2022-11-02 16:59:37,008 [INFO] DbBoardsSqlite:227 - include board P-NUCLEO-WB55-NUCLEO as a kit item of type 'Nucleo-64'
2022-11-02 16:59:37,009 [INFO] DbBoardsSqlite:227 - include board P-NUCLEO-WB55-USBDONGLE as a kit item of type 'Nucleo USB Dongle'
2022-11-02 16:59:37,009 [INFO] DbBoardsSqlite:227 - include board STEVAL-IDP005V1 as a kit item of type 'Evaluation Board'
2022-11-02 16:59:37,010 [INFO] DbBoardsSqlite:227 - include board STEVAL-IDP005V2 as a kit item of type 'Evaluation Board'
2022-11-02 16:59:37,024 [INFO] ApiDb:239 - Found 138 in-development CPN: [B-WB1M-WPAN1, NUCLEO-C031C6, STEVAL-STWINBX1, STM320518-EVAL, STM32C0116-DK, STM32C011D6Y3TR, STM32C011D6Y6TR, STM32C011F4P3, STM32C011F4P6, STM32C011F4U3, STM32C011F4U6TR, STM32C011F6P3, STM32C011F6P6, STM32C011F6U3, STM32C011F6U6TR, STM32C011J4M3, STM32C011J4M6, STM32C011J6M3, STM32C011J6M6, STM32C0316-DK, STM32C031C4T3, STM32C031C4T6, STM32C031C4U3, STM32C031C4U6, STM32C031C6T3, STM32C031C6T6, STM32C031C6U3, STM32C031C6U6, STM32C031F4P3, STM32C031F4P6, STM32C031F6P3, STM32C031F6P6, STM32C031G4U3, STM32C031G4U6, STM32C031G6U3, STM32C031G6U6, STM32C031K4T3, STM32C031K4T6, STM32C031K4U3, STM32C031K4U6, STM32C031K6T3, STM32C031K6T6, STM32C031K6U3, STM32C031K6U6, STM32G071K8TXN, STM32G071K8UXN, STM32G081GBU6N, STM32G081KBT6N, STM32G081KBUXN, STM32G0B1CCT6N, STM32G0B1KCT6, STM32G0B1NEY6TR, STM32G0B1RCT6N, STM32G0C1CCT6, STM32G0C1CCT6N, STM32G0C1CCU6N, STM32G0C1CET6N, STM32G0C1CEU6N, STM32G0C1KCT6, STM32G0C1NEY6TR, STM32G0C1RCI6N, STM32G0C1RCT6N, STM32G0C1REI6N, STM32G0C1RET6N, STM32G0C1VCI6, STM32G0C1VEI6, STM32G471CCT6, STM32G471CCU6, STM32G471CET3, STM32G471CET6, STM32G471CEU3, STM32G471CEU6, STM32G471MCT6, STM32G471MET3, STM32G471MET6, STM32G471MEY6TR, STM32G471QCT6, STM32G471QET3, STM32G471RCT6, STM32G471RET3, STM32G471RET6, STM32G471VCH6, STM32G471VCI6, STM32G471VCT6, STM32G471VEH3, STM32G471VEH6, STM32G471VEI3, STM32G471VEI6, STM32G471VET3, STM32G471VET6, STM32G474CCT6, STM32L476VGY6PTR, STM32L4R5QGI6STR, STM32MP131AAE3, STM32MP131AAF3, STM32MP131AAG3, STM32MP131CAE3, STM32MP131CAF3, STM32MP131CAG3, STM32MP131DAE7, STM32MP131DAF7, STM32MP131DAG7, STM32MP131FAE7, STM32MP131FAF7, STM32MP131FAG7, STM32MP133AAE3, STM32MP133AAF3, STM32MP133AAG3, STM32MP133CAE3, STM32MP133CAF3, STM32MP133CAG3, STM32MP133DAE7, STM32MP133DAF7, STM32MP133DAG7, STM32MP133FAE7, STM32MP133FAF7, STM32MP133FAG7, STM32MP135AAE3, STM32MP135AAF3, STM32MP135AAG3, STM32MP135CAE3, STM32MP135CAF3, STM32MP135CAG3, STM32MP135DAE7, STM32MP135DAF7, STM32MP135DAG7, STM32MP135F-DK, STM32MP135FAE7, STM32MP135FAF7, STM32MP135FAG7, STM32U595ZJT6Q, STM32U599BJY6QTR, STM32U599NIH6Q, STM32U599NJH6Q, STM32U5A5ZJT6Q, STM32U5A9BJY6QTR, STM32U5A9NJH6Q, STM32WB1MMCH6]
2022-11-02 16:59:37,168 [INFO] BoardInfo:879 - No configuration file found for board P-NUCLEO-WB55
2022-11-02 16:59:37,168 [INFO] DbBoards:156 - Kit is not supported: P-NUCLEO-WB55
2022-11-02 16:59:37,176 [INFO] BoardInfo:879 - No configuration file found for board STEVAL-BFA001V1B
2022-11-02 16:59:37,177 [INFO] DbBoards:156 - Kit is not supported: STEVAL-BFA001V1B
2022-11-02 16:59:37,178 [INFO] BoardInfo:879 - No configuration file found for board STEVAL-BFA001V2B
2022-11-02 16:59:37,179 [INFO] DbBoards:156 - Kit is not supported: STEVAL-BFA001V2B
2022-11-02 16:59:37,364 [INFO] DbBoards:160 - Found 176 boards, 173 are supported
2022-11-02 16:59:37,376 [INFO] ApiDb:418 - Load user favorites file C:\Users\Zver/.stm32cubeide/favorites.boards.txt: 0 item(s)
2022-11-02 16:59:37,377 [INFO] ApiDb:422 - User favorites Boards=[]
2022-11-02 16:59:37,379 [INFO] DbBoards:189 - Set 0 / 0 favorites Boards
2022-11-02 16:59:48,405 [ERROR] LogOutputStream:74 - [STDERR_REDIRECT] SLF4J: Failed to load class "org.slf4j.impl.StaticLoggerBinder".
2022-11-02 16:59:48,406 [ERROR] LogOutputStream:74 - [STDERR_REDIRECT] SLF4J: Defaulting to no-operation (NOP) logger implementation
2022-11-02 16:59:48,409 [ERROR] LogOutputStream:74 - [STDERR_REDIRECT] SLF4J: See http://www.slf4j.org/codes.html#StaticLoggerBinder for further details.
2022-11-02 17:00:00,618 [INFO] MainUpdater:2768 - connection check result : 10
2022-11-02 17:00:00,619 [INFO] MainUpdater:2768 - connection check result : 10
2022-11-02 17:00:00,641 [INFO] MicroXplorer:451 - Change Database Path : 
2022-11-02 17:00:00,642 [INFO] MicroXplorer:481 - Change Database Version : DB.6.0.60
2022-11-02 17:00:00,642 [WARN] ThirdParty:827 - waiting for thirdparty lock release [close project]
2022-11-02 17:00:00,643 [INFO] ThirdParty:829 - entering critical section [close project]
2022-11-02 17:00:00,644 [INFO] ThirdParty:839 - exiting critical section [close project]
2022-11-02 17:00:00,650 [INFO] PinOutPanel:1468 - setPackage(No Configuration,No Configuration)
2022-11-02 17:00:00,657 [INFO] UtilMem:74 - Begin LoadConfig() Used Memory: 213032800 Bytes (381681664)
2022-11-02 17:00:00,658 [INFO] MicroXplorer:451 - Change Database Path : 
2022-11-02 17:00:00,658 [INFO] MicroXplorer:481 - Change Database Version : DB.6.0.60
2022-11-02 17:00:00,659 [INFO] OpenFileManager:307 - Change cursor
2022-11-02 17:00:00,769 [INFO] Mcu:1922 - Initializing MCU STM32F103C8Tx STM32F103C8Tx 
2022-11-02 17:00:00,770 [INFO] Mcu:1935 - No CPN specified => set CPN to STM32F103C8T6
2022-11-02 17:00:01,836 [INFO] Context:654 - Trying to add GPIOservice into a context  which must be forbidden
2022-11-02 17:00:02,144 [INFO] ImportTextPane:193 - (OptionalMessage_ERROR) Unable to find key (Mcu.ThirdPartyNb) in loaded IOC file
2022-11-02 17:00:02,144 [INFO] ImportTextPane:193 - (OptionalMessage_ERROR) Unable to find key (Mcu.PinsNb) in loaded IOC file
2022-11-02 17:00:02,144 [INFO] ImportTextPane:193 - (OptionalMessage_ERROR) Unable to find key (Mcu.IPNb) in loaded IOC file
2022-11-02 17:00:02,229 [WARN] ApiManager:308 - Cannot register API 'Board Extension:GNSS1A1' from pack STMicroelectronics.X-CUBE-GNSS1.6.0.0: no header file found
2022-11-02 17:00:02,229 [WARN] ApiManager:308 - Cannot register API 'Board Support:Custom' from pack STMicroelectronics.X-CUBE-GNSS1.6.0.0: no header file found
2022-11-02 17:00:02,229 [WARN] ApiManager:308 - Cannot register API 'Data Exchange:lib_gnss' from pack STMicroelectronics.X-CUBE-GNSS1.6.0.0: no header file found
2022-11-02 17:00:02,248 [WARN] ApiManager:308 - Cannot register API 'Wireless:BlueNRG-MS' from pack STMicroelectronics.X-CUBE-BLE1.6.2.3: no header file found
2022-11-02 17:00:02,250 [INFO] RtosManager:488 - Registered RTOS mode: class=CMSIS, group=RTOS, mode=CMSIS_V1, owner=FREERTOS
2022-11-02 17:00:02,251 [INFO] RtosManager:488 - Registered RTOS mode: class=CMSIS, group=RTOS2, mode=CMSIS_V2, owner=FREERTOS
2022-11-02 17:00:02,251 [INFO] RtosManager:488 - Registered RTOS mode: class=RTOS, group=Core, mode=CMSIS_V1, owner=FREERTOS
2022-11-02 17:00:02,251 [INFO] RtosManager:488 - Registered RTOS mode: class=RTOS, group=Core, mode=CMSIS_V2, owner=FREERTOS
2022-11-02 17:00:02,251 [WARN] ModelIntegratedComponent:185 - Missing modes for component STMicroelectronics:FreeRTOS:0.0.1:STMicroelectronics:RTOS:FreeRTOS:Core:::10.2.0:
2022-11-02 17:00:02,259 [WARN] ApiManager:308 - Cannot register API 'Board Extension:S2868A1' from pack STMicroelectronics.X-CUBE-SUBG2.5.0.0: no header file found
2022-11-02 17:00:02,260 [WARN] ApiManager:308 - Cannot register API 'Board Extension:S2868A2' from pack STMicroelectronics.X-CUBE-SUBG2.5.0.0: no header file found
2022-11-02 17:00:02,260 [WARN] ApiManager:308 - Cannot register API 'Board Extension:S2915A1' from pack STMicroelectronics.X-CUBE-SUBG2.5.0.0: no header file found
2022-11-02 17:00:02,268 [WARN] ApiManager:308 - Cannot register API 'Wireless:BlueNRG-MS' from pack STMicroelectronics.X-CUBE-BLE1.6.2.2: no header file found
2022-11-02 17:00:02,269 [WARN] ApiManager:308 - Cannot register API 'Board Extension:NFC04A1' from pack STMicroelectronics.X-CUBE-NFC4.2.0.4: no header file found
2022-11-02 17:00:02,270 [WARN] ApiManager:308 - Cannot register API 'Wireless:BlueNRG-2' from pack STMicroelectronics.X-CUBE-BLE2.3.2.2: no header file found
2022-11-02 17:00:02,271 [WARN] ApiManager:308 - Cannot register API 'Board Extension:NFC04A1' from pack STMicroelectronics.X-CUBE-NFC4.2.0.3: no header file found
2022-11-02 17:00:02,278 [WARN] ApiManager:308 - Cannot register API 'Board Extension:S2868A1' from pack STMicroelectronics.X-CUBE-SFXS2LP1.3.1.0: no header file found
2022-11-02 17:00:02,279 [WARN] ApiManager:308 - Cannot register API 'Board Extension:S2868A2' from pack STMicroelectronics.X-CUBE-SFXS2LP1.3.1.0: no header file found
2022-11-02 17:00:02,279 [WARN] ApiManager:308 - Cannot register API 'Board Extension:S2915A1' from pack STMicroelectronics.X-CUBE-SFXS2LP1.3.1.0: no header file found
2022-11-02 17:00:02,289 [WARN] ModelIntegratedComponent:64 - No mode defined for component null
2022-11-02 17:00:02,289 [WARN] ModelIntegratedComponent:64 - No mode defined for component null
2022-11-02 17:00:02,289 [WARN] ModelIntegratedComponent:64 - No mode defined for component null
2022-11-02 17:00:02,290 [WARN] ModelIntegratedComponent:64 - No mode defined for component null
2022-11-02 17:00:02,290 [WARN] ModelIntegratedComponent:64 - No mode defined for component null
2022-11-02 17:00:02,290 [WARN] ModelIntegratedComponent:64 - No mode defined for component null
2022-11-02 17:00:02,290 [WARN] ModelIntegratedComponent:64 - No mode defined for component null
2022-11-02 17:00:02,290 [WARN] ModelIntegratedComponent:64 - No mode defined for component null
2022-11-02 17:00:02,290 [WARN] ModelIntegratedComponent:64 - No mode defined for component null
2022-11-02 17:00:02,290 [WARN] ModelIntegratedComponent:64 - No mode defined for component null
2022-11-02 17:00:02,290 [WARN] ModelIntegratedComponent:64 - No mode defined for component null
2022-11-02 17:00:02,290 [WARN] ModelIntegratedComponent:64 - No mode defined for component null
2022-11-02 17:00:02,290 [WARN] ModelIntegratedComponent:64 - No mode defined for component null
2022-11-02 17:00:02,291 [WARN] ModelIntegratedComponent:64 - No mode defined for component null
2022-11-02 17:00:02,292 [WARN] ModelIntegratedComponent:64 - No mode defined for component null
2022-11-02 17:00:02,292 [WARN] ModelIntegratedComponent:64 - No mode defined for component null
2022-11-02 17:00:02,292 [WARN] ModelIntegratedComponent:64 - No mode defined for component null
2022-11-02 17:00:02,292 [WARN] ModelIntegratedComponent:64 - No mode defined for component null
2022-11-02 17:00:02,292 [WARN] ModelIntegratedComponent:64 - No mode defined for component null
2022-11-02 17:00:02,292 [WARN] ModelIntegratedComponent:64 - No mode defined for component null
2022-11-02 17:00:02,292 [WARN] ModelIntegratedComponent:64 - No mode defined for component null
2022-11-02 17:00:02,292 [WARN] ModelIntegratedComponent:64 - No mode defined for component null
2022-11-02 17:00:02,292 [WARN] ModelIntegratedComponent:64 - No mode defined for component null
2022-11-02 17:00:02,292 [WARN] ModelIntegratedComponent:64 - No mode defined for component null
2022-11-02 17:00:02,292 [WARN] ModelIntegratedComponent:64 - No mode defined for component null
2022-11-02 17:00:02,292 [WARN] ModelIntegratedComponent:64 - No mode defined for component null
2022-11-02 17:00:02,292 [WARN] ModelIntegratedComponent:64 - No mode defined for component null
2022-11-02 17:00:02,292 [WARN] ModelIntegratedComponent:64 - No mode defined for component null
2022-11-02 17:00:02,293 [WARN] ModelIntegratedComponent:64 - No mode defined for component null
2022-11-02 17:00:02,293 [WARN] ModelIntegratedComponent:64 - No mode defined for component null
2022-11-02 17:00:02,293 [WARN] ModelIntegratedComponent:64 - No mode defined for component null
2022-11-02 17:00:02,293 [WARN] ModelIntegratedComponent:64 - No mode defined for component null
2022-11-02 17:00:02,293 [WARN] ModelIntegratedComponent:64 - No mode defined for component null
2022-11-02 17:00:02,296 [WARN] ApiManager:308 - Cannot register API 'Board Extension:NFC07A1' from pack STMicroelectronics.X-CUBE-NFC7.1.0.0: no header file found
2022-11-02 17:00:02,301 [WARN] ApiManager:308 - Cannot register API 'Board Extension:S2868A1' from pack STMicroelectronics.X-CUBE-SUBG2.4.2.0: no header file found
2022-11-02 17:00:02,301 [WARN] ApiManager:308 - Cannot register API 'Board Extension:S2868A2' from pack STMicroelectronics.X-CUBE-SUBG2.4.2.0: no header file found
2022-11-02 17:00:02,301 [WARN] ApiManager:308 - Cannot register API 'Board Extension:S2915A1' from pack STMicroelectronics.X-CUBE-SUBG2.4.2.0: no header file found
2022-11-02 17:00:02,438 [WARN] ApiManager:308 - Cannot register API 'Board Extension:IKS01A3' from pack STMicroelectronics.X-CUBE-MEMS1.9.1.0: no header file found
2022-11-02 17:00:02,438 [WARN] ApiManager:308 - Cannot register API 'Board Extension:IKS01A2' from pack STMicroelectronics.X-CUBE-MEMS1.9.1.0: no header file found
2022-11-02 17:00:02,439 [WARN] ApiManager:308 - Cannot register API 'Board Extension:IKS02A1' from pack STMicroelectronics.X-CUBE-MEMS1.9.1.0: no header file found
2022-11-02 17:00:02,538 [WARN] ApiManager:308 - Cannot register API 'Board Extension:IKS01A3' from pack STMicroelectronics.X-CUBE-MEMS1.9.3.0: no header file found
2022-11-02 17:00:02,538 [WARN] ApiManager:308 - Cannot register API 'Board Extension:IKS01A2' from pack STMicroelectronics.X-CUBE-MEMS1.9.3.0: no header file found
2022-11-02 17:00:02,539 [WARN] ApiManager:308 - Cannot register API 'Board Extension:IKS02A1' from pack STMicroelectronics.X-CUBE-MEMS1.9.3.0: no header file found
2022-11-02 17:00:02,545 [WARN] ApiManager:308 - Cannot register API 'Board Extension:EEPRMA1' from pack STMicroelectronics.X-CUBE-EEPRMA1.3.1.1: no header file found
2022-11-02 17:00:02,546 [WARN] ApiManager:308 - Cannot register API 'Board Extension:EEPRMA2' from pack STMicroelectronics.X-CUBE-EEPRMA1.3.1.1: no header file found
2022-11-02 17:00:02,546 [WARN] ApiManager:308 - Cannot register API 'Board Extension:GNSS1A1' from pack STMicroelectronics.X-CUBE-GNSS1.5.2.0: no header file found
2022-11-02 17:00:02,547 [WARN] ApiManager:308 - Cannot register API 'Board Support:Custom' from pack STMicroelectronics.X-CUBE-GNSS1.5.2.0: no header file found
2022-11-02 17:00:02,547 [WARN] ApiManager:308 - Cannot register API 'Data Exchange:lib_gnss' from pack STMicroelectronics.X-CUBE-GNSS1.5.2.0: no header file found
2022-11-02 17:00:02,547 [WARN] ApiManager:308 - Cannot register API 'Board Extension:S2868A1' from pack STMicroelectronics.X-CUBE-SFXS2LP1.4.0.0: no header file found
2022-11-02 17:00:02,548 [WARN] ApiManager:308 - Cannot register API 'Board Extension:S2868A2' from pack STMicroelectronics.X-CUBE-SFXS2LP1.4.0.0: no header file found
2022-11-02 17:00:02,548 [WARN] ApiManager:308 - Cannot register API 'Board Extension:S2915A1' from pack STMicroelectronics.X-CUBE-SFXS2LP1.4.0.0: no header file found
2022-11-02 17:00:02,548 [WARN] ApiManager:308 - Cannot register API 'Wireless:BlueNRG-2' from pack STMicroelectronics.X-CUBE-BLE2.3.3.0: no header file found
2022-11-02 17:00:02,562 [INFO] ThirdPartyModel:289 - Start build external matchings
2022-11-02 17:00:03,372 [INFO] ThirdPartyModel:302 - End build external matchings
2022-11-02 17:00:03,602 [INFO] UtilMem:74 - End LoadConfig() Used Memory: 310839848 Bytes (381681664)
2022-11-02 17:00:03,631 [WARN] ThirdParty:789 - waiting for thirdparty lock release [change project]
2022-11-02 17:00:03,631 [INFO] ThirdParty:791 - entering critical section [change project]
2022-11-02 17:00:03,632 [INFO] ThirdParty:981 - CMSIS Pack Vendor :wolfSSL I-CUBE-wolfSSL 5.2.0
2022-11-02 17:00:03,632 [INFO] ThirdParty:981 - CMSIS Pack Vendor :RoweBots I-CUBE-UNISONRTOS 5.5.0-4
2022-11-02 17:00:03,633 [INFO] ThirdParty:981 - CMSIS Pack Vendor :STMicroelectronics X-CUBE-GNSS1 6.0.0
2022-11-02 17:00:03,633 [INFO] ThirdParty:981 - CMSIS Pack Vendor :STMicroelectronics X-CUBE-AZRTOS-H7 2.1.0
2022-11-02 17:00:03,633 [INFO] ThirdParty:981 - CMSIS Pack Vendor :STMicroelectronics USB_HOST 2.0.0
2022-11-02 17:00:03,633 [INFO] ThirdParty:981 - CMSIS Pack Vendor :STMicroelectronics X-CUBE-AZRTOS-F4 1.1.0
2022-11-02 17:00:03,633 [INFO] ThirdParty:981 - CMSIS Pack Vendor :STMicroelectronics LIBJPEG 8.0.0
2022-11-02 17:00:03,633 [INFO] ThirdParty:981 - CMSIS Pack Vendor :STMicroelectronics USB_DEVICE 3.0.0
2022-11-02 17:00:03,634 [INFO] ThirdParty:981 - CMSIS Pack Vendor :STMicroelectronics X-CUBE-BLEMGR 1.0.0
2022-11-02 17:00:03,634 [INFO] ThirdParty:981 - CMSIS Pack Vendor :STMicroelectronics X-CUBE-BLEMGR 1.2.0
2022-11-02 17:00:03,634 [INFO] ThirdParty:981 - CMSIS Pack Vendor :STMicroelectronics X-CUBE-AZRTOS-F7 1.1.0
2022-11-02 17:00:03,634 [INFO] ThirdParty:981 - CMSIS Pack Vendor :STMicroelectronics USB_DEVICE 2.0.0
2022-11-02 17:00:03,634 [INFO] ThirdParty:981 - CMSIS Pack Vendor :STMicroelectronics X-CUBE-AI 7.1.0
2022-11-02 17:00:03,635 [INFO] ThirdParty:981 - CMSIS Pack Vendor :STMicroelectronics X-CUBE-BLE1 6.2.3
2022-11-02 17:00:03,636 [INFO] ThirdParty:981 - CMSIS Pack Vendor :STMicroelectronics X-CUBE-ALGOBUILD 1.3.0
2022-11-02 17:00:03,636 [INFO] ThirdParty:981 - CMSIS Pack Vendor :STMicroelectronics FreeRTOS 0.0.1
2022-11-02 17:00:03,636 [INFO] ThirdParty:981 - CMSIS Pack Vendor :STMicroelectronics X-CUBE-AZRTOS-G0 1.1.0
2022-11-02 17:00:03,636 [INFO] ThirdParty:981 - CMSIS Pack Vendor :STMicroelectronics X-CUBE-SUBG2 5.0.0
2022-11-02 17:00:03,637 [INFO] ThirdParty:981 - CMSIS Pack Vendor :SEGGER I-CUBE-embOS 1.2.0
2022-11-02 17:00:03,637 [INFO] ThirdParty:981 - CMSIS Pack Vendor :STMicroelectronics STM32_WPAN 1.0.0
2022-11-02 17:00:03,638 [INFO] ThirdParty:981 - CMSIS Pack Vendor :STMicroelectronics lwIP 2.0.3
2022-11-02 17:00:03,638 [INFO] ThirdParty:981 - CMSIS Pack Vendor :STMicroelectronics X-CUBE-BLE1 6.2.2
2022-11-02 17:00:03,638 [INFO] ThirdParty:981 - CMSIS Pack Vendor :STMicroelectronics X-CUBE-NFC4 2.0.4
2022-11-02 17:00:03,638 [INFO] ThirdParty:981 - CMSIS Pack Vendor :STMicroelectronics X-CUBE-BLE2 3.2.2
2022-11-02 17:00:03,638 [INFO] ThirdParty:981 - CMSIS Pack Vendor :STMicroelectronics USB_HOST 1.0.0
2022-11-02 17:00:03,638 [INFO] ThirdParty:981 - CMSIS Pack Vendor :STMicroelectronics X-CUBE-NFC4 2.0.3
2022-11-02 17:00:03,638 [INFO] ThirdParty:981 - CMSIS Pack Vendor :STMicroelectronics PDM2PCM 3.1.0
2022-11-02 17:00:03,638 [INFO] ThirdParty:981 - CMSIS Pack Vendor :STMicroelectronics FP-ATR-ASTRA1 1.1.1
2022-11-02 17:00:03,638 [INFO] ThirdParty:981 - CMSIS Pack Vendor :STMicroelectronics PDM2PCM 3.3.0
2022-11-02 17:00:03,638 [INFO] ThirdParty:981 - CMSIS Pack Vendor :STMicroelectronics X-CUBE-TOF1 3.1.0
2022-11-02 17:00:03,639 [INFO] ThirdParty:981 - CMSIS Pack Vendor :STMicroelectronics X-CUBE-SFXS2LP1 3.1.0
2022-11-02 17:00:03,639 [INFO] ThirdParty:981 - CMSIS Pack Vendor :STMicroelectronics X-CUBE-AZRTOS-F4 1.0.0
2022-11-02 17:00:03,639 [INFO] ThirdParty:981 - CMSIS Pack Vendor :STMicroelectronics X-CUBE-AZRTOS-H7 2.0.0
2022-11-02 17:00:03,639 [INFO] ThirdParty:981 - CMSIS Pack Vendor :STMicroelectronics X-CUBE-AZRTOS-G4 1.0.0
2022-11-02 17:00:03,639 [INFO] ThirdParty:981 - CMSIS Pack Vendor :STMicroelectronics FP-ATR-SIGFOX1 3.2.0
2022-11-02 17:00:03,639 [INFO] ThirdParty:981 - CMSIS Pack Vendor :STMicroelectronics X-CUBE-AZRTOS-L4 1.0.0
2022-11-02 17:00:03,640 [INFO] ThirdParty:981 - CMSIS Pack Vendor :STMicroelectronics HAL Drivers 0.0.0
2022-11-02 17:00:03,640 [INFO] ThirdParty:981 - CMSIS Pack Vendor :STMicroelectronics MBEDTLS 2.16.2
2022-11-02 17:00:03,640 [INFO] ThirdParty:981 - CMSIS Pack Vendor :emotas I-CUBE-CANOPEN 1.1.2
2022-11-02 17:00:03,640 [INFO] ThirdParty:981 - CMSIS Pack Vendor :STMicroelectronics X-CUBE-TOUCHGFX 4.20.0
2022-11-02 17:00:03,640 [INFO] ThirdParty:981 - CMSIS Pack Vendor :STMicroelectronics MBEDTLS 2.14.1
2022-11-02 17:00:03,640 [INFO] ThirdParty:981 - CMSIS Pack Vendor :STMicroelectronics X-CUBE-NFC7 1.0.0
2022-11-02 17:00:03,640 [INFO] ThirdParty:981 - CMSIS Pack Vendor :STMicroelectronics X-CUBE-AZRTOS-F7 1.0.0
2022-11-02 17:00:03,640 [INFO] ThirdParty:981 - CMSIS Pack Vendor :STMicroelectronics X-CUBE-AZRTOS-WL 1.0.0
2022-11-02 17:00:03,640 [INFO] ThirdParty:981 - CMSIS Pack Vendor :STMicroelectronics X-CUBE-SUBG2 4.2.0
2022-11-02 17:00:03,640 [INFO] ThirdParty:981 - CMSIS Pack Vendor :STMicroelectronics X-CUBE-MEMS1 9.1.0
2022-11-02 17:00:03,640 [INFO] ThirdParty:981 - CMSIS Pack Vendor :STMicroelectronics X-CUBE-MEMS1 9.3.0
2022-11-02 17:00:03,641 [INFO] ThirdParty:981 - CMSIS Pack Vendor :portGmbH I-Cube-SoM-uGOAL 1.1.0
2022-11-02 17:00:03,641 [INFO] ThirdParty:981 - CMSIS Pack Vendor :STMicroelectronics X-CUBE-ALS 1.0.1
2022-11-02 17:00:03,641 [INFO] ThirdParty:981 - CMSIS Pack Vendor :STMicroelectronics X-CUBE-AI 7.2.0
2022-11-02 17:00:03,641 [INFO] ThirdParty:981 - CMSIS Pack Vendor :STMicroelectronics ThreadX 1.0.0
2022-11-02 17:00:03,641 [INFO] ThirdParty:981 - CMSIS Pack Vendor :STMicroelectronics X-CUBE-AZRTOS-L5 1.0.0
2022-11-02 17:00:03,641 [INFO] ThirdParty:981 - CMSIS Pack Vendor :STMicroelectronics USB_DEVICE 1.0.0
2022-11-02 17:00:03,641 [INFO] ThirdParty:981 - CMSIS Pack Vendor :STMicroelectronics X-CUBE-AZRTOS-G0 1.0.0
2022-11-02 17:00:03,641 [INFO] ThirdParty:981 - CMSIS Pack Vendor :STMicroelectronics X-CUBE-EEPRMA1 3.1.1
2022-11-02 17:00:03,641 [INFO] ThirdParty:981 - CMSIS Pack Vendor :STMicroelectronics X-CUBE-GNSS1 5.2.0
2022-11-02 17:00:03,641 [INFO] ThirdParty:981 - CMSIS Pack Vendor :STMicroelectronics ThreadX 0.0.2
2022-11-02 17:00:03,641 [INFO] ThirdParty:981 - CMSIS Pack Vendor :STMicroelectronics lwIP 2.1.2
2022-11-02 17:00:03,642 [INFO] ThirdParty:981 - CMSIS Pack Vendor :STMicroelectronics X-CUBE-SFXS2LP1 4.0.0
2022-11-02 17:00:03,642 [INFO] ThirdParty:981 - CMSIS Pack Vendor :STMicroelectronics X-CUBE-BLE2 3.3.0
2022-11-02 17:00:03,643 [INFO] ThirdParty:981 - CMSIS Pack Vendor :STMicroelectronics X-CUBE-DISPLAY 2.0.1
2022-11-02 17:00:03,643 [INFO] ThirdParty:981 - CMSIS Pack Vendor :STMicroelectronics X-CUBE-DISPLAY 2.2.0
2022-11-02 17:00:03,644 [INFO] ThirdParty:981 - CMSIS Pack Vendor :STMicroelectronics X-CUBE-TOF1 3.2.0
2022-11-02 17:00:03,644 [INFO] ThirdParty:981 - CMSIS Pack Vendor :STMicroelectronics PDM2PCM 3.2.0
2022-11-02 17:00:03,644 [INFO] ThirdParty:981 - CMSIS Pack Vendor :STMicroelectronics X-CUBE-TOUCHGFX 4.18.1
2022-11-02 17:00:03,644 [INFO] ThirdParty:981 - CMSIS Pack Vendor :STMicroelectronics X-CUBE-TOF1 3.0.0
2022-11-02 17:00:03,644 [INFO] ThirdParty:981 - CMSIS Pack Vendor :STMicroelectronics X-CUBE-ISPU 1.0.0
2022-11-02 17:00:03,644 [INFO] ThirdParty:797 - exiting critical section [change project]
2022-11-02 17:00:04,017 [INFO] PinOutPanel:1468 - setPackage(No Configuration,No Configuration)
2022-11-02 17:00:04,019 [INFO] PinOutPanel:1468 - setPackage(STM32F103C8Tx,LQFP48)
2022-11-02 17:00:04,747 [INFO] UtilMem:74 - Before build in PCC Used Memory: 230828920 Bytes (392167424)
2022-11-02 17:00:06,040 [INFO] UtilMem:74 - After build in PCC Used Memory: 238236912 Bytes (392167424)
2022-11-02 17:00:06,069 [INFO] IPUIPlugin:79 - create IPUIPlugin
2022-11-02 17:00:06,069 [INFO] IPUIPlugin:79 - create IPUIPlugin
2022-11-02 17:00:06,070 [INFO] IPUIPlugin:79 - create IPUIPlugin
2022-11-02 17:00:06,070 [INFO] IPUIPlugin:79 - create IPUIPlugin
2022-11-02 17:00:06,070 [INFO] IPUIPlugin:79 - create IPUIPlugin
2022-11-02 17:00:06,070 [INFO] IPUIPlugin:79 - create IPUIPlugin
2022-11-02 17:00:06,070 [INFO] IPUIPlugin:79 - create IPUIPlugin
2022-11-02 17:00:06,070 [INFO] IPUIPlugin:79 - create IPUIPlugin
2022-11-02 17:00:06,071 [INFO] IPUIPlugin:79 - create IPUIPlugin
2022-11-02 17:00:06,071 [INFO] IPUIPlugin:79 - create IPUIPlugin
2022-11-02 17:00:06,071 [INFO] IPUIPlugin:79 - create IPUIPlugin
2022-11-02 17:00:06,071 [INFO] IPUIPlugin:79 - create IPUIPlugin
2022-11-02 17:00:06,071 [INFO] IPUIPlugin:79 - create IPUIPlugin
2022-11-02 17:00:06,072 [INFO] IPUIPlugin:79 - create IPUIPlugin
2022-11-02 17:00:06,072 [INFO] IPUIPlugin:79 - create IPUIPlugin
2022-11-02 17:00:06,072 [INFO] IPUIPlugin:79 - create IPUIPlugin
2022-11-02 17:00:06,073 [INFO] IPUIPlugin:79 - create IPUIPlugin
2022-11-02 17:00:06,073 [INFO] IPUIPlugin:79 - create IPUIPlugin
2022-11-02 17:00:06,073 [INFO] IPUIPlugin:79 - create IPUIPlugin
2022-11-02 17:00:06,074 [INFO] IPUIPlugin:79 - create IPUIPlugin
2022-11-02 17:00:06,074 [INFO] IPUIPlugin:79 - create IPUIPlugin
2022-11-02 17:00:06,074 [INFO] IPUIPlugin:79 - create IPUIPlugin
2022-11-02 17:00:06,075 [INFO] IPUIPlugin:79 - create IPUIPlugin
2022-11-02 17:00:06,075 [INFO] IPUIPlugin:79 - create IPUIPlugin
2022-11-02 17:00:06,075 [INFO] IPUIPlugin:79 - create IPUIPlugin
2022-11-02 17:00:06,076 [INFO] IPUIPlugin:79 - create IPUIPlugin
2022-11-02 17:00:06,076 [INFO] IPUIPlugin:79 - create IPUIPlugin
2022-11-02 17:00:06,443 [INFO] OpenFileManager:327 - Restore cursor
2022-11-02 17:00:07,357 [INFO] UtilMem:74 - End SaveConfig() Used Memory: 253049152 Bytes (392167424)
2022-11-02 17:00:07,505 [INFO] UtilMem:74 - End SaveConfig() Used Memory: 280301040 Bytes (392167424)
2022-11-02 17:00:08,153 [INFO] BlockDiagram:2753 - set Specific Code input for plugin: NVIC
2022-11-02 17:00:08,154 [INFO] BlockDiagram:2753 - set Specific Code input for plugin: RCC
2022-11-02 17:00:08,158 [INFO] CodeGenerator:690 - code generatio: config db path: C:\ST\STM32CubeIDE_1.9.0\STM32CubeIDE\plugins\com.st.stm32cube.common.mx_6.6.1.202207061420\\db\
2022-11-02 17:00:08,655 [INFO] CodeEngine:245 - oldGeneratedFile, D:\github\mc\stm32\UART_WIFI_ESP8266\UART_WIFI_ESP8266\MXTmpFiles\license.tmp_save
2022-11-02 17:00:09,093 [INFO] CodeEngine:269 - Generated code: D:\github\mc\stm32\UART_WIFI_ESP8266\UART_WIFI_ESP8266\MXTmpFiles\license.tmp
2022-11-02 17:00:09,130 [INFO] CodeEngine:245 - oldGeneratedFile, D:\github\mc\stm32\UART_WIFI_ESP8266\UART_WIFI_ESP8266\Core\Src\stm32f1xx_it.c_save
2022-11-02 17:00:09,388 [INFO] CodeEngine:269 - Generated code: D:\github\mc\stm32\UART_WIFI_ESP8266\UART_WIFI_ESP8266\Core\Src\stm32f1xx_it.c
2022-11-02 17:00:09,400 [INFO] CodeEngine:245 - oldGeneratedFile, D:\github\mc\stm32\UART_WIFI_ESP8266\UART_WIFI_ESP8266\Core\Inc\stm32f1xx_it.h_save
2022-11-02 17:00:09,679 [INFO] CodeEngine:269 - Generated code: D:\github\mc\stm32\UART_WIFI_ESP8266\UART_WIFI_ESP8266\Core\Inc\stm32f1xx_it.h
2022-11-02 17:00:09,819 [INFO] CodeEngine:245 - oldGeneratedFile, D:\github\mc\stm32\UART_WIFI_ESP8266\UART_WIFI_ESP8266\Core\Src\stm32f1xx_hal_msp.c_save
2022-11-02 17:00:10,066 [INFO] CodeEngine:269 - Generated code: D:\github\mc\stm32\UART_WIFI_ESP8266\UART_WIFI_ESP8266\Core\Src\stm32f1xx_hal_msp.c
2022-11-02 17:00:10,076 [INFO] CodeEngine:245 - oldGeneratedFile, D:\github\mc\stm32\UART_WIFI_ESP8266\UART_WIFI_ESP8266\MXTmpFiles\system.tmp_save
2022-11-02 17:00:10,170 [INFO] CodeEngine:269 - Generated code: D:\github\mc\stm32\UART_WIFI_ESP8266\UART_WIFI_ESP8266\MXTmpFiles\system.tmp
2022-11-02 17:00:10,178 [INFO] CodeEngine:245 - oldGeneratedFile, D:\github\mc\stm32\UART_WIFI_ESP8266\UART_WIFI_ESP8266\Core\Inc\stm32f1xx_hal_conf.h_save
2022-11-02 17:00:10,538 [INFO] CodeEngine:269 - Generated code: D:\github\mc\stm32\UART_WIFI_ESP8266\UART_WIFI_ESP8266\Core\Inc\stm32f1xx_hal_conf.h
2022-11-02 17:00:10,711 [INFO] CodeEngine:245 - oldGeneratedFile, D:\github\mc\stm32\UART_WIFI_ESP8266\UART_WIFI_ESP8266\Core\Inc\main.h_save
2022-11-02 17:00:10,857 [INFO] CodeEngine:269 - Generated code: D:\github\mc\stm32\UART_WIFI_ESP8266\UART_WIFI_ESP8266\Core\Inc\main.h
2022-11-02 17:00:10,887 [INFO] CodeEngine:245 - oldGeneratedFile, D:\github\mc\stm32\UART_WIFI_ESP8266\UART_WIFI_ESP8266\Core\Src\main.c_save
2022-11-02 17:00:11,091 [INFO] CodeEngine:269 - Generated code: D:\github\mc\stm32\UART_WIFI_ESP8266\UART_WIFI_ESP8266\Core\Src\main.c
2022-11-02 17:00:12,208 [INFO] ProjectBuilder:2919 - Time for Copy HAL[1] : 338mS.
2022-11-02 17:00:12,224 [INFO] ProjectBuilder:4117 - Project Generator version: 3.17.1
2022-11-02 17:00:12,687 [INFO] ConfigFileManager:1394 - The Die is : DIE410
2022-11-02 17:00:12,705 [INFO] ApiDbMcu:505 - Load IP Config File for FATFS
2022-11-02 17:00:12,738 [INFO] ApiDbMcu:505 - Load IP Config File for FREERTOS
2022-11-02 17:00:12,767 [INFO] ApiDbMcu:505 - Load IP Config File for USB_DEVICE
2022-11-02 17:00:17,194 [INFO] ProjectBuilder:4285 - Time for Generating toolchain IDE Files: 4969mS.
2022-11-02 17:00:17,195 [INFO] ProjectBuilder:2790 - Time for Copy CMSIS : 1mS.
2022-11-02 17:00:17,196 [INFO] ProjectBuilder:2790 - Time for Copy CMSIS : 0mS.
2022-11-02 17:00:18,321 [INFO] McuFinderGlobals:57 - Set McuFinderConnectedMode to true
2022-11-02 17:00:18,323 [INFO] ApiDb:443 - Save user favorites file C:\Users\Zver/.stm32cubeide/favorites.mcus.txt: 1 item(s)
2022-11-02 17:00:18,324 [INFO] ApiDb:447 - User favorites MCUs=[STM32F103C8T6]
2022-11-02 17:01:21,461 [INFO] NvicIntPanel:100 - NVIC parent = com.st.microxplorer.plugins.ip.nvic.MultiNvicIntPanel[,0,0,0x0,invalid,layout=javax.swing.BoxLayout,alignmentX=0.0,alignmentY=0.0,border=,flags=9,maximumSize=,minimumSize=,preferredSize=]
2022-11-02 17:01:24,541 [INFO] NvicIntPanel:100 - NVIC parent = com.st.microxplorer.plugins.ip.nvic.MultiNvicIntPanel[,0,0,0x0,invalid,layout=javax.swing.BoxLayout,alignmentX=0.0,alignmentY=0.0,border=,flags=9,maximumSize=,minimumSize=,preferredSize=]
2022-11-02 17:04:29,287 [INFO] UtilMem:74 - End SaveConfig() Used Memory: 484859800 Bytes (865075200)
2022-11-02 17:04:31,398 [INFO] UtilMem:74 - End SaveConfig() Used Memory: 506459352 Bytes (865075200)
2022-11-02 17:04:33,852 [INFO] UtilMem:74 - End SaveConfig() Used Memory: 627504800 Bytes (865075200)
2022-11-02 17:04:34,283 [INFO] BlockDiagram:2753 - set Specific Code input for plugin: NVIC
2022-11-02 17:04:34,284 [INFO] BlockDiagram:2753 - set Specific Code input for plugin: USART
2022-11-02 17:04:34,284 [INFO] BlockDiagram:2753 - set Specific Code input for plugin: SYS
2022-11-02 17:04:34,284 [INFO] BlockDiagram:2753 - set Specific Code input for plugin: GPIO
2022-11-02 17:04:34,284 [INFO] BlockDiagram:2753 - set Specific Code input for plugin: RCC
2022-11-02 17:04:34,285 [INFO] CodeGenerator:690 - code generatio: config db path: C:\ST\STM32CubeIDE_1.9.0\STM32CubeIDE\plugins\com.st.stm32cube.common.mx_6.6.1.202207061420\\db\
2022-11-02 17:04:34,437 [INFO] CodeEngine:245 - oldGeneratedFile, D:\github\mc\stm32\UART_WIFI_ESP8266\UART_WIFI_ESP8266\MXTmpFiles\license.tmp_save
2022-11-02 17:04:34,595 [INFO] CodeEngine:269 - Generated code: D:\github\mc\stm32\UART_WIFI_ESP8266\UART_WIFI_ESP8266\MXTmpFiles\license.tmp
2022-11-02 17:04:34,903 [INFO] CodeEngine:245 - oldGeneratedFile, D:\github\mc\stm32\UART_WIFI_ESP8266\UART_WIFI_ESP8266\MXTmpFiles\gpio.tmp_save
2022-11-02 17:04:35,021 [INFO] CodeEngine:269 - Generated code: D:\github\mc\stm32\UART_WIFI_ESP8266\UART_WIFI_ESP8266\MXTmpFiles\gpio.tmp
2022-11-02 17:04:35,109 [INFO] CodeEngine:245 - oldGeneratedFile, D:\github\mc\stm32\UART_WIFI_ESP8266\UART_WIFI_ESP8266\Core\Src\stm32f1xx_it.c_save
2022-11-02 17:04:35,292 [INFO] CodeEngine:269 - Generated code: D:\github\mc\stm32\UART_WIFI_ESP8266\UART_WIFI_ESP8266\Core\Src\stm32f1xx_it.c
2022-11-02 17:04:35,304 [INFO] CodeEngine:245 - oldGeneratedFile, D:\github\mc\stm32\UART_WIFI_ESP8266\UART_WIFI_ESP8266\Core\Inc\stm32f1xx_it.h_save
2022-11-02 17:04:35,386 [INFO] CodeEngine:269 - Generated code: D:\github\mc\stm32\UART_WIFI_ESP8266\UART_WIFI_ESP8266\Core\Inc\stm32f1xx_it.h
2022-11-02 17:04:35,438 [INFO] CodeEngine:245 - oldGeneratedFile, D:\github\mc\stm32\UART_WIFI_ESP8266\UART_WIFI_ESP8266\Core\Src\stm32f1xx_hal_msp.c_save
2022-11-02 17:04:35,636 [INFO] CodeEngine:269 - Generated code: D:\github\mc\stm32\UART_WIFI_ESP8266\UART_WIFI_ESP8266\Core\Src\stm32f1xx_hal_msp.c
2022-11-02 17:04:35,639 [INFO] CodeEngine:245 - oldGeneratedFile, D:\github\mc\stm32\UART_WIFI_ESP8266\UART_WIFI_ESP8266\MXTmpFiles\system.tmp_save
2022-11-02 17:04:35,694 [INFO] CodeEngine:269 - Generated code: D:\github\mc\stm32\UART_WIFI_ESP8266\UART_WIFI_ESP8266\MXTmpFiles\system.tmp
2022-11-02 17:04:35,717 [INFO] CodeEngine:245 - oldGeneratedFile, D:\github\mc\stm32\UART_WIFI_ESP8266\UART_WIFI_ESP8266\Core\Inc\stm32f1xx_hal_conf.h_save
2022-11-02 17:04:35,851 [INFO] CodeEngine:269 - Generated code: D:\github\mc\stm32\UART_WIFI_ESP8266\UART_WIFI_ESP8266\Core\Inc\stm32f1xx_hal_conf.h
2022-11-02 17:04:35,905 [INFO] CodeEngine:245 - oldGeneratedFile, D:\github\mc\stm32\UART_WIFI_ESP8266\UART_WIFI_ESP8266\Core\Inc\main.h_save
2022-11-02 17:04:36,002 [INFO] CodeEngine:269 - Generated code: D:\github\mc\stm32\UART_WIFI_ESP8266\UART_WIFI_ESP8266\Core\Inc\main.h
2022-11-02 17:04:36,045 [INFO] CodeEngine:245 - oldGeneratedFile, D:\github\mc\stm32\UART_WIFI_ESP8266\UART_WIFI_ESP8266\Core\Src\main.c_save
2022-11-02 17:04:36,164 [INFO] CodeEngine:269 - Generated code: D:\github\mc\stm32\UART_WIFI_ESP8266\UART_WIFI_ESP8266\Core\Src\main.c
2022-11-02 17:04:37,137 [INFO] ProjectBuilder:2919 - Time for Copy HAL[1] : 407mS.
2022-11-02 17:04:37,140 [INFO] ProjectBuilder:4117 - Project Generator version: 3.17.1
2022-11-02 17:04:37,583 [INFO] ConfigFileManager:1394 - The Die is : DIE410
2022-11-02 17:04:39,198 [INFO] ProjectBuilder:4285 - Time for Generating toolchain IDE Files: 2058mS.
2022-11-02 17:04:39,199 [INFO] ProjectBuilder:2790 - Time for Copy CMSIS : 0mS.
2022-11-02 17:04:39,200 [INFO] ProjectBuilder:2790 - Time for Copy CMSIS : 0mS.
