2022-10-28 01:16:48,226 [INFO] Activator:177 - 


2022-10-28 01:16:48,227 [INFO] Activator:178 - !SESSION log4j initialized
2022-10-28 01:16:50,858 [INFO] McuFinderGlobals:44 - Set McuFinder mode to 2 (CubeIDE integrated)
2022-10-28 01:16:51,937 [INFO] ApplicationProperties:181 - Using Application install path: C:\ST\STM32CubeIDE_1.9.0\STM32CubeIDE\plugins\com.st.stm32cube.common.mx_6.6.1.202207061420
2022-10-28 01:16:51,953 [INFO] DbMcusXml:77 - Set database path to: C:\ST\STM32CubeIDE_1.9.0\STM32CubeIDE\plugins\com.st.stm32cube.common.mx_6.6.1.202207061420\\db\/mcu/
2022-10-28 01:16:51,954 [INFO] ApiDb:269 - Set plugin database path to: C:\ST\STM32CubeIDE_1.9.0\STM32CubeIDE\plugins\com.st.stm32cube.common.mx_6.6.1.202207061420\\db\/plugins/boardmanager/
2022-10-28 01:16:51,956 [WARN] ApiDb:254 - Overriding images path with different value:  => C:\ST\STM32CubeIDE_1.9.0\STM32CubeIDE\plugins\com.st.stm32cube.common.mx_6.6.1.202207061420\\db\/plugins/mcufinder/images/
2022-10-28 01:16:51,967 [INFO] ApiDb:249 - Set database path to: C:\Users\Zver\.stmcufinder\plugins\mcufinder//mcu/
2022-10-28 01:16:51,969 [INFO] DbMcusAds:124 - Set database path to: C:\Users\Zver\.stmcufinder\plugins\mcufinder//mcu/
2022-10-28 01:16:51,972 [INFO] CrossReferenceDbSqlite:201 - Set database path to: C:\Users\Zver\.stmcufinder\plugins\mcufinder//mcu/cs/
2022-10-28 01:16:52,062 [INFO] RulesReader:61 - Compatibility file has been processed (282 Rules)
2022-10-28 01:16:52,177 [INFO] DbMcusXml:77 - Set database path to: C:\ST\STM32CubeIDE_1.9.0\STM32CubeIDE\plugins\com.st.stm32cube.common.mx_6.6.1.202207061420\\db\/mcu/
2022-10-28 01:16:52,177 [INFO] ApiDb:269 - Set plugin database path to: C:\ST\STM32CubeIDE_1.9.0\STM32CubeIDE\plugins\com.st.stm32cube.common.mx_6.6.1.202207061420\\db\/plugins/boardmanager/
2022-10-28 01:16:52,177 [INFO] ApiDb:256 - Set plugin images path to: C:\ST\STM32CubeIDE_1.9.0\STM32CubeIDE\plugins\com.st.stm32cube.common.mx_6.6.1.202207061420\\db\/plugins/mcufinder/images/
2022-10-28 01:16:52,178 [WARN] DbFile:40 - Overriding database path with different value: C:\Users\Zver\.stmcufinder\plugins\mcufinder/ => C:\Users\Zver\.stmcufinder\plugins\mcufinder
2022-10-28 01:16:52,178 [INFO] ApiDb:249 - Set database path to: C:\Users\Zver\.stmcufinder\plugins\mcufinder//mcu/
2022-10-28 01:16:52,178 [WARN] DbFile:40 - Overriding database path with different value: C:\Users\Zver\.stmcufinder\plugins\mcufinder/ => C:\Users\Zver\.stmcufinder\plugins\mcufinder
2022-10-28 01:16:52,178 [INFO] DbMcusAds:124 - Set database path to: C:\Users\Zver\.stmcufinder\plugins\mcufinder//mcu/
2022-10-28 01:16:52,179 [WARN] DbFile:40 - Overriding database path with different value: C:\Users\Zver\.stmcufinder\plugins\mcufinder/ => C:\Users\Zver\.stmcufinder\plugins\mcufinder
2022-10-28 01:16:52,179 [WARN] DbFile:40 - Overriding database path with different value: C:\Users\Zver\.stmcufinder\plugins\mcufinder/ => C:\Users\Zver\.stmcufinder\plugins\mcufinder
2022-10-28 01:16:52,179 [INFO] CrossReferenceDbSqlite:201 - Set database path to: C:\Users\Zver\.stmcufinder\plugins\mcufinder//mcu/cs/
2022-10-28 01:16:52,263 [INFO] MainPanel:242 - HeapMemory: 268435456
2022-10-28 01:16:52,332 [INFO] DbMcusXml:77 - Set database path to: C:\ST\STM32CubeIDE_1.9.0\STM32CubeIDE\plugins\com.st.stm32cube.common.mx_6.6.1.202207061420\\db\/mcu/
2022-10-28 01:16:52,332 [INFO] ApiDb:269 - Set plugin database path to: C:\ST\STM32CubeIDE_1.9.0\STM32CubeIDE\plugins\com.st.stm32cube.common.mx_6.6.1.202207061420\\db\/plugins/boardmanager/
2022-10-28 01:16:52,332 [INFO] ApiDb:256 - Set plugin images path to: C:\ST\STM32CubeIDE_1.9.0\STM32CubeIDE\plugins\com.st.stm32cube.common.mx_6.6.1.202207061420\\db\/plugins/mcufinder/images/
2022-10-28 01:16:52,333 [WARN] DbFile:40 - Overriding database path with different value: C:\Users\Zver\.stmcufinder\plugins\mcufinder/ => C:\Users\Zver\.stmcufinder\plugins\mcufinder
2022-10-28 01:16:52,333 [INFO] ApiDb:249 - Set database path to: C:\Users\Zver\.stmcufinder\plugins\mcufinder//mcu/
2022-10-28 01:16:52,333 [WARN] DbFile:40 - Overriding database path with different value: C:\Users\Zver\.stmcufinder\plugins\mcufinder/ => C:\Users\Zver\.stmcufinder\plugins\mcufinder
2022-10-28 01:16:52,333 [INFO] DbMcusAds:124 - Set database path to: C:\Users\Zver\.stmcufinder\plugins\mcufinder//mcu/
2022-10-28 01:16:52,333 [WARN] DbFile:40 - Overriding database path with different value: C:\Users\Zver\.stmcufinder\plugins\mcufinder/ => C:\Users\Zver\.stmcufinder\plugins\mcufinder
2022-10-28 01:16:52,333 [WARN] DbFile:40 - Overriding database path with different value: C:\Users\Zver\.stmcufinder\plugins\mcufinder/ => C:\Users\Zver\.stmcufinder\plugins\mcufinder
2022-10-28 01:16:52,334 [INFO] CrossReferenceDbSqlite:201 - Set database path to: C:\Users\Zver\.stmcufinder\plugins\mcufinder//mcu/cs/
2022-10-28 01:16:52,363 [INFO] ApplicationProperties:181 - Using Application install path: C:\ST\STM32CubeIDE_1.9.0\STM32CubeIDE\plugins\com.st.stm32cube.common.mx_6.6.1.202207061420
2022-10-28 01:16:52,364 [INFO] PluginManage:193 - Search for loadable plugins [exclusion list=, ]
2022-10-28 01:16:52,365 [INFO] PluginManage:307 - Check plugin analytics
2022-10-28 01:16:52,499 [INFO] AnalyticsPlugin:262 - Accepted Software Licenses: 
2022-10-28 01:16:52,500 [INFO] AnalyticsPlugin:264 - Accepted CMSIS Pack Licenses: 
2022-10-28 01:16:52,500 [INFO] AnalyticsPlugin:266 - Accepted Firmware Licenses: 
2022-10-28 01:16:52,509 [INFO] PluginManage:356 - Loaded plugin analytics (category:tool,tabindex:-1)
2022-10-28 01:16:52,510 [INFO] PluginManage:307 - Check plugin cadmodel
2022-10-28 01:16:52,513 [INFO] CADModel:65 - Init CAD model plugin
2022-10-28 01:16:52,514 [INFO] PluginManage:356 - Loaded plugin cadmodel (category:power,tabindex:5)
2022-10-28 01:16:52,514 [INFO] PluginManage:307 - Check plugin clock
2022-10-28 01:16:52,523 [INFO] PluginManage:356 - Loaded plugin clock (category:base,tabindex:2)
2022-10-28 01:16:52,523 [INFO] PluginManage:307 - Check plugin ddr
2022-10-28 01:16:52,526 [INFO] PluginManage:356 - Loaded plugin ddr (category:tool,tabindex:6)
2022-10-28 01:16:52,526 [INFO] PluginManage:307 - Check plugin filemanager
2022-10-28 01:16:52,683 [INFO] PluginManage:356 - Loaded plugin filemanager (category:base,tabindex:10)
2022-10-28 01:16:52,684 [INFO] PluginManage:307 - Check plugin ipmanager
2022-10-28 01:16:52,696 [INFO] PluginManage:356 - Loaded plugin ipmanager (category:base,tabindex:5)
2022-10-28 01:16:52,696 [INFO] PluginManage:307 - Check plugin lpbam
2022-10-28 01:16:52,704 [INFO] PluginManage:356 - Loaded plugin lpbam (category:base,tabindex:0)
2022-10-28 01:16:52,704 [INFO] PluginManage:307 - Check plugin pinoutandconfiguration
2022-10-28 01:16:52,710 [INFO] PluginManage:356 - Loaded plugin pinoutandconfiguration (category:base,tabindex:1)
2022-10-28 01:16:52,710 [INFO] PluginManage:307 - Check plugin pinoutconfig
2022-10-28 01:16:52,737 [INFO] PluginManage:356 - Loaded plugin pinoutconfig (category:base,tabindex:0)
2022-10-28 01:16:52,737 [INFO] PluginManage:307 - Check plugin power
2022-10-28 01:16:52,744 [INFO] PluginManage:356 - Loaded plugin power (category:power,tabindex:4)
2022-10-28 01:16:52,744 [INFO] PluginManage:307 - Check plugin projectmanager
2022-10-28 01:16:52,756 [INFO] PluginManage:356 - Loaded plugin projectmanager (category:projectmanager,tabindex:3)
2022-10-28 01:16:52,756 [INFO] PluginManage:307 - Check plugin thirdparty
2022-10-28 01:16:52,850 [WARN] IntegrityCheckThread:82 - waiting for thirdparty lock release [integrity check]
2022-10-28 01:16:52,850 [INFO] PluginManage:356 - Loaded plugin thirdparty (category:base,tabindex:-1)
2022-10-28 01:16:52,850 [INFO] IntegrityCheckThread:84 - entering critical section [integrity check]
2022-10-28 01:16:52,851 [INFO] PluginManage:307 - Check plugin tools
2022-10-28 01:16:52,853 [INFO] ThirdPartyUpdaterWithRetryManager:70 - Updater plugin not ready yet. [1/15]
2022-10-28 01:16:52,854 [INFO] PluginManage:356 - Loaded plugin tools (category:base,tabindex:7)
2022-10-28 01:16:52,854 [INFO] PluginManage:307 - Check plugin tutovideos
2022-10-28 01:16:53,005 [INFO] PluginManage:356 - Loaded plugin tutovideos (category:base,tabindex:-1)
2022-10-28 01:16:53,005 [INFO] PluginManage:307 - Check plugin updater
2022-10-28 01:16:53,017 [INFO] PluginManage:356 - Loaded plugin updater (category:base,tabindex:12)
2022-10-28 01:16:53,018 [INFO] PluginManage:280 - PluginManage : Loaded plugins [15]
2022-10-28 01:16:53,415 [INFO] PinOutPanel:1468 - setPackage(No Configuration,No Configuration)
2022-10-28 01:16:53,492 [INFO] CADModel:98 - CPN selected for project level
2022-10-28 01:16:53,504 [INFO] IPUIPlugin:79 - create IPUIPlugin
2022-10-28 01:16:53,504 [INFO] PluginManager:217 - loadIPPluginJar : add adc
2022-10-28 01:16:53,506 [INFO] IPUIPlugin:79 - create IPUIPlugin
2022-10-28 01:16:53,507 [INFO] PluginManager:217 - loadIPPluginJar : add aes
2022-10-28 01:16:53,508 [INFO] IPUIPlugin:79 - create IPUIPlugin
2022-10-28 01:16:53,509 [INFO] PluginManager:217 - loadIPPluginJar : add can
2022-10-28 01:16:53,510 [INFO] IPUIPlugin:79 - create IPUIPlugin
2022-10-28 01:16:53,510 [INFO] PluginManager:217 - loadIPPluginJar : add comp
2022-10-28 01:16:53,512 [INFO] IPUIPlugin:79 - create IPUIPlugin
2022-10-28 01:16:53,512 [INFO] PluginManager:217 - loadIPPluginJar : add cryp
2022-10-28 01:16:53,514 [INFO] IPUIPlugin:79 - create IPUIPlugin
2022-10-28 01:16:53,514 [INFO] PluginManager:217 - loadIPPluginJar : add dfsdm
2022-10-28 01:16:53,519 [INFO] IPUIPlugin:79 - create IPUIPlugin
2022-10-28 01:16:53,519 [INFO] PluginManager:217 - loadIPPluginJar : add dma
2022-10-28 01:16:53,522 [INFO] IPUIPlugin:79 - create IPUIPlugin
2022-10-28 01:16:53,522 [INFO] PluginManager:217 - loadIPPluginJar : add dma3
2022-10-28 01:16:53,523 [INFO] IPUIPlugin:79 - create IPUIPlugin
2022-10-28 01:16:53,523 [INFO] PluginManager:217 - loadIPPluginJar : add fatfs
2022-10-28 01:16:53,527 [INFO] IPUIPlugin:79 - create IPUIPlugin
2022-10-28 01:16:53,528 [INFO] PluginManager:217 - loadIPPluginJar : add fmc
2022-10-28 01:16:53,532 [INFO] IPUIPlugin:79 - create IPUIPlugin
2022-10-28 01:16:53,532 [INFO] PluginManager:217 - loadIPPluginJar : add freertos
2022-10-28 01:16:53,533 [INFO] IPUIPlugin:79 - create IPUIPlugin
2022-10-28 01:16:53,534 [INFO] PluginManager:217 - loadIPPluginJar : add genericplugin
2022-10-28 01:16:53,535 [INFO] IPUIPlugin:79 - create IPUIPlugin
2022-10-28 01:16:53,535 [INFO] PluginManager:217 - loadIPPluginJar : add gfxmmu
2022-10-28 01:16:53,539 [INFO] IPUIPlugin:79 - create IPUIPlugin
2022-10-28 01:16:53,539 [INFO] PluginManager:217 - loadIPPluginJar : add gic
2022-10-28 01:16:53,542 [INFO] IPUIPlugin:79 - create IPUIPlugin
2022-10-28 01:16:53,542 [INFO] PluginManager:217 - loadIPPluginJar : add gpio
2022-10-28 01:16:53,544 [INFO] IPUIPlugin:79 - create IPUIPlugin
2022-10-28 01:16:53,544 [INFO] PluginManager:217 - loadIPPluginJar : add gtzc
2022-10-28 01:16:53,546 [INFO] IPUIPlugin:79 - create IPUIPlugin
2022-10-28 01:16:53,546 [INFO] PluginManager:217 - loadIPPluginJar : add hash
2022-10-28 01:16:53,548 [INFO] IPUIPlugin:79 - create IPUIPlugin
2022-10-28 01:16:53,548 [INFO] PluginManager:217 - loadIPPluginJar : add i2c
2022-10-28 01:16:53,550 [INFO] IPUIPlugin:79 - create IPUIPlugin
2022-10-28 01:16:53,550 [INFO] PluginManager:217 - loadIPPluginJar : add i2s
2022-10-28 01:16:53,552 [INFO] IPUIPlugin:79 - create IPUIPlugin
2022-10-28 01:16:53,552 [INFO] PluginManager:217 - loadIPPluginJar : add ipddr
2022-10-28 01:16:53,558 [INFO] IPUIPlugin:79 - create IPUIPlugin
2022-10-28 01:16:53,558 [INFO] PluginManager:217 - loadIPPluginJar : add linkedlist
2022-10-28 01:16:53,560 [INFO] IPUIPlugin:79 - create IPUIPlugin
2022-10-28 01:16:53,560 [INFO] PluginManager:217 - loadIPPluginJar : add lorawan
2022-10-28 01:16:53,561 [INFO] IPUIPlugin:79 - create IPUIPlugin
2022-10-28 01:16:53,561 [INFO] PluginManager:217 - loadIPPluginJar : add ltdc
2022-10-28 01:16:53,565 [INFO] IPUIPlugin:79 - create IPUIPlugin
2022-10-28 01:16:53,565 [INFO] PluginManager:217 - loadIPPluginJar : add mdma
2022-10-28 01:16:53,567 [INFO] IPUIPlugin:79 - create IPUIPlugin
2022-10-28 01:16:53,567 [INFO] PluginManager:217 - loadIPPluginJar : add nvic
2022-10-28 01:16:53,570 [INFO] IPUIPlugin:79 - create IPUIPlugin
2022-10-28 01:16:53,570 [INFO] PluginManager:217 - loadIPPluginJar : add opamp
2022-10-28 01:16:53,573 [INFO] IPUIPlugin:79 - create IPUIPlugin
2022-10-28 01:16:53,573 [INFO] PluginManager:217 - loadIPPluginJar : add openamp
2022-10-28 01:16:53,576 [INFO] IPUIPlugin:79 - create IPUIPlugin
2022-10-28 01:16:53,576 [INFO] PluginManager:217 - loadIPPluginJar : add pdm2pcm
2022-10-28 01:16:53,583 [INFO] IPUIPlugin:79 - create IPUIPlugin
2022-10-28 01:16:53,586 [INFO] PluginManager:217 - loadIPPluginJar : add plateformsettings
2022-10-28 01:16:53,588 [INFO] IPUIPlugin:79 - create IPUIPlugin
2022-10-28 01:16:53,588 [INFO] PluginManager:217 - loadIPPluginJar : add quadspi
2022-10-28 01:16:53,591 [INFO] IPUIPlugin:79 - create IPUIPlugin
2022-10-28 01:16:53,591 [INFO] PluginManager:217 - loadIPPluginJar : add resmgrutility
2022-10-28 01:16:53,594 [INFO] IPUIPlugin:79 - create IPUIPlugin
2022-10-28 01:16:53,594 [INFO] PluginManager:217 - loadIPPluginJar : add sai
2022-10-28 01:16:53,597 [INFO] IPUIPlugin:79 - create IPUIPlugin
2022-10-28 01:16:53,597 [INFO] PluginManager:217 - loadIPPluginJar : add spi
2022-10-28 01:16:53,601 [INFO] IPUIPlugin:79 - create IPUIPlugin
2022-10-28 01:16:53,601 [INFO] PluginManager:217 - loadIPPluginJar : add stm32_wpan
2022-10-28 01:16:53,603 [INFO] IPUIPlugin:79 - create IPUIPlugin
2022-10-28 01:16:53,603 [INFO] PluginManager:217 - loadIPPluginJar : add tim
2022-10-28 01:16:53,606 [INFO] IPUIPlugin:79 - create IPUIPlugin
2022-10-28 01:16:53,607 [INFO] PluginManager:217 - loadIPPluginJar : add touchsensing
2022-10-28 01:16:53,609 [INFO] IPUIPlugin:79 - create IPUIPlugin
2022-10-28 01:16:53,610 [INFO] PluginManager:217 - loadIPPluginJar : add tracer_emb
2022-10-28 01:16:53,612 [INFO] IPUIPlugin:79 - create IPUIPlugin
2022-10-28 01:16:53,613 [INFO] PluginManager:217 - loadIPPluginJar : add ts
2022-10-28 01:16:53,615 [INFO] IPUIPlugin:79 - create IPUIPlugin
2022-10-28 01:16:53,615 [INFO] PluginManager:217 - loadIPPluginJar : add tsc
2022-10-28 01:16:53,618 [INFO] IPUIPlugin:79 - create IPUIPlugin
2022-10-28 01:16:53,618 [INFO] PluginManager:217 - loadIPPluginJar : add ucpd
2022-10-28 01:16:53,620 [INFO] IPUIPlugin:79 - create IPUIPlugin
2022-10-28 01:16:53,621 [INFO] PluginManager:217 - loadIPPluginJar : add usart
2022-10-28 01:16:53,623 [INFO] IPUIPlugin:79 - create IPUIPlugin
2022-10-28 01:16:53,624 [INFO] PluginManager:217 - loadIPPluginJar : add usbx
2022-10-28 01:16:53,911 [FATAL] Updater:301 - Updater called before beeing initialized
2022-10-28 01:16:54,098 [FATAL] Updater:301 - Updater called before beeing initialized
2022-10-28 01:16:54,104 [INFO] DbMcusAds:52 - JSON generation date=Thu Sep 30 09:56:37 MSK 2021 (1632984997303)
2022-10-28 01:16:54,105 [FATAL] Updater:301 - Updater called before beeing initialized
2022-10-28 01:16:54,180 [WARN] DetailPanel:344 - Failed to get advertising image, set to default
2022-10-28 01:16:54,300 [FATAL] Updater:301 - Updater called before beeing initialized
2022-10-28 01:16:54,301 [FATAL] Updater:301 - Updater called before beeing initialized
2022-10-28 01:16:54,301 [FATAL] Updater:301 - Updater called before beeing initialized
2022-10-28 01:16:54,302 [WARN] DetailPanel:344 - Failed to get advertising image, set to default
2022-10-28 01:16:54,302 [FATAL] Updater:301 - Updater called before beeing initialized
2022-10-28 01:16:54,342 [ERROR] Updater:1105 - MainUpdater not yet initialized. External WinMGr cannot be set.
2022-10-28 01:16:54,343 [INFO] Updater:1041 - Updater Version found : 6.6.1
2022-10-28 01:16:54,356 [INFO] ApplicationProperties:181 - Using Application install path: C:\ST\STM32CubeIDE_1.9.0\STM32CubeIDE\plugins\com.st.stm32cube.common.mx_6.6.1.202207061420
2022-10-28 01:16:54,582 [INFO] MainUpdater:2768 - connection check result : 10
2022-10-28 01:16:54,583 [INFO] MainUpdater:280 - Updater Check For Update Now.
2022-10-28 01:16:54,583 [INFO] MicroXplorer:481 - Change Database Version : DB.6.0.60
2022-10-28 01:16:54,733 [INFO] CheckServerUpdateThread:119 - End of CheckServer Thread
2022-10-28 01:16:54,791 [INFO] MainUpdater:2768 - connection check result : 10
2022-10-28 01:16:54,988 [INFO] McuFinderGlobals:57 - Set McuFinderConnectedMode to true
2022-10-28 01:16:54,996 [INFO] MultiScanPanel:195 - Auto-refresh data requested => check proxy status ongoing
2022-10-28 01:16:55,001 [INFO] FinderPluginLoader:92 - Searching for filters in installed packs
2022-10-28 01:16:55,105 [INFO] ApiDb:576 - Connected to CubeFinder SQLite database (C:\Users\Zver\.stmcufinder\plugins\mcufinder\mcu\cube-finder-db.db)
2022-10-28 01:16:55,124 [INFO] ApiDb:663 - CubeFinder database Data Model version=2.1
2022-10-28 01:16:55,125 [INFO] ApiDb:664 - CubeFinder database Configuration version=3.0.32
2022-10-28 01:16:55,125 [INFO] ApiDb:665 - CubeFinder database generation date=2022-08-05 (1659688109)
2022-10-28 01:16:55,125 [INFO] ApiDb:666 - CubeFinder database FW Pack versions=[STM32Cube_FW_C0_V1.0.0, STM32Cube_FW_F4_V1.27.1, STM32Cube_FW_F7_V1.17.0, STM32Cube_FW_G0_V1.6.1, STM32Cube_FW_G4_V1.5.0, STM32Cube_FW_H7_V1.10.0, STM32Cube_FW_L5_V1.4.0, STM32Cube_FW_U5_V1.1.1, STM32Cube_FW_WB_V1.14.1, STM32Cube_FW_WL_V1.2.0, X-CUBE-ALGOBUILD_V1.3.0, X-CUBE-ALS_V1.0.1, X-CUBE-AZRTOS-F4_V1.1.0, X-CUBE-AZRTOS-F7_V1.1.0, X-CUBE-AZRTOS-G0_V1.1.0, X-CUBE-AZRTOS-G4_V1.0.0, X-CUBE-AZRTOS-H7_V2.1.0, X-CUBE-AZRTOS-L4_V1.0.0, X-CUBE-AZRTOS-L5_V1.0.0, X-CUBE-AZRTOS-WL_V1.0.0, X-CUBE-BLE1_V6.2.3, X-CUBE-BLE2_V3.3.0, X-CUBE-EEPRMA1_V3.1.1, X-CUBE-GNSS1_V6.0.0, X-CUBE-MEMS1_V9.1.0, X-CUBE-MEMS1_V9.3.0, X-CUBE-NFC4_V2.0.4, X-CUBE-NFC7_V1.0.0, X-CUBE-SFXS2LP1_V4.0.0, X-CUBE-SUBG2_V5.0.0]
2022-10-28 01:16:55,971 [WARN] PackLoader:242 - Cannot read IP mode file for wolfSSL.I-CUBE-wolfSSL.5.2.0
2022-10-28 01:16:55,981 [WARN] PackLoader:242 - Cannot read IP mode file for STMicroelectronics.X-CUBE-GNSS1.6.0.0
2022-10-28 01:16:56,003 [WARN] PackLoader:242 - Cannot read IP mode file for STMicroelectronics.X-CUBE-AZRTOS-F4.1.1.0
2022-10-28 01:16:56,016 [WARN] PackLoader:242 - Cannot read IP mode file for STMicroelectronics.X-CUBE-BLEMGR.1.2.0
2022-10-28 01:16:56,042 [WARN] PackLoader:242 - Cannot read IP mode file for STMicroelectronics.X-CUBE-AZRTOS-F7.1.1.0
2022-10-28 01:16:56,050 [WARN] PackLoader:242 - Cannot read IP mode file for STMicroelectronics.X-CUBE-AI.7.1.0
2022-10-28 01:16:56,055 [WARN] PackLoader:242 - Cannot read IP mode file for STMicroelectronics.X-CUBE-BLE1.6.2.3
2022-10-28 01:16:56,059 [WARN] PackLoader:242 - Cannot read IP mode file for STMicroelectronics.X-CUBE-BLE1.6.2.2
2022-10-28 01:16:56,068 [WARN] PackLoader:242 - Cannot read IP mode file for STMicroelectronics.X-CUBE-NFC4.2.0.4
2022-10-28 01:16:56,074 [WARN] PackLoader:242 - Cannot read IP mode file for STMicroelectronics.X-CUBE-BLE2.3.2.2
2022-10-28 01:16:56,081 [WARN] PackLoader:242 - Cannot read IP mode file for STMicroelectronics.X-CUBE-NFC4.2.0.3
2022-10-28 01:16:56,093 [WARN] PackLoader:242 - Cannot read IP mode file for STMicroelectronics.X-CUBE-TOF1.3.1.0
2022-10-28 01:16:56,107 [WARN] PackLoader:242 - Cannot read IP mode file for STMicroelectronics.X-CUBE-SFXS2LP1.3.1.0
2022-10-28 01:16:56,126 [WARN] PackLoader:242 - Cannot read IP mode file for STMicroelectronics.X-CUBE-AZRTOS-F4.1.0.0
2022-10-28 01:16:56,135 [WARN] PackLoader:242 - Cannot read IP mode file for STMicroelectronics.X-CUBE-NFC7.1.0.0
2022-10-28 01:16:56,143 [WARN] PackLoader:242 - Cannot read IP mode file for STMicroelectronics.X-CUBE-SUBG2.4.2.0
2022-10-28 01:16:56,199 [WARN] PackLoader:242 - Cannot read IP mode file for STMicroelectronics.X-CUBE-MEMS1.9.3.0
2022-10-28 01:16:56,360 [WARN] PackLoader:242 - Cannot read IP mode file for STMicroelectronics.X-CUBE-AI.7.2.0
2022-10-28 01:16:56,376 [WARN] PackLoader:242 - Cannot read IP mode file for STMicroelectronics.X-CUBE-AZRTOS-G0.1.0.0
2022-10-28 01:16:56,384 [WARN] PackLoader:242 - Cannot read IP mode file for STMicroelectronics.X-CUBE-SFXS2LP1.4.0.0
2022-10-28 01:16:56,389 [WARN] PackLoader:242 - Cannot read IP mode file for STMicroelectronics.X-CUBE-BLE2.3.3.0
2022-10-28 01:16:56,401 [WARN] PackLoader:242 - Cannot read IP mode file for STMicroelectronics.X-CUBE-DISPLAY.2.2.0
2022-10-28 01:16:56,411 [WARN] PackLoader:242 - Cannot read IP mode file for STMicroelectronics.X-CUBE-TOF1.3.2.0
2022-10-28 01:16:56,420 [WARN] PackLoader:242 - Cannot read IP mode file for STMicroelectronics.X-CUBE-TOUCHGFX.4.18.1
2022-10-28 01:16:56,425 [WARN] PackLoader:242 - Cannot read IP mode file for STMicroelectronics.X-CUBE-ISPU.1.0.0
2022-10-28 01:16:56,431 [WARN] PackLoader:242 - Cannot read IP mode file for RoweBots.I-CUBE-UNISONRTOS.5.5.0-4
2022-10-28 01:16:56,447 [WARN] PackLoader:242 - Cannot read IP mode file for STMicroelectronics.X-CUBE-AZRTOS-H7.2.1.0
2022-10-28 01:16:56,453 [WARN] PackLoader:242 - Cannot read IP mode file for STMicroelectronics.X-CUBE-BLEMGR.1.0.0
2022-10-28 01:16:56,462 [WARN] PackLoader:242 - Cannot read IP mode file for STMicroelectronics.X-CUBE-ALGOBUILD.1.3.0
2022-10-28 01:16:56,500 [WARN] PackLoader:242 - Cannot read IP mode file for STMicroelectronics.X-CUBE-AZRTOS-G0.1.1.0
2022-10-28 01:16:56,511 [WARN] PackLoader:242 - Cannot read IP mode file for STMicroelectronics.X-CUBE-SUBG2.5.0.0
2022-10-28 01:16:56,550 [WARN] PackLoader:242 - Cannot read IP mode file for SEGGER.I-CUBE-embOS.1.2.0
2022-10-28 01:16:56,572 [WARN] PackLoader:242 - Cannot read IP mode file for STMicroelectronics.FP-ATR-ASTRA1.1.1.1
2022-10-28 01:16:56,586 [WARN] PackLoader:242 - Cannot read IP mode file for STMicroelectronics.X-CUBE-AZRTOS-H7.2.0.0
2022-10-28 01:16:56,600 [WARN] PackLoader:242 - Cannot read IP mode file for STMicroelectronics.X-CUBE-AZRTOS-G4.1.0.0
2022-10-28 01:16:56,605 [WARN] PackLoader:242 - Cannot read IP mode file for STMicroelectronics.FP-ATR-SIGFOX1.3.2.0
2022-10-28 01:16:56,617 [WARN] PackLoader:242 - Cannot read IP mode file for STMicroelectronics.X-CUBE-AZRTOS-L4.1.0.0
2022-10-28 01:16:56,626 [WARN] PackLoader:242 - Cannot read IP mode file for emotas.I-CUBE-CANOPEN.1.1.2
2022-10-28 01:16:56,628 [WARN] PackLoader:242 - Cannot read IP mode file for STMicroelectronics.X-CUBE-TOUCHGFX.4.20.0
2022-10-28 01:16:56,639 [WARN] PackLoader:242 - Cannot read IP mode file for STMicroelectronics.X-CUBE-AZRTOS-F7.1.0.0
2022-10-28 01:16:56,647 [WARN] PackLoader:242 - Cannot read IP mode file for STMicroelectronics.X-CUBE-AZRTOS-WL.1.0.0
2022-10-28 01:16:56,691 [WARN] PackLoader:242 - Cannot read IP mode file for STMicroelectronics.X-CUBE-MEMS1.9.1.0
2022-10-28 01:16:56,764 [WARN] PackLoader:242 - Cannot read IP mode file for portGmbH.I-Cube-SoM-uGOAL.1.1.0
2022-10-28 01:16:56,767 [WARN] PackLoader:242 - Cannot read IP mode file for STMicroelectronics.X-CUBE-ALS.1.0.1
2022-10-28 01:16:56,777 [WARN] PackLoader:242 - Cannot read IP mode file for STMicroelectronics.X-CUBE-AZRTOS-L5.1.0.0
2022-10-28 01:16:56,784 [WARN] PackLoader:242 - Cannot read IP mode file for STMicroelectronics.X-CUBE-EEPRMA1.3.1.1
2022-10-28 01:16:56,789 [WARN] PackLoader:242 - Cannot read IP mode file for STMicroelectronics.X-CUBE-GNSS1.5.2.0
2022-10-28 01:16:56,794 [WARN] PackLoader:242 - Cannot read IP mode file for STMicroelectronics.X-CUBE-DISPLAY.2.0.1
2022-10-28 01:16:56,800 [WARN] PackLoader:242 - Cannot read IP mode file for STMicroelectronics.X-CUBE-TOF1.3.0.0
2022-10-28 01:16:56,803 [INFO] ThirdParty:929 - Integrity check success = true
2022-10-28 01:16:56,804 [INFO] IntegrityCheckThread:98 - exiting critical section [integrity check]
2022-10-28 01:16:56,804 [INFO] IntegrityCheckThread:101 - End integrity checks thread
2022-10-28 01:16:56,876 [INFO] ApiDb:239 - Found 138 in-development CPN: [B-WB1M-WPAN1, NUCLEO-C031C6, STEVAL-STWINBX1, STM320518-EVAL, STM32C0116-DK, STM32C011D6Y3TR, STM32C011D6Y6TR, STM32C011F4P3, STM32C011F4P6, STM32C011F4U3, STM32C011F4U6TR, STM32C011F6P3, STM32C011F6P6, STM32C011F6U3, STM32C011F6U6TR, STM32C011J4M3, STM32C011J4M6, STM32C011J6M3, STM32C011J6M6, STM32C0316-DK, STM32C031C4T3, STM32C031C4T6, STM32C031C4U3, STM32C031C4U6, STM32C031C6T3, STM32C031C6T6, STM32C031C6U3, STM32C031C6U6, STM32C031F4P3, STM32C031F4P6, STM32C031F6P3, STM32C031F6P6, STM32C031G4U3, STM32C031G4U6, STM32C031G6U3, STM32C031G6U6, STM32C031K4T3, STM32C031K4T6, STM32C031K4U3, STM32C031K4U6, STM32C031K6T3, STM32C031K6T6, STM32C031K6U3, STM32C031K6U6, STM32G071K8TXN, STM32G071K8UXN, STM32G081GBU6N, STM32G081KBT6N, STM32G081KBUXN, STM32G0B1CCT6N, STM32G0B1KCT6, STM32G0B1NEY6TR, STM32G0B1RCT6N, STM32G0C1CCT6, STM32G0C1CCT6N, STM32G0C1CCU6N, STM32G0C1CET6N, STM32G0C1CEU6N, STM32G0C1KCT6, STM32G0C1NEY6TR, STM32G0C1RCI6N, STM32G0C1RCT6N, STM32G0C1REI6N, STM32G0C1RET6N, STM32G0C1VCI6, STM32G0C1VEI6, STM32G471CCT6, STM32G471CCU6, STM32G471CET3, STM32G471CET6, STM32G471CEU3, STM32G471CEU6, STM32G471MCT6, STM32G471MET3, STM32G471MET6, STM32G471MEY6TR, STM32G471QCT6, STM32G471QET3, STM32G471RCT6, STM32G471RET3, STM32G471RET6, STM32G471VCH6, STM32G471VCI6, STM32G471VCT6, STM32G471VEH3, STM32G471VEH6, STM32G471VEI3, STM32G471VEI6, STM32G471VET3, STM32G471VET6, STM32G474CCT6, STM32L476VGY6PTR, STM32L4R5QGI6STR, STM32MP131AAE3, STM32MP131AAF3, STM32MP131AAG3, STM32MP131CAE3, STM32MP131CAF3, STM32MP131CAG3, STM32MP131DAE7, STM32MP131DAF7, STM32MP131DAG7, STM32MP131FAE7, STM32MP131FAF7, STM32MP131FAG7, STM32MP133AAE3, STM32MP133AAF3, STM32MP133AAG3, STM32MP133CAE3, STM32MP133CAF3, STM32MP133CAG3, STM32MP133DAE7, STM32MP133DAF7, STM32MP133DAG7, STM32MP133FAE7, STM32MP133FAF7, STM32MP133FAG7, STM32MP135AAE3, STM32MP135AAF3, STM32MP135AAG3, STM32MP135CAE3, STM32MP135CAF3, STM32MP135CAG3, STM32MP135DAE7, STM32MP135DAF7, STM32MP135DAG7, STM32MP135F-DK, STM32MP135FAE7, STM32MP135FAF7, STM32MP135FAG7, STM32U595ZJT6Q, STM32U599BJY6QTR, STM32U599NIH6Q, STM32U599NJH6Q, STM32U5A5ZJT6Q, STM32U5A9BJY6QTR, STM32U5A9NJH6Q, STM32WB1MMCH6]
2022-10-28 01:16:56,881 [INFO] DbMcus:215 - Found 3542 MCUs, 3542 are supported
2022-10-28 01:16:56,883 [INFO] ApiDb:418 - Load user favorites file C:\Users\Zver/.stm32cubeide/favorites.mcus.txt: 1 item(s)
2022-10-28 01:16:56,883 [INFO] ApiDb:422 - User favorites MCUs=[STM32F103C8T6]
2022-10-28 01:16:56,884 [INFO] DbMcus:221 - Set 1 / 1 favorites MCUs
2022-10-28 01:16:58,020 [INFO] LoadUrlFilesThread:177 - End of LoadServerUrlFiles without Thread
2022-10-28 01:16:58,043 [INFO] DetailPanel:339 - Set advertising image to C:/Users/Zver/STM32Cube/Repository/\en.Prom_NBSTM32U50921.jpg
2022-10-28 01:16:58,753 [INFO] MultiScanPanel:778 - Auto Refresh Data is not needed
2022-10-28 01:16:58,761 [INFO] ApiDb:663 - CubeFinder database Data Model version=2.1
2022-10-28 01:16:58,761 [INFO] ApiDb:664 - CubeFinder database Configuration version=3.0.32
2022-10-28 01:16:58,761 [INFO] ApiDb:665 - CubeFinder database generation date=2022-08-05 (1659688109)
2022-10-28 01:16:58,762 [INFO] ApiDb:666 - CubeFinder database FW Pack versions=[STM32Cube_FW_C0_V1.0.0, STM32Cube_FW_F4_V1.27.1, STM32Cube_FW_F7_V1.17.0, STM32Cube_FW_G0_V1.6.1, STM32Cube_FW_G4_V1.5.0, STM32Cube_FW_H7_V1.10.0, STM32Cube_FW_L5_V1.4.0, STM32Cube_FW_U5_V1.1.1, STM32Cube_FW_WB_V1.14.1, STM32Cube_FW_WL_V1.2.0, X-CUBE-ALGOBUILD_V1.3.0, X-CUBE-ALS_V1.0.1, X-CUBE-AZRTOS-F4_V1.1.0, X-CUBE-AZRTOS-F7_V1.1.0, X-CUBE-AZRTOS-G0_V1.1.0, X-CUBE-AZRTOS-G4_V1.0.0, X-CUBE-AZRTOS-H7_V2.1.0, X-CUBE-AZRTOS-L4_V1.0.0, X-CUBE-AZRTOS-L5_V1.0.0, X-CUBE-AZRTOS-WL_V1.0.0, X-CUBE-BLE1_V6.2.3, X-CUBE-BLE2_V3.3.0, X-CUBE-EEPRMA1_V3.1.1, X-CUBE-GNSS1_V6.0.0, X-CUBE-MEMS1_V9.1.0, X-CUBE-MEMS1_V9.3.0, X-CUBE-NFC4_V2.0.4, X-CUBE-NFC7_V1.0.0, X-CUBE-SFXS2LP1_V4.0.0, X-CUBE-SUBG2_V5.0.0]
2022-10-28 01:16:58,816 [INFO] DbBoardsSqlite:227 - include board P-NUCLEO-WB55-NUCLEO as a kit item of type 'Nucleo-64'
2022-10-28 01:16:58,816 [INFO] DbBoardsSqlite:227 - include board P-NUCLEO-WB55-USBDONGLE as a kit item of type 'Nucleo USB Dongle'
2022-10-28 01:16:58,816 [INFO] DbBoardsSqlite:227 - include board STEVAL-IDP005V1 as a kit item of type 'Evaluation Board'
2022-10-28 01:16:58,817 [INFO] DbBoardsSqlite:227 - include board STEVAL-IDP005V2 as a kit item of type 'Evaluation Board'
2022-10-28 01:16:58,824 [INFO] ApiDb:239 - Found 138 in-development CPN: [B-WB1M-WPAN1, NUCLEO-C031C6, STEVAL-STWINBX1, STM320518-EVAL, STM32C0116-DK, STM32C011D6Y3TR, STM32C011D6Y6TR, STM32C011F4P3, STM32C011F4P6, STM32C011F4U3, STM32C011F4U6TR, STM32C011F6P3, STM32C011F6P6, STM32C011F6U3, STM32C011F6U6TR, STM32C011J4M3, STM32C011J4M6, STM32C011J6M3, STM32C011J6M6, STM32C0316-DK, STM32C031C4T3, STM32C031C4T6, STM32C031C4U3, STM32C031C4U6, STM32C031C6T3, STM32C031C6T6, STM32C031C6U3, STM32C031C6U6, STM32C031F4P3, STM32C031F4P6, STM32C031F6P3, STM32C031F6P6, STM32C031G4U3, STM32C031G4U6, STM32C031G6U3, STM32C031G6U6, STM32C031K4T3, STM32C031K4T6, STM32C031K4U3, STM32C031K4U6, STM32C031K6T3, STM32C031K6T6, STM32C031K6U3, STM32C031K6U6, STM32G071K8TXN, STM32G071K8UXN, STM32G081GBU6N, STM32G081KBT6N, STM32G081KBUXN, STM32G0B1CCT6N, STM32G0B1KCT6, STM32G0B1NEY6TR, STM32G0B1RCT6N, STM32G0C1CCT6, STM32G0C1CCT6N, STM32G0C1CCU6N, STM32G0C1CET6N, STM32G0C1CEU6N, STM32G0C1KCT6, STM32G0C1NEY6TR, STM32G0C1RCI6N, STM32G0C1RCT6N, STM32G0C1REI6N, STM32G0C1RET6N, STM32G0C1VCI6, STM32G0C1VEI6, STM32G471CCT6, STM32G471CCU6, STM32G471CET3, STM32G471CET6, STM32G471CEU3, STM32G471CEU6, STM32G471MCT6, STM32G471MET3, STM32G471MET6, STM32G471MEY6TR, STM32G471QCT6, STM32G471QET3, STM32G471RCT6, STM32G471RET3, STM32G471RET6, STM32G471VCH6, STM32G471VCI6, STM32G471VCT6, STM32G471VEH3, STM32G471VEH6, STM32G471VEI3, STM32G471VEI6, STM32G471VET3, STM32G471VET6, STM32G474CCT6, STM32L476VGY6PTR, STM32L4R5QGI6STR, STM32MP131AAE3, STM32MP131AAF3, STM32MP131AAG3, STM32MP131CAE3, STM32MP131CAF3, STM32MP131CAG3, STM32MP131DAE7, STM32MP131DAF7, STM32MP131DAG7, STM32MP131FAE7, STM32MP131FAF7, STM32MP131FAG7, STM32MP133AAE3, STM32MP133AAF3, STM32MP133AAG3, STM32MP133CAE3, STM32MP133CAF3, STM32MP133CAG3, STM32MP133DAE7, STM32MP133DAF7, STM32MP133DAG7, STM32MP133FAE7, STM32MP133FAF7, STM32MP133FAG7, STM32MP135AAE3, STM32MP135AAF3, STM32MP135AAG3, STM32MP135CAE3, STM32MP135CAF3, STM32MP135CAG3, STM32MP135DAE7, STM32MP135DAF7, STM32MP135DAG7, STM32MP135F-DK, STM32MP135FAE7, STM32MP135FAF7, STM32MP135FAG7, STM32U595ZJT6Q, STM32U599BJY6QTR, STM32U599NIH6Q, STM32U599NJH6Q, STM32U5A5ZJT6Q, STM32U5A9BJY6QTR, STM32U5A9NJH6Q, STM32WB1MMCH6]
2022-10-28 01:16:58,915 [INFO] BoardInfo:879 - No configuration file found for board P-NUCLEO-WB55
2022-10-28 01:16:58,915 [INFO] DbBoards:156 - Kit is not supported: P-NUCLEO-WB55
2022-10-28 01:16:58,921 [INFO] BoardInfo:879 - No configuration file found for board STEVAL-BFA001V1B
2022-10-28 01:16:58,921 [INFO] DbBoards:156 - Kit is not supported: STEVAL-BFA001V1B
2022-10-28 01:16:58,922 [INFO] BoardInfo:879 - No configuration file found for board STEVAL-BFA001V2B
2022-10-28 01:16:58,922 [INFO] DbBoards:156 - Kit is not supported: STEVAL-BFA001V2B
2022-10-28 01:16:59,040 [INFO] DbBoards:160 - Found 176 boards, 173 are supported
2022-10-28 01:16:59,044 [INFO] ApiDb:418 - Load user favorites file C:\Users\Zver/.stm32cubeide/favorites.boards.txt: 0 item(s)
2022-10-28 01:16:59,045 [INFO] ApiDb:422 - User favorites Boards=[]
2022-10-28 01:16:59,045 [INFO] DbBoards:189 - Set 0 / 0 favorites Boards
2022-10-28 01:17:12,119 [ERROR] LogOutputStream:74 - [STDERR_REDIRECT] SLF4J: Failed to load class "org.slf4j.impl.StaticLoggerBinder".
2022-10-28 01:17:12,120 [ERROR] LogOutputStream:74 - [STDERR_REDIRECT] SLF4J: Defaulting to no-operation (NOP) logger implementation
2022-10-28 01:17:12,122 [ERROR] LogOutputStream:74 - [STDERR_REDIRECT] SLF4J: See http://www.slf4j.org/codes.html#StaticLoggerBinder for further details.
2022-10-28 01:17:19,417 [INFO] MainUpdater:2768 - connection check result : 10
2022-10-28 01:17:19,418 [INFO] MainUpdater:2768 - connection check result : 10
2022-10-28 01:17:19,434 [INFO] MicroXplorer:451 - Change Database Path : 
2022-10-28 01:17:19,434 [INFO] MicroXplorer:481 - Change Database Version : DB.6.0.60
2022-10-28 01:17:19,435 [WARN] ThirdParty:827 - waiting for thirdparty lock release [close project]
2022-10-28 01:17:19,435 [INFO] ThirdParty:829 - entering critical section [close project]
2022-10-28 01:17:19,436 [INFO] ThirdParty:839 - exiting critical section [close project]
2022-10-28 01:17:19,441 [INFO] PinOutPanel:1468 - setPackage(No Configuration,No Configuration)
2022-10-28 01:17:19,446 [INFO] UtilMem:74 - Begin LoadConfig() Used Memory: 177812000 Bytes (370147328)
2022-10-28 01:17:19,447 [INFO] MicroXplorer:451 - Change Database Path : 
2022-10-28 01:17:19,447 [INFO] MicroXplorer:481 - Change Database Version : DB.6.0.60
2022-10-28 01:17:19,448 [INFO] OpenFileManager:307 - Change cursor
2022-10-28 01:17:19,496 [INFO] Mcu:1922 - Initializing MCU STM32F103C8Tx STM32F103C8Tx 
2022-10-28 01:17:19,497 [INFO] Mcu:1935 - No CPN specified => set CPN to STM32F103C8T6
2022-10-28 01:17:20,217 [INFO] Context:654 - Trying to add GPIOservice into a context  which must be forbidden
2022-10-28 01:17:20,405 [INFO] ImportTextPane:193 - (OptionalMessage_ERROR) Unable to find key (Mcu.ThirdPartyNb) in loaded IOC file
2022-10-28 01:17:20,405 [INFO] ImportTextPane:193 - (OptionalMessage_ERROR) Unable to find key (Mcu.PinsNb) in loaded IOC file
2022-10-28 01:17:20,405 [INFO] ImportTextPane:193 - (OptionalMessage_ERROR) Unable to find key (Mcu.IPNb) in loaded IOC file
2022-10-28 01:17:20,450 [WARN] ApiManager:308 - Cannot register API 'Board Extension:GNSS1A1' from pack STMicroelectronics.X-CUBE-GNSS1.6.0.0: no header file found
2022-10-28 01:17:20,451 [WARN] ApiManager:308 - Cannot register API 'Board Support:Custom' from pack STMicroelectronics.X-CUBE-GNSS1.6.0.0: no header file found
2022-10-28 01:17:20,451 [WARN] ApiManager:308 - Cannot register API 'Data Exchange:lib_gnss' from pack STMicroelectronics.X-CUBE-GNSS1.6.0.0: no header file found
2022-10-28 01:17:20,464 [WARN] ApiManager:308 - Cannot register API 'Wireless:BlueNRG-MS' from pack STMicroelectronics.X-CUBE-BLE1.6.2.3: no header file found
2022-10-28 01:17:20,465 [INFO] RtosManager:488 - Registered RTOS mode: class=CMSIS, group=RTOS, mode=CMSIS_V1, owner=FREERTOS
2022-10-28 01:17:20,466 [INFO] RtosManager:488 - Registered RTOS mode: class=CMSIS, group=RTOS2, mode=CMSIS_V2, owner=FREERTOS
2022-10-28 01:17:20,466 [INFO] RtosManager:488 - Registered RTOS mode: class=RTOS, group=Core, mode=CMSIS_V1, owner=FREERTOS
2022-10-28 01:17:20,466 [INFO] RtosManager:488 - Registered RTOS mode: class=RTOS, group=Core, mode=CMSIS_V2, owner=FREERTOS
2022-10-28 01:17:20,466 [WARN] ModelIntegratedComponent:185 - Missing modes for component STMicroelectronics:FreeRTOS:0.0.1:STMicroelectronics:RTOS:FreeRTOS:Core:::10.2.0:
2022-10-28 01:17:20,470 [WARN] ApiManager:308 - Cannot register API 'Board Extension:S2868A1' from pack STMicroelectronics.X-CUBE-SUBG2.5.0.0: no header file found
2022-10-28 01:17:20,471 [WARN] ApiManager:308 - Cannot register API 'Board Extension:S2868A2' from pack STMicroelectronics.X-CUBE-SUBG2.5.0.0: no header file found
2022-10-28 01:17:20,471 [WARN] ApiManager:308 - Cannot register API 'Board Extension:S2915A1' from pack STMicroelectronics.X-CUBE-SUBG2.5.0.0: no header file found
2022-10-28 01:17:20,475 [WARN] ApiManager:308 - Cannot register API 'Wireless:BlueNRG-MS' from pack STMicroelectronics.X-CUBE-BLE1.6.2.2: no header file found
2022-10-28 01:17:20,476 [WARN] ApiManager:308 - Cannot register API 'Board Extension:NFC04A1' from pack STMicroelectronics.X-CUBE-NFC4.2.0.4: no header file found
2022-10-28 01:17:20,477 [WARN] ApiManager:308 - Cannot register API 'Wireless:BlueNRG-2' from pack STMicroelectronics.X-CUBE-BLE2.3.2.2: no header file found
2022-10-28 01:17:20,478 [WARN] ApiManager:308 - Cannot register API 'Board Extension:NFC04A1' from pack STMicroelectronics.X-CUBE-NFC4.2.0.3: no header file found
2022-10-28 01:17:20,481 [WARN] ApiManager:308 - Cannot register API 'Board Extension:S2868A1' from pack STMicroelectronics.X-CUBE-SFXS2LP1.3.1.0: no header file found
2022-10-28 01:17:20,481 [WARN] ApiManager:308 - Cannot register API 'Board Extension:S2868A2' from pack STMicroelectronics.X-CUBE-SFXS2LP1.3.1.0: no header file found
2022-10-28 01:17:20,481 [WARN] ApiManager:308 - Cannot register API 'Board Extension:S2915A1' from pack STMicroelectronics.X-CUBE-SFXS2LP1.3.1.0: no header file found
2022-10-28 01:17:20,486 [WARN] ModelIntegratedComponent:64 - No mode defined for component null
2022-10-28 01:17:20,486 [WARN] ModelIntegratedComponent:64 - No mode defined for component null
2022-10-28 01:17:20,486 [WARN] ModelIntegratedComponent:64 - No mode defined for component null
2022-10-28 01:17:20,486 [WARN] ModelIntegratedComponent:64 - No mode defined for component null
2022-10-28 01:17:20,486 [WARN] ModelIntegratedComponent:64 - No mode defined for component null
2022-10-28 01:17:20,487 [WARN] ModelIntegratedComponent:64 - No mode defined for component null
2022-10-28 01:17:20,487 [WARN] ModelIntegratedComponent:64 - No mode defined for component null
2022-10-28 01:17:20,487 [WARN] ModelIntegratedComponent:64 - No mode defined for component null
2022-10-28 01:17:20,487 [WARN] ModelIntegratedComponent:64 - No mode defined for component null
2022-10-28 01:17:20,487 [WARN] ModelIntegratedComponent:64 - No mode defined for component null
2022-10-28 01:17:20,487 [WARN] ModelIntegratedComponent:64 - No mode defined for component null
2022-10-28 01:17:20,487 [WARN] ModelIntegratedComponent:64 - No mode defined for component null
2022-10-28 01:17:20,487 [WARN] ModelIntegratedComponent:64 - No mode defined for component null
2022-10-28 01:17:20,487 [WARN] ModelIntegratedComponent:64 - No mode defined for component null
2022-10-28 01:17:20,487 [WARN] ModelIntegratedComponent:64 - No mode defined for component null
2022-10-28 01:17:20,487 [WARN] ModelIntegratedComponent:64 - No mode defined for component null
2022-10-28 01:17:20,487 [WARN] ModelIntegratedComponent:64 - No mode defined for component null
2022-10-28 01:17:20,487 [WARN] ModelIntegratedComponent:64 - No mode defined for component null
2022-10-28 01:17:20,487 [WARN] ModelIntegratedComponent:64 - No mode defined for component null
2022-10-28 01:17:20,487 [WARN] ModelIntegratedComponent:64 - No mode defined for component null
2022-10-28 01:17:20,487 [WARN] ModelIntegratedComponent:64 - No mode defined for component null
2022-10-28 01:17:20,487 [WARN] ModelIntegratedComponent:64 - No mode defined for component null
2022-10-28 01:17:20,487 [WARN] ModelIntegratedComponent:64 - No mode defined for component null
2022-10-28 01:17:20,487 [WARN] ModelIntegratedComponent:64 - No mode defined for component null
2022-10-28 01:17:20,487 [WARN] ModelIntegratedComponent:64 - No mode defined for component null
2022-10-28 01:17:20,487 [WARN] ModelIntegratedComponent:64 - No mode defined for component null
2022-10-28 01:17:20,488 [WARN] ModelIntegratedComponent:64 - No mode defined for component null
2022-10-28 01:17:20,488 [WARN] ModelIntegratedComponent:64 - No mode defined for component null
2022-10-28 01:17:20,488 [WARN] ModelIntegratedComponent:64 - No mode defined for component null
2022-10-28 01:17:20,488 [WARN] ModelIntegratedComponent:64 - No mode defined for component null
2022-10-28 01:17:20,488 [WARN] ModelIntegratedComponent:64 - No mode defined for component null
2022-10-28 01:17:20,488 [WARN] ModelIntegratedComponent:64 - No mode defined for component null
2022-10-28 01:17:20,488 [WARN] ModelIntegratedComponent:64 - No mode defined for component null
2022-10-28 01:17:20,490 [WARN] ApiManager:308 - Cannot register API 'Board Extension:NFC07A1' from pack STMicroelectronics.X-CUBE-NFC7.1.0.0: no header file found
2022-10-28 01:17:20,493 [WARN] ApiManager:308 - Cannot register API 'Board Extension:S2868A1' from pack STMicroelectronics.X-CUBE-SUBG2.4.2.0: no header file found
2022-10-28 01:17:20,493 [WARN] ApiManager:308 - Cannot register API 'Board Extension:S2868A2' from pack STMicroelectronics.X-CUBE-SUBG2.4.2.0: no header file found
2022-10-28 01:17:20,493 [WARN] ApiManager:308 - Cannot register API 'Board Extension:S2915A1' from pack STMicroelectronics.X-CUBE-SUBG2.4.2.0: no header file found
2022-10-28 01:17:20,554 [WARN] ApiManager:308 - Cannot register API 'Board Extension:IKS01A3' from pack STMicroelectronics.X-CUBE-MEMS1.9.1.0: no header file found
2022-10-28 01:17:20,554 [WARN] ApiManager:308 - Cannot register API 'Board Extension:IKS01A2' from pack STMicroelectronics.X-CUBE-MEMS1.9.1.0: no header file found
2022-10-28 01:17:20,554 [WARN] ApiManager:308 - Cannot register API 'Board Extension:IKS02A1' from pack STMicroelectronics.X-CUBE-MEMS1.9.1.0: no header file found
2022-10-28 01:17:20,629 [WARN] ApiManager:308 - Cannot register API 'Board Extension:IKS01A3' from pack STMicroelectronics.X-CUBE-MEMS1.9.3.0: no header file found
2022-10-28 01:17:20,641 [WARN] ApiManager:308 - Cannot register API 'Board Extension:IKS01A2' from pack STMicroelectronics.X-CUBE-MEMS1.9.3.0: no header file found
2022-10-28 01:17:20,641 [WARN] ApiManager:308 - Cannot register API 'Board Extension:IKS02A1' from pack STMicroelectronics.X-CUBE-MEMS1.9.3.0: no header file found
2022-10-28 01:17:20,649 [WARN] ApiManager:308 - Cannot register API 'Board Extension:EEPRMA1' from pack STMicroelectronics.X-CUBE-EEPRMA1.3.1.1: no header file found
2022-10-28 01:17:20,649 [WARN] ApiManager:308 - Cannot register API 'Board Extension:EEPRMA2' from pack STMicroelectronics.X-CUBE-EEPRMA1.3.1.1: no header file found
2022-10-28 01:17:20,650 [WARN] ApiManager:308 - Cannot register API 'Board Extension:GNSS1A1' from pack STMicroelectronics.X-CUBE-GNSS1.5.2.0: no header file found
2022-10-28 01:17:20,650 [WARN] ApiManager:308 - Cannot register API 'Board Support:Custom' from pack STMicroelectronics.X-CUBE-GNSS1.5.2.0: no header file found
2022-10-28 01:17:20,650 [WARN] ApiManager:308 - Cannot register API 'Data Exchange:lib_gnss' from pack STMicroelectronics.X-CUBE-GNSS1.5.2.0: no header file found
2022-10-28 01:17:20,651 [WARN] ApiManager:308 - Cannot register API 'Board Extension:S2868A1' from pack STMicroelectronics.X-CUBE-SFXS2LP1.4.0.0: no header file found
2022-10-28 01:17:20,651 [WARN] ApiManager:308 - Cannot register API 'Board Extension:S2868A2' from pack STMicroelectronics.X-CUBE-SFXS2LP1.4.0.0: no header file found
2022-10-28 01:17:20,651 [WARN] ApiManager:308 - Cannot register API 'Board Extension:S2915A1' from pack STMicroelectronics.X-CUBE-SFXS2LP1.4.0.0: no header file found
2022-10-28 01:17:20,652 [WARN] ApiManager:308 - Cannot register API 'Wireless:BlueNRG-2' from pack STMicroelectronics.X-CUBE-BLE2.3.3.0: no header file found
2022-10-28 01:17:20,665 [INFO] ThirdPartyModel:289 - Start build external matchings
2022-10-28 01:17:21,324 [INFO] ThirdPartyModel:302 - End build external matchings
2022-10-28 01:17:21,505 [INFO] UtilMem:74 - End LoadConfig() Used Memory: 251902344 Bytes (370147328)
2022-10-28 01:17:21,520 [WARN] ThirdParty:789 - waiting for thirdparty lock release [change project]
2022-10-28 01:17:21,520 [INFO] ThirdParty:791 - entering critical section [change project]
2022-10-28 01:17:21,521 [INFO] ThirdParty:981 - CMSIS Pack Vendor :wolfSSL I-CUBE-wolfSSL 5.2.0
2022-10-28 01:17:21,522 [INFO] ThirdParty:981 - CMSIS Pack Vendor :RoweBots I-CUBE-UNISONRTOS 5.5.0-4
2022-10-28 01:17:21,522 [INFO] ThirdParty:981 - CMSIS Pack Vendor :STMicroelectronics X-CUBE-GNSS1 6.0.0
2022-10-28 01:17:21,522 [INFO] ThirdParty:981 - CMSIS Pack Vendor :STMicroelectronics X-CUBE-AZRTOS-H7 2.1.0
2022-10-28 01:17:21,522 [INFO] ThirdParty:981 - CMSIS Pack Vendor :STMicroelectronics USB_HOST 2.0.0
2022-10-28 01:17:21,522 [INFO] ThirdParty:981 - CMSIS Pack Vendor :STMicroelectronics X-CUBE-AZRTOS-F4 1.1.0
2022-10-28 01:17:21,523 [INFO] ThirdParty:981 - CMSIS Pack Vendor :STMicroelectronics LIBJPEG 8.0.0
2022-10-28 01:17:21,523 [INFO] ThirdParty:981 - CMSIS Pack Vendor :STMicroelectronics USB_DEVICE 3.0.0
2022-10-28 01:17:21,523 [INFO] ThirdParty:981 - CMSIS Pack Vendor :STMicroelectronics X-CUBE-BLEMGR 1.0.0
2022-10-28 01:17:21,523 [INFO] ThirdParty:981 - CMSIS Pack Vendor :STMicroelectronics X-CUBE-BLEMGR 1.2.0
2022-10-28 01:17:21,523 [INFO] ThirdParty:981 - CMSIS Pack Vendor :STMicroelectronics X-CUBE-AZRTOS-F7 1.1.0
2022-10-28 01:17:21,524 [INFO] ThirdParty:981 - CMSIS Pack Vendor :STMicroelectronics USB_DEVICE 2.0.0
2022-10-28 01:17:21,524 [INFO] ThirdParty:981 - CMSIS Pack Vendor :STMicroelectronics X-CUBE-AI 7.1.0
2022-10-28 01:17:21,524 [INFO] ThirdParty:981 - CMSIS Pack Vendor :STMicroelectronics X-CUBE-BLE1 6.2.3
2022-10-28 01:17:21,524 [INFO] ThirdParty:981 - CMSIS Pack Vendor :STMicroelectronics X-CUBE-ALGOBUILD 1.3.0
2022-10-28 01:17:21,524 [INFO] ThirdParty:981 - CMSIS Pack Vendor :STMicroelectronics FreeRTOS 0.0.1
2022-10-28 01:17:21,524 [INFO] ThirdParty:981 - CMSIS Pack Vendor :STMicroelectronics X-CUBE-AZRTOS-G0 1.1.0
2022-10-28 01:17:21,524 [INFO] ThirdParty:981 - CMSIS Pack Vendor :STMicroelectronics X-CUBE-SUBG2 5.0.0
2022-10-28 01:17:21,524 [INFO] ThirdParty:981 - CMSIS Pack Vendor :SEGGER I-CUBE-embOS 1.2.0
2022-10-28 01:17:21,524 [INFO] ThirdParty:981 - CMSIS Pack Vendor :STMicroelectronics STM32_WPAN 1.0.0
2022-10-28 01:17:21,524 [INFO] ThirdParty:981 - CMSIS Pack Vendor :STMicroelectronics lwIP 2.0.3
2022-10-28 01:17:21,524 [INFO] ThirdParty:981 - CMSIS Pack Vendor :STMicroelectronics X-CUBE-BLE1 6.2.2
2022-10-28 01:17:21,524 [INFO] ThirdParty:981 - CMSIS Pack Vendor :STMicroelectronics X-CUBE-NFC4 2.0.4
2022-10-28 01:17:21,524 [INFO] ThirdParty:981 - CMSIS Pack Vendor :STMicroelectronics X-CUBE-BLE2 3.2.2
2022-10-28 01:17:21,525 [INFO] ThirdParty:981 - CMSIS Pack Vendor :STMicroelectronics USB_HOST 1.0.0
2022-10-28 01:17:21,525 [INFO] ThirdParty:981 - CMSIS Pack Vendor :STMicroelectronics X-CUBE-NFC4 2.0.3
2022-10-28 01:17:21,525 [INFO] ThirdParty:981 - CMSIS Pack Vendor :STMicroelectronics PDM2PCM 3.1.0
2022-10-28 01:17:21,525 [INFO] ThirdParty:981 - CMSIS Pack Vendor :STMicroelectronics FP-ATR-ASTRA1 1.1.1
2022-10-28 01:17:21,525 [INFO] ThirdParty:981 - CMSIS Pack Vendor :STMicroelectronics PDM2PCM 3.3.0
2022-10-28 01:17:21,525 [INFO] ThirdParty:981 - CMSIS Pack Vendor :STMicroelectronics X-CUBE-TOF1 3.1.0
2022-10-28 01:17:21,525 [INFO] ThirdParty:981 - CMSIS Pack Vendor :STMicroelectronics X-CUBE-SFXS2LP1 3.1.0
2022-10-28 01:17:21,525 [INFO] ThirdParty:981 - CMSIS Pack Vendor :STMicroelectronics X-CUBE-AZRTOS-F4 1.0.0
2022-10-28 01:17:21,525 [INFO] ThirdParty:981 - CMSIS Pack Vendor :STMicroelectronics X-CUBE-AZRTOS-H7 2.0.0
2022-10-28 01:17:21,525 [INFO] ThirdParty:981 - CMSIS Pack Vendor :STMicroelectronics X-CUBE-AZRTOS-G4 1.0.0
2022-10-28 01:17:21,525 [INFO] ThirdParty:981 - CMSIS Pack Vendor :STMicroelectronics FP-ATR-SIGFOX1 3.2.0
2022-10-28 01:17:21,526 [INFO] ThirdParty:981 - CMSIS Pack Vendor :STMicroelectronics X-CUBE-AZRTOS-L4 1.0.0
2022-10-28 01:17:21,526 [INFO] ThirdParty:981 - CMSIS Pack Vendor :STMicroelectronics HAL Drivers 0.0.0
2022-10-28 01:17:21,526 [INFO] ThirdParty:981 - CMSIS Pack Vendor :STMicroelectronics MBEDTLS 2.16.2
2022-10-28 01:17:21,526 [INFO] ThirdParty:981 - CMSIS Pack Vendor :emotas I-CUBE-CANOPEN 1.1.2
2022-10-28 01:17:21,526 [INFO] ThirdParty:981 - CMSIS Pack Vendor :STMicroelectronics X-CUBE-TOUCHGFX 4.20.0
2022-10-28 01:17:21,526 [INFO] ThirdParty:981 - CMSIS Pack Vendor :STMicroelectronics MBEDTLS 2.14.1
2022-10-28 01:17:21,526 [INFO] ThirdParty:981 - CMSIS Pack Vendor :STMicroelectronics X-CUBE-NFC7 1.0.0
2022-10-28 01:17:21,526 [INFO] ThirdParty:981 - CMSIS Pack Vendor :STMicroelectronics X-CUBE-AZRTOS-F7 1.0.0
2022-10-28 01:17:21,526 [INFO] ThirdParty:981 - CMSIS Pack Vendor :STMicroelectronics X-CUBE-AZRTOS-WL 1.0.0
2022-10-28 01:17:21,526 [INFO] ThirdParty:981 - CMSIS Pack Vendor :STMicroelectronics X-CUBE-SUBG2 4.2.0
2022-10-28 01:17:21,526 [INFO] ThirdParty:981 - CMSIS Pack Vendor :STMicroelectronics X-CUBE-MEMS1 9.1.0
2022-10-28 01:17:21,527 [INFO] ThirdParty:981 - CMSIS Pack Vendor :STMicroelectronics X-CUBE-MEMS1 9.3.0
2022-10-28 01:17:21,527 [INFO] ThirdParty:981 - CMSIS Pack Vendor :portGmbH I-Cube-SoM-uGOAL 1.1.0
2022-10-28 01:17:21,527 [INFO] ThirdParty:981 - CMSIS Pack Vendor :STMicroelectronics X-CUBE-ALS 1.0.1
2022-10-28 01:17:21,527 [INFO] ThirdParty:981 - CMSIS Pack Vendor :STMicroelectronics X-CUBE-AI 7.2.0
2022-10-28 01:17:21,527 [INFO] ThirdParty:981 - CMSIS Pack Vendor :STMicroelectronics ThreadX 1.0.0
2022-10-28 01:17:21,527 [INFO] ThirdParty:981 - CMSIS Pack Vendor :STMicroelectronics X-CUBE-AZRTOS-L5 1.0.0
2022-10-28 01:17:21,527 [INFO] ThirdParty:981 - CMSIS Pack Vendor :STMicroelectronics USB_DEVICE 1.0.0
2022-10-28 01:17:21,527 [INFO] ThirdParty:981 - CMSIS Pack Vendor :STMicroelectronics X-CUBE-AZRTOS-G0 1.0.0
2022-10-28 01:17:21,527 [INFO] ThirdParty:981 - CMSIS Pack Vendor :STMicroelectronics X-CUBE-EEPRMA1 3.1.1
2022-10-28 01:17:21,527 [INFO] ThirdParty:981 - CMSIS Pack Vendor :STMicroelectronics X-CUBE-GNSS1 5.2.0
2022-10-28 01:17:21,527 [INFO] ThirdParty:981 - CMSIS Pack Vendor :STMicroelectronics ThreadX 0.0.2
2022-10-28 01:17:21,527 [INFO] ThirdParty:981 - CMSIS Pack Vendor :STMicroelectronics lwIP 2.1.2
2022-10-28 01:17:21,527 [INFO] ThirdParty:981 - CMSIS Pack Vendor :STMicroelectronics X-CUBE-SFXS2LP1 4.0.0
2022-10-28 01:17:21,527 [INFO] ThirdParty:981 - CMSIS Pack Vendor :STMicroelectronics X-CUBE-BLE2 3.3.0
2022-10-28 01:17:21,528 [INFO] ThirdParty:981 - CMSIS Pack Vendor :STMicroelectronics X-CUBE-DISPLAY 2.0.1
2022-10-28 01:17:21,528 [INFO] ThirdParty:981 - CMSIS Pack Vendor :STMicroelectronics X-CUBE-DISPLAY 2.2.0
2022-10-28 01:17:21,528 [INFO] ThirdParty:981 - CMSIS Pack Vendor :STMicroelectronics X-CUBE-TOF1 3.2.0
2022-10-28 01:17:21,528 [INFO] ThirdParty:981 - CMSIS Pack Vendor :STMicroelectronics PDM2PCM 3.2.0
2022-10-28 01:17:21,528 [INFO] ThirdParty:981 - CMSIS Pack Vendor :STMicroelectronics X-CUBE-TOUCHGFX 4.18.1
2022-10-28 01:17:21,528 [INFO] ThirdParty:981 - CMSIS Pack Vendor :STMicroelectronics X-CUBE-TOF1 3.0.0
2022-10-28 01:17:21,528 [INFO] ThirdParty:981 - CMSIS Pack Vendor :STMicroelectronics X-CUBE-ISPU 1.0.0
2022-10-28 01:17:21,528 [INFO] ThirdParty:797 - exiting critical section [change project]
2022-10-28 01:17:21,772 [INFO] PinOutPanel:1468 - setPackage(No Configuration,No Configuration)
2022-10-28 01:17:21,773 [INFO] PinOutPanel:1468 - setPackage(STM32F103C8Tx,LQFP48)
2022-10-28 01:17:22,252 [INFO] UtilMem:74 - Before build in PCC Used Memory: 272373792 Bytes (370147328)
2022-10-28 01:17:23,011 [INFO] UtilMem:74 - After build in PCC Used Memory: 202286344 Bytes (370147328)
2022-10-28 01:17:23,041 [INFO] IPUIPlugin:79 - create IPUIPlugin
2022-10-28 01:17:23,041 [INFO] IPUIPlugin:79 - create IPUIPlugin
2022-10-28 01:17:23,042 [INFO] IPUIPlugin:79 - create IPUIPlugin
2022-10-28 01:17:23,042 [INFO] IPUIPlugin:79 - create IPUIPlugin
2022-10-28 01:17:23,042 [INFO] IPUIPlugin:79 - create IPUIPlugin
2022-10-28 01:17:23,042 [INFO] IPUIPlugin:79 - create IPUIPlugin
2022-10-28 01:17:23,042 [INFO] IPUIPlugin:79 - create IPUIPlugin
2022-10-28 01:17:23,042 [INFO] IPUIPlugin:79 - create IPUIPlugin
2022-10-28 01:17:23,042 [INFO] IPUIPlugin:79 - create IPUIPlugin
2022-10-28 01:17:23,043 [INFO] IPUIPlugin:79 - create IPUIPlugin
2022-10-28 01:17:23,043 [INFO] IPUIPlugin:79 - create IPUIPlugin
2022-10-28 01:17:23,043 [INFO] IPUIPlugin:79 - create IPUIPlugin
2022-10-28 01:17:23,043 [INFO] IPUIPlugin:79 - create IPUIPlugin
2022-10-28 01:17:23,044 [INFO] IPUIPlugin:79 - create IPUIPlugin
2022-10-28 01:17:23,044 [INFO] IPUIPlugin:79 - create IPUIPlugin
2022-10-28 01:17:23,044 [INFO] IPUIPlugin:79 - create IPUIPlugin
2022-10-28 01:17:23,045 [INFO] IPUIPlugin:79 - create IPUIPlugin
2022-10-28 01:17:23,046 [INFO] IPUIPlugin:79 - create IPUIPlugin
2022-10-28 01:17:23,046 [INFO] IPUIPlugin:79 - create IPUIPlugin
2022-10-28 01:17:23,046 [INFO] IPUIPlugin:79 - create IPUIPlugin
2022-10-28 01:17:23,047 [INFO] IPUIPlugin:79 - create IPUIPlugin
2022-10-28 01:17:23,047 [INFO] IPUIPlugin:79 - create IPUIPlugin
2022-10-28 01:17:23,047 [INFO] IPUIPlugin:79 - create IPUIPlugin
2022-10-28 01:17:23,048 [INFO] IPUIPlugin:79 - create IPUIPlugin
2022-10-28 01:17:23,048 [INFO] IPUIPlugin:79 - create IPUIPlugin
2022-10-28 01:17:23,048 [INFO] IPUIPlugin:79 - create IPUIPlugin
2022-10-28 01:17:23,049 [INFO] IPUIPlugin:79 - create IPUIPlugin
2022-10-28 01:17:23,330 [INFO] OpenFileManager:327 - Restore cursor
2022-10-28 01:17:23,848 [INFO] UtilMem:74 - End SaveConfig() Used Memory: 243265952 Bytes (370147328)
2022-10-28 01:17:23,898 [INFO] UtilMem:74 - End SaveConfig() Used Memory: 254821728 Bytes (370147328)
2022-10-28 01:17:24,303 [INFO] BlockDiagram:2753 - set Specific Code input for plugin: NVIC
2022-10-28 01:17:24,304 [INFO] BlockDiagram:2753 - set Specific Code input for plugin: RCC
2022-10-28 01:17:24,305 [INFO] CodeGenerator:690 - code generatio: config db path: C:\ST\STM32CubeIDE_1.9.0\STM32CubeIDE\plugins\com.st.stm32cube.common.mx_6.6.1.202207061420\\db\
2022-10-28 01:17:24,491 [INFO] CodeEngine:245 - oldGeneratedFile, D:\github\mc\stm32\I2C_Display_1602\I2C_Display_1602\MXTmpFiles\license.tmp_save
2022-10-28 01:17:24,889 [INFO] CodeEngine:269 - Generated code: D:\github\mc\stm32\I2C_Display_1602\I2C_Display_1602\MXTmpFiles\license.tmp
2022-10-28 01:17:24,899 [INFO] CodeEngine:245 - oldGeneratedFile, D:\github\mc\stm32\I2C_Display_1602\I2C_Display_1602\Core\Src\stm32f1xx_it.c_save
2022-10-28 01:17:25,062 [INFO] CodeEngine:269 - Generated code: D:\github\mc\stm32\I2C_Display_1602\I2C_Display_1602\Core\Src\stm32f1xx_it.c
2022-10-28 01:17:25,070 [INFO] CodeEngine:245 - oldGeneratedFile, D:\github\mc\stm32\I2C_Display_1602\I2C_Display_1602\Core\Inc\stm32f1xx_it.h_save
2022-10-28 01:17:25,153 [INFO] CodeEngine:269 - Generated code: D:\github\mc\stm32\I2C_Display_1602\I2C_Display_1602\Core\Inc\stm32f1xx_it.h
2022-10-28 01:17:25,227 [INFO] CodeEngine:245 - oldGeneratedFile, D:\github\mc\stm32\I2C_Display_1602\I2C_Display_1602\Core\Src\stm32f1xx_hal_msp.c_save
2022-10-28 01:17:25,451 [INFO] CodeEngine:269 - Generated code: D:\github\mc\stm32\I2C_Display_1602\I2C_Display_1602\Core\Src\stm32f1xx_hal_msp.c
2022-10-28 01:17:25,460 [INFO] CodeEngine:245 - oldGeneratedFile, D:\github\mc\stm32\I2C_Display_1602\I2C_Display_1602\MXTmpFiles\system.tmp_save
2022-10-28 01:17:25,562 [INFO] CodeEngine:269 - Generated code: D:\github\mc\stm32\I2C_Display_1602\I2C_Display_1602\MXTmpFiles\system.tmp
2022-10-28 01:17:25,570 [INFO] CodeEngine:245 - oldGeneratedFile, D:\github\mc\stm32\I2C_Display_1602\I2C_Display_1602\Core\Inc\stm32f1xx_hal_conf.h_save
2022-10-28 01:17:25,713 [INFO] CodeEngine:269 - Generated code: D:\github\mc\stm32\I2C_Display_1602\I2C_Display_1602\Core\Inc\stm32f1xx_hal_conf.h
2022-10-28 01:17:25,764 [INFO] CodeEngine:245 - oldGeneratedFile, D:\github\mc\stm32\I2C_Display_1602\I2C_Display_1602\Core\Inc\main.h_save
2022-10-28 01:17:25,894 [INFO] CodeEngine:269 - Generated code: D:\github\mc\stm32\I2C_Display_1602\I2C_Display_1602\Core\Inc\main.h
2022-10-28 01:17:25,905 [INFO] CodeEngine:245 - oldGeneratedFile, D:\github\mc\stm32\I2C_Display_1602\I2C_Display_1602\Core\Src\main.c_save
2022-10-28 01:17:26,084 [INFO] CodeEngine:269 - Generated code: D:\github\mc\stm32\I2C_Display_1602\I2C_Display_1602\Core\Src\main.c
2022-10-28 01:17:26,926 [INFO] ProjectBuilder:2919 - Time for Copy HAL[1] : 197mS.
2022-10-28 01:17:26,940 [INFO] ProjectBuilder:4117 - Project Generator version: 3.17.1
2022-10-28 01:17:27,311 [INFO] ConfigFileManager:1394 - The Die is : DIE410
2022-10-28 01:17:27,328 [INFO] ApiDbMcu:505 - Load IP Config File for FATFS
2022-10-28 01:17:27,359 [INFO] ApiDbMcu:505 - Load IP Config File for FREERTOS
2022-10-28 01:17:27,372 [INFO] ApiDbMcu:505 - Load IP Config File for USB_DEVICE
2022-10-28 01:17:31,143 [INFO] ProjectBuilder:4285 - Time for Generating toolchain IDE Files: 4202mS.
2022-10-28 01:17:31,144 [INFO] ProjectBuilder:2790 - Time for Copy CMSIS : 1mS.
2022-10-28 01:17:31,145 [INFO] ProjectBuilder:2790 - Time for Copy CMSIS : 0mS.
2022-10-28 01:17:32,186 [INFO] McuFinderGlobals:57 - Set McuFinderConnectedMode to true
2022-10-28 01:17:32,189 [INFO] ApiDb:443 - Save user favorites file C:\Users\Zver/.stm32cubeide/favorites.mcus.txt: 1 item(s)
2022-10-28 01:17:32,189 [INFO] ApiDb:447 - User favorites MCUs=[STM32F103C8T6]
2022-10-28 01:18:59,545 [WARN] IP:2111 - I2C_Coeff_DF not found: check if there is a RefParameter without a condition.
2022-10-28 01:18:59,545 [WARN] IP:2111 - Analog_Filter not found: check if there is a RefParameter without a condition.
2022-10-28 01:18:59,556 [WARN] IP:2111 - I2C_Coeff_DF not found: check if there is a RefParameter without a condition.
2022-10-28 01:18:59,556 [WARN] IP:2111 - Analog_Filter not found: check if there is a RefParameter without a condition.
2022-10-28 01:18:59,556 [WARN] IP:2111 - I2C_Coeff_DF not found: check if there is a RefParameter without a condition.
2022-10-28 01:18:59,556 [WARN] IP:2111 - Analog_Filter not found: check if there is a RefParameter without a condition.
2022-10-28 01:18:59,565 [WARN] IP:2111 - I2C_Coeff_DF not found: check if there is a RefParameter without a condition.
2022-10-28 01:18:59,565 [WARN] IP:2111 - Analog_Filter not found: check if there is a RefParameter without a condition.
2022-10-28 01:18:59,566 [WARN] IP:2111 - I2C_Coeff_DF not found: check if there is a RefParameter without a condition.
2022-10-28 01:18:59,566 [WARN] IP:2111 - Analog_Filter not found: check if there is a RefParameter without a condition.
2022-10-28 01:18:59,575 [WARN] IP:2111 - I2C_Coeff_DF not found: check if there is a RefParameter without a condition.
2022-10-28 01:18:59,575 [WARN] IP:2111 - Analog_Filter not found: check if there is a RefParameter without a condition.
2022-10-28 01:18:59,576 [WARN] IP:2111 - I2C_Coeff_DF not found: check if there is a RefParameter without a condition.
2022-10-28 01:18:59,576 [WARN] IP:2111 - Analog_Filter not found: check if there is a RefParameter without a condition.
2022-10-28 01:18:59,697 [WARN] IP:2111 - I2C_Coeff_DF not found: check if there is a RefParameter without a condition.
2022-10-28 01:18:59,697 [WARN] IP:2111 - Analog_Filter not found: check if there is a RefParameter without a condition.
2022-10-28 01:18:59,699 [WARN] IP:2111 - I2C_Coeff_DF not found: check if there is a RefParameter without a condition.
2022-10-28 01:18:59,699 [WARN] IP:2111 - Analog_Filter not found: check if there is a RefParameter without a condition.
2022-10-28 01:18:59,703 [WARN] IP:2111 - I2C_Coeff_DF not found: check if there is a RefParameter without a condition.
2022-10-28 01:18:59,703 [WARN] IP:2111 - Analog_Filter not found: check if there is a RefParameter without a condition.
2022-10-28 01:19:03,925 [INFO] UtilMem:74 - End SaveConfig() Used Memory: 523623168 Bytes (654311424)
2022-10-28 01:19:05,227 [INFO] UtilMem:74 - End SaveConfig() Used Memory: 540683176 Bytes (654311424)
2022-10-28 01:19:07,184 [INFO] UtilMem:74 - End SaveConfig() Used Memory: 556305736 Bytes (654311424)
2022-10-28 01:19:07,460 [INFO] BlockDiagram:2753 - set Specific Code input for plugin: NVIC
2022-10-28 01:19:07,461 [INFO] BlockDiagram:2753 - set Specific Code input for plugin: SYS
2022-10-28 01:19:07,461 [INFO] BlockDiagram:2753 - set Specific Code input for plugin: GPIO
2022-10-28 01:19:07,462 [INFO] BlockDiagram:2753 - set Specific Code input for plugin: RCC
2022-10-28 01:19:07,462 [INFO] BlockDiagram:2753 - set Specific Code input for plugin: I2C
2022-10-28 01:19:07,462 [INFO] CodeGenerator:690 - code generatio: config db path: C:\ST\STM32CubeIDE_1.9.0\STM32CubeIDE\plugins\com.st.stm32cube.common.mx_6.6.1.202207061420\\db\
2022-10-28 01:19:07,463 [WARN] IP:2111 - I2C_Coeff_DF not found: check if there is a RefParameter without a condition.
2022-10-28 01:19:07,464 [WARN] IP:2111 - Analog_Filter not found: check if there is a RefParameter without a condition.
2022-10-28 01:19:07,683 [INFO] CodeEngine:245 - oldGeneratedFile, D:\github\mc\stm32\I2C_Display_1602\I2C_Display_1602\MXTmpFiles\license.tmp_save
2022-10-28 01:19:07,813 [INFO] CodeEngine:269 - Generated code: D:\github\mc\stm32\I2C_Display_1602\I2C_Display_1602\MXTmpFiles\license.tmp
2022-10-28 01:19:07,854 [INFO] CodeEngine:245 - oldGeneratedFile, D:\github\mc\stm32\I2C_Display_1602\I2C_Display_1602\MXTmpFiles\gpio.tmp_save
2022-10-28 01:19:08,101 [INFO] CodeEngine:269 - Generated code: D:\github\mc\stm32\I2C_Display_1602\I2C_Display_1602\MXTmpFiles\gpio.tmp
2022-10-28 01:19:08,155 [INFO] CodeEngine:245 - oldGeneratedFile, D:\github\mc\stm32\I2C_Display_1602\I2C_Display_1602\Core\Src\stm32f1xx_it.c_save
2022-10-28 01:19:08,258 [INFO] CodeEngine:269 - Generated code: D:\github\mc\stm32\I2C_Display_1602\I2C_Display_1602\Core\Src\stm32f1xx_it.c
2022-10-28 01:19:08,264 [INFO] CodeEngine:245 - oldGeneratedFile, D:\github\mc\stm32\I2C_Display_1602\I2C_Display_1602\Core\Inc\stm32f1xx_it.h_save
2022-10-28 01:19:08,341 [INFO] CodeEngine:269 - Generated code: D:\github\mc\stm32\I2C_Display_1602\I2C_Display_1602\Core\Inc\stm32f1xx_it.h
2022-10-28 01:19:08,382 [INFO] CodeEngine:245 - oldGeneratedFile, D:\github\mc\stm32\I2C_Display_1602\I2C_Display_1602\Core\Src\stm32f1xx_hal_msp.c_save
2022-10-28 01:19:08,486 [INFO] CodeEngine:269 - Generated code: D:\github\mc\stm32\I2C_Display_1602\I2C_Display_1602\Core\Src\stm32f1xx_hal_msp.c
2022-10-28 01:19:08,489 [INFO] CodeEngine:245 - oldGeneratedFile, D:\github\mc\stm32\I2C_Display_1602\I2C_Display_1602\MXTmpFiles\system.tmp_save
2022-10-28 01:19:08,557 [INFO] CodeEngine:269 - Generated code: D:\github\mc\stm32\I2C_Display_1602\I2C_Display_1602\MXTmpFiles\system.tmp
2022-10-28 01:19:08,661 [INFO] CodeEngine:245 - oldGeneratedFile, D:\github\mc\stm32\I2C_Display_1602\I2C_Display_1602\Core\Inc\stm32f1xx_hal_conf.h_save
2022-10-28 01:19:08,801 [INFO] CodeEngine:269 - Generated code: D:\github\mc\stm32\I2C_Display_1602\I2C_Display_1602\Core\Inc\stm32f1xx_hal_conf.h
2022-10-28 01:19:08,897 [INFO] CodeEngine:245 - oldGeneratedFile, D:\github\mc\stm32\I2C_Display_1602\I2C_Display_1602\Core\Inc\main.h_save
2022-10-28 01:19:09,046 [INFO] CodeEngine:269 - Generated code: D:\github\mc\stm32\I2C_Display_1602\I2C_Display_1602\Core\Inc\main.h
2022-10-28 01:19:09,132 [INFO] CodeEngine:245 - oldGeneratedFile, D:\github\mc\stm32\I2C_Display_1602\I2C_Display_1602\Core\Src\main.c_save
2022-10-28 01:19:09,293 [INFO] CodeEngine:269 - Generated code: D:\github\mc\stm32\I2C_Display_1602\I2C_Display_1602\Core\Src\main.c
2022-10-28 01:19:10,155 [INFO] ProjectBuilder:2919 - Time for Copy HAL[1] : 337mS.
2022-10-28 01:19:10,185 [INFO] ProjectBuilder:4117 - Project Generator version: 3.17.1
2022-10-28 01:19:10,555 [INFO] ConfigFileManager:1394 - The Die is : DIE410
2022-10-28 01:19:12,595 [INFO] ProjectBuilder:4285 - Time for Generating toolchain IDE Files: 2410mS.
2022-10-28 01:19:12,596 [INFO] ProjectBuilder:2790 - Time for Copy CMSIS : 0mS.
2022-10-28 01:19:12,597 [INFO] ProjectBuilder:2790 - Time for Copy CMSIS : 0mS.
2022-10-28 01:56:44,305 [ERROR] ConfigurationRetriever:139 - IOException on connection: connect timed out
