2022-11-07 23:41:50,325 [INFO] Activator:177 - 


2022-11-07 23:41:50,325 [INFO] Activator:178 - !SESSION log4j initialized
2022-11-07 23:42:14,000 [ERROR] LogOutputStream:74 - [STDERR_REDIRECT] SLF4J: Failed to load class "org.slf4j.impl.StaticLoggerBinder".
2022-11-07 23:42:14,001 [ERROR] LogOutputStream:74 - [STDERR_REDIRECT] SLF4J: Defaulting to no-operation (NOP) logger implementation
2022-11-07 23:42:14,003 [ERROR] LogOutputStream:74 - [STDERR_REDIRECT] SLF4J: See http://www.slf4j.org/codes.html#StaticLoggerBinder for further details.
2022-11-07 23:44:23,990 [INFO] McuFinderGlobals:44 - Set McuFinder mode to 2 (CubeIDE integrated)
2022-11-07 23:44:35,381 [INFO] ApplicationProperties:181 - Using Application install path: C:\ST\STM32CubeIDE_1.9.0\STM32CubeIDE\plugins\com.st.stm32cube.common.mx_6.6.1.202207061420
2022-11-07 23:44:35,397 [INFO] DbMcusXml:77 - Set database path to: C:\ST\STM32CubeIDE_1.9.0\STM32CubeIDE\plugins\com.st.stm32cube.common.mx_6.6.1.202207061420\\db\/mcu/
2022-11-07 23:44:35,398 [INFO] ApiDb:269 - Set plugin database path to: C:\ST\STM32CubeIDE_1.9.0\STM32CubeIDE\plugins\com.st.stm32cube.common.mx_6.6.1.202207061420\\db\/plugins/boardmanager/
2022-11-07 23:44:35,400 [WARN] ApiDb:254 - Overriding images path with different value:  => C:\ST\STM32CubeIDE_1.9.0\STM32CubeIDE\plugins\com.st.stm32cube.common.mx_6.6.1.202207061420\\db\/plugins/mcufinder/images/
2022-11-07 23:44:35,410 [INFO] ApiDb:249 - Set database path to: C:\Users\Zver\.stmcufinder\plugins\mcufinder//mcu/
2022-11-07 23:44:35,412 [INFO] DbMcusAds:124 - Set database path to: C:\Users\Zver\.stmcufinder\plugins\mcufinder//mcu/
2022-11-07 23:44:35,698 [INFO] CrossReferenceDbSqlite:201 - Set database path to: C:\Users\Zver\.stmcufinder\plugins\mcufinder//mcu/cs/
2022-11-07 23:44:35,776 [INFO] RulesReader:61 - Compatibility file has been processed (282 Rules)
2022-11-07 23:44:35,860 [INFO] DbMcusXml:77 - Set database path to: C:\ST\STM32CubeIDE_1.9.0\STM32CubeIDE\plugins\com.st.stm32cube.common.mx_6.6.1.202207061420\\db\/mcu/
2022-11-07 23:44:35,861 [INFO] ApiDb:269 - Set plugin database path to: C:\ST\STM32CubeIDE_1.9.0\STM32CubeIDE\plugins\com.st.stm32cube.common.mx_6.6.1.202207061420\\db\/plugins/boardmanager/
2022-11-07 23:44:35,861 [INFO] ApiDb:256 - Set plugin images path to: C:\ST\STM32CubeIDE_1.9.0\STM32CubeIDE\plugins\com.st.stm32cube.common.mx_6.6.1.202207061420\\db\/plugins/mcufinder/images/
2022-11-07 23:44:35,861 [WARN] DbFile:40 - Overriding database path with different value: C:\Users\Zver\.stmcufinder\plugins\mcufinder/ => C:\Users\Zver\.stmcufinder\plugins\mcufinder
2022-11-07 23:44:35,861 [INFO] ApiDb:249 - Set database path to: C:\Users\Zver\.stmcufinder\plugins\mcufinder//mcu/
2022-11-07 23:44:35,861 [WARN] DbFile:40 - Overriding database path with different value: C:\Users\Zver\.stmcufinder\plugins\mcufinder/ => C:\Users\Zver\.stmcufinder\plugins\mcufinder
2022-11-07 23:44:35,861 [INFO] DbMcusAds:124 - Set database path to: C:\Users\Zver\.stmcufinder\plugins\mcufinder//mcu/
2022-11-07 23:44:35,862 [WARN] DbFile:40 - Overriding database path with different value: C:\Users\Zver\.stmcufinder\plugins\mcufinder/ => C:\Users\Zver\.stmcufinder\plugins\mcufinder
2022-11-07 23:44:35,862 [WARN] DbFile:40 - Overriding database path with different value: C:\Users\Zver\.stmcufinder\plugins\mcufinder/ => C:\Users\Zver\.stmcufinder\plugins\mcufinder
2022-11-07 23:44:35,862 [INFO] CrossReferenceDbSqlite:201 - Set database path to: C:\Users\Zver\.stmcufinder\plugins\mcufinder//mcu/cs/
2022-11-07 23:44:35,933 [INFO] MainPanel:242 - HeapMemory: 437256192
2022-11-07 23:44:35,999 [INFO] DbMcusXml:77 - Set database path to: C:\ST\STM32CubeIDE_1.9.0\STM32CubeIDE\plugins\com.st.stm32cube.common.mx_6.6.1.202207061420\\db\/mcu/
2022-11-07 23:44:35,999 [INFO] ApiDb:269 - Set plugin database path to: C:\ST\STM32CubeIDE_1.9.0\STM32CubeIDE\plugins\com.st.stm32cube.common.mx_6.6.1.202207061420\\db\/plugins/boardmanager/
2022-11-07 23:44:35,999 [INFO] ApiDb:256 - Set plugin images path to: C:\ST\STM32CubeIDE_1.9.0\STM32CubeIDE\plugins\com.st.stm32cube.common.mx_6.6.1.202207061420\\db\/plugins/mcufinder/images/
2022-11-07 23:44:36,000 [WARN] DbFile:40 - Overriding database path with different value: C:\Users\Zver\.stmcufinder\plugins\mcufinder/ => C:\Users\Zver\.stmcufinder\plugins\mcufinder
2022-11-07 23:44:36,000 [INFO] ApiDb:249 - Set database path to: C:\Users\Zver\.stmcufinder\plugins\mcufinder//mcu/
2022-11-07 23:44:36,000 [WARN] DbFile:40 - Overriding database path with different value: C:\Users\Zver\.stmcufinder\plugins\mcufinder/ => C:\Users\Zver\.stmcufinder\plugins\mcufinder
2022-11-07 23:44:36,000 [INFO] DbMcusAds:124 - Set database path to: C:\Users\Zver\.stmcufinder\plugins\mcufinder//mcu/
2022-11-07 23:44:36,000 [WARN] DbFile:40 - Overriding database path with different value: C:\Users\Zver\.stmcufinder\plugins\mcufinder/ => C:\Users\Zver\.stmcufinder\plugins\mcufinder
2022-11-07 23:44:36,000 [WARN] DbFile:40 - Overriding database path with different value: C:\Users\Zver\.stmcufinder\plugins\mcufinder/ => C:\Users\Zver\.stmcufinder\plugins\mcufinder
2022-11-07 23:44:36,001 [INFO] CrossReferenceDbSqlite:201 - Set database path to: C:\Users\Zver\.stmcufinder\plugins\mcufinder//mcu/cs/
2022-11-07 23:44:36,018 [INFO] ApplicationProperties:181 - Using Application install path: C:\ST\STM32CubeIDE_1.9.0\STM32CubeIDE\plugins\com.st.stm32cube.common.mx_6.6.1.202207061420
2022-11-07 23:44:36,019 [INFO] PluginManage:193 - Search for loadable plugins [exclusion list=, ]
2022-11-07 23:44:36,020 [INFO] PluginManage:307 - Check plugin analytics
2022-11-07 23:44:36,169 [INFO] AnalyticsPlugin:262 - Accepted Software Licenses: 
2022-11-07 23:44:36,170 [INFO] AnalyticsPlugin:264 - Accepted CMSIS Pack Licenses: 
2022-11-07 23:44:36,170 [INFO] AnalyticsPlugin:266 - Accepted Firmware Licenses: 
2022-11-07 23:44:36,176 [INFO] PluginManage:356 - Loaded plugin analytics (category:tool,tabindex:-1)
2022-11-07 23:44:36,176 [INFO] PluginManage:307 - Check plugin cadmodel
2022-11-07 23:44:36,179 [INFO] CADModel:65 - Init CAD model plugin
2022-11-07 23:44:36,179 [INFO] PluginManage:356 - Loaded plugin cadmodel (category:power,tabindex:5)
2022-11-07 23:44:36,180 [INFO] PluginManage:307 - Check plugin clock
2022-11-07 23:44:36,189 [INFO] PluginManage:356 - Loaded plugin clock (category:base,tabindex:2)
2022-11-07 23:44:36,189 [INFO] PluginManage:307 - Check plugin ddr
2022-11-07 23:44:36,191 [INFO] PluginManage:356 - Loaded plugin ddr (category:tool,tabindex:6)
2022-11-07 23:44:36,191 [INFO] PluginManage:307 - Check plugin filemanager
2022-11-07 23:44:36,300 [INFO] PluginManage:356 - Loaded plugin filemanager (category:base,tabindex:10)
2022-11-07 23:44:36,300 [INFO] PluginManage:307 - Check plugin ipmanager
2022-11-07 23:44:36,320 [INFO] PluginManage:356 - Loaded plugin ipmanager (category:base,tabindex:5)
2022-11-07 23:44:36,321 [INFO] PluginManage:307 - Check plugin lpbam
2022-11-07 23:44:36,328 [INFO] PluginManage:356 - Loaded plugin lpbam (category:base,tabindex:0)
2022-11-07 23:44:36,328 [INFO] PluginManage:307 - Check plugin pinoutandconfiguration
2022-11-07 23:44:36,335 [INFO] PluginManage:356 - Loaded plugin pinoutandconfiguration (category:base,tabindex:1)
2022-11-07 23:44:36,335 [INFO] PluginManage:307 - Check plugin pinoutconfig
2022-11-07 23:44:36,382 [INFO] PluginManage:356 - Loaded plugin pinoutconfig (category:base,tabindex:0)
2022-11-07 23:44:36,382 [INFO] PluginManage:307 - Check plugin power
2022-11-07 23:44:36,392 [INFO] PluginManage:356 - Loaded plugin power (category:power,tabindex:4)
2022-11-07 23:44:36,392 [INFO] PluginManage:307 - Check plugin projectmanager
2022-11-07 23:44:36,427 [INFO] PluginManage:356 - Loaded plugin projectmanager (category:projectmanager,tabindex:3)
2022-11-07 23:44:36,428 [INFO] PluginManage:307 - Check plugin thirdparty
2022-11-07 23:44:36,552 [WARN] IntegrityCheckThread:82 - waiting for thirdparty lock release [integrity check]
2022-11-07 23:44:36,552 [INFO] PluginManage:356 - Loaded plugin thirdparty (category:base,tabindex:-1)
2022-11-07 23:44:36,552 [INFO] IntegrityCheckThread:84 - entering critical section [integrity check]
2022-11-07 23:44:36,553 [INFO] PluginManage:307 - Check plugin tools
2022-11-07 23:44:36,554 [INFO] ThirdPartyUpdaterWithRetryManager:70 - Updater plugin not ready yet. [1/15]
2022-11-07 23:44:36,556 [INFO] PluginManage:356 - Loaded plugin tools (category:base,tabindex:7)
2022-11-07 23:44:36,556 [INFO] PluginManage:307 - Check plugin tutovideos
2022-11-07 23:44:36,714 [INFO] PluginManage:356 - Loaded plugin tutovideos (category:base,tabindex:-1)
2022-11-07 23:44:36,714 [INFO] PluginManage:307 - Check plugin updater
2022-11-07 23:44:36,728 [INFO] PluginManage:356 - Loaded plugin updater (category:base,tabindex:12)
2022-11-07 23:44:36,728 [INFO] PluginManage:280 - PluginManage : Loaded plugins [15]
2022-11-07 23:44:37,101 [INFO] PinOutPanel:1468 - setPackage(No Configuration,No Configuration)
2022-11-07 23:44:37,179 [INFO] CADModel:98 - CPN selected for project level
2022-11-07 23:44:37,201 [INFO] IPUIPlugin:79 - create IPUIPlugin
2022-11-07 23:44:37,202 [INFO] PluginManager:217 - loadIPPluginJar : add adc
2022-11-07 23:44:37,204 [INFO] IPUIPlugin:79 - create IPUIPlugin
2022-11-07 23:44:37,205 [INFO] PluginManager:217 - loadIPPluginJar : add aes
2022-11-07 23:44:37,207 [INFO] IPUIPlugin:79 - create IPUIPlugin
2022-11-07 23:44:37,207 [INFO] PluginManager:217 - loadIPPluginJar : add can
2022-11-07 23:44:37,208 [INFO] IPUIPlugin:79 - create IPUIPlugin
2022-11-07 23:44:37,208 [INFO] PluginManager:217 - loadIPPluginJar : add comp
2022-11-07 23:44:37,210 [INFO] IPUIPlugin:79 - create IPUIPlugin
2022-11-07 23:44:37,210 [INFO] PluginManager:217 - loadIPPluginJar : add cryp
2022-11-07 23:44:37,212 [INFO] IPUIPlugin:79 - create IPUIPlugin
2022-11-07 23:44:37,212 [INFO] PluginManager:217 - loadIPPluginJar : add dfsdm
2022-11-07 23:44:37,217 [INFO] IPUIPlugin:79 - create IPUIPlugin
2022-11-07 23:44:37,217 [INFO] PluginManager:217 - loadIPPluginJar : add dma
2022-11-07 23:44:37,219 [INFO] IPUIPlugin:79 - create IPUIPlugin
2022-11-07 23:44:37,220 [INFO] PluginManager:217 - loadIPPluginJar : add dma3
2022-11-07 23:44:37,221 [INFO] IPUIPlugin:79 - create IPUIPlugin
2022-11-07 23:44:37,221 [INFO] PluginManager:217 - loadIPPluginJar : add fatfs
2022-11-07 23:44:37,224 [INFO] IPUIPlugin:79 - create IPUIPlugin
2022-11-07 23:44:37,224 [INFO] PluginManager:217 - loadIPPluginJar : add fmc
2022-11-07 23:44:37,228 [INFO] IPUIPlugin:79 - create IPUIPlugin
2022-11-07 23:44:37,229 [INFO] PluginManager:217 - loadIPPluginJar : add freertos
2022-11-07 23:44:37,230 [INFO] IPUIPlugin:79 - create IPUIPlugin
2022-11-07 23:44:37,230 [INFO] PluginManager:217 - loadIPPluginJar : add genericplugin
2022-11-07 23:44:37,232 [INFO] IPUIPlugin:79 - create IPUIPlugin
2022-11-07 23:44:37,232 [INFO] PluginManager:217 - loadIPPluginJar : add gfxmmu
2022-11-07 23:44:37,235 [INFO] IPUIPlugin:79 - create IPUIPlugin
2022-11-07 23:44:37,236 [INFO] PluginManager:217 - loadIPPluginJar : add gic
2022-11-07 23:44:37,239 [INFO] IPUIPlugin:79 - create IPUIPlugin
2022-11-07 23:44:37,240 [INFO] PluginManager:217 - loadIPPluginJar : add gpio
2022-11-07 23:44:37,242 [INFO] IPUIPlugin:79 - create IPUIPlugin
2022-11-07 23:44:37,242 [INFO] PluginManager:217 - loadIPPluginJar : add gtzc
2022-11-07 23:44:37,244 [INFO] IPUIPlugin:79 - create IPUIPlugin
2022-11-07 23:44:37,244 [INFO] PluginManager:217 - loadIPPluginJar : add hash
2022-11-07 23:44:37,247 [INFO] IPUIPlugin:79 - create IPUIPlugin
2022-11-07 23:44:37,247 [INFO] PluginManager:217 - loadIPPluginJar : add i2c
2022-11-07 23:44:37,249 [INFO] IPUIPlugin:79 - create IPUIPlugin
2022-11-07 23:44:37,249 [INFO] PluginManager:217 - loadIPPluginJar : add i2s
2022-11-07 23:44:37,252 [INFO] IPUIPlugin:79 - create IPUIPlugin
2022-11-07 23:44:37,253 [INFO] PluginManager:217 - loadIPPluginJar : add ipddr
2022-11-07 23:44:37,258 [INFO] IPUIPlugin:79 - create IPUIPlugin
2022-11-07 23:44:37,259 [INFO] PluginManager:217 - loadIPPluginJar : add linkedlist
2022-11-07 23:44:37,261 [INFO] IPUIPlugin:79 - create IPUIPlugin
2022-11-07 23:44:37,261 [INFO] PluginManager:217 - loadIPPluginJar : add lorawan
2022-11-07 23:44:37,262 [INFO] IPUIPlugin:79 - create IPUIPlugin
2022-11-07 23:44:37,262 [INFO] PluginManager:217 - loadIPPluginJar : add ltdc
2022-11-07 23:44:37,267 [INFO] IPUIPlugin:79 - create IPUIPlugin
2022-11-07 23:44:37,268 [INFO] PluginManager:217 - loadIPPluginJar : add mdma
2022-11-07 23:44:37,270 [INFO] IPUIPlugin:79 - create IPUIPlugin
2022-11-07 23:44:37,271 [INFO] PluginManager:217 - loadIPPluginJar : add nvic
2022-11-07 23:44:37,273 [INFO] IPUIPlugin:79 - create IPUIPlugin
2022-11-07 23:44:37,273 [INFO] PluginManager:217 - loadIPPluginJar : add opamp
2022-11-07 23:44:37,276 [INFO] IPUIPlugin:79 - create IPUIPlugin
2022-11-07 23:44:37,276 [INFO] PluginManager:217 - loadIPPluginJar : add openamp
2022-11-07 23:44:37,278 [INFO] IPUIPlugin:79 - create IPUIPlugin
2022-11-07 23:44:37,279 [INFO] PluginManager:217 - loadIPPluginJar : add pdm2pcm
2022-11-07 23:44:37,286 [INFO] IPUIPlugin:79 - create IPUIPlugin
2022-11-07 23:44:37,291 [INFO] PluginManager:217 - loadIPPluginJar : add plateformsettings
2022-11-07 23:44:37,292 [INFO] IPUIPlugin:79 - create IPUIPlugin
2022-11-07 23:44:37,293 [INFO] PluginManager:217 - loadIPPluginJar : add quadspi
2022-11-07 23:44:37,296 [INFO] IPUIPlugin:79 - create IPUIPlugin
2022-11-07 23:44:37,296 [INFO] PluginManager:217 - loadIPPluginJar : add resmgrutility
2022-11-07 23:44:37,299 [INFO] IPUIPlugin:79 - create IPUIPlugin
2022-11-07 23:44:37,300 [INFO] PluginManager:217 - loadIPPluginJar : add sai
2022-11-07 23:44:37,302 [INFO] IPUIPlugin:79 - create IPUIPlugin
2022-11-07 23:44:37,303 [INFO] PluginManager:217 - loadIPPluginJar : add spi
2022-11-07 23:44:37,307 [INFO] IPUIPlugin:79 - create IPUIPlugin
2022-11-07 23:44:37,307 [INFO] PluginManager:217 - loadIPPluginJar : add stm32_wpan
2022-11-07 23:44:37,308 [INFO] IPUIPlugin:79 - create IPUIPlugin
2022-11-07 23:44:37,309 [INFO] PluginManager:217 - loadIPPluginJar : add tim
2022-11-07 23:44:37,311 [INFO] IPUIPlugin:79 - create IPUIPlugin
2022-11-07 23:44:37,311 [INFO] PluginManager:217 - loadIPPluginJar : add touchsensing
2022-11-07 23:44:37,314 [INFO] IPUIPlugin:79 - create IPUIPlugin
2022-11-07 23:44:37,315 [INFO] PluginManager:217 - loadIPPluginJar : add tracer_emb
2022-11-07 23:44:37,317 [INFO] IPUIPlugin:79 - create IPUIPlugin
2022-11-07 23:44:37,317 [INFO] PluginManager:217 - loadIPPluginJar : add ts
2022-11-07 23:44:37,319 [INFO] IPUIPlugin:79 - create IPUIPlugin
2022-11-07 23:44:37,319 [INFO] PluginManager:217 - loadIPPluginJar : add tsc
2022-11-07 23:44:37,321 [INFO] IPUIPlugin:79 - create IPUIPlugin
2022-11-07 23:44:37,321 [INFO] PluginManager:217 - loadIPPluginJar : add ucpd
2022-11-07 23:44:37,323 [INFO] IPUIPlugin:79 - create IPUIPlugin
2022-11-07 23:44:37,323 [INFO] PluginManager:217 - loadIPPluginJar : add usart
2022-11-07 23:44:37,327 [INFO] IPUIPlugin:79 - create IPUIPlugin
2022-11-07 23:44:37,327 [INFO] PluginManager:217 - loadIPPluginJar : add usbx
2022-11-07 23:44:37,671 [FATAL] Updater:301 - Updater called before beeing initialized
2022-11-07 23:44:37,824 [FATAL] Updater:301 - Updater called before beeing initialized
2022-11-07 23:44:37,831 [INFO] DbMcusAds:52 - JSON generation date=Thu Sep 30 09:56:37 MSK 2021 (1632984997303)
2022-11-07 23:44:37,831 [FATAL] Updater:301 - Updater called before beeing initialized
2022-11-07 23:44:37,913 [WARN] DetailPanel:344 - Failed to get advertising image, set to default
2022-11-07 23:44:38,036 [FATAL] Updater:301 - Updater called before beeing initialized
2022-11-07 23:44:38,038 [FATAL] Updater:301 - Updater called before beeing initialized
2022-11-07 23:44:38,038 [FATAL] Updater:301 - Updater called before beeing initialized
2022-11-07 23:44:38,038 [WARN] DetailPanel:344 - Failed to get advertising image, set to default
2022-11-07 23:44:38,039 [FATAL] Updater:301 - Updater called before beeing initialized
2022-11-07 23:44:38,079 [ERROR] Updater:1105 - MainUpdater not yet initialized. External WinMGr cannot be set.
2022-11-07 23:44:38,081 [INFO] Updater:1041 - Updater Version found : 6.6.1
2022-11-07 23:44:38,094 [INFO] ApplicationProperties:181 - Using Application install path: C:\ST\STM32CubeIDE_1.9.0\STM32CubeIDE\plugins\com.st.stm32cube.common.mx_6.6.1.202207061420
2022-11-07 23:44:38,244 [INFO] MainUpdater:2768 - connection check result : 10
2022-11-07 23:44:38,245 [INFO] MainUpdater:280 - Updater Check For Update Now.
2022-11-07 23:44:38,246 [INFO] MicroXplorer:481 - Change Database Version : DB.6.0.60
2022-11-07 23:44:38,409 [INFO] CheckServerUpdateThread:119 - End of CheckServer Thread
2022-11-07 23:44:38,455 [INFO] MainUpdater:2768 - connection check result : 10
2022-11-07 23:44:38,455 [INFO] MainUpdater:2768 - connection check result : 10
2022-11-07 23:44:38,511 [INFO] MicroXplorer:451 - Change Database Path : 
2022-11-07 23:44:38,512 [INFO] MicroXplorer:481 - Change Database Version : DB.6.0.60
2022-11-07 23:44:38,512 [WARN] ThirdParty:827 - waiting for thirdparty lock release [close project]
2022-11-07 23:44:39,642 [WARN] PackLoader:242 - Cannot read IP mode file for wolfSSL.I-CUBE-wolfSSL.5.2.0
2022-11-07 23:44:39,651 [WARN] PackLoader:242 - Cannot read IP mode file for STMicroelectronics.X-CUBE-GNSS1.6.0.0
2022-11-07 23:44:39,686 [WARN] PackLoader:242 - Cannot read IP mode file for STMicroelectronics.X-CUBE-AZRTOS-F4.1.1.0
2022-11-07 23:44:39,700 [WARN] PackLoader:242 - Cannot read IP mode file for STMicroelectronics.X-CUBE-BLEMGR.1.2.0
2022-11-07 23:44:39,722 [WARN] PackLoader:242 - Cannot read IP mode file for STMicroelectronics.X-CUBE-AZRTOS-F7.1.1.0
2022-11-07 23:44:39,734 [WARN] PackLoader:242 - Cannot read IP mode file for STMicroelectronics.X-CUBE-AI.7.1.0
2022-11-07 23:44:39,738 [WARN] PackLoader:242 - Cannot read IP mode file for STMicroelectronics.X-CUBE-BLE1.6.2.3
2022-11-07 23:44:39,741 [WARN] PackLoader:242 - Cannot read IP mode file for STMicroelectronics.X-CUBE-BLE1.6.2.2
2022-11-07 23:44:39,746 [WARN] PackLoader:242 - Cannot read IP mode file for STMicroelectronics.X-CUBE-NFC4.2.0.4
2022-11-07 23:44:39,752 [WARN] PackLoader:242 - Cannot read IP mode file for STMicroelectronics.X-CUBE-BLE2.3.2.2
2022-11-07 23:44:39,757 [WARN] PackLoader:242 - Cannot read IP mode file for STMicroelectronics.X-CUBE-NFC4.2.0.3
2022-11-07 23:44:39,767 [WARN] PackLoader:242 - Cannot read IP mode file for STMicroelectronics.X-CUBE-TOF1.3.1.0
2022-11-07 23:44:39,779 [WARN] PackLoader:242 - Cannot read IP mode file for STMicroelectronics.X-CUBE-SFXS2LP1.3.1.0
2022-11-07 23:44:39,802 [WARN] PackLoader:242 - Cannot read IP mode file for STMicroelectronics.X-CUBE-AZRTOS-F4.1.0.0
2022-11-07 23:44:39,809 [WARN] PackLoader:242 - Cannot read IP mode file for STMicroelectronics.X-CUBE-NFC7.1.0.0
2022-11-07 23:44:39,817 [WARN] PackLoader:242 - Cannot read IP mode file for STMicroelectronics.X-CUBE-SUBG2.4.2.0
2022-11-07 23:44:39,864 [WARN] PackLoader:242 - Cannot read IP mode file for STMicroelectronics.X-CUBE-MEMS1.9.3.0
2022-11-07 23:44:40,028 [WARN] PackLoader:242 - Cannot read IP mode file for STMicroelectronics.X-CUBE-AI.7.2.0
2022-11-07 23:44:40,046 [WARN] PackLoader:242 - Cannot read IP mode file for STMicroelectronics.X-CUBE-AZRTOS-G0.1.0.0
2022-11-07 23:44:40,056 [WARN] PackLoader:242 - Cannot read IP mode file for STMicroelectronics.X-CUBE-SFXS2LP1.4.0.0
2022-11-07 23:44:40,062 [WARN] PackLoader:242 - Cannot read IP mode file for STMicroelectronics.X-CUBE-BLE2.3.3.0
2022-11-07 23:44:40,072 [WARN] PackLoader:242 - Cannot read IP mode file for STMicroelectronics.X-CUBE-DISPLAY.2.2.0
2022-11-07 23:44:40,115 [WARN] PackLoader:242 - Cannot read IP mode file for STMicroelectronics.X-CUBE-TOF1.3.2.0
2022-11-07 23:44:40,125 [WARN] PackLoader:242 - Cannot read IP mode file for STMicroelectronics.X-CUBE-TOUCHGFX.4.18.1
2022-11-07 23:44:40,129 [WARN] PackLoader:242 - Cannot read IP mode file for STMicroelectronics.X-CUBE-ISPU.1.0.0
2022-11-07 23:44:40,138 [WARN] PackLoader:242 - Cannot read IP mode file for RoweBots.I-CUBE-UNISONRTOS.5.5.0-4
2022-11-07 23:44:40,158 [WARN] PackLoader:242 - Cannot read IP mode file for STMicroelectronics.X-CUBE-AZRTOS-H7.2.1.0
2022-11-07 23:44:40,172 [WARN] PackLoader:242 - Cannot read IP mode file for STMicroelectronics.X-CUBE-BLEMGR.1.0.0
2022-11-07 23:44:40,178 [WARN] PackLoader:242 - Cannot read IP mode file for STMicroelectronics.X-CUBE-ALGOBUILD.1.3.0
2022-11-07 23:44:40,193 [WARN] PackLoader:242 - Cannot read IP mode file for STMicroelectronics.X-CUBE-AZRTOS-G0.1.1.0
2022-11-07 23:44:40,206 [WARN] PackLoader:242 - Cannot read IP mode file for STMicroelectronics.X-CUBE-SUBG2.5.0.0
2022-11-07 23:44:40,263 [WARN] PackLoader:242 - Cannot read IP mode file for SEGGER.I-CUBE-embOS.1.2.0
2022-11-07 23:44:40,300 [WARN] PackLoader:242 - Cannot read IP mode file for STMicroelectronics.FP-ATR-ASTRA1.1.1.1
2022-11-07 23:44:40,319 [WARN] PackLoader:242 - Cannot read IP mode file for STMicroelectronics.X-CUBE-AZRTOS-H7.2.0.0
2022-11-07 23:44:40,332 [WARN] PackLoader:242 - Cannot read IP mode file for STMicroelectronics.X-CUBE-AZRTOS-G4.1.0.0
2022-11-07 23:44:40,338 [WARN] PackLoader:242 - Cannot read IP mode file for STMicroelectronics.FP-ATR-SIGFOX1.3.2.0
2022-11-07 23:44:40,359 [WARN] PackLoader:242 - Cannot read IP mode file for STMicroelectronics.X-CUBE-AZRTOS-L4.1.0.0
2022-11-07 23:44:40,368 [WARN] PackLoader:242 - Cannot read IP mode file for emotas.I-CUBE-CANOPEN.1.1.2
2022-11-07 23:44:40,370 [WARN] PackLoader:242 - Cannot read IP mode file for STMicroelectronics.X-CUBE-TOUCHGFX.4.20.0
2022-11-07 23:44:40,381 [WARN] PackLoader:242 - Cannot read IP mode file for STMicroelectronics.X-CUBE-AZRTOS-F7.1.0.0
2022-11-07 23:44:40,390 [WARN] PackLoader:242 - Cannot read IP mode file for STMicroelectronics.X-CUBE-AZRTOS-WL.1.0.0
2022-11-07 23:44:40,424 [WARN] PackLoader:242 - Cannot read IP mode file for STMicroelectronics.X-CUBE-MEMS1.9.1.0
2022-11-07 23:44:40,541 [WARN] PackLoader:242 - Cannot read IP mode file for portGmbH.I-Cube-SoM-uGOAL.1.1.0
2022-11-07 23:44:40,545 [WARN] PackLoader:242 - Cannot read IP mode file for STMicroelectronics.X-CUBE-ALS.1.0.1
2022-11-07 23:44:40,569 [WARN] PackLoader:242 - Cannot read IP mode file for STMicroelectronics.X-CUBE-AZRTOS-L5.1.0.0
2022-11-07 23:44:40,577 [WARN] PackLoader:242 - Cannot read IP mode file for STMicroelectronics.X-CUBE-EEPRMA1.3.1.1
2022-11-07 23:44:40,583 [WARN] PackLoader:242 - Cannot read IP mode file for STMicroelectronics.X-CUBE-GNSS1.5.2.0
2022-11-07 23:44:40,588 [WARN] PackLoader:242 - Cannot read IP mode file for STMicroelectronics.X-CUBE-DISPLAY.2.0.1
2022-11-07 23:44:40,595 [WARN] PackLoader:242 - Cannot read IP mode file for STMicroelectronics.X-CUBE-TOF1.3.0.0
2022-11-07 23:44:40,598 [INFO] ThirdParty:929 - Integrity check success = true
2022-11-07 23:44:40,599 [INFO] IntegrityCheckThread:98 - exiting critical section [integrity check]
2022-11-07 23:44:40,599 [INFO] IntegrityCheckThread:101 - End integrity checks thread
2022-11-07 23:44:40,599 [INFO] ThirdParty:829 - entering critical section [close project]
2022-11-07 23:44:40,600 [INFO] ThirdParty:839 - exiting critical section [close project]
2022-11-07 23:44:40,608 [INFO] PinOutPanel:1468 - setPackage(No Configuration,No Configuration)
2022-11-07 23:44:40,615 [INFO] UtilMem:74 - Begin LoadConfig() Used Memory: 416543448 Bytes (471859200)
2022-11-07 23:44:40,616 [INFO] MicroXplorer:451 - Change Database Path : 
2022-11-07 23:44:40,616 [INFO] MicroXplorer:481 - Change Database Version : DB.6.0.60
2022-11-07 23:44:40,617 [INFO] OpenFileManager:307 - Change cursor
2022-11-07 23:44:40,650 [INFO] Mcu:1922 - Initializing MCU STM32F103C(8-B)Tx STM32F103C8Tx STM32F103C8T6
2022-11-07 23:44:41,475 [INFO] Context:654 - Trying to add GPIOservice into a context  which must be forbidden
2022-11-07 23:44:41,828 [WARN] ApiManager:308 - Cannot register API 'Board Extension:GNSS1A1' from pack STMicroelectronics.X-CUBE-GNSS1.6.0.0: no header file found
2022-11-07 23:44:41,828 [WARN] ApiManager:308 - Cannot register API 'Board Support:Custom' from pack STMicroelectronics.X-CUBE-GNSS1.6.0.0: no header file found
2022-11-07 23:44:41,828 [WARN] ApiManager:308 - Cannot register API 'Data Exchange:lib_gnss' from pack STMicroelectronics.X-CUBE-GNSS1.6.0.0: no header file found
2022-11-07 23:44:41,841 [WARN] ApiManager:308 - Cannot register API 'Wireless:BlueNRG-MS' from pack STMicroelectronics.X-CUBE-BLE1.6.2.3: no header file found
2022-11-07 23:44:41,843 [INFO] RtosManager:488 - Registered RTOS mode: class=CMSIS, group=RTOS, mode=CMSIS_V1, owner=FREERTOS
2022-11-07 23:44:41,843 [INFO] RtosManager:488 - Registered RTOS mode: class=CMSIS, group=RTOS2, mode=CMSIS_V2, owner=FREERTOS
2022-11-07 23:44:41,843 [INFO] RtosManager:488 - Registered RTOS mode: class=RTOS, group=Core, mode=CMSIS_V1, owner=FREERTOS
2022-11-07 23:44:41,843 [INFO] RtosManager:488 - Registered RTOS mode: class=RTOS, group=Core, mode=CMSIS_V2, owner=FREERTOS
2022-11-07 23:44:41,844 [WARN] ModelIntegratedComponent:185 - Missing modes for component STMicroelectronics:FreeRTOS:0.0.1:STMicroelectronics:RTOS:FreeRTOS:Core:::10.2.0:
2022-11-07 23:44:41,848 [WARN] ApiManager:308 - Cannot register API 'Board Extension:S2868A1' from pack STMicroelectronics.X-CUBE-SUBG2.5.0.0: no header file found
2022-11-07 23:44:41,848 [WARN] ApiManager:308 - Cannot register API 'Board Extension:S2868A2' from pack STMicroelectronics.X-CUBE-SUBG2.5.0.0: no header file found
2022-11-07 23:44:41,848 [WARN] ApiManager:308 - Cannot register API 'Board Extension:S2915A1' from pack STMicroelectronics.X-CUBE-SUBG2.5.0.0: no header file found
2022-11-07 23:44:41,852 [WARN] ApiManager:308 - Cannot register API 'Wireless:BlueNRG-MS' from pack STMicroelectronics.X-CUBE-BLE1.6.2.2: no header file found
2022-11-07 23:44:41,853 [WARN] ApiManager:308 - Cannot register API 'Board Extension:NFC04A1' from pack STMicroelectronics.X-CUBE-NFC4.2.0.4: no header file found
2022-11-07 23:44:41,853 [WARN] ApiManager:308 - Cannot register API 'Wireless:BlueNRG-2' from pack STMicroelectronics.X-CUBE-BLE2.3.2.2: no header file found
2022-11-07 23:44:41,854 [WARN] ApiManager:308 - Cannot register API 'Board Extension:NFC04A1' from pack STMicroelectronics.X-CUBE-NFC4.2.0.3: no header file found
2022-11-07 23:44:41,857 [WARN] ApiManager:308 - Cannot register API 'Board Extension:S2868A1' from pack STMicroelectronics.X-CUBE-SFXS2LP1.3.1.0: no header file found
2022-11-07 23:44:41,857 [WARN] ApiManager:308 - Cannot register API 'Board Extension:S2868A2' from pack STMicroelectronics.X-CUBE-SFXS2LP1.3.1.0: no header file found
2022-11-07 23:44:41,857 [WARN] ApiManager:308 - Cannot register API 'Board Extension:S2915A1' from pack STMicroelectronics.X-CUBE-SFXS2LP1.3.1.0: no header file found
2022-11-07 23:44:41,862 [WARN] ModelIntegratedComponent:64 - No mode defined for component null
2022-11-07 23:44:41,862 [WARN] ModelIntegratedComponent:64 - No mode defined for component null
2022-11-07 23:44:41,862 [WARN] ModelIntegratedComponent:64 - No mode defined for component null
2022-11-07 23:44:41,862 [WARN] ModelIntegratedComponent:64 - No mode defined for component null
2022-11-07 23:44:41,862 [WARN] ModelIntegratedComponent:64 - No mode defined for component null
2022-11-07 23:44:41,862 [WARN] ModelIntegratedComponent:64 - No mode defined for component null
2022-11-07 23:44:41,862 [WARN] ModelIntegratedComponent:64 - No mode defined for component null
2022-11-07 23:44:41,862 [WARN] ModelIntegratedComponent:64 - No mode defined for component null
2022-11-07 23:44:41,862 [WARN] ModelIntegratedComponent:64 - No mode defined for component null
2022-11-07 23:44:41,863 [WARN] ModelIntegratedComponent:64 - No mode defined for component null
2022-11-07 23:44:41,863 [WARN] ModelIntegratedComponent:64 - No mode defined for component null
2022-11-07 23:44:41,863 [WARN] ModelIntegratedComponent:64 - No mode defined for component null
2022-11-07 23:44:41,863 [WARN] ModelIntegratedComponent:64 - No mode defined for component null
2022-11-07 23:44:41,863 [WARN] ModelIntegratedComponent:64 - No mode defined for component null
2022-11-07 23:44:41,863 [WARN] ModelIntegratedComponent:64 - No mode defined for component null
2022-11-07 23:44:41,863 [WARN] ModelIntegratedComponent:64 - No mode defined for component null
2022-11-07 23:44:41,863 [WARN] ModelIntegratedComponent:64 - No mode defined for component null
2022-11-07 23:44:41,863 [WARN] ModelIntegratedComponent:64 - No mode defined for component null
2022-11-07 23:44:41,863 [WARN] ModelIntegratedComponent:64 - No mode defined for component null
2022-11-07 23:44:41,863 [WARN] ModelIntegratedComponent:64 - No mode defined for component null
2022-11-07 23:44:41,863 [WARN] ModelIntegratedComponent:64 - No mode defined for component null
2022-11-07 23:44:41,863 [WARN] ModelIntegratedComponent:64 - No mode defined for component null
2022-11-07 23:44:41,863 [WARN] ModelIntegratedComponent:64 - No mode defined for component null
2022-11-07 23:44:41,863 [WARN] ModelIntegratedComponent:64 - No mode defined for component null
2022-11-07 23:44:41,863 [WARN] ModelIntegratedComponent:64 - No mode defined for component null
2022-11-07 23:44:41,864 [WARN] ModelIntegratedComponent:64 - No mode defined for component null
2022-11-07 23:44:41,864 [WARN] ModelIntegratedComponent:64 - No mode defined for component null
2022-11-07 23:44:41,864 [WARN] ModelIntegratedComponent:64 - No mode defined for component null
2022-11-07 23:44:41,864 [WARN] ModelIntegratedComponent:64 - No mode defined for component null
2022-11-07 23:44:41,864 [WARN] ModelIntegratedComponent:64 - No mode defined for component null
2022-11-07 23:44:41,864 [WARN] ModelIntegratedComponent:64 - No mode defined for component null
2022-11-07 23:44:41,864 [WARN] ModelIntegratedComponent:64 - No mode defined for component null
2022-11-07 23:44:41,864 [WARN] ModelIntegratedComponent:64 - No mode defined for component null
2022-11-07 23:44:41,866 [WARN] ApiManager:308 - Cannot register API 'Board Extension:NFC07A1' from pack STMicroelectronics.X-CUBE-NFC7.1.0.0: no header file found
2022-11-07 23:44:41,872 [WARN] ApiManager:308 - Cannot register API 'Board Extension:S2868A1' from pack STMicroelectronics.X-CUBE-SUBG2.4.2.0: no header file found
2022-11-07 23:44:41,872 [WARN] ApiManager:308 - Cannot register API 'Board Extension:S2868A2' from pack STMicroelectronics.X-CUBE-SUBG2.4.2.0: no header file found
2022-11-07 23:44:41,872 [WARN] ApiManager:308 - Cannot register API 'Board Extension:S2915A1' from pack STMicroelectronics.X-CUBE-SUBG2.4.2.0: no header file found
2022-11-07 23:44:41,956 [WARN] ApiManager:308 - Cannot register API 'Board Extension:IKS01A3' from pack STMicroelectronics.X-CUBE-MEMS1.9.1.0: no header file found
2022-11-07 23:44:41,956 [WARN] ApiManager:308 - Cannot register API 'Board Extension:IKS01A2' from pack STMicroelectronics.X-CUBE-MEMS1.9.1.0: no header file found
2022-11-07 23:44:41,956 [WARN] ApiManager:308 - Cannot register API 'Board Extension:IKS02A1' from pack STMicroelectronics.X-CUBE-MEMS1.9.1.0: no header file found
2022-11-07 23:44:42,024 [WARN] ApiManager:308 - Cannot register API 'Board Extension:IKS01A3' from pack STMicroelectronics.X-CUBE-MEMS1.9.3.0: no header file found
2022-11-07 23:44:42,025 [WARN] ApiManager:308 - Cannot register API 'Board Extension:IKS01A2' from pack STMicroelectronics.X-CUBE-MEMS1.9.3.0: no header file found
2022-11-07 23:44:42,025 [WARN] ApiManager:308 - Cannot register API 'Board Extension:IKS02A1' from pack STMicroelectronics.X-CUBE-MEMS1.9.3.0: no header file found
2022-11-07 23:44:42,030 [WARN] ApiManager:308 - Cannot register API 'Board Extension:EEPRMA1' from pack STMicroelectronics.X-CUBE-EEPRMA1.3.1.1: no header file found
2022-11-07 23:44:42,031 [WARN] ApiManager:308 - Cannot register API 'Board Extension:EEPRMA2' from pack STMicroelectronics.X-CUBE-EEPRMA1.3.1.1: no header file found
2022-11-07 23:44:42,031 [WARN] ApiManager:308 - Cannot register API 'Board Extension:GNSS1A1' from pack STMicroelectronics.X-CUBE-GNSS1.5.2.0: no header file found
2022-11-07 23:44:42,031 [WARN] ApiManager:308 - Cannot register API 'Board Support:Custom' from pack STMicroelectronics.X-CUBE-GNSS1.5.2.0: no header file found
2022-11-07 23:44:42,032 [WARN] ApiManager:308 - Cannot register API 'Data Exchange:lib_gnss' from pack STMicroelectronics.X-CUBE-GNSS1.5.2.0: no header file found
2022-11-07 23:44:42,032 [WARN] ApiManager:308 - Cannot register API 'Board Extension:S2868A1' from pack STMicroelectronics.X-CUBE-SFXS2LP1.4.0.0: no header file found
2022-11-07 23:44:42,032 [WARN] ApiManager:308 - Cannot register API 'Board Extension:S2868A2' from pack STMicroelectronics.X-CUBE-SFXS2LP1.4.0.0: no header file found
2022-11-07 23:44:42,032 [WARN] ApiManager:308 - Cannot register API 'Board Extension:S2915A1' from pack STMicroelectronics.X-CUBE-SFXS2LP1.4.0.0: no header file found
2022-11-07 23:44:42,033 [WARN] ApiManager:308 - Cannot register API 'Wireless:BlueNRG-2' from pack STMicroelectronics.X-CUBE-BLE2.3.3.0: no header file found
2022-11-07 23:44:42,059 [INFO] ThirdPartyModel:289 - Start build external matchings
2022-11-07 23:44:42,412 [INFO] ThirdPartyModel:302 - End build external matchings
2022-11-07 23:44:42,430 [INFO] ImportTextPane:193 - (OptionalMessage_ERROR) IP (RCC) : Parameter (ADCFreqValue) has invalid value (36000000)
2022-11-07 23:44:42,431 [INFO] ImportTextPane:193 - (OptionalMessage_ERROR) IP (RCC) : Invalid parameter (FamilyName)
2022-11-07 23:44:42,431 [INFO] ImportTextPane:193 - (OptionalMessage_ERROR) IP (RCC) : Parameter (MCOFreq_Value) has invalid value (72000000)
2022-11-07 23:44:42,432 [INFO] ImportTextPane:193 - (OptionalMessage_ERROR) IP (RCC) : Parameter (USBFreq_Value) has invalid value (72000000)
2022-11-07 23:44:42,615 [INFO] UtilMem:74 - End LoadConfig() Used Memory: 408081880 Bytes (589299712)
2022-11-07 23:44:42,748 [INFO] ApiDb:576 - Connected to CubeFinder SQLite database (C:\Users\Zver\.stmcufinder\plugins\mcufinder\mcu\cube-finder-db.db)
2022-11-07 23:44:42,767 [INFO] ApiDb:663 - CubeFinder database Data Model version=2.1
2022-11-07 23:44:42,767 [INFO] ApiDb:664 - CubeFinder database Configuration version=3.0.32
2022-11-07 23:44:42,767 [INFO] ApiDb:665 - CubeFinder database generation date=2022-08-05 (1659688109)
2022-11-07 23:44:42,767 [INFO] ApiDb:666 - CubeFinder database FW Pack versions=[STM32Cube_FW_C0_V1.0.0, STM32Cube_FW_F4_V1.27.1, STM32Cube_FW_F7_V1.17.0, STM32Cube_FW_G0_V1.6.1, STM32Cube_FW_G4_V1.5.0, STM32Cube_FW_H7_V1.10.0, STM32Cube_FW_L5_V1.4.0, STM32Cube_FW_U5_V1.1.1, STM32Cube_FW_WB_V1.14.1, STM32Cube_FW_WL_V1.2.0, X-CUBE-ALGOBUILD_V1.3.0, X-CUBE-ALS_V1.0.1, X-CUBE-AZRTOS-F4_V1.1.0, X-CUBE-AZRTOS-F7_V1.1.0, X-CUBE-AZRTOS-G0_V1.1.0, X-CUBE-AZRTOS-G4_V1.0.0, X-CUBE-AZRTOS-H7_V2.1.0, X-CUBE-AZRTOS-L4_V1.0.0, X-CUBE-AZRTOS-L5_V1.0.0, X-CUBE-AZRTOS-WL_V1.0.0, X-CUBE-BLE1_V6.2.3, X-CUBE-BLE2_V3.3.0, X-CUBE-EEPRMA1_V3.1.1, X-CUBE-GNSS1_V6.0.0, X-CUBE-MEMS1_V9.1.0, X-CUBE-MEMS1_V9.3.0, X-CUBE-NFC4_V2.0.4, X-CUBE-NFC7_V1.0.0, X-CUBE-SFXS2LP1_V4.0.0, X-CUBE-SUBG2_V5.0.0]
2022-11-07 23:44:44,268 [INFO] ApiDb:239 - Found 138 in-development CPN: [B-WB1M-WPAN1, NUCLEO-C031C6, STEVAL-STWINBX1, STM320518-EVAL, STM32C0116-DK, STM32C011D6Y3TR, STM32C011D6Y6TR, STM32C011F4P3, STM32C011F4P6, STM32C011F4U3, STM32C011F4U6TR, STM32C011F6P3, STM32C011F6P6, STM32C011F6U3, STM32C011F6U6TR, STM32C011J4M3, STM32C011J4M6, STM32C011J6M3, STM32C011J6M6, STM32C0316-DK, STM32C031C4T3, STM32C031C4T6, STM32C031C4U3, STM32C031C4U6, STM32C031C6T3, STM32C031C6T6, STM32C031C6U3, STM32C031C6U6, STM32C031F4P3, STM32C031F4P6, STM32C031F6P3, STM32C031F6P6, STM32C031G4U3, STM32C031G4U6, STM32C031G6U3, STM32C031G6U6, STM32C031K4T3, STM32C031K4T6, STM32C031K4U3, STM32C031K4U6, STM32C031K6T3, STM32C031K6T6, STM32C031K6U3, STM32C031K6U6, STM32G071K8TXN, STM32G071K8UXN, STM32G081GBU6N, STM32G081KBT6N, STM32G081KBUXN, STM32G0B1CCT6N, STM32G0B1KCT6, STM32G0B1NEY6TR, STM32G0B1RCT6N, STM32G0C1CCT6, STM32G0C1CCT6N, STM32G0C1CCU6N, STM32G0C1CET6N, STM32G0C1CEU6N, STM32G0C1KCT6, STM32G0C1NEY6TR, STM32G0C1RCI6N, STM32G0C1RCT6N, STM32G0C1REI6N, STM32G0C1RET6N, STM32G0C1VCI6, STM32G0C1VEI6, STM32G471CCT6, STM32G471CCU6, STM32G471CET3, STM32G471CET6, STM32G471CEU3, STM32G471CEU6, STM32G471MCT6, STM32G471MET3, STM32G471MET6, STM32G471MEY6TR, STM32G471QCT6, STM32G471QET3, STM32G471RCT6, STM32G471RET3, STM32G471RET6, STM32G471VCH6, STM32G471VCI6, STM32G471VCT6, STM32G471VEH3, STM32G471VEH6, STM32G471VEI3, STM32G471VEI6, STM32G471VET3, STM32G471VET6, STM32G474CCT6, STM32L476VGY6PTR, STM32L4R5QGI6STR, STM32MP131AAE3, STM32MP131AAF3, STM32MP131AAG3, STM32MP131CAE3, STM32MP131CAF3, STM32MP131CAG3, STM32MP131DAE7, STM32MP131DAF7, STM32MP131DAG7, STM32MP131FAE7, STM32MP131FAF7, STM32MP131FAG7, STM32MP133AAE3, STM32MP133AAF3, STM32MP133AAG3, STM32MP133CAE3, STM32MP133CAF3, STM32MP133CAG3, STM32MP133DAE7, STM32MP133DAF7, STM32MP133DAG7, STM32MP133FAE7, STM32MP133FAF7, STM32MP133FAG7, STM32MP135AAE3, STM32MP135AAF3, STM32MP135AAG3, STM32MP135CAE3, STM32MP135CAF3, STM32MP135CAG3, STM32MP135DAE7, STM32MP135DAF7, STM32MP135DAG7, STM32MP135F-DK, STM32MP135FAE7, STM32MP135FAF7, STM32MP135FAG7, STM32U595ZJT6Q, STM32U599BJY6QTR, STM32U599NIH6Q, STM32U599NJH6Q, STM32U5A5ZJT6Q, STM32U5A9BJY6QTR, STM32U5A9NJH6Q, STM32WB1MMCH6]
2022-11-07 23:44:44,271 [INFO] DbMcus:215 - Found 3542 MCUs, 3542 are supported
2022-11-07 23:44:44,273 [INFO] ApiDb:418 - Load user favorites file C:\Users\Zver/.stm32cubeide/favorites.mcus.txt: 1 item(s)
2022-11-07 23:44:44,273 [INFO] ApiDb:422 - User favorites MCUs=[STM32F103C8T6]
2022-11-07 23:44:44,273 [INFO] DbMcus:221 - Set 1 / 1 favorites MCUs
2022-11-07 23:44:44,286 [WARN] ThirdParty:789 - waiting for thirdparty lock release [change project]
2022-11-07 23:44:44,286 [INFO] ThirdParty:791 - entering critical section [change project]
2022-11-07 23:44:44,287 [INFO] ThirdParty:981 - CMSIS Pack Vendor :wolfSSL I-CUBE-wolfSSL 5.2.0
2022-11-07 23:44:44,287 [INFO] ThirdParty:981 - CMSIS Pack Vendor :RoweBots I-CUBE-UNISONRTOS 5.5.0-4
2022-11-07 23:44:44,287 [INFO] ThirdParty:981 - CMSIS Pack Vendor :STMicroelectronics X-CUBE-GNSS1 6.0.0
2022-11-07 23:44:44,287 [INFO] ThirdParty:981 - CMSIS Pack Vendor :STMicroelectronics X-CUBE-AZRTOS-H7 2.1.0
2022-11-07 23:44:44,287 [INFO] ThirdParty:981 - CMSIS Pack Vendor :STMicroelectronics USB_HOST 2.0.0
2022-11-07 23:44:44,287 [INFO] ThirdParty:981 - CMSIS Pack Vendor :STMicroelectronics X-CUBE-AZRTOS-F4 1.1.0
2022-11-07 23:44:44,287 [INFO] ThirdParty:981 - CMSIS Pack Vendor :STMicroelectronics LIBJPEG 8.0.0
2022-11-07 23:44:44,287 [INFO] ThirdParty:981 - CMSIS Pack Vendor :STMicroelectronics USB_DEVICE 3.0.0
2022-11-07 23:44:44,287 [INFO] ThirdParty:981 - CMSIS Pack Vendor :STMicroelectronics X-CUBE-BLEMGR 1.0.0
2022-11-07 23:44:44,287 [INFO] ThirdParty:981 - CMSIS Pack Vendor :STMicroelectronics X-CUBE-BLEMGR 1.2.0
2022-11-07 23:44:44,287 [INFO] ThirdParty:981 - CMSIS Pack Vendor :STMicroelectronics X-CUBE-AZRTOS-F7 1.1.0
2022-11-07 23:44:44,287 [INFO] ThirdParty:981 - CMSIS Pack Vendor :STMicroelectronics USB_DEVICE 2.0.0
2022-11-07 23:44:44,287 [INFO] ThirdParty:981 - CMSIS Pack Vendor :STMicroelectronics X-CUBE-AI 7.1.0
2022-11-07 23:44:44,287 [INFO] ThirdParty:981 - CMSIS Pack Vendor :STMicroelectronics X-CUBE-BLE1 6.2.3
2022-11-07 23:44:44,287 [INFO] ThirdParty:981 - CMSIS Pack Vendor :STMicroelectronics X-CUBE-ALGOBUILD 1.3.0
2022-11-07 23:44:44,287 [INFO] ThirdParty:981 - CMSIS Pack Vendor :STMicroelectronics FreeRTOS 0.0.1
2022-11-07 23:44:44,287 [INFO] ThirdParty:981 - CMSIS Pack Vendor :STMicroelectronics X-CUBE-AZRTOS-G0 1.1.0
2022-11-07 23:44:44,287 [INFO] ThirdParty:981 - CMSIS Pack Vendor :STMicroelectronics X-CUBE-SUBG2 5.0.0
2022-11-07 23:44:44,287 [INFO] ThirdParty:981 - CMSIS Pack Vendor :SEGGER I-CUBE-embOS 1.2.0
2022-11-07 23:44:44,287 [INFO] ThirdParty:981 - CMSIS Pack Vendor :STMicroelectronics STM32_WPAN 1.0.0
2022-11-07 23:44:44,287 [INFO] ThirdParty:981 - CMSIS Pack Vendor :STMicroelectronics lwIP 2.0.3
2022-11-07 23:44:44,287 [INFO] ThirdParty:981 - CMSIS Pack Vendor :STMicroelectronics X-CUBE-BLE1 6.2.2
2022-11-07 23:44:44,287 [INFO] ThirdParty:981 - CMSIS Pack Vendor :STMicroelectronics X-CUBE-NFC4 2.0.4
2022-11-07 23:44:44,288 [INFO] ThirdParty:981 - CMSIS Pack Vendor :STMicroelectronics X-CUBE-BLE2 3.2.2
2022-11-07 23:44:44,288 [INFO] ThirdParty:981 - CMSIS Pack Vendor :STMicroelectronics USB_HOST 1.0.0
2022-11-07 23:44:44,288 [INFO] ThirdParty:981 - CMSIS Pack Vendor :STMicroelectronics X-CUBE-NFC4 2.0.3
2022-11-07 23:44:44,288 [INFO] ThirdParty:981 - CMSIS Pack Vendor :STMicroelectronics PDM2PCM 3.1.0
2022-11-07 23:44:44,288 [INFO] ThirdParty:981 - CMSIS Pack Vendor :STMicroelectronics FP-ATR-ASTRA1 1.1.1
2022-11-07 23:44:44,288 [INFO] ThirdParty:981 - CMSIS Pack Vendor :STMicroelectronics PDM2PCM 3.3.0
2022-11-07 23:44:44,288 [INFO] ThirdParty:981 - CMSIS Pack Vendor :STMicroelectronics X-CUBE-TOF1 3.1.0
2022-11-07 23:44:44,288 [INFO] ThirdParty:981 - CMSIS Pack Vendor :STMicroelectronics X-CUBE-SFXS2LP1 3.1.0
2022-11-07 23:44:44,288 [INFO] ThirdParty:981 - CMSIS Pack Vendor :STMicroelectronics X-CUBE-AZRTOS-F4 1.0.0
2022-11-07 23:44:44,288 [INFO] ThirdParty:981 - CMSIS Pack Vendor :STMicroelectronics X-CUBE-AZRTOS-H7 2.0.0
2022-11-07 23:44:44,288 [INFO] ThirdParty:981 - CMSIS Pack Vendor :STMicroelectronics X-CUBE-AZRTOS-G4 1.0.0
2022-11-07 23:44:44,288 [INFO] ThirdParty:981 - CMSIS Pack Vendor :STMicroelectronics FP-ATR-SIGFOX1 3.2.0
2022-11-07 23:44:44,288 [INFO] ThirdParty:981 - CMSIS Pack Vendor :STMicroelectronics X-CUBE-AZRTOS-L4 1.0.0
2022-11-07 23:44:44,288 [INFO] ThirdParty:981 - CMSIS Pack Vendor :STMicroelectronics HAL Drivers 0.0.0
2022-11-07 23:44:44,288 [INFO] ThirdParty:981 - CMSIS Pack Vendor :STMicroelectronics MBEDTLS 2.16.2
2022-11-07 23:44:44,288 [INFO] ThirdParty:981 - CMSIS Pack Vendor :emotas I-CUBE-CANOPEN 1.1.2
2022-11-07 23:44:44,288 [INFO] ThirdParty:981 - CMSIS Pack Vendor :STMicroelectronics X-CUBE-TOUCHGFX 4.20.0
2022-11-07 23:44:44,288 [INFO] ThirdParty:981 - CMSIS Pack Vendor :STMicroelectronics MBEDTLS 2.14.1
2022-11-07 23:44:44,288 [INFO] ThirdParty:981 - CMSIS Pack Vendor :STMicroelectronics X-CUBE-NFC7 1.0.0
2022-11-07 23:44:44,288 [INFO] ThirdParty:981 - CMSIS Pack Vendor :STMicroelectronics X-CUBE-AZRTOS-F7 1.0.0
2022-11-07 23:44:44,289 [INFO] ThirdParty:981 - CMSIS Pack Vendor :STMicroelectronics X-CUBE-AZRTOS-WL 1.0.0
2022-11-07 23:44:44,289 [INFO] ThirdParty:981 - CMSIS Pack Vendor :STMicroelectronics X-CUBE-SUBG2 4.2.0
2022-11-07 23:44:44,289 [INFO] ThirdParty:981 - CMSIS Pack Vendor :STMicroelectronics X-CUBE-MEMS1 9.1.0
2022-11-07 23:44:44,289 [INFO] ThirdParty:981 - CMSIS Pack Vendor :STMicroelectronics X-CUBE-MEMS1 9.3.0
2022-11-07 23:44:44,289 [INFO] ThirdParty:981 - CMSIS Pack Vendor :portGmbH I-Cube-SoM-uGOAL 1.1.0
2022-11-07 23:44:44,289 [INFO] ThirdParty:981 - CMSIS Pack Vendor :STMicroelectronics X-CUBE-ALS 1.0.1
2022-11-07 23:44:44,289 [INFO] ThirdParty:981 - CMSIS Pack Vendor :STMicroelectronics X-CUBE-AI 7.2.0
2022-11-07 23:44:44,289 [INFO] ThirdParty:981 - CMSIS Pack Vendor :STMicroelectronics ThreadX 1.0.0
2022-11-07 23:44:44,289 [INFO] ThirdParty:981 - CMSIS Pack Vendor :STMicroelectronics X-CUBE-AZRTOS-L5 1.0.0
2022-11-07 23:44:44,289 [INFO] ThirdParty:981 - CMSIS Pack Vendor :STMicroelectronics USB_DEVICE 1.0.0
2022-11-07 23:44:44,289 [INFO] ThirdParty:981 - CMSIS Pack Vendor :STMicroelectronics X-CUBE-AZRTOS-G0 1.0.0
2022-11-07 23:44:44,289 [INFO] ThirdParty:981 - CMSIS Pack Vendor :STMicroelectronics X-CUBE-EEPRMA1 3.1.1
2022-11-07 23:44:44,289 [INFO] ThirdParty:981 - CMSIS Pack Vendor :STMicroelectronics X-CUBE-GNSS1 5.2.0
2022-11-07 23:44:44,289 [INFO] ThirdParty:981 - CMSIS Pack Vendor :STMicroelectronics ThreadX 0.0.2
2022-11-07 23:44:44,289 [INFO] ThirdParty:981 - CMSIS Pack Vendor :STMicroelectronics lwIP 2.1.2
2022-11-07 23:44:44,289 [INFO] ThirdParty:981 - CMSIS Pack Vendor :STMicroelectronics X-CUBE-SFXS2LP1 4.0.0
2022-11-07 23:44:44,289 [INFO] ThirdParty:981 - CMSIS Pack Vendor :STMicroelectronics X-CUBE-BLE2 3.3.0
2022-11-07 23:44:44,289 [INFO] ThirdParty:981 - CMSIS Pack Vendor :STMicroelectronics X-CUBE-DISPLAY 2.0.1
2022-11-07 23:44:44,289 [INFO] ThirdParty:981 - CMSIS Pack Vendor :STMicroelectronics X-CUBE-DISPLAY 2.2.0
2022-11-07 23:44:44,289 [INFO] ThirdParty:981 - CMSIS Pack Vendor :STMicroelectronics X-CUBE-TOF1 3.2.0
2022-11-07 23:44:44,289 [INFO] ThirdParty:981 - CMSIS Pack Vendor :STMicroelectronics PDM2PCM 3.2.0
2022-11-07 23:44:44,289 [INFO] ThirdParty:981 - CMSIS Pack Vendor :STMicroelectronics X-CUBE-TOUCHGFX 4.18.1
2022-11-07 23:44:44,289 [INFO] ThirdParty:981 - CMSIS Pack Vendor :STMicroelectronics X-CUBE-TOF1 3.0.0
2022-11-07 23:44:44,289 [INFO] ThirdParty:981 - CMSIS Pack Vendor :STMicroelectronics X-CUBE-ISPU 1.0.0
2022-11-07 23:44:44,289 [INFO] ThirdParty:797 - exiting critical section [change project]
2022-11-07 23:44:44,549 [INFO] PinOutPanel:1468 - setPackage(No Configuration,No Configuration)
2022-11-07 23:44:44,550 [INFO] PinOutPanel:1468 - setPackage(STM32F103C8Tx,LQFP48)
2022-11-07 23:44:45,078 [INFO] UtilMem:74 - Before build in PCC Used Memory: 486489704 Bytes (589299712)
2022-11-07 23:44:46,094 [INFO] UtilMem:74 - After build in PCC Used Memory: 439205536 Bytes (589299712)
2022-11-07 23:44:46,117 [INFO] IPUIPlugin:79 - create IPUIPlugin
2022-11-07 23:44:46,117 [INFO] IPUIPlugin:79 - create IPUIPlugin
2022-11-07 23:44:46,117 [INFO] IPUIPlugin:79 - create IPUIPlugin
2022-11-07 23:44:46,117 [INFO] IPUIPlugin:79 - create IPUIPlugin
2022-11-07 23:44:46,118 [INFO] IPUIPlugin:79 - create IPUIPlugin
2022-11-07 23:44:46,118 [INFO] IPUIPlugin:79 - create IPUIPlugin
2022-11-07 23:44:46,118 [INFO] IPUIPlugin:79 - create IPUIPlugin
2022-11-07 23:44:46,118 [INFO] IPUIPlugin:79 - create IPUIPlugin
2022-11-07 23:44:46,118 [INFO] IPUIPlugin:79 - create IPUIPlugin
2022-11-07 23:44:46,119 [INFO] IPUIPlugin:79 - create IPUIPlugin
2022-11-07 23:44:46,119 [INFO] IPUIPlugin:79 - create IPUIPlugin
2022-11-07 23:44:46,119 [INFO] IPUIPlugin:79 - create IPUIPlugin
2022-11-07 23:44:46,119 [INFO] IPUIPlugin:79 - create IPUIPlugin
2022-11-07 23:44:46,119 [INFO] IPUIPlugin:79 - create IPUIPlugin
2022-11-07 23:44:46,120 [INFO] IPUIPlugin:79 - create IPUIPlugin
2022-11-07 23:44:46,120 [INFO] IPUIPlugin:79 - create IPUIPlugin
2022-11-07 23:44:46,120 [INFO] IPUIPlugin:79 - create IPUIPlugin
2022-11-07 23:44:46,120 [INFO] IPUIPlugin:79 - create IPUIPlugin
2022-11-07 23:44:46,120 [INFO] IPUIPlugin:79 - create IPUIPlugin
2022-11-07 23:44:46,121 [INFO] IPUIPlugin:79 - create IPUIPlugin
2022-11-07 23:44:46,121 [INFO] IPUIPlugin:79 - create IPUIPlugin
2022-11-07 23:44:46,121 [INFO] IPUIPlugin:79 - create IPUIPlugin
2022-11-07 23:44:46,122 [INFO] IPUIPlugin:79 - create IPUIPlugin
2022-11-07 23:44:46,122 [INFO] IPUIPlugin:79 - create IPUIPlugin
2022-11-07 23:44:46,122 [INFO] IPUIPlugin:79 - create IPUIPlugin
2022-11-07 23:44:46,123 [INFO] IPUIPlugin:79 - create IPUIPlugin
2022-11-07 23:44:46,123 [INFO] IPUIPlugin:79 - create IPUIPlugin
2022-11-07 23:44:46,538 [INFO] OpenFileManager:327 - Restore cursor
