2022-11-04 03:58:00,304 [INFO] Activator:177 - 


2022-11-04 03:58:00,305 [INFO] Activator:178 - !SESSION log4j initialized
2022-11-04 03:58:12,612 [INFO] McuFinderGlobals:44 - Set McuFinder mode to 2 (CubeIDE integrated)
2022-11-04 03:58:12,829 [INFO] ApplicationProperties:181 - Using Application install path: C:\ST\STM32CubeIDE_1.9.0\STM32CubeIDE\plugins\com.st.stm32cube.common.mx_6.6.1.202207061420
2022-11-04 03:58:12,846 [INFO] DbMcusXml:77 - Set database path to: C:\ST\STM32CubeIDE_1.9.0\STM32CubeIDE\plugins\com.st.stm32cube.common.mx_6.6.1.202207061420\\db\/mcu/
2022-11-04 03:58:12,846 [INFO] ApiDb:269 - Set plugin database path to: C:\ST\STM32CubeIDE_1.9.0\STM32CubeIDE\plugins\com.st.stm32cube.common.mx_6.6.1.202207061420\\db\/plugins/boardmanager/
2022-11-04 03:58:12,849 [WARN] ApiDb:254 - Overriding images path with different value:  => C:\ST\STM32CubeIDE_1.9.0\STM32CubeIDE\plugins\com.st.stm32cube.common.mx_6.6.1.202207061420\\db\/plugins/mcufinder/images/
2022-11-04 03:58:12,863 [INFO] ApiDb:249 - Set database path to: C:\Users\Zver\.stmcufinder\plugins\mcufinder//mcu/
2022-11-04 03:58:12,864 [INFO] DbMcusAds:124 - Set database path to: C:\Users\Zver\.stmcufinder\plugins\mcufinder//mcu/
2022-11-04 03:58:12,876 [INFO] CrossReferenceDbSqlite:201 - Set database path to: C:\Users\Zver\.stmcufinder\plugins\mcufinder//mcu/cs/
2022-11-04 03:58:12,966 [INFO] RulesReader:61 - Compatibility file has been processed (282 Rules)
2022-11-04 03:58:13,079 [INFO] DbMcusXml:77 - Set database path to: C:\ST\STM32CubeIDE_1.9.0\STM32CubeIDE\plugins\com.st.stm32cube.common.mx_6.6.1.202207061420\\db\/mcu/
2022-11-04 03:58:13,079 [INFO] ApiDb:269 - Set plugin database path to: C:\ST\STM32CubeIDE_1.9.0\STM32CubeIDE\plugins\com.st.stm32cube.common.mx_6.6.1.202207061420\\db\/plugins/boardmanager/
2022-11-04 03:58:13,080 [INFO] ApiDb:256 - Set plugin images path to: C:\ST\STM32CubeIDE_1.9.0\STM32CubeIDE\plugins\com.st.stm32cube.common.mx_6.6.1.202207061420\\db\/plugins/mcufinder/images/
2022-11-04 03:58:13,080 [WARN] DbFile:40 - Overriding database path with different value: C:\Users\Zver\.stmcufinder\plugins\mcufinder/ => C:\Users\Zver\.stmcufinder\plugins\mcufinder
2022-11-04 03:58:13,080 [INFO] ApiDb:249 - Set database path to: C:\Users\Zver\.stmcufinder\plugins\mcufinder//mcu/
2022-11-04 03:58:13,080 [WARN] DbFile:40 - Overriding database path with different value: C:\Users\Zver\.stmcufinder\plugins\mcufinder/ => C:\Users\Zver\.stmcufinder\plugins\mcufinder
2022-11-04 03:58:13,080 [INFO] DbMcusAds:124 - Set database path to: C:\Users\Zver\.stmcufinder\plugins\mcufinder//mcu/
2022-11-04 03:58:13,081 [WARN] DbFile:40 - Overriding database path with different value: C:\Users\Zver\.stmcufinder\plugins\mcufinder/ => C:\Users\Zver\.stmcufinder\plugins\mcufinder
2022-11-04 03:58:13,081 [WARN] DbFile:40 - Overriding database path with different value: C:\Users\Zver\.stmcufinder\plugins\mcufinder/ => C:\Users\Zver\.stmcufinder\plugins\mcufinder
2022-11-04 03:58:13,081 [INFO] CrossReferenceDbSqlite:201 - Set database path to: C:\Users\Zver\.stmcufinder\plugins\mcufinder//mcu/cs/
2022-11-04 03:58:13,178 [INFO] MainPanel:242 - HeapMemory: 268435456
2022-11-04 03:58:13,273 [INFO] DbMcusXml:77 - Set database path to: C:\ST\STM32CubeIDE_1.9.0\STM32CubeIDE\plugins\com.st.stm32cube.common.mx_6.6.1.202207061420\\db\/mcu/
2022-11-04 03:58:13,273 [INFO] ApiDb:269 - Set plugin database path to: C:\ST\STM32CubeIDE_1.9.0\STM32CubeIDE\plugins\com.st.stm32cube.common.mx_6.6.1.202207061420\\db\/plugins/boardmanager/
2022-11-04 03:58:13,274 [INFO] ApiDb:256 - Set plugin images path to: C:\ST\STM32CubeIDE_1.9.0\STM32CubeIDE\plugins\com.st.stm32cube.common.mx_6.6.1.202207061420\\db\/plugins/mcufinder/images/
2022-11-04 03:58:13,274 [WARN] DbFile:40 - Overriding database path with different value: C:\Users\Zver\.stmcufinder\plugins\mcufinder/ => C:\Users\Zver\.stmcufinder\plugins\mcufinder
2022-11-04 03:58:13,274 [INFO] ApiDb:249 - Set database path to: C:\Users\Zver\.stmcufinder\plugins\mcufinder//mcu/
2022-11-04 03:58:13,274 [WARN] DbFile:40 - Overriding database path with different value: C:\Users\Zver\.stmcufinder\plugins\mcufinder/ => C:\Users\Zver\.stmcufinder\plugins\mcufinder
2022-11-04 03:58:13,274 [INFO] DbMcusAds:124 - Set database path to: C:\Users\Zver\.stmcufinder\plugins\mcufinder//mcu/
2022-11-04 03:58:13,274 [WARN] DbFile:40 - Overriding database path with different value: C:\Users\Zver\.stmcufinder\plugins\mcufinder/ => C:\Users\Zver\.stmcufinder\plugins\mcufinder
2022-11-04 03:58:13,275 [WARN] DbFile:40 - Overriding database path with different value: C:\Users\Zver\.stmcufinder\plugins\mcufinder/ => C:\Users\Zver\.stmcufinder\plugins\mcufinder
2022-11-04 03:58:13,275 [INFO] CrossReferenceDbSqlite:201 - Set database path to: C:\Users\Zver\.stmcufinder\plugins\mcufinder//mcu/cs/
2022-11-04 03:58:13,294 [INFO] ApplicationProperties:181 - Using Application install path: C:\ST\STM32CubeIDE_1.9.0\STM32CubeIDE\plugins\com.st.stm32cube.common.mx_6.6.1.202207061420
2022-11-04 03:58:13,295 [INFO] PluginManage:193 - Search for loadable plugins [exclusion list=, ]
2022-11-04 03:58:13,296 [INFO] PluginManage:307 - Check plugin analytics
2022-11-04 03:58:13,438 [INFO] AnalyticsPlugin:262 - Accepted Software Licenses: 
2022-11-04 03:58:13,439 [INFO] AnalyticsPlugin:264 - Accepted CMSIS Pack Licenses: 
2022-11-04 03:58:13,439 [INFO] AnalyticsPlugin:266 - Accepted Firmware Licenses: 
2022-11-04 03:58:13,448 [INFO] PluginManage:356 - Loaded plugin analytics (category:tool,tabindex:-1)
2022-11-04 03:58:13,449 [INFO] PluginManage:307 - Check plugin cadmodel
2022-11-04 03:58:13,454 [INFO] CADModel:65 - Init CAD model plugin
2022-11-04 03:58:13,454 [INFO] PluginManage:356 - Loaded plugin cadmodel (category:power,tabindex:5)
2022-11-04 03:58:13,454 [INFO] PluginManage:307 - Check plugin clock
2022-11-04 03:58:13,464 [INFO] PluginManage:356 - Loaded plugin clock (category:base,tabindex:2)
2022-11-04 03:58:13,464 [INFO] PluginManage:307 - Check plugin ddr
2022-11-04 03:58:13,467 [INFO] PluginManage:356 - Loaded plugin ddr (category:tool,tabindex:6)
2022-11-04 03:58:13,468 [INFO] PluginManage:307 - Check plugin filemanager
2022-11-04 03:58:13,629 [INFO] PluginManage:356 - Loaded plugin filemanager (category:base,tabindex:10)
2022-11-04 03:58:13,630 [INFO] PluginManage:307 - Check plugin ipmanager
2022-11-04 03:58:13,644 [INFO] PluginManage:356 - Loaded plugin ipmanager (category:base,tabindex:5)
2022-11-04 03:58:13,644 [INFO] PluginManage:307 - Check plugin lpbam
2022-11-04 03:58:13,652 [INFO] PluginManage:356 - Loaded plugin lpbam (category:base,tabindex:0)
2022-11-04 03:58:13,653 [INFO] PluginManage:307 - Check plugin pinoutandconfiguration
2022-11-04 03:58:13,660 [INFO] PluginManage:356 - Loaded plugin pinoutandconfiguration (category:base,tabindex:1)
2022-11-04 03:58:13,660 [INFO] PluginManage:307 - Check plugin pinoutconfig
2022-11-04 03:58:13,690 [INFO] PluginManage:356 - Loaded plugin pinoutconfig (category:base,tabindex:0)
2022-11-04 03:58:13,690 [INFO] PluginManage:307 - Check plugin power
2022-11-04 03:58:13,699 [INFO] PluginManage:356 - Loaded plugin power (category:power,tabindex:4)
2022-11-04 03:58:13,699 [INFO] PluginManage:307 - Check plugin projectmanager
2022-11-04 03:58:13,710 [INFO] PluginManage:356 - Loaded plugin projectmanager (category:projectmanager,tabindex:3)
2022-11-04 03:58:13,710 [INFO] PluginManage:307 - Check plugin thirdparty
2022-11-04 03:58:13,820 [WARN] IntegrityCheckThread:82 - waiting for thirdparty lock release [integrity check]
2022-11-04 03:58:13,821 [INFO] PluginManage:356 - Loaded plugin thirdparty (category:base,tabindex:-1)
2022-11-04 03:58:13,821 [INFO] IntegrityCheckThread:84 - entering critical section [integrity check]
2022-11-04 03:58:13,821 [INFO] PluginManage:307 - Check plugin tools
2022-11-04 03:58:13,823 [INFO] ThirdPartyUpdaterWithRetryManager:70 - Updater plugin not ready yet. [1/15]
2022-11-04 03:58:13,824 [INFO] PluginManage:356 - Loaded plugin tools (category:base,tabindex:7)
2022-11-04 03:58:13,824 [INFO] PluginManage:307 - Check plugin tutovideos
2022-11-04 03:58:13,982 [INFO] PluginManage:356 - Loaded plugin tutovideos (category:base,tabindex:-1)
2022-11-04 03:58:13,982 [INFO] PluginManage:307 - Check plugin updater
2022-11-04 03:58:13,994 [INFO] PluginManage:356 - Loaded plugin updater (category:base,tabindex:12)
2022-11-04 03:58:13,995 [INFO] PluginManage:280 - PluginManage : Loaded plugins [15]
2022-11-04 03:58:14,263 [INFO] PinOutPanel:1468 - setPackage(No Configuration,No Configuration)
2022-11-04 03:58:14,385 [INFO] CADModel:98 - CPN selected for project level
2022-11-04 03:58:14,399 [INFO] IPUIPlugin:79 - create IPUIPlugin
2022-11-04 03:58:14,400 [INFO] PluginManager:217 - loadIPPluginJar : add adc
2022-11-04 03:58:14,402 [INFO] IPUIPlugin:79 - create IPUIPlugin
2022-11-04 03:58:14,402 [INFO] PluginManager:217 - loadIPPluginJar : add aes
2022-11-04 03:58:14,404 [INFO] IPUIPlugin:79 - create IPUIPlugin
2022-11-04 03:58:14,405 [INFO] PluginManager:217 - loadIPPluginJar : add can
2022-11-04 03:58:14,406 [INFO] IPUIPlugin:79 - create IPUIPlugin
2022-11-04 03:58:14,406 [INFO] PluginManager:217 - loadIPPluginJar : add comp
2022-11-04 03:58:14,408 [INFO] IPUIPlugin:79 - create IPUIPlugin
2022-11-04 03:58:14,408 [INFO] PluginManager:217 - loadIPPluginJar : add cryp
2022-11-04 03:58:14,410 [INFO] IPUIPlugin:79 - create IPUIPlugin
2022-11-04 03:58:14,410 [INFO] PluginManager:217 - loadIPPluginJar : add dfsdm
2022-11-04 03:58:14,415 [INFO] IPUIPlugin:79 - create IPUIPlugin
2022-11-04 03:58:14,415 [INFO] PluginManager:217 - loadIPPluginJar : add dma
2022-11-04 03:58:14,418 [INFO] IPUIPlugin:79 - create IPUIPlugin
2022-11-04 03:58:14,418 [INFO] PluginManager:217 - loadIPPluginJar : add dma3
2022-11-04 03:58:14,419 [INFO] IPUIPlugin:79 - create IPUIPlugin
2022-11-04 03:58:14,419 [INFO] PluginManager:217 - loadIPPluginJar : add fatfs
2022-11-04 03:58:14,423 [INFO] IPUIPlugin:79 - create IPUIPlugin
2022-11-04 03:58:14,423 [INFO] PluginManager:217 - loadIPPluginJar : add fmc
2022-11-04 03:58:14,428 [INFO] IPUIPlugin:79 - create IPUIPlugin
2022-11-04 03:58:14,429 [INFO] PluginManager:217 - loadIPPluginJar : add freertos
2022-11-04 03:58:14,430 [INFO] IPUIPlugin:79 - create IPUIPlugin
2022-11-04 03:58:14,430 [INFO] PluginManager:217 - loadIPPluginJar : add genericplugin
2022-11-04 03:58:14,433 [INFO] IPUIPlugin:79 - create IPUIPlugin
2022-11-04 03:58:14,433 [INFO] PluginManager:217 - loadIPPluginJar : add gfxmmu
2022-11-04 03:58:14,438 [INFO] IPUIPlugin:79 - create IPUIPlugin
2022-11-04 03:58:14,438 [INFO] PluginManager:217 - loadIPPluginJar : add gic
2022-11-04 03:58:14,442 [INFO] IPUIPlugin:79 - create IPUIPlugin
2022-11-04 03:58:14,442 [INFO] PluginManager:217 - loadIPPluginJar : add gpio
2022-11-04 03:58:14,445 [INFO] IPUIPlugin:79 - create IPUIPlugin
2022-11-04 03:58:14,445 [INFO] PluginManager:217 - loadIPPluginJar : add gtzc
2022-11-04 03:58:14,447 [INFO] IPUIPlugin:79 - create IPUIPlugin
2022-11-04 03:58:14,448 [INFO] PluginManager:217 - loadIPPluginJar : add hash
2022-11-04 03:58:14,451 [INFO] IPUIPlugin:79 - create IPUIPlugin
2022-11-04 03:58:14,451 [INFO] PluginManager:217 - loadIPPluginJar : add i2c
2022-11-04 03:58:14,454 [INFO] IPUIPlugin:79 - create IPUIPlugin
2022-11-04 03:58:14,454 [INFO] PluginManager:217 - loadIPPluginJar : add i2s
2022-11-04 03:58:14,458 [INFO] IPUIPlugin:79 - create IPUIPlugin
2022-11-04 03:58:14,458 [INFO] PluginManager:217 - loadIPPluginJar : add ipddr
2022-11-04 03:58:14,462 [INFO] IPUIPlugin:79 - create IPUIPlugin
2022-11-04 03:58:14,462 [INFO] PluginManager:217 - loadIPPluginJar : add linkedlist
2022-11-04 03:58:14,464 [INFO] IPUIPlugin:79 - create IPUIPlugin
2022-11-04 03:58:14,464 [INFO] PluginManager:217 - loadIPPluginJar : add lorawan
2022-11-04 03:58:14,466 [INFO] IPUIPlugin:79 - create IPUIPlugin
2022-11-04 03:58:14,466 [INFO] PluginManager:217 - loadIPPluginJar : add ltdc
2022-11-04 03:58:14,471 [INFO] IPUIPlugin:79 - create IPUIPlugin
2022-11-04 03:58:14,471 [INFO] PluginManager:217 - loadIPPluginJar : add mdma
2022-11-04 03:58:14,474 [INFO] IPUIPlugin:79 - create IPUIPlugin
2022-11-04 03:58:14,474 [INFO] PluginManager:217 - loadIPPluginJar : add nvic
2022-11-04 03:58:14,477 [INFO] IPUIPlugin:79 - create IPUIPlugin
2022-11-04 03:58:14,477 [INFO] PluginManager:217 - loadIPPluginJar : add opamp
2022-11-04 03:58:14,480 [INFO] IPUIPlugin:79 - create IPUIPlugin
2022-11-04 03:58:14,480 [INFO] PluginManager:217 - loadIPPluginJar : add openamp
2022-11-04 03:58:14,483 [INFO] IPUIPlugin:79 - create IPUIPlugin
2022-11-04 03:58:14,483 [INFO] PluginManager:217 - loadIPPluginJar : add pdm2pcm
2022-11-04 03:58:14,488 [INFO] IPUIPlugin:79 - create IPUIPlugin
2022-11-04 03:58:14,490 [INFO] PluginManager:217 - loadIPPluginJar : add plateformsettings
2022-11-04 03:58:14,492 [INFO] IPUIPlugin:79 - create IPUIPlugin
2022-11-04 03:58:14,492 [INFO] PluginManager:217 - loadIPPluginJar : add quadspi
2022-11-04 03:58:14,496 [INFO] IPUIPlugin:79 - create IPUIPlugin
2022-11-04 03:58:14,496 [INFO] PluginManager:217 - loadIPPluginJar : add resmgrutility
2022-11-04 03:58:14,499 [INFO] IPUIPlugin:79 - create IPUIPlugin
2022-11-04 03:58:14,499 [INFO] PluginManager:217 - loadIPPluginJar : add sai
2022-11-04 03:58:14,502 [INFO] IPUIPlugin:79 - create IPUIPlugin
2022-11-04 03:58:14,502 [INFO] PluginManager:217 - loadIPPluginJar : add spi
2022-11-04 03:58:14,506 [INFO] IPUIPlugin:79 - create IPUIPlugin
2022-11-04 03:58:14,506 [INFO] PluginManager:217 - loadIPPluginJar : add stm32_wpan
2022-11-04 03:58:14,508 [INFO] IPUIPlugin:79 - create IPUIPlugin
2022-11-04 03:58:14,508 [INFO] PluginManager:217 - loadIPPluginJar : add tim
2022-11-04 03:58:14,511 [INFO] IPUIPlugin:79 - create IPUIPlugin
2022-11-04 03:58:14,512 [INFO] PluginManager:217 - loadIPPluginJar : add touchsensing
2022-11-04 03:58:14,514 [INFO] IPUIPlugin:79 - create IPUIPlugin
2022-11-04 03:58:14,514 [INFO] PluginManager:217 - loadIPPluginJar : add tracer_emb
2022-11-04 03:58:14,516 [INFO] IPUIPlugin:79 - create IPUIPlugin
2022-11-04 03:58:14,516 [INFO] PluginManager:217 - loadIPPluginJar : add ts
2022-11-04 03:58:14,518 [INFO] IPUIPlugin:79 - create IPUIPlugin
2022-11-04 03:58:14,518 [INFO] PluginManager:217 - loadIPPluginJar : add tsc
2022-11-04 03:58:14,520 [INFO] IPUIPlugin:79 - create IPUIPlugin
2022-11-04 03:58:14,520 [INFO] PluginManager:217 - loadIPPluginJar : add ucpd
2022-11-04 03:58:14,522 [INFO] IPUIPlugin:79 - create IPUIPlugin
2022-11-04 03:58:14,522 [INFO] PluginManager:217 - loadIPPluginJar : add usart
2022-11-04 03:58:14,525 [INFO] IPUIPlugin:79 - create IPUIPlugin
2022-11-04 03:58:14,525 [INFO] PluginManager:217 - loadIPPluginJar : add usbx
2022-11-04 03:58:14,804 [FATAL] Updater:301 - Updater called before beeing initialized
2022-11-04 03:58:14,951 [FATAL] Updater:301 - Updater called before beeing initialized
2022-11-04 03:58:14,956 [INFO] DbMcusAds:52 - JSON generation date=Thu Sep 30 09:56:37 MSK 2021 (1632984997303)
2022-11-04 03:58:14,957 [FATAL] Updater:301 - Updater called before beeing initialized
2022-11-04 03:58:15,068 [WARN] DetailPanel:344 - Failed to get advertising image, set to default
2022-11-04 03:58:15,182 [FATAL] Updater:301 - Updater called before beeing initialized
2022-11-04 03:58:15,184 [FATAL] Updater:301 - Updater called before beeing initialized
2022-11-04 03:58:15,184 [FATAL] Updater:301 - Updater called before beeing initialized
2022-11-04 03:58:15,185 [WARN] DetailPanel:344 - Failed to get advertising image, set to default
2022-11-04 03:58:15,185 [FATAL] Updater:301 - Updater called before beeing initialized
2022-11-04 03:58:15,226 [ERROR] Updater:1105 - MainUpdater not yet initialized. External WinMGr cannot be set.
2022-11-04 03:58:15,228 [INFO] Updater:1041 - Updater Version found : 6.6.1
2022-11-04 03:58:15,243 [INFO] ApplicationProperties:181 - Using Application install path: C:\ST\STM32CubeIDE_1.9.0\STM32CubeIDE\plugins\com.st.stm32cube.common.mx_6.6.1.202207061420
2022-11-04 03:58:15,530 [INFO] MainUpdater:2768 - connection check result : 10
2022-11-04 03:58:15,531 [INFO] MainUpdater:280 - Updater Check For Update Now.
2022-11-04 03:58:15,531 [INFO] MicroXplorer:481 - Change Database Version : DB.6.0.60
2022-11-04 03:58:15,681 [INFO] CheckServerUpdateThread:119 - End of CheckServer Thread
2022-11-04 03:58:15,743 [INFO] MainUpdater:2768 - connection check result : 10
2022-11-04 03:58:15,746 [INFO] McuFinderGlobals:57 - Set McuFinderConnectedMode to true
2022-11-04 03:58:16,015 [INFO] ServerAccessManage:474 - Download File mcusAds.json._tmp_
2022-11-04 03:58:16,130 [INFO] LoadUrlFilesThread:150 - End of LoadUrlFiles Thread
2022-11-04 03:58:16,159 [INFO] ServerAccessManage:474 - Download File cube-finder-db.zip
2022-11-04 03:58:16,824 [WARN] MainUpdater:1184 - Updater busy. Cannot search thirdparties
2022-11-04 03:58:16,824 [INFO] ThirdPartyUpdaterWithRetryManager:96 - Updater plugin is busy. [1/15]
2022-11-04 03:58:19,825 [WARN] MainUpdater:1184 - Updater busy. Cannot search thirdparties
2022-11-04 03:58:19,825 [INFO] ThirdPartyUpdaterWithRetryManager:96 - Updater plugin is busy. [2/15]
2022-11-04 03:58:20,129 [INFO] FileExtend:239 - Unzip File : cube-finder-db.zip
2022-11-04 03:58:20,129 [INFO] FileExtend:254 - Standard Zip Deflate
2022-11-04 03:58:20,662 [INFO] LoadUrlFilesThread:150 - End of LoadUrlFiles Thread
2022-11-04 03:58:21,049 [INFO] ServerAccessManage:474 - Download File crdb.zip
2022-11-04 03:58:21,368 [INFO] FileExtend:239 - Unzip File : crdb.zip
2022-11-04 03:58:21,369 [INFO] FileExtend:254 - Standard Zip Deflate
2022-11-04 03:58:21,486 [INFO] LoadUrlFilesThread:150 - End of LoadUrlFiles Thread
2022-11-04 03:58:21,558 [INFO] ServerAccessManage:474 - Download File tutoVideoDB.zip
2022-11-04 03:58:21,641 [INFO] FileExtend:239 - Unzip File : tutoVideoDB.zip
2022-11-04 03:58:21,641 [INFO] FileExtend:254 - Standard Zip Deflate
2022-11-04 03:58:21,749 [INFO] LoadUrlFilesThread:150 - End of LoadUrlFiles Thread
2022-11-04 03:58:21,824 [INFO] JxBrowserEngine:106 - Initiate JxBrowser Engine with user profile folder
2022-11-04 03:58:22,689 [ERROR] JxBrowserEngine:59 - Can't initiate JxBrowser engine com.teamdev.jxbrowser.engine.ChromiumBinariesExtractionException: Failed to extract Chromium binaries into C:\Users\Zver\.stm32cubemx\.jxbrowser\Chromium
2022-11-04 03:58:22,689 [WARN] DbFile:40 - Overriding database path with different value: C:\Users\Zver\.stmcufinder\plugins\mcufinder/ => C:\Users\Zver\.stmcufinder\plugins\mcufinder
2022-11-04 03:58:22,825 [WARN] MainUpdater:1184 - Updater busy. Cannot search thirdparties
2022-11-04 03:58:22,825 [INFO] ThirdPartyUpdaterWithRetryManager:96 - Updater plugin is busy. [3/15]
2022-11-04 03:58:22,977 [INFO] ServerAccessManage:474 - Download File api_config.json
2022-11-04 03:58:23,086 [INFO] LoadUrlFilesThread:150 - End of LoadUrlFiles Thread
2022-11-04 03:58:23,087 [INFO] DbMcusAds:52 - JSON generation date=Thu Sep 30 09:56:37 MSK 2021 (1632984997303)
2022-11-04 03:58:23,105 [INFO] LoadUrlFilesThread:177 - End of LoadServerUrlFiles without Thread
2022-11-04 03:58:23,105 [INFO] TargetSelectorAdapter:228 - Refresh data is successful
2022-11-04 03:58:23,240 [INFO] ApiDb:576 - Connected to CubeFinder SQLite database (C:\Users\Zver\.stmcufinder\plugins\mcufinder\mcu\cube-finder-db.db)
2022-11-04 03:58:23,262 [INFO] ApiDb:663 - CubeFinder database Data Model version=2.1
2022-11-04 03:58:23,262 [INFO] ApiDb:664 - CubeFinder database Configuration version=3.0.32
2022-11-04 03:58:23,262 [INFO] ApiDb:665 - CubeFinder database generation date=2022-08-05 (1659688109)
2022-11-04 03:58:23,262 [INFO] ApiDb:666 - CubeFinder database FW Pack versions=[STM32Cube_FW_C0_V1.0.0, STM32Cube_FW_F4_V1.27.1, STM32Cube_FW_F7_V1.17.0, STM32Cube_FW_G0_V1.6.1, STM32Cube_FW_G4_V1.5.0, STM32Cube_FW_H7_V1.10.0, STM32Cube_FW_L5_V1.4.0, STM32Cube_FW_U5_V1.1.1, STM32Cube_FW_WB_V1.14.1, STM32Cube_FW_WL_V1.2.0, X-CUBE-ALGOBUILD_V1.3.0, X-CUBE-ALS_V1.0.1, X-CUBE-AZRTOS-F4_V1.1.0, X-CUBE-AZRTOS-F7_V1.1.0, X-CUBE-AZRTOS-G0_V1.1.0, X-CUBE-AZRTOS-G4_V1.0.0, X-CUBE-AZRTOS-H7_V2.1.0, X-CUBE-AZRTOS-L4_V1.0.0, X-CUBE-AZRTOS-L5_V1.0.0, X-CUBE-AZRTOS-WL_V1.0.0, X-CUBE-BLE1_V6.2.3, X-CUBE-BLE2_V3.3.0, X-CUBE-EEPRMA1_V3.1.1, X-CUBE-GNSS1_V6.0.0, X-CUBE-MEMS1_V9.1.0, X-CUBE-MEMS1_V9.3.0, X-CUBE-NFC4_V2.0.4, X-CUBE-NFC7_V1.0.0, X-CUBE-SFXS2LP1_V4.0.0, X-CUBE-SUBG2_V5.0.0]
2022-11-04 03:58:23,736 [ERROR] LogOutputStream:74 - [STDERR_REDIRECT] SLF4J: Failed to load class "org.slf4j.impl.StaticLoggerBinder".
2022-11-04 03:58:23,737 [ERROR] LogOutputStream:74 - [STDERR_REDIRECT] SLF4J: Defaulting to no-operation (NOP) logger implementation
2022-11-04 03:58:23,739 [ERROR] LogOutputStream:74 - [STDERR_REDIRECT] SLF4J: See http://www.slf4j.org/codes.html#StaticLoggerBinder for further details.
2022-11-04 03:58:24,781 [INFO] ApiDb:239 - Found 138 in-development CPN: [B-WB1M-WPAN1, NUCLEO-C031C6, STEVAL-STWINBX1, STM320518-EVAL, STM32C0116-DK, STM32C011D6Y3TR, STM32C011D6Y6TR, STM32C011F4P3, STM32C011F4P6, STM32C011F4U3, STM32C011F4U6TR, STM32C011F6P3, STM32C011F6P6, STM32C011F6U3, STM32C011F6U6TR, STM32C011J4M3, STM32C011J4M6, STM32C011J6M3, STM32C011J6M6, STM32C0316-DK, STM32C031C4T3, STM32C031C4T6, STM32C031C4U3, STM32C031C4U6, STM32C031C6T3, STM32C031C6T6, STM32C031C6U3, STM32C031C6U6, STM32C031F4P3, STM32C031F4P6, STM32C031F6P3, STM32C031F6P6, STM32C031G4U3, STM32C031G4U6, STM32C031G6U3, STM32C031G6U6, STM32C031K4T3, STM32C031K4T6, STM32C031K4U3, STM32C031K4U6, STM32C031K6T3, STM32C031K6T6, STM32C031K6U3, STM32C031K6U6, STM32G071K8TXN, STM32G071K8UXN, STM32G081GBU6N, STM32G081KBT6N, STM32G081KBUXN, STM32G0B1CCT6N, STM32G0B1KCT6, STM32G0B1NEY6TR, STM32G0B1RCT6N, STM32G0C1CCT6, STM32G0C1CCT6N, STM32G0C1CCU6N, STM32G0C1CET6N, STM32G0C1CEU6N, STM32G0C1KCT6, STM32G0C1NEY6TR, STM32G0C1RCI6N, STM32G0C1RCT6N, STM32G0C1REI6N, STM32G0C1RET6N, STM32G0C1VCI6, STM32G0C1VEI6, STM32G471CCT6, STM32G471CCU6, STM32G471CET3, STM32G471CET6, STM32G471CEU3, STM32G471CEU6, STM32G471MCT6, STM32G471MET3, STM32G471MET6, STM32G471MEY6TR, STM32G471QCT6, STM32G471QET3, STM32G471RCT6, STM32G471RET3, STM32G471RET6, STM32G471VCH6, STM32G471VCI6, STM32G471VCT6, STM32G471VEH3, STM32G471VEH6, STM32G471VEI3, STM32G471VEI6, STM32G471VET3, STM32G471VET6, STM32G474CCT6, STM32L476VGY6PTR, STM32L4R5QGI6STR, STM32MP131AAE3, STM32MP131AAF3, STM32MP131AAG3, STM32MP131CAE3, STM32MP131CAF3, STM32MP131CAG3, STM32MP131DAE7, STM32MP131DAF7, STM32MP131DAG7, STM32MP131FAE7, STM32MP131FAF7, STM32MP131FAG7, STM32MP133AAE3, STM32MP133AAF3, STM32MP133AAG3, STM32MP133CAE3, STM32MP133CAF3, STM32MP133CAG3, STM32MP133DAE7, STM32MP133DAF7, STM32MP133DAG7, STM32MP133FAE7, STM32MP133FAF7, STM32MP133FAG7, STM32MP135AAE3, STM32MP135AAF3, STM32MP135AAG3, STM32MP135CAE3, STM32MP135CAF3, STM32MP135CAG3, STM32MP135DAE7, STM32MP135DAF7, STM32MP135DAG7, STM32MP135F-DK, STM32MP135FAE7, STM32MP135FAF7, STM32MP135FAG7, STM32U595ZJT6Q, STM32U599BJY6QTR, STM32U599NIH6Q, STM32U599NJH6Q, STM32U5A5ZJT6Q, STM32U5A9BJY6QTR, STM32U5A9NJH6Q, STM32WB1MMCH6]
2022-11-04 03:58:24,785 [INFO] DbMcus:215 - Found 3542 MCUs, 3542 are supported
2022-11-04 03:58:24,788 [INFO] ApiDb:418 - Load user favorites file C:\Users\Zver/.stm32cubeide/favorites.mcus.txt: 1 item(s)
2022-11-04 03:58:24,788 [INFO] ApiDb:422 - User favorites MCUs=[STM32F103C8T6]
2022-11-04 03:58:24,788 [INFO] DbMcus:221 - Set 1 / 1 favorites MCUs
2022-11-04 03:58:24,791 [INFO] ApiDb:663 - CubeFinder database Data Model version=2.1
2022-11-04 03:58:24,791 [INFO] ApiDb:664 - CubeFinder database Configuration version=3.0.32
2022-11-04 03:58:24,791 [INFO] ApiDb:665 - CubeFinder database generation date=2022-08-05 (1659688109)
2022-11-04 03:58:24,791 [INFO] ApiDb:666 - CubeFinder database FW Pack versions=[STM32Cube_FW_C0_V1.0.0, STM32Cube_FW_F4_V1.27.1, STM32Cube_FW_F7_V1.17.0, STM32Cube_FW_G0_V1.6.1, STM32Cube_FW_G4_V1.5.0, STM32Cube_FW_H7_V1.10.0, STM32Cube_FW_L5_V1.4.0, STM32Cube_FW_U5_V1.1.1, STM32Cube_FW_WB_V1.14.1, STM32Cube_FW_WL_V1.2.0, X-CUBE-ALGOBUILD_V1.3.0, X-CUBE-ALS_V1.0.1, X-CUBE-AZRTOS-F4_V1.1.0, X-CUBE-AZRTOS-F7_V1.1.0, X-CUBE-AZRTOS-G0_V1.1.0, X-CUBE-AZRTOS-G4_V1.0.0, X-CUBE-AZRTOS-H7_V2.1.0, X-CUBE-AZRTOS-L4_V1.0.0, X-CUBE-AZRTOS-L5_V1.0.0, X-CUBE-AZRTOS-WL_V1.0.0, X-CUBE-BLE1_V6.2.3, X-CUBE-BLE2_V3.3.0, X-CUBE-EEPRMA1_V3.1.1, X-CUBE-GNSS1_V6.0.0, X-CUBE-MEMS1_V9.1.0, X-CUBE-MEMS1_V9.3.0, X-CUBE-NFC4_V2.0.4, X-CUBE-NFC7_V1.0.0, X-CUBE-SFXS2LP1_V4.0.0, X-CUBE-SUBG2_V5.0.0]
2022-11-04 03:58:24,833 [INFO] DbBoardsSqlite:227 - include board P-NUCLEO-WB55-NUCLEO as a kit item of type 'Nucleo-64'
2022-11-04 03:58:24,833 [INFO] DbBoardsSqlite:227 - include board P-NUCLEO-WB55-USBDONGLE as a kit item of type 'Nucleo USB Dongle'
2022-11-04 03:58:24,834 [INFO] DbBoardsSqlite:227 - include board STEVAL-IDP005V1 as a kit item of type 'Evaluation Board'
2022-11-04 03:58:24,834 [INFO] DbBoardsSqlite:227 - include board STEVAL-IDP005V2 as a kit item of type 'Evaluation Board'
2022-11-04 03:58:24,840 [INFO] ApiDb:239 - Found 138 in-development CPN: [B-WB1M-WPAN1, NUCLEO-C031C6, STEVAL-STWINBX1, STM320518-EVAL, STM32C0116-DK, STM32C011D6Y3TR, STM32C011D6Y6TR, STM32C011F4P3, STM32C011F4P6, STM32C011F4U3, STM32C011F4U6TR, STM32C011F6P3, STM32C011F6P6, STM32C011F6U3, STM32C011F6U6TR, STM32C011J4M3, STM32C011J4M6, STM32C011J6M3, STM32C011J6M6, STM32C0316-DK, STM32C031C4T3, STM32C031C4T6, STM32C031C4U3, STM32C031C4U6, STM32C031C6T3, STM32C031C6T6, STM32C031C6U3, STM32C031C6U6, STM32C031F4P3, STM32C031F4P6, STM32C031F6P3, STM32C031F6P6, STM32C031G4U3, STM32C031G4U6, STM32C031G6U3, STM32C031G6U6, STM32C031K4T3, STM32C031K4T6, STM32C031K4U3, STM32C031K4U6, STM32C031K6T3, STM32C031K6T6, STM32C031K6U3, STM32C031K6U6, STM32G071K8TXN, STM32G071K8UXN, STM32G081GBU6N, STM32G081KBT6N, STM32G081KBUXN, STM32G0B1CCT6N, STM32G0B1KCT6, STM32G0B1NEY6TR, STM32G0B1RCT6N, STM32G0C1CCT6, STM32G0C1CCT6N, STM32G0C1CCU6N, STM32G0C1CET6N, STM32G0C1CEU6N, STM32G0C1KCT6, STM32G0C1NEY6TR, STM32G0C1RCI6N, STM32G0C1RCT6N, STM32G0C1REI6N, STM32G0C1RET6N, STM32G0C1VCI6, STM32G0C1VEI6, STM32G471CCT6, STM32G471CCU6, STM32G471CET3, STM32G471CET6, STM32G471CEU3, STM32G471CEU6, STM32G471MCT6, STM32G471MET3, STM32G471MET6, STM32G471MEY6TR, STM32G471QCT6, STM32G471QET3, STM32G471RCT6, STM32G471RET3, STM32G471RET6, STM32G471VCH6, STM32G471VCI6, STM32G471VCT6, STM32G471VEH3, STM32G471VEH6, STM32G471VEI3, STM32G471VEI6, STM32G471VET3, STM32G471VET6, STM32G474CCT6, STM32L476VGY6PTR, STM32L4R5QGI6STR, STM32MP131AAE3, STM32MP131AAF3, STM32MP131AAG3, STM32MP131CAE3, STM32MP131CAF3, STM32MP131CAG3, STM32MP131DAE7, STM32MP131DAF7, STM32MP131DAG7, STM32MP131FAE7, STM32MP131FAF7, STM32MP131FAG7, STM32MP133AAE3, STM32MP133AAF3, STM32MP133AAG3, STM32MP133CAE3, STM32MP133CAF3, STM32MP133CAG3, STM32MP133DAE7, STM32MP133DAF7, STM32MP133DAG7, STM32MP133FAE7, STM32MP133FAF7, STM32MP133FAG7, STM32MP135AAE3, STM32MP135AAF3, STM32MP135AAG3, STM32MP135CAE3, STM32MP135CAF3, STM32MP135CAG3, STM32MP135DAE7, STM32MP135DAF7, STM32MP135DAG7, STM32MP135F-DK, STM32MP135FAE7, STM32MP135FAF7, STM32MP135FAG7, STM32U595ZJT6Q, STM32U599BJY6QTR, STM32U599NIH6Q, STM32U599NJH6Q, STM32U5A5ZJT6Q, STM32U5A9BJY6QTR, STM32U5A9NJH6Q, STM32WB1MMCH6]
2022-11-04 03:58:24,929 [INFO] BoardInfo:879 - No configuration file found for board P-NUCLEO-WB55
2022-11-04 03:58:24,929 [INFO] DbBoards:156 - Kit is not supported: P-NUCLEO-WB55
2022-11-04 03:58:24,933 [INFO] BoardInfo:879 - No configuration file found for board STEVAL-BFA001V1B
2022-11-04 03:58:24,933 [INFO] DbBoards:156 - Kit is not supported: STEVAL-BFA001V1B
2022-11-04 03:58:24,934 [INFO] BoardInfo:879 - No configuration file found for board STEVAL-BFA001V2B
2022-11-04 03:58:24,934 [INFO] DbBoards:156 - Kit is not supported: STEVAL-BFA001V2B
2022-11-04 03:58:25,018 [INFO] DbBoards:160 - Found 176 boards, 173 are supported
2022-11-04 03:58:25,027 [INFO] ApiDb:418 - Load user favorites file C:\Users\Zver/.stm32cubeide/favorites.boards.txt: 0 item(s)
2022-11-04 03:58:25,027 [INFO] ApiDb:422 - User favorites Boards=[]
2022-11-04 03:58:25,027 [INFO] DbBoards:189 - Set 0 / 0 favorites Boards
2022-11-04 03:58:25,029 [INFO] ApiDb:663 - CubeFinder database Data Model version=2.1
2022-11-04 03:58:25,030 [INFO] ApiDb:664 - CubeFinder database Configuration version=3.0.32
2022-11-04 03:58:25,030 [INFO] ApiDb:665 - CubeFinder database generation date=2022-08-05 (1659688109)
2022-11-04 03:58:25,030 [INFO] ApiDb:666 - CubeFinder database FW Pack versions=[STM32Cube_FW_C0_V1.0.0, STM32Cube_FW_F4_V1.27.1, STM32Cube_FW_F7_V1.17.0, STM32Cube_FW_G0_V1.6.1, STM32Cube_FW_G4_V1.5.0, STM32Cube_FW_H7_V1.10.0, STM32Cube_FW_L5_V1.4.0, STM32Cube_FW_U5_V1.1.1, STM32Cube_FW_WB_V1.14.1, STM32Cube_FW_WL_V1.2.0, X-CUBE-ALGOBUILD_V1.3.0, X-CUBE-ALS_V1.0.1, X-CUBE-AZRTOS-F4_V1.1.0, X-CUBE-AZRTOS-F7_V1.1.0, X-CUBE-AZRTOS-G0_V1.1.0, X-CUBE-AZRTOS-G4_V1.0.0, X-CUBE-AZRTOS-H7_V2.1.0, X-CUBE-AZRTOS-L4_V1.0.0, X-CUBE-AZRTOS-L5_V1.0.0, X-CUBE-AZRTOS-WL_V1.0.0, X-CUBE-BLE1_V6.2.3, X-CUBE-BLE2_V3.3.0, X-CUBE-EEPRMA1_V3.1.1, X-CUBE-GNSS1_V6.0.0, X-CUBE-MEMS1_V9.1.0, X-CUBE-MEMS1_V9.3.0, X-CUBE-NFC4_V2.0.4, X-CUBE-NFC7_V1.0.0, X-CUBE-SFXS2LP1_V4.0.0, X-CUBE-SUBG2_V5.0.0]
2022-11-04 03:58:25,529 [INFO] DbExamplesSqlite:374 - Ignored 31 examples not supported by CubeIDE
2022-11-04 03:58:25,530 [INFO] DbExamplesSqlite:375 - Found 6197 examples active
2022-11-04 03:58:25,530 [INFO] DbExamplesSqlite:376 - Found 89 examples obsolete
2022-11-04 03:58:25,530 [INFO] DbExamplesSqlite:377 - Found 0 examples under development
2022-11-04 03:58:25,530 [INFO] DbExamplesSqlite:378 - Found 76 examples not building
2022-11-04 03:58:25,532 [INFO] DbExamples:124 - Found 6242 examples
2022-11-04 03:58:25,544 [INFO] DbExamples:221 - Found 77 boards with related examples
2022-11-04 03:58:25,546 [INFO] DbExamples:234 - Found 64 MCUs with related examples
2022-11-04 03:58:25,568 [INFO] ApiDb:418 - Load user favorites file C:\Users\Zver/.stm32cubeide/favorites.examples.txt: 0 item(s)
2022-11-04 03:58:25,568 [INFO] ApiDb:422 - User favorites Examples=[]
2022-11-04 03:58:25,569 [INFO] DbExamples:249 - Set 0 / 0 favorites Examples
2022-11-04 03:58:25,733 [INFO] McuFinderGlobals:57 - Set McuFinderConnectedMode to true
2022-11-04 03:58:25,743 [INFO] MultiScanPanel:195 - Auto-refresh data requested => check proxy status ongoing
2022-11-04 03:58:25,747 [INFO] FinderPluginLoader:92 - Searching for filters in installed packs
2022-11-04 03:58:25,981 [WARN] PackLoader:242 - Cannot read IP mode file for wolfSSL.I-CUBE-wolfSSL.5.2.0
2022-11-04 03:58:25,993 [WARN] PackLoader:242 - Cannot read IP mode file for STMicroelectronics.X-CUBE-GNSS1.6.0.0
2022-11-04 03:58:26,020 [WARN] PackLoader:242 - Cannot read IP mode file for STMicroelectronics.X-CUBE-AZRTOS-F4.1.1.0
2022-11-04 03:58:26,032 [WARN] PackLoader:242 - Cannot read IP mode file for STMicroelectronics.X-CUBE-BLEMGR.1.2.0
2022-11-04 03:58:26,072 [WARN] PackLoader:242 - Cannot read IP mode file for STMicroelectronics.X-CUBE-AZRTOS-F7.1.1.0
2022-11-04 03:58:26,087 [WARN] PackLoader:242 - Cannot read IP mode file for STMicroelectronics.X-CUBE-AI.7.1.0
2022-11-04 03:58:26,092 [WARN] PackLoader:242 - Cannot read IP mode file for STMicroelectronics.X-CUBE-BLE1.6.2.3
2022-11-04 03:58:26,113 [WARN] PackLoader:242 - Cannot read IP mode file for STMicroelectronics.X-CUBE-BLE1.6.2.2
2022-11-04 03:58:26,131 [WARN] PackLoader:242 - Cannot read IP mode file for STMicroelectronics.X-CUBE-NFC4.2.0.4
2022-11-04 03:58:26,187 [WARN] PackLoader:242 - Cannot read IP mode file for STMicroelectronics.X-CUBE-BLE2.3.2.2
2022-11-04 03:58:26,193 [WARN] PackLoader:242 - Cannot read IP mode file for STMicroelectronics.X-CUBE-NFC4.2.0.3
2022-11-04 03:58:26,207 [WARN] PackLoader:242 - Cannot read IP mode file for STMicroelectronics.X-CUBE-TOF1.3.1.0
2022-11-04 03:58:26,245 [WARN] PackLoader:242 - Cannot read IP mode file for STMicroelectronics.X-CUBE-SFXS2LP1.3.1.0
2022-11-04 03:58:26,272 [WARN] PackLoader:242 - Cannot read IP mode file for STMicroelectronics.X-CUBE-AZRTOS-F4.1.0.0
2022-11-04 03:58:26,289 [WARN] PackLoader:242 - Cannot read IP mode file for STMicroelectronics.X-CUBE-NFC7.1.0.0
2022-11-04 03:58:26,304 [WARN] PackLoader:242 - Cannot read IP mode file for STMicroelectronics.X-CUBE-SUBG2.4.2.0
2022-11-04 03:58:26,360 [WARN] PackLoader:242 - Cannot read IP mode file for STMicroelectronics.X-CUBE-MEMS1.9.3.0
2022-11-04 03:58:26,527 [WARN] PackLoader:242 - Cannot read IP mode file for STMicroelectronics.X-CUBE-AI.7.2.0
2022-11-04 03:58:26,542 [WARN] PackLoader:242 - Cannot read IP mode file for STMicroelectronics.X-CUBE-AZRTOS-G0.1.0.0
2022-11-04 03:58:26,550 [WARN] PackLoader:242 - Cannot read IP mode file for STMicroelectronics.X-CUBE-SFXS2LP1.4.0.0
2022-11-04 03:58:26,555 [WARN] PackLoader:242 - Cannot read IP mode file for STMicroelectronics.X-CUBE-BLE2.3.3.0
2022-11-04 03:58:26,562 [WARN] PackLoader:242 - Cannot read IP mode file for STMicroelectronics.X-CUBE-DISPLAY.2.2.0
2022-11-04 03:58:26,575 [WARN] PackLoader:242 - Cannot read IP mode file for STMicroelectronics.X-CUBE-TOF1.3.2.0
2022-11-04 03:58:26,587 [WARN] PackLoader:242 - Cannot read IP mode file for STMicroelectronics.X-CUBE-TOUCHGFX.4.18.1
2022-11-04 03:58:26,591 [WARN] PackLoader:242 - Cannot read IP mode file for STMicroelectronics.X-CUBE-ISPU.1.0.0
2022-11-04 03:58:26,600 [WARN] PackLoader:242 - Cannot read IP mode file for RoweBots.I-CUBE-UNISONRTOS.5.5.0-4
2022-11-04 03:58:26,632 [WARN] PackLoader:242 - Cannot read IP mode file for STMicroelectronics.X-CUBE-AZRTOS-H7.2.1.0
2022-11-04 03:58:26,648 [WARN] PackLoader:242 - Cannot read IP mode file for STMicroelectronics.X-CUBE-BLEMGR.1.0.0
2022-11-04 03:58:26,655 [WARN] PackLoader:242 - Cannot read IP mode file for STMicroelectronics.X-CUBE-ALGOBUILD.1.3.0
2022-11-04 03:58:26,673 [WARN] PackLoader:242 - Cannot read IP mode file for STMicroelectronics.X-CUBE-AZRTOS-G0.1.1.0
2022-11-04 03:58:26,687 [WARN] PackLoader:242 - Cannot read IP mode file for STMicroelectronics.X-CUBE-SUBG2.5.0.0
2022-11-04 03:58:26,734 [WARN] PackLoader:242 - Cannot read IP mode file for SEGGER.I-CUBE-embOS.1.2.0
2022-11-04 03:58:26,810 [WARN] PackLoader:242 - Cannot read IP mode file for STMicroelectronics.FP-ATR-ASTRA1.1.1.1
2022-11-04 03:58:26,831 [WARN] PackLoader:242 - Cannot read IP mode file for STMicroelectronics.X-CUBE-AZRTOS-H7.2.0.0
2022-11-04 03:58:26,848 [WARN] PackLoader:242 - Cannot read IP mode file for STMicroelectronics.X-CUBE-AZRTOS-G4.1.0.0
2022-11-04 03:58:26,854 [WARN] PackLoader:242 - Cannot read IP mode file for STMicroelectronics.FP-ATR-SIGFOX1.3.2.0
2022-11-04 03:58:26,871 [WARN] PackLoader:242 - Cannot read IP mode file for STMicroelectronics.X-CUBE-AZRTOS-L4.1.0.0
2022-11-04 03:58:26,880 [WARN] PackLoader:242 - Cannot read IP mode file for emotas.I-CUBE-CANOPEN.1.1.2
2022-11-04 03:58:26,884 [WARN] PackLoader:242 - Cannot read IP mode file for STMicroelectronics.X-CUBE-TOUCHGFX.4.20.0
2022-11-04 03:58:26,901 [WARN] PackLoader:242 - Cannot read IP mode file for STMicroelectronics.X-CUBE-AZRTOS-F7.1.0.0
2022-11-04 03:58:26,917 [WARN] PackLoader:242 - Cannot read IP mode file for STMicroelectronics.X-CUBE-AZRTOS-WL.1.0.0
2022-11-04 03:58:26,954 [WARN] PackLoader:242 - Cannot read IP mode file for STMicroelectronics.X-CUBE-MEMS1.9.1.0
2022-11-04 03:58:27,080 [WARN] PackLoader:242 - Cannot read IP mode file for portGmbH.I-Cube-SoM-uGOAL.1.1.0
2022-11-04 03:58:27,085 [WARN] PackLoader:242 - Cannot read IP mode file for STMicroelectronics.X-CUBE-ALS.1.0.1
2022-11-04 03:58:27,099 [WARN] PackLoader:242 - Cannot read IP mode file for STMicroelectronics.X-CUBE-AZRTOS-L5.1.0.0
2022-11-04 03:58:27,105 [WARN] PackLoader:242 - Cannot read IP mode file for STMicroelectronics.X-CUBE-EEPRMA1.3.1.1
2022-11-04 03:58:27,109 [WARN] PackLoader:242 - Cannot read IP mode file for STMicroelectronics.X-CUBE-GNSS1.5.2.0
2022-11-04 03:58:27,115 [WARN] PackLoader:242 - Cannot read IP mode file for STMicroelectronics.X-CUBE-DISPLAY.2.0.1
2022-11-04 03:58:27,135 [WARN] PackLoader:242 - Cannot read IP mode file for STMicroelectronics.X-CUBE-TOF1.3.0.0
2022-11-04 03:58:27,138 [INFO] ThirdParty:929 - Integrity check success = true
2022-11-04 03:58:27,138 [INFO] IntegrityCheckThread:98 - exiting critical section [integrity check]
2022-11-04 03:58:27,138 [INFO] IntegrityCheckThread:101 - End integrity checks thread
2022-11-04 03:58:27,784 [INFO] LoadUrlFilesThread:177 - End of LoadServerUrlFiles without Thread
2022-11-04 03:58:27,799 [INFO] DetailPanel:339 - Set advertising image to C:/Users/Zver/STM32Cube/Repository/\en.Prom_NBSTM32U50921.jpg
2022-11-04 03:58:39,721 [INFO] MainUpdater:2768 - connection check result : 10
2022-11-04 03:58:39,722 [INFO] MainUpdater:2768 - connection check result : 10
2022-11-04 03:58:39,737 [INFO] MicroXplorer:451 - Change Database Path : 
2022-11-04 03:58:39,738 [INFO] MicroXplorer:481 - Change Database Version : DB.6.0.60
2022-11-04 03:58:39,738 [WARN] ThirdParty:827 - waiting for thirdparty lock release [close project]
2022-11-04 03:58:39,738 [INFO] ThirdParty:829 - entering critical section [close project]
2022-11-04 03:58:39,739 [INFO] ThirdParty:839 - exiting critical section [close project]
2022-11-04 03:58:39,743 [INFO] PinOutPanel:1468 - setPackage(No Configuration,No Configuration)
2022-11-04 03:58:39,748 [INFO] UtilMem:74 - Begin LoadConfig() Used Memory: 257797032 Bytes (372244480)
2022-11-04 03:58:39,749 [INFO] MicroXplorer:451 - Change Database Path : 
2022-11-04 03:58:39,749 [INFO] MicroXplorer:481 - Change Database Version : DB.6.0.60
2022-11-04 03:58:39,749 [INFO] OpenFileManager:307 - Change cursor
2022-11-04 03:58:39,871 [INFO] Mcu:1922 - Initializing MCU STM32F103C8Tx STM32F103C8Tx 
2022-11-04 03:58:39,872 [INFO] Mcu:1935 - No CPN specified => set CPN to STM32F103C8T6
2022-11-04 03:58:40,660 [INFO] Context:654 - Trying to add GPIOservice into a context  which must be forbidden
2022-11-04 03:58:40,894 [INFO] ImportTextPane:193 - (OptionalMessage_ERROR) Unable to find key (Mcu.ThirdPartyNb) in loaded IOC file
2022-11-04 03:58:40,895 [INFO] ImportTextPane:193 - (OptionalMessage_ERROR) Unable to find key (Mcu.PinsNb) in loaded IOC file
2022-11-04 03:58:40,895 [INFO] ImportTextPane:193 - (OptionalMessage_ERROR) Unable to find key (Mcu.IPNb) in loaded IOC file
2022-11-04 03:58:40,957 [WARN] ApiManager:308 - Cannot register API 'Board Extension:GNSS1A1' from pack STMicroelectronics.X-CUBE-GNSS1.6.0.0: no header file found
2022-11-04 03:58:40,958 [WARN] ApiManager:308 - Cannot register API 'Board Support:Custom' from pack STMicroelectronics.X-CUBE-GNSS1.6.0.0: no header file found
2022-11-04 03:58:40,958 [WARN] ApiManager:308 - Cannot register API 'Data Exchange:lib_gnss' from pack STMicroelectronics.X-CUBE-GNSS1.6.0.0: no header file found
2022-11-04 03:58:40,970 [WARN] ApiManager:308 - Cannot register API 'Wireless:BlueNRG-MS' from pack STMicroelectronics.X-CUBE-BLE1.6.2.3: no header file found
2022-11-04 03:58:40,971 [INFO] RtosManager:488 - Registered RTOS mode: class=CMSIS, group=RTOS, mode=CMSIS_V1, owner=FREERTOS
2022-11-04 03:58:40,972 [INFO] RtosManager:488 - Registered RTOS mode: class=CMSIS, group=RTOS2, mode=CMSIS_V2, owner=FREERTOS
2022-11-04 03:58:40,972 [INFO] RtosManager:488 - Registered RTOS mode: class=RTOS, group=Core, mode=CMSIS_V1, owner=FREERTOS
2022-11-04 03:58:40,972 [INFO] RtosManager:488 - Registered RTOS mode: class=RTOS, group=Core, mode=CMSIS_V2, owner=FREERTOS
2022-11-04 03:58:40,972 [WARN] ModelIntegratedComponent:185 - Missing modes for component STMicroelectronics:FreeRTOS:0.0.1:STMicroelectronics:RTOS:FreeRTOS:Core:::10.2.0:
2022-11-04 03:58:40,976 [WARN] ApiManager:308 - Cannot register API 'Board Extension:S2868A1' from pack STMicroelectronics.X-CUBE-SUBG2.5.0.0: no header file found
2022-11-04 03:58:40,976 [WARN] ApiManager:308 - Cannot register API 'Board Extension:S2868A2' from pack STMicroelectronics.X-CUBE-SUBG2.5.0.0: no header file found
2022-11-04 03:58:40,976 [WARN] ApiManager:308 - Cannot register API 'Board Extension:S2915A1' from pack STMicroelectronics.X-CUBE-SUBG2.5.0.0: no header file found
2022-11-04 03:58:40,981 [WARN] ApiManager:308 - Cannot register API 'Wireless:BlueNRG-MS' from pack STMicroelectronics.X-CUBE-BLE1.6.2.2: no header file found
2022-11-04 03:58:40,981 [WARN] ApiManager:308 - Cannot register API 'Board Extension:NFC04A1' from pack STMicroelectronics.X-CUBE-NFC4.2.0.4: no header file found
2022-11-04 03:58:40,982 [WARN] ApiManager:308 - Cannot register API 'Wireless:BlueNRG-2' from pack STMicroelectronics.X-CUBE-BLE2.3.2.2: no header file found
2022-11-04 03:58:40,983 [WARN] ApiManager:308 - Cannot register API 'Board Extension:NFC04A1' from pack STMicroelectronics.X-CUBE-NFC4.2.0.3: no header file found
2022-11-04 03:58:40,987 [WARN] ApiManager:308 - Cannot register API 'Board Extension:S2868A1' from pack STMicroelectronics.X-CUBE-SFXS2LP1.3.1.0: no header file found
2022-11-04 03:58:40,987 [WARN] ApiManager:308 - Cannot register API 'Board Extension:S2868A2' from pack STMicroelectronics.X-CUBE-SFXS2LP1.3.1.0: no header file found
2022-11-04 03:58:40,987 [WARN] ApiManager:308 - Cannot register API 'Board Extension:S2915A1' from pack STMicroelectronics.X-CUBE-SFXS2LP1.3.1.0: no header file found
2022-11-04 03:58:41,000 [WARN] ModelIntegratedComponent:64 - No mode defined for component null
2022-11-04 03:58:41,000 [WARN] ModelIntegratedComponent:64 - No mode defined for component null
2022-11-04 03:58:41,000 [WARN] ModelIntegratedComponent:64 - No mode defined for component null
2022-11-04 03:58:41,000 [WARN] ModelIntegratedComponent:64 - No mode defined for component null
2022-11-04 03:58:41,000 [WARN] ModelIntegratedComponent:64 - No mode defined for component null
2022-11-04 03:58:41,000 [WARN] ModelIntegratedComponent:64 - No mode defined for component null
2022-11-04 03:58:41,000 [WARN] ModelIntegratedComponent:64 - No mode defined for component null
2022-11-04 03:58:41,000 [WARN] ModelIntegratedComponent:64 - No mode defined for component null
2022-11-04 03:58:41,000 [WARN] ModelIntegratedComponent:64 - No mode defined for component null
2022-11-04 03:58:41,000 [WARN] ModelIntegratedComponent:64 - No mode defined for component null
2022-11-04 03:58:41,000 [WARN] ModelIntegratedComponent:64 - No mode defined for component null
2022-11-04 03:58:41,000 [WARN] ModelIntegratedComponent:64 - No mode defined for component null
2022-11-04 03:58:41,001 [WARN] ModelIntegratedComponent:64 - No mode defined for component null
2022-11-04 03:58:41,001 [WARN] ModelIntegratedComponent:64 - No mode defined for component null
2022-11-04 03:58:41,001 [WARN] ModelIntegratedComponent:64 - No mode defined for component null
2022-11-04 03:58:41,001 [WARN] ModelIntegratedComponent:64 - No mode defined for component null
2022-11-04 03:58:41,001 [WARN] ModelIntegratedComponent:64 - No mode defined for component null
2022-11-04 03:58:41,001 [WARN] ModelIntegratedComponent:64 - No mode defined for component null
2022-11-04 03:58:41,001 [WARN] ModelIntegratedComponent:64 - No mode defined for component null
2022-11-04 03:58:41,001 [WARN] ModelIntegratedComponent:64 - No mode defined for component null
2022-11-04 03:58:41,001 [WARN] ModelIntegratedComponent:64 - No mode defined for component null
2022-11-04 03:58:41,001 [WARN] ModelIntegratedComponent:64 - No mode defined for component null
2022-11-04 03:58:41,001 [WARN] ModelIntegratedComponent:64 - No mode defined for component null
2022-11-04 03:58:41,001 [WARN] ModelIntegratedComponent:64 - No mode defined for component null
2022-11-04 03:58:41,001 [WARN] ModelIntegratedComponent:64 - No mode defined for component null
2022-11-04 03:58:41,001 [WARN] ModelIntegratedComponent:64 - No mode defined for component null
2022-11-04 03:58:41,002 [WARN] ModelIntegratedComponent:64 - No mode defined for component null
2022-11-04 03:58:41,002 [WARN] ModelIntegratedComponent:64 - No mode defined for component null
2022-11-04 03:58:41,002 [WARN] ModelIntegratedComponent:64 - No mode defined for component null
2022-11-04 03:58:41,002 [WARN] ModelIntegratedComponent:64 - No mode defined for component null
2022-11-04 03:58:41,002 [WARN] ModelIntegratedComponent:64 - No mode defined for component null
2022-11-04 03:58:41,002 [WARN] ModelIntegratedComponent:64 - No mode defined for component null
2022-11-04 03:58:41,002 [WARN] ModelIntegratedComponent:64 - No mode defined for component null
2022-11-04 03:58:41,004 [WARN] ApiManager:308 - Cannot register API 'Board Extension:NFC07A1' from pack STMicroelectronics.X-CUBE-NFC7.1.0.0: no header file found
2022-11-04 03:58:41,015 [WARN] ApiManager:308 - Cannot register API 'Board Extension:S2868A1' from pack STMicroelectronics.X-CUBE-SUBG2.4.2.0: no header file found
2022-11-04 03:58:41,016 [WARN] ApiManager:308 - Cannot register API 'Board Extension:S2868A2' from pack STMicroelectronics.X-CUBE-SUBG2.4.2.0: no header file found
2022-11-04 03:58:41,016 [WARN] ApiManager:308 - Cannot register API 'Board Extension:S2915A1' from pack STMicroelectronics.X-CUBE-SUBG2.4.2.0: no header file found
2022-11-04 03:58:41,167 [WARN] ApiManager:308 - Cannot register API 'Board Extension:IKS01A3' from pack STMicroelectronics.X-CUBE-MEMS1.9.1.0: no header file found
2022-11-04 03:58:41,167 [WARN] ApiManager:308 - Cannot register API 'Board Extension:IKS01A2' from pack STMicroelectronics.X-CUBE-MEMS1.9.1.0: no header file found
2022-11-04 03:58:41,167 [WARN] ApiManager:308 - Cannot register API 'Board Extension:IKS02A1' from pack STMicroelectronics.X-CUBE-MEMS1.9.1.0: no header file found
2022-11-04 03:58:41,269 [WARN] ApiManager:308 - Cannot register API 'Board Extension:IKS01A3' from pack STMicroelectronics.X-CUBE-MEMS1.9.3.0: no header file found
2022-11-04 03:58:41,269 [WARN] ApiManager:308 - Cannot register API 'Board Extension:IKS01A2' from pack STMicroelectronics.X-CUBE-MEMS1.9.3.0: no header file found
2022-11-04 03:58:41,269 [WARN] ApiManager:308 - Cannot register API 'Board Extension:IKS02A1' from pack STMicroelectronics.X-CUBE-MEMS1.9.3.0: no header file found
2022-11-04 03:58:41,277 [WARN] ApiManager:308 - Cannot register API 'Board Extension:EEPRMA1' from pack STMicroelectronics.X-CUBE-EEPRMA1.3.1.1: no header file found
2022-11-04 03:58:41,277 [WARN] ApiManager:308 - Cannot register API 'Board Extension:EEPRMA2' from pack STMicroelectronics.X-CUBE-EEPRMA1.3.1.1: no header file found
2022-11-04 03:58:41,278 [WARN] ApiManager:308 - Cannot register API 'Board Extension:GNSS1A1' from pack STMicroelectronics.X-CUBE-GNSS1.5.2.0: no header file found
2022-11-04 03:58:41,278 [WARN] ApiManager:308 - Cannot register API 'Board Support:Custom' from pack STMicroelectronics.X-CUBE-GNSS1.5.2.0: no header file found
2022-11-04 03:58:41,278 [WARN] ApiManager:308 - Cannot register API 'Data Exchange:lib_gnss' from pack STMicroelectronics.X-CUBE-GNSS1.5.2.0: no header file found
2022-11-04 03:58:41,279 [WARN] ApiManager:308 - Cannot register API 'Board Extension:S2868A1' from pack STMicroelectronics.X-CUBE-SFXS2LP1.4.0.0: no header file found
2022-11-04 03:58:41,279 [WARN] ApiManager:308 - Cannot register API 'Board Extension:S2868A2' from pack STMicroelectronics.X-CUBE-SFXS2LP1.4.0.0: no header file found
2022-11-04 03:58:41,279 [WARN] ApiManager:308 - Cannot register API 'Board Extension:S2915A1' from pack STMicroelectronics.X-CUBE-SFXS2LP1.4.0.0: no header file found
2022-11-04 03:58:41,280 [WARN] ApiManager:308 - Cannot register API 'Wireless:BlueNRG-2' from pack STMicroelectronics.X-CUBE-BLE2.3.3.0: no header file found
2022-11-04 03:58:41,294 [INFO] ThirdPartyModel:289 - Start build external matchings
2022-11-04 03:58:42,034 [INFO] ThirdPartyModel:302 - End build external matchings
2022-11-04 03:58:42,245 [INFO] UtilMem:74 - End LoadConfig() Used Memory: 272017024 Bytes (400556032)
2022-11-04 03:58:42,262 [WARN] ThirdParty:789 - waiting for thirdparty lock release [change project]
2022-11-04 03:58:42,263 [INFO] ThirdParty:791 - entering critical section [change project]
2022-11-04 03:58:42,263 [INFO] ThirdParty:981 - CMSIS Pack Vendor :wolfSSL I-CUBE-wolfSSL 5.2.0
2022-11-04 03:58:42,263 [INFO] ThirdParty:981 - CMSIS Pack Vendor :RoweBots I-CUBE-UNISONRTOS 5.5.0-4
2022-11-04 03:58:42,263 [INFO] ThirdParty:981 - CMSIS Pack Vendor :STMicroelectronics X-CUBE-GNSS1 6.0.0
2022-11-04 03:58:42,263 [INFO] ThirdParty:981 - CMSIS Pack Vendor :STMicroelectronics X-CUBE-AZRTOS-H7 2.1.0
2022-11-04 03:58:42,263 [INFO] ThirdParty:981 - CMSIS Pack Vendor :STMicroelectronics USB_HOST 2.0.0
2022-11-04 03:58:42,263 [INFO] ThirdParty:981 - CMSIS Pack Vendor :STMicroelectronics X-CUBE-AZRTOS-F4 1.1.0
2022-11-04 03:58:42,263 [INFO] ThirdParty:981 - CMSIS Pack Vendor :STMicroelectronics LIBJPEG 8.0.0
2022-11-04 03:58:42,263 [INFO] ThirdParty:981 - CMSIS Pack Vendor :STMicroelectronics USB_DEVICE 3.0.0
2022-11-04 03:58:42,264 [INFO] ThirdParty:981 - CMSIS Pack Vendor :STMicroelectronics X-CUBE-BLEMGR 1.0.0
2022-11-04 03:58:42,264 [INFO] ThirdParty:981 - CMSIS Pack Vendor :STMicroelectronics X-CUBE-BLEMGR 1.2.0
2022-11-04 03:58:42,264 [INFO] ThirdParty:981 - CMSIS Pack Vendor :STMicroelectronics X-CUBE-AZRTOS-F7 1.1.0
2022-11-04 03:58:42,264 [INFO] ThirdParty:981 - CMSIS Pack Vendor :STMicroelectronics USB_DEVICE 2.0.0
2022-11-04 03:58:42,264 [INFO] ThirdParty:981 - CMSIS Pack Vendor :STMicroelectronics X-CUBE-AI 7.1.0
2022-11-04 03:58:42,264 [INFO] ThirdParty:981 - CMSIS Pack Vendor :STMicroelectronics X-CUBE-BLE1 6.2.3
2022-11-04 03:58:42,264 [INFO] ThirdParty:981 - CMSIS Pack Vendor :STMicroelectronics X-CUBE-ALGOBUILD 1.3.0
2022-11-04 03:58:42,264 [INFO] ThirdParty:981 - CMSIS Pack Vendor :STMicroelectronics FreeRTOS 0.0.1
2022-11-04 03:58:42,264 [INFO] ThirdParty:981 - CMSIS Pack Vendor :STMicroelectronics X-CUBE-AZRTOS-G0 1.1.0
2022-11-04 03:58:42,264 [INFO] ThirdParty:981 - CMSIS Pack Vendor :STMicroelectronics X-CUBE-SUBG2 5.0.0
2022-11-04 03:58:42,264 [INFO] ThirdParty:981 - CMSIS Pack Vendor :SEGGER I-CUBE-embOS 1.2.0
2022-11-04 03:58:42,264 [INFO] ThirdParty:981 - CMSIS Pack Vendor :STMicroelectronics STM32_WPAN 1.0.0
2022-11-04 03:58:42,265 [INFO] ThirdParty:981 - CMSIS Pack Vendor :STMicroelectronics lwIP 2.0.3
2022-11-04 03:58:42,265 [INFO] ThirdParty:981 - CMSIS Pack Vendor :STMicroelectronics X-CUBE-BLE1 6.2.2
2022-11-04 03:58:42,265 [INFO] ThirdParty:981 - CMSIS Pack Vendor :STMicroelectronics X-CUBE-NFC4 2.0.4
2022-11-04 03:58:42,265 [INFO] ThirdParty:981 - CMSIS Pack Vendor :STMicroelectronics X-CUBE-BLE2 3.2.2
2022-11-04 03:58:42,265 [INFO] ThirdParty:981 - CMSIS Pack Vendor :STMicroelectronics USB_HOST 1.0.0
2022-11-04 03:58:42,265 [INFO] ThirdParty:981 - CMSIS Pack Vendor :STMicroelectronics X-CUBE-NFC4 2.0.3
2022-11-04 03:58:42,265 [INFO] ThirdParty:981 - CMSIS Pack Vendor :STMicroelectronics PDM2PCM 3.1.0
2022-11-04 03:58:42,265 [INFO] ThirdParty:981 - CMSIS Pack Vendor :STMicroelectronics FP-ATR-ASTRA1 1.1.1
2022-11-04 03:58:42,265 [INFO] ThirdParty:981 - CMSIS Pack Vendor :STMicroelectronics PDM2PCM 3.3.0
2022-11-04 03:58:42,265 [INFO] ThirdParty:981 - CMSIS Pack Vendor :STMicroelectronics X-CUBE-TOF1 3.1.0
2022-11-04 03:58:42,267 [INFO] ThirdParty:981 - CMSIS Pack Vendor :STMicroelectronics X-CUBE-SFXS2LP1 3.1.0
2022-11-04 03:58:42,267 [INFO] ThirdParty:981 - CMSIS Pack Vendor :STMicroelectronics X-CUBE-AZRTOS-F4 1.0.0
2022-11-04 03:58:42,268 [INFO] ThirdParty:981 - CMSIS Pack Vendor :STMicroelectronics X-CUBE-AZRTOS-H7 2.0.0
2022-11-04 03:58:42,268 [INFO] ThirdParty:981 - CMSIS Pack Vendor :STMicroelectronics X-CUBE-AZRTOS-G4 1.0.0
2022-11-04 03:58:42,268 [INFO] ThirdParty:981 - CMSIS Pack Vendor :STMicroelectronics FP-ATR-SIGFOX1 3.2.0
2022-11-04 03:58:42,268 [INFO] ThirdParty:981 - CMSIS Pack Vendor :STMicroelectronics X-CUBE-AZRTOS-L4 1.0.0
2022-11-04 03:58:42,268 [INFO] ThirdParty:981 - CMSIS Pack Vendor :STMicroelectronics HAL Drivers 0.0.0
2022-11-04 03:58:42,269 [INFO] ThirdParty:981 - CMSIS Pack Vendor :STMicroelectronics MBEDTLS 2.16.2
2022-11-04 03:58:42,269 [INFO] ThirdParty:981 - CMSIS Pack Vendor :emotas I-CUBE-CANOPEN 1.1.2
2022-11-04 03:58:42,269 [INFO] ThirdParty:981 - CMSIS Pack Vendor :STMicroelectronics X-CUBE-TOUCHGFX 4.20.0
2022-11-04 03:58:42,269 [INFO] ThirdParty:981 - CMSIS Pack Vendor :STMicroelectronics MBEDTLS 2.14.1
2022-11-04 03:58:42,269 [INFO] ThirdParty:981 - CMSIS Pack Vendor :STMicroelectronics X-CUBE-NFC7 1.0.0
2022-11-04 03:58:42,269 [INFO] ThirdParty:981 - CMSIS Pack Vendor :STMicroelectronics X-CUBE-AZRTOS-F7 1.0.0
2022-11-04 03:58:42,269 [INFO] ThirdParty:981 - CMSIS Pack Vendor :STMicroelectronics X-CUBE-AZRTOS-WL 1.0.0
2022-11-04 03:58:42,269 [INFO] ThirdParty:981 - CMSIS Pack Vendor :STMicroelectronics X-CUBE-SUBG2 4.2.0
2022-11-04 03:58:42,269 [INFO] ThirdParty:981 - CMSIS Pack Vendor :STMicroelectronics X-CUBE-MEMS1 9.1.0
2022-11-04 03:58:42,269 [INFO] ThirdParty:981 - CMSIS Pack Vendor :STMicroelectronics X-CUBE-MEMS1 9.3.0
2022-11-04 03:58:42,270 [INFO] ThirdParty:981 - CMSIS Pack Vendor :portGmbH I-Cube-SoM-uGOAL 1.1.0
2022-11-04 03:58:42,270 [INFO] ThirdParty:981 - CMSIS Pack Vendor :STMicroelectronics X-CUBE-ALS 1.0.1
2022-11-04 03:58:42,270 [INFO] ThirdParty:981 - CMSIS Pack Vendor :STMicroelectronics X-CUBE-AI 7.2.0
2022-11-04 03:58:42,270 [INFO] ThirdParty:981 - CMSIS Pack Vendor :STMicroelectronics ThreadX 1.0.0
2022-11-04 03:58:42,270 [INFO] ThirdParty:981 - CMSIS Pack Vendor :STMicroelectronics X-CUBE-AZRTOS-L5 1.0.0
2022-11-04 03:58:42,270 [INFO] ThirdParty:981 - CMSIS Pack Vendor :STMicroelectronics USB_DEVICE 1.0.0
2022-11-04 03:58:42,270 [INFO] ThirdParty:981 - CMSIS Pack Vendor :STMicroelectronics X-CUBE-AZRTOS-G0 1.0.0
2022-11-04 03:58:42,270 [INFO] ThirdParty:981 - CMSIS Pack Vendor :STMicroelectronics X-CUBE-EEPRMA1 3.1.1
2022-11-04 03:58:42,270 [INFO] ThirdParty:981 - CMSIS Pack Vendor :STMicroelectronics X-CUBE-GNSS1 5.2.0
2022-11-04 03:58:42,270 [INFO] ThirdParty:981 - CMSIS Pack Vendor :STMicroelectronics ThreadX 0.0.2
2022-11-04 03:58:42,270 [INFO] ThirdParty:981 - CMSIS Pack Vendor :STMicroelectronics lwIP 2.1.2
2022-11-04 03:58:42,270 [INFO] ThirdParty:981 - CMSIS Pack Vendor :STMicroelectronics X-CUBE-SFXS2LP1 4.0.0
2022-11-04 03:58:42,270 [INFO] ThirdParty:981 - CMSIS Pack Vendor :STMicroelectronics X-CUBE-BLE2 3.3.0
2022-11-04 03:58:42,270 [INFO] ThirdParty:981 - CMSIS Pack Vendor :STMicroelectronics X-CUBE-DISPLAY 2.0.1
2022-11-04 03:58:42,271 [INFO] ThirdParty:981 - CMSIS Pack Vendor :STMicroelectronics X-CUBE-DISPLAY 2.2.0
2022-11-04 03:58:42,271 [INFO] ThirdParty:981 - CMSIS Pack Vendor :STMicroelectronics X-CUBE-TOF1 3.2.0
2022-11-04 03:58:42,271 [INFO] ThirdParty:981 - CMSIS Pack Vendor :STMicroelectronics PDM2PCM 3.2.0
2022-11-04 03:58:42,271 [INFO] ThirdParty:981 - CMSIS Pack Vendor :STMicroelectronics X-CUBE-TOUCHGFX 4.18.1
2022-11-04 03:58:42,271 [INFO] ThirdParty:981 - CMSIS Pack Vendor :STMicroelectronics X-CUBE-TOF1 3.0.0
2022-11-04 03:58:42,271 [INFO] ThirdParty:981 - CMSIS Pack Vendor :STMicroelectronics X-CUBE-ISPU 1.0.0
2022-11-04 03:58:42,271 [INFO] ThirdParty:797 - exiting critical section [change project]
2022-11-04 03:58:42,544 [INFO] PinOutPanel:1468 - setPackage(No Configuration,No Configuration)
2022-11-04 03:58:42,546 [INFO] PinOutPanel:1468 - setPackage(STM32F103C8Tx,LQFP48)
2022-11-04 03:58:43,060 [INFO] UtilMem:74 - Before build in PCC Used Memory: 291717472 Bytes (400556032)
2022-11-04 03:58:43,928 [INFO] UtilMem:74 - After build in PCC Used Memory: 286544608 Bytes (440401920)
2022-11-04 03:58:43,962 [INFO] IPUIPlugin:79 - create IPUIPlugin
2022-11-04 03:58:43,962 [INFO] IPUIPlugin:79 - create IPUIPlugin
2022-11-04 03:58:43,963 [INFO] IPUIPlugin:79 - create IPUIPlugin
2022-11-04 03:58:43,964 [INFO] IPUIPlugin:79 - create IPUIPlugin
2022-11-04 03:58:43,964 [INFO] IPUIPlugin:79 - create IPUIPlugin
2022-11-04 03:58:43,964 [INFO] IPUIPlugin:79 - create IPUIPlugin
2022-11-04 03:58:43,964 [INFO] IPUIPlugin:79 - create IPUIPlugin
2022-11-04 03:58:43,964 [INFO] IPUIPlugin:79 - create IPUIPlugin
2022-11-04 03:58:43,964 [INFO] IPUIPlugin:79 - create IPUIPlugin
2022-11-04 03:58:43,965 [INFO] IPUIPlugin:79 - create IPUIPlugin
2022-11-04 03:58:43,965 [INFO] IPUIPlugin:79 - create IPUIPlugin
2022-11-04 03:58:43,965 [INFO] IPUIPlugin:79 - create IPUIPlugin
2022-11-04 03:58:43,965 [INFO] IPUIPlugin:79 - create IPUIPlugin
2022-11-04 03:58:43,966 [INFO] IPUIPlugin:79 - create IPUIPlugin
2022-11-04 03:58:43,966 [INFO] IPUIPlugin:79 - create IPUIPlugin
2022-11-04 03:58:43,966 [INFO] IPUIPlugin:79 - create IPUIPlugin
2022-11-04 03:58:43,966 [INFO] IPUIPlugin:79 - create IPUIPlugin
2022-11-04 03:58:43,967 [INFO] IPUIPlugin:79 - create IPUIPlugin
2022-11-04 03:58:43,967 [INFO] IPUIPlugin:79 - create IPUIPlugin
2022-11-04 03:58:43,967 [INFO] IPUIPlugin:79 - create IPUIPlugin
2022-11-04 03:58:43,968 [INFO] IPUIPlugin:79 - create IPUIPlugin
2022-11-04 03:58:43,968 [INFO] IPUIPlugin:79 - create IPUIPlugin
2022-11-04 03:58:43,968 [INFO] IPUIPlugin:79 - create IPUIPlugin
2022-11-04 03:58:43,968 [INFO] IPUIPlugin:79 - create IPUIPlugin
2022-11-04 03:58:43,969 [INFO] IPUIPlugin:79 - create IPUIPlugin
2022-11-04 03:58:43,969 [INFO] IPUIPlugin:79 - create IPUIPlugin
2022-11-04 03:58:43,969 [INFO] IPUIPlugin:79 - create IPUIPlugin
2022-11-04 03:58:44,253 [INFO] OpenFileManager:327 - Restore cursor
2022-11-04 03:58:45,027 [INFO] UtilMem:74 - End SaveConfig() Used Memory: 298895776 Bytes (440401920)
2022-11-04 03:58:45,215 [INFO] UtilMem:74 - End SaveConfig() Used Memory: 299707520 Bytes (440401920)
2022-11-04 03:58:45,836 [INFO] BlockDiagram:2753 - set Specific Code input for plugin: NVIC
2022-11-04 03:58:45,837 [INFO] BlockDiagram:2753 - set Specific Code input for plugin: RCC
2022-11-04 03:58:45,839 [INFO] CodeGenerator:690 - code generatio: config db path: C:\ST\STM32CubeIDE_1.9.0\STM32CubeIDE\plugins\com.st.stm32cube.common.mx_6.6.1.202207061420\\db\
2022-11-04 03:58:46,320 [INFO] CodeEngine:245 - oldGeneratedFile, D:\github\mc\stm32\RS-485_Modbus_RTU_Master\RS-485_Modbus_RTU_Master\MXTmpFiles\license.tmp_save
2022-11-04 03:58:46,806 [INFO] CodeEngine:269 - Generated code: D:\github\mc\stm32\RS-485_Modbus_RTU_Master\RS-485_Modbus_RTU_Master\MXTmpFiles\license.tmp
2022-11-04 03:58:46,826 [INFO] CodeEngine:245 - oldGeneratedFile, D:\github\mc\stm32\RS-485_Modbus_RTU_Master\RS-485_Modbus_RTU_Master\Core\Src\stm32f1xx_it.c_save
2022-11-04 03:58:47,133 [INFO] CodeEngine:269 - Generated code: D:\github\mc\stm32\RS-485_Modbus_RTU_Master\RS-485_Modbus_RTU_Master\Core\Src\stm32f1xx_it.c
2022-11-04 03:58:47,141 [INFO] CodeEngine:245 - oldGeneratedFile, D:\github\mc\stm32\RS-485_Modbus_RTU_Master\RS-485_Modbus_RTU_Master\Core\Inc\stm32f1xx_it.h_save
2022-11-04 03:58:47,291 [INFO] CodeEngine:269 - Generated code: D:\github\mc\stm32\RS-485_Modbus_RTU_Master\RS-485_Modbus_RTU_Master\Core\Inc\stm32f1xx_it.h
2022-11-04 03:58:47,389 [INFO] CodeEngine:245 - oldGeneratedFile, D:\github\mc\stm32\RS-485_Modbus_RTU_Master\RS-485_Modbus_RTU_Master\Core\Src\stm32f1xx_hal_msp.c_save
2022-11-04 03:58:47,614 [INFO] CodeEngine:269 - Generated code: D:\github\mc\stm32\RS-485_Modbus_RTU_Master\RS-485_Modbus_RTU_Master\Core\Src\stm32f1xx_hal_msp.c
2022-11-04 03:58:47,622 [INFO] CodeEngine:245 - oldGeneratedFile, D:\github\mc\stm32\RS-485_Modbus_RTU_Master\RS-485_Modbus_RTU_Master\MXTmpFiles\system.tmp_save
2022-11-04 03:58:47,706 [INFO] CodeEngine:269 - Generated code: D:\github\mc\stm32\RS-485_Modbus_RTU_Master\RS-485_Modbus_RTU_Master\MXTmpFiles\system.tmp
2022-11-04 03:58:47,714 [INFO] CodeEngine:245 - oldGeneratedFile, D:\github\mc\stm32\RS-485_Modbus_RTU_Master\RS-485_Modbus_RTU_Master\Core\Inc\stm32f1xx_hal_conf.h_save
2022-11-04 03:58:47,915 [INFO] CodeEngine:269 - Generated code: D:\github\mc\stm32\RS-485_Modbus_RTU_Master\RS-485_Modbus_RTU_Master\Core\Inc\stm32f1xx_hal_conf.h
2022-11-04 03:58:48,023 [INFO] CodeEngine:245 - oldGeneratedFile, D:\github\mc\stm32\RS-485_Modbus_RTU_Master\RS-485_Modbus_RTU_Master\Core\Inc\main.h_save
2022-11-04 03:58:48,297 [INFO] CodeEngine:269 - Generated code: D:\github\mc\stm32\RS-485_Modbus_RTU_Master\RS-485_Modbus_RTU_Master\Core\Inc\main.h
2022-11-04 03:58:48,316 [INFO] CodeEngine:245 - oldGeneratedFile, D:\github\mc\stm32\RS-485_Modbus_RTU_Master\RS-485_Modbus_RTU_Master\Core\Src\main.c_save
2022-11-04 03:58:48,552 [INFO] CodeEngine:269 - Generated code: D:\github\mc\stm32\RS-485_Modbus_RTU_Master\RS-485_Modbus_RTU_Master\Core\Src\main.c
2022-11-04 03:58:49,641 [INFO] ProjectBuilder:2919 - Time for Copy HAL[1] : 269mS.
2022-11-04 03:58:49,665 [INFO] ProjectBuilder:4117 - Project Generator version: 3.17.1
2022-11-04 03:58:50,069 [INFO] ConfigFileManager:1394 - The Die is : DIE410
2022-11-04 03:58:50,079 [INFO] ApiDbMcu:505 - Load IP Config File for FATFS
2022-11-04 03:58:50,087 [INFO] ApiDbMcu:505 - Load IP Config File for FREERTOS
2022-11-04 03:58:50,094 [INFO] ApiDbMcu:505 - Load IP Config File for USB_DEVICE
2022-11-04 03:58:53,350 [INFO] ProjectBuilder:4285 - Time for Generating toolchain IDE Files: 3685mS.
2022-11-04 03:58:53,351 [INFO] ProjectBuilder:2790 - Time for Copy CMSIS : 1mS.
2022-11-04 03:58:53,352 [INFO] ProjectBuilder:2790 - Time for Copy CMSIS : 0mS.
2022-11-04 03:58:54,616 [INFO] McuFinderGlobals:57 - Set McuFinderConnectedMode to true
2022-11-04 03:58:54,618 [INFO] ApiDb:443 - Save user favorites file C:\Users\Zver/.stm32cubeide/favorites.mcus.txt: 1 item(s)
2022-11-04 03:58:54,619 [INFO] ApiDb:447 - User favorites MCUs=[STM32F103C8T6]
2022-11-04 04:01:30,688 [INFO] NvicIntPanel:100 - NVIC parent = com.st.microxplorer.plugins.ip.nvic.MultiNvicIntPanel[,0,0,0x0,invalid,layout=javax.swing.BoxLayout,alignmentX=0.0,alignmentY=0.0,border=,flags=9,maximumSize=,minimumSize=,preferredSize=]
2022-11-04 04:02:04,639 [INFO] NvicIntPanel:100 - NVIC parent = com.st.microxplorer.plugins.ip.nvic.MultiNvicIntPanel[,0,0,0x0,invalid,layout=javax.swing.BoxLayout,alignmentX=0.0,alignmentY=0.0,border=,flags=9,maximumSize=,minimumSize=,preferredSize=]
2022-11-04 04:02:39,002 [INFO] NvicIntPanel:100 - NVIC parent = com.st.microxplorer.plugins.ip.nvic.MultiNvicIntPanel[,0,0,0x0,invalid,layout=javax.swing.BoxLayout,alignmentX=0.0,alignmentY=0.0,border=,flags=9,maximumSize=,minimumSize=,preferredSize=]
2022-11-04 04:03:07,078 [INFO] NvicIntPanel:100 - NVIC parent = com.st.microxplorer.plugins.ip.nvic.MultiNvicIntPanel[,0,0,0x0,invalid,layout=javax.swing.BoxLayout,alignmentX=0.0,alignmentY=0.0,border=,flags=9,maximumSize=,minimumSize=,preferredSize=]
2022-11-04 04:07:34,687 [INFO] UtilMem:74 - End SaveConfig() Used Memory: 609999312 Bytes (1069547520)
2022-11-04 04:07:37,193 [INFO] UtilMem:74 - End SaveConfig() Used Memory: 631157752 Bytes (1069547520)
2022-11-04 04:07:40,587 [INFO] UtilMem:74 - End SaveConfig() Used Memory: 702460920 Bytes (1069547520)
2022-11-04 04:07:40,946 [INFO] BlockDiagram:2753 - set Specific Code input for plugin: NVIC
2022-11-04 04:07:40,947 [INFO] BlockDiagram:2753 - set Specific Code input for plugin: USART
2022-11-04 04:07:40,947 [INFO] BlockDiagram:2753 - set Specific Code input for plugin: TIM1_8F1
2022-11-04 04:07:40,947 [INFO] BlockDiagram:2753 - set Specific Code input for plugin: SYS
2022-11-04 04:07:40,948 [INFO] BlockDiagram:2753 - set Specific Code input for plugin: GPIO
2022-11-04 04:07:40,948 [INFO] BlockDiagram:2753 - set Specific Code input for plugin: RCC
2022-11-04 04:07:40,948 [INFO] CodeGenerator:690 - code generatio: config db path: C:\ST\STM32CubeIDE_1.9.0\STM32CubeIDE\plugins\com.st.stm32cube.common.mx_6.6.1.202207061420\\db\
2022-11-04 04:07:41,133 [INFO] CodeEngine:245 - oldGeneratedFile, D:\github\mc\stm32\RS-485_Modbus_RTU_Master\RS-485_Modbus_RTU_Master\MXTmpFiles\license.tmp_save
2022-11-04 04:07:41,370 [INFO] CodeEngine:269 - Generated code: D:\github\mc\stm32\RS-485_Modbus_RTU_Master\RS-485_Modbus_RTU_Master\MXTmpFiles\license.tmp
2022-11-04 04:07:41,416 [INFO] CodeEngine:245 - oldGeneratedFile, D:\github\mc\stm32\RS-485_Modbus_RTU_Master\RS-485_Modbus_RTU_Master\MXTmpFiles\gpio.tmp_save
2022-11-04 04:07:41,569 [INFO] CodeEngine:269 - Generated code: D:\github\mc\stm32\RS-485_Modbus_RTU_Master\RS-485_Modbus_RTU_Master\MXTmpFiles\gpio.tmp
2022-11-04 04:07:41,644 [INFO] CodeEngine:245 - oldGeneratedFile, D:\github\mc\stm32\RS-485_Modbus_RTU_Master\RS-485_Modbus_RTU_Master\Core\Src\stm32f1xx_it.c_save
2022-11-04 04:07:41,858 [INFO] CodeEngine:269 - Generated code: D:\github\mc\stm32\RS-485_Modbus_RTU_Master\RS-485_Modbus_RTU_Master\Core\Src\stm32f1xx_it.c
2022-11-04 04:07:41,866 [INFO] CodeEngine:245 - oldGeneratedFile, D:\github\mc\stm32\RS-485_Modbus_RTU_Master\RS-485_Modbus_RTU_Master\Core\Inc\stm32f1xx_it.h_save
2022-11-04 04:07:41,955 [INFO] CodeEngine:269 - Generated code: D:\github\mc\stm32\RS-485_Modbus_RTU_Master\RS-485_Modbus_RTU_Master\Core\Inc\stm32f1xx_it.h
2022-11-04 04:07:42,006 [INFO] CodeEngine:245 - oldGeneratedFile, D:\github\mc\stm32\RS-485_Modbus_RTU_Master\RS-485_Modbus_RTU_Master\Core\Src\stm32f1xx_hal_msp.c_save
2022-11-04 04:07:42,109 [INFO] CodeEngine:269 - Generated code: D:\github\mc\stm32\RS-485_Modbus_RTU_Master\RS-485_Modbus_RTU_Master\Core\Src\stm32f1xx_hal_msp.c
2022-11-04 04:07:42,112 [INFO] CodeEngine:245 - oldGeneratedFile, D:\github\mc\stm32\RS-485_Modbus_RTU_Master\RS-485_Modbus_RTU_Master\MXTmpFiles\system.tmp_save
2022-11-04 04:07:42,160 [INFO] CodeEngine:269 - Generated code: D:\github\mc\stm32\RS-485_Modbus_RTU_Master\RS-485_Modbus_RTU_Master\MXTmpFiles\system.tmp
2022-11-04 04:07:42,186 [INFO] CodeEngine:245 - oldGeneratedFile, D:\github\mc\stm32\RS-485_Modbus_RTU_Master\RS-485_Modbus_RTU_Master\Core\Inc\stm32f1xx_hal_conf.h_save
2022-11-04 04:07:42,340 [INFO] CodeEngine:269 - Generated code: D:\github\mc\stm32\RS-485_Modbus_RTU_Master\RS-485_Modbus_RTU_Master\Core\Inc\stm32f1xx_hal_conf.h
2022-11-04 04:07:42,370 [WARN] IPConfigManager:3348 - IP not found : TIM
2022-11-04 04:07:42,371 [WARN] CodeGenerator:3567 - IP not found : null
2022-11-04 04:07:42,384 [INFO] CodeEngine:245 - oldGeneratedFile, D:\github\mc\stm32\RS-485_Modbus_RTU_Master\RS-485_Modbus_RTU_Master\Core\Inc\main.h_save
2022-11-04 04:07:42,483 [INFO] CodeEngine:269 - Generated code: D:\github\mc\stm32\RS-485_Modbus_RTU_Master\RS-485_Modbus_RTU_Master\Core\Inc\main.h
2022-11-04 04:07:42,517 [INFO] CodeEngine:245 - oldGeneratedFile, D:\github\mc\stm32\RS-485_Modbus_RTU_Master\RS-485_Modbus_RTU_Master\Core\Src\main.c_save
2022-11-04 04:07:42,631 [INFO] CodeEngine:269 - Generated code: D:\github\mc\stm32\RS-485_Modbus_RTU_Master\RS-485_Modbus_RTU_Master\Core\Src\main.c
2022-11-04 04:07:43,354 [INFO] ProjectBuilder:2919 - Time for Copy HAL[1] : 189mS.
2022-11-04 04:07:43,356 [INFO] ProjectBuilder:4117 - Project Generator version: 3.17.1
2022-11-04 04:07:43,654 [INFO] ConfigFileManager:1394 - The Die is : DIE410
2022-11-04 04:07:44,952 [INFO] ProjectBuilder:4285 - Time for Generating toolchain IDE Files: 1596mS.
2022-11-04 04:07:44,953 [INFO] ProjectBuilder:2790 - Time for Copy CMSIS : 1mS.
2022-11-04 04:07:44,954 [INFO] ProjectBuilder:2790 - Time for Copy CMSIS : 0mS.
2022-11-04 05:35:34,205 [ERROR] LogOutputStream:74 - [STDERR_REDIRECT] 
