2022-10-25 00:43:41,088 [INFO] Activator:177 - 


2022-10-25 00:43:41,089 [INFO] Activator:178 - !SESSION log4j initialized
2022-10-25 00:44:05,891 [ERROR] LogOutputStream:74 - [STDERR_REDIRECT] SLF4J: Failed to load class "org.slf4j.impl.StaticLoggerBinder".
2022-10-25 00:44:05,892 [ERROR] LogOutputStream:74 - [STDERR_REDIRECT] SLF4J: Defaulting to no-operation (NOP) logger implementation
2022-10-25 00:44:05,894 [ERROR] LogOutputStream:74 - [STDERR_REDIRECT] SLF4J: See http://www.slf4j.org/codes.html#StaticLoggerBinder for further details.
2022-10-25 00:45:47,430 [INFO] McuFinderGlobals:44 - Set McuFinder mode to 2 (CubeIDE integrated)
2022-10-25 00:45:47,636 [INFO] ApplicationProperties:181 - Using Application install path: C:\ST\STM32CubeIDE_1.9.0\STM32CubeIDE\plugins\com.st.stm32cube.common.mx_6.6.1.202207061420
2022-10-25 00:45:47,653 [INFO] DbMcusXml:77 - Set database path to: C:\ST\STM32CubeIDE_1.9.0\STM32CubeIDE\plugins\com.st.stm32cube.common.mx_6.6.1.202207061420\\db\/mcu/
2022-10-25 00:45:47,654 [INFO] ApiDb:269 - Set plugin database path to: C:\ST\STM32CubeIDE_1.9.0\STM32CubeIDE\plugins\com.st.stm32cube.common.mx_6.6.1.202207061420\\db\/plugins/boardmanager/
2022-10-25 00:45:47,655 [WARN] ApiDb:254 - Overriding images path with different value:  => C:\ST\STM32CubeIDE_1.9.0\STM32CubeIDE\plugins\com.st.stm32cube.common.mx_6.6.1.202207061420\\db\/plugins/mcufinder/images/
2022-10-25 00:45:47,678 [INFO] ApiDb:249 - Set database path to: C:\Users\Zver\.stmcufinder\plugins\mcufinder//mcu/
2022-10-25 00:45:47,680 [INFO] DbMcusAds:124 - Set database path to: C:\Users\Zver\.stmcufinder\plugins\mcufinder//mcu/
2022-10-25 00:45:47,691 [INFO] CrossReferenceDbSqlite:201 - Set database path to: C:\Users\Zver\.stmcufinder\plugins\mcufinder//mcu/cs/
2022-10-25 00:45:47,785 [INFO] RulesReader:61 - Compatibility file has been processed (282 Rules)
2022-10-25 00:45:48,087 [INFO] DbMcusXml:77 - Set database path to: C:\ST\STM32CubeIDE_1.9.0\STM32CubeIDE\plugins\com.st.stm32cube.common.mx_6.6.1.202207061420\\db\/mcu/
2022-10-25 00:45:48,087 [INFO] ApiDb:269 - Set plugin database path to: C:\ST\STM32CubeIDE_1.9.0\STM32CubeIDE\plugins\com.st.stm32cube.common.mx_6.6.1.202207061420\\db\/plugins/boardmanager/
2022-10-25 00:45:48,087 [INFO] ApiDb:256 - Set plugin images path to: C:\ST\STM32CubeIDE_1.9.0\STM32CubeIDE\plugins\com.st.stm32cube.common.mx_6.6.1.202207061420\\db\/plugins/mcufinder/images/
2022-10-25 00:45:48,088 [WARN] DbFile:40 - Overriding database path with different value: C:\Users\Zver\.stmcufinder\plugins\mcufinder/ => C:\Users\Zver\.stmcufinder\plugins\mcufinder
2022-10-25 00:45:48,088 [INFO] ApiDb:249 - Set database path to: C:\Users\Zver\.stmcufinder\plugins\mcufinder//mcu/
2022-10-25 00:45:48,088 [WARN] DbFile:40 - Overriding database path with different value: C:\Users\Zver\.stmcufinder\plugins\mcufinder/ => C:\Users\Zver\.stmcufinder\plugins\mcufinder
2022-10-25 00:45:48,088 [INFO] DbMcusAds:124 - Set database path to: C:\Users\Zver\.stmcufinder\plugins\mcufinder//mcu/
2022-10-25 00:45:48,089 [WARN] DbFile:40 - Overriding database path with different value: C:\Users\Zver\.stmcufinder\plugins\mcufinder/ => C:\Users\Zver\.stmcufinder\plugins\mcufinder
2022-10-25 00:45:48,089 [WARN] DbFile:40 - Overriding database path with different value: C:\Users\Zver\.stmcufinder\plugins\mcufinder/ => C:\Users\Zver\.stmcufinder\plugins\mcufinder
2022-10-25 00:45:48,089 [INFO] CrossReferenceDbSqlite:201 - Set database path to: C:\Users\Zver\.stmcufinder\plugins\mcufinder//mcu/cs/
2022-10-25 00:45:48,171 [INFO] MainPanel:242 - HeapMemory: 395313152
2022-10-25 00:45:48,255 [INFO] DbMcusXml:77 - Set database path to: C:\ST\STM32CubeIDE_1.9.0\STM32CubeIDE\plugins\com.st.stm32cube.common.mx_6.6.1.202207061420\\db\/mcu/
2022-10-25 00:45:48,255 [INFO] ApiDb:269 - Set plugin database path to: C:\ST\STM32CubeIDE_1.9.0\STM32CubeIDE\plugins\com.st.stm32cube.common.mx_6.6.1.202207061420\\db\/plugins/boardmanager/
2022-10-25 00:45:48,256 [INFO] ApiDb:256 - Set plugin images path to: C:\ST\STM32CubeIDE_1.9.0\STM32CubeIDE\plugins\com.st.stm32cube.common.mx_6.6.1.202207061420\\db\/plugins/mcufinder/images/
2022-10-25 00:45:48,256 [WARN] DbFile:40 - Overriding database path with different value: C:\Users\Zver\.stmcufinder\plugins\mcufinder/ => C:\Users\Zver\.stmcufinder\plugins\mcufinder
2022-10-25 00:45:48,256 [INFO] ApiDb:249 - Set database path to: C:\Users\Zver\.stmcufinder\plugins\mcufinder//mcu/
2022-10-25 00:45:48,256 [WARN] DbFile:40 - Overriding database path with different value: C:\Users\Zver\.stmcufinder\plugins\mcufinder/ => C:\Users\Zver\.stmcufinder\plugins\mcufinder
2022-10-25 00:45:48,256 [INFO] DbMcusAds:124 - Set database path to: C:\Users\Zver\.stmcufinder\plugins\mcufinder//mcu/
2022-10-25 00:45:48,256 [WARN] DbFile:40 - Overriding database path with different value: C:\Users\Zver\.stmcufinder\plugins\mcufinder/ => C:\Users\Zver\.stmcufinder\plugins\mcufinder
2022-10-25 00:45:48,256 [WARN] DbFile:40 - Overriding database path with different value: C:\Users\Zver\.stmcufinder\plugins\mcufinder/ => C:\Users\Zver\.stmcufinder\plugins\mcufinder
2022-10-25 00:45:48,257 [INFO] CrossReferenceDbSqlite:201 - Set database path to: C:\Users\Zver\.stmcufinder\plugins\mcufinder//mcu/cs/
2022-10-25 00:45:48,275 [INFO] ApplicationProperties:181 - Using Application install path: C:\ST\STM32CubeIDE_1.9.0\STM32CubeIDE\plugins\com.st.stm32cube.common.mx_6.6.1.202207061420
2022-10-25 00:45:48,276 [INFO] PluginManage:193 - Search for loadable plugins [exclusion list=, ]
2022-10-25 00:45:48,277 [INFO] PluginManage:307 - Check plugin analytics
2022-10-25 00:45:48,409 [INFO] AnalyticsPlugin:262 - Accepted Software Licenses: 
2022-10-25 00:45:48,410 [INFO] AnalyticsPlugin:264 - Accepted CMSIS Pack Licenses: 
2022-10-25 00:45:48,410 [INFO] AnalyticsPlugin:266 - Accepted Firmware Licenses: 
2022-10-25 00:45:48,418 [INFO] PluginManage:356 - Loaded plugin analytics (category:tool,tabindex:-1)
2022-10-25 00:45:48,419 [INFO] PluginManage:307 - Check plugin cadmodel
2022-10-25 00:45:48,423 [INFO] CADModel:65 - Init CAD model plugin
2022-10-25 00:45:48,424 [INFO] PluginManage:356 - Loaded plugin cadmodel (category:power,tabindex:5)
2022-10-25 00:45:48,424 [INFO] PluginManage:307 - Check plugin clock
2022-10-25 00:45:48,434 [INFO] PluginManage:356 - Loaded plugin clock (category:base,tabindex:2)
2022-10-25 00:45:48,435 [INFO] PluginManage:307 - Check plugin ddr
2022-10-25 00:45:48,437 [INFO] PluginManage:356 - Loaded plugin ddr (category:tool,tabindex:6)
2022-10-25 00:45:48,437 [INFO] PluginManage:307 - Check plugin filemanager
2022-10-25 00:45:48,595 [INFO] PluginManage:356 - Loaded plugin filemanager (category:base,tabindex:10)
2022-10-25 00:45:48,595 [INFO] PluginManage:307 - Check plugin ipmanager
2022-10-25 00:45:48,608 [INFO] PluginManage:356 - Loaded plugin ipmanager (category:base,tabindex:5)
2022-10-25 00:45:48,609 [INFO] PluginManage:307 - Check plugin lpbam
2022-10-25 00:45:48,617 [INFO] PluginManage:356 - Loaded plugin lpbam (category:base,tabindex:0)
2022-10-25 00:45:48,618 [INFO] PluginManage:307 - Check plugin pinoutandconfiguration
2022-10-25 00:45:48,624 [INFO] PluginManage:356 - Loaded plugin pinoutandconfiguration (category:base,tabindex:1)
2022-10-25 00:45:48,625 [INFO] PluginManage:307 - Check plugin pinoutconfig
2022-10-25 00:45:48,660 [INFO] PluginManage:356 - Loaded plugin pinoutconfig (category:base,tabindex:0)
2022-10-25 00:45:48,660 [INFO] PluginManage:307 - Check plugin power
2022-10-25 00:45:48,669 [INFO] PluginManage:356 - Loaded plugin power (category:power,tabindex:4)
2022-10-25 00:45:48,670 [INFO] PluginManage:307 - Check plugin projectmanager
2022-10-25 00:45:48,683 [INFO] PluginManage:356 - Loaded plugin projectmanager (category:projectmanager,tabindex:3)
2022-10-25 00:45:48,684 [INFO] PluginManage:307 - Check plugin thirdparty
2022-10-25 00:45:48,797 [INFO] PluginManage:356 - Loaded plugin thirdparty (category:base,tabindex:-1)
2022-10-25 00:45:48,797 [WARN] IntegrityCheckThread:82 - waiting for thirdparty lock release [integrity check]
2022-10-25 00:45:48,797 [INFO] PluginManage:307 - Check plugin tools
2022-10-25 00:45:48,797 [INFO] IntegrityCheckThread:84 - entering critical section [integrity check]
2022-10-25 00:45:48,800 [INFO] ThirdPartyUpdaterWithRetryManager:70 - Updater plugin not ready yet. [1/15]
2022-10-25 00:45:48,800 [INFO] PluginManage:356 - Loaded plugin tools (category:base,tabindex:7)
2022-10-25 00:45:48,801 [INFO] PluginManage:307 - Check plugin tutovideos
2022-10-25 00:45:49,010 [INFO] PluginManage:356 - Loaded plugin tutovideos (category:base,tabindex:-1)
2022-10-25 00:45:49,011 [INFO] PluginManage:307 - Check plugin updater
2022-10-25 00:45:49,026 [INFO] PluginManage:356 - Loaded plugin updater (category:base,tabindex:12)
2022-10-25 00:45:49,027 [INFO] PluginManage:280 - PluginManage : Loaded plugins [15]
2022-10-25 00:45:49,522 [INFO] PinOutPanel:1468 - setPackage(No Configuration,No Configuration)
2022-10-25 00:45:49,616 [INFO] CADModel:98 - CPN selected for project level
2022-10-25 00:45:49,628 [INFO] IPUIPlugin:79 - create IPUIPlugin
2022-10-25 00:45:49,629 [INFO] PluginManager:217 - loadIPPluginJar : add adc
2022-10-25 00:45:49,631 [INFO] IPUIPlugin:79 - create IPUIPlugin
2022-10-25 00:45:49,631 [INFO] PluginManager:217 - loadIPPluginJar : add aes
2022-10-25 00:45:49,633 [INFO] IPUIPlugin:79 - create IPUIPlugin
2022-10-25 00:45:49,633 [INFO] PluginManager:217 - loadIPPluginJar : add can
2022-10-25 00:45:49,634 [INFO] IPUIPlugin:79 - create IPUIPlugin
2022-10-25 00:45:49,634 [INFO] PluginManager:217 - loadIPPluginJar : add comp
2022-10-25 00:45:49,636 [INFO] IPUIPlugin:79 - create IPUIPlugin
2022-10-25 00:45:49,636 [INFO] PluginManager:217 - loadIPPluginJar : add cryp
2022-10-25 00:45:49,638 [INFO] IPUIPlugin:79 - create IPUIPlugin
2022-10-25 00:45:49,638 [INFO] PluginManager:217 - loadIPPluginJar : add dfsdm
2022-10-25 00:45:49,642 [INFO] IPUIPlugin:79 - create IPUIPlugin
2022-10-25 00:45:49,643 [INFO] PluginManager:217 - loadIPPluginJar : add dma
2022-10-25 00:45:49,644 [INFO] IPUIPlugin:79 - create IPUIPlugin
2022-10-25 00:45:49,644 [INFO] PluginManager:217 - loadIPPluginJar : add dma3
2022-10-25 00:45:49,645 [INFO] IPUIPlugin:79 - create IPUIPlugin
2022-10-25 00:45:49,645 [INFO] PluginManager:217 - loadIPPluginJar : add fatfs
2022-10-25 00:45:49,648 [INFO] IPUIPlugin:79 - create IPUIPlugin
2022-10-25 00:45:49,649 [INFO] PluginManager:217 - loadIPPluginJar : add fmc
2022-10-25 00:45:49,653 [INFO] IPUIPlugin:79 - create IPUIPlugin
2022-10-25 00:45:49,653 [INFO] PluginManager:217 - loadIPPluginJar : add freertos
2022-10-25 00:45:49,654 [INFO] IPUIPlugin:79 - create IPUIPlugin
2022-10-25 00:45:49,654 [INFO] PluginManager:217 - loadIPPluginJar : add genericplugin
2022-10-25 00:45:49,655 [INFO] IPUIPlugin:79 - create IPUIPlugin
2022-10-25 00:45:49,655 [INFO] PluginManager:217 - loadIPPluginJar : add gfxmmu
2022-10-25 00:45:49,659 [INFO] IPUIPlugin:79 - create IPUIPlugin
2022-10-25 00:45:49,659 [INFO] PluginManager:217 - loadIPPluginJar : add gic
2022-10-25 00:45:49,662 [INFO] IPUIPlugin:79 - create IPUIPlugin
2022-10-25 00:45:49,662 [INFO] PluginManager:217 - loadIPPluginJar : add gpio
2022-10-25 00:45:49,664 [INFO] IPUIPlugin:79 - create IPUIPlugin
2022-10-25 00:45:49,665 [INFO] PluginManager:217 - loadIPPluginJar : add gtzc
2022-10-25 00:45:49,666 [INFO] IPUIPlugin:79 - create IPUIPlugin
2022-10-25 00:45:49,666 [INFO] PluginManager:217 - loadIPPluginJar : add hash
2022-10-25 00:45:49,668 [INFO] IPUIPlugin:79 - create IPUIPlugin
2022-10-25 00:45:49,668 [INFO] PluginManager:217 - loadIPPluginJar : add i2c
2022-10-25 00:45:49,670 [INFO] IPUIPlugin:79 - create IPUIPlugin
2022-10-25 00:45:49,670 [INFO] PluginManager:217 - loadIPPluginJar : add i2s
2022-10-25 00:45:49,673 [INFO] IPUIPlugin:79 - create IPUIPlugin
2022-10-25 00:45:49,673 [INFO] PluginManager:217 - loadIPPluginJar : add ipddr
2022-10-25 00:45:49,678 [INFO] IPUIPlugin:79 - create IPUIPlugin
2022-10-25 00:45:49,678 [INFO] PluginManager:217 - loadIPPluginJar : add linkedlist
2022-10-25 00:45:49,679 [INFO] IPUIPlugin:79 - create IPUIPlugin
2022-10-25 00:45:49,679 [INFO] PluginManager:217 - loadIPPluginJar : add lorawan
2022-10-25 00:45:49,680 [INFO] IPUIPlugin:79 - create IPUIPlugin
2022-10-25 00:45:49,680 [INFO] PluginManager:217 - loadIPPluginJar : add ltdc
2022-10-25 00:45:49,684 [INFO] IPUIPlugin:79 - create IPUIPlugin
2022-10-25 00:45:49,685 [INFO] PluginManager:217 - loadIPPluginJar : add mdma
2022-10-25 00:45:49,687 [INFO] IPUIPlugin:79 - create IPUIPlugin
2022-10-25 00:45:49,687 [INFO] PluginManager:217 - loadIPPluginJar : add nvic
2022-10-25 00:45:49,689 [INFO] IPUIPlugin:79 - create IPUIPlugin
2022-10-25 00:45:49,689 [INFO] PluginManager:217 - loadIPPluginJar : add opamp
2022-10-25 00:45:49,692 [INFO] IPUIPlugin:79 - create IPUIPlugin
2022-10-25 00:45:49,692 [INFO] PluginManager:217 - loadIPPluginJar : add openamp
2022-10-25 00:45:49,694 [INFO] IPUIPlugin:79 - create IPUIPlugin
2022-10-25 00:45:49,695 [INFO] PluginManager:217 - loadIPPluginJar : add pdm2pcm
2022-10-25 00:45:49,700 [INFO] IPUIPlugin:79 - create IPUIPlugin
2022-10-25 00:45:49,702 [INFO] PluginManager:217 - loadIPPluginJar : add plateformsettings
2022-10-25 00:45:49,703 [INFO] IPUIPlugin:79 - create IPUIPlugin
2022-10-25 00:45:49,703 [INFO] PluginManager:217 - loadIPPluginJar : add quadspi
2022-10-25 00:45:49,706 [INFO] IPUIPlugin:79 - create IPUIPlugin
2022-10-25 00:45:49,706 [INFO] PluginManager:217 - loadIPPluginJar : add resmgrutility
2022-10-25 00:45:49,708 [INFO] IPUIPlugin:79 - create IPUIPlugin
2022-10-25 00:45:49,709 [INFO] PluginManager:217 - loadIPPluginJar : add sai
2022-10-25 00:45:49,710 [INFO] IPUIPlugin:79 - create IPUIPlugin
2022-10-25 00:45:49,710 [INFO] PluginManager:217 - loadIPPluginJar : add spi
2022-10-25 00:45:49,713 [INFO] IPUIPlugin:79 - create IPUIPlugin
2022-10-25 00:45:49,714 [INFO] PluginManager:217 - loadIPPluginJar : add stm32_wpan
2022-10-25 00:45:49,715 [INFO] IPUIPlugin:79 - create IPUIPlugin
2022-10-25 00:45:49,715 [INFO] PluginManager:217 - loadIPPluginJar : add tim
2022-10-25 00:45:49,718 [INFO] IPUIPlugin:79 - create IPUIPlugin
2022-10-25 00:45:49,718 [INFO] PluginManager:217 - loadIPPluginJar : add touchsensing
2022-10-25 00:45:49,720 [INFO] IPUIPlugin:79 - create IPUIPlugin
2022-10-25 00:45:49,720 [INFO] PluginManager:217 - loadIPPluginJar : add tracer_emb
2022-10-25 00:45:49,722 [INFO] IPUIPlugin:79 - create IPUIPlugin
2022-10-25 00:45:49,722 [INFO] PluginManager:217 - loadIPPluginJar : add ts
2022-10-25 00:45:49,724 [INFO] IPUIPlugin:79 - create IPUIPlugin
2022-10-25 00:45:49,724 [INFO] PluginManager:217 - loadIPPluginJar : add tsc
2022-10-25 00:45:49,726 [INFO] IPUIPlugin:79 - create IPUIPlugin
2022-10-25 00:45:49,726 [INFO] PluginManager:217 - loadIPPluginJar : add ucpd
2022-10-25 00:45:49,729 [INFO] IPUIPlugin:79 - create IPUIPlugin
2022-10-25 00:45:49,729 [INFO] PluginManager:217 - loadIPPluginJar : add usart
2022-10-25 00:45:49,731 [INFO] IPUIPlugin:79 - create IPUIPlugin
2022-10-25 00:45:49,732 [INFO] PluginManager:217 - loadIPPluginJar : add usbx
2022-10-25 00:45:49,988 [FATAL] Updater:301 - Updater called before beeing initialized
2022-10-25 00:45:50,126 [FATAL] Updater:301 - Updater called before beeing initialized
2022-10-25 00:45:50,132 [INFO] DbMcusAds:52 - JSON generation date=Thu Sep 30 09:56:37 MSK 2021 (1632984997303)
2022-10-25 00:45:50,133 [FATAL] Updater:301 - Updater called before beeing initialized
2022-10-25 00:45:50,223 [WARN] DetailPanel:344 - Failed to get advertising image, set to default
2022-10-25 00:45:50,450 [FATAL] Updater:301 - Updater called before beeing initialized
2022-10-25 00:45:50,452 [FATAL] Updater:301 - Updater called before beeing initialized
2022-10-25 00:45:50,452 [FATAL] Updater:301 - Updater called before beeing initialized
2022-10-25 00:45:50,452 [WARN] DetailPanel:344 - Failed to get advertising image, set to default
2022-10-25 00:45:50,453 [FATAL] Updater:301 - Updater called before beeing initialized
2022-10-25 00:45:50,498 [ERROR] Updater:1105 - MainUpdater not yet initialized. External WinMGr cannot be set.
2022-10-25 00:45:50,501 [INFO] Updater:1041 - Updater Version found : 6.6.1
2022-10-25 00:45:50,517 [INFO] ApplicationProperties:181 - Using Application install path: C:\ST\STM32CubeIDE_1.9.0\STM32CubeIDE\plugins\com.st.stm32cube.common.mx_6.6.1.202207061420
2022-10-25 00:45:50,638 [INFO] MainUpdater:2768 - connection check result : 10
2022-10-25 00:45:50,638 [INFO] MainUpdater:280 - Updater Check For Update Now.
2022-10-25 00:45:50,638 [INFO] MicroXplorer:481 - Change Database Version : DB.6.0.60
2022-10-25 00:45:50,791 [INFO] CheckServerUpdateThread:119 - End of CheckServer Thread
2022-10-25 00:45:50,847 [INFO] MainUpdater:2768 - connection check result : 10
2022-10-25 00:45:51,097 [INFO] McuFinderGlobals:57 - Set McuFinderConnectedMode to true
2022-10-25 00:45:51,104 [INFO] MultiScanPanel:195 - Auto-refresh data requested => check proxy status ongoing
2022-10-25 00:45:51,108 [INFO] FinderPluginLoader:92 - Searching for filters in installed packs
2022-10-25 00:45:51,207 [INFO] ApiDb:576 - Connected to CubeFinder SQLite database (C:\Users\Zver\.stmcufinder\plugins\mcufinder\mcu\cube-finder-db.db)
2022-10-25 00:45:51,248 [INFO] ApiDb:663 - CubeFinder database Data Model version=2.1
2022-10-25 00:45:51,248 [INFO] ApiDb:664 - CubeFinder database Configuration version=3.0.32
2022-10-25 00:45:51,249 [INFO] ApiDb:665 - CubeFinder database generation date=2022-08-05 (1659688109)
2022-10-25 00:45:51,249 [INFO] ApiDb:666 - CubeFinder database FW Pack versions=[STM32Cube_FW_C0_V1.0.0, STM32Cube_FW_F4_V1.27.1, STM32Cube_FW_F7_V1.17.0, STM32Cube_FW_G0_V1.6.1, STM32Cube_FW_G4_V1.5.0, STM32Cube_FW_H7_V1.10.0, STM32Cube_FW_L5_V1.4.0, STM32Cube_FW_U5_V1.1.1, STM32Cube_FW_WB_V1.14.1, STM32Cube_FW_WL_V1.2.0, X-CUBE-ALGOBUILD_V1.3.0, X-CUBE-ALS_V1.0.1, X-CUBE-AZRTOS-F4_V1.1.0, X-CUBE-AZRTOS-F7_V1.1.0, X-CUBE-AZRTOS-G0_V1.1.0, X-CUBE-AZRTOS-G4_V1.0.0, X-CUBE-AZRTOS-H7_V2.1.0, X-CUBE-AZRTOS-L4_V1.0.0, X-CUBE-AZRTOS-L5_V1.0.0, X-CUBE-AZRTOS-WL_V1.0.0, X-CUBE-BLE1_V6.2.3, X-CUBE-BLE2_V3.3.0, X-CUBE-EEPRMA1_V3.1.1, X-CUBE-GNSS1_V6.0.0, X-CUBE-MEMS1_V9.1.0, X-CUBE-MEMS1_V9.3.0, X-CUBE-NFC4_V2.0.4, X-CUBE-NFC7_V1.0.0, X-CUBE-SFXS2LP1_V4.0.0, X-CUBE-SUBG2_V5.0.0]
2022-10-25 00:45:51,936 [WARN] PackLoader:242 - Cannot read IP mode file for wolfSSL.I-CUBE-wolfSSL.5.2.0
2022-10-25 00:45:51,950 [WARN] PackLoader:242 - Cannot read IP mode file for STMicroelectronics.X-CUBE-GNSS1.6.0.0
2022-10-25 00:45:51,997 [WARN] PackLoader:242 - Cannot read IP mode file for STMicroelectronics.X-CUBE-AZRTOS-F4.1.1.0
2022-10-25 00:45:52,017 [WARN] PackLoader:242 - Cannot read IP mode file for STMicroelectronics.X-CUBE-BLEMGR.1.2.0
2022-10-25 00:45:52,050 [WARN] PackLoader:242 - Cannot read IP mode file for STMicroelectronics.X-CUBE-AZRTOS-F7.1.1.0
2022-10-25 00:45:52,072 [WARN] PackLoader:242 - Cannot read IP mode file for STMicroelectronics.X-CUBE-AI.7.1.0
2022-10-25 00:45:52,079 [WARN] PackLoader:242 - Cannot read IP mode file for STMicroelectronics.X-CUBE-BLE1.6.2.3
2022-10-25 00:45:52,086 [WARN] PackLoader:242 - Cannot read IP mode file for STMicroelectronics.X-CUBE-BLE1.6.2.2
2022-10-25 00:45:52,092 [WARN] PackLoader:242 - Cannot read IP mode file for STMicroelectronics.X-CUBE-NFC4.2.0.4
2022-10-25 00:45:52,099 [WARN] PackLoader:242 - Cannot read IP mode file for STMicroelectronics.X-CUBE-BLE2.3.2.2
2022-10-25 00:45:52,106 [WARN] PackLoader:242 - Cannot read IP mode file for STMicroelectronics.X-CUBE-NFC4.2.0.3
2022-10-25 00:45:52,121 [WARN] PackLoader:242 - Cannot read IP mode file for STMicroelectronics.X-CUBE-TOF1.3.1.0
2022-10-25 00:45:52,138 [WARN] PackLoader:242 - Cannot read IP mode file for STMicroelectronics.X-CUBE-SFXS2LP1.3.1.0
2022-10-25 00:45:52,169 [WARN] PackLoader:242 - Cannot read IP mode file for STMicroelectronics.X-CUBE-AZRTOS-F4.1.0.0
2022-10-25 00:45:52,201 [WARN] PackLoader:242 - Cannot read IP mode file for STMicroelectronics.X-CUBE-NFC7.1.0.0
2022-10-25 00:45:52,217 [WARN] PackLoader:242 - Cannot read IP mode file for STMicroelectronics.X-CUBE-SUBG2.4.2.0
2022-10-25 00:45:52,290 [WARN] PackLoader:242 - Cannot read IP mode file for STMicroelectronics.X-CUBE-MEMS1.9.3.0
2022-10-25 00:45:52,480 [WARN] PackLoader:242 - Cannot read IP mode file for STMicroelectronics.X-CUBE-AI.7.2.0
2022-10-25 00:45:52,495 [WARN] PackLoader:242 - Cannot read IP mode file for STMicroelectronics.X-CUBE-AZRTOS-G0.1.0.0
2022-10-25 00:45:52,503 [WARN] PackLoader:242 - Cannot read IP mode file for STMicroelectronics.X-CUBE-SFXS2LP1.4.0.0
2022-10-25 00:45:52,507 [WARN] PackLoader:242 - Cannot read IP mode file for STMicroelectronics.X-CUBE-BLE2.3.3.0
2022-10-25 00:45:52,515 [WARN] PackLoader:242 - Cannot read IP mode file for STMicroelectronics.X-CUBE-DISPLAY.2.2.0
2022-10-25 00:45:52,533 [WARN] PackLoader:242 - Cannot read IP mode file for STMicroelectronics.X-CUBE-TOF1.3.2.0
2022-10-25 00:45:52,544 [WARN] PackLoader:242 - Cannot read IP mode file for STMicroelectronics.X-CUBE-TOUCHGFX.4.18.1
2022-10-25 00:45:52,547 [WARN] PackLoader:242 - Cannot read IP mode file for STMicroelectronics.X-CUBE-ISPU.1.0.0
2022-10-25 00:45:52,554 [WARN] PackLoader:242 - Cannot read IP mode file for RoweBots.I-CUBE-UNISONRTOS.5.5.0-4
2022-10-25 00:45:52,572 [WARN] PackLoader:242 - Cannot read IP mode file for STMicroelectronics.X-CUBE-AZRTOS-H7.2.1.0
2022-10-25 00:45:52,591 [WARN] PackLoader:242 - Cannot read IP mode file for STMicroelectronics.X-CUBE-BLEMGR.1.0.0
2022-10-25 00:45:52,598 [WARN] PackLoader:242 - Cannot read IP mode file for STMicroelectronics.X-CUBE-ALGOBUILD.1.3.0
2022-10-25 00:45:52,610 [WARN] PackLoader:242 - Cannot read IP mode file for STMicroelectronics.X-CUBE-AZRTOS-G0.1.1.0
2022-10-25 00:45:52,627 [WARN] PackLoader:242 - Cannot read IP mode file for STMicroelectronics.X-CUBE-SUBG2.5.0.0
2022-10-25 00:45:52,686 [WARN] PackLoader:242 - Cannot read IP mode file for SEGGER.I-CUBE-embOS.1.2.0
2022-10-25 00:45:52,737 [WARN] PackLoader:242 - Cannot read IP mode file for STMicroelectronics.FP-ATR-ASTRA1.1.1.1
2022-10-25 00:45:52,758 [WARN] PackLoader:242 - Cannot read IP mode file for STMicroelectronics.X-CUBE-AZRTOS-H7.2.0.0
2022-10-25 00:45:52,786 [WARN] PackLoader:242 - Cannot read IP mode file for STMicroelectronics.X-CUBE-AZRTOS-G4.1.0.0
2022-10-25 00:45:52,795 [WARN] PackLoader:242 - Cannot read IP mode file for STMicroelectronics.FP-ATR-SIGFOX1.3.2.0
2022-10-25 00:45:52,817 [WARN] PackLoader:242 - Cannot read IP mode file for STMicroelectronics.X-CUBE-AZRTOS-L4.1.0.0
2022-10-25 00:45:52,829 [WARN] PackLoader:242 - Cannot read IP mode file for emotas.I-CUBE-CANOPEN.1.1.2
2022-10-25 00:45:52,832 [WARN] PackLoader:242 - Cannot read IP mode file for STMicroelectronics.X-CUBE-TOUCHGFX.4.20.0
2022-10-25 00:45:52,855 [WARN] PackLoader:242 - Cannot read IP mode file for STMicroelectronics.X-CUBE-AZRTOS-F7.1.0.0
2022-10-25 00:45:52,876 [WARN] PackLoader:242 - Cannot read IP mode file for STMicroelectronics.X-CUBE-AZRTOS-WL.1.0.0
2022-10-25 00:45:52,931 [WARN] PackLoader:242 - Cannot read IP mode file for STMicroelectronics.X-CUBE-MEMS1.9.1.0
2022-10-25 00:45:53,048 [WARN] PackLoader:242 - Cannot read IP mode file for portGmbH.I-Cube-SoM-uGOAL.1.1.0
2022-10-25 00:45:53,053 [WARN] PackLoader:242 - Cannot read IP mode file for STMicroelectronics.X-CUBE-ALS.1.0.1
2022-10-25 00:45:53,070 [WARN] PackLoader:242 - Cannot read IP mode file for STMicroelectronics.X-CUBE-AZRTOS-L5.1.0.0
2022-10-25 00:45:53,092 [WARN] PackLoader:242 - Cannot read IP mode file for STMicroelectronics.X-CUBE-EEPRMA1.3.1.1
2022-10-25 00:45:53,116 [WARN] PackLoader:242 - Cannot read IP mode file for STMicroelectronics.X-CUBE-GNSS1.5.2.0
2022-10-25 00:45:53,122 [WARN] PackLoader:242 - Cannot read IP mode file for STMicroelectronics.X-CUBE-DISPLAY.2.0.1
2022-10-25 00:45:53,130 [WARN] PackLoader:242 - Cannot read IP mode file for STMicroelectronics.X-CUBE-TOF1.3.0.0
2022-10-25 00:45:53,133 [INFO] ThirdParty:929 - Integrity check success = true
2022-10-25 00:45:53,133 [INFO] IntegrityCheckThread:98 - exiting critical section [integrity check]
2022-10-25 00:45:53,133 [INFO] IntegrityCheckThread:101 - End integrity checks thread
2022-10-25 00:45:53,702 [INFO] ApiDb:239 - Found 138 in-development CPN: [B-WB1M-WPAN1, NUCLEO-C031C6, STEVAL-STWINBX1, STM320518-EVAL, STM32C0116-DK, STM32C011D6Y3TR, STM32C011D6Y6TR, STM32C011F4P3, STM32C011F4P6, STM32C011F4U3, STM32C011F4U6TR, STM32C011F6P3, STM32C011F6P6, STM32C011F6U3, STM32C011F6U6TR, STM32C011J4M3, STM32C011J4M6, STM32C011J6M3, STM32C011J6M6, STM32C0316-DK, STM32C031C4T3, STM32C031C4T6, STM32C031C4U3, STM32C031C4U6, STM32C031C6T3, STM32C031C6T6, STM32C031C6U3, STM32C031C6U6, STM32C031F4P3, STM32C031F4P6, STM32C031F6P3, STM32C031F6P6, STM32C031G4U3, STM32C031G4U6, STM32C031G6U3, STM32C031G6U6, STM32C031K4T3, STM32C031K4T6, STM32C031K4U3, STM32C031K4U6, STM32C031K6T3, STM32C031K6T6, STM32C031K6U3, STM32C031K6U6, STM32G071K8TXN, STM32G071K8UXN, STM32G081GBU6N, STM32G081KBT6N, STM32G081KBUXN, STM32G0B1CCT6N, STM32G0B1KCT6, STM32G0B1NEY6TR, STM32G0B1RCT6N, STM32G0C1CCT6, STM32G0C1CCT6N, STM32G0C1CCU6N, STM32G0C1CET6N, STM32G0C1CEU6N, STM32G0C1KCT6, STM32G0C1NEY6TR, STM32G0C1RCI6N, STM32G0C1RCT6N, STM32G0C1REI6N, STM32G0C1RET6N, STM32G0C1VCI6, STM32G0C1VEI6, STM32G471CCT6, STM32G471CCU6, STM32G471CET3, STM32G471CET6, STM32G471CEU3, STM32G471CEU6, STM32G471MCT6, STM32G471MET3, STM32G471MET6, STM32G471MEY6TR, STM32G471QCT6, STM32G471QET3, STM32G471RCT6, STM32G471RET3, STM32G471RET6, STM32G471VCH6, STM32G471VCI6, STM32G471VCT6, STM32G471VEH3, STM32G471VEH6, STM32G471VEI3, STM32G471VEI6, STM32G471VET3, STM32G471VET6, STM32G474CCT6, STM32L476VGY6PTR, STM32L4R5QGI6STR, STM32MP131AAE3, STM32MP131AAF3, STM32MP131AAG3, STM32MP131CAE3, STM32MP131CAF3, STM32MP131CAG3, STM32MP131DAE7, STM32MP131DAF7, STM32MP131DAG7, STM32MP131FAE7, STM32MP131FAF7, STM32MP131FAG7, STM32MP133AAE3, STM32MP133AAF3, STM32MP133AAG3, STM32MP133CAE3, STM32MP133CAF3, STM32MP133CAG3, STM32MP133DAE7, STM32MP133DAF7, STM32MP133DAG7, STM32MP133FAE7, STM32MP133FAF7, STM32MP133FAG7, STM32MP135AAE3, STM32MP135AAF3, STM32MP135AAG3, STM32MP135CAE3, STM32MP135CAF3, STM32MP135CAG3, STM32MP135DAE7, STM32MP135DAF7, STM32MP135DAG7, STM32MP135F-DK, STM32MP135FAE7, STM32MP135FAF7, STM32MP135FAG7, STM32U595ZJT6Q, STM32U599BJY6QTR, STM32U599NIH6Q, STM32U599NJH6Q, STM32U5A5ZJT6Q, STM32U5A9BJY6QTR, STM32U5A9NJH6Q, STM32WB1MMCH6]
2022-10-25 00:45:53,705 [INFO] DbMcus:215 - Found 3542 MCUs, 3542 are supported
2022-10-25 00:45:53,708 [INFO] ApiDb:418 - Load user favorites file C:\Users\Zver/.stm32cubeide/favorites.mcus.txt: 0 item(s)
2022-10-25 00:45:53,708 [INFO] ApiDb:422 - User favorites MCUs=[]
2022-10-25 00:45:53,708 [INFO] DbMcus:221 - Set 0 / 0 favorites MCUs
2022-10-25 00:45:54,795 [INFO] LoadUrlFilesThread:177 - End of LoadServerUrlFiles without Thread
2022-10-25 00:45:54,807 [INFO] DetailPanel:339 - Set advertising image to C:/Users/Zver/STM32Cube/Repository/\en.Prom_NBSTM32U50921.jpg
2022-10-25 00:45:55,507 [INFO] MultiScanPanel:778 - Auto Refresh Data is not needed
2022-10-25 00:45:55,517 [INFO] ApiDb:663 - CubeFinder database Data Model version=2.1
2022-10-25 00:45:55,517 [INFO] ApiDb:664 - CubeFinder database Configuration version=3.0.32
2022-10-25 00:45:55,517 [INFO] ApiDb:665 - CubeFinder database generation date=2022-08-05 (1659688109)
2022-10-25 00:45:55,517 [INFO] ApiDb:666 - CubeFinder database FW Pack versions=[STM32Cube_FW_C0_V1.0.0, STM32Cube_FW_F4_V1.27.1, STM32Cube_FW_F7_V1.17.0, STM32Cube_FW_G0_V1.6.1, STM32Cube_FW_G4_V1.5.0, STM32Cube_FW_H7_V1.10.0, STM32Cube_FW_L5_V1.4.0, STM32Cube_FW_U5_V1.1.1, STM32Cube_FW_WB_V1.14.1, STM32Cube_FW_WL_V1.2.0, X-CUBE-ALGOBUILD_V1.3.0, X-CUBE-ALS_V1.0.1, X-CUBE-AZRTOS-F4_V1.1.0, X-CUBE-AZRTOS-F7_V1.1.0, X-CUBE-AZRTOS-G0_V1.1.0, X-CUBE-AZRTOS-G4_V1.0.0, X-CUBE-AZRTOS-H7_V2.1.0, X-CUBE-AZRTOS-L4_V1.0.0, X-CUBE-AZRTOS-L5_V1.0.0, X-CUBE-AZRTOS-WL_V1.0.0, X-CUBE-BLE1_V6.2.3, X-CUBE-BLE2_V3.3.0, X-CUBE-EEPRMA1_V3.1.1, X-CUBE-GNSS1_V6.0.0, X-CUBE-MEMS1_V9.1.0, X-CUBE-MEMS1_V9.3.0, X-CUBE-NFC4_V2.0.4, X-CUBE-NFC7_V1.0.0, X-CUBE-SFXS2LP1_V4.0.0, X-CUBE-SUBG2_V5.0.0]
2022-10-25 00:45:55,597 [INFO] DbBoardsSqlite:227 - include board P-NUCLEO-WB55-NUCLEO as a kit item of type 'Nucleo-64'
2022-10-25 00:45:55,597 [INFO] DbBoardsSqlite:227 - include board P-NUCLEO-WB55-USBDONGLE as a kit item of type 'Nucleo USB Dongle'
2022-10-25 00:45:55,598 [INFO] DbBoardsSqlite:227 - include board STEVAL-IDP005V1 as a kit item of type 'Evaluation Board'
2022-10-25 00:45:55,598 [INFO] DbBoardsSqlite:227 - include board STEVAL-IDP005V2 as a kit item of type 'Evaluation Board'
2022-10-25 00:45:55,610 [INFO] ApiDb:239 - Found 138 in-development CPN: [B-WB1M-WPAN1, NUCLEO-C031C6, STEVAL-STWINBX1, STM320518-EVAL, STM32C0116-DK, STM32C011D6Y3TR, STM32C011D6Y6TR, STM32C011F4P3, STM32C011F4P6, STM32C011F4U3, STM32C011F4U6TR, STM32C011F6P3, STM32C011F6P6, STM32C011F6U3, STM32C011F6U6TR, STM32C011J4M3, STM32C011J4M6, STM32C011J6M3, STM32C011J6M6, STM32C0316-DK, STM32C031C4T3, STM32C031C4T6, STM32C031C4U3, STM32C031C4U6, STM32C031C6T3, STM32C031C6T6, STM32C031C6U3, STM32C031C6U6, STM32C031F4P3, STM32C031F4P6, STM32C031F6P3, STM32C031F6P6, STM32C031G4U3, STM32C031G4U6, STM32C031G6U3, STM32C031G6U6, STM32C031K4T3, STM32C031K4T6, STM32C031K4U3, STM32C031K4U6, STM32C031K6T3, STM32C031K6T6, STM32C031K6U3, STM32C031K6U6, STM32G071K8TXN, STM32G071K8UXN, STM32G081GBU6N, STM32G081KBT6N, STM32G081KBUXN, STM32G0B1CCT6N, STM32G0B1KCT6, STM32G0B1NEY6TR, STM32G0B1RCT6N, STM32G0C1CCT6, STM32G0C1CCT6N, STM32G0C1CCU6N, STM32G0C1CET6N, STM32G0C1CEU6N, STM32G0C1KCT6, STM32G0C1NEY6TR, STM32G0C1RCI6N, STM32G0C1RCT6N, STM32G0C1REI6N, STM32G0C1RET6N, STM32G0C1VCI6, STM32G0C1VEI6, STM32G471CCT6, STM32G471CCU6, STM32G471CET3, STM32G471CET6, STM32G471CEU3, STM32G471CEU6, STM32G471MCT6, STM32G471MET3, STM32G471MET6, STM32G471MEY6TR, STM32G471QCT6, STM32G471QET3, STM32G471RCT6, STM32G471RET3, STM32G471RET6, STM32G471VCH6, STM32G471VCI6, STM32G471VCT6, STM32G471VEH3, STM32G471VEH6, STM32G471VEI3, STM32G471VEI6, STM32G471VET3, STM32G471VET6, STM32G474CCT6, STM32L476VGY6PTR, STM32L4R5QGI6STR, STM32MP131AAE3, STM32MP131AAF3, STM32MP131AAG3, STM32MP131CAE3, STM32MP131CAF3, STM32MP131CAG3, STM32MP131DAE7, STM32MP131DAF7, STM32MP131DAG7, STM32MP131FAE7, STM32MP131FAF7, STM32MP131FAG7, STM32MP133AAE3, STM32MP133AAF3, STM32MP133AAG3, STM32MP133CAE3, STM32MP133CAF3, STM32MP133CAG3, STM32MP133DAE7, STM32MP133DAF7, STM32MP133DAG7, STM32MP133FAE7, STM32MP133FAF7, STM32MP133FAG7, STM32MP135AAE3, STM32MP135AAF3, STM32MP135AAG3, STM32MP135CAE3, STM32MP135CAF3, STM32MP135CAG3, STM32MP135DAE7, STM32MP135DAF7, STM32MP135DAG7, STM32MP135F-DK, STM32MP135FAE7, STM32MP135FAF7, STM32MP135FAG7, STM32U595ZJT6Q, STM32U599BJY6QTR, STM32U599NIH6Q, STM32U599NJH6Q, STM32U5A5ZJT6Q, STM32U5A9BJY6QTR, STM32U5A9NJH6Q, STM32WB1MMCH6]
2022-10-25 00:45:55,724 [INFO] BoardInfo:879 - No configuration file found for board P-NUCLEO-WB55
2022-10-25 00:45:55,724 [INFO] DbBoards:156 - Kit is not supported: P-NUCLEO-WB55
2022-10-25 00:45:55,735 [INFO] BoardInfo:879 - No configuration file found for board STEVAL-BFA001V1B
2022-10-25 00:45:55,735 [INFO] DbBoards:156 - Kit is not supported: STEVAL-BFA001V1B
2022-10-25 00:45:55,736 [INFO] BoardInfo:879 - No configuration file found for board STEVAL-BFA001V2B
2022-10-25 00:45:55,736 [INFO] DbBoards:156 - Kit is not supported: STEVAL-BFA001V2B
2022-10-25 00:45:55,853 [INFO] DbBoards:160 - Found 176 boards, 173 are supported
2022-10-25 00:45:55,859 [INFO] ApiDb:418 - Load user favorites file C:\Users\Zver/.stm32cubeide/favorites.boards.txt: 0 item(s)
2022-10-25 00:45:55,859 [INFO] ApiDb:422 - User favorites Boards=[]
2022-10-25 00:45:55,859 [INFO] DbBoards:189 - Set 0 / 0 favorites Boards
2022-10-25 00:47:04,554 [INFO] MainUpdater:2768 - connection check result : 10
2022-10-25 00:47:04,555 [INFO] MainUpdater:2768 - connection check result : 10
2022-10-25 00:47:04,571 [INFO] MicroXplorer:451 - Change Database Path : 
2022-10-25 00:47:04,571 [INFO] MicroXplorer:481 - Change Database Version : DB.6.0.60
2022-10-25 00:47:04,572 [WARN] ThirdParty:827 - waiting for thirdparty lock release [close project]
2022-10-25 00:47:04,572 [INFO] ThirdParty:829 - entering critical section [close project]
2022-10-25 00:47:04,573 [INFO] ThirdParty:839 - exiting critical section [close project]
2022-10-25 00:47:04,578 [INFO] PinOutPanel:1468 - setPackage(No Configuration,No Configuration)
2022-10-25 00:47:04,584 [INFO] UtilMem:74 - Begin LoadConfig() Used Memory: 476895864 Bytes (655360000)
2022-10-25 00:47:04,586 [INFO] MicroXplorer:451 - Change Database Path : 
2022-10-25 00:47:04,586 [INFO] MicroXplorer:481 - Change Database Version : DB.6.0.60
2022-10-25 00:47:04,586 [INFO] OpenFileManager:307 - Change cursor
2022-10-25 00:47:04,669 [INFO] Mcu:1922 - Initializing MCU STM32F103C8Tx STM32F103C8Tx 
2022-10-25 00:47:04,670 [INFO] Mcu:1935 - No CPN specified => set CPN to STM32F103C8T6
2022-10-25 00:47:05,351 [INFO] Context:654 - Trying to add GPIOservice into a context  which must be forbidden
2022-10-25 00:47:05,582 [INFO] ImportTextPane:193 - (OptionalMessage_ERROR) Unable to find key (Mcu.ThirdPartyNb) in loaded IOC file
2022-10-25 00:47:05,583 [INFO] ImportTextPane:193 - (OptionalMessage_ERROR) Unable to find key (Mcu.PinsNb) in loaded IOC file
2022-10-25 00:47:05,583 [INFO] ImportTextPane:193 - (OptionalMessage_ERROR) Unable to find key (Mcu.IPNb) in loaded IOC file
2022-10-25 00:47:05,647 [WARN] ApiManager:308 - Cannot register API 'Board Extension:GNSS1A1' from pack STMicroelectronics.X-CUBE-GNSS1.6.0.0: no header file found
2022-10-25 00:47:05,647 [WARN] ApiManager:308 - Cannot register API 'Board Support:Custom' from pack STMicroelectronics.X-CUBE-GNSS1.6.0.0: no header file found
2022-10-25 00:47:05,647 [WARN] ApiManager:308 - Cannot register API 'Data Exchange:lib_gnss' from pack STMicroelectronics.X-CUBE-GNSS1.6.0.0: no header file found
2022-10-25 00:47:05,661 [WARN] ApiManager:308 - Cannot register API 'Wireless:BlueNRG-MS' from pack STMicroelectronics.X-CUBE-BLE1.6.2.3: no header file found
2022-10-25 00:47:05,663 [INFO] RtosManager:488 - Registered RTOS mode: class=CMSIS, group=RTOS, mode=CMSIS_V1, owner=FREERTOS
2022-10-25 00:47:05,663 [INFO] RtosManager:488 - Registered RTOS mode: class=CMSIS, group=RTOS2, mode=CMSIS_V2, owner=FREERTOS
2022-10-25 00:47:05,663 [INFO] RtosManager:488 - Registered RTOS mode: class=RTOS, group=Core, mode=CMSIS_V1, owner=FREERTOS
2022-10-25 00:47:05,663 [INFO] RtosManager:488 - Registered RTOS mode: class=RTOS, group=Core, mode=CMSIS_V2, owner=FREERTOS
2022-10-25 00:47:05,663 [WARN] ModelIntegratedComponent:185 - Missing modes for component STMicroelectronics:FreeRTOS:0.0.1:STMicroelectronics:RTOS:FreeRTOS:Core:::10.2.0:
2022-10-25 00:47:05,670 [WARN] ApiManager:308 - Cannot register API 'Board Extension:S2868A1' from pack STMicroelectronics.X-CUBE-SUBG2.5.0.0: no header file found
2022-10-25 00:47:05,670 [WARN] ApiManager:308 - Cannot register API 'Board Extension:S2868A2' from pack STMicroelectronics.X-CUBE-SUBG2.5.0.0: no header file found
2022-10-25 00:47:05,670 [WARN] ApiManager:308 - Cannot register API 'Board Extension:S2915A1' from pack STMicroelectronics.X-CUBE-SUBG2.5.0.0: no header file found
2022-10-25 00:47:05,676 [WARN] ApiManager:308 - Cannot register API 'Wireless:BlueNRG-MS' from pack STMicroelectronics.X-CUBE-BLE1.6.2.2: no header file found
2022-10-25 00:47:05,677 [WARN] ApiManager:308 - Cannot register API 'Board Extension:NFC04A1' from pack STMicroelectronics.X-CUBE-NFC4.2.0.4: no header file found
2022-10-25 00:47:05,678 [WARN] ApiManager:308 - Cannot register API 'Wireless:BlueNRG-2' from pack STMicroelectronics.X-CUBE-BLE2.3.2.2: no header file found
2022-10-25 00:47:05,678 [WARN] ApiManager:308 - Cannot register API 'Board Extension:NFC04A1' from pack STMicroelectronics.X-CUBE-NFC4.2.0.3: no header file found
2022-10-25 00:47:05,682 [WARN] ApiManager:308 - Cannot register API 'Board Extension:S2868A1' from pack STMicroelectronics.X-CUBE-SFXS2LP1.3.1.0: no header file found
2022-10-25 00:47:05,682 [WARN] ApiManager:308 - Cannot register API 'Board Extension:S2868A2' from pack STMicroelectronics.X-CUBE-SFXS2LP1.3.1.0: no header file found
2022-10-25 00:47:05,682 [WARN] ApiManager:308 - Cannot register API 'Board Extension:S2915A1' from pack STMicroelectronics.X-CUBE-SFXS2LP1.3.1.0: no header file found
2022-10-25 00:47:05,689 [WARN] ModelIntegratedComponent:64 - No mode defined for component null
2022-10-25 00:47:05,690 [WARN] ModelIntegratedComponent:64 - No mode defined for component null
2022-10-25 00:47:05,690 [WARN] ModelIntegratedComponent:64 - No mode defined for component null
2022-10-25 00:47:05,690 [WARN] ModelIntegratedComponent:64 - No mode defined for component null
2022-10-25 00:47:05,690 [WARN] ModelIntegratedComponent:64 - No mode defined for component null
2022-10-25 00:47:05,690 [WARN] ModelIntegratedComponent:64 - No mode defined for component null
2022-10-25 00:47:05,690 [WARN] ModelIntegratedComponent:64 - No mode defined for component null
2022-10-25 00:47:05,690 [WARN] ModelIntegratedComponent:64 - No mode defined for component null
2022-10-25 00:47:05,690 [WARN] ModelIntegratedComponent:64 - No mode defined for component null
2022-10-25 00:47:05,690 [WARN] ModelIntegratedComponent:64 - No mode defined for component null
2022-10-25 00:47:05,690 [WARN] ModelIntegratedComponent:64 - No mode defined for component null
2022-10-25 00:47:05,690 [WARN] ModelIntegratedComponent:64 - No mode defined for component null
2022-10-25 00:47:05,691 [WARN] ModelIntegratedComponent:64 - No mode defined for component null
2022-10-25 00:47:05,691 [WARN] ModelIntegratedComponent:64 - No mode defined for component null
2022-10-25 00:47:05,691 [WARN] ModelIntegratedComponent:64 - No mode defined for component null
2022-10-25 00:47:05,691 [WARN] ModelIntegratedComponent:64 - No mode defined for component null
2022-10-25 00:47:05,691 [WARN] ModelIntegratedComponent:64 - No mode defined for component null
2022-10-25 00:47:05,691 [WARN] ModelIntegratedComponent:64 - No mode defined for component null
2022-10-25 00:47:05,691 [WARN] ModelIntegratedComponent:64 - No mode defined for component null
2022-10-25 00:47:05,691 [WARN] ModelIntegratedComponent:64 - No mode defined for component null
2022-10-25 00:47:05,691 [WARN] ModelIntegratedComponent:64 - No mode defined for component null
2022-10-25 00:47:05,691 [WARN] ModelIntegratedComponent:64 - No mode defined for component null
2022-10-25 00:47:05,691 [WARN] ModelIntegratedComponent:64 - No mode defined for component null
2022-10-25 00:47:05,691 [WARN] ModelIntegratedComponent:64 - No mode defined for component null
2022-10-25 00:47:05,692 [WARN] ModelIntegratedComponent:64 - No mode defined for component null
2022-10-25 00:47:05,692 [WARN] ModelIntegratedComponent:64 - No mode defined for component null
2022-10-25 00:47:05,692 [WARN] ModelIntegratedComponent:64 - No mode defined for component null
2022-10-25 00:47:05,692 [WARN] ModelIntegratedComponent:64 - No mode defined for component null
2022-10-25 00:47:05,692 [WARN] ModelIntegratedComponent:64 - No mode defined for component null
2022-10-25 00:47:05,692 [WARN] ModelIntegratedComponent:64 - No mode defined for component null
2022-10-25 00:47:05,692 [WARN] ModelIntegratedComponent:64 - No mode defined for component null
2022-10-25 00:47:05,692 [WARN] ModelIntegratedComponent:64 - No mode defined for component null
2022-10-25 00:47:05,692 [WARN] ModelIntegratedComponent:64 - No mode defined for component null
2022-10-25 00:47:05,694 [WARN] ApiManager:308 - Cannot register API 'Board Extension:NFC07A1' from pack STMicroelectronics.X-CUBE-NFC7.1.0.0: no header file found
2022-10-25 00:47:05,699 [WARN] ApiManager:308 - Cannot register API 'Board Extension:S2868A1' from pack STMicroelectronics.X-CUBE-SUBG2.4.2.0: no header file found
2022-10-25 00:47:05,699 [WARN] ApiManager:308 - Cannot register API 'Board Extension:S2868A2' from pack STMicroelectronics.X-CUBE-SUBG2.4.2.0: no header file found
2022-10-25 00:47:05,699 [WARN] ApiManager:308 - Cannot register API 'Board Extension:S2915A1' from pack STMicroelectronics.X-CUBE-SUBG2.4.2.0: no header file found
2022-10-25 00:47:05,758 [WARN] ApiManager:308 - Cannot register API 'Board Extension:IKS01A3' from pack STMicroelectronics.X-CUBE-MEMS1.9.1.0: no header file found
2022-10-25 00:47:05,758 [WARN] ApiManager:308 - Cannot register API 'Board Extension:IKS01A2' from pack STMicroelectronics.X-CUBE-MEMS1.9.1.0: no header file found
2022-10-25 00:47:05,758 [WARN] ApiManager:308 - Cannot register API 'Board Extension:IKS02A1' from pack STMicroelectronics.X-CUBE-MEMS1.9.1.0: no header file found
2022-10-25 00:47:05,816 [WARN] ApiManager:308 - Cannot register API 'Board Extension:IKS01A3' from pack STMicroelectronics.X-CUBE-MEMS1.9.3.0: no header file found
2022-10-25 00:47:05,816 [WARN] ApiManager:308 - Cannot register API 'Board Extension:IKS01A2' from pack STMicroelectronics.X-CUBE-MEMS1.9.3.0: no header file found
2022-10-25 00:47:05,816 [WARN] ApiManager:308 - Cannot register API 'Board Extension:IKS02A1' from pack STMicroelectronics.X-CUBE-MEMS1.9.3.0: no header file found
2022-10-25 00:47:05,821 [WARN] ApiManager:308 - Cannot register API 'Board Extension:EEPRMA1' from pack STMicroelectronics.X-CUBE-EEPRMA1.3.1.1: no header file found
2022-10-25 00:47:05,821 [WARN] ApiManager:308 - Cannot register API 'Board Extension:EEPRMA2' from pack STMicroelectronics.X-CUBE-EEPRMA1.3.1.1: no header file found
2022-10-25 00:47:05,822 [WARN] ApiManager:308 - Cannot register API 'Board Extension:GNSS1A1' from pack STMicroelectronics.X-CUBE-GNSS1.5.2.0: no header file found
2022-10-25 00:47:05,822 [WARN] ApiManager:308 - Cannot register API 'Board Support:Custom' from pack STMicroelectronics.X-CUBE-GNSS1.5.2.0: no header file found
2022-10-25 00:47:05,822 [WARN] ApiManager:308 - Cannot register API 'Data Exchange:lib_gnss' from pack STMicroelectronics.X-CUBE-GNSS1.5.2.0: no header file found
2022-10-25 00:47:05,822 [WARN] ApiManager:308 - Cannot register API 'Board Extension:S2868A1' from pack STMicroelectronics.X-CUBE-SFXS2LP1.4.0.0: no header file found
2022-10-25 00:47:05,822 [WARN] ApiManager:308 - Cannot register API 'Board Extension:S2868A2' from pack STMicroelectronics.X-CUBE-SFXS2LP1.4.0.0: no header file found
2022-10-25 00:47:05,822 [WARN] ApiManager:308 - Cannot register API 'Board Extension:S2915A1' from pack STMicroelectronics.X-CUBE-SFXS2LP1.4.0.0: no header file found
2022-10-25 00:47:05,823 [WARN] ApiManager:308 - Cannot register API 'Wireless:BlueNRG-2' from pack STMicroelectronics.X-CUBE-BLE2.3.3.0: no header file found
2022-10-25 00:47:05,834 [INFO] ThirdPartyModel:289 - Start build external matchings
2022-10-25 00:47:06,488 [INFO] ThirdPartyModel:302 - End build external matchings
2022-10-25 00:47:06,648 [INFO] UtilMem:74 - End LoadConfig() Used Memory: 452837240 Bytes (655360000)
2022-10-25 00:47:06,660 [WARN] ThirdParty:789 - waiting for thirdparty lock release [change project]
2022-10-25 00:47:06,661 [INFO] ThirdParty:791 - entering critical section [change project]
2022-10-25 00:47:06,661 [INFO] ThirdParty:981 - CMSIS Pack Vendor :wolfSSL I-CUBE-wolfSSL 5.2.0
2022-10-25 00:47:06,661 [INFO] ThirdParty:981 - CMSIS Pack Vendor :RoweBots I-CUBE-UNISONRTOS 5.5.0-4
2022-10-25 00:47:06,661 [INFO] ThirdParty:981 - CMSIS Pack Vendor :STMicroelectronics X-CUBE-GNSS1 6.0.0
2022-10-25 00:47:06,662 [INFO] ThirdParty:981 - CMSIS Pack Vendor :STMicroelectronics X-CUBE-AZRTOS-H7 2.1.0
2022-10-25 00:47:06,662 [INFO] ThirdParty:981 - CMSIS Pack Vendor :STMicroelectronics USB_HOST 2.0.0
2022-10-25 00:47:06,662 [INFO] ThirdParty:981 - CMSIS Pack Vendor :STMicroelectronics X-CUBE-AZRTOS-F4 1.1.0
2022-10-25 00:47:06,662 [INFO] ThirdParty:981 - CMSIS Pack Vendor :STMicroelectronics LIBJPEG 8.0.0
2022-10-25 00:47:06,662 [INFO] ThirdParty:981 - CMSIS Pack Vendor :STMicroelectronics USB_DEVICE 3.0.0
2022-10-25 00:47:06,662 [INFO] ThirdParty:981 - CMSIS Pack Vendor :STMicroelectronics X-CUBE-BLEMGR 1.0.0
2022-10-25 00:47:06,662 [INFO] ThirdParty:981 - CMSIS Pack Vendor :STMicroelectronics X-CUBE-BLEMGR 1.2.0
2022-10-25 00:47:06,662 [INFO] ThirdParty:981 - CMSIS Pack Vendor :STMicroelectronics X-CUBE-AZRTOS-F7 1.1.0
2022-10-25 00:47:06,662 [INFO] ThirdParty:981 - CMSIS Pack Vendor :STMicroelectronics USB_DEVICE 2.0.0
2022-10-25 00:47:06,662 [INFO] ThirdParty:981 - CMSIS Pack Vendor :STMicroelectronics X-CUBE-AI 7.1.0
2022-10-25 00:47:06,662 [INFO] ThirdParty:981 - CMSIS Pack Vendor :STMicroelectronics X-CUBE-BLE1 6.2.3
2022-10-25 00:47:06,662 [INFO] ThirdParty:981 - CMSIS Pack Vendor :STMicroelectronics X-CUBE-ALGOBUILD 1.3.0
2022-10-25 00:47:06,662 [INFO] ThirdParty:981 - CMSIS Pack Vendor :STMicroelectronics FreeRTOS 0.0.1
2022-10-25 00:47:06,662 [INFO] ThirdParty:981 - CMSIS Pack Vendor :STMicroelectronics X-CUBE-AZRTOS-G0 1.1.0
2022-10-25 00:47:06,662 [INFO] ThirdParty:981 - CMSIS Pack Vendor :STMicroelectronics X-CUBE-SUBG2 5.0.0
2022-10-25 00:47:06,662 [INFO] ThirdParty:981 - CMSIS Pack Vendor :SEGGER I-CUBE-embOS 1.2.0
2022-10-25 00:47:06,662 [INFO] ThirdParty:981 - CMSIS Pack Vendor :STMicroelectronics STM32_WPAN 1.0.0
2022-10-25 00:47:06,662 [INFO] ThirdParty:981 - CMSIS Pack Vendor :STMicroelectronics lwIP 2.0.3
2022-10-25 00:47:06,663 [INFO] ThirdParty:981 - CMSIS Pack Vendor :STMicroelectronics X-CUBE-BLE1 6.2.2
2022-10-25 00:47:06,663 [INFO] ThirdParty:981 - CMSIS Pack Vendor :STMicroelectronics X-CUBE-NFC4 2.0.4
2022-10-25 00:47:06,663 [INFO] ThirdParty:981 - CMSIS Pack Vendor :STMicroelectronics X-CUBE-BLE2 3.2.2
2022-10-25 00:47:06,663 [INFO] ThirdParty:981 - CMSIS Pack Vendor :STMicroelectronics USB_HOST 1.0.0
2022-10-25 00:47:06,663 [INFO] ThirdParty:981 - CMSIS Pack Vendor :STMicroelectronics X-CUBE-NFC4 2.0.3
2022-10-25 00:47:06,663 [INFO] ThirdParty:981 - CMSIS Pack Vendor :STMicroelectronics PDM2PCM 3.1.0
2022-10-25 00:47:06,663 [INFO] ThirdParty:981 - CMSIS Pack Vendor :STMicroelectronics FP-ATR-ASTRA1 1.1.1
2022-10-25 00:47:06,663 [INFO] ThirdParty:981 - CMSIS Pack Vendor :STMicroelectronics PDM2PCM 3.3.0
2022-10-25 00:47:06,663 [INFO] ThirdParty:981 - CMSIS Pack Vendor :STMicroelectronics X-CUBE-TOF1 3.1.0
2022-10-25 00:47:06,663 [INFO] ThirdParty:981 - CMSIS Pack Vendor :STMicroelectronics X-CUBE-SFXS2LP1 3.1.0
2022-10-25 00:47:06,663 [INFO] ThirdParty:981 - CMSIS Pack Vendor :STMicroelectronics X-CUBE-AZRTOS-F4 1.0.0
2022-10-25 00:47:06,663 [INFO] ThirdParty:981 - CMSIS Pack Vendor :STMicroelectronics X-CUBE-AZRTOS-H7 2.0.0
2022-10-25 00:47:06,663 [INFO] ThirdParty:981 - CMSIS Pack Vendor :STMicroelectronics X-CUBE-AZRTOS-G4 1.0.0
2022-10-25 00:47:06,663 [INFO] ThirdParty:981 - CMSIS Pack Vendor :STMicroelectronics FP-ATR-SIGFOX1 3.2.0
2022-10-25 00:47:06,663 [INFO] ThirdParty:981 - CMSIS Pack Vendor :STMicroelectronics X-CUBE-AZRTOS-L4 1.0.0
2022-10-25 00:47:06,663 [INFO] ThirdParty:981 - CMSIS Pack Vendor :STMicroelectronics HAL Drivers 0.0.0
2022-10-25 00:47:06,664 [INFO] ThirdParty:981 - CMSIS Pack Vendor :STMicroelectronics MBEDTLS 2.16.2
2022-10-25 00:47:06,664 [INFO] ThirdParty:981 - CMSIS Pack Vendor :emotas I-CUBE-CANOPEN 1.1.2
2022-10-25 00:47:06,664 [INFO] ThirdParty:981 - CMSIS Pack Vendor :STMicroelectronics X-CUBE-TOUCHGFX 4.20.0
2022-10-25 00:47:06,664 [INFO] ThirdParty:981 - CMSIS Pack Vendor :STMicroelectronics MBEDTLS 2.14.1
2022-10-25 00:47:06,664 [INFO] ThirdParty:981 - CMSIS Pack Vendor :STMicroelectronics X-CUBE-NFC7 1.0.0
2022-10-25 00:47:06,664 [INFO] ThirdParty:981 - CMSIS Pack Vendor :STMicroelectronics X-CUBE-AZRTOS-F7 1.0.0
2022-10-25 00:47:06,664 [INFO] ThirdParty:981 - CMSIS Pack Vendor :STMicroelectronics X-CUBE-AZRTOS-WL 1.0.0
2022-10-25 00:47:06,664 [INFO] ThirdParty:981 - CMSIS Pack Vendor :STMicroelectronics X-CUBE-SUBG2 4.2.0
2022-10-25 00:47:06,664 [INFO] ThirdParty:981 - CMSIS Pack Vendor :STMicroelectronics X-CUBE-MEMS1 9.1.0
2022-10-25 00:47:06,664 [INFO] ThirdParty:981 - CMSIS Pack Vendor :STMicroelectronics X-CUBE-MEMS1 9.3.0
2022-10-25 00:47:06,664 [INFO] ThirdParty:981 - CMSIS Pack Vendor :portGmbH I-Cube-SoM-uGOAL 1.1.0
2022-10-25 00:47:06,664 [INFO] ThirdParty:981 - CMSIS Pack Vendor :STMicroelectronics X-CUBE-ALS 1.0.1
2022-10-25 00:47:06,664 [INFO] ThirdParty:981 - CMSIS Pack Vendor :STMicroelectronics X-CUBE-AI 7.2.0
2022-10-25 00:47:06,664 [INFO] ThirdParty:981 - CMSIS Pack Vendor :STMicroelectronics ThreadX 1.0.0
2022-10-25 00:47:06,664 [INFO] ThirdParty:981 - CMSIS Pack Vendor :STMicroelectronics X-CUBE-AZRTOS-L5 1.0.0
2022-10-25 00:47:06,664 [INFO] ThirdParty:981 - CMSIS Pack Vendor :STMicroelectronics USB_DEVICE 1.0.0
2022-10-25 00:47:06,665 [INFO] ThirdParty:981 - CMSIS Pack Vendor :STMicroelectronics X-CUBE-AZRTOS-G0 1.0.0
2022-10-25 00:47:06,665 [INFO] ThirdParty:981 - CMSIS Pack Vendor :STMicroelectronics X-CUBE-EEPRMA1 3.1.1
2022-10-25 00:47:06,665 [INFO] ThirdParty:981 - CMSIS Pack Vendor :STMicroelectronics X-CUBE-GNSS1 5.2.0
2022-10-25 00:47:06,665 [INFO] ThirdParty:981 - CMSIS Pack Vendor :STMicroelectronics ThreadX 0.0.2
2022-10-25 00:47:06,665 [INFO] ThirdParty:981 - CMSIS Pack Vendor :STMicroelectronics lwIP 2.1.2
2022-10-25 00:47:06,665 [INFO] ThirdParty:981 - CMSIS Pack Vendor :STMicroelectronics X-CUBE-SFXS2LP1 4.0.0
2022-10-25 00:47:06,665 [INFO] ThirdParty:981 - CMSIS Pack Vendor :STMicroelectronics X-CUBE-BLE2 3.3.0
2022-10-25 00:47:06,665 [INFO] ThirdParty:981 - CMSIS Pack Vendor :STMicroelectronics X-CUBE-DISPLAY 2.0.1
2022-10-25 00:47:06,665 [INFO] ThirdParty:981 - CMSIS Pack Vendor :STMicroelectronics X-CUBE-DISPLAY 2.2.0
2022-10-25 00:47:06,665 [INFO] ThirdParty:981 - CMSIS Pack Vendor :STMicroelectronics X-CUBE-TOF1 3.2.0
2022-10-25 00:47:06,665 [INFO] ThirdParty:981 - CMSIS Pack Vendor :STMicroelectronics PDM2PCM 3.2.0
2022-10-25 00:47:06,665 [INFO] ThirdParty:981 - CMSIS Pack Vendor :STMicroelectronics X-CUBE-TOUCHGFX 4.18.1
2022-10-25 00:47:06,665 [INFO] ThirdParty:981 - CMSIS Pack Vendor :STMicroelectronics X-CUBE-TOF1 3.0.0
2022-10-25 00:47:06,665 [INFO] ThirdParty:981 - CMSIS Pack Vendor :STMicroelectronics X-CUBE-ISPU 1.0.0
2022-10-25 00:47:06,665 [INFO] ThirdParty:797 - exiting critical section [change project]
2022-10-25 00:47:06,879 [INFO] PinOutPanel:1468 - setPackage(No Configuration,No Configuration)
2022-10-25 00:47:06,881 [INFO] PinOutPanel:1468 - setPackage(STM32F103C8Tx,LQFP48)
2022-10-25 00:47:07,332 [INFO] UtilMem:74 - Before build in PCC Used Memory: 476268776 Bytes (655360000)
2022-10-25 00:47:08,187 [INFO] UtilMem:74 - After build in PCC Used Memory: 443824400 Bytes (655360000)
2022-10-25 00:47:08,211 [INFO] IPUIPlugin:79 - create IPUIPlugin
2022-10-25 00:47:08,211 [INFO] IPUIPlugin:79 - create IPUIPlugin
2022-10-25 00:47:08,211 [INFO] IPUIPlugin:79 - create IPUIPlugin
2022-10-25 00:47:08,211 [INFO] IPUIPlugin:79 - create IPUIPlugin
2022-10-25 00:47:08,211 [INFO] IPUIPlugin:79 - create IPUIPlugin
2022-10-25 00:47:08,212 [INFO] IPUIPlugin:79 - create IPUIPlugin
2022-10-25 00:47:08,212 [INFO] IPUIPlugin:79 - create IPUIPlugin
2022-10-25 00:47:08,212 [INFO] IPUIPlugin:79 - create IPUIPlugin
2022-10-25 00:47:08,212 [INFO] IPUIPlugin:79 - create IPUIPlugin
2022-10-25 00:47:08,212 [INFO] IPUIPlugin:79 - create IPUIPlugin
2022-10-25 00:47:08,212 [INFO] IPUIPlugin:79 - create IPUIPlugin
2022-10-25 00:47:08,213 [INFO] IPUIPlugin:79 - create IPUIPlugin
2022-10-25 00:47:08,213 [INFO] IPUIPlugin:79 - create IPUIPlugin
2022-10-25 00:47:08,213 [INFO] IPUIPlugin:79 - create IPUIPlugin
2022-10-25 00:47:08,213 [INFO] IPUIPlugin:79 - create IPUIPlugin
2022-10-25 00:47:08,213 [INFO] IPUIPlugin:79 - create IPUIPlugin
2022-10-25 00:47:08,214 [INFO] IPUIPlugin:79 - create IPUIPlugin
2022-10-25 00:47:08,214 [INFO] IPUIPlugin:79 - create IPUIPlugin
2022-10-25 00:47:08,214 [INFO] IPUIPlugin:79 - create IPUIPlugin
2022-10-25 00:47:08,214 [INFO] IPUIPlugin:79 - create IPUIPlugin
2022-10-25 00:47:08,215 [INFO] IPUIPlugin:79 - create IPUIPlugin
2022-10-25 00:47:08,215 [INFO] IPUIPlugin:79 - create IPUIPlugin
2022-10-25 00:47:08,215 [INFO] IPUIPlugin:79 - create IPUIPlugin
2022-10-25 00:47:08,215 [INFO] IPUIPlugin:79 - create IPUIPlugin
2022-10-25 00:47:08,216 [INFO] IPUIPlugin:79 - create IPUIPlugin
2022-10-25 00:47:08,216 [INFO] IPUIPlugin:79 - create IPUIPlugin
2022-10-25 00:47:08,216 [INFO] IPUIPlugin:79 - create IPUIPlugin
2022-10-25 00:47:08,491 [INFO] OpenFileManager:327 - Restore cursor
2022-10-25 00:47:09,238 [INFO] UtilMem:74 - End SaveConfig() Used Memory: 551305488 Bytes (655360000)
2022-10-25 00:47:09,309 [INFO] UtilMem:74 - End SaveConfig() Used Memory: 562839824 Bytes (655360000)
2022-10-25 00:47:09,728 [INFO] BlockDiagram:2753 - set Specific Code input for plugin: NVIC
2022-10-25 00:47:09,728 [INFO] BlockDiagram:2753 - set Specific Code input for plugin: RCC
2022-10-25 00:47:09,729 [INFO] CodeGenerator:690 - code generatio: config db path: C:\ST\STM32CubeIDE_1.9.0\STM32CubeIDE\plugins\com.st.stm32cube.common.mx_6.6.1.202207061420\\db\
2022-10-25 00:47:10,143 [INFO] CodeEngine:245 - oldGeneratedFile, D:\github\mc\stm32\Button_interrupt\Button_interrupt\MXTmpFiles\license.tmp_save
2022-10-25 00:47:10,556 [INFO] CodeEngine:269 - Generated code: D:\github\mc\stm32\Button_interrupt\Button_interrupt\MXTmpFiles\license.tmp
2022-10-25 00:47:10,573 [INFO] CodeEngine:245 - oldGeneratedFile, D:\github\mc\stm32\Button_interrupt\Button_interrupt\Core\Src\stm32f1xx_it.c_save
2022-10-25 00:47:10,746 [INFO] CodeEngine:269 - Generated code: D:\github\mc\stm32\Button_interrupt\Button_interrupt\Core\Src\stm32f1xx_it.c
2022-10-25 00:47:10,757 [INFO] CodeEngine:245 - oldGeneratedFile, D:\github\mc\stm32\Button_interrupt\Button_interrupt\Core\Inc\stm32f1xx_it.h_save
2022-10-25 00:47:10,874 [INFO] CodeEngine:269 - Generated code: D:\github\mc\stm32\Button_interrupt\Button_interrupt\Core\Inc\stm32f1xx_it.h
2022-10-25 00:47:10,953 [INFO] CodeEngine:245 - oldGeneratedFile, D:\github\mc\stm32\Button_interrupt\Button_interrupt\Core\Src\stm32f1xx_hal_msp.c_save
2022-10-25 00:47:11,112 [INFO] CodeEngine:269 - Generated code: D:\github\mc\stm32\Button_interrupt\Button_interrupt\Core\Src\stm32f1xx_hal_msp.c
2022-10-25 00:47:11,127 [INFO] CodeEngine:245 - oldGeneratedFile, D:\github\mc\stm32\Button_interrupt\Button_interrupt\MXTmpFiles\system.tmp_save
2022-10-25 00:47:11,198 [INFO] CodeEngine:269 - Generated code: D:\github\mc\stm32\Button_interrupt\Button_interrupt\MXTmpFiles\system.tmp
2022-10-25 00:47:11,208 [INFO] CodeEngine:245 - oldGeneratedFile, D:\github\mc\stm32\Button_interrupt\Button_interrupt\Core\Inc\stm32f1xx_hal_conf.h_save
2022-10-25 00:47:11,564 [INFO] CodeEngine:269 - Generated code: D:\github\mc\stm32\Button_interrupt\Button_interrupt\Core\Inc\stm32f1xx_hal_conf.h
2022-10-25 00:47:11,623 [INFO] CodeEngine:245 - oldGeneratedFile, D:\github\mc\stm32\Button_interrupt\Button_interrupt\Core\Inc\main.h_save
2022-10-25 00:47:11,800 [INFO] CodeEngine:269 - Generated code: D:\github\mc\stm32\Button_interrupt\Button_interrupt\Core\Inc\main.h
2022-10-25 00:47:11,805 [INFO] CodeEngine:245 - oldGeneratedFile, D:\github\mc\stm32\Button_interrupt\Button_interrupt\Core\Src\main.c_save
2022-10-25 00:47:11,973 [INFO] CodeEngine:269 - Generated code: D:\github\mc\stm32\Button_interrupt\Button_interrupt\Core\Src\main.c
2022-10-25 00:47:12,854 [INFO] ProjectBuilder:2919 - Time for Copy HAL[1] : 211mS.
2022-10-25 00:47:12,866 [INFO] ProjectBuilder:4117 - Project Generator version: 3.17.1
2022-10-25 00:47:13,235 [INFO] ConfigFileManager:1394 - The Die is : DIE410
2022-10-25 00:47:13,255 [INFO] ApiDbMcu:505 - Load IP Config File for FATFS
2022-10-25 00:47:13,287 [INFO] ApiDbMcu:505 - Load IP Config File for FREERTOS
2022-10-25 00:47:13,311 [INFO] ApiDbMcu:505 - Load IP Config File for USB_DEVICE
2022-10-25 00:47:16,890 [INFO] ProjectBuilder:4285 - Time for Generating toolchain IDE Files: 4024mS.
2022-10-25 00:47:16,891 [INFO] ProjectBuilder:2790 - Time for Copy CMSIS : 1mS.
2022-10-25 00:47:16,892 [INFO] ProjectBuilder:2790 - Time for Copy CMSIS : 0mS.
2022-10-25 00:47:17,944 [INFO] McuFinderGlobals:57 - Set McuFinderConnectedMode to true
2022-10-25 00:47:17,945 [INFO] ApiDb:443 - Save user favorites file C:\Users\Zver/.stm32cubeide/favorites.mcus.txt: 0 item(s)
2022-10-25 00:47:17,946 [INFO] ApiDb:447 - User favorites MCUs=[]
2022-10-25 00:50:21,518 [INFO] UtilMem:74 - End SaveConfig() Used Memory: 641193504 Bytes (786432000)
2022-10-25 00:50:25,617 [INFO] UtilMem:74 - End SaveConfig() Used Memory: 659843104 Bytes (786432000)
2022-10-25 00:50:27,812 [INFO] UtilMem:74 - End SaveConfig() Used Memory: 478633520 Bytes (786432000)
2022-10-25 00:50:28,058 [INFO] BlockDiagram:2753 - set Specific Code input for plugin: NVIC
2022-10-25 00:50:28,059 [INFO] BlockDiagram:2753 - set Specific Code input for plugin: GPIO
2022-10-25 00:50:28,059 [INFO] BlockDiagram:2753 - set Specific Code input for plugin: RCC
2022-10-25 00:50:28,060 [INFO] CodeGenerator:690 - code generatio: config db path: C:\ST\STM32CubeIDE_1.9.0\STM32CubeIDE\plugins\com.st.stm32cube.common.mx_6.6.1.202207061420\\db\
2022-10-25 00:50:28,190 [INFO] CodeEngine:245 - oldGeneratedFile, D:\github\mc\stm32\Button_interrupt\Button_interrupt\MXTmpFiles\license.tmp_save
2022-10-25 00:50:28,297 [INFO] CodeEngine:269 - Generated code: D:\github\mc\stm32\Button_interrupt\Button_interrupt\MXTmpFiles\license.tmp
2022-10-25 00:50:28,331 [INFO] CodeEngine:245 - oldGeneratedFile, D:\github\mc\stm32\Button_interrupt\Button_interrupt\MXTmpFiles\gpio.tmp_save
2022-10-25 00:50:28,485 [INFO] CodeEngine:269 - Generated code: D:\github\mc\stm32\Button_interrupt\Button_interrupt\MXTmpFiles\gpio.tmp
2022-10-25 00:50:28,510 [INFO] CodeEngine:245 - oldGeneratedFile, D:\github\mc\stm32\Button_interrupt\Button_interrupt\Core\Src\stm32f1xx_it.c_save
2022-10-25 00:50:28,643 [INFO] CodeEngine:269 - Generated code: D:\github\mc\stm32\Button_interrupt\Button_interrupt\Core\Src\stm32f1xx_it.c
2022-10-25 00:50:28,652 [INFO] CodeEngine:245 - oldGeneratedFile, D:\github\mc\stm32\Button_interrupt\Button_interrupt\Core\Inc\stm32f1xx_it.h_save
2022-10-25 00:50:28,733 [INFO] CodeEngine:269 - Generated code: D:\github\mc\stm32\Button_interrupt\Button_interrupt\Core\Inc\stm32f1xx_it.h
2022-10-25 00:50:28,786 [INFO] CodeEngine:245 - oldGeneratedFile, D:\github\mc\stm32\Button_interrupt\Button_interrupt\Core\Src\stm32f1xx_hal_msp.c_save
2022-10-25 00:50:28,905 [INFO] CodeEngine:269 - Generated code: D:\github\mc\stm32\Button_interrupt\Button_interrupt\Core\Src\stm32f1xx_hal_msp.c
2022-10-25 00:50:28,907 [INFO] CodeEngine:245 - oldGeneratedFile, D:\github\mc\stm32\Button_interrupt\Button_interrupt\MXTmpFiles\system.tmp_save
2022-10-25 00:50:28,958 [INFO] CodeEngine:269 - Generated code: D:\github\mc\stm32\Button_interrupt\Button_interrupt\MXTmpFiles\system.tmp
2022-10-25 00:50:28,976 [INFO] CodeEngine:245 - oldGeneratedFile, D:\github\mc\stm32\Button_interrupt\Button_interrupt\Core\Inc\stm32f1xx_hal_conf.h_save
2022-10-25 00:50:29,097 [INFO] CodeEngine:269 - Generated code: D:\github\mc\stm32\Button_interrupt\Button_interrupt\Core\Inc\stm32f1xx_hal_conf.h
2022-10-25 00:50:29,143 [INFO] CodeEngine:245 - oldGeneratedFile, D:\github\mc\stm32\Button_interrupt\Button_interrupt\Core\Inc\main.h_save
2022-10-25 00:50:29,234 [INFO] CodeEngine:269 - Generated code: D:\github\mc\stm32\Button_interrupt\Button_interrupt\Core\Inc\main.h
2022-10-25 00:50:29,267 [INFO] CodeEngine:245 - oldGeneratedFile, D:\github\mc\stm32\Button_interrupt\Button_interrupt\Core\Src\main.c_save
2022-10-25 00:50:29,355 [INFO] CodeEngine:269 - Generated code: D:\github\mc\stm32\Button_interrupt\Button_interrupt\Core\Src\main.c
2022-10-25 00:50:30,159 [INFO] ProjectBuilder:2919 - Time for Copy HAL[1] : 308mS.
2022-10-25 00:50:30,162 [INFO] ProjectBuilder:4117 - Project Generator version: 3.17.1
2022-10-25 00:50:30,494 [INFO] ConfigFileManager:1394 - The Die is : DIE410
2022-10-25 00:50:32,137 [INFO] ProjectBuilder:4285 - Time for Generating toolchain IDE Files: 1975mS.
2022-10-25 00:50:32,138 [INFO] ProjectBuilder:2790 - Time for Copy CMSIS : 1mS.
2022-10-25 00:50:32,138 [INFO] ProjectBuilder:2790 - Time for Copy CMSIS : 0mS.
2022-10-25 01:15:31,583 [INFO] UtilMem:74 - End SaveConfig() Used Memory: 289114000 Bytes (833617920)
2022-10-25 01:15:33,061 [INFO] UtilMem:74 - End SaveConfig() Used Memory: 307748336 Bytes (833617920)
2022-10-25 01:15:34,714 [INFO] UtilMem:74 - End SaveConfig() Used Memory: 284053304 Bytes (833617920)
2022-10-25 01:15:34,889 [INFO] BlockDiagram:2753 - set Specific Code input for plugin: NVIC
2022-10-25 01:15:34,890 [INFO] BlockDiagram:2753 - set Specific Code input for plugin: SYS
2022-10-25 01:15:34,890 [INFO] BlockDiagram:2753 - set Specific Code input for plugin: GPIO
2022-10-25 01:15:34,890 [INFO] BlockDiagram:2753 - set Specific Code input for plugin: RCC
2022-10-25 01:15:34,891 [INFO] CodeGenerator:690 - code generatio: config db path: C:\ST\STM32CubeIDE_1.9.0\STM32CubeIDE\plugins\com.st.stm32cube.common.mx_6.6.1.202207061420\\db\
2022-10-25 01:15:35,073 [INFO] CodeEngine:245 - oldGeneratedFile, D:\github\mc\stm32\Button_interrupt\Button_interrupt\MXTmpFiles\license.tmp_save
2022-10-25 01:15:35,155 [INFO] CodeEngine:269 - Generated code: D:\github\mc\stm32\Button_interrupt\Button_interrupt\MXTmpFiles\license.tmp
2022-10-25 01:15:35,171 [INFO] CodeEngine:245 - oldGeneratedFile, D:\github\mc\stm32\Button_interrupt\Button_interrupt\MXTmpFiles\gpio.tmp_save
2022-10-25 01:15:35,256 [INFO] CodeEngine:269 - Generated code: D:\github\mc\stm32\Button_interrupt\Button_interrupt\MXTmpFiles\gpio.tmp
2022-10-25 01:15:35,289 [INFO] CodeEngine:245 - oldGeneratedFile, D:\github\mc\stm32\Button_interrupt\Button_interrupt\Core\Src\stm32f1xx_it.c_save
2022-10-25 01:15:35,374 [INFO] CodeEngine:269 - Generated code: D:\github\mc\stm32\Button_interrupt\Button_interrupt\Core\Src\stm32f1xx_it.c
2022-10-25 01:15:35,380 [INFO] CodeEngine:245 - oldGeneratedFile, D:\github\mc\stm32\Button_interrupt\Button_interrupt\Core\Inc\stm32f1xx_it.h_save
2022-10-25 01:15:35,432 [INFO] CodeEngine:269 - Generated code: D:\github\mc\stm32\Button_interrupt\Button_interrupt\Core\Inc\stm32f1xx_it.h
2022-10-25 01:15:35,473 [INFO] CodeEngine:245 - oldGeneratedFile, D:\github\mc\stm32\Button_interrupt\Button_interrupt\Core\Src\stm32f1xx_hal_msp.c_save
2022-10-25 01:15:35,545 [INFO] CodeEngine:269 - Generated code: D:\github\mc\stm32\Button_interrupt\Button_interrupt\Core\Src\stm32f1xx_hal_msp.c
2022-10-25 01:15:35,548 [INFO] CodeEngine:245 - oldGeneratedFile, D:\github\mc\stm32\Button_interrupt\Button_interrupt\MXTmpFiles\system.tmp_save
2022-10-25 01:15:35,597 [INFO] CodeEngine:269 - Generated code: D:\github\mc\stm32\Button_interrupt\Button_interrupt\MXTmpFiles\system.tmp
2022-10-25 01:15:35,615 [INFO] CodeEngine:245 - oldGeneratedFile, D:\github\mc\stm32\Button_interrupt\Button_interrupt\Core\Inc\stm32f1xx_hal_conf.h_save
2022-10-25 01:15:35,718 [INFO] CodeEngine:269 - Generated code: D:\github\mc\stm32\Button_interrupt\Button_interrupt\Core\Inc\stm32f1xx_hal_conf.h
2022-10-25 01:15:35,752 [INFO] CodeEngine:245 - oldGeneratedFile, D:\github\mc\stm32\Button_interrupt\Button_interrupt\Core\Inc\main.h_save
2022-10-25 01:15:35,830 [INFO] CodeEngine:269 - Generated code: D:\github\mc\stm32\Button_interrupt\Button_interrupt\Core\Inc\main.h
2022-10-25 01:15:35,862 [INFO] CodeEngine:245 - oldGeneratedFile, D:\github\mc\stm32\Button_interrupt\Button_interrupt\Core\Src\main.c_save
2022-10-25 01:15:35,947 [INFO] CodeEngine:269 - Generated code: D:\github\mc\stm32\Button_interrupt\Button_interrupt\Core\Src\main.c
2022-10-25 01:15:36,349 [INFO] ProjectBuilder:2919 - Time for Copy HAL[1] : 102mS.
2022-10-25 01:15:36,351 [INFO] ProjectBuilder:4117 - Project Generator version: 3.17.1
2022-10-25 01:15:36,743 [INFO] ConfigFileManager:1394 - The Die is : DIE410
2022-10-25 01:15:37,970 [INFO] ProjectBuilder:4285 - Time for Generating toolchain IDE Files: 1619mS.
2022-10-25 01:15:37,971 [INFO] ProjectBuilder:2790 - Time for Copy CMSIS : 1mS.
2022-10-25 01:15:37,972 [INFO] ProjectBuilder:2790 - Time for Copy CMSIS : 0mS.
