2022-10-29 15:17:08,629 [INFO] Activator:177 - 


2022-10-29 15:17:08,630 [INFO] Activator:178 - !SESSION log4j initialized
2022-10-29 15:17:33,386 [ERROR] LogOutputStream:74 - [STDERR_REDIRECT] SLF4J: Failed to load class "org.slf4j.impl.StaticLoggerBinder".
2022-10-29 15:17:33,388 [ERROR] LogOutputStream:74 - [STDERR_REDIRECT] SLF4J: Defaulting to no-operation (NOP) logger implementation
2022-10-29 15:17:33,389 [ERROR] LogOutputStream:74 - [STDERR_REDIRECT] SLF4J: See http://www.slf4j.org/codes.html#StaticLoggerBinder for further details.
2022-10-29 15:17:55,917 [INFO] McuFinderGlobals:44 - Set McuFinder mode to 2 (CubeIDE integrated)
2022-10-29 15:17:56,155 [INFO] ApplicationProperties:181 - Using Application install path: C:\ST\STM32CubeIDE_1.9.0\STM32CubeIDE\plugins\com.st.stm32cube.common.mx_6.6.1.202207061420
2022-10-29 15:17:56,173 [INFO] DbMcusXml:77 - Set database path to: C:\ST\STM32CubeIDE_1.9.0\STM32CubeIDE\plugins\com.st.stm32cube.common.mx_6.6.1.202207061420\\db\/mcu/
2022-10-29 15:17:56,174 [INFO] ApiDb:269 - Set plugin database path to: C:\ST\STM32CubeIDE_1.9.0\STM32CubeIDE\plugins\com.st.stm32cube.common.mx_6.6.1.202207061420\\db\/plugins/boardmanager/
2022-10-29 15:17:56,176 [WARN] ApiDb:254 - Overriding images path with different value:  => C:\ST\STM32CubeIDE_1.9.0\STM32CubeIDE\plugins\com.st.stm32cube.common.mx_6.6.1.202207061420\\db\/plugins/mcufinder/images/
2022-10-29 15:17:56,193 [INFO] ApiDb:249 - Set database path to: C:\Users\Zver\.stmcufinder\plugins\mcufinder//mcu/
2022-10-29 15:17:56,195 [INFO] DbMcusAds:124 - Set database path to: C:\Users\Zver\.stmcufinder\plugins\mcufinder//mcu/
2022-10-29 15:17:56,208 [INFO] CrossReferenceDbSqlite:201 - Set database path to: C:\Users\Zver\.stmcufinder\plugins\mcufinder//mcu/cs/
2022-10-29 15:17:56,328 [INFO] RulesReader:61 - Compatibility file has been processed (282 Rules)
2022-10-29 15:17:56,599 [INFO] DbMcusXml:77 - Set database path to: C:\ST\STM32CubeIDE_1.9.0\STM32CubeIDE\plugins\com.st.stm32cube.common.mx_6.6.1.202207061420\\db\/mcu/
2022-10-29 15:17:56,599 [INFO] ApiDb:269 - Set plugin database path to: C:\ST\STM32CubeIDE_1.9.0\STM32CubeIDE\plugins\com.st.stm32cube.common.mx_6.6.1.202207061420\\db\/plugins/boardmanager/
2022-10-29 15:17:56,599 [INFO] ApiDb:256 - Set plugin images path to: C:\ST\STM32CubeIDE_1.9.0\STM32CubeIDE\plugins\com.st.stm32cube.common.mx_6.6.1.202207061420\\db\/plugins/mcufinder/images/
2022-10-29 15:17:56,599 [WARN] DbFile:40 - Overriding database path with different value: C:\Users\Zver\.stmcufinder\plugins\mcufinder/ => C:\Users\Zver\.stmcufinder\plugins\mcufinder
2022-10-29 15:17:56,599 [INFO] ApiDb:249 - Set database path to: C:\Users\Zver\.stmcufinder\plugins\mcufinder//mcu/
2022-10-29 15:17:56,600 [WARN] DbFile:40 - Overriding database path with different value: C:\Users\Zver\.stmcufinder\plugins\mcufinder/ => C:\Users\Zver\.stmcufinder\plugins\mcufinder
2022-10-29 15:17:56,600 [INFO] DbMcusAds:124 - Set database path to: C:\Users\Zver\.stmcufinder\plugins\mcufinder//mcu/
2022-10-29 15:17:56,600 [WARN] DbFile:40 - Overriding database path with different value: C:\Users\Zver\.stmcufinder\plugins\mcufinder/ => C:\Users\Zver\.stmcufinder\plugins\mcufinder
2022-10-29 15:17:56,600 [WARN] DbFile:40 - Overriding database path with different value: C:\Users\Zver\.stmcufinder\plugins\mcufinder/ => C:\Users\Zver\.stmcufinder\plugins\mcufinder
2022-10-29 15:17:56,601 [INFO] CrossReferenceDbSqlite:201 - Set database path to: C:\Users\Zver\.stmcufinder\plugins\mcufinder//mcu/cs/
2022-10-29 15:17:56,702 [INFO] MainPanel:242 - HeapMemory: 268435456
2022-10-29 15:17:56,856 [INFO] DbMcusXml:77 - Set database path to: C:\ST\STM32CubeIDE_1.9.0\STM32CubeIDE\plugins\com.st.stm32cube.common.mx_6.6.1.202207061420\\db\/mcu/
2022-10-29 15:17:56,856 [INFO] ApiDb:269 - Set plugin database path to: C:\ST\STM32CubeIDE_1.9.0\STM32CubeIDE\plugins\com.st.stm32cube.common.mx_6.6.1.202207061420\\db\/plugins/boardmanager/
2022-10-29 15:17:56,856 [INFO] ApiDb:256 - Set plugin images path to: C:\ST\STM32CubeIDE_1.9.0\STM32CubeIDE\plugins\com.st.stm32cube.common.mx_6.6.1.202207061420\\db\/plugins/mcufinder/images/
2022-10-29 15:17:56,856 [WARN] DbFile:40 - Overriding database path with different value: C:\Users\Zver\.stmcufinder\plugins\mcufinder/ => C:\Users\Zver\.stmcufinder\plugins\mcufinder
2022-10-29 15:17:56,857 [INFO] ApiDb:249 - Set database path to: C:\Users\Zver\.stmcufinder\plugins\mcufinder//mcu/
2022-10-29 15:17:56,857 [WARN] DbFile:40 - Overriding database path with different value: C:\Users\Zver\.stmcufinder\plugins\mcufinder/ => C:\Users\Zver\.stmcufinder\plugins\mcufinder
2022-10-29 15:17:56,857 [INFO] DbMcusAds:124 - Set database path to: C:\Users\Zver\.stmcufinder\plugins\mcufinder//mcu/
2022-10-29 15:17:56,857 [WARN] DbFile:40 - Overriding database path with different value: C:\Users\Zver\.stmcufinder\plugins\mcufinder/ => C:\Users\Zver\.stmcufinder\plugins\mcufinder
2022-10-29 15:17:56,857 [WARN] DbFile:40 - Overriding database path with different value: C:\Users\Zver\.stmcufinder\plugins\mcufinder/ => C:\Users\Zver\.stmcufinder\plugins\mcufinder
2022-10-29 15:17:56,857 [INFO] CrossReferenceDbSqlite:201 - Set database path to: C:\Users\Zver\.stmcufinder\plugins\mcufinder//mcu/cs/
2022-10-29 15:17:56,878 [INFO] ApplicationProperties:181 - Using Application install path: C:\ST\STM32CubeIDE_1.9.0\STM32CubeIDE\plugins\com.st.stm32cube.common.mx_6.6.1.202207061420
2022-10-29 15:17:56,879 [INFO] PluginManage:193 - Search for loadable plugins [exclusion list=, ]
2022-10-29 15:17:56,880 [INFO] PluginManage:307 - Check plugin analytics
2022-10-29 15:17:57,024 [INFO] AnalyticsPlugin:262 - Accepted Software Licenses: 
2022-10-29 15:17:57,025 [INFO] AnalyticsPlugin:264 - Accepted CMSIS Pack Licenses: 
2022-10-29 15:17:57,025 [INFO] AnalyticsPlugin:266 - Accepted Firmware Licenses: 
2022-10-29 15:17:57,034 [INFO] PluginManage:356 - Loaded plugin analytics (category:tool,tabindex:-1)
2022-10-29 15:17:57,034 [INFO] PluginManage:307 - Check plugin cadmodel
2022-10-29 15:17:57,040 [INFO] CADModel:65 - Init CAD model plugin
2022-10-29 15:17:57,040 [INFO] PluginManage:356 - Loaded plugin cadmodel (category:power,tabindex:5)
2022-10-29 15:17:57,040 [INFO] PluginManage:307 - Check plugin clock
2022-10-29 15:17:57,052 [INFO] PluginManage:356 - Loaded plugin clock (category:base,tabindex:2)
2022-10-29 15:17:57,052 [INFO] PluginManage:307 - Check plugin ddr
2022-10-29 15:17:57,056 [INFO] PluginManage:356 - Loaded plugin ddr (category:tool,tabindex:6)
2022-10-29 15:17:57,056 [INFO] PluginManage:307 - Check plugin filemanager
2022-10-29 15:17:57,222 [INFO] PluginManage:356 - Loaded plugin filemanager (category:base,tabindex:10)
2022-10-29 15:17:57,223 [INFO] PluginManage:307 - Check plugin ipmanager
2022-10-29 15:17:57,239 [INFO] PluginManage:356 - Loaded plugin ipmanager (category:base,tabindex:5)
2022-10-29 15:17:57,239 [INFO] PluginManage:307 - Check plugin lpbam
2022-10-29 15:17:57,249 [INFO] PluginManage:356 - Loaded plugin lpbam (category:base,tabindex:0)
2022-10-29 15:17:57,249 [INFO] PluginManage:307 - Check plugin pinoutandconfiguration
2022-10-29 15:17:57,258 [INFO] PluginManage:356 - Loaded plugin pinoutandconfiguration (category:base,tabindex:1)
2022-10-29 15:17:57,258 [INFO] PluginManage:307 - Check plugin pinoutconfig
2022-10-29 15:17:57,295 [INFO] PluginManage:356 - Loaded plugin pinoutconfig (category:base,tabindex:0)
2022-10-29 15:17:57,296 [INFO] PluginManage:307 - Check plugin power
2022-10-29 15:17:57,309 [INFO] PluginManage:356 - Loaded plugin power (category:power,tabindex:4)
2022-10-29 15:17:57,309 [INFO] PluginManage:307 - Check plugin projectmanager
2022-10-29 15:17:57,326 [INFO] PluginManage:356 - Loaded plugin projectmanager (category:projectmanager,tabindex:3)
2022-10-29 15:17:57,326 [INFO] PluginManage:307 - Check plugin thirdparty
2022-10-29 15:17:57,456 [WARN] IntegrityCheckThread:82 - waiting for thirdparty lock release [integrity check]
2022-10-29 15:17:57,456 [INFO] PluginManage:356 - Loaded plugin thirdparty (category:base,tabindex:-1)
2022-10-29 15:17:57,457 [INFO] IntegrityCheckThread:84 - entering critical section [integrity check]
2022-10-29 15:17:57,457 [INFO] PluginManage:307 - Check plugin tools
2022-10-29 15:17:57,459 [INFO] ThirdPartyUpdaterWithRetryManager:70 - Updater plugin not ready yet. [1/15]
2022-10-29 15:17:57,460 [INFO] PluginManage:356 - Loaded plugin tools (category:base,tabindex:7)
2022-10-29 15:17:57,460 [INFO] PluginManage:307 - Check plugin tutovideos
2022-10-29 15:17:57,637 [INFO] PluginManage:356 - Loaded plugin tutovideos (category:base,tabindex:-1)
2022-10-29 15:17:57,637 [INFO] PluginManage:307 - Check plugin updater
2022-10-29 15:17:57,653 [INFO] PluginManage:356 - Loaded plugin updater (category:base,tabindex:12)
2022-10-29 15:17:57,653 [INFO] PluginManage:280 - PluginManage : Loaded plugins [15]
2022-10-29 15:17:58,068 [INFO] PinOutPanel:1468 - setPackage(No Configuration,No Configuration)
2022-10-29 15:17:58,154 [INFO] CADModel:98 - CPN selected for project level
2022-10-29 15:17:58,169 [INFO] IPUIPlugin:79 - create IPUIPlugin
2022-10-29 15:17:58,169 [INFO] PluginManager:217 - loadIPPluginJar : add adc
2022-10-29 15:17:58,171 [INFO] IPUIPlugin:79 - create IPUIPlugin
2022-10-29 15:17:58,172 [INFO] PluginManager:217 - loadIPPluginJar : add aes
2022-10-29 15:17:58,174 [INFO] IPUIPlugin:79 - create IPUIPlugin
2022-10-29 15:17:58,174 [INFO] PluginManager:217 - loadIPPluginJar : add can
2022-10-29 15:17:58,176 [INFO] IPUIPlugin:79 - create IPUIPlugin
2022-10-29 15:17:58,176 [INFO] PluginManager:217 - loadIPPluginJar : add comp
2022-10-29 15:17:58,178 [INFO] IPUIPlugin:79 - create IPUIPlugin
2022-10-29 15:17:58,178 [INFO] PluginManager:217 - loadIPPluginJar : add cryp
2022-10-29 15:17:58,181 [INFO] IPUIPlugin:79 - create IPUIPlugin
2022-10-29 15:17:58,181 [INFO] PluginManager:217 - loadIPPluginJar : add dfsdm
2022-10-29 15:17:58,186 [INFO] IPUIPlugin:79 - create IPUIPlugin
2022-10-29 15:17:58,187 [INFO] PluginManager:217 - loadIPPluginJar : add dma
2022-10-29 15:17:58,190 [INFO] IPUIPlugin:79 - create IPUIPlugin
2022-10-29 15:17:58,190 [INFO] PluginManager:217 - loadIPPluginJar : add dma3
2022-10-29 15:17:58,192 [INFO] IPUIPlugin:79 - create IPUIPlugin
2022-10-29 15:17:58,192 [INFO] PluginManager:217 - loadIPPluginJar : add fatfs
2022-10-29 15:17:58,196 [INFO] IPUIPlugin:79 - create IPUIPlugin
2022-10-29 15:17:58,196 [INFO] PluginManager:217 - loadIPPluginJar : add fmc
2022-10-29 15:17:58,202 [INFO] IPUIPlugin:79 - create IPUIPlugin
2022-10-29 15:17:58,202 [INFO] PluginManager:217 - loadIPPluginJar : add freertos
2022-10-29 15:17:58,203 [INFO] IPUIPlugin:79 - create IPUIPlugin
2022-10-29 15:17:58,203 [INFO] PluginManager:217 - loadIPPluginJar : add genericplugin
2022-10-29 15:17:58,205 [INFO] IPUIPlugin:79 - create IPUIPlugin
2022-10-29 15:17:58,205 [INFO] PluginManager:217 - loadIPPluginJar : add gfxmmu
2022-10-29 15:17:58,210 [INFO] IPUIPlugin:79 - create IPUIPlugin
2022-10-29 15:17:58,210 [INFO] PluginManager:217 - loadIPPluginJar : add gic
2022-10-29 15:17:58,214 [INFO] IPUIPlugin:79 - create IPUIPlugin
2022-10-29 15:17:58,214 [INFO] PluginManager:217 - loadIPPluginJar : add gpio
2022-10-29 15:17:58,216 [INFO] IPUIPlugin:79 - create IPUIPlugin
2022-10-29 15:17:58,216 [INFO] PluginManager:217 - loadIPPluginJar : add gtzc
2022-10-29 15:17:58,218 [INFO] IPUIPlugin:79 - create IPUIPlugin
2022-10-29 15:17:58,218 [INFO] PluginManager:217 - loadIPPluginJar : add hash
2022-10-29 15:17:58,221 [INFO] IPUIPlugin:79 - create IPUIPlugin
2022-10-29 15:17:58,221 [INFO] PluginManager:217 - loadIPPluginJar : add i2c
2022-10-29 15:17:58,223 [INFO] IPUIPlugin:79 - create IPUIPlugin
2022-10-29 15:17:58,223 [INFO] PluginManager:217 - loadIPPluginJar : add i2s
2022-10-29 15:17:58,227 [INFO] IPUIPlugin:79 - create IPUIPlugin
2022-10-29 15:17:58,227 [INFO] PluginManager:217 - loadIPPluginJar : add ipddr
2022-10-29 15:17:58,233 [INFO] IPUIPlugin:79 - create IPUIPlugin
2022-10-29 15:17:58,234 [INFO] PluginManager:217 - loadIPPluginJar : add linkedlist
2022-10-29 15:17:58,236 [INFO] IPUIPlugin:79 - create IPUIPlugin
2022-10-29 15:17:58,236 [INFO] PluginManager:217 - loadIPPluginJar : add lorawan
2022-10-29 15:17:58,237 [INFO] IPUIPlugin:79 - create IPUIPlugin
2022-10-29 15:17:58,237 [INFO] PluginManager:217 - loadIPPluginJar : add ltdc
2022-10-29 15:17:58,243 [INFO] IPUIPlugin:79 - create IPUIPlugin
2022-10-29 15:17:58,243 [INFO] PluginManager:217 - loadIPPluginJar : add mdma
2022-10-29 15:17:58,246 [INFO] IPUIPlugin:79 - create IPUIPlugin
2022-10-29 15:17:58,246 [INFO] PluginManager:217 - loadIPPluginJar : add nvic
2022-10-29 15:17:58,248 [INFO] IPUIPlugin:79 - create IPUIPlugin
2022-10-29 15:17:58,249 [INFO] PluginManager:217 - loadIPPluginJar : add opamp
2022-10-29 15:17:58,251 [INFO] IPUIPlugin:79 - create IPUIPlugin
2022-10-29 15:17:58,252 [INFO] PluginManager:217 - loadIPPluginJar : add openamp
2022-10-29 15:17:58,255 [INFO] IPUIPlugin:79 - create IPUIPlugin
2022-10-29 15:17:58,255 [INFO] PluginManager:217 - loadIPPluginJar : add pdm2pcm
2022-10-29 15:17:58,262 [INFO] IPUIPlugin:79 - create IPUIPlugin
2022-10-29 15:17:58,265 [INFO] PluginManager:217 - loadIPPluginJar : add plateformsettings
2022-10-29 15:17:58,267 [INFO] IPUIPlugin:79 - create IPUIPlugin
2022-10-29 15:17:58,267 [INFO] PluginManager:217 - loadIPPluginJar : add quadspi
2022-10-29 15:17:58,271 [INFO] IPUIPlugin:79 - create IPUIPlugin
2022-10-29 15:17:58,271 [INFO] PluginManager:217 - loadIPPluginJar : add resmgrutility
2022-10-29 15:17:58,275 [INFO] IPUIPlugin:79 - create IPUIPlugin
2022-10-29 15:17:58,275 [INFO] PluginManager:217 - loadIPPluginJar : add sai
2022-10-29 15:17:58,277 [INFO] IPUIPlugin:79 - create IPUIPlugin
2022-10-29 15:17:58,278 [INFO] PluginManager:217 - loadIPPluginJar : add spi
2022-10-29 15:17:58,281 [INFO] IPUIPlugin:79 - create IPUIPlugin
2022-10-29 15:17:58,282 [INFO] PluginManager:217 - loadIPPluginJar : add stm32_wpan
2022-10-29 15:17:58,283 [INFO] IPUIPlugin:79 - create IPUIPlugin
2022-10-29 15:17:58,284 [INFO] PluginManager:217 - loadIPPluginJar : add tim
2022-10-29 15:17:58,286 [INFO] IPUIPlugin:79 - create IPUIPlugin
2022-10-29 15:17:58,287 [INFO] PluginManager:217 - loadIPPluginJar : add touchsensing
2022-10-29 15:17:58,288 [INFO] IPUIPlugin:79 - create IPUIPlugin
2022-10-29 15:17:58,289 [INFO] PluginManager:217 - loadIPPluginJar : add tracer_emb
2022-10-29 15:17:58,291 [INFO] IPUIPlugin:79 - create IPUIPlugin
2022-10-29 15:17:58,291 [INFO] PluginManager:217 - loadIPPluginJar : add ts
2022-10-29 15:17:58,293 [INFO] IPUIPlugin:79 - create IPUIPlugin
2022-10-29 15:17:58,293 [INFO] PluginManager:217 - loadIPPluginJar : add tsc
2022-10-29 15:17:58,296 [INFO] IPUIPlugin:79 - create IPUIPlugin
2022-10-29 15:17:58,296 [INFO] PluginManager:217 - loadIPPluginJar : add ucpd
2022-10-29 15:17:58,298 [INFO] IPUIPlugin:79 - create IPUIPlugin
2022-10-29 15:17:58,299 [INFO] PluginManager:217 - loadIPPluginJar : add usart
2022-10-29 15:17:58,303 [INFO] IPUIPlugin:79 - create IPUIPlugin
2022-10-29 15:17:58,303 [INFO] PluginManager:217 - loadIPPluginJar : add usbx
2022-10-29 15:17:58,576 [FATAL] Updater:301 - Updater called before beeing initialized
2022-10-29 15:17:58,739 [FATAL] Updater:301 - Updater called before beeing initialized
2022-10-29 15:17:58,746 [INFO] DbMcusAds:52 - JSON generation date=Thu Sep 30 09:56:37 MSK 2021 (1632984997303)
2022-10-29 15:17:58,746 [FATAL] Updater:301 - Updater called before beeing initialized
2022-10-29 15:17:58,831 [WARN] DetailPanel:344 - Failed to get advertising image, set to default
2022-10-29 15:17:58,949 [FATAL] Updater:301 - Updater called before beeing initialized
2022-10-29 15:17:58,951 [FATAL] Updater:301 - Updater called before beeing initialized
2022-10-29 15:17:58,951 [FATAL] Updater:301 - Updater called before beeing initialized
2022-10-29 15:17:58,951 [WARN] DetailPanel:344 - Failed to get advertising image, set to default
2022-10-29 15:17:58,952 [FATAL] Updater:301 - Updater called before beeing initialized
2022-10-29 15:17:58,997 [ERROR] Updater:1105 - MainUpdater not yet initialized. External WinMGr cannot be set.
2022-10-29 15:17:59,000 [INFO] Updater:1041 - Updater Version found : 6.6.1
2022-10-29 15:17:59,016 [INFO] ApplicationProperties:181 - Using Application install path: C:\ST\STM32CubeIDE_1.9.0\STM32CubeIDE\plugins\com.st.stm32cube.common.mx_6.6.1.202207061420
2022-10-29 15:18:00,459 [INFO] ThirdPartyUpdaterWithRetryManager:70 - Updater plugin not ready yet. [2/15]
2022-10-29 15:18:01,073 [INFO] MainUpdater:2768 - connection check result : 10
2022-10-29 15:18:01,074 [INFO] MainUpdater:280 - Updater Check For Update Now.
2022-10-29 15:18:01,074 [INFO] MicroXplorer:481 - Change Database Version : DB.6.0.60
2022-10-29 15:18:01,227 [INFO] CheckServerUpdateThread:119 - End of CheckServer Thread
2022-10-29 15:18:01,283 [INFO] MainUpdater:2768 - connection check result : 10
2022-10-29 15:18:01,524 [INFO] McuFinderGlobals:57 - Set McuFinderConnectedMode to true
2022-10-29 15:18:01,534 [INFO] MultiScanPanel:195 - Auto-refresh data requested => check proxy status ongoing
2022-10-29 15:18:01,538 [INFO] FinderPluginLoader:92 - Searching for filters in installed packs
2022-10-29 15:18:01,684 [INFO] ApiDb:576 - Connected to CubeFinder SQLite database (C:\Users\Zver\.stmcufinder\plugins\mcufinder\mcu\cube-finder-db.db)
2022-10-29 15:18:01,725 [INFO] ApiDb:663 - CubeFinder database Data Model version=2.1
2022-10-29 15:18:01,726 [INFO] ApiDb:664 - CubeFinder database Configuration version=3.0.32
2022-10-29 15:18:01,726 [INFO] ApiDb:665 - CubeFinder database generation date=2022-08-05 (1659688109)
2022-10-29 15:18:01,726 [INFO] ApiDb:666 - CubeFinder database FW Pack versions=[STM32Cube_FW_C0_V1.0.0, STM32Cube_FW_F4_V1.27.1, STM32Cube_FW_F7_V1.17.0, STM32Cube_FW_G0_V1.6.1, STM32Cube_FW_G4_V1.5.0, STM32Cube_FW_H7_V1.10.0, STM32Cube_FW_L5_V1.4.0, STM32Cube_FW_U5_V1.1.1, STM32Cube_FW_WB_V1.14.1, STM32Cube_FW_WL_V1.2.0, X-CUBE-ALGOBUILD_V1.3.0, X-CUBE-ALS_V1.0.1, X-CUBE-AZRTOS-F4_V1.1.0, X-CUBE-AZRTOS-F7_V1.1.0, X-CUBE-AZRTOS-G0_V1.1.0, X-CUBE-AZRTOS-G4_V1.0.0, X-CUBE-AZRTOS-H7_V2.1.0, X-CUBE-AZRTOS-L4_V1.0.0, X-CUBE-AZRTOS-L5_V1.0.0, X-CUBE-AZRTOS-WL_V1.0.0, X-CUBE-BLE1_V6.2.3, X-CUBE-BLE2_V3.3.0, X-CUBE-EEPRMA1_V3.1.1, X-CUBE-GNSS1_V6.0.0, X-CUBE-MEMS1_V9.1.0, X-CUBE-MEMS1_V9.3.0, X-CUBE-NFC4_V2.0.4, X-CUBE-NFC7_V1.0.0, X-CUBE-SFXS2LP1_V4.0.0, X-CUBE-SUBG2_V5.0.0]
2022-10-29 15:18:03,582 [WARN] PackLoader:242 - Cannot read IP mode file for wolfSSL.I-CUBE-wolfSSL.5.2.0
2022-10-29 15:18:03,597 [WARN] PackLoader:242 - Cannot read IP mode file for STMicroelectronics.X-CUBE-GNSS1.6.0.0
2022-10-29 15:18:03,628 [WARN] PackLoader:242 - Cannot read IP mode file for STMicroelectronics.X-CUBE-AZRTOS-F4.1.1.0
2022-10-29 15:18:03,645 [WARN] PackLoader:242 - Cannot read IP mode file for STMicroelectronics.X-CUBE-BLEMGR.1.2.0
2022-10-29 15:18:03,672 [INFO] ApiDb:239 - Found 138 in-development CPN: [B-WB1M-WPAN1, NUCLEO-C031C6, STEVAL-STWINBX1, STM320518-EVAL, STM32C0116-DK, STM32C011D6Y3TR, STM32C011D6Y6TR, STM32C011F4P3, STM32C011F4P6, STM32C011F4U3, STM32C011F4U6TR, STM32C011F6P3, STM32C011F6P6, STM32C011F6U3, STM32C011F6U6TR, STM32C011J4M3, STM32C011J4M6, STM32C011J6M3, STM32C011J6M6, STM32C0316-DK, STM32C031C4T3, STM32C031C4T6, STM32C031C4U3, STM32C031C4U6, STM32C031C6T3, STM32C031C6T6, STM32C031C6U3, STM32C031C6U6, STM32C031F4P3, STM32C031F4P6, STM32C031F6P3, STM32C031F6P6, STM32C031G4U3, STM32C031G4U6, STM32C031G6U3, STM32C031G6U6, STM32C031K4T3, STM32C031K4T6, STM32C031K4U3, STM32C031K4U6, STM32C031K6T3, STM32C031K6T6, STM32C031K6U3, STM32C031K6U6, STM32G071K8TXN, STM32G071K8UXN, STM32G081GBU6N, STM32G081KBT6N, STM32G081KBUXN, STM32G0B1CCT6N, STM32G0B1KCT6, STM32G0B1NEY6TR, STM32G0B1RCT6N, STM32G0C1CCT6, STM32G0C1CCT6N, STM32G0C1CCU6N, STM32G0C1CET6N, STM32G0C1CEU6N, STM32G0C1KCT6, STM32G0C1NEY6TR, STM32G0C1RCI6N, STM32G0C1RCT6N, STM32G0C1REI6N, STM32G0C1RET6N, STM32G0C1VCI6, STM32G0C1VEI6, STM32G471CCT6, STM32G471CCU6, STM32G471CET3, STM32G471CET6, STM32G471CEU3, STM32G471CEU6, STM32G471MCT6, STM32G471MET3, STM32G471MET6, STM32G471MEY6TR, STM32G471QCT6, STM32G471QET3, STM32G471RCT6, STM32G471RET3, STM32G471RET6, STM32G471VCH6, STM32G471VCI6, STM32G471VCT6, STM32G471VEH3, STM32G471VEH6, STM32G471VEI3, STM32G471VEI6, STM32G471VET3, STM32G471VET6, STM32G474CCT6, STM32L476VGY6PTR, STM32L4R5QGI6STR, STM32MP131AAE3, STM32MP131AAF3, STM32MP131AAG3, STM32MP131CAE3, STM32MP131CAF3, STM32MP131CAG3, STM32MP131DAE7, STM32MP131DAF7, STM32MP131DAG7, STM32MP131FAE7, STM32MP131FAF7, STM32MP131FAG7, STM32MP133AAE3, STM32MP133AAF3, STM32MP133AAG3, STM32MP133CAE3, STM32MP133CAF3, STM32MP133CAG3, STM32MP133DAE7, STM32MP133DAF7, STM32MP133DAG7, STM32MP133FAE7, STM32MP133FAF7, STM32MP133FAG7, STM32MP135AAE3, STM32MP135AAF3, STM32MP135AAG3, STM32MP135CAE3, STM32MP135CAF3, STM32MP135CAG3, STM32MP135DAE7, STM32MP135DAF7, STM32MP135DAG7, STM32MP135F-DK, STM32MP135FAE7, STM32MP135FAF7, STM32MP135FAG7, STM32U595ZJT6Q, STM32U599BJY6QTR, STM32U599NIH6Q, STM32U599NJH6Q, STM32U5A5ZJT6Q, STM32U5A9BJY6QTR, STM32U5A9NJH6Q, STM32WB1MMCH6]
2022-10-29 15:18:03,680 [WARN] PackLoader:242 - Cannot read IP mode file for STMicroelectronics.X-CUBE-AZRTOS-F7.1.1.0
2022-10-29 15:18:03,682 [INFO] DbMcus:215 - Found 3542 MCUs, 3542 are supported
2022-10-29 15:18:03,689 [INFO] ApiDb:418 - Load user favorites file C:\Users\Zver/.stm32cubeide/favorites.mcus.txt: 1 item(s)
2022-10-29 15:18:03,690 [INFO] ApiDb:422 - User favorites MCUs=[STM32F103C8T6]
2022-10-29 15:18:03,690 [INFO] DbMcus:221 - Set 1 / 1 favorites MCUs
2022-10-29 15:18:03,691 [WARN] PackLoader:242 - Cannot read IP mode file for STMicroelectronics.X-CUBE-AI.7.1.0
2022-10-29 15:18:03,730 [WARN] PackLoader:242 - Cannot read IP mode file for STMicroelectronics.X-CUBE-BLE1.6.2.3
2022-10-29 15:18:03,737 [WARN] PackLoader:242 - Cannot read IP mode file for STMicroelectronics.X-CUBE-BLE1.6.2.2
2022-10-29 15:18:03,745 [WARN] PackLoader:242 - Cannot read IP mode file for STMicroelectronics.X-CUBE-NFC4.2.0.4
2022-10-29 15:18:03,754 [WARN] PackLoader:242 - Cannot read IP mode file for STMicroelectronics.X-CUBE-BLE2.3.2.2
2022-10-29 15:18:03,762 [WARN] PackLoader:242 - Cannot read IP mode file for STMicroelectronics.X-CUBE-NFC4.2.0.3
2022-10-29 15:18:03,780 [WARN] PackLoader:242 - Cannot read IP mode file for STMicroelectronics.X-CUBE-TOF1.3.1.0
2022-10-29 15:18:03,797 [WARN] PackLoader:242 - Cannot read IP mode file for STMicroelectronics.X-CUBE-SFXS2LP1.3.1.0
2022-10-29 15:18:03,824 [WARN] PackLoader:242 - Cannot read IP mode file for STMicroelectronics.X-CUBE-AZRTOS-F4.1.0.0
2022-10-29 15:18:03,835 [WARN] PackLoader:242 - Cannot read IP mode file for STMicroelectronics.X-CUBE-NFC7.1.0.0
2022-10-29 15:18:03,848 [WARN] PackLoader:242 - Cannot read IP mode file for STMicroelectronics.X-CUBE-SUBG2.4.2.0
2022-10-29 15:18:03,910 [WARN] PackLoader:242 - Cannot read IP mode file for STMicroelectronics.X-CUBE-MEMS1.9.3.0
2022-10-29 15:18:04,099 [WARN] PackLoader:242 - Cannot read IP mode file for STMicroelectronics.X-CUBE-AI.7.2.0
2022-10-29 15:18:04,116 [WARN] PackLoader:242 - Cannot read IP mode file for STMicroelectronics.X-CUBE-AZRTOS-G0.1.0.0
2022-10-29 15:18:04,125 [WARN] PackLoader:242 - Cannot read IP mode file for STMicroelectronics.X-CUBE-SFXS2LP1.4.0.0
2022-10-29 15:18:04,130 [WARN] PackLoader:242 - Cannot read IP mode file for STMicroelectronics.X-CUBE-BLE2.3.3.0
2022-10-29 15:18:04,141 [WARN] PackLoader:242 - Cannot read IP mode file for STMicroelectronics.X-CUBE-DISPLAY.2.2.0
2022-10-29 15:18:04,152 [WARN] PackLoader:242 - Cannot read IP mode file for STMicroelectronics.X-CUBE-TOF1.3.2.0
2022-10-29 15:18:04,162 [WARN] PackLoader:242 - Cannot read IP mode file for STMicroelectronics.X-CUBE-TOUCHGFX.4.18.1
2022-10-29 15:18:04,166 [WARN] PackLoader:242 - Cannot read IP mode file for STMicroelectronics.X-CUBE-ISPU.1.0.0
2022-10-29 15:18:04,173 [WARN] PackLoader:242 - Cannot read IP mode file for RoweBots.I-CUBE-UNISONRTOS.5.5.0-4
2022-10-29 15:18:04,194 [WARN] PackLoader:242 - Cannot read IP mode file for STMicroelectronics.X-CUBE-AZRTOS-H7.2.1.0
2022-10-29 15:18:04,204 [WARN] PackLoader:242 - Cannot read IP mode file for STMicroelectronics.X-CUBE-BLEMGR.1.0.0
2022-10-29 15:18:04,211 [WARN] PackLoader:242 - Cannot read IP mode file for STMicroelectronics.X-CUBE-ALGOBUILD.1.3.0
2022-10-29 15:18:04,227 [WARN] PackLoader:242 - Cannot read IP mode file for STMicroelectronics.X-CUBE-AZRTOS-G0.1.1.0
2022-10-29 15:18:04,239 [WARN] PackLoader:242 - Cannot read IP mode file for STMicroelectronics.X-CUBE-SUBG2.5.0.0
2022-10-29 15:18:04,290 [WARN] PackLoader:242 - Cannot read IP mode file for SEGGER.I-CUBE-embOS.1.2.0
2022-10-29 15:18:04,326 [WARN] PackLoader:242 - Cannot read IP mode file for STMicroelectronics.FP-ATR-ASTRA1.1.1.1
2022-10-29 15:18:04,344 [WARN] PackLoader:242 - Cannot read IP mode file for STMicroelectronics.X-CUBE-AZRTOS-H7.2.0.0
2022-10-29 15:18:04,358 [WARN] PackLoader:242 - Cannot read IP mode file for STMicroelectronics.X-CUBE-AZRTOS-G4.1.0.0
2022-10-29 15:18:04,364 [WARN] PackLoader:242 - Cannot read IP mode file for STMicroelectronics.FP-ATR-SIGFOX1.3.2.0
2022-10-29 15:18:04,381 [WARN] PackLoader:242 - Cannot read IP mode file for STMicroelectronics.X-CUBE-AZRTOS-L4.1.0.0
2022-10-29 15:18:04,389 [WARN] PackLoader:242 - Cannot read IP mode file for emotas.I-CUBE-CANOPEN.1.1.2
2022-10-29 15:18:04,392 [WARN] PackLoader:242 - Cannot read IP mode file for STMicroelectronics.X-CUBE-TOUCHGFX.4.20.0
2022-10-29 15:18:04,410 [WARN] PackLoader:242 - Cannot read IP mode file for STMicroelectronics.X-CUBE-AZRTOS-F7.1.0.0
2022-10-29 15:18:04,422 [WARN] PackLoader:242 - Cannot read IP mode file for STMicroelectronics.X-CUBE-AZRTOS-WL.1.0.0
2022-10-29 15:18:04,463 [WARN] PackLoader:242 - Cannot read IP mode file for STMicroelectronics.X-CUBE-MEMS1.9.1.0
2022-10-29 15:18:04,581 [WARN] PackLoader:242 - Cannot read IP mode file for portGmbH.I-Cube-SoM-uGOAL.1.1.0
2022-10-29 15:18:04,587 [WARN] PackLoader:242 - Cannot read IP mode file for STMicroelectronics.X-CUBE-ALS.1.0.1
2022-10-29 15:18:04,602 [WARN] PackLoader:242 - Cannot read IP mode file for STMicroelectronics.X-CUBE-AZRTOS-L5.1.0.0
2022-10-29 15:18:04,611 [WARN] PackLoader:242 - Cannot read IP mode file for STMicroelectronics.X-CUBE-EEPRMA1.3.1.1
2022-10-29 15:18:04,618 [WARN] PackLoader:242 - Cannot read IP mode file for STMicroelectronics.X-CUBE-GNSS1.5.2.0
2022-10-29 15:18:04,625 [WARN] PackLoader:242 - Cannot read IP mode file for STMicroelectronics.X-CUBE-DISPLAY.2.0.1
2022-10-29 15:18:04,631 [WARN] PackLoader:242 - Cannot read IP mode file for STMicroelectronics.X-CUBE-TOF1.3.0.0
2022-10-29 15:18:04,633 [INFO] ThirdParty:929 - Integrity check success = true
2022-10-29 15:18:04,633 [INFO] IntegrityCheckThread:98 - exiting critical section [integrity check]
2022-10-29 15:18:04,633 [INFO] IntegrityCheckThread:101 - End integrity checks thread
2022-10-29 15:18:05,327 [INFO] LoadUrlFilesThread:177 - End of LoadServerUrlFiles without Thread
2022-10-29 15:18:05,342 [INFO] DetailPanel:339 - Set advertising image to C:/Users/Zver/STM32Cube/Repository/\en.Prom_NBSTM32U50921.jpg
2022-10-29 15:18:06,081 [INFO] MultiScanPanel:778 - Auto Refresh Data is not needed
2022-10-29 15:18:06,092 [INFO] ApiDb:663 - CubeFinder database Data Model version=2.1
2022-10-29 15:18:06,092 [INFO] ApiDb:664 - CubeFinder database Configuration version=3.0.32
2022-10-29 15:18:06,092 [INFO] ApiDb:665 - CubeFinder database generation date=2022-08-05 (1659688109)
2022-10-29 15:18:06,092 [INFO] ApiDb:666 - CubeFinder database FW Pack versions=[STM32Cube_FW_C0_V1.0.0, STM32Cube_FW_F4_V1.27.1, STM32Cube_FW_F7_V1.17.0, STM32Cube_FW_G0_V1.6.1, STM32Cube_FW_G4_V1.5.0, STM32Cube_FW_H7_V1.10.0, STM32Cube_FW_L5_V1.4.0, STM32Cube_FW_U5_V1.1.1, STM32Cube_FW_WB_V1.14.1, STM32Cube_FW_WL_V1.2.0, X-CUBE-ALGOBUILD_V1.3.0, X-CUBE-ALS_V1.0.1, X-CUBE-AZRTOS-F4_V1.1.0, X-CUBE-AZRTOS-F7_V1.1.0, X-CUBE-AZRTOS-G0_V1.1.0, X-CUBE-AZRTOS-G4_V1.0.0, X-CUBE-AZRTOS-H7_V2.1.0, X-CUBE-AZRTOS-L4_V1.0.0, X-CUBE-AZRTOS-L5_V1.0.0, X-CUBE-AZRTOS-WL_V1.0.0, X-CUBE-BLE1_V6.2.3, X-CUBE-BLE2_V3.3.0, X-CUBE-EEPRMA1_V3.1.1, X-CUBE-GNSS1_V6.0.0, X-CUBE-MEMS1_V9.1.0, X-CUBE-MEMS1_V9.3.0, X-CUBE-NFC4_V2.0.4, X-CUBE-NFC7_V1.0.0, X-CUBE-SFXS2LP1_V4.0.0, X-CUBE-SUBG2_V5.0.0]
2022-10-29 15:18:06,174 [INFO] DbBoardsSqlite:227 - include board P-NUCLEO-WB55-NUCLEO as a kit item of type 'Nucleo-64'
2022-10-29 15:18:06,175 [INFO] DbBoardsSqlite:227 - include board P-NUCLEO-WB55-USBDONGLE as a kit item of type 'Nucleo USB Dongle'
2022-10-29 15:18:06,176 [INFO] DbBoardsSqlite:227 - include board STEVAL-IDP005V1 as a kit item of type 'Evaluation Board'
2022-10-29 15:18:06,176 [INFO] DbBoardsSqlite:227 - include board STEVAL-IDP005V2 as a kit item of type 'Evaluation Board'
2022-10-29 15:18:06,191 [INFO] ApiDb:239 - Found 138 in-development CPN: [B-WB1M-WPAN1, NUCLEO-C031C6, STEVAL-STWINBX1, STM320518-EVAL, STM32C0116-DK, STM32C011D6Y3TR, STM32C011D6Y6TR, STM32C011F4P3, STM32C011F4P6, STM32C011F4U3, STM32C011F4U6TR, STM32C011F6P3, STM32C011F6P6, STM32C011F6U3, STM32C011F6U6TR, STM32C011J4M3, STM32C011J4M6, STM32C011J6M3, STM32C011J6M6, STM32C0316-DK, STM32C031C4T3, STM32C031C4T6, STM32C031C4U3, STM32C031C4U6, STM32C031C6T3, STM32C031C6T6, STM32C031C6U3, STM32C031C6U6, STM32C031F4P3, STM32C031F4P6, STM32C031F6P3, STM32C031F6P6, STM32C031G4U3, STM32C031G4U6, STM32C031G6U3, STM32C031G6U6, STM32C031K4T3, STM32C031K4T6, STM32C031K4U3, STM32C031K4U6, STM32C031K6T3, STM32C031K6T6, STM32C031K6U3, STM32C031K6U6, STM32G071K8TXN, STM32G071K8UXN, STM32G081GBU6N, STM32G081KBT6N, STM32G081KBUXN, STM32G0B1CCT6N, STM32G0B1KCT6, STM32G0B1NEY6TR, STM32G0B1RCT6N, STM32G0C1CCT6, STM32G0C1CCT6N, STM32G0C1CCU6N, STM32G0C1CET6N, STM32G0C1CEU6N, STM32G0C1KCT6, STM32G0C1NEY6TR, STM32G0C1RCI6N, STM32G0C1RCT6N, STM32G0C1REI6N, STM32G0C1RET6N, STM32G0C1VCI6, STM32G0C1VEI6, STM32G471CCT6, STM32G471CCU6, STM32G471CET3, STM32G471CET6, STM32G471CEU3, STM32G471CEU6, STM32G471MCT6, STM32G471MET3, STM32G471MET6, STM32G471MEY6TR, STM32G471QCT6, STM32G471QET3, STM32G471RCT6, STM32G471RET3, STM32G471RET6, STM32G471VCH6, STM32G471VCI6, STM32G471VCT6, STM32G471VEH3, STM32G471VEH6, STM32G471VEI3, STM32G471VEI6, STM32G471VET3, STM32G471VET6, STM32G474CCT6, STM32L476VGY6PTR, STM32L4R5QGI6STR, STM32MP131AAE3, STM32MP131AAF3, STM32MP131AAG3, STM32MP131CAE3, STM32MP131CAF3, STM32MP131CAG3, STM32MP131DAE7, STM32MP131DAF7, STM32MP131DAG7, STM32MP131FAE7, STM32MP131FAF7, STM32MP131FAG7, STM32MP133AAE3, STM32MP133AAF3, STM32MP133AAG3, STM32MP133CAE3, STM32MP133CAF3, STM32MP133CAG3, STM32MP133DAE7, STM32MP133DAF7, STM32MP133DAG7, STM32MP133FAE7, STM32MP133FAF7, STM32MP133FAG7, STM32MP135AAE3, STM32MP135AAF3, STM32MP135AAG3, STM32MP135CAE3, STM32MP135CAF3, STM32MP135CAG3, STM32MP135DAE7, STM32MP135DAF7, STM32MP135DAG7, STM32MP135F-DK, STM32MP135FAE7, STM32MP135FAF7, STM32MP135FAG7, STM32U595ZJT6Q, STM32U599BJY6QTR, STM32U599NIH6Q, STM32U599NJH6Q, STM32U5A5ZJT6Q, STM32U5A9BJY6QTR, STM32U5A9NJH6Q, STM32WB1MMCH6]
2022-10-29 15:18:06,309 [INFO] BoardInfo:879 - No configuration file found for board P-NUCLEO-WB55
2022-10-29 15:18:06,310 [INFO] DbBoards:156 - Kit is not supported: P-NUCLEO-WB55
2022-10-29 15:18:06,315 [INFO] BoardInfo:879 - No configuration file found for board STEVAL-BFA001V1B
2022-10-29 15:18:06,315 [INFO] DbBoards:156 - Kit is not supported: STEVAL-BFA001V1B
2022-10-29 15:18:06,317 [INFO] BoardInfo:879 - No configuration file found for board STEVAL-BFA001V2B
2022-10-29 15:18:06,317 [INFO] DbBoards:156 - Kit is not supported: STEVAL-BFA001V2B
2022-10-29 15:18:06,446 [INFO] DbBoards:160 - Found 176 boards, 173 are supported
2022-10-29 15:18:06,452 [INFO] ApiDb:418 - Load user favorites file C:\Users\Zver/.stm32cubeide/favorites.boards.txt: 0 item(s)
2022-10-29 15:18:06,453 [INFO] ApiDb:422 - User favorites Boards=[]
2022-10-29 15:18:06,453 [INFO] DbBoards:189 - Set 0 / 0 favorites Boards
2022-10-29 15:18:22,103 [INFO] MainUpdater:2768 - connection check result : 10
2022-10-29 15:18:22,104 [INFO] MainUpdater:2768 - connection check result : 10
2022-10-29 15:18:22,125 [INFO] MicroXplorer:451 - Change Database Path : 
2022-10-29 15:18:22,125 [INFO] MicroXplorer:481 - Change Database Version : DB.6.0.60
2022-10-29 15:18:22,126 [WARN] ThirdParty:827 - waiting for thirdparty lock release [close project]
2022-10-29 15:18:22,126 [INFO] ThirdParty:829 - entering critical section [close project]
2022-10-29 15:18:22,127 [INFO] ThirdParty:839 - exiting critical section [close project]
2022-10-29 15:18:22,132 [INFO] PinOutPanel:1468 - setPackage(No Configuration,No Configuration)
2022-10-29 15:18:22,137 [INFO] UtilMem:74 - Begin LoadConfig() Used Memory: 211574032 Bytes (442499072)
2022-10-29 15:18:22,140 [INFO] MicroXplorer:451 - Change Database Path : 
2022-10-29 15:18:22,140 [INFO] MicroXplorer:481 - Change Database Version : DB.6.0.60
2022-10-29 15:18:22,140 [INFO] OpenFileManager:307 - Change cursor
2022-10-29 15:18:22,218 [INFO] Mcu:1922 - Initializing MCU STM32F103C8Tx STM32F103C8Tx 
2022-10-29 15:18:22,219 [INFO] Mcu:1935 - No CPN specified => set CPN to STM32F103C8T6
2022-10-29 15:18:22,957 [INFO] Context:654 - Trying to add GPIOservice into a context  which must be forbidden
2022-10-29 15:18:23,214 [INFO] ImportTextPane:193 - (OptionalMessage_ERROR) Unable to find key (Mcu.ThirdPartyNb) in loaded IOC file
2022-10-29 15:18:23,215 [INFO] ImportTextPane:193 - (OptionalMessage_ERROR) Unable to find key (Mcu.PinsNb) in loaded IOC file
2022-10-29 15:18:23,215 [INFO] ImportTextPane:193 - (OptionalMessage_ERROR) Unable to find key (Mcu.IPNb) in loaded IOC file
2022-10-29 15:18:23,283 [WARN] ApiManager:308 - Cannot register API 'Board Extension:GNSS1A1' from pack STMicroelectronics.X-CUBE-GNSS1.6.0.0: no header file found
2022-10-29 15:18:23,283 [WARN] ApiManager:308 - Cannot register API 'Board Support:Custom' from pack STMicroelectronics.X-CUBE-GNSS1.6.0.0: no header file found
2022-10-29 15:18:23,283 [WARN] ApiManager:308 - Cannot register API 'Data Exchange:lib_gnss' from pack STMicroelectronics.X-CUBE-GNSS1.6.0.0: no header file found
2022-10-29 15:18:23,300 [WARN] ApiManager:308 - Cannot register API 'Wireless:BlueNRG-MS' from pack STMicroelectronics.X-CUBE-BLE1.6.2.3: no header file found
2022-10-29 15:18:23,303 [INFO] RtosManager:488 - Registered RTOS mode: class=CMSIS, group=RTOS, mode=CMSIS_V1, owner=FREERTOS
2022-10-29 15:18:23,304 [INFO] RtosManager:488 - Registered RTOS mode: class=CMSIS, group=RTOS2, mode=CMSIS_V2, owner=FREERTOS
2022-10-29 15:18:23,304 [INFO] RtosManager:488 - Registered RTOS mode: class=RTOS, group=Core, mode=CMSIS_V1, owner=FREERTOS
2022-10-29 15:18:23,304 [INFO] RtosManager:488 - Registered RTOS mode: class=RTOS, group=Core, mode=CMSIS_V2, owner=FREERTOS
2022-10-29 15:18:23,304 [WARN] ModelIntegratedComponent:185 - Missing modes for component STMicroelectronics:FreeRTOS:0.0.1:STMicroelectronics:RTOS:FreeRTOS:Core:::10.2.0:
2022-10-29 15:18:23,312 [WARN] ApiManager:308 - Cannot register API 'Board Extension:S2868A1' from pack STMicroelectronics.X-CUBE-SUBG2.5.0.0: no header file found
2022-10-29 15:18:23,312 [WARN] ApiManager:308 - Cannot register API 'Board Extension:S2868A2' from pack STMicroelectronics.X-CUBE-SUBG2.5.0.0: no header file found
2022-10-29 15:18:23,313 [WARN] ApiManager:308 - Cannot register API 'Board Extension:S2915A1' from pack STMicroelectronics.X-CUBE-SUBG2.5.0.0: no header file found
2022-10-29 15:18:23,320 [WARN] ApiManager:308 - Cannot register API 'Wireless:BlueNRG-MS' from pack STMicroelectronics.X-CUBE-BLE1.6.2.2: no header file found
2022-10-29 15:18:23,321 [WARN] ApiManager:308 - Cannot register API 'Board Extension:NFC04A1' from pack STMicroelectronics.X-CUBE-NFC4.2.0.4: no header file found
2022-10-29 15:18:23,322 [WARN] ApiManager:308 - Cannot register API 'Wireless:BlueNRG-2' from pack STMicroelectronics.X-CUBE-BLE2.3.2.2: no header file found
2022-10-29 15:18:23,323 [WARN] ApiManager:308 - Cannot register API 'Board Extension:NFC04A1' from pack STMicroelectronics.X-CUBE-NFC4.2.0.3: no header file found
2022-10-29 15:18:23,328 [WARN] ApiManager:308 - Cannot register API 'Board Extension:S2868A1' from pack STMicroelectronics.X-CUBE-SFXS2LP1.3.1.0: no header file found
2022-10-29 15:18:23,328 [WARN] ApiManager:308 - Cannot register API 'Board Extension:S2868A2' from pack STMicroelectronics.X-CUBE-SFXS2LP1.3.1.0: no header file found
2022-10-29 15:18:23,328 [WARN] ApiManager:308 - Cannot register API 'Board Extension:S2915A1' from pack STMicroelectronics.X-CUBE-SFXS2LP1.3.1.0: no header file found
2022-10-29 15:18:23,336 [WARN] ModelIntegratedComponent:64 - No mode defined for component null
2022-10-29 15:18:23,337 [WARN] ModelIntegratedComponent:64 - No mode defined for component null
2022-10-29 15:18:23,337 [WARN] ModelIntegratedComponent:64 - No mode defined for component null
2022-10-29 15:18:23,337 [WARN] ModelIntegratedComponent:64 - No mode defined for component null
2022-10-29 15:18:23,337 [WARN] ModelIntegratedComponent:64 - No mode defined for component null
2022-10-29 15:18:23,337 [WARN] ModelIntegratedComponent:64 - No mode defined for component null
2022-10-29 15:18:23,337 [WARN] ModelIntegratedComponent:64 - No mode defined for component null
2022-10-29 15:18:23,337 [WARN] ModelIntegratedComponent:64 - No mode defined for component null
2022-10-29 15:18:23,337 [WARN] ModelIntegratedComponent:64 - No mode defined for component null
2022-10-29 15:18:23,337 [WARN] ModelIntegratedComponent:64 - No mode defined for component null
2022-10-29 15:18:23,337 [WARN] ModelIntegratedComponent:64 - No mode defined for component null
2022-10-29 15:18:23,337 [WARN] ModelIntegratedComponent:64 - No mode defined for component null
2022-10-29 15:18:23,337 [WARN] ModelIntegratedComponent:64 - No mode defined for component null
2022-10-29 15:18:23,337 [WARN] ModelIntegratedComponent:64 - No mode defined for component null
2022-10-29 15:18:23,337 [WARN] ModelIntegratedComponent:64 - No mode defined for component null
2022-10-29 15:18:23,337 [WARN] ModelIntegratedComponent:64 - No mode defined for component null
2022-10-29 15:18:23,337 [WARN] ModelIntegratedComponent:64 - No mode defined for component null
2022-10-29 15:18:23,337 [WARN] ModelIntegratedComponent:64 - No mode defined for component null
2022-10-29 15:18:23,337 [WARN] ModelIntegratedComponent:64 - No mode defined for component null
2022-10-29 15:18:23,337 [WARN] ModelIntegratedComponent:64 - No mode defined for component null
2022-10-29 15:18:23,337 [WARN] ModelIntegratedComponent:64 - No mode defined for component null
2022-10-29 15:18:23,337 [WARN] ModelIntegratedComponent:64 - No mode defined for component null
2022-10-29 15:18:23,337 [WARN] ModelIntegratedComponent:64 - No mode defined for component null
2022-10-29 15:18:23,337 [WARN] ModelIntegratedComponent:64 - No mode defined for component null
2022-10-29 15:18:23,337 [WARN] ModelIntegratedComponent:64 - No mode defined for component null
2022-10-29 15:18:23,338 [WARN] ModelIntegratedComponent:64 - No mode defined for component null
2022-10-29 15:18:23,338 [WARN] ModelIntegratedComponent:64 - No mode defined for component null
2022-10-29 15:18:23,338 [WARN] ModelIntegratedComponent:64 - No mode defined for component null
2022-10-29 15:18:23,338 [WARN] ModelIntegratedComponent:64 - No mode defined for component null
2022-10-29 15:18:23,338 [WARN] ModelIntegratedComponent:64 - No mode defined for component null
2022-10-29 15:18:23,338 [WARN] ModelIntegratedComponent:64 - No mode defined for component null
2022-10-29 15:18:23,338 [WARN] ModelIntegratedComponent:64 - No mode defined for component null
2022-10-29 15:18:23,338 [WARN] ModelIntegratedComponent:64 - No mode defined for component null
2022-10-29 15:18:23,341 [WARN] ApiManager:308 - Cannot register API 'Board Extension:NFC07A1' from pack STMicroelectronics.X-CUBE-NFC7.1.0.0: no header file found
2022-10-29 15:18:23,345 [WARN] ApiManager:308 - Cannot register API 'Board Extension:S2868A1' from pack STMicroelectronics.X-CUBE-SUBG2.4.2.0: no header file found
2022-10-29 15:18:23,345 [WARN] ApiManager:308 - Cannot register API 'Board Extension:S2868A2' from pack STMicroelectronics.X-CUBE-SUBG2.4.2.0: no header file found
2022-10-29 15:18:23,345 [WARN] ApiManager:308 - Cannot register API 'Board Extension:S2915A1' from pack STMicroelectronics.X-CUBE-SUBG2.4.2.0: no header file found
2022-10-29 15:18:23,406 [WARN] ApiManager:308 - Cannot register API 'Board Extension:IKS01A3' from pack STMicroelectronics.X-CUBE-MEMS1.9.1.0: no header file found
2022-10-29 15:18:23,406 [WARN] ApiManager:308 - Cannot register API 'Board Extension:IKS01A2' from pack STMicroelectronics.X-CUBE-MEMS1.9.1.0: no header file found
2022-10-29 15:18:23,406 [WARN] ApiManager:308 - Cannot register API 'Board Extension:IKS02A1' from pack STMicroelectronics.X-CUBE-MEMS1.9.1.0: no header file found
2022-10-29 15:18:23,508 [WARN] ApiManager:308 - Cannot register API 'Board Extension:IKS01A3' from pack STMicroelectronics.X-CUBE-MEMS1.9.3.0: no header file found
2022-10-29 15:18:23,509 [WARN] ApiManager:308 - Cannot register API 'Board Extension:IKS01A2' from pack STMicroelectronics.X-CUBE-MEMS1.9.3.0: no header file found
2022-10-29 15:18:23,509 [WARN] ApiManager:308 - Cannot register API 'Board Extension:IKS02A1' from pack STMicroelectronics.X-CUBE-MEMS1.9.3.0: no header file found
2022-10-29 15:18:23,517 [WARN] ApiManager:308 - Cannot register API 'Board Extension:EEPRMA1' from pack STMicroelectronics.X-CUBE-EEPRMA1.3.1.1: no header file found
2022-10-29 15:18:23,517 [WARN] ApiManager:308 - Cannot register API 'Board Extension:EEPRMA2' from pack STMicroelectronics.X-CUBE-EEPRMA1.3.1.1: no header file found
2022-10-29 15:18:23,518 [WARN] ApiManager:308 - Cannot register API 'Board Extension:GNSS1A1' from pack STMicroelectronics.X-CUBE-GNSS1.5.2.0: no header file found
2022-10-29 15:18:23,518 [WARN] ApiManager:308 - Cannot register API 'Board Support:Custom' from pack STMicroelectronics.X-CUBE-GNSS1.5.2.0: no header file found
2022-10-29 15:18:23,518 [WARN] ApiManager:308 - Cannot register API 'Data Exchange:lib_gnss' from pack STMicroelectronics.X-CUBE-GNSS1.5.2.0: no header file found
2022-10-29 15:18:23,520 [WARN] ApiManager:308 - Cannot register API 'Board Extension:S2868A1' from pack STMicroelectronics.X-CUBE-SFXS2LP1.4.0.0: no header file found
2022-10-29 15:18:23,520 [WARN] ApiManager:308 - Cannot register API 'Board Extension:S2868A2' from pack STMicroelectronics.X-CUBE-SFXS2LP1.4.0.0: no header file found
2022-10-29 15:18:23,520 [WARN] ApiManager:308 - Cannot register API 'Board Extension:S2915A1' from pack STMicroelectronics.X-CUBE-SFXS2LP1.4.0.0: no header file found
2022-10-29 15:18:23,520 [WARN] ApiManager:308 - Cannot register API 'Wireless:BlueNRG-2' from pack STMicroelectronics.X-CUBE-BLE2.3.3.0: no header file found
2022-10-29 15:18:23,533 [INFO] ThirdPartyModel:289 - Start build external matchings
2022-10-29 15:18:24,318 [INFO] ThirdPartyModel:302 - End build external matchings
2022-10-29 15:18:24,537 [INFO] UtilMem:74 - End LoadConfig() Used Memory: 190807896 Bytes (442499072)
2022-10-29 15:18:24,562 [WARN] ThirdParty:789 - waiting for thirdparty lock release [change project]
2022-10-29 15:18:24,562 [INFO] ThirdParty:791 - entering critical section [change project]
2022-10-29 15:18:24,562 [INFO] ThirdParty:981 - CMSIS Pack Vendor :wolfSSL I-CUBE-wolfSSL 5.2.0
2022-10-29 15:18:24,563 [INFO] ThirdParty:981 - CMSIS Pack Vendor :RoweBots I-CUBE-UNISONRTOS 5.5.0-4
2022-10-29 15:18:24,563 [INFO] ThirdParty:981 - CMSIS Pack Vendor :STMicroelectronics X-CUBE-GNSS1 6.0.0
2022-10-29 15:18:24,563 [INFO] ThirdParty:981 - CMSIS Pack Vendor :STMicroelectronics X-CUBE-AZRTOS-H7 2.1.0
2022-10-29 15:18:24,563 [INFO] ThirdParty:981 - CMSIS Pack Vendor :STMicroelectronics USB_HOST 2.0.0
2022-10-29 15:18:24,563 [INFO] ThirdParty:981 - CMSIS Pack Vendor :STMicroelectronics X-CUBE-AZRTOS-F4 1.1.0
2022-10-29 15:18:24,563 [INFO] ThirdParty:981 - CMSIS Pack Vendor :STMicroelectronics LIBJPEG 8.0.0
2022-10-29 15:18:24,563 [INFO] ThirdParty:981 - CMSIS Pack Vendor :STMicroelectronics USB_DEVICE 3.0.0
2022-10-29 15:18:24,563 [INFO] ThirdParty:981 - CMSIS Pack Vendor :STMicroelectronics X-CUBE-BLEMGR 1.0.0
2022-10-29 15:18:24,563 [INFO] ThirdParty:981 - CMSIS Pack Vendor :STMicroelectronics X-CUBE-BLEMGR 1.2.0
2022-10-29 15:18:24,563 [INFO] ThirdParty:981 - CMSIS Pack Vendor :STMicroelectronics X-CUBE-AZRTOS-F7 1.1.0
2022-10-29 15:18:24,563 [INFO] ThirdParty:981 - CMSIS Pack Vendor :STMicroelectronics USB_DEVICE 2.0.0
2022-10-29 15:18:24,563 [INFO] ThirdParty:981 - CMSIS Pack Vendor :STMicroelectronics X-CUBE-AI 7.1.0
2022-10-29 15:18:24,563 [INFO] ThirdParty:981 - CMSIS Pack Vendor :STMicroelectronics X-CUBE-BLE1 6.2.3
2022-10-29 15:18:24,563 [INFO] ThirdParty:981 - CMSIS Pack Vendor :STMicroelectronics X-CUBE-ALGOBUILD 1.3.0
2022-10-29 15:18:24,564 [INFO] ThirdParty:981 - CMSIS Pack Vendor :STMicroelectronics FreeRTOS 0.0.1
2022-10-29 15:18:24,564 [INFO] ThirdParty:981 - CMSIS Pack Vendor :STMicroelectronics X-CUBE-AZRTOS-G0 1.1.0
2022-10-29 15:18:24,564 [INFO] ThirdParty:981 - CMSIS Pack Vendor :STMicroelectronics X-CUBE-SUBG2 5.0.0
2022-10-29 15:18:24,564 [INFO] ThirdParty:981 - CMSIS Pack Vendor :SEGGER I-CUBE-embOS 1.2.0
2022-10-29 15:18:24,564 [INFO] ThirdParty:981 - CMSIS Pack Vendor :STMicroelectronics STM32_WPAN 1.0.0
2022-10-29 15:18:24,564 [INFO] ThirdParty:981 - CMSIS Pack Vendor :STMicroelectronics lwIP 2.0.3
2022-10-29 15:18:24,564 [INFO] ThirdParty:981 - CMSIS Pack Vendor :STMicroelectronics X-CUBE-BLE1 6.2.2
2022-10-29 15:18:24,564 [INFO] ThirdParty:981 - CMSIS Pack Vendor :STMicroelectronics X-CUBE-NFC4 2.0.4
2022-10-29 15:18:24,564 [INFO] ThirdParty:981 - CMSIS Pack Vendor :STMicroelectronics X-CUBE-BLE2 3.2.2
2022-10-29 15:18:24,564 [INFO] ThirdParty:981 - CMSIS Pack Vendor :STMicroelectronics USB_HOST 1.0.0
2022-10-29 15:18:24,564 [INFO] ThirdParty:981 - CMSIS Pack Vendor :STMicroelectronics X-CUBE-NFC4 2.0.3
2022-10-29 15:18:24,564 [INFO] ThirdParty:981 - CMSIS Pack Vendor :STMicroelectronics PDM2PCM 3.1.0
2022-10-29 15:18:24,564 [INFO] ThirdParty:981 - CMSIS Pack Vendor :STMicroelectronics FP-ATR-ASTRA1 1.1.1
2022-10-29 15:18:24,564 [INFO] ThirdParty:981 - CMSIS Pack Vendor :STMicroelectronics PDM2PCM 3.3.0
2022-10-29 15:18:24,565 [INFO] ThirdParty:981 - CMSIS Pack Vendor :STMicroelectronics X-CUBE-TOF1 3.1.0
2022-10-29 15:18:24,565 [INFO] ThirdParty:981 - CMSIS Pack Vendor :STMicroelectronics X-CUBE-SFXS2LP1 3.1.0
2022-10-29 15:18:24,565 [INFO] ThirdParty:981 - CMSIS Pack Vendor :STMicroelectronics X-CUBE-AZRTOS-F4 1.0.0
2022-10-29 15:18:24,565 [INFO] ThirdParty:981 - CMSIS Pack Vendor :STMicroelectronics X-CUBE-AZRTOS-H7 2.0.0
2022-10-29 15:18:24,565 [INFO] ThirdParty:981 - CMSIS Pack Vendor :STMicroelectronics X-CUBE-AZRTOS-G4 1.0.0
2022-10-29 15:18:24,565 [INFO] ThirdParty:981 - CMSIS Pack Vendor :STMicroelectronics FP-ATR-SIGFOX1 3.2.0
2022-10-29 15:18:24,565 [INFO] ThirdParty:981 - CMSIS Pack Vendor :STMicroelectronics X-CUBE-AZRTOS-L4 1.0.0
2022-10-29 15:18:24,565 [INFO] ThirdParty:981 - CMSIS Pack Vendor :STMicroelectronics HAL Drivers 0.0.0
2022-10-29 15:18:24,565 [INFO] ThirdParty:981 - CMSIS Pack Vendor :STMicroelectronics MBEDTLS 2.16.2
2022-10-29 15:18:24,565 [INFO] ThirdParty:981 - CMSIS Pack Vendor :emotas I-CUBE-CANOPEN 1.1.2
2022-10-29 15:18:24,565 [INFO] ThirdParty:981 - CMSIS Pack Vendor :STMicroelectronics X-CUBE-TOUCHGFX 4.20.0
2022-10-29 15:18:24,565 [INFO] ThirdParty:981 - CMSIS Pack Vendor :STMicroelectronics MBEDTLS 2.14.1
2022-10-29 15:18:24,565 [INFO] ThirdParty:981 - CMSIS Pack Vendor :STMicroelectronics X-CUBE-NFC7 1.0.0
2022-10-29 15:18:24,565 [INFO] ThirdParty:981 - CMSIS Pack Vendor :STMicroelectronics X-CUBE-AZRTOS-F7 1.0.0
2022-10-29 15:18:24,566 [INFO] ThirdParty:981 - CMSIS Pack Vendor :STMicroelectronics X-CUBE-AZRTOS-WL 1.0.0
2022-10-29 15:18:24,566 [INFO] ThirdParty:981 - CMSIS Pack Vendor :STMicroelectronics X-CUBE-SUBG2 4.2.0
2022-10-29 15:18:24,566 [INFO] ThirdParty:981 - CMSIS Pack Vendor :STMicroelectronics X-CUBE-MEMS1 9.1.0
2022-10-29 15:18:24,566 [INFO] ThirdParty:981 - CMSIS Pack Vendor :STMicroelectronics X-CUBE-MEMS1 9.3.0
2022-10-29 15:18:24,566 [INFO] ThirdParty:981 - CMSIS Pack Vendor :portGmbH I-Cube-SoM-uGOAL 1.1.0
2022-10-29 15:18:24,566 [INFO] ThirdParty:981 - CMSIS Pack Vendor :STMicroelectronics X-CUBE-ALS 1.0.1
2022-10-29 15:18:24,566 [INFO] ThirdParty:981 - CMSIS Pack Vendor :STMicroelectronics X-CUBE-AI 7.2.0
2022-10-29 15:18:24,566 [INFO] ThirdParty:981 - CMSIS Pack Vendor :STMicroelectronics ThreadX 1.0.0
2022-10-29 15:18:24,566 [INFO] ThirdParty:981 - CMSIS Pack Vendor :STMicroelectronics X-CUBE-AZRTOS-L5 1.0.0
2022-10-29 15:18:24,566 [INFO] ThirdParty:981 - CMSIS Pack Vendor :STMicroelectronics USB_DEVICE 1.0.0
2022-10-29 15:18:24,566 [INFO] ThirdParty:981 - CMSIS Pack Vendor :STMicroelectronics X-CUBE-AZRTOS-G0 1.0.0
2022-10-29 15:18:24,566 [INFO] ThirdParty:981 - CMSIS Pack Vendor :STMicroelectronics X-CUBE-EEPRMA1 3.1.1
2022-10-29 15:18:24,566 [INFO] ThirdParty:981 - CMSIS Pack Vendor :STMicroelectronics X-CUBE-GNSS1 5.2.0
2022-10-29 15:18:24,566 [INFO] ThirdParty:981 - CMSIS Pack Vendor :STMicroelectronics ThreadX 0.0.2
2022-10-29 15:18:24,566 [INFO] ThirdParty:981 - CMSIS Pack Vendor :STMicroelectronics lwIP 2.1.2
2022-10-29 15:18:24,566 [INFO] ThirdParty:981 - CMSIS Pack Vendor :STMicroelectronics X-CUBE-SFXS2LP1 4.0.0
2022-10-29 15:18:24,567 [INFO] ThirdParty:981 - CMSIS Pack Vendor :STMicroelectronics X-CUBE-BLE2 3.3.0
2022-10-29 15:18:24,571 [INFO] ThirdParty:981 - CMSIS Pack Vendor :STMicroelectronics X-CUBE-DISPLAY 2.0.1
2022-10-29 15:18:24,571 [INFO] ThirdParty:981 - CMSIS Pack Vendor :STMicroelectronics X-CUBE-DISPLAY 2.2.0
2022-10-29 15:18:24,571 [INFO] ThirdParty:981 - CMSIS Pack Vendor :STMicroelectronics X-CUBE-TOF1 3.2.0
2022-10-29 15:18:24,571 [INFO] ThirdParty:981 - CMSIS Pack Vendor :STMicroelectronics PDM2PCM 3.2.0
2022-10-29 15:18:24,571 [INFO] ThirdParty:981 - CMSIS Pack Vendor :STMicroelectronics X-CUBE-TOUCHGFX 4.18.1
2022-10-29 15:18:24,571 [INFO] ThirdParty:981 - CMSIS Pack Vendor :STMicroelectronics X-CUBE-TOF1 3.0.0
2022-10-29 15:18:24,572 [INFO] ThirdParty:981 - CMSIS Pack Vendor :STMicroelectronics X-CUBE-ISPU 1.0.0
2022-10-29 15:18:24,572 [INFO] ThirdParty:797 - exiting critical section [change project]
2022-10-29 15:18:24,957 [INFO] PinOutPanel:1468 - setPackage(No Configuration,No Configuration)
2022-10-29 15:18:24,958 [INFO] PinOutPanel:1468 - setPackage(STM32F103C8Tx,LQFP48)
2022-10-29 15:18:25,546 [INFO] UtilMem:74 - Before build in PCC Used Memory: 210183792 Bytes (442499072)
2022-10-29 15:18:26,594 [INFO] UtilMem:74 - After build in PCC Used Memory: 226212280 Bytes (442499072)
2022-10-29 15:18:26,620 [INFO] IPUIPlugin:79 - create IPUIPlugin
2022-10-29 15:18:26,622 [INFO] IPUIPlugin:79 - create IPUIPlugin
2022-10-29 15:18:26,623 [INFO] IPUIPlugin:79 - create IPUIPlugin
2022-10-29 15:18:26,623 [INFO] IPUIPlugin:79 - create IPUIPlugin
2022-10-29 15:18:26,623 [INFO] IPUIPlugin:79 - create IPUIPlugin
2022-10-29 15:18:26,623 [INFO] IPUIPlugin:79 - create IPUIPlugin
2022-10-29 15:18:26,623 [INFO] IPUIPlugin:79 - create IPUIPlugin
2022-10-29 15:18:26,623 [INFO] IPUIPlugin:79 - create IPUIPlugin
2022-10-29 15:18:26,623 [INFO] IPUIPlugin:79 - create IPUIPlugin
2022-10-29 15:18:26,624 [INFO] IPUIPlugin:79 - create IPUIPlugin
2022-10-29 15:18:26,625 [INFO] IPUIPlugin:79 - create IPUIPlugin
2022-10-29 15:18:26,625 [INFO] IPUIPlugin:79 - create IPUIPlugin
2022-10-29 15:18:26,625 [INFO] IPUIPlugin:79 - create IPUIPlugin
2022-10-29 15:18:26,626 [INFO] IPUIPlugin:79 - create IPUIPlugin
2022-10-29 15:18:26,626 [INFO] IPUIPlugin:79 - create IPUIPlugin
2022-10-29 15:18:26,626 [INFO] IPUIPlugin:79 - create IPUIPlugin
2022-10-29 15:18:26,626 [INFO] IPUIPlugin:79 - create IPUIPlugin
2022-10-29 15:18:26,627 [INFO] IPUIPlugin:79 - create IPUIPlugin
2022-10-29 15:18:26,627 [INFO] IPUIPlugin:79 - create IPUIPlugin
2022-10-29 15:18:26,628 [INFO] IPUIPlugin:79 - create IPUIPlugin
2022-10-29 15:18:26,628 [INFO] IPUIPlugin:79 - create IPUIPlugin
2022-10-29 15:18:26,628 [INFO] IPUIPlugin:79 - create IPUIPlugin
2022-10-29 15:18:26,629 [INFO] IPUIPlugin:79 - create IPUIPlugin
2022-10-29 15:18:26,629 [INFO] IPUIPlugin:79 - create IPUIPlugin
2022-10-29 15:18:26,630 [INFO] IPUIPlugin:79 - create IPUIPlugin
2022-10-29 15:18:26,630 [INFO] IPUIPlugin:79 - create IPUIPlugin
2022-10-29 15:18:26,631 [INFO] IPUIPlugin:79 - create IPUIPlugin
2022-10-29 15:18:26,889 [INFO] OpenFileManager:327 - Restore cursor
2022-10-29 15:18:27,596 [INFO] UtilMem:74 - End SaveConfig() Used Memory: 336835000 Bytes (442499072)
2022-10-29 15:18:27,710 [INFO] UtilMem:74 - End SaveConfig() Used Memory: 347847096 Bytes (442499072)
2022-10-29 15:18:28,326 [INFO] BlockDiagram:2753 - set Specific Code input for plugin: NVIC
2022-10-29 15:18:28,327 [INFO] BlockDiagram:2753 - set Specific Code input for plugin: RCC
2022-10-29 15:18:28,330 [INFO] CodeGenerator:690 - code generatio: config db path: C:\ST\STM32CubeIDE_1.9.0\STM32CubeIDE\plugins\com.st.stm32cube.common.mx_6.6.1.202207061420\\db\
2022-10-29 15:18:28,615 [INFO] CodeEngine:245 - oldGeneratedFile, D:\github\mc\stm32\Stepper_Motor_28byj-48_ULN2003\Stepper_Motor_28byj-48_ULN2003\MXTmpFiles\license.tmp_save
2022-10-29 15:18:28,984 [INFO] CodeEngine:269 - Generated code: D:\github\mc\stm32\Stepper_Motor_28byj-48_ULN2003\Stepper_Motor_28byj-48_ULN2003\MXTmpFiles\license.tmp
2022-10-29 15:18:29,007 [INFO] CodeEngine:245 - oldGeneratedFile, D:\github\mc\stm32\Stepper_Motor_28byj-48_ULN2003\Stepper_Motor_28byj-48_ULN2003\Core\Src\stm32f1xx_it.c_save
2022-10-29 15:18:29,257 [INFO] CodeEngine:269 - Generated code: D:\github\mc\stm32\Stepper_Motor_28byj-48_ULN2003\Stepper_Motor_28byj-48_ULN2003\Core\Src\stm32f1xx_it.c
2022-10-29 15:18:29,275 [INFO] CodeEngine:245 - oldGeneratedFile, D:\github\mc\stm32\Stepper_Motor_28byj-48_ULN2003\Stepper_Motor_28byj-48_ULN2003\Core\Inc\stm32f1xx_it.h_save
2022-10-29 15:18:29,522 [INFO] CodeEngine:269 - Generated code: D:\github\mc\stm32\Stepper_Motor_28byj-48_ULN2003\Stepper_Motor_28byj-48_ULN2003\Core\Inc\stm32f1xx_it.h
2022-10-29 15:18:29,623 [INFO] CodeEngine:245 - oldGeneratedFile, D:\github\mc\stm32\Stepper_Motor_28byj-48_ULN2003\Stepper_Motor_28byj-48_ULN2003\Core\Src\stm32f1xx_hal_msp.c_save
2022-10-29 15:18:29,870 [INFO] CodeEngine:269 - Generated code: D:\github\mc\stm32\Stepper_Motor_28byj-48_ULN2003\Stepper_Motor_28byj-48_ULN2003\Core\Src\stm32f1xx_hal_msp.c
2022-10-29 15:18:29,878 [INFO] CodeEngine:245 - oldGeneratedFile, D:\github\mc\stm32\Stepper_Motor_28byj-48_ULN2003\Stepper_Motor_28byj-48_ULN2003\MXTmpFiles\system.tmp_save
2022-10-29 15:18:29,959 [INFO] CodeEngine:269 - Generated code: D:\github\mc\stm32\Stepper_Motor_28byj-48_ULN2003\Stepper_Motor_28byj-48_ULN2003\MXTmpFiles\system.tmp
2022-10-29 15:18:29,972 [INFO] CodeEngine:245 - oldGeneratedFile, D:\github\mc\stm32\Stepper_Motor_28byj-48_ULN2003\Stepper_Motor_28byj-48_ULN2003\Core\Inc\stm32f1xx_hal_conf.h_save
2022-10-29 15:18:30,206 [INFO] CodeEngine:269 - Generated code: D:\github\mc\stm32\Stepper_Motor_28byj-48_ULN2003\Stepper_Motor_28byj-48_ULN2003\Core\Inc\stm32f1xx_hal_conf.h
2022-10-29 15:18:30,262 [INFO] CodeEngine:245 - oldGeneratedFile, D:\github\mc\stm32\Stepper_Motor_28byj-48_ULN2003\Stepper_Motor_28byj-48_ULN2003\Core\Inc\main.h_save
2022-10-29 15:18:30,379 [INFO] CodeEngine:269 - Generated code: D:\github\mc\stm32\Stepper_Motor_28byj-48_ULN2003\Stepper_Motor_28byj-48_ULN2003\Core\Inc\main.h
2022-10-29 15:18:30,387 [INFO] CodeEngine:245 - oldGeneratedFile, D:\github\mc\stm32\Stepper_Motor_28byj-48_ULN2003\Stepper_Motor_28byj-48_ULN2003\Core\Src\main.c_save
2022-10-29 15:18:30,536 [INFO] CodeEngine:269 - Generated code: D:\github\mc\stm32\Stepper_Motor_28byj-48_ULN2003\Stepper_Motor_28byj-48_ULN2003\Core\Src\main.c
2022-10-29 15:18:31,275 [INFO] ProjectBuilder:2919 - Time for Copy HAL[1] : 140mS.
2022-10-29 15:18:31,342 [INFO] ProjectBuilder:4117 - Project Generator version: 3.17.1
2022-10-29 15:18:31,723 [INFO] ConfigFileManager:1394 - The Die is : DIE410
2022-10-29 15:18:31,738 [INFO] ApiDbMcu:505 - Load IP Config File for FATFS
2022-10-29 15:18:31,776 [INFO] ApiDbMcu:505 - Load IP Config File for FREERTOS
2022-10-29 15:18:31,802 [INFO] ApiDbMcu:505 - Load IP Config File for USB_DEVICE
2022-10-29 15:18:35,098 [INFO] ProjectBuilder:4285 - Time for Generating toolchain IDE Files: 3756mS.
2022-10-29 15:18:35,099 [INFO] ProjectBuilder:2790 - Time for Copy CMSIS : 0mS.
2022-10-29 15:18:35,100 [INFO] ProjectBuilder:2790 - Time for Copy CMSIS : 0mS.
2022-10-29 15:18:38,279 [INFO] McuFinderGlobals:57 - Set McuFinderConnectedMode to true
2022-10-29 15:18:38,279 [INFO] ApiDb:443 - Save user favorites file C:\Users\Zver/.stm32cubeide/favorites.mcus.txt: 1 item(s)
2022-10-29 15:18:38,280 [INFO] ApiDb:447 - User favorites MCUs=[STM32F103C8T6]
2022-10-29 15:22:37,911 [INFO] UtilMem:74 - End SaveConfig() Used Memory: 498131032 Bytes (708837376)
2022-10-29 15:22:39,374 [INFO] UtilMem:74 - End SaveConfig() Used Memory: 513729552 Bytes (708837376)
2022-10-29 15:22:42,239 [INFO] UtilMem:74 - End SaveConfig() Used Memory: 430271928 Bytes (708837376)
2022-10-29 15:22:42,536 [INFO] BlockDiagram:2753 - set Specific Code input for plugin: NVIC
2022-10-29 15:22:42,537 [INFO] BlockDiagram:2753 - set Specific Code input for plugin: TIM1_8F1
2022-10-29 15:22:42,537 [INFO] BlockDiagram:2753 - set Specific Code input for plugin: SYS
2022-10-29 15:22:42,537 [INFO] BlockDiagram:2753 - set Specific Code input for plugin: GPIO
2022-10-29 15:22:42,537 [INFO] BlockDiagram:2753 - set Specific Code input for plugin: RCC
2022-10-29 15:22:42,538 [INFO] CodeGenerator:690 - code generatio: config db path: C:\ST\STM32CubeIDE_1.9.0\STM32CubeIDE\plugins\com.st.stm32cube.common.mx_6.6.1.202207061420\\db\
2022-10-29 15:22:42,668 [INFO] CodeEngine:245 - oldGeneratedFile, D:\github\mc\stm32\Stepper_Motor_28byj-48_ULN2003\Stepper_Motor_28byj-48_ULN2003\MXTmpFiles\license.tmp_save
2022-10-29 15:22:42,844 [INFO] CodeEngine:269 - Generated code: D:\github\mc\stm32\Stepper_Motor_28byj-48_ULN2003\Stepper_Motor_28byj-48_ULN2003\MXTmpFiles\license.tmp
2022-10-29 15:22:42,888 [INFO] CodeEngine:245 - oldGeneratedFile, D:\github\mc\stm32\Stepper_Motor_28byj-48_ULN2003\Stepper_Motor_28byj-48_ULN2003\MXTmpFiles\gpio.tmp_save
2022-10-29 15:22:43,003 [INFO] CodeEngine:269 - Generated code: D:\github\mc\stm32\Stepper_Motor_28byj-48_ULN2003\Stepper_Motor_28byj-48_ULN2003\MXTmpFiles\gpio.tmp
2022-10-29 15:22:43,188 [INFO] CodeEngine:245 - oldGeneratedFile, D:\github\mc\stm32\Stepper_Motor_28byj-48_ULN2003\Stepper_Motor_28byj-48_ULN2003\Core\Src\stm32f1xx_it.c_save
2022-10-29 15:22:43,321 [INFO] CodeEngine:269 - Generated code: D:\github\mc\stm32\Stepper_Motor_28byj-48_ULN2003\Stepper_Motor_28byj-48_ULN2003\Core\Src\stm32f1xx_it.c
2022-10-29 15:22:43,332 [INFO] CodeEngine:245 - oldGeneratedFile, D:\github\mc\stm32\Stepper_Motor_28byj-48_ULN2003\Stepper_Motor_28byj-48_ULN2003\Core\Inc\stm32f1xx_it.h_save
2022-10-29 15:22:43,470 [INFO] CodeEngine:269 - Generated code: D:\github\mc\stm32\Stepper_Motor_28byj-48_ULN2003\Stepper_Motor_28byj-48_ULN2003\Core\Inc\stm32f1xx_it.h
2022-10-29 15:22:43,533 [INFO] CodeEngine:245 - oldGeneratedFile, D:\github\mc\stm32\Stepper_Motor_28byj-48_ULN2003\Stepper_Motor_28byj-48_ULN2003\Core\Src\stm32f1xx_hal_msp.c_save
2022-10-29 15:22:43,687 [INFO] CodeEngine:269 - Generated code: D:\github\mc\stm32\Stepper_Motor_28byj-48_ULN2003\Stepper_Motor_28byj-48_ULN2003\Core\Src\stm32f1xx_hal_msp.c
2022-10-29 15:22:43,690 [INFO] CodeEngine:245 - oldGeneratedFile, D:\github\mc\stm32\Stepper_Motor_28byj-48_ULN2003\Stepper_Motor_28byj-48_ULN2003\MXTmpFiles\system.tmp_save
2022-10-29 15:22:43,749 [INFO] CodeEngine:269 - Generated code: D:\github\mc\stm32\Stepper_Motor_28byj-48_ULN2003\Stepper_Motor_28byj-48_ULN2003\MXTmpFiles\system.tmp
2022-10-29 15:22:43,780 [INFO] CodeEngine:245 - oldGeneratedFile, D:\github\mc\stm32\Stepper_Motor_28byj-48_ULN2003\Stepper_Motor_28byj-48_ULN2003\Core\Inc\stm32f1xx_hal_conf.h_save
2022-10-29 15:22:43,902 [INFO] CodeEngine:269 - Generated code: D:\github\mc\stm32\Stepper_Motor_28byj-48_ULN2003\Stepper_Motor_28byj-48_ULN2003\Core\Inc\stm32f1xx_hal_conf.h
2022-10-29 15:22:43,937 [WARN] IPConfigManager:3348 - IP not found : TIM
2022-10-29 15:22:43,938 [WARN] CodeGenerator:3567 - IP not found : null
2022-10-29 15:22:43,959 [INFO] CodeEngine:245 - oldGeneratedFile, D:\github\mc\stm32\Stepper_Motor_28byj-48_ULN2003\Stepper_Motor_28byj-48_ULN2003\Core\Inc\main.h_save
2022-10-29 15:22:44,075 [INFO] CodeEngine:269 - Generated code: D:\github\mc\stm32\Stepper_Motor_28byj-48_ULN2003\Stepper_Motor_28byj-48_ULN2003\Core\Inc\main.h
2022-10-29 15:22:44,115 [INFO] CodeEngine:245 - oldGeneratedFile, D:\github\mc\stm32\Stepper_Motor_28byj-48_ULN2003\Stepper_Motor_28byj-48_ULN2003\Core\Src\main.c_save
2022-10-29 15:22:44,245 [INFO] CodeEngine:269 - Generated code: D:\github\mc\stm32\Stepper_Motor_28byj-48_ULN2003\Stepper_Motor_28byj-48_ULN2003\Core\Src\main.c
2022-10-29 15:22:45,161 [INFO] ProjectBuilder:2919 - Time for Copy HAL[1] : 214mS.
2022-10-29 15:22:45,164 [INFO] ProjectBuilder:4117 - Project Generator version: 3.17.1
2022-10-29 15:22:45,585 [INFO] ConfigFileManager:1394 - The Die is : DIE410
2022-10-29 15:22:47,305 [INFO] ProjectBuilder:4285 - Time for Generating toolchain IDE Files: 2141mS.
2022-10-29 15:22:47,306 [INFO] ProjectBuilder:2790 - Time for Copy CMSIS : 1mS.
2022-10-29 15:22:47,308 [INFO] ProjectBuilder:2790 - Time for Copy CMSIS : 1mS.
