2022-10-25 04:41:27,496 [INFO] Activator:177 - 


2022-10-25 04:41:27,497 [INFO] Activator:178 - !SESSION log4j initialized
2022-10-25 04:41:29,546 [INFO] McuFinderGlobals:44 - Set McuFinder mode to 2 (CubeIDE integrated)
2022-10-25 04:41:30,581 [INFO] ApplicationProperties:181 - Using Application install path: C:\ST\STM32CubeIDE_1.9.0\STM32CubeIDE\plugins\com.st.stm32cube.common.mx_6.6.1.202207061420
2022-10-25 04:41:30,596 [INFO] DbMcusXml:77 - Set database path to: C:\ST\STM32CubeIDE_1.9.0\STM32CubeIDE\plugins\com.st.stm32cube.common.mx_6.6.1.202207061420\\db\/mcu/
2022-10-25 04:41:30,597 [INFO] ApiDb:269 - Set plugin database path to: C:\ST\STM32CubeIDE_1.9.0\STM32CubeIDE\plugins\com.st.stm32cube.common.mx_6.6.1.202207061420\\db\/plugins/boardmanager/
2022-10-25 04:41:30,599 [WARN] ApiDb:254 - Overriding images path with different value:  => C:\ST\STM32CubeIDE_1.9.0\STM32CubeIDE\plugins\com.st.stm32cube.common.mx_6.6.1.202207061420\\db\/plugins/mcufinder/images/
2022-10-25 04:41:30,610 [INFO] ApiDb:249 - Set database path to: C:\Users\Zver\.stmcufinder\plugins\mcufinder//mcu/
2022-10-25 04:41:30,612 [INFO] DbMcusAds:124 - Set database path to: C:\Users\Zver\.stmcufinder\plugins\mcufinder//mcu/
2022-10-25 04:41:30,614 [INFO] CrossReferenceDbSqlite:201 - Set database path to: C:\Users\Zver\.stmcufinder\plugins\mcufinder//mcu/cs/
2022-10-25 04:41:30,703 [INFO] RulesReader:61 - Compatibility file has been processed (282 Rules)
2022-10-25 04:41:30,818 [INFO] DbMcusXml:77 - Set database path to: C:\ST\STM32CubeIDE_1.9.0\STM32CubeIDE\plugins\com.st.stm32cube.common.mx_6.6.1.202207061420\\db\/mcu/
2022-10-25 04:41:30,818 [INFO] ApiDb:269 - Set plugin database path to: C:\ST\STM32CubeIDE_1.9.0\STM32CubeIDE\plugins\com.st.stm32cube.common.mx_6.6.1.202207061420\\db\/plugins/boardmanager/
2022-10-25 04:41:30,818 [INFO] ApiDb:256 - Set plugin images path to: C:\ST\STM32CubeIDE_1.9.0\STM32CubeIDE\plugins\com.st.stm32cube.common.mx_6.6.1.202207061420\\db\/plugins/mcufinder/images/
2022-10-25 04:41:30,818 [WARN] DbFile:40 - Overriding database path with different value: C:\Users\Zver\.stmcufinder\plugins\mcufinder/ => C:\Users\Zver\.stmcufinder\plugins\mcufinder
2022-10-25 04:41:30,819 [INFO] ApiDb:249 - Set database path to: C:\Users\Zver\.stmcufinder\plugins\mcufinder//mcu/
2022-10-25 04:41:30,819 [WARN] DbFile:40 - Overriding database path with different value: C:\Users\Zver\.stmcufinder\plugins\mcufinder/ => C:\Users\Zver\.stmcufinder\plugins\mcufinder
2022-10-25 04:41:30,819 [INFO] DbMcusAds:124 - Set database path to: C:\Users\Zver\.stmcufinder\plugins\mcufinder//mcu/
2022-10-25 04:41:30,819 [WARN] DbFile:40 - Overriding database path with different value: C:\Users\Zver\.stmcufinder\plugins\mcufinder/ => C:\Users\Zver\.stmcufinder\plugins\mcufinder
2022-10-25 04:41:30,820 [WARN] DbFile:40 - Overriding database path with different value: C:\Users\Zver\.stmcufinder\plugins\mcufinder/ => C:\Users\Zver\.stmcufinder\plugins\mcufinder
2022-10-25 04:41:30,820 [INFO] CrossReferenceDbSqlite:201 - Set database path to: C:\Users\Zver\.stmcufinder\plugins\mcufinder//mcu/cs/
2022-10-25 04:41:31,031 [INFO] MainPanel:242 - HeapMemory: 268435456
2022-10-25 04:41:31,088 [INFO] DbMcusXml:77 - Set database path to: C:\ST\STM32CubeIDE_1.9.0\STM32CubeIDE\plugins\com.st.stm32cube.common.mx_6.6.1.202207061420\\db\/mcu/
2022-10-25 04:41:31,088 [INFO] ApiDb:269 - Set plugin database path to: C:\ST\STM32CubeIDE_1.9.0\STM32CubeIDE\plugins\com.st.stm32cube.common.mx_6.6.1.202207061420\\db\/plugins/boardmanager/
2022-10-25 04:41:31,088 [INFO] ApiDb:256 - Set plugin images path to: C:\ST\STM32CubeIDE_1.9.0\STM32CubeIDE\plugins\com.st.stm32cube.common.mx_6.6.1.202207061420\\db\/plugins/mcufinder/images/
2022-10-25 04:41:31,088 [WARN] DbFile:40 - Overriding database path with different value: C:\Users\Zver\.stmcufinder\plugins\mcufinder/ => C:\Users\Zver\.stmcufinder\plugins\mcufinder
2022-10-25 04:41:31,088 [INFO] ApiDb:249 - Set database path to: C:\Users\Zver\.stmcufinder\plugins\mcufinder//mcu/
2022-10-25 04:41:31,089 [WARN] DbFile:40 - Overriding database path with different value: C:\Users\Zver\.stmcufinder\plugins\mcufinder/ => C:\Users\Zver\.stmcufinder\plugins\mcufinder
2022-10-25 04:41:31,089 [INFO] DbMcusAds:124 - Set database path to: C:\Users\Zver\.stmcufinder\plugins\mcufinder//mcu/
2022-10-25 04:41:31,089 [WARN] DbFile:40 - Overriding database path with different value: C:\Users\Zver\.stmcufinder\plugins\mcufinder/ => C:\Users\Zver\.stmcufinder\plugins\mcufinder
2022-10-25 04:41:31,089 [WARN] DbFile:40 - Overriding database path with different value: C:\Users\Zver\.stmcufinder\plugins\mcufinder/ => C:\Users\Zver\.stmcufinder\plugins\mcufinder
2022-10-25 04:41:31,089 [INFO] CrossReferenceDbSqlite:201 - Set database path to: C:\Users\Zver\.stmcufinder\plugins\mcufinder//mcu/cs/
2022-10-25 04:41:31,108 [INFO] ApplicationProperties:181 - Using Application install path: C:\ST\STM32CubeIDE_1.9.0\STM32CubeIDE\plugins\com.st.stm32cube.common.mx_6.6.1.202207061420
2022-10-25 04:41:31,109 [INFO] PluginManage:193 - Search for loadable plugins [exclusion list=, ]
2022-10-25 04:41:31,110 [INFO] PluginManage:307 - Check plugin analytics
2022-10-25 04:41:31,233 [INFO] AnalyticsPlugin:262 - Accepted Software Licenses: 
2022-10-25 04:41:31,234 [INFO] AnalyticsPlugin:264 - Accepted CMSIS Pack Licenses: 
2022-10-25 04:41:31,234 [INFO] AnalyticsPlugin:266 - Accepted Firmware Licenses: 
2022-10-25 04:41:31,242 [INFO] PluginManage:356 - Loaded plugin analytics (category:tool,tabindex:-1)
2022-10-25 04:41:31,242 [INFO] PluginManage:307 - Check plugin cadmodel
2022-10-25 04:41:31,245 [INFO] CADModel:65 - Init CAD model plugin
2022-10-25 04:41:31,246 [INFO] PluginManage:356 - Loaded plugin cadmodel (category:power,tabindex:5)
2022-10-25 04:41:31,246 [INFO] PluginManage:307 - Check plugin clock
2022-10-25 04:41:31,254 [INFO] PluginManage:356 - Loaded plugin clock (category:base,tabindex:2)
2022-10-25 04:41:31,254 [INFO] PluginManage:307 - Check plugin ddr
2022-10-25 04:41:31,256 [INFO] PluginManage:356 - Loaded plugin ddr (category:tool,tabindex:6)
2022-10-25 04:41:31,257 [INFO] PluginManage:307 - Check plugin filemanager
2022-10-25 04:41:31,400 [INFO] PluginManage:356 - Loaded plugin filemanager (category:base,tabindex:10)
2022-10-25 04:41:31,400 [INFO] PluginManage:307 - Check plugin ipmanager
2022-10-25 04:41:31,412 [INFO] PluginManage:356 - Loaded plugin ipmanager (category:base,tabindex:5)
2022-10-25 04:41:31,412 [INFO] PluginManage:307 - Check plugin lpbam
2022-10-25 04:41:31,419 [INFO] PluginManage:356 - Loaded plugin lpbam (category:base,tabindex:0)
2022-10-25 04:41:31,419 [INFO] PluginManage:307 - Check plugin pinoutandconfiguration
2022-10-25 04:41:31,424 [INFO] PluginManage:356 - Loaded plugin pinoutandconfiguration (category:base,tabindex:1)
2022-10-25 04:41:31,424 [INFO] PluginManage:307 - Check plugin pinoutconfig
2022-10-25 04:41:31,451 [INFO] PluginManage:356 - Loaded plugin pinoutconfig (category:base,tabindex:0)
2022-10-25 04:41:31,451 [INFO] PluginManage:307 - Check plugin power
2022-10-25 04:41:31,459 [INFO] PluginManage:356 - Loaded plugin power (category:power,tabindex:4)
2022-10-25 04:41:31,460 [INFO] PluginManage:307 - Check plugin projectmanager
2022-10-25 04:41:31,472 [INFO] PluginManage:356 - Loaded plugin projectmanager (category:projectmanager,tabindex:3)
2022-10-25 04:41:31,472 [INFO] PluginManage:307 - Check plugin thirdparty
2022-10-25 04:41:31,561 [WARN] IntegrityCheckThread:82 - waiting for thirdparty lock release [integrity check]
2022-10-25 04:41:31,561 [INFO] PluginManage:356 - Loaded plugin thirdparty (category:base,tabindex:-1)
2022-10-25 04:41:31,562 [INFO] IntegrityCheckThread:84 - entering critical section [integrity check]
2022-10-25 04:41:31,562 [INFO] PluginManage:307 - Check plugin tools
2022-10-25 04:41:31,564 [INFO] ThirdPartyUpdaterWithRetryManager:70 - Updater plugin not ready yet. [1/15]
2022-10-25 04:41:31,564 [INFO] PluginManage:356 - Loaded plugin tools (category:base,tabindex:7)
2022-10-25 04:41:31,565 [INFO] PluginManage:307 - Check plugin tutovideos
2022-10-25 04:41:31,714 [INFO] PluginManage:356 - Loaded plugin tutovideos (category:base,tabindex:-1)
2022-10-25 04:41:31,714 [INFO] PluginManage:307 - Check plugin updater
2022-10-25 04:41:31,724 [INFO] PluginManage:356 - Loaded plugin updater (category:base,tabindex:12)
2022-10-25 04:41:31,725 [INFO] PluginManage:280 - PluginManage : Loaded plugins [15]
2022-10-25 04:41:32,086 [INFO] PinOutPanel:1468 - setPackage(No Configuration,No Configuration)
2022-10-25 04:41:32,162 [INFO] CADModel:98 - CPN selected for project level
2022-10-25 04:41:32,172 [INFO] IPUIPlugin:79 - create IPUIPlugin
2022-10-25 04:41:32,173 [INFO] PluginManager:217 - loadIPPluginJar : add adc
2022-10-25 04:41:32,175 [INFO] IPUIPlugin:79 - create IPUIPlugin
2022-10-25 04:41:32,175 [INFO] PluginManager:217 - loadIPPluginJar : add aes
2022-10-25 04:41:32,176 [INFO] IPUIPlugin:79 - create IPUIPlugin
2022-10-25 04:41:32,177 [INFO] PluginManager:217 - loadIPPluginJar : add can
2022-10-25 04:41:32,178 [INFO] IPUIPlugin:79 - create IPUIPlugin
2022-10-25 04:41:32,178 [INFO] PluginManager:217 - loadIPPluginJar : add comp
2022-10-25 04:41:32,180 [INFO] IPUIPlugin:79 - create IPUIPlugin
2022-10-25 04:41:32,180 [INFO] PluginManager:217 - loadIPPluginJar : add cryp
2022-10-25 04:41:32,182 [INFO] IPUIPlugin:79 - create IPUIPlugin
2022-10-25 04:41:32,182 [INFO] PluginManager:217 - loadIPPluginJar : add dfsdm
2022-10-25 04:41:32,187 [INFO] IPUIPlugin:79 - create IPUIPlugin
2022-10-25 04:41:32,188 [INFO] PluginManager:217 - loadIPPluginJar : add dma
2022-10-25 04:41:32,190 [INFO] IPUIPlugin:79 - create IPUIPlugin
2022-10-25 04:41:32,190 [INFO] PluginManager:217 - loadIPPluginJar : add dma3
2022-10-25 04:41:32,192 [INFO] IPUIPlugin:79 - create IPUIPlugin
2022-10-25 04:41:32,192 [INFO] PluginManager:217 - loadIPPluginJar : add fatfs
2022-10-25 04:41:32,195 [INFO] IPUIPlugin:79 - create IPUIPlugin
2022-10-25 04:41:32,195 [INFO] PluginManager:217 - loadIPPluginJar : add fmc
2022-10-25 04:41:32,200 [INFO] IPUIPlugin:79 - create IPUIPlugin
2022-10-25 04:41:32,200 [INFO] PluginManager:217 - loadIPPluginJar : add freertos
2022-10-25 04:41:32,201 [INFO] IPUIPlugin:79 - create IPUIPlugin
2022-10-25 04:41:32,201 [INFO] PluginManager:217 - loadIPPluginJar : add genericplugin
2022-10-25 04:41:32,203 [INFO] IPUIPlugin:79 - create IPUIPlugin
2022-10-25 04:41:32,203 [INFO] PluginManager:217 - loadIPPluginJar : add gfxmmu
2022-10-25 04:41:32,206 [INFO] IPUIPlugin:79 - create IPUIPlugin
2022-10-25 04:41:32,207 [INFO] PluginManager:217 - loadIPPluginJar : add gic
2022-10-25 04:41:32,209 [INFO] IPUIPlugin:79 - create IPUIPlugin
2022-10-25 04:41:32,210 [INFO] PluginManager:217 - loadIPPluginJar : add gpio
2022-10-25 04:41:32,211 [INFO] IPUIPlugin:79 - create IPUIPlugin
2022-10-25 04:41:32,212 [INFO] PluginManager:217 - loadIPPluginJar : add gtzc
2022-10-25 04:41:32,213 [INFO] IPUIPlugin:79 - create IPUIPlugin
2022-10-25 04:41:32,214 [INFO] PluginManager:217 - loadIPPluginJar : add hash
2022-10-25 04:41:32,216 [INFO] IPUIPlugin:79 - create IPUIPlugin
2022-10-25 04:41:32,216 [INFO] PluginManager:217 - loadIPPluginJar : add i2c
2022-10-25 04:41:32,217 [INFO] IPUIPlugin:79 - create IPUIPlugin
2022-10-25 04:41:32,218 [INFO] PluginManager:217 - loadIPPluginJar : add i2s
2022-10-25 04:41:32,220 [INFO] IPUIPlugin:79 - create IPUIPlugin
2022-10-25 04:41:32,220 [INFO] PluginManager:217 - loadIPPluginJar : add ipddr
2022-10-25 04:41:32,225 [INFO] IPUIPlugin:79 - create IPUIPlugin
2022-10-25 04:41:32,225 [INFO] PluginManager:217 - loadIPPluginJar : add linkedlist
2022-10-25 04:41:32,227 [INFO] IPUIPlugin:79 - create IPUIPlugin
2022-10-25 04:41:32,227 [INFO] PluginManager:217 - loadIPPluginJar : add lorawan
2022-10-25 04:41:32,228 [INFO] IPUIPlugin:79 - create IPUIPlugin
2022-10-25 04:41:32,228 [INFO] PluginManager:217 - loadIPPluginJar : add ltdc
2022-10-25 04:41:32,232 [INFO] IPUIPlugin:79 - create IPUIPlugin
2022-10-25 04:41:32,232 [INFO] PluginManager:217 - loadIPPluginJar : add mdma
2022-10-25 04:41:32,234 [INFO] IPUIPlugin:79 - create IPUIPlugin
2022-10-25 04:41:32,234 [INFO] PluginManager:217 - loadIPPluginJar : add nvic
2022-10-25 04:41:32,236 [INFO] IPUIPlugin:79 - create IPUIPlugin
2022-10-25 04:41:32,236 [INFO] PluginManager:217 - loadIPPluginJar : add opamp
2022-10-25 04:41:32,238 [INFO] IPUIPlugin:79 - create IPUIPlugin
2022-10-25 04:41:32,238 [INFO] PluginManager:217 - loadIPPluginJar : add openamp
2022-10-25 04:41:32,240 [INFO] IPUIPlugin:79 - create IPUIPlugin
2022-10-25 04:41:32,240 [INFO] PluginManager:217 - loadIPPluginJar : add pdm2pcm
2022-10-25 04:41:32,245 [INFO] IPUIPlugin:79 - create IPUIPlugin
2022-10-25 04:41:32,247 [INFO] PluginManager:217 - loadIPPluginJar : add plateformsettings
2022-10-25 04:41:32,249 [INFO] IPUIPlugin:79 - create IPUIPlugin
2022-10-25 04:41:32,249 [INFO] PluginManager:217 - loadIPPluginJar : add quadspi
2022-10-25 04:41:32,251 [INFO] IPUIPlugin:79 - create IPUIPlugin
2022-10-25 04:41:32,251 [INFO] PluginManager:217 - loadIPPluginJar : add resmgrutility
2022-10-25 04:41:32,253 [INFO] IPUIPlugin:79 - create IPUIPlugin
2022-10-25 04:41:32,253 [INFO] PluginManager:217 - loadIPPluginJar : add sai
2022-10-25 04:41:32,255 [INFO] IPUIPlugin:79 - create IPUIPlugin
2022-10-25 04:41:32,255 [INFO] PluginManager:217 - loadIPPluginJar : add spi
2022-10-25 04:41:32,258 [INFO] IPUIPlugin:79 - create IPUIPlugin
2022-10-25 04:41:32,259 [INFO] PluginManager:217 - loadIPPluginJar : add stm32_wpan
2022-10-25 04:41:32,260 [INFO] IPUIPlugin:79 - create IPUIPlugin
2022-10-25 04:41:32,260 [INFO] PluginManager:217 - loadIPPluginJar : add tim
2022-10-25 04:41:32,263 [INFO] IPUIPlugin:79 - create IPUIPlugin
2022-10-25 04:41:32,263 [INFO] PluginManager:217 - loadIPPluginJar : add touchsensing
2022-10-25 04:41:32,265 [INFO] IPUIPlugin:79 - create IPUIPlugin
2022-10-25 04:41:32,265 [INFO] PluginManager:217 - loadIPPluginJar : add tracer_emb
2022-10-25 04:41:32,267 [INFO] IPUIPlugin:79 - create IPUIPlugin
2022-10-25 04:41:32,267 [INFO] PluginManager:217 - loadIPPluginJar : add ts
2022-10-25 04:41:32,268 [INFO] IPUIPlugin:79 - create IPUIPlugin
2022-10-25 04:41:32,268 [INFO] PluginManager:217 - loadIPPluginJar : add tsc
2022-10-25 04:41:32,270 [INFO] IPUIPlugin:79 - create IPUIPlugin
2022-10-25 04:41:32,270 [INFO] PluginManager:217 - loadIPPluginJar : add ucpd
2022-10-25 04:41:32,272 [INFO] IPUIPlugin:79 - create IPUIPlugin
2022-10-25 04:41:32,272 [INFO] PluginManager:217 - loadIPPluginJar : add usart
2022-10-25 04:41:32,274 [INFO] IPUIPlugin:79 - create IPUIPlugin
2022-10-25 04:41:32,274 [INFO] PluginManager:217 - loadIPPluginJar : add usbx
2022-10-25 04:41:32,551 [FATAL] Updater:301 - Updater called before beeing initialized
2022-10-25 04:41:32,690 [FATAL] Updater:301 - Updater called before beeing initialized
2022-10-25 04:41:32,695 [INFO] DbMcusAds:52 - JSON generation date=Thu Sep 30 09:56:37 MSK 2021 (1632984997303)
2022-10-25 04:41:32,696 [FATAL] Updater:301 - Updater called before beeing initialized
2022-10-25 04:41:32,726 [WARN] DetailPanel:344 - Failed to get advertising image, set to default
2022-10-25 04:41:32,842 [FATAL] Updater:301 - Updater called before beeing initialized
2022-10-25 04:41:32,843 [FATAL] Updater:301 - Updater called before beeing initialized
2022-10-25 04:41:32,843 [FATAL] Updater:301 - Updater called before beeing initialized
2022-10-25 04:41:32,844 [WARN] DetailPanel:344 - Failed to get advertising image, set to default
2022-10-25 04:41:32,844 [FATAL] Updater:301 - Updater called before beeing initialized
2022-10-25 04:41:32,884 [ERROR] Updater:1105 - MainUpdater not yet initialized. External WinMGr cannot be set.
2022-10-25 04:41:32,886 [INFO] Updater:1041 - Updater Version found : 6.6.1
2022-10-25 04:41:32,898 [INFO] ApplicationProperties:181 - Using Application install path: C:\ST\STM32CubeIDE_1.9.0\STM32CubeIDE\plugins\com.st.stm32cube.common.mx_6.6.1.202207061420
2022-10-25 04:41:32,971 [INFO] MainUpdater:2768 - connection check result : 10
2022-10-25 04:41:32,972 [INFO] MainUpdater:280 - Updater Check For Update Now.
2022-10-25 04:41:32,972 [INFO] MicroXplorer:481 - Change Database Version : DB.6.0.60
2022-10-25 04:41:33,133 [INFO] CheckServerUpdateThread:119 - End of CheckServer Thread
2022-10-25 04:41:33,179 [INFO] MainUpdater:2768 - connection check result : 10
2022-10-25 04:41:33,353 [INFO] McuFinderGlobals:57 - Set McuFinderConnectedMode to true
2022-10-25 04:41:33,360 [INFO] MultiScanPanel:195 - Auto-refresh data requested => check proxy status ongoing
2022-10-25 04:41:33,364 [INFO] FinderPluginLoader:92 - Searching for filters in installed packs
2022-10-25 04:41:33,467 [INFO] ApiDb:576 - Connected to CubeFinder SQLite database (C:\Users\Zver\.stmcufinder\plugins\mcufinder\mcu\cube-finder-db.db)
2022-10-25 04:41:33,486 [INFO] ApiDb:663 - CubeFinder database Data Model version=2.1
2022-10-25 04:41:33,487 [INFO] ApiDb:664 - CubeFinder database Configuration version=3.0.32
2022-10-25 04:41:33,487 [INFO] ApiDb:665 - CubeFinder database generation date=2022-08-05 (1659688109)
2022-10-25 04:41:33,487 [INFO] ApiDb:666 - CubeFinder database FW Pack versions=[STM32Cube_FW_C0_V1.0.0, STM32Cube_FW_F4_V1.27.1, STM32Cube_FW_F7_V1.17.0, STM32Cube_FW_G0_V1.6.1, STM32Cube_FW_G4_V1.5.0, STM32Cube_FW_H7_V1.10.0, STM32Cube_FW_L5_V1.4.0, STM32Cube_FW_U5_V1.1.1, STM32Cube_FW_WB_V1.14.1, STM32Cube_FW_WL_V1.2.0, X-CUBE-ALGOBUILD_V1.3.0, X-CUBE-ALS_V1.0.1, X-CUBE-AZRTOS-F4_V1.1.0, X-CUBE-AZRTOS-F7_V1.1.0, X-CUBE-AZRTOS-G0_V1.1.0, X-CUBE-AZRTOS-G4_V1.0.0, X-CUBE-AZRTOS-H7_V2.1.0, X-CUBE-AZRTOS-L4_V1.0.0, X-CUBE-AZRTOS-L5_V1.0.0, X-CUBE-AZRTOS-WL_V1.0.0, X-CUBE-BLE1_V6.2.3, X-CUBE-BLE2_V3.3.0, X-CUBE-EEPRMA1_V3.1.1, X-CUBE-GNSS1_V6.0.0, X-CUBE-MEMS1_V9.1.0, X-CUBE-MEMS1_V9.3.0, X-CUBE-NFC4_V2.0.4, X-CUBE-NFC7_V1.0.0, X-CUBE-SFXS2LP1_V4.0.0, X-CUBE-SUBG2_V5.0.0]
2022-10-25 04:41:34,659 [WARN] PackLoader:242 - Cannot read IP mode file for wolfSSL.I-CUBE-wolfSSL.5.2.0
2022-10-25 04:41:34,673 [WARN] PackLoader:242 - Cannot read IP mode file for STMicroelectronics.X-CUBE-GNSS1.6.0.0
2022-10-25 04:41:34,705 [WARN] PackLoader:242 - Cannot read IP mode file for STMicroelectronics.X-CUBE-AZRTOS-F4.1.1.0
2022-10-25 04:41:34,724 [WARN] PackLoader:242 - Cannot read IP mode file for STMicroelectronics.X-CUBE-BLEMGR.1.2.0
2022-10-25 04:41:34,753 [WARN] PackLoader:242 - Cannot read IP mode file for STMicroelectronics.X-CUBE-AZRTOS-F7.1.1.0
2022-10-25 04:41:34,763 [WARN] PackLoader:242 - Cannot read IP mode file for STMicroelectronics.X-CUBE-AI.7.1.0
2022-10-25 04:41:34,768 [WARN] PackLoader:242 - Cannot read IP mode file for STMicroelectronics.X-CUBE-BLE1.6.2.3
2022-10-25 04:41:34,773 [WARN] PackLoader:242 - Cannot read IP mode file for STMicroelectronics.X-CUBE-BLE1.6.2.2
2022-10-25 04:41:34,780 [WARN] PackLoader:242 - Cannot read IP mode file for STMicroelectronics.X-CUBE-NFC4.2.0.4
2022-10-25 04:41:34,787 [WARN] PackLoader:242 - Cannot read IP mode file for STMicroelectronics.X-CUBE-BLE2.3.2.2
2022-10-25 04:41:34,793 [WARN] PackLoader:242 - Cannot read IP mode file for STMicroelectronics.X-CUBE-NFC4.2.0.3
2022-10-25 04:41:34,805 [WARN] PackLoader:242 - Cannot read IP mode file for STMicroelectronics.X-CUBE-TOF1.3.1.0
2022-10-25 04:41:34,822 [WARN] PackLoader:242 - Cannot read IP mode file for STMicroelectronics.X-CUBE-SFXS2LP1.3.1.0
2022-10-25 04:41:34,845 [WARN] PackLoader:242 - Cannot read IP mode file for STMicroelectronics.X-CUBE-AZRTOS-F4.1.0.0
2022-10-25 04:41:34,855 [WARN] PackLoader:242 - Cannot read IP mode file for STMicroelectronics.X-CUBE-NFC7.1.0.0
2022-10-25 04:41:34,869 [WARN] PackLoader:242 - Cannot read IP mode file for STMicroelectronics.X-CUBE-SUBG2.4.2.0
2022-10-25 04:41:34,922 [WARN] PackLoader:242 - Cannot read IP mode file for STMicroelectronics.X-CUBE-MEMS1.9.3.0
2022-10-25 04:41:34,960 [INFO] ApiDb:239 - Found 138 in-development CPN: [B-WB1M-WPAN1, NUCLEO-C031C6, STEVAL-STWINBX1, STM320518-EVAL, STM32C0116-DK, STM32C011D6Y3TR, STM32C011D6Y6TR, STM32C011F4P3, STM32C011F4P6, STM32C011F4U3, STM32C011F4U6TR, STM32C011F6P3, STM32C011F6P6, STM32C011F6U3, STM32C011F6U6TR, STM32C011J4M3, STM32C011J4M6, STM32C011J6M3, STM32C011J6M6, STM32C0316-DK, STM32C031C4T3, STM32C031C4T6, STM32C031C4U3, STM32C031C4U6, STM32C031C6T3, STM32C031C6T6, STM32C031C6U3, STM32C031C6U6, STM32C031F4P3, STM32C031F4P6, STM32C031F6P3, STM32C031F6P6, STM32C031G4U3, STM32C031G4U6, STM32C031G6U3, STM32C031G6U6, STM32C031K4T3, STM32C031K4T6, STM32C031K4U3, STM32C031K4U6, STM32C031K6T3, STM32C031K6T6, STM32C031K6U3, STM32C031K6U6, STM32G071K8TXN, STM32G071K8UXN, STM32G081GBU6N, STM32G081KBT6N, STM32G081KBUXN, STM32G0B1CCT6N, STM32G0B1KCT6, STM32G0B1NEY6TR, STM32G0B1RCT6N, STM32G0C1CCT6, STM32G0C1CCT6N, STM32G0C1CCU6N, STM32G0C1CET6N, STM32G0C1CEU6N, STM32G0C1KCT6, STM32G0C1NEY6TR, STM32G0C1RCI6N, STM32G0C1RCT6N, STM32G0C1REI6N, STM32G0C1RET6N, STM32G0C1VCI6, STM32G0C1VEI6, STM32G471CCT6, STM32G471CCU6, STM32G471CET3, STM32G471CET6, STM32G471CEU3, STM32G471CEU6, STM32G471MCT6, STM32G471MET3, STM32G471MET6, STM32G471MEY6TR, STM32G471QCT6, STM32G471QET3, STM32G471RCT6, STM32G471RET3, STM32G471RET6, STM32G471VCH6, STM32G471VCI6, STM32G471VCT6, STM32G471VEH3, STM32G471VEH6, STM32G471VEI3, STM32G471VEI6, STM32G471VET3, STM32G471VET6, STM32G474CCT6, STM32L476VGY6PTR, STM32L4R5QGI6STR, STM32MP131AAE3, STM32MP131AAF3, STM32MP131AAG3, STM32MP131CAE3, STM32MP131CAF3, STM32MP131CAG3, STM32MP131DAE7, STM32MP131DAF7, STM32MP131DAG7, STM32MP131FAE7, STM32MP131FAF7, STM32MP131FAG7, STM32MP133AAE3, STM32MP133AAF3, STM32MP133AAG3, STM32MP133CAE3, STM32MP133CAF3, STM32MP133CAG3, STM32MP133DAE7, STM32MP133DAF7, STM32MP133DAG7, STM32MP133FAE7, STM32MP133FAF7, STM32MP133FAG7, STM32MP135AAE3, STM32MP135AAF3, STM32MP135AAG3, STM32MP135CAE3, STM32MP135CAF3, STM32MP135CAG3, STM32MP135DAE7, STM32MP135DAF7, STM32MP135DAG7, STM32MP135F-DK, STM32MP135FAE7, STM32MP135FAF7, STM32MP135FAG7, STM32U595ZJT6Q, STM32U599BJY6QTR, STM32U599NIH6Q, STM32U599NJH6Q, STM32U5A5ZJT6Q, STM32U5A9BJY6QTR, STM32U5A9NJH6Q, STM32WB1MMCH6]
2022-10-25 04:41:34,968 [INFO] DbMcus:215 - Found 3542 MCUs, 3542 are supported
2022-10-25 04:41:34,971 [INFO] ApiDb:418 - Load user favorites file C:\Users\Zver/.stm32cubeide/favorites.mcus.txt: 1 item(s)
2022-10-25 04:41:34,971 [INFO] ApiDb:422 - User favorites MCUs=[STM32F103C8T6]
2022-10-25 04:41:34,972 [INFO] DbMcus:221 - Set 1 / 1 favorites MCUs
2022-10-25 04:41:35,073 [WARN] PackLoader:242 - Cannot read IP mode file for STMicroelectronics.X-CUBE-AI.7.2.0
2022-10-25 04:41:35,088 [WARN] PackLoader:242 - Cannot read IP mode file for STMicroelectronics.X-CUBE-AZRTOS-G0.1.0.0
2022-10-25 04:41:35,097 [WARN] PackLoader:242 - Cannot read IP mode file for STMicroelectronics.X-CUBE-SFXS2LP1.4.0.0
2022-10-25 04:41:35,102 [WARN] PackLoader:242 - Cannot read IP mode file for STMicroelectronics.X-CUBE-BLE2.3.3.0
2022-10-25 04:41:35,111 [WARN] PackLoader:242 - Cannot read IP mode file for STMicroelectronics.X-CUBE-DISPLAY.2.2.0
2022-10-25 04:41:35,121 [WARN] PackLoader:242 - Cannot read IP mode file for STMicroelectronics.X-CUBE-TOF1.3.2.0
2022-10-25 04:41:35,129 [WARN] PackLoader:242 - Cannot read IP mode file for STMicroelectronics.X-CUBE-TOUCHGFX.4.18.1
2022-10-25 04:41:35,132 [WARN] PackLoader:242 - Cannot read IP mode file for STMicroelectronics.X-CUBE-ISPU.1.0.0
2022-10-25 04:41:35,138 [WARN] PackLoader:242 - Cannot read IP mode file for RoweBots.I-CUBE-UNISONRTOS.5.5.0-4
2022-10-25 04:41:35,158 [WARN] PackLoader:242 - Cannot read IP mode file for STMicroelectronics.X-CUBE-AZRTOS-H7.2.1.0
2022-10-25 04:41:35,168 [WARN] PackLoader:242 - Cannot read IP mode file for STMicroelectronics.X-CUBE-BLEMGR.1.0.0
2022-10-25 04:41:35,175 [WARN] PackLoader:242 - Cannot read IP mode file for STMicroelectronics.X-CUBE-ALGOBUILD.1.3.0
2022-10-25 04:41:35,202 [WARN] PackLoader:242 - Cannot read IP mode file for STMicroelectronics.X-CUBE-AZRTOS-G0.1.1.0
2022-10-25 04:41:35,215 [WARN] PackLoader:242 - Cannot read IP mode file for STMicroelectronics.X-CUBE-SUBG2.5.0.0
2022-10-25 04:41:35,279 [WARN] PackLoader:242 - Cannot read IP mode file for SEGGER.I-CUBE-embOS.1.2.0
2022-10-25 04:41:35,316 [WARN] PackLoader:242 - Cannot read IP mode file for STMicroelectronics.FP-ATR-ASTRA1.1.1.1
2022-10-25 04:41:35,328 [WARN] PackLoader:242 - Cannot read IP mode file for STMicroelectronics.X-CUBE-AZRTOS-H7.2.0.0
2022-10-25 04:41:35,339 [WARN] PackLoader:242 - Cannot read IP mode file for STMicroelectronics.X-CUBE-AZRTOS-G4.1.0.0
2022-10-25 04:41:35,343 [WARN] PackLoader:242 - Cannot read IP mode file for STMicroelectronics.FP-ATR-SIGFOX1.3.2.0
2022-10-25 04:41:35,353 [WARN] PackLoader:242 - Cannot read IP mode file for STMicroelectronics.X-CUBE-AZRTOS-L4.1.0.0
2022-10-25 04:41:35,359 [WARN] PackLoader:242 - Cannot read IP mode file for emotas.I-CUBE-CANOPEN.1.1.2
2022-10-25 04:41:35,361 [WARN] PackLoader:242 - Cannot read IP mode file for STMicroelectronics.X-CUBE-TOUCHGFX.4.20.0
2022-10-25 04:41:35,371 [WARN] PackLoader:242 - Cannot read IP mode file for STMicroelectronics.X-CUBE-AZRTOS-F7.1.0.0
2022-10-25 04:41:35,379 [WARN] PackLoader:242 - Cannot read IP mode file for STMicroelectronics.X-CUBE-AZRTOS-WL.1.0.0
2022-10-25 04:41:35,422 [WARN] PackLoader:242 - Cannot read IP mode file for STMicroelectronics.X-CUBE-MEMS1.9.1.0
2022-10-25 04:41:35,516 [WARN] PackLoader:242 - Cannot read IP mode file for portGmbH.I-Cube-SoM-uGOAL.1.1.0
2022-10-25 04:41:35,520 [WARN] PackLoader:242 - Cannot read IP mode file for STMicroelectronics.X-CUBE-ALS.1.0.1
2022-10-25 04:41:35,535 [WARN] PackLoader:242 - Cannot read IP mode file for STMicroelectronics.X-CUBE-AZRTOS-L5.1.0.0
2022-10-25 04:41:35,543 [WARN] PackLoader:242 - Cannot read IP mode file for STMicroelectronics.X-CUBE-EEPRMA1.3.1.1
2022-10-25 04:41:35,547 [WARN] PackLoader:242 - Cannot read IP mode file for STMicroelectronics.X-CUBE-GNSS1.5.2.0
2022-10-25 04:41:35,550 [WARN] PackLoader:242 - Cannot read IP mode file for STMicroelectronics.X-CUBE-DISPLAY.2.0.1
2022-10-25 04:41:35,556 [WARN] PackLoader:242 - Cannot read IP mode file for STMicroelectronics.X-CUBE-TOF1.3.0.0
2022-10-25 04:41:35,559 [INFO] ThirdParty:929 - Integrity check success = true
2022-10-25 04:41:35,559 [INFO] IntegrityCheckThread:98 - exiting critical section [integrity check]
2022-10-25 04:41:35,559 [INFO] IntegrityCheckThread:101 - End integrity checks thread
2022-10-25 04:41:36,344 [INFO] LoadUrlFilesThread:177 - End of LoadServerUrlFiles without Thread
2022-10-25 04:41:36,368 [INFO] DetailPanel:339 - Set advertising image to C:/Users/Zver/STM32Cube/Repository/\en.Prom_NBSTM32U50921.jpg
2022-10-25 04:41:37,056 [INFO] MultiScanPanel:778 - Auto Refresh Data is not needed
2022-10-25 04:41:37,064 [INFO] ApiDb:663 - CubeFinder database Data Model version=2.1
2022-10-25 04:41:37,064 [INFO] ApiDb:664 - CubeFinder database Configuration version=3.0.32
2022-10-25 04:41:37,064 [INFO] ApiDb:665 - CubeFinder database generation date=2022-08-05 (1659688109)
2022-10-25 04:41:37,064 [INFO] ApiDb:666 - CubeFinder database FW Pack versions=[STM32Cube_FW_C0_V1.0.0, STM32Cube_FW_F4_V1.27.1, STM32Cube_FW_F7_V1.17.0, STM32Cube_FW_G0_V1.6.1, STM32Cube_FW_G4_V1.5.0, STM32Cube_FW_H7_V1.10.0, STM32Cube_FW_L5_V1.4.0, STM32Cube_FW_U5_V1.1.1, STM32Cube_FW_WB_V1.14.1, STM32Cube_FW_WL_V1.2.0, X-CUBE-ALGOBUILD_V1.3.0, X-CUBE-ALS_V1.0.1, X-CUBE-AZRTOS-F4_V1.1.0, X-CUBE-AZRTOS-F7_V1.1.0, X-CUBE-AZRTOS-G0_V1.1.0, X-CUBE-AZRTOS-G4_V1.0.0, X-CUBE-AZRTOS-H7_V2.1.0, X-CUBE-AZRTOS-L4_V1.0.0, X-CUBE-AZRTOS-L5_V1.0.0, X-CUBE-AZRTOS-WL_V1.0.0, X-CUBE-BLE1_V6.2.3, X-CUBE-BLE2_V3.3.0, X-CUBE-EEPRMA1_V3.1.1, X-CUBE-GNSS1_V6.0.0, X-CUBE-MEMS1_V9.1.0, X-CUBE-MEMS1_V9.3.0, X-CUBE-NFC4_V2.0.4, X-CUBE-NFC7_V1.0.0, X-CUBE-SFXS2LP1_V4.0.0, X-CUBE-SUBG2_V5.0.0]
2022-10-25 04:41:37,116 [INFO] DbBoardsSqlite:227 - include board P-NUCLEO-WB55-NUCLEO as a kit item of type 'Nucleo-64'
2022-10-25 04:41:37,116 [INFO] DbBoardsSqlite:227 - include board P-NUCLEO-WB55-USBDONGLE as a kit item of type 'Nucleo USB Dongle'
2022-10-25 04:41:37,117 [INFO] DbBoardsSqlite:227 - include board STEVAL-IDP005V1 as a kit item of type 'Evaluation Board'
2022-10-25 04:41:37,117 [INFO] DbBoardsSqlite:227 - include board STEVAL-IDP005V2 as a kit item of type 'Evaluation Board'
2022-10-25 04:41:37,123 [INFO] ApiDb:239 - Found 138 in-development CPN: [B-WB1M-WPAN1, NUCLEO-C031C6, STEVAL-STWINBX1, STM320518-EVAL, STM32C0116-DK, STM32C011D6Y3TR, STM32C011D6Y6TR, STM32C011F4P3, STM32C011F4P6, STM32C011F4U3, STM32C011F4U6TR, STM32C011F6P3, STM32C011F6P6, STM32C011F6U3, STM32C011F6U6TR, STM32C011J4M3, STM32C011J4M6, STM32C011J6M3, STM32C011J6M6, STM32C0316-DK, STM32C031C4T3, STM32C031C4T6, STM32C031C4U3, STM32C031C4U6, STM32C031C6T3, STM32C031C6T6, STM32C031C6U3, STM32C031C6U6, STM32C031F4P3, STM32C031F4P6, STM32C031F6P3, STM32C031F6P6, STM32C031G4U3, STM32C031G4U6, STM32C031G6U3, STM32C031G6U6, STM32C031K4T3, STM32C031K4T6, STM32C031K4U3, STM32C031K4U6, STM32C031K6T3, STM32C031K6T6, STM32C031K6U3, STM32C031K6U6, STM32G071K8TXN, STM32G071K8UXN, STM32G081GBU6N, STM32G081KBT6N, STM32G081KBUXN, STM32G0B1CCT6N, STM32G0B1KCT6, STM32G0B1NEY6TR, STM32G0B1RCT6N, STM32G0C1CCT6, STM32G0C1CCT6N, STM32G0C1CCU6N, STM32G0C1CET6N, STM32G0C1CEU6N, STM32G0C1KCT6, STM32G0C1NEY6TR, STM32G0C1RCI6N, STM32G0C1RCT6N, STM32G0C1REI6N, STM32G0C1RET6N, STM32G0C1VCI6, STM32G0C1VEI6, STM32G471CCT6, STM32G471CCU6, STM32G471CET3, STM32G471CET6, STM32G471CEU3, STM32G471CEU6, STM32G471MCT6, STM32G471MET3, STM32G471MET6, STM32G471MEY6TR, STM32G471QCT6, STM32G471QET3, STM32G471RCT6, STM32G471RET3, STM32G471RET6, STM32G471VCH6, STM32G471VCI6, STM32G471VCT6, STM32G471VEH3, STM32G471VEH6, STM32G471VEI3, STM32G471VEI6, STM32G471VET3, STM32G471VET6, STM32G474CCT6, STM32L476VGY6PTR, STM32L4R5QGI6STR, STM32MP131AAE3, STM32MP131AAF3, STM32MP131AAG3, STM32MP131CAE3, STM32MP131CAF3, STM32MP131CAG3, STM32MP131DAE7, STM32MP131DAF7, STM32MP131DAG7, STM32MP131FAE7, STM32MP131FAF7, STM32MP131FAG7, STM32MP133AAE3, STM32MP133AAF3, STM32MP133AAG3, STM32MP133CAE3, STM32MP133CAF3, STM32MP133CAG3, STM32MP133DAE7, STM32MP133DAF7, STM32MP133DAG7, STM32MP133FAE7, STM32MP133FAF7, STM32MP133FAG7, STM32MP135AAE3, STM32MP135AAF3, STM32MP135AAG3, STM32MP135CAE3, STM32MP135CAF3, STM32MP135CAG3, STM32MP135DAE7, STM32MP135DAF7, STM32MP135DAG7, STM32MP135F-DK, STM32MP135FAE7, STM32MP135FAF7, STM32MP135FAG7, STM32U595ZJT6Q, STM32U599BJY6QTR, STM32U599NIH6Q, STM32U599NJH6Q, STM32U5A5ZJT6Q, STM32U5A9BJY6QTR, STM32U5A9NJH6Q, STM32WB1MMCH6]
2022-10-25 04:41:37,225 [INFO] BoardInfo:879 - No configuration file found for board P-NUCLEO-WB55
2022-10-25 04:41:37,225 [INFO] DbBoards:156 - Kit is not supported: P-NUCLEO-WB55
2022-10-25 04:41:37,230 [INFO] BoardInfo:879 - No configuration file found for board STEVAL-BFA001V1B
2022-10-25 04:41:37,230 [INFO] DbBoards:156 - Kit is not supported: STEVAL-BFA001V1B
2022-10-25 04:41:37,231 [INFO] BoardInfo:879 - No configuration file found for board STEVAL-BFA001V2B
2022-10-25 04:41:37,232 [INFO] DbBoards:156 - Kit is not supported: STEVAL-BFA001V2B
2022-10-25 04:41:37,331 [INFO] DbBoards:160 - Found 176 boards, 173 are supported
2022-10-25 04:41:37,337 [INFO] ApiDb:418 - Load user favorites file C:\Users\Zver/.stm32cubeide/favorites.boards.txt: 0 item(s)
2022-10-25 04:41:37,338 [INFO] ApiDb:422 - User favorites Boards=[]
2022-10-25 04:41:37,338 [INFO] DbBoards:189 - Set 0 / 0 favorites Boards
2022-10-25 04:41:50,528 [ERROR] LogOutputStream:74 - [STDERR_REDIRECT] SLF4J: Failed to load class "org.slf4j.impl.StaticLoggerBinder".
2022-10-25 04:41:50,529 [ERROR] LogOutputStream:74 - [STDERR_REDIRECT] SLF4J: Defaulting to no-operation (NOP) logger implementation
2022-10-25 04:41:50,531 [ERROR] LogOutputStream:74 - [STDERR_REDIRECT] SLF4J: See http://www.slf4j.org/codes.html#StaticLoggerBinder for further details.
2022-10-25 04:41:57,131 [INFO] MainUpdater:2768 - connection check result : 10
2022-10-25 04:41:57,132 [INFO] MainUpdater:2768 - connection check result : 10
2022-10-25 04:41:57,146 [INFO] MicroXplorer:451 - Change Database Path : 
2022-10-25 04:41:57,146 [INFO] MicroXplorer:481 - Change Database Version : DB.6.0.60
2022-10-25 04:41:57,147 [WARN] ThirdParty:827 - waiting for thirdparty lock release [close project]
2022-10-25 04:41:57,147 [INFO] ThirdParty:829 - entering critical section [close project]
2022-10-25 04:41:57,148 [INFO] ThirdParty:839 - exiting critical section [close project]
2022-10-25 04:41:57,152 [INFO] PinOutPanel:1468 - setPackage(No Configuration,No Configuration)
2022-10-25 04:41:57,160 [INFO] UtilMem:74 - Begin LoadConfig() Used Memory: 290771456 Bytes (423624704)
2022-10-25 04:41:57,161 [INFO] MicroXplorer:451 - Change Database Path : 
2022-10-25 04:41:57,161 [INFO] MicroXplorer:481 - Change Database Version : DB.6.0.60
2022-10-25 04:41:57,161 [INFO] OpenFileManager:307 - Change cursor
2022-10-25 04:41:57,199 [INFO] Mcu:1922 - Initializing MCU STM32F103C8Tx STM32F103C8Tx 
2022-10-25 04:41:57,200 [INFO] Mcu:1935 - No CPN specified => set CPN to STM32F103C8T6
2022-10-25 04:41:57,866 [INFO] Context:654 - Trying to add GPIOservice into a context  which must be forbidden
2022-10-25 04:41:58,065 [INFO] ImportTextPane:193 - (OptionalMessage_ERROR) Unable to find key (Mcu.ThirdPartyNb) in loaded IOC file
2022-10-25 04:41:58,065 [INFO] ImportTextPane:193 - (OptionalMessage_ERROR) Unable to find key (Mcu.PinsNb) in loaded IOC file
2022-10-25 04:41:58,065 [INFO] ImportTextPane:193 - (OptionalMessage_ERROR) Unable to find key (Mcu.IPNb) in loaded IOC file
2022-10-25 04:41:58,114 [WARN] ApiManager:308 - Cannot register API 'Board Extension:GNSS1A1' from pack STMicroelectronics.X-CUBE-GNSS1.6.0.0: no header file found
2022-10-25 04:41:58,114 [WARN] ApiManager:308 - Cannot register API 'Board Support:Custom' from pack STMicroelectronics.X-CUBE-GNSS1.6.0.0: no header file found
2022-10-25 04:41:58,114 [WARN] ApiManager:308 - Cannot register API 'Data Exchange:lib_gnss' from pack STMicroelectronics.X-CUBE-GNSS1.6.0.0: no header file found
2022-10-25 04:41:58,129 [WARN] ApiManager:308 - Cannot register API 'Wireless:BlueNRG-MS' from pack STMicroelectronics.X-CUBE-BLE1.6.2.3: no header file found
2022-10-25 04:41:58,131 [INFO] RtosManager:488 - Registered RTOS mode: class=CMSIS, group=RTOS, mode=CMSIS_V1, owner=FREERTOS
2022-10-25 04:41:58,131 [INFO] RtosManager:488 - Registered RTOS mode: class=CMSIS, group=RTOS2, mode=CMSIS_V2, owner=FREERTOS
2022-10-25 04:41:58,131 [INFO] RtosManager:488 - Registered RTOS mode: class=RTOS, group=Core, mode=CMSIS_V1, owner=FREERTOS
2022-10-25 04:41:58,131 [INFO] RtosManager:488 - Registered RTOS mode: class=RTOS, group=Core, mode=CMSIS_V2, owner=FREERTOS
2022-10-25 04:41:58,132 [WARN] ModelIntegratedComponent:185 - Missing modes for component STMicroelectronics:FreeRTOS:0.0.1:STMicroelectronics:RTOS:FreeRTOS:Core:::10.2.0:
2022-10-25 04:41:58,137 [WARN] ApiManager:308 - Cannot register API 'Board Extension:S2868A1' from pack STMicroelectronics.X-CUBE-SUBG2.5.0.0: no header file found
2022-10-25 04:41:58,137 [WARN] ApiManager:308 - Cannot register API 'Board Extension:S2868A2' from pack STMicroelectronics.X-CUBE-SUBG2.5.0.0: no header file found
2022-10-25 04:41:58,137 [WARN] ApiManager:308 - Cannot register API 'Board Extension:S2915A1' from pack STMicroelectronics.X-CUBE-SUBG2.5.0.0: no header file found
2022-10-25 04:41:58,142 [WARN] ApiManager:308 - Cannot register API 'Wireless:BlueNRG-MS' from pack STMicroelectronics.X-CUBE-BLE1.6.2.2: no header file found
2022-10-25 04:41:58,143 [WARN] ApiManager:308 - Cannot register API 'Board Extension:NFC04A1' from pack STMicroelectronics.X-CUBE-NFC4.2.0.4: no header file found
2022-10-25 04:41:58,143 [WARN] ApiManager:308 - Cannot register API 'Wireless:BlueNRG-2' from pack STMicroelectronics.X-CUBE-BLE2.3.2.2: no header file found
2022-10-25 04:41:58,144 [WARN] ApiManager:308 - Cannot register API 'Board Extension:NFC04A1' from pack STMicroelectronics.X-CUBE-NFC4.2.0.3: no header file found
2022-10-25 04:41:58,148 [WARN] ApiManager:308 - Cannot register API 'Board Extension:S2868A1' from pack STMicroelectronics.X-CUBE-SFXS2LP1.3.1.0: no header file found
2022-10-25 04:41:58,148 [WARN] ApiManager:308 - Cannot register API 'Board Extension:S2868A2' from pack STMicroelectronics.X-CUBE-SFXS2LP1.3.1.0: no header file found
2022-10-25 04:41:58,149 [WARN] ApiManager:308 - Cannot register API 'Board Extension:S2915A1' from pack STMicroelectronics.X-CUBE-SFXS2LP1.3.1.0: no header file found
2022-10-25 04:41:58,154 [WARN] ModelIntegratedComponent:64 - No mode defined for component null
2022-10-25 04:41:58,154 [WARN] ModelIntegratedComponent:64 - No mode defined for component null
2022-10-25 04:41:58,154 [WARN] ModelIntegratedComponent:64 - No mode defined for component null
2022-10-25 04:41:58,154 [WARN] ModelIntegratedComponent:64 - No mode defined for component null
2022-10-25 04:41:58,154 [WARN] ModelIntegratedComponent:64 - No mode defined for component null
2022-10-25 04:41:58,154 [WARN] ModelIntegratedComponent:64 - No mode defined for component null
2022-10-25 04:41:58,154 [WARN] ModelIntegratedComponent:64 - No mode defined for component null
2022-10-25 04:41:58,154 [WARN] ModelIntegratedComponent:64 - No mode defined for component null
2022-10-25 04:41:58,154 [WARN] ModelIntegratedComponent:64 - No mode defined for component null
2022-10-25 04:41:58,155 [WARN] ModelIntegratedComponent:64 - No mode defined for component null
2022-10-25 04:41:58,155 [WARN] ModelIntegratedComponent:64 - No mode defined for component null
2022-10-25 04:41:58,155 [WARN] ModelIntegratedComponent:64 - No mode defined for component null
2022-10-25 04:41:58,155 [WARN] ModelIntegratedComponent:64 - No mode defined for component null
2022-10-25 04:41:58,155 [WARN] ModelIntegratedComponent:64 - No mode defined for component null
2022-10-25 04:41:58,155 [WARN] ModelIntegratedComponent:64 - No mode defined for component null
2022-10-25 04:41:58,155 [WARN] ModelIntegratedComponent:64 - No mode defined for component null
2022-10-25 04:41:58,155 [WARN] ModelIntegratedComponent:64 - No mode defined for component null
2022-10-25 04:41:58,155 [WARN] ModelIntegratedComponent:64 - No mode defined for component null
2022-10-25 04:41:58,155 [WARN] ModelIntegratedComponent:64 - No mode defined for component null
2022-10-25 04:41:58,155 [WARN] ModelIntegratedComponent:64 - No mode defined for component null
2022-10-25 04:41:58,155 [WARN] ModelIntegratedComponent:64 - No mode defined for component null
2022-10-25 04:41:58,155 [WARN] ModelIntegratedComponent:64 - No mode defined for component null
2022-10-25 04:41:58,155 [WARN] ModelIntegratedComponent:64 - No mode defined for component null
2022-10-25 04:41:58,155 [WARN] ModelIntegratedComponent:64 - No mode defined for component null
2022-10-25 04:41:58,155 [WARN] ModelIntegratedComponent:64 - No mode defined for component null
2022-10-25 04:41:58,155 [WARN] ModelIntegratedComponent:64 - No mode defined for component null
2022-10-25 04:41:58,156 [WARN] ModelIntegratedComponent:64 - No mode defined for component null
2022-10-25 04:41:58,156 [WARN] ModelIntegratedComponent:64 - No mode defined for component null
2022-10-25 04:41:58,156 [WARN] ModelIntegratedComponent:64 - No mode defined for component null
2022-10-25 04:41:58,156 [WARN] ModelIntegratedComponent:64 - No mode defined for component null
2022-10-25 04:41:58,156 [WARN] ModelIntegratedComponent:64 - No mode defined for component null
2022-10-25 04:41:58,156 [WARN] ModelIntegratedComponent:64 - No mode defined for component null
2022-10-25 04:41:58,156 [WARN] ModelIntegratedComponent:64 - No mode defined for component null
2022-10-25 04:41:58,158 [WARN] ApiManager:308 - Cannot register API 'Board Extension:NFC07A1' from pack STMicroelectronics.X-CUBE-NFC7.1.0.0: no header file found
2022-10-25 04:41:58,161 [WARN] ApiManager:308 - Cannot register API 'Board Extension:S2868A1' from pack STMicroelectronics.X-CUBE-SUBG2.4.2.0: no header file found
2022-10-25 04:41:58,161 [WARN] ApiManager:308 - Cannot register API 'Board Extension:S2868A2' from pack STMicroelectronics.X-CUBE-SUBG2.4.2.0: no header file found
2022-10-25 04:41:58,161 [WARN] ApiManager:308 - Cannot register API 'Board Extension:S2915A1' from pack STMicroelectronics.X-CUBE-SUBG2.4.2.0: no header file found
2022-10-25 04:41:58,245 [WARN] ApiManager:308 - Cannot register API 'Board Extension:IKS01A3' from pack STMicroelectronics.X-CUBE-MEMS1.9.1.0: no header file found
2022-10-25 04:41:58,245 [WARN] ApiManager:308 - Cannot register API 'Board Extension:IKS01A2' from pack STMicroelectronics.X-CUBE-MEMS1.9.1.0: no header file found
2022-10-25 04:41:58,245 [WARN] ApiManager:308 - Cannot register API 'Board Extension:IKS02A1' from pack STMicroelectronics.X-CUBE-MEMS1.9.1.0: no header file found
2022-10-25 04:41:58,309 [WARN] ApiManager:308 - Cannot register API 'Board Extension:IKS01A3' from pack STMicroelectronics.X-CUBE-MEMS1.9.3.0: no header file found
2022-10-25 04:41:58,310 [WARN] ApiManager:308 - Cannot register API 'Board Extension:IKS01A2' from pack STMicroelectronics.X-CUBE-MEMS1.9.3.0: no header file found
2022-10-25 04:41:58,310 [WARN] ApiManager:308 - Cannot register API 'Board Extension:IKS02A1' from pack STMicroelectronics.X-CUBE-MEMS1.9.3.0: no header file found
2022-10-25 04:41:58,317 [WARN] ApiManager:308 - Cannot register API 'Board Extension:EEPRMA1' from pack STMicroelectronics.X-CUBE-EEPRMA1.3.1.1: no header file found
2022-10-25 04:41:58,318 [WARN] ApiManager:308 - Cannot register API 'Board Extension:EEPRMA2' from pack STMicroelectronics.X-CUBE-EEPRMA1.3.1.1: no header file found
2022-10-25 04:41:58,318 [WARN] ApiManager:308 - Cannot register API 'Board Extension:GNSS1A1' from pack STMicroelectronics.X-CUBE-GNSS1.5.2.0: no header file found
2022-10-25 04:41:58,318 [WARN] ApiManager:308 - Cannot register API 'Board Support:Custom' from pack STMicroelectronics.X-CUBE-GNSS1.5.2.0: no header file found
2022-10-25 04:41:58,318 [WARN] ApiManager:308 - Cannot register API 'Data Exchange:lib_gnss' from pack STMicroelectronics.X-CUBE-GNSS1.5.2.0: no header file found
2022-10-25 04:41:58,319 [WARN] ApiManager:308 - Cannot register API 'Board Extension:S2868A1' from pack STMicroelectronics.X-CUBE-SFXS2LP1.4.0.0: no header file found
2022-10-25 04:41:58,319 [WARN] ApiManager:308 - Cannot register API 'Board Extension:S2868A2' from pack STMicroelectronics.X-CUBE-SFXS2LP1.4.0.0: no header file found
2022-10-25 04:41:58,319 [WARN] ApiManager:308 - Cannot register API 'Board Extension:S2915A1' from pack STMicroelectronics.X-CUBE-SFXS2LP1.4.0.0: no header file found
2022-10-25 04:41:58,320 [WARN] ApiManager:308 - Cannot register API 'Wireless:BlueNRG-2' from pack STMicroelectronics.X-CUBE-BLE2.3.3.0: no header file found
2022-10-25 04:41:58,334 [INFO] ThirdPartyModel:289 - Start build external matchings
2022-10-25 04:41:58,898 [INFO] ThirdPartyModel:302 - End build external matchings
2022-10-25 04:41:59,059 [INFO] UtilMem:74 - End LoadConfig() Used Memory: 271691592 Bytes (423624704)
2022-10-25 04:41:59,075 [WARN] ThirdParty:789 - waiting for thirdparty lock release [change project]
2022-10-25 04:41:59,075 [INFO] ThirdParty:791 - entering critical section [change project]
2022-10-25 04:41:59,075 [INFO] ThirdParty:981 - CMSIS Pack Vendor :wolfSSL I-CUBE-wolfSSL 5.2.0
2022-10-25 04:41:59,075 [INFO] ThirdParty:981 - CMSIS Pack Vendor :RoweBots I-CUBE-UNISONRTOS 5.5.0-4
2022-10-25 04:41:59,075 [INFO] ThirdParty:981 - CMSIS Pack Vendor :STMicroelectronics X-CUBE-GNSS1 6.0.0
2022-10-25 04:41:59,075 [INFO] ThirdParty:981 - CMSIS Pack Vendor :STMicroelectronics X-CUBE-AZRTOS-H7 2.1.0
2022-10-25 04:41:59,075 [INFO] ThirdParty:981 - CMSIS Pack Vendor :STMicroelectronics USB_HOST 2.0.0
2022-10-25 04:41:59,075 [INFO] ThirdParty:981 - CMSIS Pack Vendor :STMicroelectronics X-CUBE-AZRTOS-F4 1.1.0
2022-10-25 04:41:59,075 [INFO] ThirdParty:981 - CMSIS Pack Vendor :STMicroelectronics LIBJPEG 8.0.0
2022-10-25 04:41:59,075 [INFO] ThirdParty:981 - CMSIS Pack Vendor :STMicroelectronics USB_DEVICE 3.0.0
2022-10-25 04:41:59,075 [INFO] ThirdParty:981 - CMSIS Pack Vendor :STMicroelectronics X-CUBE-BLEMGR 1.0.0
2022-10-25 04:41:59,075 [INFO] ThirdParty:981 - CMSIS Pack Vendor :STMicroelectronics X-CUBE-BLEMGR 1.2.0
2022-10-25 04:41:59,075 [INFO] ThirdParty:981 - CMSIS Pack Vendor :STMicroelectronics X-CUBE-AZRTOS-F7 1.1.0
2022-10-25 04:41:59,075 [INFO] ThirdParty:981 - CMSIS Pack Vendor :STMicroelectronics USB_DEVICE 2.0.0
2022-10-25 04:41:59,076 [INFO] ThirdParty:981 - CMSIS Pack Vendor :STMicroelectronics X-CUBE-AI 7.1.0
2022-10-25 04:41:59,076 [INFO] ThirdParty:981 - CMSIS Pack Vendor :STMicroelectronics X-CUBE-BLE1 6.2.3
2022-10-25 04:41:59,076 [INFO] ThirdParty:981 - CMSIS Pack Vendor :STMicroelectronics X-CUBE-ALGOBUILD 1.3.0
2022-10-25 04:41:59,076 [INFO] ThirdParty:981 - CMSIS Pack Vendor :STMicroelectronics FreeRTOS 0.0.1
2022-10-25 04:41:59,076 [INFO] ThirdParty:981 - CMSIS Pack Vendor :STMicroelectronics X-CUBE-AZRTOS-G0 1.1.0
2022-10-25 04:41:59,076 [INFO] ThirdParty:981 - CMSIS Pack Vendor :STMicroelectronics X-CUBE-SUBG2 5.0.0
2022-10-25 04:41:59,076 [INFO] ThirdParty:981 - CMSIS Pack Vendor :SEGGER I-CUBE-embOS 1.2.0
2022-10-25 04:41:59,076 [INFO] ThirdParty:981 - CMSIS Pack Vendor :STMicroelectronics STM32_WPAN 1.0.0
2022-10-25 04:41:59,076 [INFO] ThirdParty:981 - CMSIS Pack Vendor :STMicroelectronics lwIP 2.0.3
2022-10-25 04:41:59,076 [INFO] ThirdParty:981 - CMSIS Pack Vendor :STMicroelectronics X-CUBE-BLE1 6.2.2
2022-10-25 04:41:59,076 [INFO] ThirdParty:981 - CMSIS Pack Vendor :STMicroelectronics X-CUBE-NFC4 2.0.4
2022-10-25 04:41:59,076 [INFO] ThirdParty:981 - CMSIS Pack Vendor :STMicroelectronics X-CUBE-BLE2 3.2.2
2022-10-25 04:41:59,076 [INFO] ThirdParty:981 - CMSIS Pack Vendor :STMicroelectronics USB_HOST 1.0.0
2022-10-25 04:41:59,077 [INFO] ThirdParty:981 - CMSIS Pack Vendor :STMicroelectronics X-CUBE-NFC4 2.0.3
2022-10-25 04:41:59,077 [INFO] ThirdParty:981 - CMSIS Pack Vendor :STMicroelectronics PDM2PCM 3.1.0
2022-10-25 04:41:59,077 [INFO] ThirdParty:981 - CMSIS Pack Vendor :STMicroelectronics FP-ATR-ASTRA1 1.1.1
2022-10-25 04:41:59,077 [INFO] ThirdParty:981 - CMSIS Pack Vendor :STMicroelectronics PDM2PCM 3.3.0
2022-10-25 04:41:59,077 [INFO] ThirdParty:981 - CMSIS Pack Vendor :STMicroelectronics X-CUBE-TOF1 3.1.0
2022-10-25 04:41:59,077 [INFO] ThirdParty:981 - CMSIS Pack Vendor :STMicroelectronics X-CUBE-SFXS2LP1 3.1.0
2022-10-25 04:41:59,077 [INFO] ThirdParty:981 - CMSIS Pack Vendor :STMicroelectronics X-CUBE-AZRTOS-F4 1.0.0
2022-10-25 04:41:59,077 [INFO] ThirdParty:981 - CMSIS Pack Vendor :STMicroelectronics X-CUBE-AZRTOS-H7 2.0.0
2022-10-25 04:41:59,077 [INFO] ThirdParty:981 - CMSIS Pack Vendor :STMicroelectronics X-CUBE-AZRTOS-G4 1.0.0
2022-10-25 04:41:59,077 [INFO] ThirdParty:981 - CMSIS Pack Vendor :STMicroelectronics FP-ATR-SIGFOX1 3.2.0
2022-10-25 04:41:59,077 [INFO] ThirdParty:981 - CMSIS Pack Vendor :STMicroelectronics X-CUBE-AZRTOS-L4 1.0.0
2022-10-25 04:41:59,077 [INFO] ThirdParty:981 - CMSIS Pack Vendor :STMicroelectronics HAL Drivers 0.0.0
2022-10-25 04:41:59,077 [INFO] ThirdParty:981 - CMSIS Pack Vendor :STMicroelectronics MBEDTLS 2.16.2
2022-10-25 04:41:59,077 [INFO] ThirdParty:981 - CMSIS Pack Vendor :emotas I-CUBE-CANOPEN 1.1.2
2022-10-25 04:41:59,078 [INFO] ThirdParty:981 - CMSIS Pack Vendor :STMicroelectronics X-CUBE-TOUCHGFX 4.20.0
2022-10-25 04:41:59,078 [INFO] ThirdParty:981 - CMSIS Pack Vendor :STMicroelectronics MBEDTLS 2.14.1
2022-10-25 04:41:59,078 [INFO] ThirdParty:981 - CMSIS Pack Vendor :STMicroelectronics X-CUBE-NFC7 1.0.0
2022-10-25 04:41:59,078 [INFO] ThirdParty:981 - CMSIS Pack Vendor :STMicroelectronics X-CUBE-AZRTOS-F7 1.0.0
2022-10-25 04:41:59,078 [INFO] ThirdParty:981 - CMSIS Pack Vendor :STMicroelectronics X-CUBE-AZRTOS-WL 1.0.0
2022-10-25 04:41:59,078 [INFO] ThirdParty:981 - CMSIS Pack Vendor :STMicroelectronics X-CUBE-SUBG2 4.2.0
2022-10-25 04:41:59,078 [INFO] ThirdParty:981 - CMSIS Pack Vendor :STMicroelectronics X-CUBE-MEMS1 9.1.0
2022-10-25 04:41:59,078 [INFO] ThirdParty:981 - CMSIS Pack Vendor :STMicroelectronics X-CUBE-MEMS1 9.3.0
2022-10-25 04:41:59,078 [INFO] ThirdParty:981 - CMSIS Pack Vendor :portGmbH I-Cube-SoM-uGOAL 1.1.0
2022-10-25 04:41:59,078 [INFO] ThirdParty:981 - CMSIS Pack Vendor :STMicroelectronics X-CUBE-ALS 1.0.1
2022-10-25 04:41:59,078 [INFO] ThirdParty:981 - CMSIS Pack Vendor :STMicroelectronics X-CUBE-AI 7.2.0
2022-10-25 04:41:59,078 [INFO] ThirdParty:981 - CMSIS Pack Vendor :STMicroelectronics ThreadX 1.0.0
2022-10-25 04:41:59,078 [INFO] ThirdParty:981 - CMSIS Pack Vendor :STMicroelectronics X-CUBE-AZRTOS-L5 1.0.0
2022-10-25 04:41:59,079 [INFO] ThirdParty:981 - CMSIS Pack Vendor :STMicroelectronics USB_DEVICE 1.0.0
2022-10-25 04:41:59,079 [INFO] ThirdParty:981 - CMSIS Pack Vendor :STMicroelectronics X-CUBE-AZRTOS-G0 1.0.0
2022-10-25 04:41:59,079 [INFO] ThirdParty:981 - CMSIS Pack Vendor :STMicroelectronics X-CUBE-EEPRMA1 3.1.1
2022-10-25 04:41:59,079 [INFO] ThirdParty:981 - CMSIS Pack Vendor :STMicroelectronics X-CUBE-GNSS1 5.2.0
2022-10-25 04:41:59,079 [INFO] ThirdParty:981 - CMSIS Pack Vendor :STMicroelectronics ThreadX 0.0.2
2022-10-25 04:41:59,079 [INFO] ThirdParty:981 - CMSIS Pack Vendor :STMicroelectronics lwIP 2.1.2
2022-10-25 04:41:59,079 [INFO] ThirdParty:981 - CMSIS Pack Vendor :STMicroelectronics X-CUBE-SFXS2LP1 4.0.0
2022-10-25 04:41:59,079 [INFO] ThirdParty:981 - CMSIS Pack Vendor :STMicroelectronics X-CUBE-BLE2 3.3.0
2022-10-25 04:41:59,079 [INFO] ThirdParty:981 - CMSIS Pack Vendor :STMicroelectronics X-CUBE-DISPLAY 2.0.1
2022-10-25 04:41:59,079 [INFO] ThirdParty:981 - CMSIS Pack Vendor :STMicroelectronics X-CUBE-DISPLAY 2.2.0
2022-10-25 04:41:59,080 [INFO] ThirdParty:981 - CMSIS Pack Vendor :STMicroelectronics X-CUBE-TOF1 3.2.0
2022-10-25 04:41:59,080 [INFO] ThirdParty:981 - CMSIS Pack Vendor :STMicroelectronics PDM2PCM 3.2.0
2022-10-25 04:41:59,080 [INFO] ThirdParty:981 - CMSIS Pack Vendor :STMicroelectronics X-CUBE-TOUCHGFX 4.18.1
2022-10-25 04:41:59,080 [INFO] ThirdParty:981 - CMSIS Pack Vendor :STMicroelectronics X-CUBE-TOF1 3.0.0
2022-10-25 04:41:59,080 [INFO] ThirdParty:981 - CMSIS Pack Vendor :STMicroelectronics X-CUBE-ISPU 1.0.0
2022-10-25 04:41:59,080 [INFO] ThirdParty:797 - exiting critical section [change project]
2022-10-25 04:41:59,321 [INFO] PinOutPanel:1468 - setPackage(No Configuration,No Configuration)
2022-10-25 04:41:59,323 [INFO] PinOutPanel:1468 - setPackage(STM32F103C8Tx,LQFP48)
2022-10-25 04:41:59,842 [INFO] UtilMem:74 - Before build in PCC Used Memory: 219742968 Bytes (423624704)
2022-10-25 04:42:00,615 [INFO] UtilMem:74 - After build in PCC Used Memory: 230557248 Bytes (423624704)
2022-10-25 04:42:00,638 [INFO] IPUIPlugin:79 - create IPUIPlugin
2022-10-25 04:42:00,638 [INFO] IPUIPlugin:79 - create IPUIPlugin
2022-10-25 04:42:00,638 [INFO] IPUIPlugin:79 - create IPUIPlugin
2022-10-25 04:42:00,638 [INFO] IPUIPlugin:79 - create IPUIPlugin
2022-10-25 04:42:00,638 [INFO] IPUIPlugin:79 - create IPUIPlugin
2022-10-25 04:42:00,639 [INFO] IPUIPlugin:79 - create IPUIPlugin
2022-10-25 04:42:00,639 [INFO] IPUIPlugin:79 - create IPUIPlugin
2022-10-25 04:42:00,639 [INFO] IPUIPlugin:79 - create IPUIPlugin
2022-10-25 04:42:00,639 [INFO] IPUIPlugin:79 - create IPUIPlugin
2022-10-25 04:42:00,639 [INFO] IPUIPlugin:79 - create IPUIPlugin
2022-10-25 04:42:00,639 [INFO] IPUIPlugin:79 - create IPUIPlugin
2022-10-25 04:42:00,640 [INFO] IPUIPlugin:79 - create IPUIPlugin
2022-10-25 04:42:00,640 [INFO] IPUIPlugin:79 - create IPUIPlugin
2022-10-25 04:42:00,640 [INFO] IPUIPlugin:79 - create IPUIPlugin
2022-10-25 04:42:00,640 [INFO] IPUIPlugin:79 - create IPUIPlugin
2022-10-25 04:42:00,641 [INFO] IPUIPlugin:79 - create IPUIPlugin
2022-10-25 04:42:00,641 [INFO] IPUIPlugin:79 - create IPUIPlugin
2022-10-25 04:42:00,642 [INFO] IPUIPlugin:79 - create IPUIPlugin
2022-10-25 04:42:00,642 [INFO] IPUIPlugin:79 - create IPUIPlugin
2022-10-25 04:42:00,642 [INFO] IPUIPlugin:79 - create IPUIPlugin
2022-10-25 04:42:00,642 [INFO] IPUIPlugin:79 - create IPUIPlugin
2022-10-25 04:42:00,643 [INFO] IPUIPlugin:79 - create IPUIPlugin
2022-10-25 04:42:00,643 [INFO] IPUIPlugin:79 - create IPUIPlugin
2022-10-25 04:42:00,643 [INFO] IPUIPlugin:79 - create IPUIPlugin
2022-10-25 04:42:00,644 [INFO] IPUIPlugin:79 - create IPUIPlugin
2022-10-25 04:42:00,644 [INFO] IPUIPlugin:79 - create IPUIPlugin
2022-10-25 04:42:00,644 [INFO] IPUIPlugin:79 - create IPUIPlugin
2022-10-25 04:42:00,859 [INFO] OpenFileManager:327 - Restore cursor
2022-10-25 04:42:01,291 [INFO] UtilMem:74 - End SaveConfig() Used Memory: 295044184 Bytes (423624704)
2022-10-25 04:42:01,348 [INFO] UtilMem:74 - End SaveConfig() Used Memory: 306346496 Bytes (423624704)
2022-10-25 04:42:01,770 [INFO] BlockDiagram:2753 - set Specific Code input for plugin: NVIC
2022-10-25 04:42:01,771 [INFO] BlockDiagram:2753 - set Specific Code input for plugin: RCC
2022-10-25 04:42:01,772 [INFO] CodeGenerator:690 - code generatio: config db path: C:\ST\STM32CubeIDE_1.9.0\STM32CubeIDE\plugins\com.st.stm32cube.common.mx_6.6.1.202207061420\\db\
2022-10-25 04:42:02,135 [INFO] CodeEngine:245 - oldGeneratedFile, D:\github\mc\stm32\Photoresistor\Photoresistor\MXTmpFiles\license.tmp_save
2022-10-25 04:42:02,628 [INFO] CodeEngine:269 - Generated code: D:\github\mc\stm32\Photoresistor\Photoresistor\MXTmpFiles\license.tmp
2022-10-25 04:42:02,666 [INFO] CodeEngine:245 - oldGeneratedFile, D:\github\mc\stm32\Photoresistor\Photoresistor\Core\Src\stm32f1xx_it.c_save
2022-10-25 04:42:02,869 [INFO] CodeEngine:269 - Generated code: D:\github\mc\stm32\Photoresistor\Photoresistor\Core\Src\stm32f1xx_it.c
2022-10-25 04:42:02,878 [INFO] CodeEngine:245 - oldGeneratedFile, D:\github\mc\stm32\Photoresistor\Photoresistor\Core\Inc\stm32f1xx_it.h_save
2022-10-25 04:42:03,018 [INFO] CodeEngine:269 - Generated code: D:\github\mc\stm32\Photoresistor\Photoresistor\Core\Inc\stm32f1xx_it.h
2022-10-25 04:42:03,097 [INFO] CodeEngine:245 - oldGeneratedFile, D:\github\mc\stm32\Photoresistor\Photoresistor\Core\Src\stm32f1xx_hal_msp.c_save
2022-10-25 04:42:03,308 [INFO] CodeEngine:269 - Generated code: D:\github\mc\stm32\Photoresistor\Photoresistor\Core\Src\stm32f1xx_hal_msp.c
2022-10-25 04:42:03,314 [INFO] CodeEngine:245 - oldGeneratedFile, D:\github\mc\stm32\Photoresistor\Photoresistor\MXTmpFiles\system.tmp_save
2022-10-25 04:42:03,400 [INFO] CodeEngine:269 - Generated code: D:\github\mc\stm32\Photoresistor\Photoresistor\MXTmpFiles\system.tmp
2022-10-25 04:42:03,407 [INFO] CodeEngine:245 - oldGeneratedFile, D:\github\mc\stm32\Photoresistor\Photoresistor\Core\Inc\stm32f1xx_hal_conf.h_save
2022-10-25 04:42:03,561 [INFO] CodeEngine:269 - Generated code: D:\github\mc\stm32\Photoresistor\Photoresistor\Core\Inc\stm32f1xx_hal_conf.h
2022-10-25 04:42:03,622 [INFO] CodeEngine:245 - oldGeneratedFile, D:\github\mc\stm32\Photoresistor\Photoresistor\Core\Inc\main.h_save
2022-10-25 04:42:03,831 [INFO] CodeEngine:269 - Generated code: D:\github\mc\stm32\Photoresistor\Photoresistor\Core\Inc\main.h
2022-10-25 04:42:03,900 [INFO] CodeEngine:245 - oldGeneratedFile, D:\github\mc\stm32\Photoresistor\Photoresistor\Core\Src\main.c_save
2022-10-25 04:42:04,124 [INFO] CodeEngine:269 - Generated code: D:\github\mc\stm32\Photoresistor\Photoresistor\Core\Src\main.c
2022-10-25 04:42:04,949 [INFO] ProjectBuilder:2919 - Time for Copy HAL[1] : 121mS.
2022-10-25 04:42:04,965 [INFO] ProjectBuilder:4117 - Project Generator version: 3.17.1
2022-10-25 04:42:05,552 [INFO] ConfigFileManager:1394 - The Die is : DIE410
2022-10-25 04:42:05,569 [INFO] ApiDbMcu:505 - Load IP Config File for FATFS
2022-10-25 04:42:05,604 [INFO] ApiDbMcu:505 - Load IP Config File for FREERTOS
2022-10-25 04:42:05,626 [INFO] ApiDbMcu:505 - Load IP Config File for USB_DEVICE
2022-10-25 04:42:08,216 [INFO] ProjectBuilder:4285 - Time for Generating toolchain IDE Files: 3251mS.
2022-10-25 04:42:08,217 [INFO] ProjectBuilder:2790 - Time for Copy CMSIS : 0mS.
2022-10-25 04:42:08,219 [INFO] ProjectBuilder:2790 - Time for Copy CMSIS : 1mS.
2022-10-25 04:42:09,386 [INFO] McuFinderGlobals:57 - Set McuFinderConnectedMode to true
2022-10-25 04:42:09,387 [INFO] ApiDb:443 - Save user favorites file C:\Users\Zver/.stm32cubeide/favorites.mcus.txt: 1 item(s)
2022-10-25 04:42:09,388 [INFO] ApiDb:447 - User favorites MCUs=[STM32F103C8T6]
2022-10-25 04:57:44,488 [INFO] ParamManager:829 - [Generic UI] PropertyChangeEvent: TAB_STATUS_CHANGED , "dont care", "never mind"
2022-10-25 04:57:44,508 [INFO] ParamManager:829 - [Generic UI] PropertyChangeEvent: TAB_STATUS_CHANGED , "dont care", "never mind"
2022-10-25 04:57:44,520 [INFO] ADCParametersView:113 -                Rank 1 : false
2022-10-25 04:57:44,603 [INFO] ADCParametersView:113 -                Rank 1 : false
2022-10-25 04:57:44,604 [INFO] ADCParametersView:113 -                Rank 1 : false
2022-10-25 04:57:44,604 [INFO] ADCParametersView:113 -                Rank 1 : false
2022-10-25 04:57:44,604 [INFO] ADCParametersView:113 -                Rank 1 : false
2022-10-25 04:57:44,604 [INFO] ADCParametersView:113 -                Rank 1 : false
2022-10-25 04:57:44,605 [INFO] ADCParametersView:113 -                Rank 1 : false
2022-10-25 04:57:44,605 [INFO] ADCParametersView:113 -                Rank 1 : false
2022-10-25 04:57:44,605 [INFO] ADCParametersView:113 -                Rank 1 : false
2022-10-25 04:57:44,605 [INFO] ADCParametersView:113 -                Rank 1 : false
2022-10-25 04:57:44,605 [INFO] ADCParametersView:113 -                Rank 1 : false
2022-10-25 04:57:44,612 [INFO] ADCParametersView:113 -                Rank 1 : false
2022-10-25 04:57:44,677 [INFO] NvicIntPanel:100 - NVIC parent = com.st.microxplorer.plugins.ip.nvic.MultiNvicIntPanel[,0,0,0x0,invalid,layout=javax.swing.BoxLayout,alignmentX=0.0,alignmentY=0.0,border=,flags=9,maximumSize=,minimumSize=,preferredSize=]
2022-10-25 04:57:44,731 [INFO] NvicIntPanel:100 - NVIC parent = com.st.microxplorer.plugins.ip.nvic.MultiNvicIntPanel[,0,0,0x0,invalid,layout=javax.swing.BoxLayout,alignmentX=0.0,alignmentY=0.0,border=,flags=9,maximumSize=,minimumSize=,preferredSize=]
2022-10-25 04:57:44,784 [INFO] ADCParametersView:113 -                Rank 1 : false
2022-10-25 04:57:44,785 [INFO] ADCParametersView:113 -                Rank 1 : false
2022-10-25 04:57:44,785 [INFO] ADCParametersView:113 -                Rank 1 : false
2022-10-25 04:57:44,785 [INFO] ADCParametersView:113 -                Rank 1 : false
2022-10-25 04:57:44,785 [INFO] ADCParametersView:113 -                Rank 1 : false
2022-10-25 04:57:44,785 [INFO] ADCParametersView:113 -                Rank 1 : false
2022-10-25 04:57:44,785 [INFO] ADCParametersView:113 -                Rank 1 : false
2022-10-25 04:57:44,786 [INFO] ADCParametersView:113 -                Rank 1 : false
2022-10-25 04:57:44,786 [INFO] ADCParametersView:113 -                Rank 1 : false
2022-10-25 04:57:44,786 [INFO] ADCParametersView:113 -                Rank 1 : false
2022-10-25 04:57:44,791 [INFO] ADCParametersView:113 -                Rank 1 : false
2022-10-25 04:57:44,804 [INFO] ADCParametersView:113 -                Rank 1 : false
2022-10-25 04:57:44,805 [INFO] ADCParametersView:113 -                Rank 1 : false
2022-10-25 04:57:44,805 [INFO] ADCParametersView:113 -                Rank 1 : false
2022-10-25 04:57:44,805 [INFO] ADCParametersView:113 -                Rank 1 : false
2022-10-25 04:57:44,805 [INFO] ADCParametersView:113 -                Rank 1 : false
2022-10-25 04:57:44,805 [INFO] ADCParametersView:113 -                Rank 1 : false
2022-10-25 04:57:44,805 [INFO] ADCParametersView:113 -                Rank 1 : false
2022-10-25 04:57:44,806 [INFO] ADCParametersView:113 -                Rank 1 : false
2022-10-25 04:57:44,806 [INFO] ADCParametersView:113 -                Rank 1 : false
2022-10-25 04:57:44,806 [INFO] ADCParametersView:113 -                Rank 1 : false
2022-10-25 04:57:44,812 [INFO] ADCParametersView:113 -                Rank 1 : false
2022-10-25 04:57:56,836 [INFO] ADCParametersView:113 -                Rank 1 : false
2022-10-25 04:57:56,840 [INFO] ADCParametersView:113 -                Rank 1 : false
2022-10-25 04:57:56,840 [INFO] ADCParametersView:113 -                Rank 1 : false
2022-10-25 04:57:56,840 [INFO] ADCParametersView:113 -                Rank 1 : false
2022-10-25 04:57:56,840 [INFO] ADCParametersView:113 -                Rank 1 : false
2022-10-25 04:57:56,840 [INFO] ADCParametersView:113 -                Rank 1 : false
2022-10-25 04:57:56,841 [INFO] ADCParametersView:113 -                Rank 1 : false
2022-10-25 04:57:56,841 [INFO] ADCParametersView:113 -                Rank 1 : false
2022-10-25 04:57:56,841 [INFO] ADCParametersView:113 -                Rank 1 : false
2022-10-25 04:57:56,841 [INFO] ADCParametersView:113 -                Rank 1 : false
2022-10-25 04:57:56,846 [INFO] ADCParametersView:113 -                Rank 1 : false
2022-10-25 04:57:56,865 [INFO] ADCParametersView:113 -                Rank 1 : false
2022-10-25 04:57:56,866 [INFO] ADCParametersView:113 -                Rank 1 : false
2022-10-25 04:57:56,866 [INFO] ADCParametersView:113 -                Rank 1 : false
2022-10-25 04:57:56,867 [INFO] ADCParametersView:113 -                Rank 1 : false
2022-10-25 04:57:56,867 [INFO] ADCParametersView:113 -                Rank 1 : false
2022-10-25 04:57:56,867 [INFO] ADCParametersView:113 -                Rank 1 : false
2022-10-25 04:57:56,867 [INFO] ADCParametersView:113 -                Rank 1 : false
2022-10-25 04:57:56,867 [INFO] ADCParametersView:113 -                Rank 1 : false
2022-10-25 04:57:56,867 [INFO] ADCParametersView:113 -                Rank 1 : false
2022-10-25 04:57:56,867 [INFO] ADCParametersView:113 -                Rank 1 : false
2022-10-25 04:57:56,872 [INFO] ADCParametersView:113 -                Rank 1 : false
2022-10-25 04:57:56,889 [INFO] ADCParametersView:113 -                Rank 1 : false
2022-10-25 04:57:56,891 [INFO] ADCParametersView:113 -                Rank 1 : false
2022-10-25 04:57:56,891 [INFO] ADCParametersView:113 -                Rank 1 : false
2022-10-25 04:57:56,891 [INFO] ADCParametersView:113 -                Rank 1 : false
2022-10-25 04:57:56,891 [INFO] ADCParametersView:113 -                Rank 1 : false
2022-10-25 04:57:56,891 [INFO] ADCParametersView:113 -                Rank 1 : false
2022-10-25 04:57:56,891 [INFO] ADCParametersView:113 -                Rank 1 : false
2022-10-25 04:57:56,891 [INFO] ADCParametersView:113 -                Rank 1 : false
2022-10-25 04:57:56,892 [INFO] ADCParametersView:113 -                Rank 1 : false
2022-10-25 04:57:56,892 [INFO] ADCParametersView:113 -                Rank 1 : false
2022-10-25 04:57:56,896 [INFO] ADCParametersView:113 -                Rank 1 : false
2022-10-25 04:58:18,352 [INFO] Gpio:272 - dependency for GPIO [ADC1, SYS]
2022-10-25 04:59:00,827 [INFO] Gpio:272 - dependency for GPIO [ADC1, SYS]
2022-10-25 04:59:07,180 [INFO] Gpio:272 - dependency for GPIO [ADC1, SYS]
2022-10-25 05:00:01,728 [INFO] ADCParametersView:113 -                Rank 1 : false
2022-10-25 05:00:01,729 [INFO] ADCParametersView:113 -                Rank 1 : false
2022-10-25 05:00:01,729 [INFO] ADCParametersView:113 -                Rank 1 : false
2022-10-25 05:00:01,729 [INFO] ADCParametersView:113 -                Rank 1 : false
2022-10-25 05:00:01,729 [INFO] ADCParametersView:113 -                Rank 1 : false
2022-10-25 05:00:01,729 [INFO] ADCParametersView:113 -                Rank 1 : false
2022-10-25 05:00:01,729 [INFO] ADCParametersView:113 -                Rank 1 : false
2022-10-25 05:00:01,730 [INFO] ADCParametersView:113 -                Rank 1 : false
2022-10-25 05:00:01,730 [INFO] ADCParametersView:113 -                Rank 1 : false
2022-10-25 05:00:01,730 [INFO] ADCParametersView:113 -                Rank 1 : false
2022-10-25 05:00:01,733 [INFO] ADCParametersView:113 -                Rank 1 : false
2022-10-25 05:00:01,745 [INFO] ADCParametersView:113 -                Rank 1 : false
2022-10-25 05:00:01,746 [INFO] ADCParametersView:113 -                Rank 1 : false
2022-10-25 05:00:01,746 [INFO] ADCParametersView:113 -                Rank 1 : false
2022-10-25 05:00:01,746 [INFO] ADCParametersView:113 -                Rank 1 : false
2022-10-25 05:00:01,746 [INFO] ADCParametersView:113 -                Rank 1 : false
2022-10-25 05:00:01,746 [INFO] ADCParametersView:113 -                Rank 1 : false
2022-10-25 05:00:01,746 [INFO] ADCParametersView:113 -                Rank 1 : false
2022-10-25 05:00:01,746 [INFO] ADCParametersView:113 -                Rank 1 : false
2022-10-25 05:00:01,746 [INFO] ADCParametersView:113 -                Rank 1 : false
2022-10-25 05:00:01,747 [INFO] ADCParametersView:113 -                Rank 1 : false
2022-10-25 05:00:01,750 [INFO] ADCParametersView:113 -                Rank 1 : false
2022-10-25 05:00:10,151 [INFO] UtilMem:74 - End SaveConfig() Used Memory: 518897448 Bytes (789577728)
2022-10-25 05:00:11,929 [INFO] UtilMem:74 - End SaveConfig() Used Memory: 539067904 Bytes (789577728)
2022-10-25 05:00:13,758 [INFO] UtilMem:74 - End SaveConfig() Used Memory: 625332656 Bytes (789577728)
2022-10-25 05:00:14,086 [INFO] BlockDiagram:2753 - set Specific Code input for plugin: NVIC
2022-10-25 05:00:14,086 [INFO] BlockDiagram:2753 - set Specific Code input for plugin: SYS
2022-10-25 05:00:14,087 [INFO] BlockDiagram:2753 - set Specific Code input for plugin: GPIO
2022-10-25 05:00:14,087 [INFO] BlockDiagram:2753 - set Specific Code input for plugin: ADC
2022-10-25 05:00:14,087 [INFO] BlockDiagram:2753 - set Specific Code input for plugin: RCC
2022-10-25 05:00:14,088 [INFO] CodeGenerator:690 - code generatio: config db path: C:\ST\STM32CubeIDE_1.9.0\STM32CubeIDE\plugins\com.st.stm32cube.common.mx_6.6.1.202207061420\\db\
2022-10-25 05:00:14,271 [INFO] CodeEngine:245 - oldGeneratedFile, D:\github\mc\stm32\Photoresistor\Photoresistor\MXTmpFiles\license.tmp_save
2022-10-25 05:00:14,360 [INFO] CodeEngine:269 - Generated code: D:\github\mc\stm32\Photoresistor\Photoresistor\MXTmpFiles\license.tmp
2022-10-25 05:00:14,396 [INFO] CodeEngine:245 - oldGeneratedFile, D:\github\mc\stm32\Photoresistor\Photoresistor\MXTmpFiles\gpio.tmp_save
2022-10-25 05:00:14,507 [INFO] CodeEngine:269 - Generated code: D:\github\mc\stm32\Photoresistor\Photoresistor\MXTmpFiles\gpio.tmp
2022-10-25 05:00:14,583 [INFO] CodeEngine:245 - oldGeneratedFile, D:\github\mc\stm32\Photoresistor\Photoresistor\Core\Src\stm32f1xx_it.c_save
2022-10-25 05:00:14,687 [INFO] CodeEngine:269 - Generated code: D:\github\mc\stm32\Photoresistor\Photoresistor\Core\Src\stm32f1xx_it.c
2022-10-25 05:00:14,694 [INFO] CodeEngine:245 - oldGeneratedFile, D:\github\mc\stm32\Photoresistor\Photoresistor\Core\Inc\stm32f1xx_it.h_save
2022-10-25 05:00:14,754 [INFO] CodeEngine:269 - Generated code: D:\github\mc\stm32\Photoresistor\Photoresistor\Core\Inc\stm32f1xx_it.h
2022-10-25 05:00:14,797 [INFO] CodeEngine:245 - oldGeneratedFile, D:\github\mc\stm32\Photoresistor\Photoresistor\Core\Src\stm32f1xx_hal_msp.c_save
2022-10-25 05:00:14,892 [INFO] CodeEngine:269 - Generated code: D:\github\mc\stm32\Photoresistor\Photoresistor\Core\Src\stm32f1xx_hal_msp.c
2022-10-25 05:00:14,895 [INFO] CodeEngine:245 - oldGeneratedFile, D:\github\mc\stm32\Photoresistor\Photoresistor\MXTmpFiles\system.tmp_save
2022-10-25 05:00:14,946 [INFO] CodeEngine:269 - Generated code: D:\github\mc\stm32\Photoresistor\Photoresistor\MXTmpFiles\system.tmp
2022-10-25 05:00:14,966 [INFO] CodeEngine:245 - oldGeneratedFile, D:\github\mc\stm32\Photoresistor\Photoresistor\Core\Inc\stm32f1xx_hal_conf.h_save
2022-10-25 05:00:15,079 [INFO] CodeEngine:269 - Generated code: D:\github\mc\stm32\Photoresistor\Photoresistor\Core\Inc\stm32f1xx_hal_conf.h
2022-10-25 05:00:15,128 [INFO] CodeEngine:245 - oldGeneratedFile, D:\github\mc\stm32\Photoresistor\Photoresistor\Core\Inc\main.h_save
2022-10-25 05:00:15,215 [INFO] CodeEngine:269 - Generated code: D:\github\mc\stm32\Photoresistor\Photoresistor\Core\Inc\main.h
2022-10-25 05:00:15,249 [INFO] CodeEngine:245 - oldGeneratedFile, D:\github\mc\stm32\Photoresistor\Photoresistor\Core\Src\main.c_save
2022-10-25 05:00:15,384 [INFO] CodeEngine:269 - Generated code: D:\github\mc\stm32\Photoresistor\Photoresistor\Core\Src\main.c
2022-10-25 05:00:15,960 [INFO] ProjectBuilder:2919 - Time for Copy HAL[1] : 123mS.
2022-10-25 05:00:15,964 [INFO] ProjectBuilder:4117 - Project Generator version: 3.17.1
2022-10-25 05:00:16,144 [INFO] ConfigFileManager:1394 - The Die is : DIE410
2022-10-25 05:00:17,563 [INFO] ProjectBuilder:4285 - Time for Generating toolchain IDE Files: 1598mS.
2022-10-25 05:00:17,564 [INFO] ProjectBuilder:2790 - Time for Copy CMSIS : 1mS.
2022-10-25 05:00:17,568 [INFO] ProjectBuilder:2790 - Time for Copy CMSIS : 0mS.
