2022-10-29 04:54:24,362 [INFO] Activator:177 - 


2022-10-29 04:54:24,363 [INFO] Activator:178 - !SESSION log4j initialized
2022-10-29 04:54:29,925 [INFO] McuFinderGlobals:44 - Set McuFinder mode to 2 (CubeIDE integrated)
2022-10-29 04:54:31,356 [INFO] ApplicationProperties:181 - Using Application install path: C:\ST\STM32CubeIDE_1.9.0\STM32CubeIDE\plugins\com.st.stm32cube.common.mx_6.6.1.202207061420
2022-10-29 04:54:31,374 [INFO] DbMcusXml:77 - Set database path to: C:\ST\STM32CubeIDE_1.9.0\STM32CubeIDE\plugins\com.st.stm32cube.common.mx_6.6.1.202207061420\\db\/mcu/
2022-10-29 04:54:31,374 [INFO] ApiDb:269 - Set plugin database path to: C:\ST\STM32CubeIDE_1.9.0\STM32CubeIDE\plugins\com.st.stm32cube.common.mx_6.6.1.202207061420\\db\/plugins/boardmanager/
2022-10-29 04:54:31,377 [WARN] ApiDb:254 - Overriding images path with different value:  => C:\ST\STM32CubeIDE_1.9.0\STM32CubeIDE\plugins\com.st.stm32cube.common.mx_6.6.1.202207061420\\db\/plugins/mcufinder/images/
2022-10-29 04:54:31,394 [INFO] ApiDb:249 - Set database path to: C:\Users\Zver\.stmcufinder\plugins\mcufinder//mcu/
2022-10-29 04:54:31,396 [INFO] DbMcusAds:124 - Set database path to: C:\Users\Zver\.stmcufinder\plugins\mcufinder//mcu/
2022-10-29 04:54:31,399 [INFO] CrossReferenceDbSqlite:201 - Set database path to: C:\Users\Zver\.stmcufinder\plugins\mcufinder//mcu/cs/
2022-10-29 04:54:31,510 [INFO] RulesReader:61 - Compatibility file has been processed (282 Rules)
2022-10-29 04:54:31,636 [INFO] DbMcusXml:77 - Set database path to: C:\ST\STM32CubeIDE_1.9.0\STM32CubeIDE\plugins\com.st.stm32cube.common.mx_6.6.1.202207061420\\db\/mcu/
2022-10-29 04:54:31,636 [INFO] ApiDb:269 - Set plugin database path to: C:\ST\STM32CubeIDE_1.9.0\STM32CubeIDE\plugins\com.st.stm32cube.common.mx_6.6.1.202207061420\\db\/plugins/boardmanager/
2022-10-29 04:54:31,637 [INFO] ApiDb:256 - Set plugin images path to: C:\ST\STM32CubeIDE_1.9.0\STM32CubeIDE\plugins\com.st.stm32cube.common.mx_6.6.1.202207061420\\db\/plugins/mcufinder/images/
2022-10-29 04:54:31,637 [WARN] DbFile:40 - Overriding database path with different value: C:\Users\Zver\.stmcufinder\plugins\mcufinder/ => C:\Users\Zver\.stmcufinder\plugins\mcufinder
2022-10-29 04:54:31,637 [INFO] ApiDb:249 - Set database path to: C:\Users\Zver\.stmcufinder\plugins\mcufinder//mcu/
2022-10-29 04:54:31,637 [WARN] DbFile:40 - Overriding database path with different value: C:\Users\Zver\.stmcufinder\plugins\mcufinder/ => C:\Users\Zver\.stmcufinder\plugins\mcufinder
2022-10-29 04:54:31,637 [INFO] DbMcusAds:124 - Set database path to: C:\Users\Zver\.stmcufinder\plugins\mcufinder//mcu/
2022-10-29 04:54:31,638 [WARN] DbFile:40 - Overriding database path with different value: C:\Users\Zver\.stmcufinder\plugins\mcufinder/ => C:\Users\Zver\.stmcufinder\plugins\mcufinder
2022-10-29 04:54:31,638 [WARN] DbFile:40 - Overriding database path with different value: C:\Users\Zver\.stmcufinder\plugins\mcufinder/ => C:\Users\Zver\.stmcufinder\plugins\mcufinder
2022-10-29 04:54:31,638 [INFO] CrossReferenceDbSqlite:201 - Set database path to: C:\Users\Zver\.stmcufinder\plugins\mcufinder//mcu/cs/
2022-10-29 04:54:31,744 [INFO] MainPanel:242 - HeapMemory: 268435456
2022-10-29 04:54:31,836 [INFO] DbMcusXml:77 - Set database path to: C:\ST\STM32CubeIDE_1.9.0\STM32CubeIDE\plugins\com.st.stm32cube.common.mx_6.6.1.202207061420\\db\/mcu/
2022-10-29 04:54:31,836 [INFO] ApiDb:269 - Set plugin database path to: C:\ST\STM32CubeIDE_1.9.0\STM32CubeIDE\plugins\com.st.stm32cube.common.mx_6.6.1.202207061420\\db\/plugins/boardmanager/
2022-10-29 04:54:31,836 [INFO] ApiDb:256 - Set plugin images path to: C:\ST\STM32CubeIDE_1.9.0\STM32CubeIDE\plugins\com.st.stm32cube.common.mx_6.6.1.202207061420\\db\/plugins/mcufinder/images/
2022-10-29 04:54:31,836 [WARN] DbFile:40 - Overriding database path with different value: C:\Users\Zver\.stmcufinder\plugins\mcufinder/ => C:\Users\Zver\.stmcufinder\plugins\mcufinder
2022-10-29 04:54:31,836 [INFO] ApiDb:249 - Set database path to: C:\Users\Zver\.stmcufinder\plugins\mcufinder//mcu/
2022-10-29 04:54:31,836 [WARN] DbFile:40 - Overriding database path with different value: C:\Users\Zver\.stmcufinder\plugins\mcufinder/ => C:\Users\Zver\.stmcufinder\plugins\mcufinder
2022-10-29 04:54:31,837 [INFO] DbMcusAds:124 - Set database path to: C:\Users\Zver\.stmcufinder\plugins\mcufinder//mcu/
2022-10-29 04:54:31,837 [WARN] DbFile:40 - Overriding database path with different value: C:\Users\Zver\.stmcufinder\plugins\mcufinder/ => C:\Users\Zver\.stmcufinder\plugins\mcufinder
2022-10-29 04:54:31,837 [WARN] DbFile:40 - Overriding database path with different value: C:\Users\Zver\.stmcufinder\plugins\mcufinder/ => C:\Users\Zver\.stmcufinder\plugins\mcufinder
2022-10-29 04:54:31,837 [INFO] CrossReferenceDbSqlite:201 - Set database path to: C:\Users\Zver\.stmcufinder\plugins\mcufinder//mcu/cs/
2022-10-29 04:54:31,858 [INFO] ApplicationProperties:181 - Using Application install path: C:\ST\STM32CubeIDE_1.9.0\STM32CubeIDE\plugins\com.st.stm32cube.common.mx_6.6.1.202207061420
2022-10-29 04:54:31,860 [INFO] PluginManage:193 - Search for loadable plugins [exclusion list=, ]
2022-10-29 04:54:31,862 [INFO] PluginManage:307 - Check plugin analytics
2022-10-29 04:54:31,997 [INFO] AnalyticsPlugin:262 - Accepted Software Licenses: 
2022-10-29 04:54:31,997 [INFO] AnalyticsPlugin:264 - Accepted CMSIS Pack Licenses: 
2022-10-29 04:54:31,997 [INFO] AnalyticsPlugin:266 - Accepted Firmware Licenses: 
2022-10-29 04:54:32,003 [INFO] PluginManage:356 - Loaded plugin analytics (category:tool,tabindex:-1)
2022-10-29 04:54:32,003 [INFO] PluginManage:307 - Check plugin cadmodel
2022-10-29 04:54:32,007 [INFO] CADModel:65 - Init CAD model plugin
2022-10-29 04:54:32,008 [INFO] PluginManage:356 - Loaded plugin cadmodel (category:power,tabindex:5)
2022-10-29 04:54:32,008 [INFO] PluginManage:307 - Check plugin clock
2022-10-29 04:54:32,020 [INFO] PluginManage:356 - Loaded plugin clock (category:base,tabindex:2)
2022-10-29 04:54:32,021 [INFO] PluginManage:307 - Check plugin ddr
2022-10-29 04:54:32,025 [INFO] PluginManage:356 - Loaded plugin ddr (category:tool,tabindex:6)
2022-10-29 04:54:32,025 [INFO] PluginManage:307 - Check plugin filemanager
2022-10-29 04:54:32,201 [INFO] PluginManage:356 - Loaded plugin filemanager (category:base,tabindex:10)
2022-10-29 04:54:32,201 [INFO] PluginManage:307 - Check plugin ipmanager
2022-10-29 04:54:32,218 [INFO] PluginManage:356 - Loaded plugin ipmanager (category:base,tabindex:5)
2022-10-29 04:54:32,218 [INFO] PluginManage:307 - Check plugin lpbam
2022-10-29 04:54:32,226 [INFO] PluginManage:356 - Loaded plugin lpbam (category:base,tabindex:0)
2022-10-29 04:54:32,226 [INFO] PluginManage:307 - Check plugin pinoutandconfiguration
2022-10-29 04:54:32,235 [INFO] PluginManage:356 - Loaded plugin pinoutandconfiguration (category:base,tabindex:1)
2022-10-29 04:54:32,235 [INFO] PluginManage:307 - Check plugin pinoutconfig
2022-10-29 04:54:32,268 [INFO] PluginManage:356 - Loaded plugin pinoutconfig (category:base,tabindex:0)
2022-10-29 04:54:32,268 [INFO] PluginManage:307 - Check plugin power
2022-10-29 04:54:32,280 [INFO] PluginManage:356 - Loaded plugin power (category:power,tabindex:4)
2022-10-29 04:54:32,280 [INFO] PluginManage:307 - Check plugin projectmanager
2022-10-29 04:54:32,300 [INFO] PluginManage:356 - Loaded plugin projectmanager (category:projectmanager,tabindex:3)
2022-10-29 04:54:32,300 [INFO] PluginManage:307 - Check plugin thirdparty
2022-10-29 04:54:32,431 [WARN] IntegrityCheckThread:82 - waiting for thirdparty lock release [integrity check]
2022-10-29 04:54:32,432 [INFO] PluginManage:356 - Loaded plugin thirdparty (category:base,tabindex:-1)
2022-10-29 04:54:32,432 [INFO] IntegrityCheckThread:84 - entering critical section [integrity check]
2022-10-29 04:54:32,432 [INFO] PluginManage:307 - Check plugin tools
2022-10-29 04:54:32,434 [INFO] ThirdPartyUpdaterWithRetryManager:70 - Updater plugin not ready yet. [1/15]
2022-10-29 04:54:32,435 [INFO] PluginManage:356 - Loaded plugin tools (category:base,tabindex:7)
2022-10-29 04:54:32,435 [INFO] PluginManage:307 - Check plugin tutovideos
2022-10-29 04:54:32,616 [INFO] PluginManage:356 - Loaded plugin tutovideos (category:base,tabindex:-1)
2022-10-29 04:54:32,616 [INFO] PluginManage:307 - Check plugin updater
2022-10-29 04:54:32,631 [INFO] PluginManage:356 - Loaded plugin updater (category:base,tabindex:12)
2022-10-29 04:54:32,632 [INFO] PluginManage:280 - PluginManage : Loaded plugins [15]
2022-10-29 04:54:32,946 [INFO] PinOutPanel:1468 - setPackage(No Configuration,No Configuration)
2022-10-29 04:54:33,043 [INFO] CADModel:98 - CPN selected for project level
2022-10-29 04:54:33,064 [INFO] IPUIPlugin:79 - create IPUIPlugin
2022-10-29 04:54:33,065 [INFO] PluginManager:217 - loadIPPluginJar : add adc
2022-10-29 04:54:33,068 [INFO] IPUIPlugin:79 - create IPUIPlugin
2022-10-29 04:54:33,068 [INFO] PluginManager:217 - loadIPPluginJar : add aes
2022-10-29 04:54:33,070 [INFO] IPUIPlugin:79 - create IPUIPlugin
2022-10-29 04:54:33,071 [INFO] PluginManager:217 - loadIPPluginJar : add can
2022-10-29 04:54:33,073 [INFO] IPUIPlugin:79 - create IPUIPlugin
2022-10-29 04:54:33,073 [INFO] PluginManager:217 - loadIPPluginJar : add comp
2022-10-29 04:54:33,075 [INFO] IPUIPlugin:79 - create IPUIPlugin
2022-10-29 04:54:33,076 [INFO] PluginManager:217 - loadIPPluginJar : add cryp
2022-10-29 04:54:33,078 [INFO] IPUIPlugin:79 - create IPUIPlugin
2022-10-29 04:54:33,078 [INFO] PluginManager:217 - loadIPPluginJar : add dfsdm
2022-10-29 04:54:33,084 [INFO] IPUIPlugin:79 - create IPUIPlugin
2022-10-29 04:54:33,084 [INFO] PluginManager:217 - loadIPPluginJar : add dma
2022-10-29 04:54:33,087 [INFO] IPUIPlugin:79 - create IPUIPlugin
2022-10-29 04:54:33,087 [INFO] PluginManager:217 - loadIPPluginJar : add dma3
2022-10-29 04:54:33,088 [INFO] IPUIPlugin:79 - create IPUIPlugin
2022-10-29 04:54:33,089 [INFO] PluginManager:217 - loadIPPluginJar : add fatfs
2022-10-29 04:54:33,095 [INFO] IPUIPlugin:79 - create IPUIPlugin
2022-10-29 04:54:33,095 [INFO] PluginManager:217 - loadIPPluginJar : add fmc
2022-10-29 04:54:33,102 [INFO] IPUIPlugin:79 - create IPUIPlugin
2022-10-29 04:54:33,103 [INFO] PluginManager:217 - loadIPPluginJar : add freertos
2022-10-29 04:54:33,104 [INFO] IPUIPlugin:79 - create IPUIPlugin
2022-10-29 04:54:33,104 [INFO] PluginManager:217 - loadIPPluginJar : add genericplugin
2022-10-29 04:54:33,107 [INFO] IPUIPlugin:79 - create IPUIPlugin
2022-10-29 04:54:33,107 [INFO] PluginManager:217 - loadIPPluginJar : add gfxmmu
2022-10-29 04:54:33,114 [INFO] IPUIPlugin:79 - create IPUIPlugin
2022-10-29 04:54:33,114 [INFO] PluginManager:217 - loadIPPluginJar : add gic
2022-10-29 04:54:33,121 [INFO] IPUIPlugin:79 - create IPUIPlugin
2022-10-29 04:54:33,121 [INFO] PluginManager:217 - loadIPPluginJar : add gpio
2022-10-29 04:54:33,125 [INFO] IPUIPlugin:79 - create IPUIPlugin
2022-10-29 04:54:33,125 [INFO] PluginManager:217 - loadIPPluginJar : add gtzc
2022-10-29 04:54:33,128 [INFO] IPUIPlugin:79 - create IPUIPlugin
2022-10-29 04:54:33,128 [INFO] PluginManager:217 - loadIPPluginJar : add hash
2022-10-29 04:54:33,131 [INFO] IPUIPlugin:79 - create IPUIPlugin
2022-10-29 04:54:33,131 [INFO] PluginManager:217 - loadIPPluginJar : add i2c
2022-10-29 04:54:33,135 [INFO] IPUIPlugin:79 - create IPUIPlugin
2022-10-29 04:54:33,136 [INFO] PluginManager:217 - loadIPPluginJar : add i2s
2022-10-29 04:54:33,140 [INFO] IPUIPlugin:79 - create IPUIPlugin
2022-10-29 04:54:33,140 [INFO] PluginManager:217 - loadIPPluginJar : add ipddr
2022-10-29 04:54:33,149 [INFO] IPUIPlugin:79 - create IPUIPlugin
2022-10-29 04:54:33,149 [INFO] PluginManager:217 - loadIPPluginJar : add linkedlist
2022-10-29 04:54:33,153 [INFO] IPUIPlugin:79 - create IPUIPlugin
2022-10-29 04:54:33,153 [INFO] PluginManager:217 - loadIPPluginJar : add lorawan
2022-10-29 04:54:33,155 [INFO] IPUIPlugin:79 - create IPUIPlugin
2022-10-29 04:54:33,155 [INFO] PluginManager:217 - loadIPPluginJar : add ltdc
2022-10-29 04:54:33,162 [INFO] IPUIPlugin:79 - create IPUIPlugin
2022-10-29 04:54:33,162 [INFO] PluginManager:217 - loadIPPluginJar : add mdma
2022-10-29 04:54:33,168 [INFO] IPUIPlugin:79 - create IPUIPlugin
2022-10-29 04:54:33,168 [INFO] PluginManager:217 - loadIPPluginJar : add nvic
2022-10-29 04:54:33,173 [INFO] IPUIPlugin:79 - create IPUIPlugin
2022-10-29 04:54:33,173 [INFO] PluginManager:217 - loadIPPluginJar : add opamp
2022-10-29 04:54:33,177 [INFO] IPUIPlugin:79 - create IPUIPlugin
2022-10-29 04:54:33,178 [INFO] PluginManager:217 - loadIPPluginJar : add openamp
2022-10-29 04:54:33,182 [INFO] IPUIPlugin:79 - create IPUIPlugin
2022-10-29 04:54:33,183 [INFO] PluginManager:217 - loadIPPluginJar : add pdm2pcm
2022-10-29 04:54:33,191 [INFO] IPUIPlugin:79 - create IPUIPlugin
2022-10-29 04:54:33,195 [INFO] PluginManager:217 - loadIPPluginJar : add plateformsettings
2022-10-29 04:54:33,198 [INFO] IPUIPlugin:79 - create IPUIPlugin
2022-10-29 04:54:33,198 [INFO] PluginManager:217 - loadIPPluginJar : add quadspi
2022-10-29 04:54:33,205 [INFO] IPUIPlugin:79 - create IPUIPlugin
2022-10-29 04:54:33,206 [INFO] PluginManager:217 - loadIPPluginJar : add resmgrutility
2022-10-29 04:54:33,211 [INFO] IPUIPlugin:79 - create IPUIPlugin
2022-10-29 04:54:33,212 [INFO] PluginManager:217 - loadIPPluginJar : add sai
2022-10-29 04:54:33,216 [INFO] IPUIPlugin:79 - create IPUIPlugin
2022-10-29 04:54:33,216 [INFO] PluginManager:217 - loadIPPluginJar : add spi
2022-10-29 04:54:33,222 [INFO] IPUIPlugin:79 - create IPUIPlugin
2022-10-29 04:54:33,223 [INFO] PluginManager:217 - loadIPPluginJar : add stm32_wpan
2022-10-29 04:54:33,226 [INFO] IPUIPlugin:79 - create IPUIPlugin
2022-10-29 04:54:33,227 [INFO] PluginManager:217 - loadIPPluginJar : add tim
2022-10-29 04:54:33,231 [INFO] IPUIPlugin:79 - create IPUIPlugin
2022-10-29 04:54:33,231 [INFO] PluginManager:217 - loadIPPluginJar : add touchsensing
2022-10-29 04:54:33,234 [INFO] IPUIPlugin:79 - create IPUIPlugin
2022-10-29 04:54:33,234 [INFO] PluginManager:217 - loadIPPluginJar : add tracer_emb
2022-10-29 04:54:33,238 [INFO] IPUIPlugin:79 - create IPUIPlugin
2022-10-29 04:54:33,238 [INFO] PluginManager:217 - loadIPPluginJar : add ts
2022-10-29 04:54:33,240 [INFO] IPUIPlugin:79 - create IPUIPlugin
2022-10-29 04:54:33,241 [INFO] PluginManager:217 - loadIPPluginJar : add tsc
2022-10-29 04:54:33,244 [INFO] IPUIPlugin:79 - create IPUIPlugin
2022-10-29 04:54:33,244 [INFO] PluginManager:217 - loadIPPluginJar : add ucpd
2022-10-29 04:54:33,248 [INFO] IPUIPlugin:79 - create IPUIPlugin
2022-10-29 04:54:33,249 [INFO] PluginManager:217 - loadIPPluginJar : add usart
2022-10-29 04:54:33,254 [INFO] IPUIPlugin:79 - create IPUIPlugin
2022-10-29 04:54:33,254 [INFO] PluginManager:217 - loadIPPluginJar : add usbx
2022-10-29 04:54:33,561 [FATAL] Updater:301 - Updater called before beeing initialized
2022-10-29 04:54:33,733 [FATAL] Updater:301 - Updater called before beeing initialized
2022-10-29 04:54:33,739 [INFO] DbMcusAds:52 - JSON generation date=Thu Sep 30 09:56:37 MSK 2021 (1632984997303)
2022-10-29 04:54:33,739 [FATAL] Updater:301 - Updater called before beeing initialized
2022-10-29 04:54:33,837 [WARN] DetailPanel:344 - Failed to get advertising image, set to default
2022-10-29 04:54:33,966 [FATAL] Updater:301 - Updater called before beeing initialized
2022-10-29 04:54:33,969 [FATAL] Updater:301 - Updater called before beeing initialized
2022-10-29 04:54:33,970 [FATAL] Updater:301 - Updater called before beeing initialized
2022-10-29 04:54:33,970 [WARN] DetailPanel:344 - Failed to get advertising image, set to default
2022-10-29 04:54:33,970 [FATAL] Updater:301 - Updater called before beeing initialized
2022-10-29 04:54:34,026 [ERROR] Updater:1105 - MainUpdater not yet initialized. External WinMGr cannot be set.
2022-10-29 04:54:34,031 [INFO] Updater:1041 - Updater Version found : 6.6.1
2022-10-29 04:54:34,049 [INFO] ApplicationProperties:181 - Using Application install path: C:\ST\STM32CubeIDE_1.9.0\STM32CubeIDE\plugins\com.st.stm32cube.common.mx_6.6.1.202207061420
2022-10-29 04:54:35,434 [INFO] ThirdPartyUpdaterWithRetryManager:70 - Updater plugin not ready yet. [2/15]
2022-10-29 04:54:36,808 [INFO] MainUpdater:2768 - connection check result : 10
2022-10-29 04:54:36,809 [INFO] MainUpdater:280 - Updater Check For Update Now.
2022-10-29 04:54:36,809 [INFO] MicroXplorer:481 - Change Database Version : DB.6.0.60
2022-10-29 04:54:36,962 [INFO] CheckServerUpdateThread:119 - End of CheckServer Thread
2022-10-29 04:54:37,017 [INFO] MainUpdater:2768 - connection check result : 10
2022-10-29 04:54:37,335 [INFO] McuFinderGlobals:57 - Set McuFinderConnectedMode to true
2022-10-29 04:54:37,342 [INFO] MultiScanPanel:195 - Auto-refresh data requested => check proxy status ongoing
2022-10-29 04:54:37,345 [INFO] FinderPluginLoader:92 - Searching for filters in installed packs
2022-10-29 04:54:37,448 [INFO] ApiDb:576 - Connected to CubeFinder SQLite database (C:\Users\Zver\.stmcufinder\plugins\mcufinder\mcu\cube-finder-db.db)
2022-10-29 04:54:37,494 [INFO] ApiDb:663 - CubeFinder database Data Model version=2.1
2022-10-29 04:54:37,494 [INFO] ApiDb:664 - CubeFinder database Configuration version=3.0.32
2022-10-29 04:54:37,494 [INFO] ApiDb:665 - CubeFinder database generation date=2022-08-05 (1659688109)
2022-10-29 04:54:37,494 [INFO] ApiDb:666 - CubeFinder database FW Pack versions=[STM32Cube_FW_C0_V1.0.0, STM32Cube_FW_F4_V1.27.1, STM32Cube_FW_F7_V1.17.0, STM32Cube_FW_G0_V1.6.1, STM32Cube_FW_G4_V1.5.0, STM32Cube_FW_H7_V1.10.0, STM32Cube_FW_L5_V1.4.0, STM32Cube_FW_U5_V1.1.1, STM32Cube_FW_WB_V1.14.1, STM32Cube_FW_WL_V1.2.0, X-CUBE-ALGOBUILD_V1.3.0, X-CUBE-ALS_V1.0.1, X-CUBE-AZRTOS-F4_V1.1.0, X-CUBE-AZRTOS-F7_V1.1.0, X-CUBE-AZRTOS-G0_V1.1.0, X-CUBE-AZRTOS-G4_V1.0.0, X-CUBE-AZRTOS-H7_V2.1.0, X-CUBE-AZRTOS-L4_V1.0.0, X-CUBE-AZRTOS-L5_V1.0.0, X-CUBE-AZRTOS-WL_V1.0.0, X-CUBE-BLE1_V6.2.3, X-CUBE-BLE2_V3.3.0, X-CUBE-EEPRMA1_V3.1.1, X-CUBE-GNSS1_V6.0.0, X-CUBE-MEMS1_V9.1.0, X-CUBE-MEMS1_V9.3.0, X-CUBE-NFC4_V2.0.4, X-CUBE-NFC7_V1.0.0, X-CUBE-SFXS2LP1_V4.0.0, X-CUBE-SUBG2_V5.0.0]
2022-10-29 04:54:38,559 [WARN] PackLoader:242 - Cannot read IP mode file for wolfSSL.I-CUBE-wolfSSL.5.2.0
2022-10-29 04:54:38,569 [WARN] PackLoader:242 - Cannot read IP mode file for STMicroelectronics.X-CUBE-GNSS1.6.0.0
2022-10-29 04:54:38,601 [WARN] PackLoader:242 - Cannot read IP mode file for STMicroelectronics.X-CUBE-AZRTOS-F4.1.1.0
2022-10-29 04:54:38,617 [WARN] PackLoader:242 - Cannot read IP mode file for STMicroelectronics.X-CUBE-BLEMGR.1.2.0
2022-10-29 04:54:38,644 [WARN] PackLoader:242 - Cannot read IP mode file for STMicroelectronics.X-CUBE-AZRTOS-F7.1.1.0
2022-10-29 04:54:38,651 [WARN] PackLoader:242 - Cannot read IP mode file for STMicroelectronics.X-CUBE-AI.7.1.0
2022-10-29 04:54:38,657 [WARN] PackLoader:242 - Cannot read IP mode file for STMicroelectronics.X-CUBE-BLE1.6.2.3
2022-10-29 04:54:38,662 [WARN] PackLoader:242 - Cannot read IP mode file for STMicroelectronics.X-CUBE-BLE1.6.2.2
2022-10-29 04:54:38,667 [WARN] PackLoader:242 - Cannot read IP mode file for STMicroelectronics.X-CUBE-NFC4.2.0.4
2022-10-29 04:54:38,675 [WARN] PackLoader:242 - Cannot read IP mode file for STMicroelectronics.X-CUBE-BLE2.3.2.2
2022-10-29 04:54:38,680 [WARN] PackLoader:242 - Cannot read IP mode file for STMicroelectronics.X-CUBE-NFC4.2.0.3
2022-10-29 04:54:38,695 [WARN] PackLoader:242 - Cannot read IP mode file for STMicroelectronics.X-CUBE-TOF1.3.1.0
2022-10-29 04:54:38,714 [WARN] PackLoader:242 - Cannot read IP mode file for STMicroelectronics.X-CUBE-SFXS2LP1.3.1.0
2022-10-29 04:54:38,739 [WARN] PackLoader:242 - Cannot read IP mode file for STMicroelectronics.X-CUBE-AZRTOS-F4.1.0.0
2022-10-29 04:54:38,748 [WARN] PackLoader:242 - Cannot read IP mode file for STMicroelectronics.X-CUBE-NFC7.1.0.0
2022-10-29 04:54:38,775 [WARN] PackLoader:242 - Cannot read IP mode file for STMicroelectronics.X-CUBE-SUBG2.4.2.0
2022-10-29 04:54:38,829 [WARN] PackLoader:242 - Cannot read IP mode file for STMicroelectronics.X-CUBE-MEMS1.9.3.0
2022-10-29 04:54:38,956 [WARN] PackLoader:242 - Cannot read IP mode file for STMicroelectronics.X-CUBE-AI.7.2.0
2022-10-29 04:54:38,972 [WARN] PackLoader:242 - Cannot read IP mode file for STMicroelectronics.X-CUBE-AZRTOS-G0.1.0.0
2022-10-29 04:54:38,982 [WARN] PackLoader:242 - Cannot read IP mode file for STMicroelectronics.X-CUBE-SFXS2LP1.4.0.0
2022-10-29 04:54:38,987 [WARN] PackLoader:242 - Cannot read IP mode file for STMicroelectronics.X-CUBE-BLE2.3.3.0
2022-10-29 04:54:38,997 [WARN] PackLoader:242 - Cannot read IP mode file for STMicroelectronics.X-CUBE-DISPLAY.2.2.0
2022-10-29 04:54:39,011 [WARN] PackLoader:242 - Cannot read IP mode file for STMicroelectronics.X-CUBE-TOF1.3.2.0
2022-10-29 04:54:39,038 [WARN] PackLoader:242 - Cannot read IP mode file for STMicroelectronics.X-CUBE-TOUCHGFX.4.18.1
2022-10-29 04:54:39,051 [WARN] PackLoader:242 - Cannot read IP mode file for STMicroelectronics.X-CUBE-ISPU.1.0.0
2022-10-29 04:54:39,061 [WARN] PackLoader:242 - Cannot read IP mode file for RoweBots.I-CUBE-UNISONRTOS.5.5.0-4
2022-10-29 04:54:39,081 [WARN] PackLoader:242 - Cannot read IP mode file for STMicroelectronics.X-CUBE-AZRTOS-H7.2.1.0
2022-10-29 04:54:39,091 [WARN] PackLoader:242 - Cannot read IP mode file for STMicroelectronics.X-CUBE-BLEMGR.1.0.0
2022-10-29 04:54:39,097 [WARN] PackLoader:242 - Cannot read IP mode file for STMicroelectronics.X-CUBE-ALGOBUILD.1.3.0
2022-10-29 04:54:39,112 [WARN] PackLoader:242 - Cannot read IP mode file for STMicroelectronics.X-CUBE-AZRTOS-G0.1.1.0
2022-10-29 04:54:39,121 [WARN] PackLoader:242 - Cannot read IP mode file for STMicroelectronics.X-CUBE-SUBG2.5.0.0
2022-10-29 04:54:39,157 [WARN] PackLoader:242 - Cannot read IP mode file for SEGGER.I-CUBE-embOS.1.2.0
2022-10-29 04:54:39,194 [WARN] PackLoader:242 - Cannot read IP mode file for STMicroelectronics.FP-ATR-ASTRA1.1.1.1
2022-10-29 04:54:39,211 [WARN] PackLoader:242 - Cannot read IP mode file for STMicroelectronics.X-CUBE-AZRTOS-H7.2.0.0
2022-10-29 04:54:39,225 [WARN] PackLoader:242 - Cannot read IP mode file for STMicroelectronics.X-CUBE-AZRTOS-G4.1.0.0
2022-10-29 04:54:39,231 [WARN] PackLoader:242 - Cannot read IP mode file for STMicroelectronics.FP-ATR-SIGFOX1.3.2.0
2022-10-29 04:54:39,253 [WARN] PackLoader:242 - Cannot read IP mode file for STMicroelectronics.X-CUBE-AZRTOS-L4.1.0.0
2022-10-29 04:54:39,262 [WARN] PackLoader:242 - Cannot read IP mode file for emotas.I-CUBE-CANOPEN.1.1.2
2022-10-29 04:54:39,265 [WARN] PackLoader:242 - Cannot read IP mode file for STMicroelectronics.X-CUBE-TOUCHGFX.4.20.0
2022-10-29 04:54:39,279 [WARN] PackLoader:242 - Cannot read IP mode file for STMicroelectronics.X-CUBE-AZRTOS-F7.1.0.0
2022-10-29 04:54:39,292 [WARN] PackLoader:242 - Cannot read IP mode file for STMicroelectronics.X-CUBE-AZRTOS-WL.1.0.0
2022-10-29 04:54:39,321 [WARN] PackLoader:242 - Cannot read IP mode file for STMicroelectronics.X-CUBE-MEMS1.9.1.0
2022-10-29 04:54:39,402 [WARN] PackLoader:242 - Cannot read IP mode file for portGmbH.I-Cube-SoM-uGOAL.1.1.0
2022-10-29 04:54:39,407 [WARN] PackLoader:242 - Cannot read IP mode file for STMicroelectronics.X-CUBE-ALS.1.0.1
2022-10-29 04:54:39,422 [WARN] PackLoader:242 - Cannot read IP mode file for STMicroelectronics.X-CUBE-AZRTOS-L5.1.0.0
2022-10-29 04:54:39,430 [WARN] PackLoader:242 - Cannot read IP mode file for STMicroelectronics.X-CUBE-EEPRMA1.3.1.1
2022-10-29 04:54:39,436 [WARN] PackLoader:242 - Cannot read IP mode file for STMicroelectronics.X-CUBE-GNSS1.5.2.0
2022-10-29 04:54:39,441 [WARN] PackLoader:242 - Cannot read IP mode file for STMicroelectronics.X-CUBE-DISPLAY.2.0.1
2022-10-29 04:54:39,454 [WARN] PackLoader:242 - Cannot read IP mode file for STMicroelectronics.X-CUBE-TOF1.3.0.0
2022-10-29 04:54:39,457 [INFO] ThirdParty:929 - Integrity check success = true
2022-10-29 04:54:39,458 [INFO] IntegrityCheckThread:98 - exiting critical section [integrity check]
2022-10-29 04:54:39,458 [INFO] IntegrityCheckThread:101 - End integrity checks thread
2022-10-29 04:54:39,712 [INFO] ApiDb:239 - Found 138 in-development CPN: [B-WB1M-WPAN1, NUCLEO-C031C6, STEVAL-STWINBX1, STM320518-EVAL, STM32C0116-DK, STM32C011D6Y3TR, STM32C011D6Y6TR, STM32C011F4P3, STM32C011F4P6, STM32C011F4U3, STM32C011F4U6TR, STM32C011F6P3, STM32C011F6P6, STM32C011F6U3, STM32C011F6U6TR, STM32C011J4M3, STM32C011J4M6, STM32C011J6M3, STM32C011J6M6, STM32C0316-DK, STM32C031C4T3, STM32C031C4T6, STM32C031C4U3, STM32C031C4U6, STM32C031C6T3, STM32C031C6T6, STM32C031C6U3, STM32C031C6U6, STM32C031F4P3, STM32C031F4P6, STM32C031F6P3, STM32C031F6P6, STM32C031G4U3, STM32C031G4U6, STM32C031G6U3, STM32C031G6U6, STM32C031K4T3, STM32C031K4T6, STM32C031K4U3, STM32C031K4U6, STM32C031K6T3, STM32C031K6T6, STM32C031K6U3, STM32C031K6U6, STM32G071K8TXN, STM32G071K8UXN, STM32G081GBU6N, STM32G081KBT6N, STM32G081KBUXN, STM32G0B1CCT6N, STM32G0B1KCT6, STM32G0B1NEY6TR, STM32G0B1RCT6N, STM32G0C1CCT6, STM32G0C1CCT6N, STM32G0C1CCU6N, STM32G0C1CET6N, STM32G0C1CEU6N, STM32G0C1KCT6, STM32G0C1NEY6TR, STM32G0C1RCI6N, STM32G0C1RCT6N, STM32G0C1REI6N, STM32G0C1RET6N, STM32G0C1VCI6, STM32G0C1VEI6, STM32G471CCT6, STM32G471CCU6, STM32G471CET3, STM32G471CET6, STM32G471CEU3, STM32G471CEU6, STM32G471MCT6, STM32G471MET3, STM32G471MET6, STM32G471MEY6TR, STM32G471QCT6, STM32G471QET3, STM32G471RCT6, STM32G471RET3, STM32G471RET6, STM32G471VCH6, STM32G471VCI6, STM32G471VCT6, STM32G471VEH3, STM32G471VEH6, STM32G471VEI3, STM32G471VEI6, STM32G471VET3, STM32G471VET6, STM32G474CCT6, STM32L476VGY6PTR, STM32L4R5QGI6STR, STM32MP131AAE3, STM32MP131AAF3, STM32MP131AAG3, STM32MP131CAE3, STM32MP131CAF3, STM32MP131CAG3, STM32MP131DAE7, STM32MP131DAF7, STM32MP131DAG7, STM32MP131FAE7, STM32MP131FAF7, STM32MP131FAG7, STM32MP133AAE3, STM32MP133AAF3, STM32MP133AAG3, STM32MP133CAE3, STM32MP133CAF3, STM32MP133CAG3, STM32MP133DAE7, STM32MP133DAF7, STM32MP133DAG7, STM32MP133FAE7, STM32MP133FAF7, STM32MP133FAG7, STM32MP135AAE3, STM32MP135AAF3, STM32MP135AAG3, STM32MP135CAE3, STM32MP135CAF3, STM32MP135CAG3, STM32MP135DAE7, STM32MP135DAF7, STM32MP135DAG7, STM32MP135F-DK, STM32MP135FAE7, STM32MP135FAF7, STM32MP135FAG7, STM32U595ZJT6Q, STM32U599BJY6QTR, STM32U599NIH6Q, STM32U599NJH6Q, STM32U5A5ZJT6Q, STM32U5A9BJY6QTR, STM32U5A9NJH6Q, STM32WB1MMCH6]
2022-10-29 04:54:39,718 [INFO] DbMcus:215 - Found 3542 MCUs, 3542 are supported
2022-10-29 04:54:39,721 [INFO] ApiDb:418 - Load user favorites file C:\Users\Zver/.stm32cubeide/favorites.mcus.txt: 1 item(s)
2022-10-29 04:54:39,722 [INFO] ApiDb:422 - User favorites MCUs=[STM32F103C8T6]
2022-10-29 04:54:39,722 [INFO] DbMcus:221 - Set 1 / 1 favorites MCUs
2022-10-29 04:54:40,864 [INFO] LoadUrlFilesThread:177 - End of LoadServerUrlFiles without Thread
2022-10-29 04:54:40,889 [INFO] DetailPanel:339 - Set advertising image to C:/Users/Zver/STM32Cube/Repository/\en.Prom_NBSTM32U50921.jpg
2022-10-29 04:54:41,587 [INFO] MultiScanPanel:778 - Auto Refresh Data is not needed
2022-10-29 04:54:41,595 [INFO] ApiDb:663 - CubeFinder database Data Model version=2.1
2022-10-29 04:54:41,595 [INFO] ApiDb:664 - CubeFinder database Configuration version=3.0.32
2022-10-29 04:54:41,596 [INFO] ApiDb:665 - CubeFinder database generation date=2022-08-05 (1659688109)
2022-10-29 04:54:41,596 [INFO] ApiDb:666 - CubeFinder database FW Pack versions=[STM32Cube_FW_C0_V1.0.0, STM32Cube_FW_F4_V1.27.1, STM32Cube_FW_F7_V1.17.0, STM32Cube_FW_G0_V1.6.1, STM32Cube_FW_G4_V1.5.0, STM32Cube_FW_H7_V1.10.0, STM32Cube_FW_L5_V1.4.0, STM32Cube_FW_U5_V1.1.1, STM32Cube_FW_WB_V1.14.1, STM32Cube_FW_WL_V1.2.0, X-CUBE-ALGOBUILD_V1.3.0, X-CUBE-ALS_V1.0.1, X-CUBE-AZRTOS-F4_V1.1.0, X-CUBE-AZRTOS-F7_V1.1.0, X-CUBE-AZRTOS-G0_V1.1.0, X-CUBE-AZRTOS-G4_V1.0.0, X-CUBE-AZRTOS-H7_V2.1.0, X-CUBE-AZRTOS-L4_V1.0.0, X-CUBE-AZRTOS-L5_V1.0.0, X-CUBE-AZRTOS-WL_V1.0.0, X-CUBE-BLE1_V6.2.3, X-CUBE-BLE2_V3.3.0, X-CUBE-EEPRMA1_V3.1.1, X-CUBE-GNSS1_V6.0.0, X-CUBE-MEMS1_V9.1.0, X-CUBE-MEMS1_V9.3.0, X-CUBE-NFC4_V2.0.4, X-CUBE-NFC7_V1.0.0, X-CUBE-SFXS2LP1_V4.0.0, X-CUBE-SUBG2_V5.0.0]
2022-10-29 04:54:41,669 [INFO] DbBoardsSqlite:227 - include board P-NUCLEO-WB55-NUCLEO as a kit item of type 'Nucleo-64'
2022-10-29 04:54:41,669 [INFO] DbBoardsSqlite:227 - include board P-NUCLEO-WB55-USBDONGLE as a kit item of type 'Nucleo USB Dongle'
2022-10-29 04:54:41,670 [INFO] DbBoardsSqlite:227 - include board STEVAL-IDP005V1 as a kit item of type 'Evaluation Board'
2022-10-29 04:54:41,670 [INFO] DbBoardsSqlite:227 - include board STEVAL-IDP005V2 as a kit item of type 'Evaluation Board'
2022-10-29 04:54:41,681 [INFO] ApiDb:239 - Found 138 in-development CPN: [B-WB1M-WPAN1, NUCLEO-C031C6, STEVAL-STWINBX1, STM320518-EVAL, STM32C0116-DK, STM32C011D6Y3TR, STM32C011D6Y6TR, STM32C011F4P3, STM32C011F4P6, STM32C011F4U3, STM32C011F4U6TR, STM32C011F6P3, STM32C011F6P6, STM32C011F6U3, STM32C011F6U6TR, STM32C011J4M3, STM32C011J4M6, STM32C011J6M3, STM32C011J6M6, STM32C0316-DK, STM32C031C4T3, STM32C031C4T6, STM32C031C4U3, STM32C031C4U6, STM32C031C6T3, STM32C031C6T6, STM32C031C6U3, STM32C031C6U6, STM32C031F4P3, STM32C031F4P6, STM32C031F6P3, STM32C031F6P6, STM32C031G4U3, STM32C031G4U6, STM32C031G6U3, STM32C031G6U6, STM32C031K4T3, STM32C031K4T6, STM32C031K4U3, STM32C031K4U6, STM32C031K6T3, STM32C031K6T6, STM32C031K6U3, STM32C031K6U6, STM32G071K8TXN, STM32G071K8UXN, STM32G081GBU6N, STM32G081KBT6N, STM32G081KBUXN, STM32G0B1CCT6N, STM32G0B1KCT6, STM32G0B1NEY6TR, STM32G0B1RCT6N, STM32G0C1CCT6, STM32G0C1CCT6N, STM32G0C1CCU6N, STM32G0C1CET6N, STM32G0C1CEU6N, STM32G0C1KCT6, STM32G0C1NEY6TR, STM32G0C1RCI6N, STM32G0C1RCT6N, STM32G0C1REI6N, STM32G0C1RET6N, STM32G0C1VCI6, STM32G0C1VEI6, STM32G471CCT6, STM32G471CCU6, STM32G471CET3, STM32G471CET6, STM32G471CEU3, STM32G471CEU6, STM32G471MCT6, STM32G471MET3, STM32G471MET6, STM32G471MEY6TR, STM32G471QCT6, STM32G471QET3, STM32G471RCT6, STM32G471RET3, STM32G471RET6, STM32G471VCH6, STM32G471VCI6, STM32G471VCT6, STM32G471VEH3, STM32G471VEH6, STM32G471VEI3, STM32G471VEI6, STM32G471VET3, STM32G471VET6, STM32G474CCT6, STM32L476VGY6PTR, STM32L4R5QGI6STR, STM32MP131AAE3, STM32MP131AAF3, STM32MP131AAG3, STM32MP131CAE3, STM32MP131CAF3, STM32MP131CAG3, STM32MP131DAE7, STM32MP131DAF7, STM32MP131DAG7, STM32MP131FAE7, STM32MP131FAF7, STM32MP131FAG7, STM32MP133AAE3, STM32MP133AAF3, STM32MP133AAG3, STM32MP133CAE3, STM32MP133CAF3, STM32MP133CAG3, STM32MP133DAE7, STM32MP133DAF7, STM32MP133DAG7, STM32MP133FAE7, STM32MP133FAF7, STM32MP133FAG7, STM32MP135AAE3, STM32MP135AAF3, STM32MP135AAG3, STM32MP135CAE3, STM32MP135CAF3, STM32MP135CAG3, STM32MP135DAE7, STM32MP135DAF7, STM32MP135DAG7, STM32MP135F-DK, STM32MP135FAE7, STM32MP135FAF7, STM32MP135FAG7, STM32U595ZJT6Q, STM32U599BJY6QTR, STM32U599NIH6Q, STM32U599NJH6Q, STM32U5A5ZJT6Q, STM32U5A9BJY6QTR, STM32U5A9NJH6Q, STM32WB1MMCH6]
2022-10-29 04:54:41,796 [INFO] BoardInfo:879 - No configuration file found for board P-NUCLEO-WB55
2022-10-29 04:54:41,796 [INFO] DbBoards:156 - Kit is not supported: P-NUCLEO-WB55
2022-10-29 04:54:41,803 [INFO] BoardInfo:879 - No configuration file found for board STEVAL-BFA001V1B
2022-10-29 04:54:41,803 [INFO] DbBoards:156 - Kit is not supported: STEVAL-BFA001V1B
2022-10-29 04:54:41,804 [INFO] BoardInfo:879 - No configuration file found for board STEVAL-BFA001V2B
2022-10-29 04:54:41,804 [INFO] DbBoards:156 - Kit is not supported: STEVAL-BFA001V2B
2022-10-29 04:54:41,948 [INFO] DbBoards:160 - Found 176 boards, 173 are supported
2022-10-29 04:54:41,955 [INFO] ApiDb:418 - Load user favorites file C:\Users\Zver/.stm32cubeide/favorites.boards.txt: 0 item(s)
2022-10-29 04:54:41,955 [INFO] ApiDb:422 - User favorites Boards=[]
2022-10-29 04:54:41,955 [INFO] DbBoards:189 - Set 0 / 0 favorites Boards
2022-10-29 04:54:51,262 [ERROR] LogOutputStream:74 - [STDERR_REDIRECT] SLF4J: Failed to load class "org.slf4j.impl.StaticLoggerBinder".
2022-10-29 04:54:51,263 [ERROR] LogOutputStream:74 - [STDERR_REDIRECT] SLF4J: Defaulting to no-operation (NOP) logger implementation
2022-10-29 04:54:51,264 [ERROR] LogOutputStream:74 - [STDERR_REDIRECT] SLF4J: See http://www.slf4j.org/codes.html#StaticLoggerBinder for further details.
2022-10-29 04:54:55,661 [INFO] MainUpdater:2768 - connection check result : 10
2022-10-29 04:54:55,662 [INFO] MainUpdater:2768 - connection check result : 10
2022-10-29 04:54:55,678 [INFO] MicroXplorer:451 - Change Database Path : 
2022-10-29 04:54:55,678 [INFO] MicroXplorer:481 - Change Database Version : DB.6.0.60
2022-10-29 04:54:55,679 [WARN] ThirdParty:827 - waiting for thirdparty lock release [close project]
2022-10-29 04:54:55,679 [INFO] ThirdParty:829 - entering critical section [close project]
2022-10-29 04:54:55,680 [INFO] ThirdParty:839 - exiting critical section [close project]
2022-10-29 04:54:55,685 [INFO] PinOutPanel:1468 - setPackage(No Configuration,No Configuration)
2022-10-29 04:54:55,692 [INFO] UtilMem:74 - Begin LoadConfig() Used Memory: 231270056 Bytes (492830720)
2022-10-29 04:54:55,693 [INFO] MicroXplorer:451 - Change Database Path : 
2022-10-29 04:54:55,693 [INFO] MicroXplorer:481 - Change Database Version : DB.6.0.60
2022-10-29 04:54:55,693 [INFO] OpenFileManager:307 - Change cursor
2022-10-29 04:54:55,809 [INFO] Mcu:1922 - Initializing MCU STM32F103C8Tx STM32F103C8Tx 
2022-10-29 04:54:55,810 [INFO] Mcu:1935 - No CPN specified => set CPN to STM32F103C8T6
2022-10-29 04:54:56,517 [INFO] Context:654 - Trying to add GPIOservice into a context  which must be forbidden
2022-10-29 04:54:56,687 [INFO] ImportTextPane:193 - (OptionalMessage_ERROR) Unable to find key (Mcu.ThirdPartyNb) in loaded IOC file
2022-10-29 04:54:56,688 [INFO] ImportTextPane:193 - (OptionalMessage_ERROR) Unable to find key (Mcu.PinsNb) in loaded IOC file
2022-10-29 04:54:56,688 [INFO] ImportTextPane:193 - (OptionalMessage_ERROR) Unable to find key (Mcu.IPNb) in loaded IOC file
2022-10-29 04:54:56,743 [WARN] ApiManager:308 - Cannot register API 'Board Extension:GNSS1A1' from pack STMicroelectronics.X-CUBE-GNSS1.6.0.0: no header file found
2022-10-29 04:54:56,743 [WARN] ApiManager:308 - Cannot register API 'Board Support:Custom' from pack STMicroelectronics.X-CUBE-GNSS1.6.0.0: no header file found
2022-10-29 04:54:56,743 [WARN] ApiManager:308 - Cannot register API 'Data Exchange:lib_gnss' from pack STMicroelectronics.X-CUBE-GNSS1.6.0.0: no header file found
2022-10-29 04:54:56,758 [WARN] ApiManager:308 - Cannot register API 'Wireless:BlueNRG-MS' from pack STMicroelectronics.X-CUBE-BLE1.6.2.3: no header file found
2022-10-29 04:54:56,759 [INFO] RtosManager:488 - Registered RTOS mode: class=CMSIS, group=RTOS, mode=CMSIS_V1, owner=FREERTOS
2022-10-29 04:54:56,760 [INFO] RtosManager:488 - Registered RTOS mode: class=CMSIS, group=RTOS2, mode=CMSIS_V2, owner=FREERTOS
2022-10-29 04:54:56,775 [INFO] RtosManager:488 - Registered RTOS mode: class=RTOS, group=Core, mode=CMSIS_V1, owner=FREERTOS
2022-10-29 04:54:56,776 [INFO] RtosManager:488 - Registered RTOS mode: class=RTOS, group=Core, mode=CMSIS_V2, owner=FREERTOS
2022-10-29 04:54:56,776 [WARN] ModelIntegratedComponent:185 - Missing modes for component STMicroelectronics:FreeRTOS:0.0.1:STMicroelectronics:RTOS:FreeRTOS:Core:::10.2.0:
2022-10-29 04:54:56,784 [WARN] ApiManager:308 - Cannot register API 'Board Extension:S2868A1' from pack STMicroelectronics.X-CUBE-SUBG2.5.0.0: no header file found
2022-10-29 04:54:56,784 [WARN] ApiManager:308 - Cannot register API 'Board Extension:S2868A2' from pack STMicroelectronics.X-CUBE-SUBG2.5.0.0: no header file found
2022-10-29 04:54:56,784 [WARN] ApiManager:308 - Cannot register API 'Board Extension:S2915A1' from pack STMicroelectronics.X-CUBE-SUBG2.5.0.0: no header file found
2022-10-29 04:54:56,791 [WARN] ApiManager:308 - Cannot register API 'Wireless:BlueNRG-MS' from pack STMicroelectronics.X-CUBE-BLE1.6.2.2: no header file found
2022-10-29 04:54:56,792 [WARN] ApiManager:308 - Cannot register API 'Board Extension:NFC04A1' from pack STMicroelectronics.X-CUBE-NFC4.2.0.4: no header file found
2022-10-29 04:54:56,793 [WARN] ApiManager:308 - Cannot register API 'Wireless:BlueNRG-2' from pack STMicroelectronics.X-CUBE-BLE2.3.2.2: no header file found
2022-10-29 04:54:56,794 [WARN] ApiManager:308 - Cannot register API 'Board Extension:NFC04A1' from pack STMicroelectronics.X-CUBE-NFC4.2.0.3: no header file found
2022-10-29 04:54:56,799 [WARN] ApiManager:308 - Cannot register API 'Board Extension:S2868A1' from pack STMicroelectronics.X-CUBE-SFXS2LP1.3.1.0: no header file found
2022-10-29 04:54:56,800 [WARN] ApiManager:308 - Cannot register API 'Board Extension:S2868A2' from pack STMicroelectronics.X-CUBE-SFXS2LP1.3.1.0: no header file found
2022-10-29 04:54:56,800 [WARN] ApiManager:308 - Cannot register API 'Board Extension:S2915A1' from pack STMicroelectronics.X-CUBE-SFXS2LP1.3.1.0: no header file found
2022-10-29 04:54:56,810 [WARN] ModelIntegratedComponent:64 - No mode defined for component null
2022-10-29 04:54:56,810 [WARN] ModelIntegratedComponent:64 - No mode defined for component null
2022-10-29 04:54:56,811 [WARN] ModelIntegratedComponent:64 - No mode defined for component null
2022-10-29 04:54:56,811 [WARN] ModelIntegratedComponent:64 - No mode defined for component null
2022-10-29 04:54:56,811 [WARN] ModelIntegratedComponent:64 - No mode defined for component null
2022-10-29 04:54:56,811 [WARN] ModelIntegratedComponent:64 - No mode defined for component null
2022-10-29 04:54:56,811 [WARN] ModelIntegratedComponent:64 - No mode defined for component null
2022-10-29 04:54:56,811 [WARN] ModelIntegratedComponent:64 - No mode defined for component null
2022-10-29 04:54:56,811 [WARN] ModelIntegratedComponent:64 - No mode defined for component null
2022-10-29 04:54:56,811 [WARN] ModelIntegratedComponent:64 - No mode defined for component null
2022-10-29 04:54:56,811 [WARN] ModelIntegratedComponent:64 - No mode defined for component null
2022-10-29 04:54:56,811 [WARN] ModelIntegratedComponent:64 - No mode defined for component null
2022-10-29 04:54:56,811 [WARN] ModelIntegratedComponent:64 - No mode defined for component null
2022-10-29 04:54:56,812 [WARN] ModelIntegratedComponent:64 - No mode defined for component null
2022-10-29 04:54:56,812 [WARN] ModelIntegratedComponent:64 - No mode defined for component null
2022-10-29 04:54:56,812 [WARN] ModelIntegratedComponent:64 - No mode defined for component null
2022-10-29 04:54:56,812 [WARN] ModelIntegratedComponent:64 - No mode defined for component null
2022-10-29 04:54:56,812 [WARN] ModelIntegratedComponent:64 - No mode defined for component null
2022-10-29 04:54:56,812 [WARN] ModelIntegratedComponent:64 - No mode defined for component null
2022-10-29 04:54:56,812 [WARN] ModelIntegratedComponent:64 - No mode defined for component null
2022-10-29 04:54:56,812 [WARN] ModelIntegratedComponent:64 - No mode defined for component null
2022-10-29 04:54:56,812 [WARN] ModelIntegratedComponent:64 - No mode defined for component null
2022-10-29 04:54:56,812 [WARN] ModelIntegratedComponent:64 - No mode defined for component null
2022-10-29 04:54:56,812 [WARN] ModelIntegratedComponent:64 - No mode defined for component null
2022-10-29 04:54:56,812 [WARN] ModelIntegratedComponent:64 - No mode defined for component null
2022-10-29 04:54:56,812 [WARN] ModelIntegratedComponent:64 - No mode defined for component null
2022-10-29 04:54:56,813 [WARN] ModelIntegratedComponent:64 - No mode defined for component null
2022-10-29 04:54:56,813 [WARN] ModelIntegratedComponent:64 - No mode defined for component null
2022-10-29 04:54:56,813 [WARN] ModelIntegratedComponent:64 - No mode defined for component null
2022-10-29 04:54:56,813 [WARN] ModelIntegratedComponent:64 - No mode defined for component null
2022-10-29 04:54:56,813 [WARN] ModelIntegratedComponent:64 - No mode defined for component null
2022-10-29 04:54:56,813 [WARN] ModelIntegratedComponent:64 - No mode defined for component null
2022-10-29 04:54:56,813 [WARN] ModelIntegratedComponent:64 - No mode defined for component null
2022-10-29 04:54:56,816 [WARN] ApiManager:308 - Cannot register API 'Board Extension:NFC07A1' from pack STMicroelectronics.X-CUBE-NFC7.1.0.0: no header file found
2022-10-29 04:54:56,822 [WARN] ApiManager:308 - Cannot register API 'Board Extension:S2868A1' from pack STMicroelectronics.X-CUBE-SUBG2.4.2.0: no header file found
2022-10-29 04:54:56,822 [WARN] ApiManager:308 - Cannot register API 'Board Extension:S2868A2' from pack STMicroelectronics.X-CUBE-SUBG2.4.2.0: no header file found
2022-10-29 04:54:56,822 [WARN] ApiManager:308 - Cannot register API 'Board Extension:S2915A1' from pack STMicroelectronics.X-CUBE-SUBG2.4.2.0: no header file found
2022-10-29 04:54:56,948 [WARN] ApiManager:308 - Cannot register API 'Board Extension:IKS01A3' from pack STMicroelectronics.X-CUBE-MEMS1.9.1.0: no header file found
2022-10-29 04:54:56,948 [WARN] ApiManager:308 - Cannot register API 'Board Extension:IKS01A2' from pack STMicroelectronics.X-CUBE-MEMS1.9.1.0: no header file found
2022-10-29 04:54:56,948 [WARN] ApiManager:308 - Cannot register API 'Board Extension:IKS02A1' from pack STMicroelectronics.X-CUBE-MEMS1.9.1.0: no header file found
2022-10-29 04:54:57,011 [WARN] ApiManager:308 - Cannot register API 'Board Extension:IKS01A3' from pack STMicroelectronics.X-CUBE-MEMS1.9.3.0: no header file found
2022-10-29 04:54:57,011 [WARN] ApiManager:308 - Cannot register API 'Board Extension:IKS01A2' from pack STMicroelectronics.X-CUBE-MEMS1.9.3.0: no header file found
2022-10-29 04:54:57,011 [WARN] ApiManager:308 - Cannot register API 'Board Extension:IKS02A1' from pack STMicroelectronics.X-CUBE-MEMS1.9.3.0: no header file found
2022-10-29 04:54:57,016 [WARN] ApiManager:308 - Cannot register API 'Board Extension:EEPRMA1' from pack STMicroelectronics.X-CUBE-EEPRMA1.3.1.1: no header file found
2022-10-29 04:54:57,016 [WARN] ApiManager:308 - Cannot register API 'Board Extension:EEPRMA2' from pack STMicroelectronics.X-CUBE-EEPRMA1.3.1.1: no header file found
2022-10-29 04:54:57,016 [WARN] ApiManager:308 - Cannot register API 'Board Extension:GNSS1A1' from pack STMicroelectronics.X-CUBE-GNSS1.5.2.0: no header file found
2022-10-29 04:54:57,016 [WARN] ApiManager:308 - Cannot register API 'Board Support:Custom' from pack STMicroelectronics.X-CUBE-GNSS1.5.2.0: no header file found
2022-10-29 04:54:57,016 [WARN] ApiManager:308 - Cannot register API 'Data Exchange:lib_gnss' from pack STMicroelectronics.X-CUBE-GNSS1.5.2.0: no header file found
2022-10-29 04:54:57,017 [WARN] ApiManager:308 - Cannot register API 'Board Extension:S2868A1' from pack STMicroelectronics.X-CUBE-SFXS2LP1.4.0.0: no header file found
2022-10-29 04:54:57,017 [WARN] ApiManager:308 - Cannot register API 'Board Extension:S2868A2' from pack STMicroelectronics.X-CUBE-SFXS2LP1.4.0.0: no header file found
2022-10-29 04:54:57,017 [WARN] ApiManager:308 - Cannot register API 'Board Extension:S2915A1' from pack STMicroelectronics.X-CUBE-SFXS2LP1.4.0.0: no header file found
2022-10-29 04:54:57,017 [WARN] ApiManager:308 - Cannot register API 'Wireless:BlueNRG-2' from pack STMicroelectronics.X-CUBE-BLE2.3.3.0: no header file found
2022-10-29 04:54:57,028 [INFO] ThirdPartyModel:289 - Start build external matchings
2022-10-29 04:54:57,566 [INFO] ThirdPartyModel:302 - End build external matchings
2022-10-29 04:54:57,743 [INFO] UtilMem:74 - End LoadConfig() Used Memory: 182759288 Bytes (492830720)
2022-10-29 04:54:57,763 [WARN] ThirdParty:789 - waiting for thirdparty lock release [change project]
2022-10-29 04:54:57,763 [INFO] ThirdParty:791 - entering critical section [change project]
2022-10-29 04:54:57,784 [INFO] ThirdParty:981 - CMSIS Pack Vendor :wolfSSL I-CUBE-wolfSSL 5.2.0
2022-10-29 04:54:57,784 [INFO] ThirdParty:981 - CMSIS Pack Vendor :RoweBots I-CUBE-UNISONRTOS 5.5.0-4
2022-10-29 04:54:57,784 [INFO] ThirdParty:981 - CMSIS Pack Vendor :STMicroelectronics X-CUBE-GNSS1 6.0.0
2022-10-29 04:54:57,784 [INFO] ThirdParty:981 - CMSIS Pack Vendor :STMicroelectronics X-CUBE-AZRTOS-H7 2.1.0
2022-10-29 04:54:57,784 [INFO] ThirdParty:981 - CMSIS Pack Vendor :STMicroelectronics USB_HOST 2.0.0
2022-10-29 04:54:57,784 [INFO] ThirdParty:981 - CMSIS Pack Vendor :STMicroelectronics X-CUBE-AZRTOS-F4 1.1.0
2022-10-29 04:54:57,784 [INFO] ThirdParty:981 - CMSIS Pack Vendor :STMicroelectronics LIBJPEG 8.0.0
2022-10-29 04:54:57,784 [INFO] ThirdParty:981 - CMSIS Pack Vendor :STMicroelectronics USB_DEVICE 3.0.0
2022-10-29 04:54:57,784 [INFO] ThirdParty:981 - CMSIS Pack Vendor :STMicroelectronics X-CUBE-BLEMGR 1.0.0
2022-10-29 04:54:57,784 [INFO] ThirdParty:981 - CMSIS Pack Vendor :STMicroelectronics X-CUBE-BLEMGR 1.2.0
2022-10-29 04:54:57,785 [INFO] ThirdParty:981 - CMSIS Pack Vendor :STMicroelectronics X-CUBE-AZRTOS-F7 1.1.0
2022-10-29 04:54:57,785 [INFO] ThirdParty:981 - CMSIS Pack Vendor :STMicroelectronics USB_DEVICE 2.0.0
2022-10-29 04:54:57,785 [INFO] ThirdParty:981 - CMSIS Pack Vendor :STMicroelectronics X-CUBE-AI 7.1.0
2022-10-29 04:54:57,785 [INFO] ThirdParty:981 - CMSIS Pack Vendor :STMicroelectronics X-CUBE-BLE1 6.2.3
2022-10-29 04:54:57,785 [INFO] ThirdParty:981 - CMSIS Pack Vendor :STMicroelectronics X-CUBE-ALGOBUILD 1.3.0
2022-10-29 04:54:57,785 [INFO] ThirdParty:981 - CMSIS Pack Vendor :STMicroelectronics FreeRTOS 0.0.1
2022-10-29 04:54:57,785 [INFO] ThirdParty:981 - CMSIS Pack Vendor :STMicroelectronics X-CUBE-AZRTOS-G0 1.1.0
2022-10-29 04:54:57,785 [INFO] ThirdParty:981 - CMSIS Pack Vendor :STMicroelectronics X-CUBE-SUBG2 5.0.0
2022-10-29 04:54:57,785 [INFO] ThirdParty:981 - CMSIS Pack Vendor :SEGGER I-CUBE-embOS 1.2.0
2022-10-29 04:54:57,785 [INFO] ThirdParty:981 - CMSIS Pack Vendor :STMicroelectronics STM32_WPAN 1.0.0
2022-10-29 04:54:57,785 [INFO] ThirdParty:981 - CMSIS Pack Vendor :STMicroelectronics lwIP 2.0.3
2022-10-29 04:54:57,786 [INFO] ThirdParty:981 - CMSIS Pack Vendor :STMicroelectronics X-CUBE-BLE1 6.2.2
2022-10-29 04:54:57,786 [INFO] ThirdParty:981 - CMSIS Pack Vendor :STMicroelectronics X-CUBE-NFC4 2.0.4
2022-10-29 04:54:57,786 [INFO] ThirdParty:981 - CMSIS Pack Vendor :STMicroelectronics X-CUBE-BLE2 3.2.2
2022-10-29 04:54:57,786 [INFO] ThirdParty:981 - CMSIS Pack Vendor :STMicroelectronics USB_HOST 1.0.0
2022-10-29 04:54:57,786 [INFO] ThirdParty:981 - CMSIS Pack Vendor :STMicroelectronics X-CUBE-NFC4 2.0.3
2022-10-29 04:54:57,786 [INFO] ThirdParty:981 - CMSIS Pack Vendor :STMicroelectronics PDM2PCM 3.1.0
2022-10-29 04:54:57,786 [INFO] ThirdParty:981 - CMSIS Pack Vendor :STMicroelectronics FP-ATR-ASTRA1 1.1.1
2022-10-29 04:54:57,787 [INFO] ThirdParty:981 - CMSIS Pack Vendor :STMicroelectronics PDM2PCM 3.3.0
2022-10-29 04:54:57,787 [INFO] ThirdParty:981 - CMSIS Pack Vendor :STMicroelectronics X-CUBE-TOF1 3.1.0
2022-10-29 04:54:57,787 [INFO] ThirdParty:981 - CMSIS Pack Vendor :STMicroelectronics X-CUBE-SFXS2LP1 3.1.0
2022-10-29 04:54:57,787 [INFO] ThirdParty:981 - CMSIS Pack Vendor :STMicroelectronics X-CUBE-AZRTOS-F4 1.0.0
2022-10-29 04:54:57,787 [INFO] ThirdParty:981 - CMSIS Pack Vendor :STMicroelectronics X-CUBE-AZRTOS-H7 2.0.0
2022-10-29 04:54:57,787 [INFO] ThirdParty:981 - CMSIS Pack Vendor :STMicroelectronics X-CUBE-AZRTOS-G4 1.0.0
2022-10-29 04:54:57,787 [INFO] ThirdParty:981 - CMSIS Pack Vendor :STMicroelectronics FP-ATR-SIGFOX1 3.2.0
2022-10-29 04:54:57,787 [INFO] ThirdParty:981 - CMSIS Pack Vendor :STMicroelectronics X-CUBE-AZRTOS-L4 1.0.0
2022-10-29 04:54:57,788 [INFO] ThirdParty:981 - CMSIS Pack Vendor :STMicroelectronics HAL Drivers 0.0.0
2022-10-29 04:54:57,788 [INFO] ThirdParty:981 - CMSIS Pack Vendor :STMicroelectronics MBEDTLS 2.16.2
2022-10-29 04:54:57,788 [INFO] ThirdParty:981 - CMSIS Pack Vendor :emotas I-CUBE-CANOPEN 1.1.2
2022-10-29 04:54:57,788 [INFO] ThirdParty:981 - CMSIS Pack Vendor :STMicroelectronics X-CUBE-TOUCHGFX 4.20.0
2022-10-29 04:54:57,788 [INFO] ThirdParty:981 - CMSIS Pack Vendor :STMicroelectronics MBEDTLS 2.14.1
2022-10-29 04:54:57,788 [INFO] ThirdParty:981 - CMSIS Pack Vendor :STMicroelectronics X-CUBE-NFC7 1.0.0
2022-10-29 04:54:57,788 [INFO] ThirdParty:981 - CMSIS Pack Vendor :STMicroelectronics X-CUBE-AZRTOS-F7 1.0.0
2022-10-29 04:54:57,788 [INFO] ThirdParty:981 - CMSIS Pack Vendor :STMicroelectronics X-CUBE-AZRTOS-WL 1.0.0
2022-10-29 04:54:57,788 [INFO] ThirdParty:981 - CMSIS Pack Vendor :STMicroelectronics X-CUBE-SUBG2 4.2.0
2022-10-29 04:54:57,788 [INFO] ThirdParty:981 - CMSIS Pack Vendor :STMicroelectronics X-CUBE-MEMS1 9.1.0
2022-10-29 04:54:57,788 [INFO] ThirdParty:981 - CMSIS Pack Vendor :STMicroelectronics X-CUBE-MEMS1 9.3.0
2022-10-29 04:54:57,788 [INFO] ThirdParty:981 - CMSIS Pack Vendor :portGmbH I-Cube-SoM-uGOAL 1.1.0
2022-10-29 04:54:57,788 [INFO] ThirdParty:981 - CMSIS Pack Vendor :STMicroelectronics X-CUBE-ALS 1.0.1
2022-10-29 04:54:57,788 [INFO] ThirdParty:981 - CMSIS Pack Vendor :STMicroelectronics X-CUBE-AI 7.2.0
2022-10-29 04:54:57,788 [INFO] ThirdParty:981 - CMSIS Pack Vendor :STMicroelectronics ThreadX 1.0.0
2022-10-29 04:54:57,789 [INFO] ThirdParty:981 - CMSIS Pack Vendor :STMicroelectronics X-CUBE-AZRTOS-L5 1.0.0
2022-10-29 04:54:57,789 [INFO] ThirdParty:981 - CMSIS Pack Vendor :STMicroelectronics USB_DEVICE 1.0.0
2022-10-29 04:54:57,789 [INFO] ThirdParty:981 - CMSIS Pack Vendor :STMicroelectronics X-CUBE-AZRTOS-G0 1.0.0
2022-10-29 04:54:57,789 [INFO] ThirdParty:981 - CMSIS Pack Vendor :STMicroelectronics X-CUBE-EEPRMA1 3.1.1
2022-10-29 04:54:57,789 [INFO] ThirdParty:981 - CMSIS Pack Vendor :STMicroelectronics X-CUBE-GNSS1 5.2.0
2022-10-29 04:54:57,789 [INFO] ThirdParty:981 - CMSIS Pack Vendor :STMicroelectronics ThreadX 0.0.2
2022-10-29 04:54:57,789 [INFO] ThirdParty:981 - CMSIS Pack Vendor :STMicroelectronics lwIP 2.1.2
2022-10-29 04:54:57,789 [INFO] ThirdParty:981 - CMSIS Pack Vendor :STMicroelectronics X-CUBE-SFXS2LP1 4.0.0
2022-10-29 04:54:57,789 [INFO] ThirdParty:981 - CMSIS Pack Vendor :STMicroelectronics X-CUBE-BLE2 3.3.0
2022-10-29 04:54:57,789 [INFO] ThirdParty:981 - CMSIS Pack Vendor :STMicroelectronics X-CUBE-DISPLAY 2.0.1
2022-10-29 04:54:57,789 [INFO] ThirdParty:981 - CMSIS Pack Vendor :STMicroelectronics X-CUBE-DISPLAY 2.2.0
2022-10-29 04:54:57,789 [INFO] ThirdParty:981 - CMSIS Pack Vendor :STMicroelectronics X-CUBE-TOF1 3.2.0
2022-10-29 04:54:57,789 [INFO] ThirdParty:981 - CMSIS Pack Vendor :STMicroelectronics PDM2PCM 3.2.0
2022-10-29 04:54:57,790 [INFO] ThirdParty:981 - CMSIS Pack Vendor :STMicroelectronics X-CUBE-TOUCHGFX 4.18.1
2022-10-29 04:54:57,790 [INFO] ThirdParty:981 - CMSIS Pack Vendor :STMicroelectronics X-CUBE-TOF1 3.0.0
2022-10-29 04:54:57,790 [INFO] ThirdParty:981 - CMSIS Pack Vendor :STMicroelectronics X-CUBE-ISPU 1.0.0
2022-10-29 04:54:57,790 [INFO] ThirdParty:797 - exiting critical section [change project]
2022-10-29 04:54:58,029 [INFO] PinOutPanel:1468 - setPackage(No Configuration,No Configuration)
2022-10-29 04:54:58,031 [INFO] PinOutPanel:1468 - setPackage(STM32F103C8Tx,LQFP48)
2022-10-29 04:54:58,529 [INFO] UtilMem:74 - Before build in PCC Used Memory: 217026000 Bytes (492830720)
2022-10-29 04:54:59,179 [INFO] UtilMem:74 - After build in PCC Used Memory: 398951888 Bytes (492830720)
2022-10-29 04:54:59,215 [INFO] IPUIPlugin:79 - create IPUIPlugin
2022-10-29 04:54:59,215 [INFO] IPUIPlugin:79 - create IPUIPlugin
2022-10-29 04:54:59,215 [INFO] IPUIPlugin:79 - create IPUIPlugin
2022-10-29 04:54:59,216 [INFO] IPUIPlugin:79 - create IPUIPlugin
2022-10-29 04:54:59,216 [INFO] IPUIPlugin:79 - create IPUIPlugin
2022-10-29 04:54:59,216 [INFO] IPUIPlugin:79 - create IPUIPlugin
2022-10-29 04:54:59,216 [INFO] IPUIPlugin:79 - create IPUIPlugin
2022-10-29 04:54:59,216 [INFO] IPUIPlugin:79 - create IPUIPlugin
2022-10-29 04:54:59,216 [INFO] IPUIPlugin:79 - create IPUIPlugin
2022-10-29 04:54:59,216 [INFO] IPUIPlugin:79 - create IPUIPlugin
2022-10-29 04:54:59,216 [INFO] IPUIPlugin:79 - create IPUIPlugin
2022-10-29 04:54:59,217 [INFO] IPUIPlugin:79 - create IPUIPlugin
2022-10-29 04:54:59,217 [INFO] IPUIPlugin:79 - create IPUIPlugin
2022-10-29 04:54:59,217 [INFO] IPUIPlugin:79 - create IPUIPlugin
2022-10-29 04:54:59,217 [INFO] IPUIPlugin:79 - create IPUIPlugin
2022-10-29 04:54:59,217 [INFO] IPUIPlugin:79 - create IPUIPlugin
2022-10-29 04:54:59,218 [INFO] IPUIPlugin:79 - create IPUIPlugin
2022-10-29 04:54:59,218 [INFO] IPUIPlugin:79 - create IPUIPlugin
2022-10-29 04:54:59,218 [INFO] IPUIPlugin:79 - create IPUIPlugin
2022-10-29 04:54:59,218 [INFO] IPUIPlugin:79 - create IPUIPlugin
2022-10-29 04:54:59,219 [INFO] IPUIPlugin:79 - create IPUIPlugin
2022-10-29 04:54:59,219 [INFO] IPUIPlugin:79 - create IPUIPlugin
2022-10-29 04:54:59,219 [INFO] IPUIPlugin:79 - create IPUIPlugin
2022-10-29 04:54:59,219 [INFO] IPUIPlugin:79 - create IPUIPlugin
2022-10-29 04:54:59,220 [INFO] IPUIPlugin:79 - create IPUIPlugin
2022-10-29 04:54:59,220 [INFO] IPUIPlugin:79 - create IPUIPlugin
2022-10-29 04:54:59,220 [INFO] IPUIPlugin:79 - create IPUIPlugin
2022-10-29 04:54:59,464 [INFO] OpenFileManager:327 - Restore cursor
2022-10-29 04:55:01,386 [INFO] UtilMem:74 - End SaveConfig() Used Memory: 200014632 Bytes (492830720)
2022-10-29 04:55:01,506 [INFO] UtilMem:74 - End SaveConfig() Used Memory: 219238904 Bytes (492830720)
2022-10-29 04:55:01,860 [INFO] BlockDiagram:2753 - set Specific Code input for plugin: NVIC
2022-10-29 04:55:01,861 [INFO] BlockDiagram:2753 - set Specific Code input for plugin: RCC
2022-10-29 04:55:01,861 [INFO] CodeGenerator:690 - code generatio: config db path: C:\ST\STM32CubeIDE_1.9.0\STM32CubeIDE\plugins\com.st.stm32cube.common.mx_6.6.1.202207061420\\db\
2022-10-29 04:55:02,116 [INFO] CodeEngine:245 - oldGeneratedFile, D:\github\mc\stm32\IR_Sensor_Remote\IR_Sensor_Remote\MXTmpFiles\license.tmp_save
2022-10-29 04:55:02,432 [INFO] CodeEngine:269 - Generated code: D:\github\mc\stm32\IR_Sensor_Remote\IR_Sensor_Remote\MXTmpFiles\license.tmp
2022-10-29 04:55:02,445 [INFO] CodeEngine:245 - oldGeneratedFile, D:\github\mc\stm32\IR_Sensor_Remote\IR_Sensor_Remote\Core\Src\stm32f1xx_it.c_save
2022-10-29 04:55:02,634 [INFO] CodeEngine:269 - Generated code: D:\github\mc\stm32\IR_Sensor_Remote\IR_Sensor_Remote\Core\Src\stm32f1xx_it.c
2022-10-29 04:55:02,641 [INFO] CodeEngine:245 - oldGeneratedFile, D:\github\mc\stm32\IR_Sensor_Remote\IR_Sensor_Remote\Core\Inc\stm32f1xx_it.h_save
2022-10-29 04:55:02,751 [INFO] CodeEngine:269 - Generated code: D:\github\mc\stm32\IR_Sensor_Remote\IR_Sensor_Remote\Core\Inc\stm32f1xx_it.h
2022-10-29 04:55:02,827 [INFO] CodeEngine:245 - oldGeneratedFile, D:\github\mc\stm32\IR_Sensor_Remote\IR_Sensor_Remote\Core\Src\stm32f1xx_hal_msp.c_save
2022-10-29 04:55:03,083 [INFO] CodeEngine:269 - Generated code: D:\github\mc\stm32\IR_Sensor_Remote\IR_Sensor_Remote\Core\Src\stm32f1xx_hal_msp.c
2022-10-29 04:55:03,093 [INFO] CodeEngine:245 - oldGeneratedFile, D:\github\mc\stm32\IR_Sensor_Remote\IR_Sensor_Remote\MXTmpFiles\system.tmp_save
2022-10-29 04:55:03,169 [INFO] CodeEngine:269 - Generated code: D:\github\mc\stm32\IR_Sensor_Remote\IR_Sensor_Remote\MXTmpFiles\system.tmp
2022-10-29 04:55:03,180 [INFO] CodeEngine:245 - oldGeneratedFile, D:\github\mc\stm32\IR_Sensor_Remote\IR_Sensor_Remote\Core\Inc\stm32f1xx_hal_conf.h_save
2022-10-29 04:55:03,327 [INFO] CodeEngine:269 - Generated code: D:\github\mc\stm32\IR_Sensor_Remote\IR_Sensor_Remote\Core\Inc\stm32f1xx_hal_conf.h
2022-10-29 04:55:03,398 [INFO] CodeEngine:245 - oldGeneratedFile, D:\github\mc\stm32\IR_Sensor_Remote\IR_Sensor_Remote\Core\Inc\main.h_save
2022-10-29 04:55:03,536 [INFO] CodeEngine:269 - Generated code: D:\github\mc\stm32\IR_Sensor_Remote\IR_Sensor_Remote\Core\Inc\main.h
2022-10-29 04:55:03,547 [INFO] CodeEngine:245 - oldGeneratedFile, D:\github\mc\stm32\IR_Sensor_Remote\IR_Sensor_Remote\Core\Src\main.c_save
2022-10-29 04:55:03,702 [INFO] CodeEngine:269 - Generated code: D:\github\mc\stm32\IR_Sensor_Remote\IR_Sensor_Remote\Core\Src\main.c
2022-10-29 04:55:04,434 [INFO] ProjectBuilder:2919 - Time for Copy HAL[1] : 154mS.
2022-10-29 04:55:04,448 [INFO] ProjectBuilder:4117 - Project Generator version: 3.17.1
2022-10-29 04:55:04,781 [INFO] ConfigFileManager:1394 - The Die is : DIE410
2022-10-29 04:55:04,793 [INFO] ApiDbMcu:505 - Load IP Config File for FATFS
2022-10-29 04:55:04,802 [INFO] ApiDbMcu:505 - Load IP Config File for FREERTOS
2022-10-29 04:55:04,811 [INFO] ApiDbMcu:505 - Load IP Config File for USB_DEVICE
2022-10-29 04:55:09,460 [INFO] ProjectBuilder:4285 - Time for Generating toolchain IDE Files: 5011mS.
2022-10-29 04:55:09,461 [INFO] ProjectBuilder:2790 - Time for Copy CMSIS : 1mS.
2022-10-29 04:55:09,462 [INFO] ProjectBuilder:2790 - Time for Copy CMSIS : 0mS.
2022-10-29 04:55:10,762 [INFO] McuFinderGlobals:57 - Set McuFinderConnectedMode to true
2022-10-29 04:55:10,764 [INFO] ApiDb:443 - Save user favorites file C:\Users\Zver/.stm32cubeide/favorites.mcus.txt: 1 item(s)
2022-10-29 04:55:10,765 [INFO] ApiDb:447 - User favorites MCUs=[STM32F103C8T6]
2022-10-29 05:00:59,270 [INFO] Gpio:272 - dependency for GPIO [RCC, SYS]
2022-10-29 05:03:50,413 [INFO] UtilMem:74 - End SaveConfig() Used Memory: 553249792 Bytes (774897664)
2022-10-29 05:03:52,482 [INFO] UtilMem:74 - End SaveConfig() Used Memory: 587869048 Bytes (774897664)
2022-10-29 05:04:00,774 [INFO] UtilMem:74 - End SaveConfig() Used Memory: 554090072 Bytes (774897664)
2022-10-29 05:04:01,056 [INFO] BlockDiagram:2753 - set Specific Code input for plugin: NVIC
2022-10-29 05:04:01,056 [INFO] BlockDiagram:2753 - set Specific Code input for plugin: TIM1_8F1
2022-10-29 05:04:01,056 [INFO] BlockDiagram:2753 - set Specific Code input for plugin: SYS
2022-10-29 05:04:01,056 [INFO] BlockDiagram:2753 - set Specific Code input for plugin: GPIO
2022-10-29 05:04:01,056 [INFO] BlockDiagram:2753 - set Specific Code input for plugin: RCC
2022-10-29 05:04:01,057 [INFO] CodeGenerator:690 - code generatio: config db path: C:\ST\STM32CubeIDE_1.9.0\STM32CubeIDE\plugins\com.st.stm32cube.common.mx_6.6.1.202207061420\\db\
2022-10-29 05:04:01,190 [INFO] CodeEngine:245 - oldGeneratedFile, D:\github\mc\stm32\IR_Sensor_Remote\IR_Sensor_Remote\MXTmpFiles\license.tmp_save
2022-10-29 05:04:01,288 [INFO] CodeEngine:269 - Generated code: D:\github\mc\stm32\IR_Sensor_Remote\IR_Sensor_Remote\MXTmpFiles\license.tmp
2022-10-29 05:04:01,315 [INFO] CodeEngine:245 - oldGeneratedFile, D:\github\mc\stm32\IR_Sensor_Remote\IR_Sensor_Remote\MXTmpFiles\gpio.tmp_save
2022-10-29 05:04:01,419 [INFO] CodeEngine:269 - Generated code: D:\github\mc\stm32\IR_Sensor_Remote\IR_Sensor_Remote\MXTmpFiles\gpio.tmp
2022-10-29 05:04:01,477 [INFO] CodeEngine:245 - oldGeneratedFile, D:\github\mc\stm32\IR_Sensor_Remote\IR_Sensor_Remote\Core\Src\stm32f1xx_it.c_save
2022-10-29 05:04:01,604 [INFO] CodeEngine:269 - Generated code: D:\github\mc\stm32\IR_Sensor_Remote\IR_Sensor_Remote\Core\Src\stm32f1xx_it.c
2022-10-29 05:04:01,615 [INFO] CodeEngine:245 - oldGeneratedFile, D:\github\mc\stm32\IR_Sensor_Remote\IR_Sensor_Remote\Core\Inc\stm32f1xx_it.h_save
2022-10-29 05:04:01,732 [INFO] CodeEngine:269 - Generated code: D:\github\mc\stm32\IR_Sensor_Remote\IR_Sensor_Remote\Core\Inc\stm32f1xx_it.h
2022-10-29 05:04:01,773 [INFO] CodeEngine:245 - oldGeneratedFile, D:\github\mc\stm32\IR_Sensor_Remote\IR_Sensor_Remote\Core\Src\stm32f1xx_hal_msp.c_save
2022-10-29 05:04:01,886 [INFO] CodeEngine:269 - Generated code: D:\github\mc\stm32\IR_Sensor_Remote\IR_Sensor_Remote\Core\Src\stm32f1xx_hal_msp.c
2022-10-29 05:04:01,889 [INFO] CodeEngine:245 - oldGeneratedFile, D:\github\mc\stm32\IR_Sensor_Remote\IR_Sensor_Remote\MXTmpFiles\system.tmp_save
2022-10-29 05:04:01,944 [INFO] CodeEngine:269 - Generated code: D:\github\mc\stm32\IR_Sensor_Remote\IR_Sensor_Remote\MXTmpFiles\system.tmp
2022-10-29 05:04:01,972 [INFO] CodeEngine:245 - oldGeneratedFile, D:\github\mc\stm32\IR_Sensor_Remote\IR_Sensor_Remote\Core\Inc\stm32f1xx_hal_conf.h_save
2022-10-29 05:04:02,089 [INFO] CodeEngine:269 - Generated code: D:\github\mc\stm32\IR_Sensor_Remote\IR_Sensor_Remote\Core\Inc\stm32f1xx_hal_conf.h
2022-10-29 05:04:02,121 [WARN] IPConfigManager:3348 - IP not found : TIM
2022-10-29 05:04:02,122 [WARN] CodeGenerator:3567 - IP not found : null
2022-10-29 05:04:02,136 [INFO] CodeEngine:245 - oldGeneratedFile, D:\github\mc\stm32\IR_Sensor_Remote\IR_Sensor_Remote\Core\Inc\main.h_save
2022-10-29 05:04:02,218 [INFO] CodeEngine:269 - Generated code: D:\github\mc\stm32\IR_Sensor_Remote\IR_Sensor_Remote\Core\Inc\main.h
2022-10-29 05:04:02,264 [INFO] CodeEngine:245 - oldGeneratedFile, D:\github\mc\stm32\IR_Sensor_Remote\IR_Sensor_Remote\Core\Src\main.c_save
2022-10-29 05:04:02,429 [INFO] CodeEngine:269 - Generated code: D:\github\mc\stm32\IR_Sensor_Remote\IR_Sensor_Remote\Core\Src\main.c
2022-10-29 05:04:03,340 [INFO] ProjectBuilder:2919 - Time for Copy HAL[1] : 443mS.
2022-10-29 05:04:03,343 [INFO] ProjectBuilder:4117 - Project Generator version: 3.17.1
2022-10-29 05:04:03,675 [INFO] ConfigFileManager:1394 - The Die is : DIE410
2022-10-29 05:04:05,495 [INFO] ProjectBuilder:4285 - Time for Generating toolchain IDE Files: 2152mS.
2022-10-29 05:04:05,496 [INFO] ProjectBuilder:2790 - Time for Copy CMSIS : 1mS.
2022-10-29 05:04:05,497 [INFO] ProjectBuilder:2790 - Time for Copy CMSIS : 0mS.
2022-10-29 05:20:51,862 [INFO] Gpio:272 - dependency for GPIO [RCC, SYS]
2022-10-29 05:20:54,994 [WARN] IP:2111 - I2C_Coeff_DF not found: check if there is a RefParameter without a condition.
2022-10-29 05:20:54,994 [WARN] IP:2111 - Analog_Filter not found: check if there is a RefParameter without a condition.
2022-10-29 05:20:55,005 [WARN] IP:2111 - I2C_Coeff_DF not found: check if there is a RefParameter without a condition.
2022-10-29 05:20:55,006 [WARN] IP:2111 - Analog_Filter not found: check if there is a RefParameter without a condition.
2022-10-29 05:20:55,006 [WARN] IP:2111 - I2C_Coeff_DF not found: check if there is a RefParameter without a condition.
2022-10-29 05:20:55,006 [WARN] IP:2111 - Analog_Filter not found: check if there is a RefParameter without a condition.
2022-10-29 05:20:55,013 [WARN] IP:2111 - I2C_Coeff_DF not found: check if there is a RefParameter without a condition.
2022-10-29 05:20:55,013 [WARN] IP:2111 - Analog_Filter not found: check if there is a RefParameter without a condition.
2022-10-29 05:20:55,013 [WARN] IP:2111 - I2C_Coeff_DF not found: check if there is a RefParameter without a condition.
2022-10-29 05:20:55,013 [WARN] IP:2111 - Analog_Filter not found: check if there is a RefParameter without a condition.
2022-10-29 05:20:55,019 [WARN] IP:2111 - I2C_Coeff_DF not found: check if there is a RefParameter without a condition.
2022-10-29 05:20:55,020 [WARN] IP:2111 - Analog_Filter not found: check if there is a RefParameter without a condition.
2022-10-29 05:20:55,020 [WARN] IP:2111 - I2C_Coeff_DF not found: check if there is a RefParameter without a condition.
2022-10-29 05:20:55,020 [WARN] IP:2111 - Analog_Filter not found: check if there is a RefParameter without a condition.
2022-10-29 05:20:55,055 [WARN] IP:2111 - I2C_Coeff_DF not found: check if there is a RefParameter without a condition.
2022-10-29 05:20:55,055 [WARN] IP:2111 - Analog_Filter not found: check if there is a RefParameter without a condition.
2022-10-29 05:20:55,057 [WARN] IP:2111 - I2C_Coeff_DF not found: check if there is a RefParameter without a condition.
2022-10-29 05:20:55,057 [WARN] IP:2111 - Analog_Filter not found: check if there is a RefParameter without a condition.
2022-10-29 05:20:55,061 [WARN] IP:2111 - I2C_Coeff_DF not found: check if there is a RefParameter without a condition.
2022-10-29 05:20:55,061 [WARN] IP:2111 - Analog_Filter not found: check if there is a RefParameter without a condition.
2022-10-29 05:20:58,125 [WARN] IP:2111 - I2C_Coeff_DF not found: check if there is a RefParameter without a condition.
2022-10-29 05:20:58,125 [WARN] IP:2111 - Analog_Filter not found: check if there is a RefParameter without a condition.
2022-10-29 05:20:58,125 [WARN] IP:2111 - I2C_Coeff_DF not found: check if there is a RefParameter without a condition.
2022-10-29 05:20:58,126 [WARN] IP:2111 - Analog_Filter not found: check if there is a RefParameter without a condition.
2022-10-29 05:20:58,152 [WARN] IP:2111 - I2C_Coeff_DF not found: check if there is a RefParameter without a condition.
2022-10-29 05:20:58,152 [WARN] IP:2111 - Analog_Filter not found: check if there is a RefParameter without a condition.
2022-10-29 05:20:58,156 [WARN] IP:2111 - I2C_Coeff_DF not found: check if there is a RefParameter without a condition.
2022-10-29 05:20:58,156 [WARN] IP:2111 - Analog_Filter not found: check if there is a RefParameter without a condition.
2022-10-29 05:20:58,172 [WARN] IP:2111 - I2C_Coeff_DF not found: check if there is a RefParameter without a condition.
2022-10-29 05:20:58,172 [WARN] IP:2111 - Analog_Filter not found: check if there is a RefParameter without a condition.
2022-10-29 05:20:58,176 [WARN] IP:2111 - I2C_Coeff_DF not found: check if there is a RefParameter without a condition.
2022-10-29 05:20:58,176 [WARN] IP:2111 - Analog_Filter not found: check if there is a RefParameter without a condition.
2022-10-29 05:20:58,182 [WARN] IP:2111 - I2C_Coeff_DF not found: check if there is a RefParameter without a condition.
2022-10-29 05:20:58,183 [WARN] IP:2111 - Analog_Filter not found: check if there is a RefParameter without a condition.
2022-10-29 05:20:58,187 [WARN] IP:2111 - I2C_Coeff_DF not found: check if there is a RefParameter without a condition.
2022-10-29 05:20:58,188 [WARN] IP:2111 - Analog_Filter not found: check if there is a RefParameter without a condition.
2022-10-29 05:21:03,038 [INFO] UtilMem:74 - End SaveConfig() Used Memory: 277270472 Bytes (912261120)
2022-10-29 05:21:04,639 [INFO] UtilMem:74 - End SaveConfig() Used Memory: 292642688 Bytes (912261120)
2022-10-29 05:21:06,323 [INFO] UtilMem:74 - End SaveConfig() Used Memory: 325177304 Bytes (912261120)
2022-10-29 05:21:06,548 [INFO] BlockDiagram:2753 - set Specific Code input for plugin: NVIC
2022-10-29 05:21:06,548 [INFO] BlockDiagram:2753 - set Specific Code input for plugin: TIM1_8F1
2022-10-29 05:21:06,548 [INFO] BlockDiagram:2753 - set Specific Code input for plugin: SYS
2022-10-29 05:21:06,548 [INFO] BlockDiagram:2753 - set Specific Code input for plugin: GPIO
2022-10-29 05:21:06,548 [INFO] BlockDiagram:2753 - set Specific Code input for plugin: RCC
2022-10-29 05:21:06,548 [INFO] BlockDiagram:2753 - set Specific Code input for plugin: I2C
2022-10-29 05:21:06,549 [INFO] CodeGenerator:690 - code generatio: config db path: C:\ST\STM32CubeIDE_1.9.0\STM32CubeIDE\plugins\com.st.stm32cube.common.mx_6.6.1.202207061420\\db\
2022-10-29 05:21:06,550 [WARN] IP:2111 - I2C_Coeff_DF not found: check if there is a RefParameter without a condition.
2022-10-29 05:21:06,550 [WARN] IP:2111 - Analog_Filter not found: check if there is a RefParameter without a condition.
2022-10-29 05:21:06,729 [INFO] CodeEngine:245 - oldGeneratedFile, D:\github\mc\stm32\IR_Sensor_Remote\IR_Sensor_Remote\MXTmpFiles\license.tmp_save
2022-10-29 05:21:06,806 [INFO] CodeEngine:269 - Generated code: D:\github\mc\stm32\IR_Sensor_Remote\IR_Sensor_Remote\MXTmpFiles\license.tmp
2022-10-29 05:21:06,953 [INFO] CodeEngine:245 - oldGeneratedFile, D:\github\mc\stm32\IR_Sensor_Remote\IR_Sensor_Remote\MXTmpFiles\gpio.tmp_save
2022-10-29 05:21:07,034 [INFO] CodeEngine:269 - Generated code: D:\github\mc\stm32\IR_Sensor_Remote\IR_Sensor_Remote\MXTmpFiles\gpio.tmp
2022-10-29 05:21:07,114 [INFO] CodeEngine:245 - oldGeneratedFile, D:\github\mc\stm32\IR_Sensor_Remote\IR_Sensor_Remote\Core\Src\stm32f1xx_it.c_save
2022-10-29 05:21:07,205 [INFO] CodeEngine:269 - Generated code: D:\github\mc\stm32\IR_Sensor_Remote\IR_Sensor_Remote\Core\Src\stm32f1xx_it.c
2022-10-29 05:21:07,213 [INFO] CodeEngine:245 - oldGeneratedFile, D:\github\mc\stm32\IR_Sensor_Remote\IR_Sensor_Remote\Core\Inc\stm32f1xx_it.h_save
2022-10-29 05:21:07,280 [INFO] CodeEngine:269 - Generated code: D:\github\mc\stm32\IR_Sensor_Remote\IR_Sensor_Remote\Core\Inc\stm32f1xx_it.h
2022-10-29 05:21:07,325 [INFO] CodeEngine:245 - oldGeneratedFile, D:\github\mc\stm32\IR_Sensor_Remote\IR_Sensor_Remote\Core\Src\stm32f1xx_hal_msp.c_save
2022-10-29 05:21:07,419 [INFO] CodeEngine:269 - Generated code: D:\github\mc\stm32\IR_Sensor_Remote\IR_Sensor_Remote\Core\Src\stm32f1xx_hal_msp.c
2022-10-29 05:21:07,431 [INFO] CodeEngine:245 - oldGeneratedFile, D:\github\mc\stm32\IR_Sensor_Remote\IR_Sensor_Remote\MXTmpFiles\system.tmp_save
2022-10-29 05:21:07,482 [INFO] CodeEngine:269 - Generated code: D:\github\mc\stm32\IR_Sensor_Remote\IR_Sensor_Remote\MXTmpFiles\system.tmp
2022-10-29 05:21:07,508 [INFO] CodeEngine:245 - oldGeneratedFile, D:\github\mc\stm32\IR_Sensor_Remote\IR_Sensor_Remote\Core\Inc\stm32f1xx_hal_conf.h_save
2022-10-29 05:21:07,622 [INFO] CodeEngine:269 - Generated code: D:\github\mc\stm32\IR_Sensor_Remote\IR_Sensor_Remote\Core\Inc\stm32f1xx_hal_conf.h
2022-10-29 05:21:07,651 [WARN] IPConfigManager:3348 - IP not found : TIM
2022-10-29 05:21:07,652 [WARN] CodeGenerator:3567 - IP not found : null
2022-10-29 05:21:07,671 [INFO] CodeEngine:245 - oldGeneratedFile, D:\github\mc\stm32\IR_Sensor_Remote\IR_Sensor_Remote\Core\Inc\main.h_save
2022-10-29 05:21:07,758 [INFO] CodeEngine:269 - Generated code: D:\github\mc\stm32\IR_Sensor_Remote\IR_Sensor_Remote\Core\Inc\main.h
2022-10-29 05:21:07,794 [INFO] CodeEngine:245 - oldGeneratedFile, D:\github\mc\stm32\IR_Sensor_Remote\IR_Sensor_Remote\Core\Src\main.c_save
2022-10-29 05:21:07,922 [INFO] CodeEngine:269 - Generated code: D:\github\mc\stm32\IR_Sensor_Remote\IR_Sensor_Remote\Core\Src\main.c
2022-10-29 05:21:08,636 [INFO] ProjectBuilder:2919 - Time for Copy HAL[1] : 270mS.
2022-10-29 05:21:08,638 [INFO] ProjectBuilder:4117 - Project Generator version: 3.17.1
2022-10-29 05:21:08,826 [INFO] ConfigFileManager:1394 - The Die is : DIE410
2022-10-29 05:21:10,185 [INFO] ProjectBuilder:4285 - Time for Generating toolchain IDE Files: 1547mS.
2022-10-29 05:21:10,187 [INFO] ProjectBuilder:2790 - Time for Copy CMSIS : 1mS.
2022-10-29 05:21:10,188 [INFO] ProjectBuilder:2790 - Time for Copy CMSIS : 0mS.
2022-10-29 05:47:53,180 [INFO] Gpio:272 - dependency for GPIO [I2C1, RCC, SYS]
2022-10-29 07:01:01,775 [INFO] Activator:177 - 


2022-10-29 07:01:01,776 [INFO] Activator:178 - !SESSION log4j initialized
2022-10-29 07:01:12,153 [ERROR] ConfigurationRetriever:139 - IOException on connection: Unexpected end of file from server
2022-10-29 07:01:29,457 [ERROR] LogOutputStream:74 - [STDERR_REDIRECT] SLF4J: Failed to load class "org.slf4j.impl.StaticLoggerBinder".
2022-10-29 07:01:29,457 [ERROR] LogOutputStream:74 - [STDERR_REDIRECT] SLF4J: Defaulting to no-operation (NOP) logger implementation
2022-10-29 07:01:29,458 [ERROR] LogOutputStream:74 - [STDERR_REDIRECT] SLF4J: See http://www.slf4j.org/codes.html#StaticLoggerBinder for further details.
