2022-10-28 04:07:18,433 [INFO] Activator:177 - 


2022-10-28 04:07:18,434 [INFO] Activator:178 - !SESSION log4j initialized
2022-10-28 04:07:21,436 [INFO] McuFinderGlobals:44 - Set McuFinder mode to 2 (CubeIDE integrated)
2022-10-28 04:07:22,497 [INFO] ApplicationProperties:181 - Using Application install path: C:\ST\STM32CubeIDE_1.9.0\STM32CubeIDE\plugins\com.st.stm32cube.common.mx_6.6.1.202207061420
2022-10-28 04:07:22,513 [INFO] DbMcusXml:77 - Set database path to: C:\ST\STM32CubeIDE_1.9.0\STM32CubeIDE\plugins\com.st.stm32cube.common.mx_6.6.1.202207061420\\db\/mcu/
2022-10-28 04:07:22,514 [INFO] ApiDb:269 - Set plugin database path to: C:\ST\STM32CubeIDE_1.9.0\STM32CubeIDE\plugins\com.st.stm32cube.common.mx_6.6.1.202207061420\\db\/plugins/boardmanager/
2022-10-28 04:07:22,516 [WARN] ApiDb:254 - Overriding images path with different value:  => C:\ST\STM32CubeIDE_1.9.0\STM32CubeIDE\plugins\com.st.stm32cube.common.mx_6.6.1.202207061420\\db\/plugins/mcufinder/images/
2022-10-28 04:07:22,530 [INFO] ApiDb:249 - Set database path to: C:\Users\Zver\.stmcufinder\plugins\mcufinder//mcu/
2022-10-28 04:07:22,531 [INFO] DbMcusAds:124 - Set database path to: C:\Users\Zver\.stmcufinder\plugins\mcufinder//mcu/
2022-10-28 04:07:22,534 [INFO] CrossReferenceDbSqlite:201 - Set database path to: C:\Users\Zver\.stmcufinder\plugins\mcufinder//mcu/cs/
2022-10-28 04:07:22,627 [INFO] RulesReader:61 - Compatibility file has been processed (282 Rules)
2022-10-28 04:07:22,761 [INFO] DbMcusXml:77 - Set database path to: C:\ST\STM32CubeIDE_1.9.0\STM32CubeIDE\plugins\com.st.stm32cube.common.mx_6.6.1.202207061420\\db\/mcu/
2022-10-28 04:07:22,761 [INFO] ApiDb:269 - Set plugin database path to: C:\ST\STM32CubeIDE_1.9.0\STM32CubeIDE\plugins\com.st.stm32cube.common.mx_6.6.1.202207061420\\db\/plugins/boardmanager/
2022-10-28 04:07:22,761 [INFO] ApiDb:256 - Set plugin images path to: C:\ST\STM32CubeIDE_1.9.0\STM32CubeIDE\plugins\com.st.stm32cube.common.mx_6.6.1.202207061420\\db\/plugins/mcufinder/images/
2022-10-28 04:07:22,762 [WARN] DbFile:40 - Overriding database path with different value: C:\Users\Zver\.stmcufinder\plugins\mcufinder/ => C:\Users\Zver\.stmcufinder\plugins\mcufinder
2022-10-28 04:07:22,762 [INFO] ApiDb:249 - Set database path to: C:\Users\Zver\.stmcufinder\plugins\mcufinder//mcu/
2022-10-28 04:07:22,762 [WARN] DbFile:40 - Overriding database path with different value: C:\Users\Zver\.stmcufinder\plugins\mcufinder/ => C:\Users\Zver\.stmcufinder\plugins\mcufinder
2022-10-28 04:07:22,762 [INFO] DbMcusAds:124 - Set database path to: C:\Users\Zver\.stmcufinder\plugins\mcufinder//mcu/
2022-10-28 04:07:22,763 [WARN] DbFile:40 - Overriding database path with different value: C:\Users\Zver\.stmcufinder\plugins\mcufinder/ => C:\Users\Zver\.stmcufinder\plugins\mcufinder
2022-10-28 04:07:22,763 [WARN] DbFile:40 - Overriding database path with different value: C:\Users\Zver\.stmcufinder\plugins\mcufinder/ => C:\Users\Zver\.stmcufinder\plugins\mcufinder
2022-10-28 04:07:22,763 [INFO] CrossReferenceDbSqlite:201 - Set database path to: C:\Users\Zver\.stmcufinder\plugins\mcufinder//mcu/cs/
2022-10-28 04:07:22,860 [INFO] MainPanel:242 - HeapMemory: 268435456
2022-10-28 04:07:22,947 [INFO] DbMcusXml:77 - Set database path to: C:\ST\STM32CubeIDE_1.9.0\STM32CubeIDE\plugins\com.st.stm32cube.common.mx_6.6.1.202207061420\\db\/mcu/
2022-10-28 04:07:22,947 [INFO] ApiDb:269 - Set plugin database path to: C:\ST\STM32CubeIDE_1.9.0\STM32CubeIDE\plugins\com.st.stm32cube.common.mx_6.6.1.202207061420\\db\/plugins/boardmanager/
2022-10-28 04:07:22,947 [INFO] ApiDb:256 - Set plugin images path to: C:\ST\STM32CubeIDE_1.9.0\STM32CubeIDE\plugins\com.st.stm32cube.common.mx_6.6.1.202207061420\\db\/plugins/mcufinder/images/
2022-10-28 04:07:22,948 [WARN] DbFile:40 - Overriding database path with different value: C:\Users\Zver\.stmcufinder\plugins\mcufinder/ => C:\Users\Zver\.stmcufinder\plugins\mcufinder
2022-10-28 04:07:22,948 [INFO] ApiDb:249 - Set database path to: C:\Users\Zver\.stmcufinder\plugins\mcufinder//mcu/
2022-10-28 04:07:22,948 [WARN] DbFile:40 - Overriding database path with different value: C:\Users\Zver\.stmcufinder\plugins\mcufinder/ => C:\Users\Zver\.stmcufinder\plugins\mcufinder
2022-10-28 04:07:22,949 [INFO] DbMcusAds:124 - Set database path to: C:\Users\Zver\.stmcufinder\plugins\mcufinder//mcu/
2022-10-28 04:07:22,949 [WARN] DbFile:40 - Overriding database path with different value: C:\Users\Zver\.stmcufinder\plugins\mcufinder/ => C:\Users\Zver\.stmcufinder\plugins\mcufinder
2022-10-28 04:07:22,949 [WARN] DbFile:40 - Overriding database path with different value: C:\Users\Zver\.stmcufinder\plugins\mcufinder/ => C:\Users\Zver\.stmcufinder\plugins\mcufinder
2022-10-28 04:07:22,949 [INFO] CrossReferenceDbSqlite:201 - Set database path to: C:\Users\Zver\.stmcufinder\plugins\mcufinder//mcu/cs/
2022-10-28 04:07:22,967 [INFO] ApplicationProperties:181 - Using Application install path: C:\ST\STM32CubeIDE_1.9.0\STM32CubeIDE\plugins\com.st.stm32cube.common.mx_6.6.1.202207061420
2022-10-28 04:07:22,968 [INFO] PluginManage:193 - Search for loadable plugins [exclusion list=, ]
2022-10-28 04:07:22,969 [INFO] PluginManage:307 - Check plugin analytics
2022-10-28 04:07:23,114 [INFO] AnalyticsPlugin:262 - Accepted Software Licenses: 
2022-10-28 04:07:23,115 [INFO] AnalyticsPlugin:264 - Accepted CMSIS Pack Licenses: 
2022-10-28 04:07:23,116 [INFO] AnalyticsPlugin:266 - Accepted Firmware Licenses: 
2022-10-28 04:07:23,124 [INFO] PluginManage:356 - Loaded plugin analytics (category:tool,tabindex:-1)
2022-10-28 04:07:23,124 [INFO] PluginManage:307 - Check plugin cadmodel
2022-10-28 04:07:23,128 [INFO] CADModel:65 - Init CAD model plugin
2022-10-28 04:07:23,129 [INFO] PluginManage:356 - Loaded plugin cadmodel (category:power,tabindex:5)
2022-10-28 04:07:23,129 [INFO] PluginManage:307 - Check plugin clock
2022-10-28 04:07:23,138 [INFO] PluginManage:356 - Loaded plugin clock (category:base,tabindex:2)
2022-10-28 04:07:23,139 [INFO] PluginManage:307 - Check plugin ddr
2022-10-28 04:07:23,141 [INFO] PluginManage:356 - Loaded plugin ddr (category:tool,tabindex:6)
2022-10-28 04:07:23,141 [INFO] PluginManage:307 - Check plugin filemanager
2022-10-28 04:07:23,305 [INFO] PluginManage:356 - Loaded plugin filemanager (category:base,tabindex:10)
2022-10-28 04:07:23,305 [INFO] PluginManage:307 - Check plugin ipmanager
2022-10-28 04:07:23,338 [INFO] PluginManage:356 - Loaded plugin ipmanager (category:base,tabindex:5)
2022-10-28 04:07:23,338 [INFO] PluginManage:307 - Check plugin lpbam
2022-10-28 04:07:23,346 [INFO] PluginManage:356 - Loaded plugin lpbam (category:base,tabindex:0)
2022-10-28 04:07:23,346 [INFO] PluginManage:307 - Check plugin pinoutandconfiguration
2022-10-28 04:07:23,353 [INFO] PluginManage:356 - Loaded plugin pinoutandconfiguration (category:base,tabindex:1)
2022-10-28 04:07:23,353 [INFO] PluginManage:307 - Check plugin pinoutconfig
2022-10-28 04:07:23,382 [INFO] PluginManage:356 - Loaded plugin pinoutconfig (category:base,tabindex:0)
2022-10-28 04:07:23,382 [INFO] PluginManage:307 - Check plugin power
2022-10-28 04:07:23,392 [INFO] PluginManage:356 - Loaded plugin power (category:power,tabindex:4)
2022-10-28 04:07:23,392 [INFO] PluginManage:307 - Check plugin projectmanager
2022-10-28 04:07:23,405 [INFO] PluginManage:356 - Loaded plugin projectmanager (category:projectmanager,tabindex:3)
2022-10-28 04:07:23,405 [INFO] PluginManage:307 - Check plugin thirdparty
2022-10-28 04:07:23,522 [WARN] IntegrityCheckThread:82 - waiting for thirdparty lock release [integrity check]
2022-10-28 04:07:23,522 [INFO] PluginManage:356 - Loaded plugin thirdparty (category:base,tabindex:-1)
2022-10-28 04:07:23,523 [INFO] IntegrityCheckThread:84 - entering critical section [integrity check]
2022-10-28 04:07:23,523 [INFO] PluginManage:307 - Check plugin tools
2022-10-28 04:07:23,525 [INFO] ThirdPartyUpdaterWithRetryManager:70 - Updater plugin not ready yet. [1/15]
2022-10-28 04:07:23,526 [INFO] PluginManage:356 - Loaded plugin tools (category:base,tabindex:7)
2022-10-28 04:07:23,526 [INFO] PluginManage:307 - Check plugin tutovideos
2022-10-28 04:07:23,693 [INFO] PluginManage:356 - Loaded plugin tutovideos (category:base,tabindex:-1)
2022-10-28 04:07:23,693 [INFO] PluginManage:307 - Check plugin updater
2022-10-28 04:07:23,704 [INFO] PluginManage:356 - Loaded plugin updater (category:base,tabindex:12)
2022-10-28 04:07:23,705 [INFO] PluginManage:280 - PluginManage : Loaded plugins [15]
2022-10-28 04:07:24,079 [INFO] PinOutPanel:1468 - setPackage(No Configuration,No Configuration)
2022-10-28 04:07:24,175 [INFO] CADModel:98 - CPN selected for project level
2022-10-28 04:07:24,187 [INFO] IPUIPlugin:79 - create IPUIPlugin
2022-10-28 04:07:24,188 [INFO] PluginManager:217 - loadIPPluginJar : add adc
2022-10-28 04:07:24,190 [INFO] IPUIPlugin:79 - create IPUIPlugin
2022-10-28 04:07:24,190 [INFO] PluginManager:217 - loadIPPluginJar : add aes
2022-10-28 04:07:24,192 [INFO] IPUIPlugin:79 - create IPUIPlugin
2022-10-28 04:07:24,192 [INFO] PluginManager:217 - loadIPPluginJar : add can
2022-10-28 04:07:24,193 [INFO] IPUIPlugin:79 - create IPUIPlugin
2022-10-28 04:07:24,193 [INFO] PluginManager:217 - loadIPPluginJar : add comp
2022-10-28 04:07:24,195 [INFO] IPUIPlugin:79 - create IPUIPlugin
2022-10-28 04:07:24,195 [INFO] PluginManager:217 - loadIPPluginJar : add cryp
2022-10-28 04:07:24,197 [INFO] IPUIPlugin:79 - create IPUIPlugin
2022-10-28 04:07:24,197 [INFO] PluginManager:217 - loadIPPluginJar : add dfsdm
2022-10-28 04:07:24,201 [INFO] IPUIPlugin:79 - create IPUIPlugin
2022-10-28 04:07:24,202 [INFO] PluginManager:217 - loadIPPluginJar : add dma
2022-10-28 04:07:24,204 [INFO] IPUIPlugin:79 - create IPUIPlugin
2022-10-28 04:07:24,204 [INFO] PluginManager:217 - loadIPPluginJar : add dma3
2022-10-28 04:07:24,205 [INFO] IPUIPlugin:79 - create IPUIPlugin
2022-10-28 04:07:24,205 [INFO] PluginManager:217 - loadIPPluginJar : add fatfs
2022-10-28 04:07:24,208 [INFO] IPUIPlugin:79 - create IPUIPlugin
2022-10-28 04:07:24,208 [INFO] PluginManager:217 - loadIPPluginJar : add fmc
2022-10-28 04:07:24,213 [INFO] IPUIPlugin:79 - create IPUIPlugin
2022-10-28 04:07:24,213 [INFO] PluginManager:217 - loadIPPluginJar : add freertos
2022-10-28 04:07:24,214 [INFO] IPUIPlugin:79 - create IPUIPlugin
2022-10-28 04:07:24,214 [INFO] PluginManager:217 - loadIPPluginJar : add genericplugin
2022-10-28 04:07:24,216 [INFO] IPUIPlugin:79 - create IPUIPlugin
2022-10-28 04:07:24,216 [INFO] PluginManager:217 - loadIPPluginJar : add gfxmmu
2022-10-28 04:07:24,220 [INFO] IPUIPlugin:79 - create IPUIPlugin
2022-10-28 04:07:24,220 [INFO] PluginManager:217 - loadIPPluginJar : add gic
2022-10-28 04:07:24,224 [INFO] IPUIPlugin:79 - create IPUIPlugin
2022-10-28 04:07:24,224 [INFO] PluginManager:217 - loadIPPluginJar : add gpio
2022-10-28 04:07:24,227 [INFO] IPUIPlugin:79 - create IPUIPlugin
2022-10-28 04:07:24,227 [INFO] PluginManager:217 - loadIPPluginJar : add gtzc
2022-10-28 04:07:24,229 [INFO] IPUIPlugin:79 - create IPUIPlugin
2022-10-28 04:07:24,230 [INFO] PluginManager:217 - loadIPPluginJar : add hash
2022-10-28 04:07:24,231 [INFO] IPUIPlugin:79 - create IPUIPlugin
2022-10-28 04:07:24,231 [INFO] PluginManager:217 - loadIPPluginJar : add i2c
2022-10-28 04:07:24,233 [INFO] IPUIPlugin:79 - create IPUIPlugin
2022-10-28 04:07:24,233 [INFO] PluginManager:217 - loadIPPluginJar : add i2s
2022-10-28 04:07:24,236 [INFO] IPUIPlugin:79 - create IPUIPlugin
2022-10-28 04:07:24,236 [INFO] PluginManager:217 - loadIPPluginJar : add ipddr
2022-10-28 04:07:24,241 [INFO] IPUIPlugin:79 - create IPUIPlugin
2022-10-28 04:07:24,241 [INFO] PluginManager:217 - loadIPPluginJar : add linkedlist
2022-10-28 04:07:24,247 [INFO] IPUIPlugin:79 - create IPUIPlugin
2022-10-28 04:07:24,247 [INFO] PluginManager:217 - loadIPPluginJar : add lorawan
2022-10-28 04:07:24,248 [INFO] IPUIPlugin:79 - create IPUIPlugin
2022-10-28 04:07:24,248 [INFO] PluginManager:217 - loadIPPluginJar : add ltdc
2022-10-28 04:07:24,252 [INFO] IPUIPlugin:79 - create IPUIPlugin
2022-10-28 04:07:24,253 [INFO] PluginManager:217 - loadIPPluginJar : add mdma
2022-10-28 04:07:24,255 [INFO] IPUIPlugin:79 - create IPUIPlugin
2022-10-28 04:07:24,255 [INFO] PluginManager:217 - loadIPPluginJar : add nvic
2022-10-28 04:07:24,257 [INFO] IPUIPlugin:79 - create IPUIPlugin
2022-10-28 04:07:24,257 [INFO] PluginManager:217 - loadIPPluginJar : add opamp
2022-10-28 04:07:24,260 [INFO] IPUIPlugin:79 - create IPUIPlugin
2022-10-28 04:07:24,260 [INFO] PluginManager:217 - loadIPPluginJar : add openamp
2022-10-28 04:07:24,262 [INFO] IPUIPlugin:79 - create IPUIPlugin
2022-10-28 04:07:24,263 [INFO] PluginManager:217 - loadIPPluginJar : add pdm2pcm
2022-10-28 04:07:24,267 [INFO] IPUIPlugin:79 - create IPUIPlugin
2022-10-28 04:07:24,269 [INFO] PluginManager:217 - loadIPPluginJar : add plateformsettings
2022-10-28 04:07:24,270 [INFO] IPUIPlugin:79 - create IPUIPlugin
2022-10-28 04:07:24,270 [INFO] PluginManager:217 - loadIPPluginJar : add quadspi
2022-10-28 04:07:24,274 [INFO] IPUIPlugin:79 - create IPUIPlugin
2022-10-28 04:07:24,274 [INFO] PluginManager:217 - loadIPPluginJar : add resmgrutility
2022-10-28 04:07:24,276 [INFO] IPUIPlugin:79 - create IPUIPlugin
2022-10-28 04:07:24,276 [INFO] PluginManager:217 - loadIPPluginJar : add sai
2022-10-28 04:07:24,278 [INFO] IPUIPlugin:79 - create IPUIPlugin
2022-10-28 04:07:24,279 [INFO] PluginManager:217 - loadIPPluginJar : add spi
2022-10-28 04:07:24,282 [INFO] IPUIPlugin:79 - create IPUIPlugin
2022-10-28 04:07:24,283 [INFO] PluginManager:217 - loadIPPluginJar : add stm32_wpan
2022-10-28 04:07:24,284 [INFO] IPUIPlugin:79 - create IPUIPlugin
2022-10-28 04:07:24,284 [INFO] PluginManager:217 - loadIPPluginJar : add tim
2022-10-28 04:07:24,287 [INFO] IPUIPlugin:79 - create IPUIPlugin
2022-10-28 04:07:24,287 [INFO] PluginManager:217 - loadIPPluginJar : add touchsensing
2022-10-28 04:07:24,288 [INFO] IPUIPlugin:79 - create IPUIPlugin
2022-10-28 04:07:24,289 [INFO] PluginManager:217 - loadIPPluginJar : add tracer_emb
2022-10-28 04:07:24,290 [INFO] IPUIPlugin:79 - create IPUIPlugin
2022-10-28 04:07:24,291 [INFO] PluginManager:217 - loadIPPluginJar : add ts
2022-10-28 04:07:24,292 [INFO] IPUIPlugin:79 - create IPUIPlugin
2022-10-28 04:07:24,292 [INFO] PluginManager:217 - loadIPPluginJar : add tsc
2022-10-28 04:07:24,294 [INFO] IPUIPlugin:79 - create IPUIPlugin
2022-10-28 04:07:24,294 [INFO] PluginManager:217 - loadIPPluginJar : add ucpd
2022-10-28 04:07:24,296 [INFO] IPUIPlugin:79 - create IPUIPlugin
2022-10-28 04:07:24,296 [INFO] PluginManager:217 - loadIPPluginJar : add usart
2022-10-28 04:07:24,299 [INFO] IPUIPlugin:79 - create IPUIPlugin
2022-10-28 04:07:24,299 [INFO] PluginManager:217 - loadIPPluginJar : add usbx
2022-10-28 04:07:24,553 [FATAL] Updater:301 - Updater called before beeing initialized
2022-10-28 04:07:24,682 [FATAL] Updater:301 - Updater called before beeing initialized
2022-10-28 04:07:24,688 [INFO] DbMcusAds:52 - JSON generation date=Thu Sep 30 09:56:37 MSK 2021 (1632984997303)
2022-10-28 04:07:24,688 [FATAL] Updater:301 - Updater called before beeing initialized
2022-10-28 04:07:24,773 [WARN] DetailPanel:344 - Failed to get advertising image, set to default
2022-10-28 04:07:24,885 [FATAL] Updater:301 - Updater called before beeing initialized
2022-10-28 04:07:24,887 [FATAL] Updater:301 - Updater called before beeing initialized
2022-10-28 04:07:24,887 [FATAL] Updater:301 - Updater called before beeing initialized
2022-10-28 04:07:24,887 [WARN] DetailPanel:344 - Failed to get advertising image, set to default
2022-10-28 04:07:24,887 [FATAL] Updater:301 - Updater called before beeing initialized
2022-10-28 04:07:24,928 [ERROR] Updater:1105 - MainUpdater not yet initialized. External WinMGr cannot be set.
2022-10-28 04:07:24,931 [INFO] Updater:1041 - Updater Version found : 6.6.1
2022-10-28 04:07:24,944 [INFO] ApplicationProperties:181 - Using Application install path: C:\ST\STM32CubeIDE_1.9.0\STM32CubeIDE\plugins\com.st.stm32cube.common.mx_6.6.1.202207061420
2022-10-28 04:07:26,525 [INFO] ThirdPartyUpdaterWithRetryManager:70 - Updater plugin not ready yet. [2/15]
2022-10-28 04:07:27,750 [INFO] MainUpdater:2768 - connection check result : 10
2022-10-28 04:07:27,751 [INFO] MainUpdater:280 - Updater Check For Update Now.
2022-10-28 04:07:27,751 [INFO] MicroXplorer:481 - Change Database Version : DB.6.0.60
2022-10-28 04:07:27,899 [INFO] CheckServerUpdateThread:119 - End of CheckServer Thread
2022-10-28 04:07:27,960 [INFO] MainUpdater:2768 - connection check result : 10
2022-10-28 04:07:28,244 [INFO] McuFinderGlobals:57 - Set McuFinderConnectedMode to true
2022-10-28 04:07:28,251 [INFO] MultiScanPanel:195 - Auto-refresh data requested => check proxy status ongoing
2022-10-28 04:07:28,257 [INFO] FinderPluginLoader:92 - Searching for filters in installed packs
2022-10-28 04:07:28,373 [INFO] ApiDb:576 - Connected to CubeFinder SQLite database (C:\Users\Zver\.stmcufinder\plugins\mcufinder\mcu\cube-finder-db.db)
2022-10-28 04:07:28,413 [INFO] ApiDb:663 - CubeFinder database Data Model version=2.1
2022-10-28 04:07:28,414 [INFO] ApiDb:664 - CubeFinder database Configuration version=3.0.32
2022-10-28 04:07:28,414 [INFO] ApiDb:665 - CubeFinder database generation date=2022-08-05 (1659688109)
2022-10-28 04:07:28,414 [INFO] ApiDb:666 - CubeFinder database FW Pack versions=[STM32Cube_FW_C0_V1.0.0, STM32Cube_FW_F4_V1.27.1, STM32Cube_FW_F7_V1.17.0, STM32Cube_FW_G0_V1.6.1, STM32Cube_FW_G4_V1.5.0, STM32Cube_FW_H7_V1.10.0, STM32Cube_FW_L5_V1.4.0, STM32Cube_FW_U5_V1.1.1, STM32Cube_FW_WB_V1.14.1, STM32Cube_FW_WL_V1.2.0, X-CUBE-ALGOBUILD_V1.3.0, X-CUBE-ALS_V1.0.1, X-CUBE-AZRTOS-F4_V1.1.0, X-CUBE-AZRTOS-F7_V1.1.0, X-CUBE-AZRTOS-G0_V1.1.0, X-CUBE-AZRTOS-G4_V1.0.0, X-CUBE-AZRTOS-H7_V2.1.0, X-CUBE-AZRTOS-L4_V1.0.0, X-CUBE-AZRTOS-L5_V1.0.0, X-CUBE-AZRTOS-WL_V1.0.0, X-CUBE-BLE1_V6.2.3, X-CUBE-BLE2_V3.3.0, X-CUBE-EEPRMA1_V3.1.1, X-CUBE-GNSS1_V6.0.0, X-CUBE-MEMS1_V9.1.0, X-CUBE-MEMS1_V9.3.0, X-CUBE-NFC4_V2.0.4, X-CUBE-NFC7_V1.0.0, X-CUBE-SFXS2LP1_V4.0.0, X-CUBE-SUBG2_V5.0.0]
2022-10-28 04:07:29,633 [WARN] PackLoader:242 - Cannot read IP mode file for wolfSSL.I-CUBE-wolfSSL.5.2.0
2022-10-28 04:07:29,642 [WARN] PackLoader:242 - Cannot read IP mode file for STMicroelectronics.X-CUBE-GNSS1.6.0.0
2022-10-28 04:07:29,668 [WARN] PackLoader:242 - Cannot read IP mode file for STMicroelectronics.X-CUBE-AZRTOS-F4.1.1.0
2022-10-28 04:07:29,684 [WARN] PackLoader:242 - Cannot read IP mode file for STMicroelectronics.X-CUBE-BLEMGR.1.2.0
2022-10-28 04:07:29,712 [WARN] PackLoader:242 - Cannot read IP mode file for STMicroelectronics.X-CUBE-AZRTOS-F7.1.1.0
2022-10-28 04:07:29,721 [WARN] PackLoader:242 - Cannot read IP mode file for STMicroelectronics.X-CUBE-AI.7.1.0
2022-10-28 04:07:29,727 [WARN] PackLoader:242 - Cannot read IP mode file for STMicroelectronics.X-CUBE-BLE1.6.2.3
2022-10-28 04:07:29,733 [WARN] PackLoader:242 - Cannot read IP mode file for STMicroelectronics.X-CUBE-BLE1.6.2.2
2022-10-28 04:07:29,739 [WARN] PackLoader:242 - Cannot read IP mode file for STMicroelectronics.X-CUBE-NFC4.2.0.4
2022-10-28 04:07:29,746 [WARN] PackLoader:242 - Cannot read IP mode file for STMicroelectronics.X-CUBE-BLE2.3.2.2
2022-10-28 04:07:29,753 [WARN] PackLoader:242 - Cannot read IP mode file for STMicroelectronics.X-CUBE-NFC4.2.0.3
2022-10-28 04:07:29,765 [WARN] PackLoader:242 - Cannot read IP mode file for STMicroelectronics.X-CUBE-TOF1.3.1.0
2022-10-28 04:07:29,781 [WARN] PackLoader:242 - Cannot read IP mode file for STMicroelectronics.X-CUBE-SFXS2LP1.3.1.0
2022-10-28 04:07:29,813 [WARN] PackLoader:242 - Cannot read IP mode file for STMicroelectronics.X-CUBE-AZRTOS-F4.1.0.0
2022-10-28 04:07:29,824 [WARN] PackLoader:242 - Cannot read IP mode file for STMicroelectronics.X-CUBE-NFC7.1.0.0
2022-10-28 04:07:29,836 [WARN] PackLoader:242 - Cannot read IP mode file for STMicroelectronics.X-CUBE-SUBG2.4.2.0
2022-10-28 04:07:29,880 [WARN] PackLoader:242 - Cannot read IP mode file for STMicroelectronics.X-CUBE-MEMS1.9.3.0
2022-10-28 04:07:29,983 [WARN] PackLoader:242 - Cannot read IP mode file for STMicroelectronics.X-CUBE-AI.7.2.0
2022-10-28 04:07:29,997 [WARN] PackLoader:242 - Cannot read IP mode file for STMicroelectronics.X-CUBE-AZRTOS-G0.1.0.0
2022-10-28 04:07:30,017 [WARN] PackLoader:242 - Cannot read IP mode file for STMicroelectronics.X-CUBE-SFXS2LP1.4.0.0
2022-10-28 04:07:30,023 [WARN] PackLoader:242 - Cannot read IP mode file for STMicroelectronics.X-CUBE-BLE2.3.3.0
2022-10-28 04:07:30,039 [WARN] PackLoader:242 - Cannot read IP mode file for STMicroelectronics.X-CUBE-DISPLAY.2.2.0
2022-10-28 04:07:30,049 [WARN] PackLoader:242 - Cannot read IP mode file for STMicroelectronics.X-CUBE-TOF1.3.2.0
2022-10-28 04:07:30,059 [WARN] PackLoader:242 - Cannot read IP mode file for STMicroelectronics.X-CUBE-TOUCHGFX.4.18.1
2022-10-28 04:07:30,062 [WARN] PackLoader:242 - Cannot read IP mode file for STMicroelectronics.X-CUBE-ISPU.1.0.0
2022-10-28 04:07:30,069 [WARN] PackLoader:242 - Cannot read IP mode file for RoweBots.I-CUBE-UNISONRTOS.5.5.0-4
2022-10-28 04:07:30,082 [WARN] PackLoader:242 - Cannot read IP mode file for STMicroelectronics.X-CUBE-AZRTOS-H7.2.1.0
2022-10-28 04:07:30,090 [WARN] PackLoader:242 - Cannot read IP mode file for STMicroelectronics.X-CUBE-BLEMGR.1.0.0
2022-10-28 04:07:30,096 [WARN] PackLoader:242 - Cannot read IP mode file for STMicroelectronics.X-CUBE-ALGOBUILD.1.3.0
2022-10-28 04:07:30,108 [WARN] PackLoader:242 - Cannot read IP mode file for STMicroelectronics.X-CUBE-AZRTOS-G0.1.1.0
2022-10-28 04:07:30,115 [WARN] PackLoader:242 - Cannot read IP mode file for STMicroelectronics.X-CUBE-SUBG2.5.0.0
2022-10-28 04:07:30,149 [WARN] PackLoader:242 - Cannot read IP mode file for SEGGER.I-CUBE-embOS.1.2.0
2022-10-28 04:07:30,174 [WARN] PackLoader:242 - Cannot read IP mode file for STMicroelectronics.FP-ATR-ASTRA1.1.1.1
2022-10-28 04:07:30,191 [WARN] PackLoader:242 - Cannot read IP mode file for STMicroelectronics.X-CUBE-AZRTOS-H7.2.0.0
2022-10-28 04:07:30,212 [WARN] PackLoader:242 - Cannot read IP mode file for STMicroelectronics.X-CUBE-AZRTOS-G4.1.0.0
2022-10-28 04:07:30,217 [WARN] PackLoader:242 - Cannot read IP mode file for STMicroelectronics.FP-ATR-SIGFOX1.3.2.0
2022-10-28 04:07:30,228 [WARN] PackLoader:242 - Cannot read IP mode file for STMicroelectronics.X-CUBE-AZRTOS-L4.1.0.0
2022-10-28 04:07:30,235 [WARN] PackLoader:242 - Cannot read IP mode file for emotas.I-CUBE-CANOPEN.1.1.2
2022-10-28 04:07:30,238 [WARN] PackLoader:242 - Cannot read IP mode file for STMicroelectronics.X-CUBE-TOUCHGFX.4.20.0
2022-10-28 04:07:30,251 [WARN] PackLoader:242 - Cannot read IP mode file for STMicroelectronics.X-CUBE-AZRTOS-F7.1.0.0
2022-10-28 04:07:30,262 [WARN] PackLoader:242 - Cannot read IP mode file for STMicroelectronics.X-CUBE-AZRTOS-WL.1.0.0
2022-10-28 04:07:30,295 [WARN] PackLoader:242 - Cannot read IP mode file for STMicroelectronics.X-CUBE-MEMS1.9.1.0
2022-10-28 04:07:30,363 [WARN] PackLoader:242 - Cannot read IP mode file for portGmbH.I-Cube-SoM-uGOAL.1.1.0
2022-10-28 04:07:30,368 [WARN] PackLoader:242 - Cannot read IP mode file for STMicroelectronics.X-CUBE-ALS.1.0.1
2022-10-28 04:07:30,387 [WARN] PackLoader:242 - Cannot read IP mode file for STMicroelectronics.X-CUBE-AZRTOS-L5.1.0.0
2022-10-28 04:07:30,395 [WARN] PackLoader:242 - Cannot read IP mode file for STMicroelectronics.X-CUBE-EEPRMA1.3.1.1
2022-10-28 04:07:30,400 [WARN] PackLoader:242 - Cannot read IP mode file for STMicroelectronics.X-CUBE-GNSS1.5.2.0
2022-10-28 04:07:30,405 [WARN] PackLoader:242 - Cannot read IP mode file for STMicroelectronics.X-CUBE-DISPLAY.2.0.1
2022-10-28 04:07:30,410 [WARN] PackLoader:242 - Cannot read IP mode file for STMicroelectronics.X-CUBE-TOF1.3.0.0
2022-10-28 04:07:30,412 [INFO] ThirdParty:929 - Integrity check success = true
2022-10-28 04:07:30,412 [INFO] IntegrityCheckThread:98 - exiting critical section [integrity check]
2022-10-28 04:07:30,412 [INFO] IntegrityCheckThread:101 - End integrity checks thread
2022-10-28 04:07:30,562 [INFO] ApiDb:239 - Found 138 in-development CPN: [B-WB1M-WPAN1, NUCLEO-C031C6, STEVAL-STWINBX1, STM320518-EVAL, STM32C0116-DK, STM32C011D6Y3TR, STM32C011D6Y6TR, STM32C011F4P3, STM32C011F4P6, STM32C011F4U3, STM32C011F4U6TR, STM32C011F6P3, STM32C011F6P6, STM32C011F6U3, STM32C011F6U6TR, STM32C011J4M3, STM32C011J4M6, STM32C011J6M3, STM32C011J6M6, STM32C0316-DK, STM32C031C4T3, STM32C031C4T6, STM32C031C4U3, STM32C031C4U6, STM32C031C6T3, STM32C031C6T6, STM32C031C6U3, STM32C031C6U6, STM32C031F4P3, STM32C031F4P6, STM32C031F6P3, STM32C031F6P6, STM32C031G4U3, STM32C031G4U6, STM32C031G6U3, STM32C031G6U6, STM32C031K4T3, STM32C031K4T6, STM32C031K4U3, STM32C031K4U6, STM32C031K6T3, STM32C031K6T6, STM32C031K6U3, STM32C031K6U6, STM32G071K8TXN, STM32G071K8UXN, STM32G081GBU6N, STM32G081KBT6N, STM32G081KBUXN, STM32G0B1CCT6N, STM32G0B1KCT6, STM32G0B1NEY6TR, STM32G0B1RCT6N, STM32G0C1CCT6, STM32G0C1CCT6N, STM32G0C1CCU6N, STM32G0C1CET6N, STM32G0C1CEU6N, STM32G0C1KCT6, STM32G0C1NEY6TR, STM32G0C1RCI6N, STM32G0C1RCT6N, STM32G0C1REI6N, STM32G0C1RET6N, STM32G0C1VCI6, STM32G0C1VEI6, STM32G471CCT6, STM32G471CCU6, STM32G471CET3, STM32G471CET6, STM32G471CEU3, STM32G471CEU6, STM32G471MCT6, STM32G471MET3, STM32G471MET6, STM32G471MEY6TR, STM32G471QCT6, STM32G471QET3, STM32G471RCT6, STM32G471RET3, STM32G471RET6, STM32G471VCH6, STM32G471VCI6, STM32G471VCT6, STM32G471VEH3, STM32G471VEH6, STM32G471VEI3, STM32G471VEI6, STM32G471VET3, STM32G471VET6, STM32G474CCT6, STM32L476VGY6PTR, STM32L4R5QGI6STR, STM32MP131AAE3, STM32MP131AAF3, STM32MP131AAG3, STM32MP131CAE3, STM32MP131CAF3, STM32MP131CAG3, STM32MP131DAE7, STM32MP131DAF7, STM32MP131DAG7, STM32MP131FAE7, STM32MP131FAF7, STM32MP131FAG7, STM32MP133AAE3, STM32MP133AAF3, STM32MP133AAG3, STM32MP133CAE3, STM32MP133CAF3, STM32MP133CAG3, STM32MP133DAE7, STM32MP133DAF7, STM32MP133DAG7, STM32MP133FAE7, STM32MP133FAF7, STM32MP133FAG7, STM32MP135AAE3, STM32MP135AAF3, STM32MP135AAG3, STM32MP135CAE3, STM32MP135CAF3, STM32MP135CAG3, STM32MP135DAE7, STM32MP135DAF7, STM32MP135DAG7, STM32MP135F-DK, STM32MP135FAE7, STM32MP135FAF7, STM32MP135FAG7, STM32U595ZJT6Q, STM32U599BJY6QTR, STM32U599NIH6Q, STM32U599NJH6Q, STM32U5A5ZJT6Q, STM32U5A9BJY6QTR, STM32U5A9NJH6Q, STM32WB1MMCH6]
2022-10-28 04:07:30,566 [INFO] DbMcus:215 - Found 3542 MCUs, 3542 are supported
2022-10-28 04:07:30,568 [INFO] ApiDb:418 - Load user favorites file C:\Users\Zver/.stm32cubeide/favorites.mcus.txt: 1 item(s)
2022-10-28 04:07:30,568 [INFO] ApiDb:422 - User favorites MCUs=[STM32F103C8T6]
2022-10-28 04:07:30,568 [INFO] DbMcus:221 - Set 1 / 1 favorites MCUs
2022-10-28 04:07:31,665 [INFO] LoadUrlFilesThread:177 - End of LoadServerUrlFiles without Thread
2022-10-28 04:07:31,690 [INFO] DetailPanel:339 - Set advertising image to C:/Users/Zver/STM32Cube/Repository/\en.Prom_NBSTM32U50921.jpg
2022-10-28 04:07:32,549 [INFO] MultiScanPanel:778 - Auto Refresh Data is not needed
2022-10-28 04:07:32,563 [INFO] ApiDb:663 - CubeFinder database Data Model version=2.1
2022-10-28 04:07:32,563 [INFO] ApiDb:664 - CubeFinder database Configuration version=3.0.32
2022-10-28 04:07:32,563 [INFO] ApiDb:665 - CubeFinder database generation date=2022-08-05 (1659688109)
2022-10-28 04:07:32,563 [INFO] ApiDb:666 - CubeFinder database FW Pack versions=[STM32Cube_FW_C0_V1.0.0, STM32Cube_FW_F4_V1.27.1, STM32Cube_FW_F7_V1.17.0, STM32Cube_FW_G0_V1.6.1, STM32Cube_FW_G4_V1.5.0, STM32Cube_FW_H7_V1.10.0, STM32Cube_FW_L5_V1.4.0, STM32Cube_FW_U5_V1.1.1, STM32Cube_FW_WB_V1.14.1, STM32Cube_FW_WL_V1.2.0, X-CUBE-ALGOBUILD_V1.3.0, X-CUBE-ALS_V1.0.1, X-CUBE-AZRTOS-F4_V1.1.0, X-CUBE-AZRTOS-F7_V1.1.0, X-CUBE-AZRTOS-G0_V1.1.0, X-CUBE-AZRTOS-G4_V1.0.0, X-CUBE-AZRTOS-H7_V2.1.0, X-CUBE-AZRTOS-L4_V1.0.0, X-CUBE-AZRTOS-L5_V1.0.0, X-CUBE-AZRTOS-WL_V1.0.0, X-CUBE-BLE1_V6.2.3, X-CUBE-BLE2_V3.3.0, X-CUBE-EEPRMA1_V3.1.1, X-CUBE-GNSS1_V6.0.0, X-CUBE-MEMS1_V9.1.0, X-CUBE-MEMS1_V9.3.0, X-CUBE-NFC4_V2.0.4, X-CUBE-NFC7_V1.0.0, X-CUBE-SFXS2LP1_V4.0.0, X-CUBE-SUBG2_V5.0.0]
2022-10-28 04:07:32,627 [INFO] DbBoardsSqlite:227 - include board P-NUCLEO-WB55-NUCLEO as a kit item of type 'Nucleo-64'
2022-10-28 04:07:32,627 [INFO] DbBoardsSqlite:227 - include board P-NUCLEO-WB55-USBDONGLE as a kit item of type 'Nucleo USB Dongle'
2022-10-28 04:07:32,628 [INFO] DbBoardsSqlite:227 - include board STEVAL-IDP005V1 as a kit item of type 'Evaluation Board'
2022-10-28 04:07:32,628 [INFO] DbBoardsSqlite:227 - include board STEVAL-IDP005V2 as a kit item of type 'Evaluation Board'
2022-10-28 04:07:32,638 [INFO] ApiDb:239 - Found 138 in-development CPN: [B-WB1M-WPAN1, NUCLEO-C031C6, STEVAL-STWINBX1, STM320518-EVAL, STM32C0116-DK, STM32C011D6Y3TR, STM32C011D6Y6TR, STM32C011F4P3, STM32C011F4P6, STM32C011F4U3, STM32C011F4U6TR, STM32C011F6P3, STM32C011F6P6, STM32C011F6U3, STM32C011F6U6TR, STM32C011J4M3, STM32C011J4M6, STM32C011J6M3, STM32C011J6M6, STM32C0316-DK, STM32C031C4T3, STM32C031C4T6, STM32C031C4U3, STM32C031C4U6, STM32C031C6T3, STM32C031C6T6, STM32C031C6U3, STM32C031C6U6, STM32C031F4P3, STM32C031F4P6, STM32C031F6P3, STM32C031F6P6, STM32C031G4U3, STM32C031G4U6, STM32C031G6U3, STM32C031G6U6, STM32C031K4T3, STM32C031K4T6, STM32C031K4U3, STM32C031K4U6, STM32C031K6T3, STM32C031K6T6, STM32C031K6U3, STM32C031K6U6, STM32G071K8TXN, STM32G071K8UXN, STM32G081GBU6N, STM32G081KBT6N, STM32G081KBUXN, STM32G0B1CCT6N, STM32G0B1KCT6, STM32G0B1NEY6TR, STM32G0B1RCT6N, STM32G0C1CCT6, STM32G0C1CCT6N, STM32G0C1CCU6N, STM32G0C1CET6N, STM32G0C1CEU6N, STM32G0C1KCT6, STM32G0C1NEY6TR, STM32G0C1RCI6N, STM32G0C1RCT6N, STM32G0C1REI6N, STM32G0C1RET6N, STM32G0C1VCI6, STM32G0C1VEI6, STM32G471CCT6, STM32G471CCU6, STM32G471CET3, STM32G471CET6, STM32G471CEU3, STM32G471CEU6, STM32G471MCT6, STM32G471MET3, STM32G471MET6, STM32G471MEY6TR, STM32G471QCT6, STM32G471QET3, STM32G471RCT6, STM32G471RET3, STM32G471RET6, STM32G471VCH6, STM32G471VCI6, STM32G471VCT6, STM32G471VEH3, STM32G471VEH6, STM32G471VEI3, STM32G471VEI6, STM32G471VET3, STM32G471VET6, STM32G474CCT6, STM32L476VGY6PTR, STM32L4R5QGI6STR, STM32MP131AAE3, STM32MP131AAF3, STM32MP131AAG3, STM32MP131CAE3, STM32MP131CAF3, STM32MP131CAG3, STM32MP131DAE7, STM32MP131DAF7, STM32MP131DAG7, STM32MP131FAE7, STM32MP131FAF7, STM32MP131FAG7, STM32MP133AAE3, STM32MP133AAF3, STM32MP133AAG3, STM32MP133CAE3, STM32MP133CAF3, STM32MP133CAG3, STM32MP133DAE7, STM32MP133DAF7, STM32MP133DAG7, STM32MP133FAE7, STM32MP133FAF7, STM32MP133FAG7, STM32MP135AAE3, STM32MP135AAF3, STM32MP135AAG3, STM32MP135CAE3, STM32MP135CAF3, STM32MP135CAG3, STM32MP135DAE7, STM32MP135DAF7, STM32MP135DAG7, STM32MP135F-DK, STM32MP135FAE7, STM32MP135FAF7, STM32MP135FAG7, STM32U595ZJT6Q, STM32U599BJY6QTR, STM32U599NIH6Q, STM32U599NJH6Q, STM32U5A5ZJT6Q, STM32U5A9BJY6QTR, STM32U5A9NJH6Q, STM32WB1MMCH6]
2022-10-28 04:07:32,730 [INFO] BoardInfo:879 - No configuration file found for board P-NUCLEO-WB55
2022-10-28 04:07:32,731 [INFO] DbBoards:156 - Kit is not supported: P-NUCLEO-WB55
2022-10-28 04:07:32,734 [INFO] BoardInfo:879 - No configuration file found for board STEVAL-BFA001V1B
2022-10-28 04:07:32,735 [INFO] DbBoards:156 - Kit is not supported: STEVAL-BFA001V1B
2022-10-28 04:07:32,736 [INFO] BoardInfo:879 - No configuration file found for board STEVAL-BFA001V2B
2022-10-28 04:07:32,736 [INFO] DbBoards:156 - Kit is not supported: STEVAL-BFA001V2B
2022-10-28 04:07:32,838 [INFO] DbBoards:160 - Found 176 boards, 173 are supported
2022-10-28 04:07:32,843 [INFO] ApiDb:418 - Load user favorites file C:\Users\Zver/.stm32cubeide/favorites.boards.txt: 0 item(s)
2022-10-28 04:07:32,843 [INFO] ApiDb:422 - User favorites Boards=[]
2022-10-28 04:07:32,843 [INFO] DbBoards:189 - Set 0 / 0 favorites Boards
2022-10-28 04:07:42,653 [ERROR] LogOutputStream:74 - [STDERR_REDIRECT] SLF4J: Failed to load class "org.slf4j.impl.StaticLoggerBinder".
2022-10-28 04:07:42,654 [ERROR] LogOutputStream:74 - [STDERR_REDIRECT] SLF4J: Defaulting to no-operation (NOP) logger implementation
2022-10-28 04:07:42,655 [ERROR] LogOutputStream:74 - [STDERR_REDIRECT] SLF4J: See http://www.slf4j.org/codes.html#StaticLoggerBinder for further details.
2022-10-28 04:07:46,428 [INFO] MainUpdater:2768 - connection check result : 10
2022-10-28 04:07:46,429 [INFO] MainUpdater:2768 - connection check result : 10
2022-10-28 04:07:46,445 [INFO] MicroXplorer:451 - Change Database Path : 
2022-10-28 04:07:46,445 [INFO] MicroXplorer:481 - Change Database Version : DB.6.0.60
2022-10-28 04:07:46,446 [WARN] ThirdParty:827 - waiting for thirdparty lock release [close project]
2022-10-28 04:07:46,446 [INFO] ThirdParty:829 - entering critical section [close project]
2022-10-28 04:07:46,447 [INFO] ThirdParty:839 - exiting critical section [close project]
2022-10-28 04:07:46,452 [INFO] PinOutPanel:1468 - setPackage(No Configuration,No Configuration)
2022-10-28 04:07:46,458 [INFO] UtilMem:74 - Begin LoadConfig() Used Memory: 241048976 Bytes (464519168)
2022-10-28 04:07:46,459 [INFO] MicroXplorer:451 - Change Database Path : 
2022-10-28 04:07:46,460 [INFO] MicroXplorer:481 - Change Database Version : DB.6.0.60
2022-10-28 04:07:46,460 [INFO] OpenFileManager:307 - Change cursor
2022-10-28 04:07:46,544 [INFO] Mcu:1922 - Initializing MCU STM32F103C8Tx STM32F103C8Tx 
2022-10-28 04:07:46,545 [INFO] Mcu:1935 - No CPN specified => set CPN to STM32F103C8T6
2022-10-28 04:07:47,265 [INFO] Context:654 - Trying to add GPIOservice into a context  which must be forbidden
2022-10-28 04:07:47,473 [INFO] ImportTextPane:193 - (OptionalMessage_ERROR) Unable to find key (Mcu.ThirdPartyNb) in loaded IOC file
2022-10-28 04:07:47,473 [INFO] ImportTextPane:193 - (OptionalMessage_ERROR) Unable to find key (Mcu.PinsNb) in loaded IOC file
2022-10-28 04:07:47,473 [INFO] ImportTextPane:193 - (OptionalMessage_ERROR) Unable to find key (Mcu.IPNb) in loaded IOC file
2022-10-28 04:07:47,539 [WARN] ApiManager:308 - Cannot register API 'Board Extension:GNSS1A1' from pack STMicroelectronics.X-CUBE-GNSS1.6.0.0: no header file found
2022-10-28 04:07:47,539 [WARN] ApiManager:308 - Cannot register API 'Board Support:Custom' from pack STMicroelectronics.X-CUBE-GNSS1.6.0.0: no header file found
2022-10-28 04:07:47,539 [WARN] ApiManager:308 - Cannot register API 'Data Exchange:lib_gnss' from pack STMicroelectronics.X-CUBE-GNSS1.6.0.0: no header file found
2022-10-28 04:07:47,569 [WARN] ApiManager:308 - Cannot register API 'Wireless:BlueNRG-MS' from pack STMicroelectronics.X-CUBE-BLE1.6.2.3: no header file found
2022-10-28 04:07:47,571 [INFO] RtosManager:488 - Registered RTOS mode: class=CMSIS, group=RTOS, mode=CMSIS_V1, owner=FREERTOS
2022-10-28 04:07:47,572 [INFO] RtosManager:488 - Registered RTOS mode: class=CMSIS, group=RTOS2, mode=CMSIS_V2, owner=FREERTOS
2022-10-28 04:07:47,572 [INFO] RtosManager:488 - Registered RTOS mode: class=RTOS, group=Core, mode=CMSIS_V1, owner=FREERTOS
2022-10-28 04:07:47,572 [INFO] RtosManager:488 - Registered RTOS mode: class=RTOS, group=Core, mode=CMSIS_V2, owner=FREERTOS
2022-10-28 04:07:47,572 [WARN] ModelIntegratedComponent:185 - Missing modes for component STMicroelectronics:FreeRTOS:0.0.1:STMicroelectronics:RTOS:FreeRTOS:Core:::10.2.0:
2022-10-28 04:07:47,577 [WARN] ApiManager:308 - Cannot register API 'Board Extension:S2868A1' from pack STMicroelectronics.X-CUBE-SUBG2.5.0.0: no header file found
2022-10-28 04:07:47,578 [WARN] ApiManager:308 - Cannot register API 'Board Extension:S2868A2' from pack STMicroelectronics.X-CUBE-SUBG2.5.0.0: no header file found
2022-10-28 04:07:47,578 [WARN] ApiManager:308 - Cannot register API 'Board Extension:S2915A1' from pack STMicroelectronics.X-CUBE-SUBG2.5.0.0: no header file found
2022-10-28 04:07:47,585 [WARN] ApiManager:308 - Cannot register API 'Wireless:BlueNRG-MS' from pack STMicroelectronics.X-CUBE-BLE1.6.2.2: no header file found
2022-10-28 04:07:47,586 [WARN] ApiManager:308 - Cannot register API 'Board Extension:NFC04A1' from pack STMicroelectronics.X-CUBE-NFC4.2.0.4: no header file found
2022-10-28 04:07:47,586 [WARN] ApiManager:308 - Cannot register API 'Wireless:BlueNRG-2' from pack STMicroelectronics.X-CUBE-BLE2.3.2.2: no header file found
2022-10-28 04:07:47,587 [WARN] ApiManager:308 - Cannot register API 'Board Extension:NFC04A1' from pack STMicroelectronics.X-CUBE-NFC4.2.0.3: no header file found
2022-10-28 04:07:47,592 [WARN] ApiManager:308 - Cannot register API 'Board Extension:S2868A1' from pack STMicroelectronics.X-CUBE-SFXS2LP1.3.1.0: no header file found
2022-10-28 04:07:47,592 [WARN] ApiManager:308 - Cannot register API 'Board Extension:S2868A2' from pack STMicroelectronics.X-CUBE-SFXS2LP1.3.1.0: no header file found
2022-10-28 04:07:47,593 [WARN] ApiManager:308 - Cannot register API 'Board Extension:S2915A1' from pack STMicroelectronics.X-CUBE-SFXS2LP1.3.1.0: no header file found
2022-10-28 04:07:47,600 [WARN] ModelIntegratedComponent:64 - No mode defined for component null
2022-10-28 04:07:47,600 [WARN] ModelIntegratedComponent:64 - No mode defined for component null
2022-10-28 04:07:47,601 [WARN] ModelIntegratedComponent:64 - No mode defined for component null
2022-10-28 04:07:47,601 [WARN] ModelIntegratedComponent:64 - No mode defined for component null
2022-10-28 04:07:47,601 [WARN] ModelIntegratedComponent:64 - No mode defined for component null
2022-10-28 04:07:47,601 [WARN] ModelIntegratedComponent:64 - No mode defined for component null
2022-10-28 04:07:47,602 [WARN] ModelIntegratedComponent:64 - No mode defined for component null
2022-10-28 04:07:47,602 [WARN] ModelIntegratedComponent:64 - No mode defined for component null
2022-10-28 04:07:47,602 [WARN] ModelIntegratedComponent:64 - No mode defined for component null
2022-10-28 04:07:47,602 [WARN] ModelIntegratedComponent:64 - No mode defined for component null
2022-10-28 04:07:47,602 [WARN] ModelIntegratedComponent:64 - No mode defined for component null
2022-10-28 04:07:47,602 [WARN] ModelIntegratedComponent:64 - No mode defined for component null
2022-10-28 04:07:47,602 [WARN] ModelIntegratedComponent:64 - No mode defined for component null
2022-10-28 04:07:47,602 [WARN] ModelIntegratedComponent:64 - No mode defined for component null
2022-10-28 04:07:47,602 [WARN] ModelIntegratedComponent:64 - No mode defined for component null
2022-10-28 04:07:47,602 [WARN] ModelIntegratedComponent:64 - No mode defined for component null
2022-10-28 04:07:47,602 [WARN] ModelIntegratedComponent:64 - No mode defined for component null
2022-10-28 04:07:47,602 [WARN] ModelIntegratedComponent:64 - No mode defined for component null
2022-10-28 04:07:47,603 [WARN] ModelIntegratedComponent:64 - No mode defined for component null
2022-10-28 04:07:47,603 [WARN] ModelIntegratedComponent:64 - No mode defined for component null
2022-10-28 04:07:47,603 [WARN] ModelIntegratedComponent:64 - No mode defined for component null
2022-10-28 04:07:47,603 [WARN] ModelIntegratedComponent:64 - No mode defined for component null
2022-10-28 04:07:47,603 [WARN] ModelIntegratedComponent:64 - No mode defined for component null
2022-10-28 04:07:47,603 [WARN] ModelIntegratedComponent:64 - No mode defined for component null
2022-10-28 04:07:47,603 [WARN] ModelIntegratedComponent:64 - No mode defined for component null
2022-10-28 04:07:47,603 [WARN] ModelIntegratedComponent:64 - No mode defined for component null
2022-10-28 04:07:47,603 [WARN] ModelIntegratedComponent:64 - No mode defined for component null
2022-10-28 04:07:47,603 [WARN] ModelIntegratedComponent:64 - No mode defined for component null
2022-10-28 04:07:47,603 [WARN] ModelIntegratedComponent:64 - No mode defined for component null
2022-10-28 04:07:47,603 [WARN] ModelIntegratedComponent:64 - No mode defined for component null
2022-10-28 04:07:47,604 [WARN] ModelIntegratedComponent:64 - No mode defined for component null
2022-10-28 04:07:47,604 [WARN] ModelIntegratedComponent:64 - No mode defined for component null
2022-10-28 04:07:47,604 [WARN] ModelIntegratedComponent:64 - No mode defined for component null
2022-10-28 04:07:47,607 [WARN] ApiManager:308 - Cannot register API 'Board Extension:NFC07A1' from pack STMicroelectronics.X-CUBE-NFC7.1.0.0: no header file found
2022-10-28 04:07:47,610 [WARN] ApiManager:308 - Cannot register API 'Board Extension:S2868A1' from pack STMicroelectronics.X-CUBE-SUBG2.4.2.0: no header file found
2022-10-28 04:07:47,610 [WARN] ApiManager:308 - Cannot register API 'Board Extension:S2868A2' from pack STMicroelectronics.X-CUBE-SUBG2.4.2.0: no header file found
2022-10-28 04:07:47,610 [WARN] ApiManager:308 - Cannot register API 'Board Extension:S2915A1' from pack STMicroelectronics.X-CUBE-SUBG2.4.2.0: no header file found
2022-10-28 04:07:47,707 [WARN] ApiManager:308 - Cannot register API 'Board Extension:IKS01A3' from pack STMicroelectronics.X-CUBE-MEMS1.9.1.0: no header file found
2022-10-28 04:07:47,708 [WARN] ApiManager:308 - Cannot register API 'Board Extension:IKS01A2' from pack STMicroelectronics.X-CUBE-MEMS1.9.1.0: no header file found
2022-10-28 04:07:47,708 [WARN] ApiManager:308 - Cannot register API 'Board Extension:IKS02A1' from pack STMicroelectronics.X-CUBE-MEMS1.9.1.0: no header file found
2022-10-28 04:07:47,768 [WARN] ApiManager:308 - Cannot register API 'Board Extension:IKS01A3' from pack STMicroelectronics.X-CUBE-MEMS1.9.3.0: no header file found
2022-10-28 04:07:47,768 [WARN] ApiManager:308 - Cannot register API 'Board Extension:IKS01A2' from pack STMicroelectronics.X-CUBE-MEMS1.9.3.0: no header file found
2022-10-28 04:07:47,769 [WARN] ApiManager:308 - Cannot register API 'Board Extension:IKS02A1' from pack STMicroelectronics.X-CUBE-MEMS1.9.3.0: no header file found
2022-10-28 04:07:47,774 [WARN] ApiManager:308 - Cannot register API 'Board Extension:EEPRMA1' from pack STMicroelectronics.X-CUBE-EEPRMA1.3.1.1: no header file found
2022-10-28 04:07:47,774 [WARN] ApiManager:308 - Cannot register API 'Board Extension:EEPRMA2' from pack STMicroelectronics.X-CUBE-EEPRMA1.3.1.1: no header file found
2022-10-28 04:07:47,775 [WARN] ApiManager:308 - Cannot register API 'Board Extension:GNSS1A1' from pack STMicroelectronics.X-CUBE-GNSS1.5.2.0: no header file found
2022-10-28 04:07:47,775 [WARN] ApiManager:308 - Cannot register API 'Board Support:Custom' from pack STMicroelectronics.X-CUBE-GNSS1.5.2.0: no header file found
2022-10-28 04:07:47,775 [WARN] ApiManager:308 - Cannot register API 'Data Exchange:lib_gnss' from pack STMicroelectronics.X-CUBE-GNSS1.5.2.0: no header file found
2022-10-28 04:07:47,776 [WARN] ApiManager:308 - Cannot register API 'Board Extension:S2868A1' from pack STMicroelectronics.X-CUBE-SFXS2LP1.4.0.0: no header file found
2022-10-28 04:07:47,776 [WARN] ApiManager:308 - Cannot register API 'Board Extension:S2868A2' from pack STMicroelectronics.X-CUBE-SFXS2LP1.4.0.0: no header file found
2022-10-28 04:07:47,776 [WARN] ApiManager:308 - Cannot register API 'Board Extension:S2915A1' from pack STMicroelectronics.X-CUBE-SFXS2LP1.4.0.0: no header file found
2022-10-28 04:07:47,776 [WARN] ApiManager:308 - Cannot register API 'Wireless:BlueNRG-2' from pack STMicroelectronics.X-CUBE-BLE2.3.3.0: no header file found
2022-10-28 04:07:47,788 [INFO] ThirdPartyModel:289 - Start build external matchings
2022-10-28 04:07:48,408 [INFO] ThirdPartyModel:302 - End build external matchings
2022-10-28 04:07:48,568 [INFO] UtilMem:74 - End LoadConfig() Used Memory: 188009672 Bytes (464519168)
2022-10-28 04:07:48,586 [WARN] ThirdParty:789 - waiting for thirdparty lock release [change project]
2022-10-28 04:07:48,587 [INFO] ThirdParty:791 - entering critical section [change project]
2022-10-28 04:07:48,588 [INFO] ThirdParty:981 - CMSIS Pack Vendor :wolfSSL I-CUBE-wolfSSL 5.2.0
2022-10-28 04:07:48,588 [INFO] ThirdParty:981 - CMSIS Pack Vendor :RoweBots I-CUBE-UNISONRTOS 5.5.0-4
2022-10-28 04:07:48,588 [INFO] ThirdParty:981 - CMSIS Pack Vendor :STMicroelectronics X-CUBE-GNSS1 6.0.0
2022-10-28 04:07:48,588 [INFO] ThirdParty:981 - CMSIS Pack Vendor :STMicroelectronics X-CUBE-AZRTOS-H7 2.1.0
2022-10-28 04:07:48,588 [INFO] ThirdParty:981 - CMSIS Pack Vendor :STMicroelectronics USB_HOST 2.0.0
2022-10-28 04:07:48,588 [INFO] ThirdParty:981 - CMSIS Pack Vendor :STMicroelectronics X-CUBE-AZRTOS-F4 1.1.0
2022-10-28 04:07:48,588 [INFO] ThirdParty:981 - CMSIS Pack Vendor :STMicroelectronics LIBJPEG 8.0.0
2022-10-28 04:07:48,588 [INFO] ThirdParty:981 - CMSIS Pack Vendor :STMicroelectronics USB_DEVICE 3.0.0
2022-10-28 04:07:48,588 [INFO] ThirdParty:981 - CMSIS Pack Vendor :STMicroelectronics X-CUBE-BLEMGR 1.0.0
2022-10-28 04:07:48,588 [INFO] ThirdParty:981 - CMSIS Pack Vendor :STMicroelectronics X-CUBE-BLEMGR 1.2.0
2022-10-28 04:07:48,588 [INFO] ThirdParty:981 - CMSIS Pack Vendor :STMicroelectronics X-CUBE-AZRTOS-F7 1.1.0
2022-10-28 04:07:48,589 [INFO] ThirdParty:981 - CMSIS Pack Vendor :STMicroelectronics USB_DEVICE 2.0.0
2022-10-28 04:07:48,589 [INFO] ThirdParty:981 - CMSIS Pack Vendor :STMicroelectronics X-CUBE-AI 7.1.0
2022-10-28 04:07:48,589 [INFO] ThirdParty:981 - CMSIS Pack Vendor :STMicroelectronics X-CUBE-BLE1 6.2.3
2022-10-28 04:07:48,589 [INFO] ThirdParty:981 - CMSIS Pack Vendor :STMicroelectronics X-CUBE-ALGOBUILD 1.3.0
2022-10-28 04:07:48,589 [INFO] ThirdParty:981 - CMSIS Pack Vendor :STMicroelectronics FreeRTOS 0.0.1
2022-10-28 04:07:48,589 [INFO] ThirdParty:981 - CMSIS Pack Vendor :STMicroelectronics X-CUBE-AZRTOS-G0 1.1.0
2022-10-28 04:07:48,604 [INFO] ThirdParty:981 - CMSIS Pack Vendor :STMicroelectronics X-CUBE-SUBG2 5.0.0
2022-10-28 04:07:48,604 [INFO] ThirdParty:981 - CMSIS Pack Vendor :SEGGER I-CUBE-embOS 1.2.0
2022-10-28 04:07:48,604 [INFO] ThirdParty:981 - CMSIS Pack Vendor :STMicroelectronics STM32_WPAN 1.0.0
2022-10-28 04:07:48,605 [INFO] ThirdParty:981 - CMSIS Pack Vendor :STMicroelectronics lwIP 2.0.3
2022-10-28 04:07:48,605 [INFO] ThirdParty:981 - CMSIS Pack Vendor :STMicroelectronics X-CUBE-BLE1 6.2.2
2022-10-28 04:07:48,606 [INFO] ThirdParty:981 - CMSIS Pack Vendor :STMicroelectronics X-CUBE-NFC4 2.0.4
2022-10-28 04:07:48,606 [INFO] ThirdParty:981 - CMSIS Pack Vendor :STMicroelectronics X-CUBE-BLE2 3.2.2
2022-10-28 04:07:48,606 [INFO] ThirdParty:981 - CMSIS Pack Vendor :STMicroelectronics USB_HOST 1.0.0
2022-10-28 04:07:48,606 [INFO] ThirdParty:981 - CMSIS Pack Vendor :STMicroelectronics X-CUBE-NFC4 2.0.3
2022-10-28 04:07:48,606 [INFO] ThirdParty:981 - CMSIS Pack Vendor :STMicroelectronics PDM2PCM 3.1.0
2022-10-28 04:07:48,606 [INFO] ThirdParty:981 - CMSIS Pack Vendor :STMicroelectronics FP-ATR-ASTRA1 1.1.1
2022-10-28 04:07:48,606 [INFO] ThirdParty:981 - CMSIS Pack Vendor :STMicroelectronics PDM2PCM 3.3.0
2022-10-28 04:07:48,606 [INFO] ThirdParty:981 - CMSIS Pack Vendor :STMicroelectronics X-CUBE-TOF1 3.1.0
2022-10-28 04:07:48,606 [INFO] ThirdParty:981 - CMSIS Pack Vendor :STMicroelectronics X-CUBE-SFXS2LP1 3.1.0
2022-10-28 04:07:48,608 [INFO] ThirdParty:981 - CMSIS Pack Vendor :STMicroelectronics X-CUBE-AZRTOS-F4 1.0.0
2022-10-28 04:07:48,608 [INFO] ThirdParty:981 - CMSIS Pack Vendor :STMicroelectronics X-CUBE-AZRTOS-H7 2.0.0
2022-10-28 04:07:48,608 [INFO] ThirdParty:981 - CMSIS Pack Vendor :STMicroelectronics X-CUBE-AZRTOS-G4 1.0.0
2022-10-28 04:07:48,608 [INFO] ThirdParty:981 - CMSIS Pack Vendor :STMicroelectronics FP-ATR-SIGFOX1 3.2.0
2022-10-28 04:07:48,608 [INFO] ThirdParty:981 - CMSIS Pack Vendor :STMicroelectronics X-CUBE-AZRTOS-L4 1.0.0
2022-10-28 04:07:48,608 [INFO] ThirdParty:981 - CMSIS Pack Vendor :STMicroelectronics HAL Drivers 0.0.0
2022-10-28 04:07:48,608 [INFO] ThirdParty:981 - CMSIS Pack Vendor :STMicroelectronics MBEDTLS 2.16.2
2022-10-28 04:07:48,608 [INFO] ThirdParty:981 - CMSIS Pack Vendor :emotas I-CUBE-CANOPEN 1.1.2
2022-10-28 04:07:48,608 [INFO] ThirdParty:981 - CMSIS Pack Vendor :STMicroelectronics X-CUBE-TOUCHGFX 4.20.0
2022-10-28 04:07:48,608 [INFO] ThirdParty:981 - CMSIS Pack Vendor :STMicroelectronics MBEDTLS 2.14.1
2022-10-28 04:07:48,608 [INFO] ThirdParty:981 - CMSIS Pack Vendor :STMicroelectronics X-CUBE-NFC7 1.0.0
2022-10-28 04:07:48,609 [INFO] ThirdParty:981 - CMSIS Pack Vendor :STMicroelectronics X-CUBE-AZRTOS-F7 1.0.0
2022-10-28 04:07:48,609 [INFO] ThirdParty:981 - CMSIS Pack Vendor :STMicroelectronics X-CUBE-AZRTOS-WL 1.0.0
2022-10-28 04:07:48,609 [INFO] ThirdParty:981 - CMSIS Pack Vendor :STMicroelectronics X-CUBE-SUBG2 4.2.0
2022-10-28 04:07:48,609 [INFO] ThirdParty:981 - CMSIS Pack Vendor :STMicroelectronics X-CUBE-MEMS1 9.1.0
2022-10-28 04:07:48,609 [INFO] ThirdParty:981 - CMSIS Pack Vendor :STMicroelectronics X-CUBE-MEMS1 9.3.0
2022-10-28 04:07:48,609 [INFO] ThirdParty:981 - CMSIS Pack Vendor :portGmbH I-Cube-SoM-uGOAL 1.1.0
2022-10-28 04:07:48,609 [INFO] ThirdParty:981 - CMSIS Pack Vendor :STMicroelectronics X-CUBE-ALS 1.0.1
2022-10-28 04:07:48,609 [INFO] ThirdParty:981 - CMSIS Pack Vendor :STMicroelectronics X-CUBE-AI 7.2.0
2022-10-28 04:07:48,609 [INFO] ThirdParty:981 - CMSIS Pack Vendor :STMicroelectronics ThreadX 1.0.0
2022-10-28 04:07:48,609 [INFO] ThirdParty:981 - CMSIS Pack Vendor :STMicroelectronics X-CUBE-AZRTOS-L5 1.0.0
2022-10-28 04:07:48,609 [INFO] ThirdParty:981 - CMSIS Pack Vendor :STMicroelectronics USB_DEVICE 1.0.0
2022-10-28 04:07:48,609 [INFO] ThirdParty:981 - CMSIS Pack Vendor :STMicroelectronics X-CUBE-AZRTOS-G0 1.0.0
2022-10-28 04:07:48,609 [INFO] ThirdParty:981 - CMSIS Pack Vendor :STMicroelectronics X-CUBE-EEPRMA1 3.1.1
2022-10-28 04:07:48,609 [INFO] ThirdParty:981 - CMSIS Pack Vendor :STMicroelectronics X-CUBE-GNSS1 5.2.0
2022-10-28 04:07:48,609 [INFO] ThirdParty:981 - CMSIS Pack Vendor :STMicroelectronics ThreadX 0.0.2
2022-10-28 04:07:48,610 [INFO] ThirdParty:981 - CMSIS Pack Vendor :STMicroelectronics lwIP 2.1.2
2022-10-28 04:07:48,610 [INFO] ThirdParty:981 - CMSIS Pack Vendor :STMicroelectronics X-CUBE-SFXS2LP1 4.0.0
2022-10-28 04:07:48,610 [INFO] ThirdParty:981 - CMSIS Pack Vendor :STMicroelectronics X-CUBE-BLE2 3.3.0
2022-10-28 04:07:48,610 [INFO] ThirdParty:981 - CMSIS Pack Vendor :STMicroelectronics X-CUBE-DISPLAY 2.0.1
2022-10-28 04:07:48,610 [INFO] ThirdParty:981 - CMSIS Pack Vendor :STMicroelectronics X-CUBE-DISPLAY 2.2.0
2022-10-28 04:07:48,610 [INFO] ThirdParty:981 - CMSIS Pack Vendor :STMicroelectronics X-CUBE-TOF1 3.2.0
2022-10-28 04:07:48,610 [INFO] ThirdParty:981 - CMSIS Pack Vendor :STMicroelectronics PDM2PCM 3.2.0
2022-10-28 04:07:48,610 [INFO] ThirdParty:981 - CMSIS Pack Vendor :STMicroelectronics X-CUBE-TOUCHGFX 4.18.1
2022-10-28 04:07:48,610 [INFO] ThirdParty:981 - CMSIS Pack Vendor :STMicroelectronics X-CUBE-TOF1 3.0.0
2022-10-28 04:07:48,611 [INFO] ThirdParty:981 - CMSIS Pack Vendor :STMicroelectronics X-CUBE-ISPU 1.0.0
2022-10-28 04:07:48,611 [INFO] ThirdParty:797 - exiting critical section [change project]
2022-10-28 04:07:48,852 [INFO] PinOutPanel:1468 - setPackage(No Configuration,No Configuration)
2022-10-28 04:07:48,854 [INFO] PinOutPanel:1468 - setPackage(STM32F103C8Tx,LQFP48)
2022-10-28 04:07:49,329 [INFO] UtilMem:74 - Before build in PCC Used Memory: 215568576 Bytes (464519168)
2022-10-28 04:07:49,988 [INFO] UtilMem:74 - After build in PCC Used Memory: 186702208 Bytes (464519168)
2022-10-28 04:07:50,011 [INFO] IPUIPlugin:79 - create IPUIPlugin
2022-10-28 04:07:50,011 [INFO] IPUIPlugin:79 - create IPUIPlugin
2022-10-28 04:07:50,011 [INFO] IPUIPlugin:79 - create IPUIPlugin
2022-10-28 04:07:50,012 [INFO] IPUIPlugin:79 - create IPUIPlugin
2022-10-28 04:07:50,012 [INFO] IPUIPlugin:79 - create IPUIPlugin
2022-10-28 04:07:50,012 [INFO] IPUIPlugin:79 - create IPUIPlugin
2022-10-28 04:07:50,012 [INFO] IPUIPlugin:79 - create IPUIPlugin
2022-10-28 04:07:50,012 [INFO] IPUIPlugin:79 - create IPUIPlugin
2022-10-28 04:07:50,012 [INFO] IPUIPlugin:79 - create IPUIPlugin
2022-10-28 04:07:50,013 [INFO] IPUIPlugin:79 - create IPUIPlugin
2022-10-28 04:07:50,013 [INFO] IPUIPlugin:79 - create IPUIPlugin
2022-10-28 04:07:50,013 [INFO] IPUIPlugin:79 - create IPUIPlugin
2022-10-28 04:07:50,013 [INFO] IPUIPlugin:79 - create IPUIPlugin
2022-10-28 04:07:50,014 [INFO] IPUIPlugin:79 - create IPUIPlugin
2022-10-28 04:07:50,014 [INFO] IPUIPlugin:79 - create IPUIPlugin
2022-10-28 04:07:50,014 [INFO] IPUIPlugin:79 - create IPUIPlugin
2022-10-28 04:07:50,014 [INFO] IPUIPlugin:79 - create IPUIPlugin
2022-10-28 04:07:50,015 [INFO] IPUIPlugin:79 - create IPUIPlugin
2022-10-28 04:07:50,015 [INFO] IPUIPlugin:79 - create IPUIPlugin
2022-10-28 04:07:50,015 [INFO] IPUIPlugin:79 - create IPUIPlugin
2022-10-28 04:07:50,016 [INFO] IPUIPlugin:79 - create IPUIPlugin
2022-10-28 04:07:50,016 [INFO] IPUIPlugin:79 - create IPUIPlugin
2022-10-28 04:07:50,016 [INFO] IPUIPlugin:79 - create IPUIPlugin
2022-10-28 04:07:50,016 [INFO] IPUIPlugin:79 - create IPUIPlugin
2022-10-28 04:07:50,017 [INFO] IPUIPlugin:79 - create IPUIPlugin
2022-10-28 04:07:50,017 [INFO] IPUIPlugin:79 - create IPUIPlugin
2022-10-28 04:07:50,017 [INFO] IPUIPlugin:79 - create IPUIPlugin
2022-10-28 04:07:50,269 [INFO] OpenFileManager:327 - Restore cursor
2022-10-28 04:07:50,778 [INFO] UtilMem:74 - End SaveConfig() Used Memory: 300996992 Bytes (464519168)
2022-10-28 04:07:50,869 [INFO] UtilMem:74 - End SaveConfig() Used Memory: 312009088 Bytes (464519168)
2022-10-28 04:07:51,315 [INFO] BlockDiagram:2753 - set Specific Code input for plugin: NVIC
2022-10-28 04:07:51,316 [INFO] BlockDiagram:2753 - set Specific Code input for plugin: RCC
2022-10-28 04:07:51,317 [INFO] CodeGenerator:690 - code generatio: config db path: C:\ST\STM32CubeIDE_1.9.0\STM32CubeIDE\plugins\com.st.stm32cube.common.mx_6.6.1.202207061420\\db\
2022-10-28 04:07:51,558 [INFO] CodeEngine:245 - oldGeneratedFile, D:\github\mc\stm32\UART_Bluetooth_Module_HC_06\UART_Bluetooth_Module_HC_06\MXTmpFiles\license.tmp_save
2022-10-28 04:07:51,850 [INFO] CodeEngine:269 - Generated code: D:\github\mc\stm32\UART_Bluetooth_Module_HC_06\UART_Bluetooth_Module_HC_06\MXTmpFiles\license.tmp
2022-10-28 04:07:51,863 [INFO] CodeEngine:245 - oldGeneratedFile, D:\github\mc\stm32\UART_Bluetooth_Module_HC_06\UART_Bluetooth_Module_HC_06\Core\Src\stm32f1xx_it.c_save
2022-10-28 04:07:52,033 [INFO] CodeEngine:269 - Generated code: D:\github\mc\stm32\UART_Bluetooth_Module_HC_06\UART_Bluetooth_Module_HC_06\Core\Src\stm32f1xx_it.c
2022-10-28 04:07:52,044 [INFO] CodeEngine:245 - oldGeneratedFile, D:\github\mc\stm32\UART_Bluetooth_Module_HC_06\UART_Bluetooth_Module_HC_06\Core\Inc\stm32f1xx_it.h_save
2022-10-28 04:07:52,175 [INFO] CodeEngine:269 - Generated code: D:\github\mc\stm32\UART_Bluetooth_Module_HC_06\UART_Bluetooth_Module_HC_06\Core\Inc\stm32f1xx_it.h
2022-10-28 04:07:52,258 [INFO] CodeEngine:245 - oldGeneratedFile, D:\github\mc\stm32\UART_Bluetooth_Module_HC_06\UART_Bluetooth_Module_HC_06\Core\Src\stm32f1xx_hal_msp.c_save
2022-10-28 04:07:52,405 [INFO] CodeEngine:269 - Generated code: D:\github\mc\stm32\UART_Bluetooth_Module_HC_06\UART_Bluetooth_Module_HC_06\Core\Src\stm32f1xx_hal_msp.c
2022-10-28 04:07:52,411 [INFO] CodeEngine:245 - oldGeneratedFile, D:\github\mc\stm32\UART_Bluetooth_Module_HC_06\UART_Bluetooth_Module_HC_06\MXTmpFiles\system.tmp_save
2022-10-28 04:07:52,490 [INFO] CodeEngine:269 - Generated code: D:\github\mc\stm32\UART_Bluetooth_Module_HC_06\UART_Bluetooth_Module_HC_06\MXTmpFiles\system.tmp
2022-10-28 04:07:52,501 [INFO] CodeEngine:245 - oldGeneratedFile, D:\github\mc\stm32\UART_Bluetooth_Module_HC_06\UART_Bluetooth_Module_HC_06\Core\Inc\stm32f1xx_hal_conf.h_save
2022-10-28 04:07:52,643 [INFO] CodeEngine:269 - Generated code: D:\github\mc\stm32\UART_Bluetooth_Module_HC_06\UART_Bluetooth_Module_HC_06\Core\Inc\stm32f1xx_hal_conf.h
2022-10-28 04:07:52,705 [INFO] CodeEngine:245 - oldGeneratedFile, D:\github\mc\stm32\UART_Bluetooth_Module_HC_06\UART_Bluetooth_Module_HC_06\Core\Inc\main.h_save
2022-10-28 04:07:52,884 [INFO] CodeEngine:269 - Generated code: D:\github\mc\stm32\UART_Bluetooth_Module_HC_06\UART_Bluetooth_Module_HC_06\Core\Inc\main.h
2022-10-28 04:07:52,892 [INFO] CodeEngine:245 - oldGeneratedFile, D:\github\mc\stm32\UART_Bluetooth_Module_HC_06\UART_Bluetooth_Module_HC_06\Core\Src\main.c_save
2022-10-28 04:07:53,053 [INFO] CodeEngine:269 - Generated code: D:\github\mc\stm32\UART_Bluetooth_Module_HC_06\UART_Bluetooth_Module_HC_06\Core\Src\main.c
2022-10-28 04:07:53,866 [INFO] ProjectBuilder:2919 - Time for Copy HAL[1] : 218mS.
2022-10-28 04:07:53,891 [INFO] ProjectBuilder:4117 - Project Generator version: 3.17.1
2022-10-28 04:07:54,292 [INFO] ConfigFileManager:1394 - The Die is : DIE410
2022-10-28 04:07:54,320 [INFO] ApiDbMcu:505 - Load IP Config File for FATFS
2022-10-28 04:07:54,350 [INFO] ApiDbMcu:505 - Load IP Config File for FREERTOS
2022-10-28 04:07:54,378 [INFO] ApiDbMcu:505 - Load IP Config File for USB_DEVICE
2022-10-28 04:07:57,436 [INFO] ProjectBuilder:4285 - Time for Generating toolchain IDE Files: 3545mS.
2022-10-28 04:07:57,437 [INFO] ProjectBuilder:2790 - Time for Copy CMSIS : 1mS.
2022-10-28 04:07:57,438 [INFO] ProjectBuilder:2790 - Time for Copy CMSIS : 0mS.
2022-10-28 04:08:00,106 [INFO] McuFinderGlobals:57 - Set McuFinderConnectedMode to true
2022-10-28 04:08:00,107 [INFO] ApiDb:443 - Save user favorites file C:\Users\Zver/.stm32cubeide/favorites.mcus.txt: 1 item(s)
2022-10-28 04:08:00,108 [INFO] ApiDb:447 - User favorites MCUs=[STM32F103C8T6]
2022-10-28 04:10:00,213 [INFO] NvicIntPanel:100 - NVIC parent = com.st.microxplorer.plugins.ip.nvic.MultiNvicIntPanel[,0,0,476x173,layout=javax.swing.BoxLayout,alignmentX=0.0,alignmentY=0.0,border=,flags=9,maximumSize=,minimumSize=,preferredSize=]
2022-10-28 04:10:02,948 [INFO] NvicIntPanel:100 - NVIC parent = com.st.microxplorer.plugins.ip.nvic.MultiNvicIntPanel[,0,0,0x0,invalid,layout=javax.swing.BoxLayout,alignmentX=0.0,alignmentY=0.0,border=,flags=9,maximumSize=,minimumSize=,preferredSize=]
2022-10-28 04:10:41,727 [INFO] UtilMem:74 - End SaveConfig() Used Memory: 262102760 Bytes (654311424)
2022-10-28 04:10:43,268 [INFO] UtilMem:74 - End SaveConfig() Used Memory: 277613248 Bytes (654311424)
2022-10-28 04:10:45,469 [INFO] UtilMem:74 - End SaveConfig() Used Memory: 420175360 Bytes (654311424)
2022-10-28 04:10:45,754 [INFO] BlockDiagram:2753 - set Specific Code input for plugin: NVIC
2022-10-28 04:10:45,755 [INFO] BlockDiagram:2753 - set Specific Code input for plugin: USART
2022-10-28 04:10:45,755 [INFO] BlockDiagram:2753 - set Specific Code input for plugin: SYS
2022-10-28 04:10:45,756 [INFO] BlockDiagram:2753 - set Specific Code input for plugin: GPIO
2022-10-28 04:10:45,756 [INFO] BlockDiagram:2753 - set Specific Code input for plugin: RCC
2022-10-28 04:10:45,757 [INFO] CodeGenerator:690 - code generatio: config db path: C:\ST\STM32CubeIDE_1.9.0\STM32CubeIDE\plugins\com.st.stm32cube.common.mx_6.6.1.202207061420\\db\
2022-10-28 04:10:45,892 [INFO] CodeEngine:245 - oldGeneratedFile, D:\github\mc\stm32\UART_Bluetooth_Module_HC_06\UART_Bluetooth_Module_HC_06\MXTmpFiles\license.tmp_save
2022-10-28 04:10:46,009 [INFO] CodeEngine:269 - Generated code: D:\github\mc\stm32\UART_Bluetooth_Module_HC_06\UART_Bluetooth_Module_HC_06\MXTmpFiles\license.tmp
2022-10-28 04:10:46,048 [INFO] CodeEngine:245 - oldGeneratedFile, D:\github\mc\stm32\UART_Bluetooth_Module_HC_06\UART_Bluetooth_Module_HC_06\MXTmpFiles\gpio.tmp_save
2022-10-28 04:10:46,166 [INFO] CodeEngine:269 - Generated code: D:\github\mc\stm32\UART_Bluetooth_Module_HC_06\UART_Bluetooth_Module_HC_06\MXTmpFiles\gpio.tmp
2022-10-28 04:10:46,238 [INFO] CodeEngine:245 - oldGeneratedFile, D:\github\mc\stm32\UART_Bluetooth_Module_HC_06\UART_Bluetooth_Module_HC_06\Core\Src\stm32f1xx_it.c_save
2022-10-28 04:10:46,491 [INFO] CodeEngine:269 - Generated code: D:\github\mc\stm32\UART_Bluetooth_Module_HC_06\UART_Bluetooth_Module_HC_06\Core\Src\stm32f1xx_it.c
2022-10-28 04:10:46,499 [INFO] CodeEngine:245 - oldGeneratedFile, D:\github\mc\stm32\UART_Bluetooth_Module_HC_06\UART_Bluetooth_Module_HC_06\Core\Inc\stm32f1xx_it.h_save
2022-10-28 04:10:46,643 [INFO] CodeEngine:269 - Generated code: D:\github\mc\stm32\UART_Bluetooth_Module_HC_06\UART_Bluetooth_Module_HC_06\Core\Inc\stm32f1xx_it.h
2022-10-28 04:10:46,685 [INFO] CodeEngine:245 - oldGeneratedFile, D:\github\mc\stm32\UART_Bluetooth_Module_HC_06\UART_Bluetooth_Module_HC_06\Core\Src\stm32f1xx_hal_msp.c_save
2022-10-28 04:10:46,801 [INFO] CodeEngine:269 - Generated code: D:\github\mc\stm32\UART_Bluetooth_Module_HC_06\UART_Bluetooth_Module_HC_06\Core\Src\stm32f1xx_hal_msp.c
2022-10-28 04:10:46,806 [INFO] CodeEngine:245 - oldGeneratedFile, D:\github\mc\stm32\UART_Bluetooth_Module_HC_06\UART_Bluetooth_Module_HC_06\MXTmpFiles\system.tmp_save
2022-10-28 04:10:46,864 [INFO] CodeEngine:269 - Generated code: D:\github\mc\stm32\UART_Bluetooth_Module_HC_06\UART_Bluetooth_Module_HC_06\MXTmpFiles\system.tmp
2022-10-28 04:10:46,887 [INFO] CodeEngine:245 - oldGeneratedFile, D:\github\mc\stm32\UART_Bluetooth_Module_HC_06\UART_Bluetooth_Module_HC_06\Core\Inc\stm32f1xx_hal_conf.h_save
2022-10-28 04:10:47,030 [INFO] CodeEngine:269 - Generated code: D:\github\mc\stm32\UART_Bluetooth_Module_HC_06\UART_Bluetooth_Module_HC_06\Core\Inc\stm32f1xx_hal_conf.h
2022-10-28 04:10:47,075 [INFO] CodeEngine:245 - oldGeneratedFile, D:\github\mc\stm32\UART_Bluetooth_Module_HC_06\UART_Bluetooth_Module_HC_06\Core\Inc\main.h_save
2022-10-28 04:10:47,198 [INFO] CodeEngine:269 - Generated code: D:\github\mc\stm32\UART_Bluetooth_Module_HC_06\UART_Bluetooth_Module_HC_06\Core\Inc\main.h
2022-10-28 04:10:47,251 [INFO] CodeEngine:245 - oldGeneratedFile, D:\github\mc\stm32\UART_Bluetooth_Module_HC_06\UART_Bluetooth_Module_HC_06\Core\Src\main.c_save
2022-10-28 04:10:47,425 [INFO] CodeEngine:269 - Generated code: D:\github\mc\stm32\UART_Bluetooth_Module_HC_06\UART_Bluetooth_Module_HC_06\Core\Src\main.c
2022-10-28 04:10:47,978 [INFO] ProjectBuilder:2919 - Time for Copy HAL[1] : 156mS.
2022-10-28 04:10:47,981 [INFO] ProjectBuilder:4117 - Project Generator version: 3.17.1
2022-10-28 04:10:48,264 [INFO] ConfigFileManager:1394 - The Die is : DIE410
2022-10-28 04:10:50,039 [INFO] ProjectBuilder:4285 - Time for Generating toolchain IDE Files: 2058mS.
2022-10-28 04:10:50,041 [INFO] ProjectBuilder:2790 - Time for Copy CMSIS : 1mS.
2022-10-28 04:10:50,045 [INFO] ProjectBuilder:2790 - Time for Copy CMSIS : 1mS.
