2022-11-01 02:42:00,959 [INFO] Activator:177 - 


2022-11-01 02:42:00,960 [INFO] Activator:178 - !SESSION log4j initialized
2022-11-01 02:42:25,674 [ERROR] LogOutputStream:74 - [STDERR_REDIRECT] SLF4J: Failed to load class "org.slf4j.impl.StaticLoggerBinder".
2022-11-01 02:42:25,674 [ERROR] LogOutputStream:74 - [STDERR_REDIRECT] SLF4J: Defaulting to no-operation (NOP) logger implementation
2022-11-01 02:42:25,676 [ERROR] LogOutputStream:74 - [STDERR_REDIRECT] SLF4J: See http://www.slf4j.org/codes.html#StaticLoggerBinder for further details.
2022-11-01 02:42:25,807 [INFO] McuFinderGlobals:44 - Set McuFinder mode to 2 (CubeIDE integrated)
2022-11-01 02:42:25,912 [INFO] ApplicationProperties:181 - Using Application install path: C:\ST\STM32CubeIDE_1.9.0\STM32CubeIDE\plugins\com.st.stm32cube.common.mx_6.6.1.202207061420
2022-11-01 02:42:25,929 [INFO] DbMcusXml:77 - Set database path to: C:\ST\STM32CubeIDE_1.9.0\STM32CubeIDE\plugins\com.st.stm32cube.common.mx_6.6.1.202207061420\\db\/mcu/
2022-11-01 02:42:25,929 [INFO] ApiDb:269 - Set plugin database path to: C:\ST\STM32CubeIDE_1.9.0\STM32CubeIDE\plugins\com.st.stm32cube.common.mx_6.6.1.202207061420\\db\/plugins/boardmanager/
2022-11-01 02:42:25,931 [WARN] ApiDb:254 - Overriding images path with different value:  => C:\ST\STM32CubeIDE_1.9.0\STM32CubeIDE\plugins\com.st.stm32cube.common.mx_6.6.1.202207061420\\db\/plugins/mcufinder/images/
2022-11-01 02:42:25,944 [INFO] ApiDb:249 - Set database path to: C:\Users\Zver\.stmcufinder\plugins\mcufinder//mcu/
2022-11-01 02:42:25,946 [INFO] DbMcusAds:124 - Set database path to: C:\Users\Zver\.stmcufinder\plugins\mcufinder//mcu/
2022-11-01 02:42:25,957 [INFO] CrossReferenceDbSqlite:201 - Set database path to: C:\Users\Zver\.stmcufinder\plugins\mcufinder//mcu/cs/
2022-11-01 02:42:26,095 [INFO] RulesReader:61 - Compatibility file has been processed (282 Rules)
2022-11-01 02:42:26,242 [INFO] DbMcusXml:77 - Set database path to: C:\ST\STM32CubeIDE_1.9.0\STM32CubeIDE\plugins\com.st.stm32cube.common.mx_6.6.1.202207061420\\db\/mcu/
2022-11-01 02:42:26,242 [INFO] ApiDb:269 - Set plugin database path to: C:\ST\STM32CubeIDE_1.9.0\STM32CubeIDE\plugins\com.st.stm32cube.common.mx_6.6.1.202207061420\\db\/plugins/boardmanager/
2022-11-01 02:42:26,243 [INFO] ApiDb:256 - Set plugin images path to: C:\ST\STM32CubeIDE_1.9.0\STM32CubeIDE\plugins\com.st.stm32cube.common.mx_6.6.1.202207061420\\db\/plugins/mcufinder/images/
2022-11-01 02:42:26,243 [WARN] DbFile:40 - Overriding database path with different value: C:\Users\Zver\.stmcufinder\plugins\mcufinder/ => C:\Users\Zver\.stmcufinder\plugins\mcufinder
2022-11-01 02:42:26,243 [INFO] ApiDb:249 - Set database path to: C:\Users\Zver\.stmcufinder\plugins\mcufinder//mcu/
2022-11-01 02:42:26,243 [WARN] DbFile:40 - Overriding database path with different value: C:\Users\Zver\.stmcufinder\plugins\mcufinder/ => C:\Users\Zver\.stmcufinder\plugins\mcufinder
2022-11-01 02:42:26,244 [INFO] DbMcusAds:124 - Set database path to: C:\Users\Zver\.stmcufinder\plugins\mcufinder//mcu/
2022-11-01 02:42:26,245 [WARN] DbFile:40 - Overriding database path with different value: C:\Users\Zver\.stmcufinder\plugins\mcufinder/ => C:\Users\Zver\.stmcufinder\plugins\mcufinder
2022-11-01 02:42:26,245 [WARN] DbFile:40 - Overriding database path with different value: C:\Users\Zver\.stmcufinder\plugins\mcufinder/ => C:\Users\Zver\.stmcufinder\plugins\mcufinder
2022-11-01 02:42:26,245 [INFO] CrossReferenceDbSqlite:201 - Set database path to: C:\Users\Zver\.stmcufinder\plugins\mcufinder//mcu/cs/
2022-11-01 02:42:26,357 [INFO] MainPanel:242 - HeapMemory: 268435456
2022-11-01 02:42:26,452 [INFO] DbMcusXml:77 - Set database path to: C:\ST\STM32CubeIDE_1.9.0\STM32CubeIDE\plugins\com.st.stm32cube.common.mx_6.6.1.202207061420\\db\/mcu/
2022-11-01 02:42:26,453 [INFO] ApiDb:269 - Set plugin database path to: C:\ST\STM32CubeIDE_1.9.0\STM32CubeIDE\plugins\com.st.stm32cube.common.mx_6.6.1.202207061420\\db\/plugins/boardmanager/
2022-11-01 02:42:26,453 [INFO] ApiDb:256 - Set plugin images path to: C:\ST\STM32CubeIDE_1.9.0\STM32CubeIDE\plugins\com.st.stm32cube.common.mx_6.6.1.202207061420\\db\/plugins/mcufinder/images/
2022-11-01 02:42:26,454 [WARN] DbFile:40 - Overriding database path with different value: C:\Users\Zver\.stmcufinder\plugins\mcufinder/ => C:\Users\Zver\.stmcufinder\plugins\mcufinder
2022-11-01 02:42:26,455 [INFO] ApiDb:249 - Set database path to: C:\Users\Zver\.stmcufinder\plugins\mcufinder//mcu/
2022-11-01 02:42:26,455 [WARN] DbFile:40 - Overriding database path with different value: C:\Users\Zver\.stmcufinder\plugins\mcufinder/ => C:\Users\Zver\.stmcufinder\plugins\mcufinder
2022-11-01 02:42:26,455 [INFO] DbMcusAds:124 - Set database path to: C:\Users\Zver\.stmcufinder\plugins\mcufinder//mcu/
2022-11-01 02:42:26,456 [WARN] DbFile:40 - Overriding database path with different value: C:\Users\Zver\.stmcufinder\plugins\mcufinder/ => C:\Users\Zver\.stmcufinder\plugins\mcufinder
2022-11-01 02:42:26,456 [WARN] DbFile:40 - Overriding database path with different value: C:\Users\Zver\.stmcufinder\plugins\mcufinder/ => C:\Users\Zver\.stmcufinder\plugins\mcufinder
2022-11-01 02:42:26,456 [INFO] CrossReferenceDbSqlite:201 - Set database path to: C:\Users\Zver\.stmcufinder\plugins\mcufinder//mcu/cs/
2022-11-01 02:42:26,484 [INFO] ApplicationProperties:181 - Using Application install path: C:\ST\STM32CubeIDE_1.9.0\STM32CubeIDE\plugins\com.st.stm32cube.common.mx_6.6.1.202207061420
2022-11-01 02:42:26,486 [INFO] PluginManage:193 - Search for loadable plugins [exclusion list=, ]
2022-11-01 02:42:26,487 [INFO] PluginManage:307 - Check plugin analytics
2022-11-01 02:42:26,680 [INFO] AnalyticsPlugin:262 - Accepted Software Licenses: 
2022-11-01 02:42:26,681 [INFO] AnalyticsPlugin:264 - Accepted CMSIS Pack Licenses: 
2022-11-01 02:42:26,682 [INFO] AnalyticsPlugin:266 - Accepted Firmware Licenses: 
2022-11-01 02:42:26,691 [INFO] PluginManage:356 - Loaded plugin analytics (category:tool,tabindex:-1)
2022-11-01 02:42:26,691 [INFO] PluginManage:307 - Check plugin cadmodel
2022-11-01 02:42:26,697 [INFO] CADModel:65 - Init CAD model plugin
2022-11-01 02:42:26,698 [INFO] PluginManage:356 - Loaded plugin cadmodel (category:power,tabindex:5)
2022-11-01 02:42:26,698 [INFO] PluginManage:307 - Check plugin clock
2022-11-01 02:42:26,711 [INFO] PluginManage:356 - Loaded plugin clock (category:base,tabindex:2)
2022-11-01 02:42:26,712 [INFO] PluginManage:307 - Check plugin ddr
2022-11-01 02:42:26,714 [INFO] PluginManage:356 - Loaded plugin ddr (category:tool,tabindex:6)
2022-11-01 02:42:26,715 [INFO] PluginManage:307 - Check plugin filemanager
2022-11-01 02:42:26,897 [INFO] PluginManage:356 - Loaded plugin filemanager (category:base,tabindex:10)
2022-11-01 02:42:26,898 [INFO] PluginManage:307 - Check plugin ipmanager
2022-11-01 02:42:26,913 [INFO] PluginManage:356 - Loaded plugin ipmanager (category:base,tabindex:5)
2022-11-01 02:42:26,913 [INFO] PluginManage:307 - Check plugin lpbam
2022-11-01 02:42:26,926 [INFO] PluginManage:356 - Loaded plugin lpbam (category:base,tabindex:0)
2022-11-01 02:42:26,927 [INFO] PluginManage:307 - Check plugin pinoutandconfiguration
2022-11-01 02:42:26,937 [INFO] PluginManage:356 - Loaded plugin pinoutandconfiguration (category:base,tabindex:1)
2022-11-01 02:42:26,937 [INFO] PluginManage:307 - Check plugin pinoutconfig
2022-11-01 02:42:26,992 [INFO] PluginManage:356 - Loaded plugin pinoutconfig (category:base,tabindex:0)
2022-11-01 02:42:26,992 [INFO] PluginManage:307 - Check plugin power
2022-11-01 02:42:27,000 [INFO] PluginManage:356 - Loaded plugin power (category:power,tabindex:4)
2022-11-01 02:42:27,000 [INFO] PluginManage:307 - Check plugin projectmanager
2022-11-01 02:42:27,018 [INFO] PluginManage:356 - Loaded plugin projectmanager (category:projectmanager,tabindex:3)
2022-11-01 02:42:27,018 [INFO] PluginManage:307 - Check plugin thirdparty
2022-11-01 02:42:27,149 [WARN] IntegrityCheckThread:82 - waiting for thirdparty lock release [integrity check]
2022-11-01 02:42:27,149 [INFO] PluginManage:356 - Loaded plugin thirdparty (category:base,tabindex:-1)
2022-11-01 02:42:27,150 [INFO] IntegrityCheckThread:84 - entering critical section [integrity check]
2022-11-01 02:42:27,150 [INFO] PluginManage:307 - Check plugin tools
2022-11-01 02:42:27,152 [INFO] ThirdPartyUpdaterWithRetryManager:70 - Updater plugin not ready yet. [1/15]
2022-11-01 02:42:27,153 [INFO] PluginManage:356 - Loaded plugin tools (category:base,tabindex:7)
2022-11-01 02:42:27,153 [INFO] PluginManage:307 - Check plugin tutovideos
2022-11-01 02:42:27,346 [INFO] PluginManage:356 - Loaded plugin tutovideos (category:base,tabindex:-1)
2022-11-01 02:42:27,347 [INFO] PluginManage:307 - Check plugin updater
2022-11-01 02:42:27,360 [INFO] PluginManage:356 - Loaded plugin updater (category:base,tabindex:12)
2022-11-01 02:42:27,361 [INFO] PluginManage:280 - PluginManage : Loaded plugins [15]
2022-11-01 02:42:27,653 [INFO] PinOutPanel:1468 - setPackage(No Configuration,No Configuration)
2022-11-01 02:42:27,758 [INFO] CADModel:98 - CPN selected for project level
2022-11-01 02:42:27,772 [INFO] IPUIPlugin:79 - create IPUIPlugin
2022-11-01 02:42:27,772 [INFO] PluginManager:217 - loadIPPluginJar : add adc
2022-11-01 02:42:27,775 [INFO] IPUIPlugin:79 - create IPUIPlugin
2022-11-01 02:42:27,775 [INFO] PluginManager:217 - loadIPPluginJar : add aes
2022-11-01 02:42:27,776 [INFO] IPUIPlugin:79 - create IPUIPlugin
2022-11-01 02:42:27,777 [INFO] PluginManager:217 - loadIPPluginJar : add can
2022-11-01 02:42:27,778 [INFO] IPUIPlugin:79 - create IPUIPlugin
2022-11-01 02:42:27,778 [INFO] PluginManager:217 - loadIPPluginJar : add comp
2022-11-01 02:42:27,779 [INFO] IPUIPlugin:79 - create IPUIPlugin
2022-11-01 02:42:27,779 [INFO] PluginManager:217 - loadIPPluginJar : add cryp
2022-11-01 02:42:27,781 [INFO] IPUIPlugin:79 - create IPUIPlugin
2022-11-01 02:42:27,781 [INFO] PluginManager:217 - loadIPPluginJar : add dfsdm
2022-11-01 02:42:27,786 [INFO] IPUIPlugin:79 - create IPUIPlugin
2022-11-01 02:42:27,786 [INFO] PluginManager:217 - loadIPPluginJar : add dma
2022-11-01 02:42:27,788 [INFO] IPUIPlugin:79 - create IPUIPlugin
2022-11-01 02:42:27,788 [INFO] PluginManager:217 - loadIPPluginJar : add dma3
2022-11-01 02:42:27,789 [INFO] IPUIPlugin:79 - create IPUIPlugin
2022-11-01 02:42:27,789 [INFO] PluginManager:217 - loadIPPluginJar : add fatfs
2022-11-01 02:42:27,792 [INFO] IPUIPlugin:79 - create IPUIPlugin
2022-11-01 02:42:27,792 [INFO] PluginManager:217 - loadIPPluginJar : add fmc
2022-11-01 02:42:27,796 [INFO] IPUIPlugin:79 - create IPUIPlugin
2022-11-01 02:42:27,796 [INFO] PluginManager:217 - loadIPPluginJar : add freertos
2022-11-01 02:42:27,797 [INFO] IPUIPlugin:79 - create IPUIPlugin
2022-11-01 02:42:27,797 [INFO] PluginManager:217 - loadIPPluginJar : add genericplugin
2022-11-01 02:42:27,799 [INFO] IPUIPlugin:79 - create IPUIPlugin
2022-11-01 02:42:27,799 [INFO] PluginManager:217 - loadIPPluginJar : add gfxmmu
2022-11-01 02:42:27,802 [INFO] IPUIPlugin:79 - create IPUIPlugin
2022-11-01 02:42:27,802 [INFO] PluginManager:217 - loadIPPluginJar : add gic
2022-11-01 02:42:27,805 [INFO] IPUIPlugin:79 - create IPUIPlugin
2022-11-01 02:42:27,805 [INFO] PluginManager:217 - loadIPPluginJar : add gpio
2022-11-01 02:42:27,807 [INFO] IPUIPlugin:79 - create IPUIPlugin
2022-11-01 02:42:27,808 [INFO] PluginManager:217 - loadIPPluginJar : add gtzc
2022-11-01 02:42:27,810 [INFO] IPUIPlugin:79 - create IPUIPlugin
2022-11-01 02:42:27,811 [INFO] PluginManager:217 - loadIPPluginJar : add hash
2022-11-01 02:42:27,812 [INFO] IPUIPlugin:79 - create IPUIPlugin
2022-11-01 02:42:27,813 [INFO] PluginManager:217 - loadIPPluginJar : add i2c
2022-11-01 02:42:27,814 [INFO] IPUIPlugin:79 - create IPUIPlugin
2022-11-01 02:42:27,815 [INFO] PluginManager:217 - loadIPPluginJar : add i2s
2022-11-01 02:42:27,817 [INFO] IPUIPlugin:79 - create IPUIPlugin
2022-11-01 02:42:27,817 [INFO] PluginManager:217 - loadIPPluginJar : add ipddr
2022-11-01 02:42:27,822 [INFO] IPUIPlugin:79 - create IPUIPlugin
2022-11-01 02:42:27,822 [INFO] PluginManager:217 - loadIPPluginJar : add linkedlist
2022-11-01 02:42:27,823 [INFO] IPUIPlugin:79 - create IPUIPlugin
2022-11-01 02:42:27,824 [INFO] PluginManager:217 - loadIPPluginJar : add lorawan
2022-11-01 02:42:27,825 [INFO] IPUIPlugin:79 - create IPUIPlugin
2022-11-01 02:42:27,825 [INFO] PluginManager:217 - loadIPPluginJar : add ltdc
2022-11-01 02:42:27,829 [INFO] IPUIPlugin:79 - create IPUIPlugin
2022-11-01 02:42:27,829 [INFO] PluginManager:217 - loadIPPluginJar : add mdma
2022-11-01 02:42:27,831 [INFO] IPUIPlugin:79 - create IPUIPlugin
2022-11-01 02:42:27,832 [INFO] PluginManager:217 - loadIPPluginJar : add nvic
2022-11-01 02:42:27,834 [INFO] IPUIPlugin:79 - create IPUIPlugin
2022-11-01 02:42:27,834 [INFO] PluginManager:217 - loadIPPluginJar : add opamp
2022-11-01 02:42:27,836 [INFO] IPUIPlugin:79 - create IPUIPlugin
2022-11-01 02:42:27,836 [INFO] PluginManager:217 - loadIPPluginJar : add openamp
2022-11-01 02:42:27,838 [INFO] IPUIPlugin:79 - create IPUIPlugin
2022-11-01 02:42:27,838 [INFO] PluginManager:217 - loadIPPluginJar : add pdm2pcm
2022-11-01 02:42:27,842 [INFO] IPUIPlugin:79 - create IPUIPlugin
2022-11-01 02:42:27,845 [INFO] PluginManager:217 - loadIPPluginJar : add plateformsettings
2022-11-01 02:42:27,846 [INFO] IPUIPlugin:79 - create IPUIPlugin
2022-11-01 02:42:27,846 [INFO] PluginManager:217 - loadIPPluginJar : add quadspi
2022-11-01 02:42:27,848 [INFO] IPUIPlugin:79 - create IPUIPlugin
2022-11-01 02:42:27,849 [INFO] PluginManager:217 - loadIPPluginJar : add resmgrutility
2022-11-01 02:42:27,851 [INFO] IPUIPlugin:79 - create IPUIPlugin
2022-11-01 02:42:27,851 [INFO] PluginManager:217 - loadIPPluginJar : add sai
2022-11-01 02:42:27,853 [INFO] IPUIPlugin:79 - create IPUIPlugin
2022-11-01 02:42:27,853 [INFO] PluginManager:217 - loadIPPluginJar : add spi
2022-11-01 02:42:27,857 [INFO] IPUIPlugin:79 - create IPUIPlugin
2022-11-01 02:42:27,857 [INFO] PluginManager:217 - loadIPPluginJar : add stm32_wpan
2022-11-01 02:42:27,859 [INFO] IPUIPlugin:79 - create IPUIPlugin
2022-11-01 02:42:27,859 [INFO] PluginManager:217 - loadIPPluginJar : add tim
2022-11-01 02:42:27,861 [INFO] IPUIPlugin:79 - create IPUIPlugin
2022-11-01 02:42:27,862 [INFO] PluginManager:217 - loadIPPluginJar : add touchsensing
2022-11-01 02:42:27,863 [INFO] IPUIPlugin:79 - create IPUIPlugin
2022-11-01 02:42:27,863 [INFO] PluginManager:217 - loadIPPluginJar : add tracer_emb
2022-11-01 02:42:27,865 [INFO] IPUIPlugin:79 - create IPUIPlugin
2022-11-01 02:42:27,866 [INFO] PluginManager:217 - loadIPPluginJar : add ts
2022-11-01 02:42:27,867 [INFO] IPUIPlugin:79 - create IPUIPlugin
2022-11-01 02:42:27,868 [INFO] PluginManager:217 - loadIPPluginJar : add tsc
2022-11-01 02:42:27,870 [INFO] IPUIPlugin:79 - create IPUIPlugin
2022-11-01 02:42:27,870 [INFO] PluginManager:217 - loadIPPluginJar : add ucpd
2022-11-01 02:42:27,873 [INFO] IPUIPlugin:79 - create IPUIPlugin
2022-11-01 02:42:27,873 [INFO] PluginManager:217 - loadIPPluginJar : add usart
2022-11-01 02:42:27,876 [INFO] IPUIPlugin:79 - create IPUIPlugin
2022-11-01 02:42:27,877 [INFO] PluginManager:217 - loadIPPluginJar : add usbx
2022-11-01 02:42:28,166 [FATAL] Updater:301 - Updater called before beeing initialized
2022-11-01 02:42:28,323 [FATAL] Updater:301 - Updater called before beeing initialized
2022-11-01 02:42:28,328 [INFO] DbMcusAds:52 - JSON generation date=Thu Sep 30 09:56:37 MSK 2021 (1632984997303)
2022-11-01 02:42:28,328 [FATAL] Updater:301 - Updater called before beeing initialized
2022-11-01 02:42:28,360 [WARN] DetailPanel:344 - Failed to get advertising image, set to default
2022-11-01 02:42:28,473 [FATAL] Updater:301 - Updater called before beeing initialized
2022-11-01 02:42:28,475 [FATAL] Updater:301 - Updater called before beeing initialized
2022-11-01 02:42:28,475 [FATAL] Updater:301 - Updater called before beeing initialized
2022-11-01 02:42:28,475 [WARN] DetailPanel:344 - Failed to get advertising image, set to default
2022-11-01 02:42:28,476 [FATAL] Updater:301 - Updater called before beeing initialized
2022-11-01 02:42:28,517 [ERROR] Updater:1105 - MainUpdater not yet initialized. External WinMGr cannot be set.
2022-11-01 02:42:28,520 [INFO] Updater:1041 - Updater Version found : 6.6.1
2022-11-01 02:42:28,533 [INFO] ApplicationProperties:181 - Using Application install path: C:\ST\STM32CubeIDE_1.9.0\STM32CubeIDE\plugins\com.st.stm32cube.common.mx_6.6.1.202207061420
2022-11-01 02:42:30,153 [INFO] ThirdPartyUpdaterWithRetryManager:70 - Updater plugin not ready yet. [2/15]
2022-11-01 02:42:30,967 [INFO] MainUpdater:2768 - connection check result : 10
2022-11-01 02:42:30,968 [INFO] MainUpdater:280 - Updater Check For Update Now.
2022-11-01 02:42:30,968 [INFO] MicroXplorer:481 - Change Database Version : DB.6.0.60
2022-11-01 02:42:31,149 [INFO] CheckServerUpdateThread:119 - End of CheckServer Thread
2022-11-01 02:42:31,175 [INFO] MainUpdater:2768 - connection check result : 10
2022-11-01 02:42:31,384 [INFO] McuFinderGlobals:57 - Set McuFinderConnectedMode to true
2022-11-01 02:42:31,393 [INFO] MultiScanPanel:195 - Auto-refresh data requested => check proxy status ongoing
2022-11-01 02:42:31,396 [INFO] FinderPluginLoader:92 - Searching for filters in installed packs
2022-11-01 02:42:31,518 [INFO] ApiDb:576 - Connected to CubeFinder SQLite database (C:\Users\Zver\.stmcufinder\plugins\mcufinder\mcu\cube-finder-db.db)
2022-11-01 02:42:31,541 [INFO] ApiDb:663 - CubeFinder database Data Model version=2.1
2022-11-01 02:42:31,542 [INFO] ApiDb:664 - CubeFinder database Configuration version=3.0.32
2022-11-01 02:42:31,542 [INFO] ApiDb:665 - CubeFinder database generation date=2022-08-05 (1659688109)
2022-11-01 02:42:31,542 [INFO] ApiDb:666 - CubeFinder database FW Pack versions=[STM32Cube_FW_C0_V1.0.0, STM32Cube_FW_F4_V1.27.1, STM32Cube_FW_F7_V1.17.0, STM32Cube_FW_G0_V1.6.1, STM32Cube_FW_G4_V1.5.0, STM32Cube_FW_H7_V1.10.0, STM32Cube_FW_L5_V1.4.0, STM32Cube_FW_U5_V1.1.1, STM32Cube_FW_WB_V1.14.1, STM32Cube_FW_WL_V1.2.0, X-CUBE-ALGOBUILD_V1.3.0, X-CUBE-ALS_V1.0.1, X-CUBE-AZRTOS-F4_V1.1.0, X-CUBE-AZRTOS-F7_V1.1.0, X-CUBE-AZRTOS-G0_V1.1.0, X-CUBE-AZRTOS-G4_V1.0.0, X-CUBE-AZRTOS-H7_V2.1.0, X-CUBE-AZRTOS-L4_V1.0.0, X-CUBE-AZRTOS-L5_V1.0.0, X-CUBE-AZRTOS-WL_V1.0.0, X-CUBE-BLE1_V6.2.3, X-CUBE-BLE2_V3.3.0, X-CUBE-EEPRMA1_V3.1.1, X-CUBE-GNSS1_V6.0.0, X-CUBE-MEMS1_V9.1.0, X-CUBE-MEMS1_V9.3.0, X-CUBE-NFC4_V2.0.4, X-CUBE-NFC7_V1.0.0, X-CUBE-SFXS2LP1_V4.0.0, X-CUBE-SUBG2_V5.0.0]
2022-11-01 02:42:33,071 [INFO] ApiDb:239 - Found 138 in-development CPN: [B-WB1M-WPAN1, NUCLEO-C031C6, STEVAL-STWINBX1, STM320518-EVAL, STM32C0116-DK, STM32C011D6Y3TR, STM32C011D6Y6TR, STM32C011F4P3, STM32C011F4P6, STM32C011F4U3, STM32C011F4U6TR, STM32C011F6P3, STM32C011F6P6, STM32C011F6U3, STM32C011F6U6TR, STM32C011J4M3, STM32C011J4M6, STM32C011J6M3, STM32C011J6M6, STM32C0316-DK, STM32C031C4T3, STM32C031C4T6, STM32C031C4U3, STM32C031C4U6, STM32C031C6T3, STM32C031C6T6, STM32C031C6U3, STM32C031C6U6, STM32C031F4P3, STM32C031F4P6, STM32C031F6P3, STM32C031F6P6, STM32C031G4U3, STM32C031G4U6, STM32C031G6U3, STM32C031G6U6, STM32C031K4T3, STM32C031K4T6, STM32C031K4U3, STM32C031K4U6, STM32C031K6T3, STM32C031K6T6, STM32C031K6U3, STM32C031K6U6, STM32G071K8TXN, STM32G071K8UXN, STM32G081GBU6N, STM32G081KBT6N, STM32G081KBUXN, STM32G0B1CCT6N, STM32G0B1KCT6, STM32G0B1NEY6TR, STM32G0B1RCT6N, STM32G0C1CCT6, STM32G0C1CCT6N, STM32G0C1CCU6N, STM32G0C1CET6N, STM32G0C1CEU6N, STM32G0C1KCT6, STM32G0C1NEY6TR, STM32G0C1RCI6N, STM32G0C1RCT6N, STM32G0C1REI6N, STM32G0C1RET6N, STM32G0C1VCI6, STM32G0C1VEI6, STM32G471CCT6, STM32G471CCU6, STM32G471CET3, STM32G471CET6, STM32G471CEU3, STM32G471CEU6, STM32G471MCT6, STM32G471MET3, STM32G471MET6, STM32G471MEY6TR, STM32G471QCT6, STM32G471QET3, STM32G471RCT6, STM32G471RET3, STM32G471RET6, STM32G471VCH6, STM32G471VCI6, STM32G471VCT6, STM32G471VEH3, STM32G471VEH6, STM32G471VEI3, STM32G471VEI6, STM32G471VET3, STM32G471VET6, STM32G474CCT6, STM32L476VGY6PTR, STM32L4R5QGI6STR, STM32MP131AAE3, STM32MP131AAF3, STM32MP131AAG3, STM32MP131CAE3, STM32MP131CAF3, STM32MP131CAG3, STM32MP131DAE7, STM32MP131DAF7, STM32MP131DAG7, STM32MP131FAE7, STM32MP131FAF7, STM32MP131FAG7, STM32MP133AAE3, STM32MP133AAF3, STM32MP133AAG3, STM32MP133CAE3, STM32MP133CAF3, STM32MP133CAG3, STM32MP133DAE7, STM32MP133DAF7, STM32MP133DAG7, STM32MP133FAE7, STM32MP133FAF7, STM32MP133FAG7, STM32MP135AAE3, STM32MP135AAF3, STM32MP135AAG3, STM32MP135CAE3, STM32MP135CAF3, STM32MP135CAG3, STM32MP135DAE7, STM32MP135DAF7, STM32MP135DAG7, STM32MP135F-DK, STM32MP135FAE7, STM32MP135FAF7, STM32MP135FAG7, STM32U595ZJT6Q, STM32U599BJY6QTR, STM32U599NIH6Q, STM32U599NJH6Q, STM32U5A5ZJT6Q, STM32U5A9BJY6QTR, STM32U5A9NJH6Q, STM32WB1MMCH6]
2022-11-01 02:42:33,075 [INFO] DbMcus:215 - Found 3542 MCUs, 3542 are supported
2022-11-01 02:42:33,078 [INFO] ApiDb:418 - Load user favorites file C:\Users\Zver/.stm32cubeide/favorites.mcus.txt: 1 item(s)
2022-11-01 02:42:33,079 [INFO] ApiDb:422 - User favorites MCUs=[STM32F103C8T6]
2022-11-01 02:42:33,079 [INFO] DbMcus:221 - Set 1 / 1 favorites MCUs
2022-11-01 02:42:33,270 [WARN] PackLoader:242 - Cannot read IP mode file for wolfSSL.I-CUBE-wolfSSL.5.2.0
2022-11-01 02:42:33,282 [WARN] PackLoader:242 - Cannot read IP mode file for STMicroelectronics.X-CUBE-GNSS1.6.0.0
2022-11-01 02:42:33,312 [WARN] PackLoader:242 - Cannot read IP mode file for STMicroelectronics.X-CUBE-AZRTOS-F4.1.1.0
2022-11-01 02:42:33,326 [WARN] PackLoader:242 - Cannot read IP mode file for STMicroelectronics.X-CUBE-BLEMGR.1.2.0
2022-11-01 02:42:33,347 [WARN] PackLoader:242 - Cannot read IP mode file for STMicroelectronics.X-CUBE-AZRTOS-F7.1.1.0
2022-11-01 02:42:33,355 [WARN] PackLoader:242 - Cannot read IP mode file for STMicroelectronics.X-CUBE-AI.7.1.0
2022-11-01 02:42:33,361 [WARN] PackLoader:242 - Cannot read IP mode file for STMicroelectronics.X-CUBE-BLE1.6.2.3
2022-11-01 02:42:33,363 [WARN] PackLoader:242 - Cannot read IP mode file for STMicroelectronics.X-CUBE-BLE1.6.2.2
2022-11-01 02:42:33,386 [WARN] PackLoader:242 - Cannot read IP mode file for STMicroelectronics.X-CUBE-NFC4.2.0.4
2022-11-01 02:42:33,393 [WARN] PackLoader:242 - Cannot read IP mode file for STMicroelectronics.X-CUBE-BLE2.3.2.2
2022-11-01 02:42:33,399 [WARN] PackLoader:242 - Cannot read IP mode file for STMicroelectronics.X-CUBE-NFC4.2.0.3
2022-11-01 02:42:33,409 [WARN] PackLoader:242 - Cannot read IP mode file for STMicroelectronics.X-CUBE-TOF1.3.1.0
2022-11-01 02:42:33,422 [WARN] PackLoader:242 - Cannot read IP mode file for STMicroelectronics.X-CUBE-SFXS2LP1.3.1.0
2022-11-01 02:42:33,443 [WARN] PackLoader:242 - Cannot read IP mode file for STMicroelectronics.X-CUBE-AZRTOS-F4.1.0.0
2022-11-01 02:42:33,450 [WARN] PackLoader:242 - Cannot read IP mode file for STMicroelectronics.X-CUBE-NFC7.1.0.0
2022-11-01 02:42:33,457 [WARN] PackLoader:242 - Cannot read IP mode file for STMicroelectronics.X-CUBE-SUBG2.4.2.0
2022-11-01 02:42:33,497 [WARN] PackLoader:242 - Cannot read IP mode file for STMicroelectronics.X-CUBE-MEMS1.9.3.0
2022-11-01 02:42:33,639 [WARN] PackLoader:242 - Cannot read IP mode file for STMicroelectronics.X-CUBE-AI.7.2.0
2022-11-01 02:42:33,658 [WARN] PackLoader:242 - Cannot read IP mode file for STMicroelectronics.X-CUBE-AZRTOS-G0.1.0.0
2022-11-01 02:42:33,667 [WARN] PackLoader:242 - Cannot read IP mode file for STMicroelectronics.X-CUBE-SFXS2LP1.4.0.0
2022-11-01 02:42:33,672 [WARN] PackLoader:242 - Cannot read IP mode file for STMicroelectronics.X-CUBE-BLE2.3.3.0
2022-11-01 02:42:33,681 [WARN] PackLoader:242 - Cannot read IP mode file for STMicroelectronics.X-CUBE-DISPLAY.2.2.0
2022-11-01 02:42:33,694 [WARN] PackLoader:242 - Cannot read IP mode file for STMicroelectronics.X-CUBE-TOF1.3.2.0
2022-11-01 02:42:33,703 [WARN] PackLoader:242 - Cannot read IP mode file for STMicroelectronics.X-CUBE-TOUCHGFX.4.18.1
2022-11-01 02:42:33,706 [WARN] PackLoader:242 - Cannot read IP mode file for STMicroelectronics.X-CUBE-ISPU.1.0.0
2022-11-01 02:42:33,712 [WARN] PackLoader:242 - Cannot read IP mode file for RoweBots.I-CUBE-UNISONRTOS.5.5.0-4
2022-11-01 02:42:33,726 [WARN] PackLoader:242 - Cannot read IP mode file for STMicroelectronics.X-CUBE-AZRTOS-H7.2.1.0
2022-11-01 02:42:33,733 [WARN] PackLoader:242 - Cannot read IP mode file for STMicroelectronics.X-CUBE-BLEMGR.1.0.0
2022-11-01 02:42:33,740 [WARN] PackLoader:242 - Cannot read IP mode file for STMicroelectronics.X-CUBE-ALGOBUILD.1.3.0
2022-11-01 02:42:33,750 [WARN] PackLoader:242 - Cannot read IP mode file for STMicroelectronics.X-CUBE-AZRTOS-G0.1.1.0
2022-11-01 02:42:33,761 [WARN] PackLoader:242 - Cannot read IP mode file for STMicroelectronics.X-CUBE-SUBG2.5.0.0
2022-11-01 02:42:33,813 [WARN] PackLoader:242 - Cannot read IP mode file for SEGGER.I-CUBE-embOS.1.2.0
2022-11-01 02:42:33,851 [WARN] PackLoader:242 - Cannot read IP mode file for STMicroelectronics.FP-ATR-ASTRA1.1.1.1
2022-11-01 02:42:33,865 [WARN] PackLoader:242 - Cannot read IP mode file for STMicroelectronics.X-CUBE-AZRTOS-H7.2.0.0
2022-11-01 02:42:33,881 [WARN] PackLoader:242 - Cannot read IP mode file for STMicroelectronics.X-CUBE-AZRTOS-G4.1.0.0
2022-11-01 02:42:33,888 [WARN] PackLoader:242 - Cannot read IP mode file for STMicroelectronics.FP-ATR-SIGFOX1.3.2.0
2022-11-01 02:42:33,905 [WARN] PackLoader:242 - Cannot read IP mode file for STMicroelectronics.X-CUBE-AZRTOS-L4.1.0.0
2022-11-01 02:42:33,913 [WARN] PackLoader:242 - Cannot read IP mode file for emotas.I-CUBE-CANOPEN.1.1.2
2022-11-01 02:42:33,916 [WARN] PackLoader:242 - Cannot read IP mode file for STMicroelectronics.X-CUBE-TOUCHGFX.4.20.0
2022-11-01 02:42:33,932 [WARN] PackLoader:242 - Cannot read IP mode file for STMicroelectronics.X-CUBE-AZRTOS-F7.1.0.0
2022-11-01 02:42:33,943 [WARN] PackLoader:242 - Cannot read IP mode file for STMicroelectronics.X-CUBE-AZRTOS-WL.1.0.0
2022-11-01 02:42:33,980 [WARN] PackLoader:242 - Cannot read IP mode file for STMicroelectronics.X-CUBE-MEMS1.9.1.0
2022-11-01 02:42:34,095 [WARN] PackLoader:242 - Cannot read IP mode file for portGmbH.I-Cube-SoM-uGOAL.1.1.0
2022-11-01 02:42:34,099 [WARN] PackLoader:242 - Cannot read IP mode file for STMicroelectronics.X-CUBE-ALS.1.0.1
2022-11-01 02:42:34,113 [WARN] PackLoader:242 - Cannot read IP mode file for STMicroelectronics.X-CUBE-AZRTOS-L5.1.0.0
2022-11-01 02:42:34,120 [WARN] PackLoader:242 - Cannot read IP mode file for STMicroelectronics.X-CUBE-EEPRMA1.3.1.1
2022-11-01 02:42:34,125 [WARN] PackLoader:242 - Cannot read IP mode file for STMicroelectronics.X-CUBE-GNSS1.5.2.0
2022-11-01 02:42:34,131 [WARN] PackLoader:242 - Cannot read IP mode file for STMicroelectronics.X-CUBE-DISPLAY.2.0.1
2022-11-01 02:42:34,136 [WARN] PackLoader:242 - Cannot read IP mode file for STMicroelectronics.X-CUBE-TOF1.3.0.0
2022-11-01 02:42:34,138 [INFO] ThirdParty:929 - Integrity check success = true
2022-11-01 02:42:34,139 [INFO] IntegrityCheckThread:98 - exiting critical section [integrity check]
2022-11-01 02:42:34,139 [INFO] IntegrityCheckThread:101 - End integrity checks thread
2022-11-01 02:42:34,675 [INFO] LoadUrlFilesThread:177 - End of LoadServerUrlFiles without Thread
2022-11-01 02:42:34,690 [INFO] DetailPanel:339 - Set advertising image to C:/Users/Zver/STM32Cube/Repository/\en.Prom_NBSTM32U50921.jpg
2022-11-01 02:42:35,322 [INFO] MultiScanPanel:778 - Auto Refresh Data is not needed
2022-11-01 02:42:35,330 [INFO] ApiDb:663 - CubeFinder database Data Model version=2.1
2022-11-01 02:42:35,331 [INFO] ApiDb:664 - CubeFinder database Configuration version=3.0.32
2022-11-01 02:42:35,331 [INFO] ApiDb:665 - CubeFinder database generation date=2022-08-05 (1659688109)
2022-11-01 02:42:35,331 [INFO] ApiDb:666 - CubeFinder database FW Pack versions=[STM32Cube_FW_C0_V1.0.0, STM32Cube_FW_F4_V1.27.1, STM32Cube_FW_F7_V1.17.0, STM32Cube_FW_G0_V1.6.1, STM32Cube_FW_G4_V1.5.0, STM32Cube_FW_H7_V1.10.0, STM32Cube_FW_L5_V1.4.0, STM32Cube_FW_U5_V1.1.1, STM32Cube_FW_WB_V1.14.1, STM32Cube_FW_WL_V1.2.0, X-CUBE-ALGOBUILD_V1.3.0, X-CUBE-ALS_V1.0.1, X-CUBE-AZRTOS-F4_V1.1.0, X-CUBE-AZRTOS-F7_V1.1.0, X-CUBE-AZRTOS-G0_V1.1.0, X-CUBE-AZRTOS-G4_V1.0.0, X-CUBE-AZRTOS-H7_V2.1.0, X-CUBE-AZRTOS-L4_V1.0.0, X-CUBE-AZRTOS-L5_V1.0.0, X-CUBE-AZRTOS-WL_V1.0.0, X-CUBE-BLE1_V6.2.3, X-CUBE-BLE2_V3.3.0, X-CUBE-EEPRMA1_V3.1.1, X-CUBE-GNSS1_V6.0.0, X-CUBE-MEMS1_V9.1.0, X-CUBE-MEMS1_V9.3.0, X-CUBE-NFC4_V2.0.4, X-CUBE-NFC7_V1.0.0, X-CUBE-SFXS2LP1_V4.0.0, X-CUBE-SUBG2_V5.0.0]
2022-11-01 02:42:35,378 [INFO] DbBoardsSqlite:227 - include board P-NUCLEO-WB55-NUCLEO as a kit item of type 'Nucleo-64'
2022-11-01 02:42:35,379 [INFO] DbBoardsSqlite:227 - include board P-NUCLEO-WB55-USBDONGLE as a kit item of type 'Nucleo USB Dongle'
2022-11-01 02:42:35,379 [INFO] DbBoardsSqlite:227 - include board STEVAL-IDP005V1 as a kit item of type 'Evaluation Board'
2022-11-01 02:42:35,379 [INFO] DbBoardsSqlite:227 - include board STEVAL-IDP005V2 as a kit item of type 'Evaluation Board'
2022-11-01 02:42:35,387 [INFO] ApiDb:239 - Found 138 in-development CPN: [B-WB1M-WPAN1, NUCLEO-C031C6, STEVAL-STWINBX1, STM320518-EVAL, STM32C0116-DK, STM32C011D6Y3TR, STM32C011D6Y6TR, STM32C011F4P3, STM32C011F4P6, STM32C011F4U3, STM32C011F4U6TR, STM32C011F6P3, STM32C011F6P6, STM32C011F6U3, STM32C011F6U6TR, STM32C011J4M3, STM32C011J4M6, STM32C011J6M3, STM32C011J6M6, STM32C0316-DK, STM32C031C4T3, STM32C031C4T6, STM32C031C4U3, STM32C031C4U6, STM32C031C6T3, STM32C031C6T6, STM32C031C6U3, STM32C031C6U6, STM32C031F4P3, STM32C031F4P6, STM32C031F6P3, STM32C031F6P6, STM32C031G4U3, STM32C031G4U6, STM32C031G6U3, STM32C031G6U6, STM32C031K4T3, STM32C031K4T6, STM32C031K4U3, STM32C031K4U6, STM32C031K6T3, STM32C031K6T6, STM32C031K6U3, STM32C031K6U6, STM32G071K8TXN, STM32G071K8UXN, STM32G081GBU6N, STM32G081KBT6N, STM32G081KBUXN, STM32G0B1CCT6N, STM32G0B1KCT6, STM32G0B1NEY6TR, STM32G0B1RCT6N, STM32G0C1CCT6, STM32G0C1CCT6N, STM32G0C1CCU6N, STM32G0C1CET6N, STM32G0C1CEU6N, STM32G0C1KCT6, STM32G0C1NEY6TR, STM32G0C1RCI6N, STM32G0C1RCT6N, STM32G0C1REI6N, STM32G0C1RET6N, STM32G0C1VCI6, STM32G0C1VEI6, STM32G471CCT6, STM32G471CCU6, STM32G471CET3, STM32G471CET6, STM32G471CEU3, STM32G471CEU6, STM32G471MCT6, STM32G471MET3, STM32G471MET6, STM32G471MEY6TR, STM32G471QCT6, STM32G471QET3, STM32G471RCT6, STM32G471RET3, STM32G471RET6, STM32G471VCH6, STM32G471VCI6, STM32G471VCT6, STM32G471VEH3, STM32G471VEH6, STM32G471VEI3, STM32G471VEI6, STM32G471VET3, STM32G471VET6, STM32G474CCT6, STM32L476VGY6PTR, STM32L4R5QGI6STR, STM32MP131AAE3, STM32MP131AAF3, STM32MP131AAG3, STM32MP131CAE3, STM32MP131CAF3, STM32MP131CAG3, STM32MP131DAE7, STM32MP131DAF7, STM32MP131DAG7, STM32MP131FAE7, STM32MP131FAF7, STM32MP131FAG7, STM32MP133AAE3, STM32MP133AAF3, STM32MP133AAG3, STM32MP133CAE3, STM32MP133CAF3, STM32MP133CAG3, STM32MP133DAE7, STM32MP133DAF7, STM32MP133DAG7, STM32MP133FAE7, STM32MP133FAF7, STM32MP133FAG7, STM32MP135AAE3, STM32MP135AAF3, STM32MP135AAG3, STM32MP135CAE3, STM32MP135CAF3, STM32MP135CAG3, STM32MP135DAE7, STM32MP135DAF7, STM32MP135DAG7, STM32MP135F-DK, STM32MP135FAE7, STM32MP135FAF7, STM32MP135FAG7, STM32U595ZJT6Q, STM32U599BJY6QTR, STM32U599NIH6Q, STM32U599NJH6Q, STM32U5A5ZJT6Q, STM32U5A9BJY6QTR, STM32U5A9NJH6Q, STM32WB1MMCH6]
2022-11-01 02:42:35,498 [INFO] BoardInfo:879 - No configuration file found for board P-NUCLEO-WB55
2022-11-01 02:42:35,498 [INFO] DbBoards:156 - Kit is not supported: P-NUCLEO-WB55
2022-11-01 02:42:35,502 [INFO] BoardInfo:879 - No configuration file found for board STEVAL-BFA001V1B
2022-11-01 02:42:35,503 [INFO] DbBoards:156 - Kit is not supported: STEVAL-BFA001V1B
2022-11-01 02:42:35,504 [INFO] BoardInfo:879 - No configuration file found for board STEVAL-BFA001V2B
2022-11-01 02:42:35,505 [INFO] DbBoards:156 - Kit is not supported: STEVAL-BFA001V2B
2022-11-01 02:42:35,634 [INFO] DbBoards:160 - Found 176 boards, 173 are supported
2022-11-01 02:42:35,638 [INFO] ApiDb:418 - Load user favorites file C:\Users\Zver/.stm32cubeide/favorites.boards.txt: 0 item(s)
2022-11-01 02:42:35,639 [INFO] ApiDb:422 - User favorites Boards=[]
2022-11-01 02:42:35,639 [INFO] DbBoards:189 - Set 0 / 0 favorites Boards
2022-11-01 02:42:51,195 [INFO] MainUpdater:2768 - connection check result : 10
2022-11-01 02:42:51,196 [INFO] MainUpdater:2768 - connection check result : 10
2022-11-01 02:42:51,211 [INFO] MicroXplorer:451 - Change Database Path : 
2022-11-01 02:42:51,211 [INFO] MicroXplorer:481 - Change Database Version : DB.6.0.60
2022-11-01 02:42:51,212 [WARN] ThirdParty:827 - waiting for thirdparty lock release [close project]
2022-11-01 02:42:51,212 [INFO] ThirdParty:829 - entering critical section [close project]
2022-11-01 02:42:51,213 [INFO] ThirdParty:839 - exiting critical section [close project]
2022-11-01 02:42:51,217 [INFO] PinOutPanel:1468 - setPackage(No Configuration,No Configuration)
2022-11-01 02:42:51,224 [INFO] UtilMem:74 - Begin LoadConfig() Used Memory: 186798024 Bytes (396361728)
2022-11-01 02:42:51,226 [INFO] MicroXplorer:451 - Change Database Path : 
2022-11-01 02:42:51,226 [INFO] MicroXplorer:481 - Change Database Version : DB.6.0.60
2022-11-01 02:42:51,226 [INFO] OpenFileManager:307 - Change cursor
2022-11-01 02:42:51,263 [INFO] Mcu:1922 - Initializing MCU STM32F103C8Tx STM32F103C8Tx 
2022-11-01 02:42:51,264 [INFO] Mcu:1935 - No CPN specified => set CPN to STM32F103C8T6
2022-11-01 02:42:51,961 [INFO] Context:654 - Trying to add GPIOservice into a context  which must be forbidden
2022-11-01 02:42:52,192 [INFO] ImportTextPane:193 - (OptionalMessage_ERROR) Unable to find key (Mcu.ThirdPartyNb) in loaded IOC file
2022-11-01 02:42:52,192 [INFO] ImportTextPane:193 - (OptionalMessage_ERROR) Unable to find key (Mcu.PinsNb) in loaded IOC file
2022-11-01 02:42:52,193 [INFO] ImportTextPane:193 - (OptionalMessage_ERROR) Unable to find key (Mcu.IPNb) in loaded IOC file
2022-11-01 02:42:52,254 [WARN] ApiManager:308 - Cannot register API 'Board Extension:GNSS1A1' from pack STMicroelectronics.X-CUBE-GNSS1.6.0.0: no header file found
2022-11-01 02:42:52,254 [WARN] ApiManager:308 - Cannot register API 'Board Support:Custom' from pack STMicroelectronics.X-CUBE-GNSS1.6.0.0: no header file found
2022-11-01 02:42:52,254 [WARN] ApiManager:308 - Cannot register API 'Data Exchange:lib_gnss' from pack STMicroelectronics.X-CUBE-GNSS1.6.0.0: no header file found
2022-11-01 02:42:52,266 [WARN] ApiManager:308 - Cannot register API 'Wireless:BlueNRG-MS' from pack STMicroelectronics.X-CUBE-BLE1.6.2.3: no header file found
2022-11-01 02:42:52,268 [INFO] RtosManager:488 - Registered RTOS mode: class=CMSIS, group=RTOS, mode=CMSIS_V1, owner=FREERTOS
2022-11-01 02:42:52,268 [INFO] RtosManager:488 - Registered RTOS mode: class=CMSIS, group=RTOS2, mode=CMSIS_V2, owner=FREERTOS
2022-11-01 02:42:52,268 [INFO] RtosManager:488 - Registered RTOS mode: class=RTOS, group=Core, mode=CMSIS_V1, owner=FREERTOS
2022-11-01 02:42:52,268 [INFO] RtosManager:488 - Registered RTOS mode: class=RTOS, group=Core, mode=CMSIS_V2, owner=FREERTOS
2022-11-01 02:42:52,268 [WARN] ModelIntegratedComponent:185 - Missing modes for component STMicroelectronics:FreeRTOS:0.0.1:STMicroelectronics:RTOS:FreeRTOS:Core:::10.2.0:
2022-11-01 02:42:52,272 [WARN] ApiManager:308 - Cannot register API 'Board Extension:S2868A1' from pack STMicroelectronics.X-CUBE-SUBG2.5.0.0: no header file found
2022-11-01 02:42:52,272 [WARN] ApiManager:308 - Cannot register API 'Board Extension:S2868A2' from pack STMicroelectronics.X-CUBE-SUBG2.5.0.0: no header file found
2022-11-01 02:42:52,272 [WARN] ApiManager:308 - Cannot register API 'Board Extension:S2915A1' from pack STMicroelectronics.X-CUBE-SUBG2.5.0.0: no header file found
2022-11-01 02:42:52,279 [WARN] ApiManager:308 - Cannot register API 'Wireless:BlueNRG-MS' from pack STMicroelectronics.X-CUBE-BLE1.6.2.2: no header file found
2022-11-01 02:42:52,280 [WARN] ApiManager:308 - Cannot register API 'Board Extension:NFC04A1' from pack STMicroelectronics.X-CUBE-NFC4.2.0.4: no header file found
2022-11-01 02:42:52,280 [WARN] ApiManager:308 - Cannot register API 'Wireless:BlueNRG-2' from pack STMicroelectronics.X-CUBE-BLE2.3.2.2: no header file found
2022-11-01 02:42:52,281 [WARN] ApiManager:308 - Cannot register API 'Board Extension:NFC04A1' from pack STMicroelectronics.X-CUBE-NFC4.2.0.3: no header file found
2022-11-01 02:42:52,284 [WARN] ApiManager:308 - Cannot register API 'Board Extension:S2868A1' from pack STMicroelectronics.X-CUBE-SFXS2LP1.3.1.0: no header file found
2022-11-01 02:42:52,284 [WARN] ApiManager:308 - Cannot register API 'Board Extension:S2868A2' from pack STMicroelectronics.X-CUBE-SFXS2LP1.3.1.0: no header file found
2022-11-01 02:42:52,284 [WARN] ApiManager:308 - Cannot register API 'Board Extension:S2915A1' from pack STMicroelectronics.X-CUBE-SFXS2LP1.3.1.0: no header file found
2022-11-01 02:42:52,290 [WARN] ModelIntegratedComponent:64 - No mode defined for component null
2022-11-01 02:42:52,290 [WARN] ModelIntegratedComponent:64 - No mode defined for component null
2022-11-01 02:42:52,290 [WARN] ModelIntegratedComponent:64 - No mode defined for component null
2022-11-01 02:42:52,290 [WARN] ModelIntegratedComponent:64 - No mode defined for component null
2022-11-01 02:42:52,290 [WARN] ModelIntegratedComponent:64 - No mode defined for component null
2022-11-01 02:42:52,290 [WARN] ModelIntegratedComponent:64 - No mode defined for component null
2022-11-01 02:42:52,290 [WARN] ModelIntegratedComponent:64 - No mode defined for component null
2022-11-01 02:42:52,290 [WARN] ModelIntegratedComponent:64 - No mode defined for component null
2022-11-01 02:42:52,290 [WARN] ModelIntegratedComponent:64 - No mode defined for component null
2022-11-01 02:42:52,291 [WARN] ModelIntegratedComponent:64 - No mode defined for component null
2022-11-01 02:42:52,291 [WARN] ModelIntegratedComponent:64 - No mode defined for component null
2022-11-01 02:42:52,291 [WARN] ModelIntegratedComponent:64 - No mode defined for component null
2022-11-01 02:42:52,291 [WARN] ModelIntegratedComponent:64 - No mode defined for component null
2022-11-01 02:42:52,291 [WARN] ModelIntegratedComponent:64 - No mode defined for component null
2022-11-01 02:42:52,291 [WARN] ModelIntegratedComponent:64 - No mode defined for component null
2022-11-01 02:42:52,291 [WARN] ModelIntegratedComponent:64 - No mode defined for component null
2022-11-01 02:42:52,291 [WARN] ModelIntegratedComponent:64 - No mode defined for component null
2022-11-01 02:42:52,291 [WARN] ModelIntegratedComponent:64 - No mode defined for component null
2022-11-01 02:42:52,291 [WARN] ModelIntegratedComponent:64 - No mode defined for component null
2022-11-01 02:42:52,291 [WARN] ModelIntegratedComponent:64 - No mode defined for component null
2022-11-01 02:42:52,291 [WARN] ModelIntegratedComponent:64 - No mode defined for component null
2022-11-01 02:42:52,291 [WARN] ModelIntegratedComponent:64 - No mode defined for component null
2022-11-01 02:42:52,291 [WARN] ModelIntegratedComponent:64 - No mode defined for component null
2022-11-01 02:42:52,291 [WARN] ModelIntegratedComponent:64 - No mode defined for component null
2022-11-01 02:42:52,291 [WARN] ModelIntegratedComponent:64 - No mode defined for component null
2022-11-01 02:42:52,291 [WARN] ModelIntegratedComponent:64 - No mode defined for component null
2022-11-01 02:42:52,291 [WARN] ModelIntegratedComponent:64 - No mode defined for component null
2022-11-01 02:42:52,291 [WARN] ModelIntegratedComponent:64 - No mode defined for component null
2022-11-01 02:42:52,291 [WARN] ModelIntegratedComponent:64 - No mode defined for component null
2022-11-01 02:42:52,291 [WARN] ModelIntegratedComponent:64 - No mode defined for component null
2022-11-01 02:42:52,291 [WARN] ModelIntegratedComponent:64 - No mode defined for component null
2022-11-01 02:42:52,292 [WARN] ModelIntegratedComponent:64 - No mode defined for component null
2022-11-01 02:42:52,292 [WARN] ModelIntegratedComponent:64 - No mode defined for component null
2022-11-01 02:42:52,293 [WARN] ApiManager:308 - Cannot register API 'Board Extension:NFC07A1' from pack STMicroelectronics.X-CUBE-NFC7.1.0.0: no header file found
2022-11-01 02:42:52,296 [WARN] ApiManager:308 - Cannot register API 'Board Extension:S2868A1' from pack STMicroelectronics.X-CUBE-SUBG2.4.2.0: no header file found
2022-11-01 02:42:52,296 [WARN] ApiManager:308 - Cannot register API 'Board Extension:S2868A2' from pack STMicroelectronics.X-CUBE-SUBG2.4.2.0: no header file found
2022-11-01 02:42:52,296 [WARN] ApiManager:308 - Cannot register API 'Board Extension:S2915A1' from pack STMicroelectronics.X-CUBE-SUBG2.4.2.0: no header file found
2022-11-01 02:42:52,363 [WARN] ApiManager:308 - Cannot register API 'Board Extension:IKS01A3' from pack STMicroelectronics.X-CUBE-MEMS1.9.1.0: no header file found
2022-11-01 02:42:52,363 [WARN] ApiManager:308 - Cannot register API 'Board Extension:IKS01A2' from pack STMicroelectronics.X-CUBE-MEMS1.9.1.0: no header file found
2022-11-01 02:42:52,363 [WARN] ApiManager:308 - Cannot register API 'Board Extension:IKS02A1' from pack STMicroelectronics.X-CUBE-MEMS1.9.1.0: no header file found
2022-11-01 02:42:52,431 [WARN] ApiManager:308 - Cannot register API 'Board Extension:IKS01A3' from pack STMicroelectronics.X-CUBE-MEMS1.9.3.0: no header file found
2022-11-01 02:42:52,431 [WARN] ApiManager:308 - Cannot register API 'Board Extension:IKS01A2' from pack STMicroelectronics.X-CUBE-MEMS1.9.3.0: no header file found
2022-11-01 02:42:52,431 [WARN] ApiManager:308 - Cannot register API 'Board Extension:IKS02A1' from pack STMicroelectronics.X-CUBE-MEMS1.9.3.0: no header file found
2022-11-01 02:42:52,437 [WARN] ApiManager:308 - Cannot register API 'Board Extension:EEPRMA1' from pack STMicroelectronics.X-CUBE-EEPRMA1.3.1.1: no header file found
2022-11-01 02:42:52,437 [WARN] ApiManager:308 - Cannot register API 'Board Extension:EEPRMA2' from pack STMicroelectronics.X-CUBE-EEPRMA1.3.1.1: no header file found
2022-11-01 02:42:52,438 [WARN] ApiManager:308 - Cannot register API 'Board Extension:GNSS1A1' from pack STMicroelectronics.X-CUBE-GNSS1.5.2.0: no header file found
2022-11-01 02:42:52,438 [WARN] ApiManager:308 - Cannot register API 'Board Support:Custom' from pack STMicroelectronics.X-CUBE-GNSS1.5.2.0: no header file found
2022-11-01 02:42:52,438 [WARN] ApiManager:308 - Cannot register API 'Data Exchange:lib_gnss' from pack STMicroelectronics.X-CUBE-GNSS1.5.2.0: no header file found
2022-11-01 02:42:52,439 [WARN] ApiManager:308 - Cannot register API 'Board Extension:S2868A1' from pack STMicroelectronics.X-CUBE-SFXS2LP1.4.0.0: no header file found
2022-11-01 02:42:52,439 [WARN] ApiManager:308 - Cannot register API 'Board Extension:S2868A2' from pack STMicroelectronics.X-CUBE-SFXS2LP1.4.0.0: no header file found
2022-11-01 02:42:52,439 [WARN] ApiManager:308 - Cannot register API 'Board Extension:S2915A1' from pack STMicroelectronics.X-CUBE-SFXS2LP1.4.0.0: no header file found
2022-11-01 02:42:52,439 [WARN] ApiManager:308 - Cannot register API 'Wireless:BlueNRG-2' from pack STMicroelectronics.X-CUBE-BLE2.3.3.0: no header file found
2022-11-01 02:42:52,451 [INFO] ThirdPartyModel:289 - Start build external matchings
2022-11-01 02:42:53,073 [INFO] ThirdPartyModel:302 - End build external matchings
2022-11-01 02:42:53,225 [INFO] UtilMem:74 - End LoadConfig() Used Memory: 287482536 Bytes (396361728)
2022-11-01 02:42:53,242 [WARN] ThirdParty:789 - waiting for thirdparty lock release [change project]
2022-11-01 02:42:53,242 [INFO] ThirdParty:791 - entering critical section [change project]
2022-11-01 02:42:53,243 [INFO] ThirdParty:981 - CMSIS Pack Vendor :wolfSSL I-CUBE-wolfSSL 5.2.0
2022-11-01 02:42:53,243 [INFO] ThirdParty:981 - CMSIS Pack Vendor :RoweBots I-CUBE-UNISONRTOS 5.5.0-4
2022-11-01 02:42:53,243 [INFO] ThirdParty:981 - CMSIS Pack Vendor :STMicroelectronics X-CUBE-GNSS1 6.0.0
2022-11-01 02:42:53,243 [INFO] ThirdParty:981 - CMSIS Pack Vendor :STMicroelectronics X-CUBE-AZRTOS-H7 2.1.0
2022-11-01 02:42:53,243 [INFO] ThirdParty:981 - CMSIS Pack Vendor :STMicroelectronics USB_HOST 2.0.0
2022-11-01 02:42:53,243 [INFO] ThirdParty:981 - CMSIS Pack Vendor :STMicroelectronics X-CUBE-AZRTOS-F4 1.1.0
2022-11-01 02:42:53,243 [INFO] ThirdParty:981 - CMSIS Pack Vendor :STMicroelectronics LIBJPEG 8.0.0
2022-11-01 02:42:53,243 [INFO] ThirdParty:981 - CMSIS Pack Vendor :STMicroelectronics USB_DEVICE 3.0.0
2022-11-01 02:42:53,243 [INFO] ThirdParty:981 - CMSIS Pack Vendor :STMicroelectronics X-CUBE-BLEMGR 1.0.0
2022-11-01 02:42:53,243 [INFO] ThirdParty:981 - CMSIS Pack Vendor :STMicroelectronics X-CUBE-BLEMGR 1.2.0
2022-11-01 02:42:53,244 [INFO] ThirdParty:981 - CMSIS Pack Vendor :STMicroelectronics X-CUBE-AZRTOS-F7 1.1.0
2022-11-01 02:42:53,244 [INFO] ThirdParty:981 - CMSIS Pack Vendor :STMicroelectronics USB_DEVICE 2.0.0
2022-11-01 02:42:53,244 [INFO] ThirdParty:981 - CMSIS Pack Vendor :STMicroelectronics X-CUBE-AI 7.1.0
2022-11-01 02:42:53,244 [INFO] ThirdParty:981 - CMSIS Pack Vendor :STMicroelectronics X-CUBE-BLE1 6.2.3
2022-11-01 02:42:53,244 [INFO] ThirdParty:981 - CMSIS Pack Vendor :STMicroelectronics X-CUBE-ALGOBUILD 1.3.0
2022-11-01 02:42:53,244 [INFO] ThirdParty:981 - CMSIS Pack Vendor :STMicroelectronics FreeRTOS 0.0.1
2022-11-01 02:42:53,244 [INFO] ThirdParty:981 - CMSIS Pack Vendor :STMicroelectronics X-CUBE-AZRTOS-G0 1.1.0
2022-11-01 02:42:53,244 [INFO] ThirdParty:981 - CMSIS Pack Vendor :STMicroelectronics X-CUBE-SUBG2 5.0.0
2022-11-01 02:42:53,244 [INFO] ThirdParty:981 - CMSIS Pack Vendor :SEGGER I-CUBE-embOS 1.2.0
2022-11-01 02:42:53,244 [INFO] ThirdParty:981 - CMSIS Pack Vendor :STMicroelectronics STM32_WPAN 1.0.0
2022-11-01 02:42:53,244 [INFO] ThirdParty:981 - CMSIS Pack Vendor :STMicroelectronics lwIP 2.0.3
2022-11-01 02:42:53,244 [INFO] ThirdParty:981 - CMSIS Pack Vendor :STMicroelectronics X-CUBE-BLE1 6.2.2
2022-11-01 02:42:53,245 [INFO] ThirdParty:981 - CMSIS Pack Vendor :STMicroelectronics X-CUBE-NFC4 2.0.4
2022-11-01 02:42:53,245 [INFO] ThirdParty:981 - CMSIS Pack Vendor :STMicroelectronics X-CUBE-BLE2 3.2.2
2022-11-01 02:42:53,245 [INFO] ThirdParty:981 - CMSIS Pack Vendor :STMicroelectronics USB_HOST 1.0.0
2022-11-01 02:42:53,245 [INFO] ThirdParty:981 - CMSIS Pack Vendor :STMicroelectronics X-CUBE-NFC4 2.0.3
2022-11-01 02:42:53,245 [INFO] ThirdParty:981 - CMSIS Pack Vendor :STMicroelectronics PDM2PCM 3.1.0
2022-11-01 02:42:53,245 [INFO] ThirdParty:981 - CMSIS Pack Vendor :STMicroelectronics FP-ATR-ASTRA1 1.1.1
2022-11-01 02:42:53,245 [INFO] ThirdParty:981 - CMSIS Pack Vendor :STMicroelectronics PDM2PCM 3.3.0
2022-11-01 02:42:53,245 [INFO] ThirdParty:981 - CMSIS Pack Vendor :STMicroelectronics X-CUBE-TOF1 3.1.0
2022-11-01 02:42:53,245 [INFO] ThirdParty:981 - CMSIS Pack Vendor :STMicroelectronics X-CUBE-SFXS2LP1 3.1.0
2022-11-01 02:42:53,245 [INFO] ThirdParty:981 - CMSIS Pack Vendor :STMicroelectronics X-CUBE-AZRTOS-F4 1.0.0
2022-11-01 02:42:53,245 [INFO] ThirdParty:981 - CMSIS Pack Vendor :STMicroelectronics X-CUBE-AZRTOS-H7 2.0.0
2022-11-01 02:42:53,245 [INFO] ThirdParty:981 - CMSIS Pack Vendor :STMicroelectronics X-CUBE-AZRTOS-G4 1.0.0
2022-11-01 02:42:53,245 [INFO] ThirdParty:981 - CMSIS Pack Vendor :STMicroelectronics FP-ATR-SIGFOX1 3.2.0
2022-11-01 02:42:53,245 [INFO] ThirdParty:981 - CMSIS Pack Vendor :STMicroelectronics X-CUBE-AZRTOS-L4 1.0.0
2022-11-01 02:42:53,246 [INFO] ThirdParty:981 - CMSIS Pack Vendor :STMicroelectronics HAL Drivers 0.0.0
2022-11-01 02:42:53,246 [INFO] ThirdParty:981 - CMSIS Pack Vendor :STMicroelectronics MBEDTLS 2.16.2
2022-11-01 02:42:53,246 [INFO] ThirdParty:981 - CMSIS Pack Vendor :emotas I-CUBE-CANOPEN 1.1.2
2022-11-01 02:42:53,246 [INFO] ThirdParty:981 - CMSIS Pack Vendor :STMicroelectronics X-CUBE-TOUCHGFX 4.20.0
2022-11-01 02:42:53,246 [INFO] ThirdParty:981 - CMSIS Pack Vendor :STMicroelectronics MBEDTLS 2.14.1
2022-11-01 02:42:53,246 [INFO] ThirdParty:981 - CMSIS Pack Vendor :STMicroelectronics X-CUBE-NFC7 1.0.0
2022-11-01 02:42:53,246 [INFO] ThirdParty:981 - CMSIS Pack Vendor :STMicroelectronics X-CUBE-AZRTOS-F7 1.0.0
2022-11-01 02:42:53,246 [INFO] ThirdParty:981 - CMSIS Pack Vendor :STMicroelectronics X-CUBE-AZRTOS-WL 1.0.0
2022-11-01 02:42:53,246 [INFO] ThirdParty:981 - CMSIS Pack Vendor :STMicroelectronics X-CUBE-SUBG2 4.2.0
2022-11-01 02:42:53,246 [INFO] ThirdParty:981 - CMSIS Pack Vendor :STMicroelectronics X-CUBE-MEMS1 9.1.0
2022-11-01 02:42:53,246 [INFO] ThirdParty:981 - CMSIS Pack Vendor :STMicroelectronics X-CUBE-MEMS1 9.3.0
2022-11-01 02:42:53,246 [INFO] ThirdParty:981 - CMSIS Pack Vendor :portGmbH I-Cube-SoM-uGOAL 1.1.0
2022-11-01 02:42:53,246 [INFO] ThirdParty:981 - CMSIS Pack Vendor :STMicroelectronics X-CUBE-ALS 1.0.1
2022-11-01 02:42:53,247 [INFO] ThirdParty:981 - CMSIS Pack Vendor :STMicroelectronics X-CUBE-AI 7.2.0
2022-11-01 02:42:53,247 [INFO] ThirdParty:981 - CMSIS Pack Vendor :STMicroelectronics ThreadX 1.0.0
2022-11-01 02:42:53,247 [INFO] ThirdParty:981 - CMSIS Pack Vendor :STMicroelectronics X-CUBE-AZRTOS-L5 1.0.0
2022-11-01 02:42:53,247 [INFO] ThirdParty:981 - CMSIS Pack Vendor :STMicroelectronics USB_DEVICE 1.0.0
2022-11-01 02:42:53,247 [INFO] ThirdParty:981 - CMSIS Pack Vendor :STMicroelectronics X-CUBE-AZRTOS-G0 1.0.0
2022-11-01 02:42:53,247 [INFO] ThirdParty:981 - CMSIS Pack Vendor :STMicroelectronics X-CUBE-EEPRMA1 3.1.1
2022-11-01 02:42:53,247 [INFO] ThirdParty:981 - CMSIS Pack Vendor :STMicroelectronics X-CUBE-GNSS1 5.2.0
2022-11-01 02:42:53,247 [INFO] ThirdParty:981 - CMSIS Pack Vendor :STMicroelectronics ThreadX 0.0.2
2022-11-01 02:42:53,247 [INFO] ThirdParty:981 - CMSIS Pack Vendor :STMicroelectronics lwIP 2.1.2
2022-11-01 02:42:53,247 [INFO] ThirdParty:981 - CMSIS Pack Vendor :STMicroelectronics X-CUBE-SFXS2LP1 4.0.0
2022-11-01 02:42:53,247 [INFO] ThirdParty:981 - CMSIS Pack Vendor :STMicroelectronics X-CUBE-BLE2 3.3.0
2022-11-01 02:42:53,247 [INFO] ThirdParty:981 - CMSIS Pack Vendor :STMicroelectronics X-CUBE-DISPLAY 2.0.1
2022-11-01 02:42:53,247 [INFO] ThirdParty:981 - CMSIS Pack Vendor :STMicroelectronics X-CUBE-DISPLAY 2.2.0
2022-11-01 02:42:53,247 [INFO] ThirdParty:981 - CMSIS Pack Vendor :STMicroelectronics X-CUBE-TOF1 3.2.0
2022-11-01 02:42:53,248 [INFO] ThirdParty:981 - CMSIS Pack Vendor :STMicroelectronics PDM2PCM 3.2.0
2022-11-01 02:42:53,248 [INFO] ThirdParty:981 - CMSIS Pack Vendor :STMicroelectronics X-CUBE-TOUCHGFX 4.18.1
2022-11-01 02:42:53,248 [INFO] ThirdParty:981 - CMSIS Pack Vendor :STMicroelectronics X-CUBE-TOF1 3.0.0
2022-11-01 02:42:53,248 [INFO] ThirdParty:981 - CMSIS Pack Vendor :STMicroelectronics X-CUBE-ISPU 1.0.0
2022-11-01 02:42:53,248 [INFO] ThirdParty:797 - exiting critical section [change project]
2022-11-01 02:42:53,555 [INFO] PinOutPanel:1468 - setPackage(No Configuration,No Configuration)
2022-11-01 02:42:53,558 [INFO] PinOutPanel:1468 - setPackage(STM32F103C8Tx,LQFP48)
2022-11-01 02:42:54,098 [INFO] UtilMem:74 - Before build in PCC Used Memory: 207936144 Bytes (396361728)
2022-11-01 02:42:54,786 [INFO] UtilMem:74 - After build in PCC Used Memory: 219324544 Bytes (396361728)
2022-11-01 02:42:54,808 [INFO] IPUIPlugin:79 - create IPUIPlugin
2022-11-01 02:42:54,808 [INFO] IPUIPlugin:79 - create IPUIPlugin
2022-11-01 02:42:54,808 [INFO] IPUIPlugin:79 - create IPUIPlugin
2022-11-01 02:42:54,808 [INFO] IPUIPlugin:79 - create IPUIPlugin
2022-11-01 02:42:54,809 [INFO] IPUIPlugin:79 - create IPUIPlugin
2022-11-01 02:42:54,809 [INFO] IPUIPlugin:79 - create IPUIPlugin
2022-11-01 02:42:54,809 [INFO] IPUIPlugin:79 - create IPUIPlugin
2022-11-01 02:42:54,809 [INFO] IPUIPlugin:79 - create IPUIPlugin
2022-11-01 02:42:54,809 [INFO] IPUIPlugin:79 - create IPUIPlugin
2022-11-01 02:42:54,809 [INFO] IPUIPlugin:79 - create IPUIPlugin
2022-11-01 02:42:54,810 [INFO] IPUIPlugin:79 - create IPUIPlugin
2022-11-01 02:42:54,810 [INFO] IPUIPlugin:79 - create IPUIPlugin
2022-11-01 02:42:54,810 [INFO] IPUIPlugin:79 - create IPUIPlugin
2022-11-01 02:42:54,811 [INFO] IPUIPlugin:79 - create IPUIPlugin
2022-11-01 02:42:54,811 [INFO] IPUIPlugin:79 - create IPUIPlugin
2022-11-01 02:42:54,811 [INFO] IPUIPlugin:79 - create IPUIPlugin
2022-11-01 02:42:54,811 [INFO] IPUIPlugin:79 - create IPUIPlugin
2022-11-01 02:42:54,812 [INFO] IPUIPlugin:79 - create IPUIPlugin
2022-11-01 02:42:54,812 [INFO] IPUIPlugin:79 - create IPUIPlugin
2022-11-01 02:42:54,812 [INFO] IPUIPlugin:79 - create IPUIPlugin
2022-11-01 02:42:54,813 [INFO] IPUIPlugin:79 - create IPUIPlugin
2022-11-01 02:42:54,813 [INFO] IPUIPlugin:79 - create IPUIPlugin
2022-11-01 02:42:54,813 [INFO] IPUIPlugin:79 - create IPUIPlugin
2022-11-01 02:42:54,813 [INFO] IPUIPlugin:79 - create IPUIPlugin
2022-11-01 02:42:54,814 [INFO] IPUIPlugin:79 - create IPUIPlugin
2022-11-01 02:42:54,814 [INFO] IPUIPlugin:79 - create IPUIPlugin
2022-11-01 02:42:54,814 [INFO] IPUIPlugin:79 - create IPUIPlugin
2022-11-01 02:42:55,149 [INFO] OpenFileManager:327 - Restore cursor
2022-11-01 02:42:55,628 [INFO] UtilMem:74 - End SaveConfig() Used Memory: 271438872 Bytes (396361728)
2022-11-01 02:42:55,665 [INFO] UtilMem:74 - End SaveConfig() Used Memory: 281832696 Bytes (396361728)
2022-11-01 02:42:56,015 [INFO] BlockDiagram:2753 - set Specific Code input for plugin: NVIC
2022-11-01 02:42:56,016 [INFO] BlockDiagram:2753 - set Specific Code input for plugin: RCC
2022-11-01 02:42:56,017 [INFO] CodeGenerator:690 - code generatio: config db path: C:\ST\STM32CubeIDE_1.9.0\STM32CubeIDE\plugins\com.st.stm32cube.common.mx_6.6.1.202207061420\\db\
2022-11-01 02:42:56,408 [INFO] CodeEngine:245 - oldGeneratedFile, D:\github\mc\stm32\FreeRTOS_Simple_LED_Blink\FreeRTOS_Simple_LED_Blink\MXTmpFiles\license.tmp_save
2022-11-01 02:42:56,760 [INFO] CodeEngine:269 - Generated code: D:\github\mc\stm32\FreeRTOS_Simple_LED_Blink\FreeRTOS_Simple_LED_Blink\MXTmpFiles\license.tmp
2022-11-01 02:42:56,770 [INFO] CodeEngine:245 - oldGeneratedFile, D:\github\mc\stm32\FreeRTOS_Simple_LED_Blink\FreeRTOS_Simple_LED_Blink\Core\Src\stm32f1xx_it.c_save
2022-11-01 02:42:56,932 [INFO] CodeEngine:269 - Generated code: D:\github\mc\stm32\FreeRTOS_Simple_LED_Blink\FreeRTOS_Simple_LED_Blink\Core\Src\stm32f1xx_it.c
2022-11-01 02:42:56,952 [INFO] CodeEngine:245 - oldGeneratedFile, D:\github\mc\stm32\FreeRTOS_Simple_LED_Blink\FreeRTOS_Simple_LED_Blink\Core\Inc\stm32f1xx_it.h_save
2022-11-01 02:42:57,060 [INFO] CodeEngine:269 - Generated code: D:\github\mc\stm32\FreeRTOS_Simple_LED_Blink\FreeRTOS_Simple_LED_Blink\Core\Inc\stm32f1xx_it.h
2022-11-01 02:42:57,127 [INFO] CodeEngine:245 - oldGeneratedFile, D:\github\mc\stm32\FreeRTOS_Simple_LED_Blink\FreeRTOS_Simple_LED_Blink\Core\Src\stm32f1xx_hal_msp.c_save
2022-11-01 02:42:57,337 [INFO] CodeEngine:269 - Generated code: D:\github\mc\stm32\FreeRTOS_Simple_LED_Blink\FreeRTOS_Simple_LED_Blink\Core\Src\stm32f1xx_hal_msp.c
2022-11-01 02:42:57,344 [INFO] CodeEngine:245 - oldGeneratedFile, D:\github\mc\stm32\FreeRTOS_Simple_LED_Blink\FreeRTOS_Simple_LED_Blink\MXTmpFiles\system.tmp_save
2022-11-01 02:42:57,438 [INFO] CodeEngine:269 - Generated code: D:\github\mc\stm32\FreeRTOS_Simple_LED_Blink\FreeRTOS_Simple_LED_Blink\MXTmpFiles\system.tmp
2022-11-01 02:42:57,446 [INFO] CodeEngine:245 - oldGeneratedFile, D:\github\mc\stm32\FreeRTOS_Simple_LED_Blink\FreeRTOS_Simple_LED_Blink\Core\Inc\stm32f1xx_hal_conf.h_save
2022-11-01 02:42:57,618 [INFO] CodeEngine:269 - Generated code: D:\github\mc\stm32\FreeRTOS_Simple_LED_Blink\FreeRTOS_Simple_LED_Blink\Core\Inc\stm32f1xx_hal_conf.h
2022-11-01 02:42:57,681 [INFO] CodeEngine:245 - oldGeneratedFile, D:\github\mc\stm32\FreeRTOS_Simple_LED_Blink\FreeRTOS_Simple_LED_Blink\Core\Inc\main.h_save
2022-11-01 02:42:57,892 [INFO] CodeEngine:269 - Generated code: D:\github\mc\stm32\FreeRTOS_Simple_LED_Blink\FreeRTOS_Simple_LED_Blink\Core\Inc\main.h
2022-11-01 02:42:57,911 [INFO] CodeEngine:245 - oldGeneratedFile, D:\github\mc\stm32\FreeRTOS_Simple_LED_Blink\FreeRTOS_Simple_LED_Blink\Core\Src\main.c_save
2022-11-01 02:42:58,149 [INFO] CodeEngine:269 - Generated code: D:\github\mc\stm32\FreeRTOS_Simple_LED_Blink\FreeRTOS_Simple_LED_Blink\Core\Src\main.c
2022-11-01 02:42:58,948 [INFO] ProjectBuilder:2919 - Time for Copy HAL[1] : 156mS.
2022-11-01 02:42:58,964 [INFO] ProjectBuilder:4117 - Project Generator version: 3.17.1
2022-11-01 02:42:59,554 [INFO] ConfigFileManager:1394 - The Die is : DIE410
2022-11-01 02:42:59,575 [INFO] ApiDbMcu:505 - Load IP Config File for FATFS
2022-11-01 02:42:59,616 [INFO] ApiDbMcu:505 - Load IP Config File for FREERTOS
2022-11-01 02:42:59,638 [INFO] ApiDbMcu:505 - Load IP Config File for USB_DEVICE
2022-11-01 02:43:02,622 [INFO] ProjectBuilder:4285 - Time for Generating toolchain IDE Files: 3658mS.
2022-11-01 02:43:02,622 [INFO] ProjectBuilder:2790 - Time for Copy CMSIS : 0mS.
2022-11-01 02:43:02,625 [INFO] ProjectBuilder:2790 - Time for Copy CMSIS : 1mS.
2022-11-01 02:43:03,825 [INFO] McuFinderGlobals:57 - Set McuFinderConnectedMode to true
2022-11-01 02:43:03,828 [INFO] ApiDb:443 - Save user favorites file C:\Users\Zver/.stm32cubeide/favorites.mcus.txt: 1 item(s)
2022-11-01 02:43:03,829 [INFO] ApiDb:447 - User favorites MCUs=[STM32F103C8T6]
2022-11-01 02:47:26,469 [INFO] RtosManager:801 - Current active RTOS is FREERTOS [Cortex-M3NS]
2022-11-01 02:47:26,718 [ERROR] RtosPanel:557 - Can not restore the selected Tab for FREERTOS(A reason can be that the tab is no more available.)
2022-11-01 02:47:26,798 [ERROR] RtosPanel:557 - Can not restore the selected Tab for FREERTOS(A reason can be that the tab is no more available.)
2022-11-01 02:48:26,127 [ERROR] RtosPanel:557 - Can not restore the selected Tab for FREERTOS(A reason can be that the tab is no more available.)
2022-11-01 02:48:54,841 [INFO] TasksAndQueuesTab:756 - Dynamic
2022-11-01 02:48:54,841 [WARN] TasksAndQueuesTab:762 - 128 128
2022-11-01 02:48:54,841 [WARN] TasksAndQueuesTab:774 - max value is: 768.0
2022-11-01 02:48:57,188 [INFO] EditThreadDialog:703 - RAM SIZE (in KB): 20
2022-11-01 02:48:57,188 [INFO] EditThreadDialog:705 - RAM SIZE (in words): 5120
2022-11-01 02:54:05,865 [INFO] TasksAndQueuesTab:756 - Dynamic
2022-11-01 02:54:05,866 [WARN] TasksAndQueuesTab:762 - 128 128
2022-11-01 02:54:05,866 [WARN] TasksAndQueuesTab:774 - max value is: 768.0
2022-11-01 02:54:41,617 [INFO] EditThreadDialog:703 - RAM SIZE (in KB): 20
2022-11-01 02:54:41,618 [INFO] EditThreadDialog:705 - RAM SIZE (in words): 5120
2022-11-01 02:54:53,271 [INFO] TasksAndQueuesTab:756 - Dynamic
2022-11-01 02:54:53,271 [WARN] TasksAndQueuesTab:762 - 128 128
2022-11-01 02:54:53,272 [WARN] TasksAndQueuesTab:774 - max value is: 768.0
2022-11-01 02:54:53,272 [INFO] TasksAndQueuesTab:756 - Dynamic
2022-11-01 02:54:53,272 [WARN] TasksAndQueuesTab:762 - 128 128
2022-11-01 02:54:53,272 [WARN] TasksAndQueuesTab:774 - max value is: 768.0
2022-11-01 02:55:02,327 [INFO] EditThreadDialog:703 - RAM SIZE (in KB): 20
2022-11-01 02:55:02,327 [INFO] EditThreadDialog:705 - RAM SIZE (in words): 5120
2022-11-01 02:55:17,334 [INFO] TasksAndQueuesTab:756 - Dynamic
2022-11-01 02:55:17,334 [WARN] TasksAndQueuesTab:762 - 128 128
2022-11-01 02:55:17,334 [WARN] TasksAndQueuesTab:774 - max value is: 768.0
2022-11-01 02:55:17,334 [INFO] TasksAndQueuesTab:756 - Dynamic
2022-11-01 02:55:17,334 [WARN] TasksAndQueuesTab:762 - 128 128
2022-11-01 02:55:17,334 [WARN] TasksAndQueuesTab:774 - max value is: 768.0
2022-11-01 02:55:17,334 [INFO] TasksAndQueuesTab:756 - Dynamic
2022-11-01 02:55:17,335 [WARN] TasksAndQueuesTab:762 - 128 128
2022-11-01 02:55:17,335 [WARN] TasksAndQueuesTab:774 - max value is: 768.0
2022-11-01 02:55:32,741 [INFO] EditThreadDialog:703 - RAM SIZE (in KB): 20
2022-11-01 02:55:32,742 [INFO] EditThreadDialog:705 - RAM SIZE (in words): 5120
2022-11-01 02:55:50,643 [INFO] TasksAndQueuesTab:756 - Dynamic
2022-11-01 02:55:50,643 [WARN] TasksAndQueuesTab:762 - 128 128
2022-11-01 02:55:50,643 [WARN] TasksAndQueuesTab:774 - max value is: 768.0
2022-11-01 02:55:50,643 [INFO] TasksAndQueuesTab:756 - Dynamic
2022-11-01 02:55:50,643 [WARN] TasksAndQueuesTab:762 - 128 128
2022-11-01 02:55:50,643 [WARN] TasksAndQueuesTab:774 - max value is: 768.0
2022-11-01 02:55:50,643 [INFO] TasksAndQueuesTab:756 - Dynamic
2022-11-01 02:55:50,643 [WARN] TasksAndQueuesTab:762 - 128 128
2022-11-01 02:55:50,643 [WARN] TasksAndQueuesTab:774 - max value is: 768.0
2022-11-01 02:57:33,904 [ERROR] RtosPanel:557 - Can not restore the selected Tab for FREERTOS(A reason can be that the tab is no more available.)
2022-11-01 02:57:37,112 [ERROR] RtosPanel:557 - Can not restore the selected Tab for FREERTOS(A reason can be that the tab is no more available.)
2022-11-01 02:57:39,881 [ERROR] RtosPanel:557 - Can not restore the selected Tab for FREERTOS(A reason can be that the tab is no more available.)
2022-11-01 02:58:43,963 [INFO] UtilMem:74 - End SaveConfig() Used Memory: 294705144 Bytes (1072693248)
2022-11-01 02:58:45,660 [INFO] UtilMem:74 - End SaveConfig() Used Memory: 309644576 Bytes (1072693248)
2022-11-01 02:58:47,847 [INFO] UtilMem:74 - End SaveConfig() Used Memory: 396939192 Bytes (1072693248)
2022-11-01 02:58:48,207 [INFO] BlockDiagram:2753 - set Specific Code input for plugin: NVIC
2022-11-01 02:58:48,207 [INFO] BlockDiagram:2753 - set Specific Code input for plugin: FREERTOS
2022-11-01 02:58:48,207 [INFO] BlockDiagram:2753 - set Specific Code input for plugin: SYS
2022-11-01 02:58:48,208 [INFO] BlockDiagram:2753 - set Specific Code input for plugin: GPIO
2022-11-01 02:58:48,208 [INFO] BlockDiagram:2753 - set Specific Code input for plugin: RCC
2022-11-01 02:58:48,210 [INFO] CodeGenerator:690 - code generatio: config db path: C:\ST\STM32CubeIDE_1.9.0\STM32CubeIDE\plugins\com.st.stm32cube.common.mx_6.6.1.202207061420\\db\
2022-11-01 02:58:48,385 [INFO] CodeEngine:245 - oldGeneratedFile, D:\github\mc\stm32\FreeRTOS_Simple_LED_Blink\FreeRTOS_Simple_LED_Blink\MXTmpFiles\license.tmp_save
2022-11-01 02:58:48,517 [INFO] CodeEngine:269 - Generated code: D:\github\mc\stm32\FreeRTOS_Simple_LED_Blink\FreeRTOS_Simple_LED_Blink\MXTmpFiles\license.tmp
2022-11-01 02:58:48,565 [INFO] CodeEngine:245 - oldGeneratedFile, D:\github\mc\stm32\FreeRTOS_Simple_LED_Blink\FreeRTOS_Simple_LED_Blink\MXTmpFiles\gpio.tmp_save
2022-11-01 02:58:48,692 [INFO] CodeEngine:269 - Generated code: D:\github\mc\stm32\FreeRTOS_Simple_LED_Blink\FreeRTOS_Simple_LED_Blink\MXTmpFiles\gpio.tmp
2022-11-01 02:58:48,759 [INFO] Middleware:1435 - No code input for Bsp Dependency
2022-11-01 02:58:48,767 [INFO] CodeEngine:245 - oldGeneratedFile, D:\github\mc\stm32\FreeRTOS_Simple_LED_Blink\FreeRTOS_Simple_LED_Blink\MXTmpFiles\rtos_inc.tmp_save
2022-11-01 02:58:48,868 [INFO] CodeEngine:269 - Generated code: D:\github\mc\stm32\FreeRTOS_Simple_LED_Blink\FreeRTOS_Simple_LED_Blink\MXTmpFiles\rtos_inc.tmp
2022-11-01 02:58:48,874 [INFO] CodeEngine:245 - oldGeneratedFile, D:\github\mc\stm32\FreeRTOS_Simple_LED_Blink\FreeRTOS_Simple_LED_Blink\MXTmpFiles\rtos_vars.tmp_save
2022-11-01 02:58:48,942 [INFO] CodeEngine:269 - Generated code: D:\github\mc\stm32\FreeRTOS_Simple_LED_Blink\FreeRTOS_Simple_LED_Blink\MXTmpFiles\rtos_vars.tmp
2022-11-01 02:58:48,946 [INFO] CodeEngine:245 - oldGeneratedFile, D:\github\mc\stm32\FreeRTOS_Simple_LED_Blink\FreeRTOS_Simple_LED_Blink\MXTmpFiles\rtos_pfp.tmp_save
2022-11-01 02:58:49,003 [INFO] CodeEngine:269 - Generated code: D:\github\mc\stm32\FreeRTOS_Simple_LED_Blink\FreeRTOS_Simple_LED_Blink\MXTmpFiles\rtos_pfp.tmp
2022-11-01 02:58:49,007 [INFO] CodeEngine:245 - oldGeneratedFile, D:\github\mc\stm32\FreeRTOS_Simple_LED_Blink\FreeRTOS_Simple_LED_Blink\MXTmpFiles\rtos_obj_creat.tmp_save
2022-11-01 02:58:49,069 [INFO] CodeEngine:269 - Generated code: D:\github\mc\stm32\FreeRTOS_Simple_LED_Blink\FreeRTOS_Simple_LED_Blink\MXTmpFiles\rtos_obj_creat.tmp
2022-11-01 02:58:49,075 [INFO] CodeEngine:245 - oldGeneratedFile, D:\github\mc\stm32\FreeRTOS_Simple_LED_Blink\FreeRTOS_Simple_LED_Blink\MXTmpFiles\rtos_kernelStart.tmp_save
2022-11-01 02:58:49,121 [INFO] CodeEngine:269 - Generated code: D:\github\mc\stm32\FreeRTOS_Simple_LED_Blink\FreeRTOS_Simple_LED_Blink\MXTmpFiles\rtos_kernelStart.tmp
2022-11-01 02:58:49,124 [INFO] CodeEngine:245 - oldGeneratedFile, D:\github\mc\stm32\FreeRTOS_Simple_LED_Blink\FreeRTOS_Simple_LED_Blink\MXTmpFiles\rtos_default_thread.tmp_save
2022-11-01 02:58:49,174 [INFO] CodeEngine:269 - Generated code: D:\github\mc\stm32\FreeRTOS_Simple_LED_Blink\FreeRTOS_Simple_LED_Blink\MXTmpFiles\rtos_default_thread.tmp
2022-11-01 02:58:49,179 [INFO] CodeEngine:245 - oldGeneratedFile, D:\github\mc\stm32\FreeRTOS_Simple_LED_Blink\FreeRTOS_Simple_LED_Blink\MXTmpFiles\rtos_threads.tmp_save
2022-11-01 02:58:49,230 [INFO] CodeEngine:269 - Generated code: D:\github\mc\stm32\FreeRTOS_Simple_LED_Blink\FreeRTOS_Simple_LED_Blink\MXTmpFiles\rtos_threads.tmp
2022-11-01 02:58:49,240 [INFO] Middleware:1435 - No code input for Bsp Dependency
2022-11-01 02:58:49,247 [INFO] CodeEngine:245 - oldGeneratedFile, D:\github\mc\stm32\FreeRTOS_Simple_LED_Blink\FreeRTOS_Simple_LED_Blink\MXTmpFiles\rtos_inc.tmp_save
2022-11-01 02:58:49,329 [INFO] CodeEngine:269 - Generated code: D:\github\mc\stm32\FreeRTOS_Simple_LED_Blink\FreeRTOS_Simple_LED_Blink\MXTmpFiles\rtos_inc.tmp
2022-11-01 02:58:49,337 [INFO] CodeEngine:245 - oldGeneratedFile, D:\github\mc\stm32\FreeRTOS_Simple_LED_Blink\FreeRTOS_Simple_LED_Blink\MXTmpFiles\rtos_vars.tmp_save
2022-11-01 02:58:49,393 [INFO] CodeEngine:269 - Generated code: D:\github\mc\stm32\FreeRTOS_Simple_LED_Blink\FreeRTOS_Simple_LED_Blink\MXTmpFiles\rtos_vars.tmp
2022-11-01 02:58:49,398 [INFO] CodeEngine:245 - oldGeneratedFile, D:\github\mc\stm32\FreeRTOS_Simple_LED_Blink\FreeRTOS_Simple_LED_Blink\MXTmpFiles\rtos_pfp.tmp_save
2022-11-01 02:58:49,453 [INFO] CodeEngine:269 - Generated code: D:\github\mc\stm32\FreeRTOS_Simple_LED_Blink\FreeRTOS_Simple_LED_Blink\MXTmpFiles\rtos_pfp.tmp
2022-11-01 02:58:49,463 [INFO] CodeEngine:245 - oldGeneratedFile, D:\github\mc\stm32\FreeRTOS_Simple_LED_Blink\FreeRTOS_Simple_LED_Blink\MXTmpFiles\rtos_obj_creat.tmp_save
2022-11-01 02:58:49,521 [INFO] CodeEngine:269 - Generated code: D:\github\mc\stm32\FreeRTOS_Simple_LED_Blink\FreeRTOS_Simple_LED_Blink\MXTmpFiles\rtos_obj_creat.tmp
2022-11-01 02:58:49,536 [INFO] CodeEngine:245 - oldGeneratedFile, D:\github\mc\stm32\FreeRTOS_Simple_LED_Blink\FreeRTOS_Simple_LED_Blink\MXTmpFiles\rtos_kernelStart.tmp_save
2022-11-01 02:58:49,638 [INFO] CodeEngine:269 - Generated code: D:\github\mc\stm32\FreeRTOS_Simple_LED_Blink\FreeRTOS_Simple_LED_Blink\MXTmpFiles\rtos_kernelStart.tmp
2022-11-01 02:58:49,646 [INFO] CodeEngine:245 - oldGeneratedFile, D:\github\mc\stm32\FreeRTOS_Simple_LED_Blink\FreeRTOS_Simple_LED_Blink\MXTmpFiles\rtos_default_thread.tmp_save
2022-11-01 02:58:49,696 [INFO] CodeEngine:269 - Generated code: D:\github\mc\stm32\FreeRTOS_Simple_LED_Blink\FreeRTOS_Simple_LED_Blink\MXTmpFiles\rtos_default_thread.tmp
2022-11-01 02:58:49,702 [INFO] CodeEngine:245 - oldGeneratedFile, D:\github\mc\stm32\FreeRTOS_Simple_LED_Blink\FreeRTOS_Simple_LED_Blink\MXTmpFiles\rtos_threads.tmp_save
2022-11-01 02:58:49,754 [INFO] CodeEngine:269 - Generated code: D:\github\mc\stm32\FreeRTOS_Simple_LED_Blink\FreeRTOS_Simple_LED_Blink\MXTmpFiles\rtos_threads.tmp
2022-11-01 02:58:49,757 [INFO] CodeEngine:245 - oldGeneratedFile, D:\github\mc\stm32\FreeRTOS_Simple_LED_Blink\FreeRTOS_Simple_LED_Blink\Core\Inc\FreeRTOSConfig.h_save
2022-11-01 02:58:49,855 [INFO] CodeEngine:269 - Generated code: D:\github\mc\stm32\FreeRTOS_Simple_LED_Blink\FreeRTOS_Simple_LED_Blink\Core\Inc\FreeRTOSConfig.h
2022-11-01 02:58:49,864 [INFO] CodeEngine:245 - oldGeneratedFile, D:\github\mc\stm32\FreeRTOS_Simple_LED_Blink\FreeRTOS_Simple_LED_Blink\Core\Src\freertos.c_save
2022-11-01 02:58:49,929 [INFO] CodeEngine:269 - Generated code: D:\github\mc\stm32\FreeRTOS_Simple_LED_Blink\FreeRTOS_Simple_LED_Blink\Core\Src\freertos.c
2022-11-01 02:58:49,952 [INFO] CodeEngine:245 - oldGeneratedFile, D:\github\mc\stm32\FreeRTOS_Simple_LED_Blink\FreeRTOS_Simple_LED_Blink\Core\Src\stm32f1xx_it.c_save
2022-11-01 02:58:50,049 [INFO] CodeEngine:269 - Generated code: D:\github\mc\stm32\FreeRTOS_Simple_LED_Blink\FreeRTOS_Simple_LED_Blink\Core\Src\stm32f1xx_it.c
2022-11-01 02:58:50,059 [INFO] CodeEngine:245 - oldGeneratedFile, D:\github\mc\stm32\FreeRTOS_Simple_LED_Blink\FreeRTOS_Simple_LED_Blink\Core\Inc\stm32f1xx_it.h_save
2022-11-01 02:58:50,130 [INFO] CodeEngine:269 - Generated code: D:\github\mc\stm32\FreeRTOS_Simple_LED_Blink\FreeRTOS_Simple_LED_Blink\Core\Inc\stm32f1xx_it.h
2022-11-01 02:58:50,198 [INFO] CodeEngine:245 - oldGeneratedFile, D:\github\mc\stm32\FreeRTOS_Simple_LED_Blink\FreeRTOS_Simple_LED_Blink\Core\Src\stm32f1xx_hal_msp.c_save
2022-11-01 02:58:50,287 [INFO] CodeEngine:269 - Generated code: D:\github\mc\stm32\FreeRTOS_Simple_LED_Blink\FreeRTOS_Simple_LED_Blink\Core\Src\stm32f1xx_hal_msp.c
2022-11-01 02:58:50,290 [INFO] CodeEngine:245 - oldGeneratedFile, D:\github\mc\stm32\FreeRTOS_Simple_LED_Blink\FreeRTOS_Simple_LED_Blink\MXTmpFiles\system.tmp_save
2022-11-01 02:58:50,341 [INFO] CodeEngine:269 - Generated code: D:\github\mc\stm32\FreeRTOS_Simple_LED_Blink\FreeRTOS_Simple_LED_Blink\MXTmpFiles\system.tmp
2022-11-01 02:58:50,346 [INFO] CodeEngine:245 - oldGeneratedFile, D:\github\mc\stm32\FreeRTOS_Simple_LED_Blink\FreeRTOS_Simple_LED_Blink\Core\Src\stm32f1xx_hal_timebase_tim.c_save
2022-11-01 02:58:50,423 [INFO] CodeEngine:269 - Generated code: D:\github\mc\stm32\FreeRTOS_Simple_LED_Blink\FreeRTOS_Simple_LED_Blink\Core\Src\stm32f1xx_hal_timebase_tim.c
2022-11-01 02:58:50,463 [INFO] CodeEngine:245 - oldGeneratedFile, D:\github\mc\stm32\FreeRTOS_Simple_LED_Blink\FreeRTOS_Simple_LED_Blink\Core\Inc\stm32f1xx_hal_conf.h_save
2022-11-01 02:58:50,609 [INFO] CodeEngine:269 - Generated code: D:\github\mc\stm32\FreeRTOS_Simple_LED_Blink\FreeRTOS_Simple_LED_Blink\Core\Inc\stm32f1xx_hal_conf.h
2022-11-01 02:58:50,662 [INFO] CodeEngine:245 - oldGeneratedFile, D:\github\mc\stm32\FreeRTOS_Simple_LED_Blink\FreeRTOS_Simple_LED_Blink\Core\Inc\main.h_save
2022-11-01 02:58:50,746 [INFO] CodeEngine:269 - Generated code: D:\github\mc\stm32\FreeRTOS_Simple_LED_Blink\FreeRTOS_Simple_LED_Blink\Core\Inc\main.h
2022-11-01 02:58:50,797 [INFO] CodeEngine:245 - oldGeneratedFile, D:\github\mc\stm32\FreeRTOS_Simple_LED_Blink\FreeRTOS_Simple_LED_Blink\Core\Src\main.c_save
2022-11-01 02:58:50,919 [INFO] CodeEngine:269 - Generated code: D:\github\mc\stm32\FreeRTOS_Simple_LED_Blink\FreeRTOS_Simple_LED_Blink\Core\Src\main.c
2022-11-01 02:58:51,762 [INFO] ProjectBuilder:2919 - Time for Copy HAL[1] : 364mS.
2022-11-01 02:58:51,766 [INFO] ProjectBuilder:4117 - Project Generator version: 3.17.1
2022-11-01 02:58:52,016 [INFO] ConfigFileManager:1394 - The Die is : DIE410
2022-11-01 02:58:53,611 [INFO] ProjectBuilder:4285 - Time for Generating toolchain IDE Files: 1845mS.
2022-11-01 02:58:53,612 [INFO] ProjectBuilder:2790 - Time for Copy CMSIS : 0mS.
2022-11-01 02:58:53,615 [INFO] ProjectBuilder:2790 - Time for Copy CMSIS : 0mS.
2022-11-01 04:03:33,610 [ERROR] ConfigurationRetriever:139 - IOException on connection: Connect timed out
2022-11-01 04:03:37,613 [ERROR] ConfigurationRetriever:139 - IOException on connection: Connect timed out
