2022-10-26 05:14:31,819 [INFO] Activator:177 - 


2022-10-26 05:14:31,820 [INFO] Activator:178 - !SESSION log4j initialized
2022-10-26 05:14:35,746 [INFO] McuFinderGlobals:44 - Set McuFinder mode to 2 (CubeIDE integrated)
2022-10-26 05:14:37,121 [INFO] ApplicationProperties:181 - Using Application install path: C:\ST\STM32CubeIDE_1.9.0\STM32CubeIDE\plugins\com.st.stm32cube.common.mx_6.6.1.202207061420
2022-10-26 05:14:37,141 [INFO] DbMcusXml:77 - Set database path to: C:\ST\STM32CubeIDE_1.9.0\STM32CubeIDE\plugins\com.st.stm32cube.common.mx_6.6.1.202207061420\\db\/mcu/
2022-10-26 05:14:37,142 [INFO] ApiDb:269 - Set plugin database path to: C:\ST\STM32CubeIDE_1.9.0\STM32CubeIDE\plugins\com.st.stm32cube.common.mx_6.6.1.202207061420\\db\/plugins/boardmanager/
2022-10-26 05:14:37,145 [WARN] ApiDb:254 - Overriding images path with different value:  => C:\ST\STM32CubeIDE_1.9.0\STM32CubeIDE\plugins\com.st.stm32cube.common.mx_6.6.1.202207061420\\db\/plugins/mcufinder/images/
2022-10-26 05:14:37,164 [INFO] ApiDb:249 - Set database path to: C:\Users\Zver\.stmcufinder\plugins\mcufinder//mcu/
2022-10-26 05:14:37,166 [INFO] DbMcusAds:124 - Set database path to: C:\Users\Zver\.stmcufinder\plugins\mcufinder//mcu/
2022-10-26 05:14:37,170 [INFO] CrossReferenceDbSqlite:201 - Set database path to: C:\Users\Zver\.stmcufinder\plugins\mcufinder//mcu/cs/
2022-10-26 05:14:37,300 [INFO] RulesReader:61 - Compatibility file has been processed (282 Rules)
2022-10-26 05:14:37,468 [INFO] DbMcusXml:77 - Set database path to: C:\ST\STM32CubeIDE_1.9.0\STM32CubeIDE\plugins\com.st.stm32cube.common.mx_6.6.1.202207061420\\db\/mcu/
2022-10-26 05:14:37,468 [INFO] ApiDb:269 - Set plugin database path to: C:\ST\STM32CubeIDE_1.9.0\STM32CubeIDE\plugins\com.st.stm32cube.common.mx_6.6.1.202207061420\\db\/plugins/boardmanager/
2022-10-26 05:14:37,468 [INFO] ApiDb:256 - Set plugin images path to: C:\ST\STM32CubeIDE_1.9.0\STM32CubeIDE\plugins\com.st.stm32cube.common.mx_6.6.1.202207061420\\db\/plugins/mcufinder/images/
2022-10-26 05:14:37,469 [WARN] DbFile:40 - Overriding database path with different value: C:\Users\Zver\.stmcufinder\plugins\mcufinder/ => C:\Users\Zver\.stmcufinder\plugins\mcufinder
2022-10-26 05:14:37,469 [INFO] ApiDb:249 - Set database path to: C:\Users\Zver\.stmcufinder\plugins\mcufinder//mcu/
2022-10-26 05:14:37,469 [WARN] DbFile:40 - Overriding database path with different value: C:\Users\Zver\.stmcufinder\plugins\mcufinder/ => C:\Users\Zver\.stmcufinder\plugins\mcufinder
2022-10-26 05:14:37,469 [INFO] DbMcusAds:124 - Set database path to: C:\Users\Zver\.stmcufinder\plugins\mcufinder//mcu/
2022-10-26 05:14:37,470 [WARN] DbFile:40 - Overriding database path with different value: C:\Users\Zver\.stmcufinder\plugins\mcufinder/ => C:\Users\Zver\.stmcufinder\plugins\mcufinder
2022-10-26 05:14:37,470 [WARN] DbFile:40 - Overriding database path with different value: C:\Users\Zver\.stmcufinder\plugins\mcufinder/ => C:\Users\Zver\.stmcufinder\plugins\mcufinder
2022-10-26 05:14:37,470 [INFO] CrossReferenceDbSqlite:201 - Set database path to: C:\Users\Zver\.stmcufinder\plugins\mcufinder//mcu/cs/
2022-10-26 05:14:37,565 [INFO] MainPanel:242 - HeapMemory: 268435456
2022-10-26 05:14:37,648 [INFO] DbMcusXml:77 - Set database path to: C:\ST\STM32CubeIDE_1.9.0\STM32CubeIDE\plugins\com.st.stm32cube.common.mx_6.6.1.202207061420\\db\/mcu/
2022-10-26 05:14:37,649 [INFO] ApiDb:269 - Set plugin database path to: C:\ST\STM32CubeIDE_1.9.0\STM32CubeIDE\plugins\com.st.stm32cube.common.mx_6.6.1.202207061420\\db\/plugins/boardmanager/
2022-10-26 05:14:37,649 [INFO] ApiDb:256 - Set plugin images path to: C:\ST\STM32CubeIDE_1.9.0\STM32CubeIDE\plugins\com.st.stm32cube.common.mx_6.6.1.202207061420\\db\/plugins/mcufinder/images/
2022-10-26 05:14:37,649 [WARN] DbFile:40 - Overriding database path with different value: C:\Users\Zver\.stmcufinder\plugins\mcufinder/ => C:\Users\Zver\.stmcufinder\plugins\mcufinder
2022-10-26 05:14:37,649 [INFO] ApiDb:249 - Set database path to: C:\Users\Zver\.stmcufinder\plugins\mcufinder//mcu/
2022-10-26 05:14:37,649 [WARN] DbFile:40 - Overriding database path with different value: C:\Users\Zver\.stmcufinder\plugins\mcufinder/ => C:\Users\Zver\.stmcufinder\plugins\mcufinder
2022-10-26 05:14:37,649 [INFO] DbMcusAds:124 - Set database path to: C:\Users\Zver\.stmcufinder\plugins\mcufinder//mcu/
2022-10-26 05:14:37,649 [WARN] DbFile:40 - Overriding database path with different value: C:\Users\Zver\.stmcufinder\plugins\mcufinder/ => C:\Users\Zver\.stmcufinder\plugins\mcufinder
2022-10-26 05:14:37,650 [WARN] DbFile:40 - Overriding database path with different value: C:\Users\Zver\.stmcufinder\plugins\mcufinder/ => C:\Users\Zver\.stmcufinder\plugins\mcufinder
2022-10-26 05:14:37,650 [INFO] CrossReferenceDbSqlite:201 - Set database path to: C:\Users\Zver\.stmcufinder\plugins\mcufinder//mcu/cs/
2022-10-26 05:14:37,669 [INFO] ApplicationProperties:181 - Using Application install path: C:\ST\STM32CubeIDE_1.9.0\STM32CubeIDE\plugins\com.st.stm32cube.common.mx_6.6.1.202207061420
2022-10-26 05:14:37,671 [INFO] PluginManage:193 - Search for loadable plugins [exclusion list=, ]
2022-10-26 05:14:37,672 [INFO] PluginManage:307 - Check plugin analytics
2022-10-26 05:14:37,804 [INFO] AnalyticsPlugin:262 - Accepted Software Licenses: 
2022-10-26 05:14:37,805 [INFO] AnalyticsPlugin:264 - Accepted CMSIS Pack Licenses: 
2022-10-26 05:14:37,806 [INFO] AnalyticsPlugin:266 - Accepted Firmware Licenses: 
2022-10-26 05:14:37,814 [INFO] PluginManage:356 - Loaded plugin analytics (category:tool,tabindex:-1)
2022-10-26 05:14:37,815 [INFO] PluginManage:307 - Check plugin cadmodel
2022-10-26 05:14:37,819 [INFO] CADModel:65 - Init CAD model plugin
2022-10-26 05:14:37,820 [INFO] PluginManage:356 - Loaded plugin cadmodel (category:power,tabindex:5)
2022-10-26 05:14:37,820 [INFO] PluginManage:307 - Check plugin clock
2022-10-26 05:14:37,831 [INFO] PluginManage:356 - Loaded plugin clock (category:base,tabindex:2)
2022-10-26 05:14:37,831 [INFO] PluginManage:307 - Check plugin ddr
2022-10-26 05:14:37,834 [INFO] PluginManage:356 - Loaded plugin ddr (category:tool,tabindex:6)
2022-10-26 05:14:37,834 [INFO] PluginManage:307 - Check plugin filemanager
2022-10-26 05:14:38,134 [INFO] PluginManage:356 - Loaded plugin filemanager (category:base,tabindex:10)
2022-10-26 05:14:38,134 [INFO] PluginManage:307 - Check plugin ipmanager
2022-10-26 05:14:38,149 [INFO] PluginManage:356 - Loaded plugin ipmanager (category:base,tabindex:5)
2022-10-26 05:14:38,150 [INFO] PluginManage:307 - Check plugin lpbam
2022-10-26 05:14:38,160 [INFO] PluginManage:356 - Loaded plugin lpbam (category:base,tabindex:0)
2022-10-26 05:14:38,160 [INFO] PluginManage:307 - Check plugin pinoutandconfiguration
2022-10-26 05:14:38,171 [INFO] PluginManage:356 - Loaded plugin pinoutandconfiguration (category:base,tabindex:1)
2022-10-26 05:14:38,171 [INFO] PluginManage:307 - Check plugin pinoutconfig
2022-10-26 05:14:38,206 [INFO] PluginManage:356 - Loaded plugin pinoutconfig (category:base,tabindex:0)
2022-10-26 05:14:38,206 [INFO] PluginManage:307 - Check plugin power
2022-10-26 05:14:38,218 [INFO] PluginManage:356 - Loaded plugin power (category:power,tabindex:4)
2022-10-26 05:14:38,218 [INFO] PluginManage:307 - Check plugin projectmanager
2022-10-26 05:14:38,233 [INFO] PluginManage:356 - Loaded plugin projectmanager (category:projectmanager,tabindex:3)
2022-10-26 05:14:38,234 [INFO] PluginManage:307 - Check plugin thirdparty
2022-10-26 05:14:38,388 [WARN] IntegrityCheckThread:82 - waiting for thirdparty lock release [integrity check]
2022-10-26 05:14:38,388 [INFO] PluginManage:356 - Loaded plugin thirdparty (category:base,tabindex:-1)
2022-10-26 05:14:38,389 [INFO] IntegrityCheckThread:84 - entering critical section [integrity check]
2022-10-26 05:14:38,389 [INFO] PluginManage:307 - Check plugin tools
2022-10-26 05:14:38,391 [INFO] ThirdPartyUpdaterWithRetryManager:70 - Updater plugin not ready yet. [1/15]
2022-10-26 05:14:38,393 [INFO] PluginManage:356 - Loaded plugin tools (category:base,tabindex:7)
2022-10-26 05:14:38,393 [INFO] PluginManage:307 - Check plugin tutovideos
2022-10-26 05:14:38,613 [INFO] PluginManage:356 - Loaded plugin tutovideos (category:base,tabindex:-1)
2022-10-26 05:14:38,613 [INFO] PluginManage:307 - Check plugin updater
2022-10-26 05:14:38,629 [INFO] PluginManage:356 - Loaded plugin updater (category:base,tabindex:12)
2022-10-26 05:14:38,630 [INFO] PluginManage:280 - PluginManage : Loaded plugins [15]
2022-10-26 05:14:39,036 [INFO] PinOutPanel:1468 - setPackage(No Configuration,No Configuration)
2022-10-26 05:14:39,116 [INFO] CADModel:98 - CPN selected for project level
2022-10-26 05:14:39,133 [INFO] IPUIPlugin:79 - create IPUIPlugin
2022-10-26 05:14:39,133 [INFO] PluginManager:217 - loadIPPluginJar : add adc
2022-10-26 05:14:39,136 [INFO] IPUIPlugin:79 - create IPUIPlugin
2022-10-26 05:14:39,136 [INFO] PluginManager:217 - loadIPPluginJar : add aes
2022-10-26 05:14:39,139 [INFO] IPUIPlugin:79 - create IPUIPlugin
2022-10-26 05:14:39,139 [INFO] PluginManager:217 - loadIPPluginJar : add can
2022-10-26 05:14:39,140 [INFO] IPUIPlugin:79 - create IPUIPlugin
2022-10-26 05:14:39,140 [INFO] PluginManager:217 - loadIPPluginJar : add comp
2022-10-26 05:14:39,142 [INFO] IPUIPlugin:79 - create IPUIPlugin
2022-10-26 05:14:39,143 [INFO] PluginManager:217 - loadIPPluginJar : add cryp
2022-10-26 05:14:39,145 [INFO] IPUIPlugin:79 - create IPUIPlugin
2022-10-26 05:14:39,146 [INFO] PluginManager:217 - loadIPPluginJar : add dfsdm
2022-10-26 05:14:39,150 [INFO] IPUIPlugin:79 - create IPUIPlugin
2022-10-26 05:14:39,151 [INFO] PluginManager:217 - loadIPPluginJar : add dma
2022-10-26 05:14:39,153 [INFO] IPUIPlugin:79 - create IPUIPlugin
2022-10-26 05:14:39,153 [INFO] PluginManager:217 - loadIPPluginJar : add dma3
2022-10-26 05:14:39,154 [INFO] IPUIPlugin:79 - create IPUIPlugin
2022-10-26 05:14:39,154 [INFO] PluginManager:217 - loadIPPluginJar : add fatfs
2022-10-26 05:14:39,158 [INFO] IPUIPlugin:79 - create IPUIPlugin
2022-10-26 05:14:39,158 [INFO] PluginManager:217 - loadIPPluginJar : add fmc
2022-10-26 05:14:39,163 [INFO] IPUIPlugin:79 - create IPUIPlugin
2022-10-26 05:14:39,164 [INFO] PluginManager:217 - loadIPPluginJar : add freertos
2022-10-26 05:14:39,165 [INFO] IPUIPlugin:79 - create IPUIPlugin
2022-10-26 05:14:39,165 [INFO] PluginManager:217 - loadIPPluginJar : add genericplugin
2022-10-26 05:14:39,167 [INFO] IPUIPlugin:79 - create IPUIPlugin
2022-10-26 05:14:39,167 [INFO] PluginManager:217 - loadIPPluginJar : add gfxmmu
2022-10-26 05:14:39,172 [INFO] IPUIPlugin:79 - create IPUIPlugin
2022-10-26 05:14:39,172 [INFO] PluginManager:217 - loadIPPluginJar : add gic
2022-10-26 05:14:39,175 [INFO] IPUIPlugin:79 - create IPUIPlugin
2022-10-26 05:14:39,175 [INFO] PluginManager:217 - loadIPPluginJar : add gpio
2022-10-26 05:14:39,178 [INFO] IPUIPlugin:79 - create IPUIPlugin
2022-10-26 05:14:39,178 [INFO] PluginManager:217 - loadIPPluginJar : add gtzc
2022-10-26 05:14:39,180 [INFO] IPUIPlugin:79 - create IPUIPlugin
2022-10-26 05:14:39,180 [INFO] PluginManager:217 - loadIPPluginJar : add hash
2022-10-26 05:14:39,182 [INFO] IPUIPlugin:79 - create IPUIPlugin
2022-10-26 05:14:39,183 [INFO] PluginManager:217 - loadIPPluginJar : add i2c
2022-10-26 05:14:39,185 [INFO] IPUIPlugin:79 - create IPUIPlugin
2022-10-26 05:14:39,185 [INFO] PluginManager:217 - loadIPPluginJar : add i2s
2022-10-26 05:14:39,187 [INFO] IPUIPlugin:79 - create IPUIPlugin
2022-10-26 05:14:39,187 [INFO] PluginManager:217 - loadIPPluginJar : add ipddr
2022-10-26 05:14:39,193 [INFO] IPUIPlugin:79 - create IPUIPlugin
2022-10-26 05:14:39,193 [INFO] PluginManager:217 - loadIPPluginJar : add linkedlist
2022-10-26 05:14:39,195 [INFO] IPUIPlugin:79 - create IPUIPlugin
2022-10-26 05:14:39,195 [INFO] PluginManager:217 - loadIPPluginJar : add lorawan
2022-10-26 05:14:39,196 [INFO] IPUIPlugin:79 - create IPUIPlugin
2022-10-26 05:14:39,196 [INFO] PluginManager:217 - loadIPPluginJar : add ltdc
2022-10-26 05:14:39,200 [INFO] IPUIPlugin:79 - create IPUIPlugin
2022-10-26 05:14:39,201 [INFO] PluginManager:217 - loadIPPluginJar : add mdma
2022-10-26 05:14:39,203 [INFO] IPUIPlugin:79 - create IPUIPlugin
2022-10-26 05:14:39,203 [INFO] PluginManager:217 - loadIPPluginJar : add nvic
2022-10-26 05:14:39,205 [INFO] IPUIPlugin:79 - create IPUIPlugin
2022-10-26 05:14:39,205 [INFO] PluginManager:217 - loadIPPluginJar : add opamp
2022-10-26 05:14:39,208 [INFO] IPUIPlugin:79 - create IPUIPlugin
2022-10-26 05:14:39,208 [INFO] PluginManager:217 - loadIPPluginJar : add openamp
2022-10-26 05:14:39,211 [INFO] IPUIPlugin:79 - create IPUIPlugin
2022-10-26 05:14:39,211 [INFO] PluginManager:217 - loadIPPluginJar : add pdm2pcm
2022-10-26 05:14:39,216 [INFO] IPUIPlugin:79 - create IPUIPlugin
2022-10-26 05:14:39,218 [INFO] PluginManager:217 - loadIPPluginJar : add plateformsettings
2022-10-26 05:14:39,220 [INFO] IPUIPlugin:79 - create IPUIPlugin
2022-10-26 05:14:39,220 [INFO] PluginManager:217 - loadIPPluginJar : add quadspi
2022-10-26 05:14:39,224 [INFO] IPUIPlugin:79 - create IPUIPlugin
2022-10-26 05:14:39,224 [INFO] PluginManager:217 - loadIPPluginJar : add resmgrutility
2022-10-26 05:14:39,227 [INFO] IPUIPlugin:79 - create IPUIPlugin
2022-10-26 05:14:39,227 [INFO] PluginManager:217 - loadIPPluginJar : add sai
2022-10-26 05:14:39,229 [INFO] IPUIPlugin:79 - create IPUIPlugin
2022-10-26 05:14:39,229 [INFO] PluginManager:217 - loadIPPluginJar : add spi
2022-10-26 05:14:39,233 [INFO] IPUIPlugin:79 - create IPUIPlugin
2022-10-26 05:14:39,233 [INFO] PluginManager:217 - loadIPPluginJar : add stm32_wpan
2022-10-26 05:14:39,235 [INFO] IPUIPlugin:79 - create IPUIPlugin
2022-10-26 05:14:39,235 [INFO] PluginManager:217 - loadIPPluginJar : add tim
2022-10-26 05:14:39,238 [INFO] IPUIPlugin:79 - create IPUIPlugin
2022-10-26 05:14:39,238 [INFO] PluginManager:217 - loadIPPluginJar : add touchsensing
2022-10-26 05:14:39,241 [INFO] IPUIPlugin:79 - create IPUIPlugin
2022-10-26 05:14:39,241 [INFO] PluginManager:217 - loadIPPluginJar : add tracer_emb
2022-10-26 05:14:39,243 [INFO] IPUIPlugin:79 - create IPUIPlugin
2022-10-26 05:14:39,243 [INFO] PluginManager:217 - loadIPPluginJar : add ts
2022-10-26 05:14:39,245 [INFO] IPUIPlugin:79 - create IPUIPlugin
2022-10-26 05:14:39,245 [INFO] PluginManager:217 - loadIPPluginJar : add tsc
2022-10-26 05:14:39,247 [INFO] IPUIPlugin:79 - create IPUIPlugin
2022-10-26 05:14:39,247 [INFO] PluginManager:217 - loadIPPluginJar : add ucpd
2022-10-26 05:14:39,249 [INFO] IPUIPlugin:79 - create IPUIPlugin
2022-10-26 05:14:39,249 [INFO] PluginManager:217 - loadIPPluginJar : add usart
2022-10-26 05:14:39,251 [INFO] IPUIPlugin:79 - create IPUIPlugin
2022-10-26 05:14:39,252 [INFO] PluginManager:217 - loadIPPluginJar : add usbx
2022-10-26 05:14:39,542 [FATAL] Updater:301 - Updater called before beeing initialized
2022-10-26 05:14:39,682 [FATAL] Updater:301 - Updater called before beeing initialized
2022-10-26 05:14:39,687 [INFO] DbMcusAds:52 - JSON generation date=Thu Sep 30 09:56:37 MSK 2021 (1632984997303)
2022-10-26 05:14:39,687 [FATAL] Updater:301 - Updater called before beeing initialized
2022-10-26 05:14:39,770 [WARN] DetailPanel:344 - Failed to get advertising image, set to default
2022-10-26 05:14:39,885 [FATAL] Updater:301 - Updater called before beeing initialized
2022-10-26 05:14:39,887 [FATAL] Updater:301 - Updater called before beeing initialized
2022-10-26 05:14:39,887 [FATAL] Updater:301 - Updater called before beeing initialized
2022-10-26 05:14:39,887 [WARN] DetailPanel:344 - Failed to get advertising image, set to default
2022-10-26 05:14:39,888 [FATAL] Updater:301 - Updater called before beeing initialized
2022-10-26 05:14:39,929 [ERROR] Updater:1105 - MainUpdater not yet initialized. External WinMGr cannot be set.
2022-10-26 05:14:39,931 [INFO] Updater:1041 - Updater Version found : 6.6.1
2022-10-26 05:14:39,946 [INFO] ApplicationProperties:181 - Using Application install path: C:\ST\STM32CubeIDE_1.9.0\STM32CubeIDE\plugins\com.st.stm32cube.common.mx_6.6.1.202207061420
2022-10-26 05:14:40,170 [INFO] MainUpdater:2768 - connection check result : 10
2022-10-26 05:14:40,171 [INFO] MainUpdater:280 - Updater Check For Update Now.
2022-10-26 05:14:40,172 [INFO] MicroXplorer:481 - Change Database Version : DB.6.0.60
2022-10-26 05:14:40,330 [INFO] CheckServerUpdateThread:119 - End of CheckServer Thread
2022-10-26 05:14:40,379 [INFO] MainUpdater:2768 - connection check result : 10
2022-10-26 05:14:40,587 [INFO] McuFinderGlobals:57 - Set McuFinderConnectedMode to true
2022-10-26 05:14:40,596 [INFO] MultiScanPanel:195 - Auto-refresh data requested => check proxy status ongoing
2022-10-26 05:14:40,601 [INFO] FinderPluginLoader:92 - Searching for filters in installed packs
2022-10-26 05:14:40,801 [INFO] ApiDb:576 - Connected to CubeFinder SQLite database (C:\Users\Zver\.stmcufinder\plugins\mcufinder\mcu\cube-finder-db.db)
2022-10-26 05:14:40,862 [INFO] ApiDb:663 - CubeFinder database Data Model version=2.1
2022-10-26 05:14:40,862 [INFO] ApiDb:664 - CubeFinder database Configuration version=3.0.32
2022-10-26 05:14:40,862 [INFO] ApiDb:665 - CubeFinder database generation date=2022-08-05 (1659688109)
2022-10-26 05:14:40,862 [INFO] ApiDb:666 - CubeFinder database FW Pack versions=[STM32Cube_FW_C0_V1.0.0, STM32Cube_FW_F4_V1.27.1, STM32Cube_FW_F7_V1.17.0, STM32Cube_FW_G0_V1.6.1, STM32Cube_FW_G4_V1.5.0, STM32Cube_FW_H7_V1.10.0, STM32Cube_FW_L5_V1.4.0, STM32Cube_FW_U5_V1.1.1, STM32Cube_FW_WB_V1.14.1, STM32Cube_FW_WL_V1.2.0, X-CUBE-ALGOBUILD_V1.3.0, X-CUBE-ALS_V1.0.1, X-CUBE-AZRTOS-F4_V1.1.0, X-CUBE-AZRTOS-F7_V1.1.0, X-CUBE-AZRTOS-G0_V1.1.0, X-CUBE-AZRTOS-G4_V1.0.0, X-CUBE-AZRTOS-H7_V2.1.0, X-CUBE-AZRTOS-L4_V1.0.0, X-CUBE-AZRTOS-L5_V1.0.0, X-CUBE-AZRTOS-WL_V1.0.0, X-CUBE-BLE1_V6.2.3, X-CUBE-BLE2_V3.3.0, X-CUBE-EEPRMA1_V3.1.1, X-CUBE-GNSS1_V6.0.0, X-CUBE-MEMS1_V9.1.0, X-CUBE-MEMS1_V9.3.0, X-CUBE-NFC4_V2.0.4, X-CUBE-NFC7_V1.0.0, X-CUBE-SFXS2LP1_V4.0.0, X-CUBE-SUBG2_V5.0.0]
2022-10-26 05:14:41,516 [WARN] PackLoader:242 - Cannot read IP mode file for wolfSSL.I-CUBE-wolfSSL.5.2.0
2022-10-26 05:14:41,527 [WARN] PackLoader:242 - Cannot read IP mode file for STMicroelectronics.X-CUBE-GNSS1.6.0.0
2022-10-26 05:14:41,554 [WARN] PackLoader:242 - Cannot read IP mode file for STMicroelectronics.X-CUBE-AZRTOS-F4.1.1.0
2022-10-26 05:14:41,569 [WARN] PackLoader:242 - Cannot read IP mode file for STMicroelectronics.X-CUBE-BLEMGR.1.2.0
2022-10-26 05:14:41,595 [WARN] PackLoader:242 - Cannot read IP mode file for STMicroelectronics.X-CUBE-AZRTOS-F7.1.1.0
2022-10-26 05:14:41,604 [WARN] PackLoader:242 - Cannot read IP mode file for STMicroelectronics.X-CUBE-AI.7.1.0
2022-10-26 05:14:41,611 [WARN] PackLoader:242 - Cannot read IP mode file for STMicroelectronics.X-CUBE-BLE1.6.2.3
2022-10-26 05:14:41,617 [WARN] PackLoader:242 - Cannot read IP mode file for STMicroelectronics.X-CUBE-BLE1.6.2.2
2022-10-26 05:14:41,624 [WARN] PackLoader:242 - Cannot read IP mode file for STMicroelectronics.X-CUBE-NFC4.2.0.4
2022-10-26 05:14:41,632 [WARN] PackLoader:242 - Cannot read IP mode file for STMicroelectronics.X-CUBE-BLE2.3.2.2
2022-10-26 05:14:41,639 [WARN] PackLoader:242 - Cannot read IP mode file for STMicroelectronics.X-CUBE-NFC4.2.0.3
2022-10-26 05:14:41,650 [WARN] PackLoader:242 - Cannot read IP mode file for STMicroelectronics.X-CUBE-TOF1.3.1.0
2022-10-26 05:14:41,665 [WARN] PackLoader:242 - Cannot read IP mode file for STMicroelectronics.X-CUBE-SFXS2LP1.3.1.0
2022-10-26 05:14:41,684 [WARN] PackLoader:242 - Cannot read IP mode file for STMicroelectronics.X-CUBE-AZRTOS-F4.1.0.0
2022-10-26 05:14:41,694 [WARN] PackLoader:242 - Cannot read IP mode file for STMicroelectronics.X-CUBE-NFC7.1.0.0
2022-10-26 05:14:41,707 [WARN] PackLoader:242 - Cannot read IP mode file for STMicroelectronics.X-CUBE-SUBG2.4.2.0
2022-10-26 05:14:41,767 [WARN] PackLoader:242 - Cannot read IP mode file for STMicroelectronics.X-CUBE-MEMS1.9.3.0
2022-10-26 05:14:41,910 [WARN] PackLoader:242 - Cannot read IP mode file for STMicroelectronics.X-CUBE-AI.7.2.0
2022-10-26 05:14:41,924 [WARN] PackLoader:242 - Cannot read IP mode file for STMicroelectronics.X-CUBE-AZRTOS-G0.1.0.0
2022-10-26 05:14:41,933 [WARN] PackLoader:242 - Cannot read IP mode file for STMicroelectronics.X-CUBE-SFXS2LP1.4.0.0
2022-10-26 05:14:41,939 [WARN] PackLoader:242 - Cannot read IP mode file for STMicroelectronics.X-CUBE-BLE2.3.3.0
2022-10-26 05:14:41,951 [WARN] PackLoader:242 - Cannot read IP mode file for STMicroelectronics.X-CUBE-DISPLAY.2.2.0
2022-10-26 05:14:41,965 [WARN] PackLoader:242 - Cannot read IP mode file for STMicroelectronics.X-CUBE-TOF1.3.2.0
2022-10-26 05:14:41,974 [WARN] PackLoader:242 - Cannot read IP mode file for STMicroelectronics.X-CUBE-TOUCHGFX.4.18.1
2022-10-26 05:14:41,979 [WARN] PackLoader:242 - Cannot read IP mode file for STMicroelectronics.X-CUBE-ISPU.1.0.0
2022-10-26 05:14:41,988 [WARN] PackLoader:242 - Cannot read IP mode file for RoweBots.I-CUBE-UNISONRTOS.5.5.0-4
2022-10-26 05:14:42,005 [WARN] PackLoader:242 - Cannot read IP mode file for STMicroelectronics.X-CUBE-AZRTOS-H7.2.1.0
2022-10-26 05:14:42,014 [WARN] PackLoader:242 - Cannot read IP mode file for STMicroelectronics.X-CUBE-BLEMGR.1.0.0
2022-10-26 05:14:42,019 [WARN] PackLoader:242 - Cannot read IP mode file for STMicroelectronics.X-CUBE-ALGOBUILD.1.3.0
2022-10-26 05:14:42,036 [WARN] PackLoader:242 - Cannot read IP mode file for STMicroelectronics.X-CUBE-AZRTOS-G0.1.1.0
2022-10-26 05:14:42,067 [WARN] PackLoader:242 - Cannot read IP mode file for STMicroelectronics.X-CUBE-SUBG2.5.0.0
2022-10-26 05:14:42,120 [WARN] PackLoader:242 - Cannot read IP mode file for SEGGER.I-CUBE-embOS.1.2.0
2022-10-26 05:14:42,160 [WARN] PackLoader:242 - Cannot read IP mode file for STMicroelectronics.FP-ATR-ASTRA1.1.1.1
2022-10-26 05:14:42,178 [WARN] PackLoader:242 - Cannot read IP mode file for STMicroelectronics.X-CUBE-AZRTOS-H7.2.0.0
2022-10-26 05:14:42,191 [WARN] PackLoader:242 - Cannot read IP mode file for STMicroelectronics.X-CUBE-AZRTOS-G4.1.0.0
2022-10-26 05:14:42,197 [WARN] PackLoader:242 - Cannot read IP mode file for STMicroelectronics.FP-ATR-SIGFOX1.3.2.0
2022-10-26 05:14:42,215 [WARN] PackLoader:242 - Cannot read IP mode file for STMicroelectronics.X-CUBE-AZRTOS-L4.1.0.0
2022-10-26 05:14:42,225 [WARN] PackLoader:242 - Cannot read IP mode file for emotas.I-CUBE-CANOPEN.1.1.2
2022-10-26 05:14:42,228 [WARN] PackLoader:242 - Cannot read IP mode file for STMicroelectronics.X-CUBE-TOUCHGFX.4.20.0
2022-10-26 05:14:42,240 [WARN] PackLoader:242 - Cannot read IP mode file for STMicroelectronics.X-CUBE-AZRTOS-F7.1.0.0
2022-10-26 05:14:42,251 [WARN] PackLoader:242 - Cannot read IP mode file for STMicroelectronics.X-CUBE-AZRTOS-WL.1.0.0
2022-10-26 05:14:42,301 [WARN] PackLoader:242 - Cannot read IP mode file for STMicroelectronics.X-CUBE-MEMS1.9.1.0
2022-10-26 05:14:42,381 [WARN] PackLoader:242 - Cannot read IP mode file for portGmbH.I-Cube-SoM-uGOAL.1.1.0
2022-10-26 05:14:42,386 [WARN] PackLoader:242 - Cannot read IP mode file for STMicroelectronics.X-CUBE-ALS.1.0.1
2022-10-26 05:14:42,402 [WARN] PackLoader:242 - Cannot read IP mode file for STMicroelectronics.X-CUBE-AZRTOS-L5.1.0.0
2022-10-26 05:14:42,410 [WARN] PackLoader:242 - Cannot read IP mode file for STMicroelectronics.X-CUBE-EEPRMA1.3.1.1
2022-10-26 05:14:42,417 [WARN] PackLoader:242 - Cannot read IP mode file for STMicroelectronics.X-CUBE-GNSS1.5.2.0
2022-10-26 05:14:42,422 [WARN] PackLoader:242 - Cannot read IP mode file for STMicroelectronics.X-CUBE-DISPLAY.2.0.1
2022-10-26 05:14:42,428 [WARN] PackLoader:242 - Cannot read IP mode file for STMicroelectronics.X-CUBE-TOF1.3.0.0
2022-10-26 05:14:42,430 [INFO] ThirdParty:929 - Integrity check success = true
2022-10-26 05:14:42,431 [INFO] IntegrityCheckThread:98 - exiting critical section [integrity check]
2022-10-26 05:14:42,431 [INFO] IntegrityCheckThread:101 - End integrity checks thread
2022-10-26 05:14:43,036 [INFO] ApiDb:239 - Found 138 in-development CPN: [B-WB1M-WPAN1, NUCLEO-C031C6, STEVAL-STWINBX1, STM320518-EVAL, STM32C0116-DK, STM32C011D6Y3TR, STM32C011D6Y6TR, STM32C011F4P3, STM32C011F4P6, STM32C011F4U3, STM32C011F4U6TR, STM32C011F6P3, STM32C011F6P6, STM32C011F6U3, STM32C011F6U6TR, STM32C011J4M3, STM32C011J4M6, STM32C011J6M3, STM32C011J6M6, STM32C0316-DK, STM32C031C4T3, STM32C031C4T6, STM32C031C4U3, STM32C031C4U6, STM32C031C6T3, STM32C031C6T6, STM32C031C6U3, STM32C031C6U6, STM32C031F4P3, STM32C031F4P6, STM32C031F6P3, STM32C031F6P6, STM32C031G4U3, STM32C031G4U6, STM32C031G6U3, STM32C031G6U6, STM32C031K4T3, STM32C031K4T6, STM32C031K4U3, STM32C031K4U6, STM32C031K6T3, STM32C031K6T6, STM32C031K6U3, STM32C031K6U6, STM32G071K8TXN, STM32G071K8UXN, STM32G081GBU6N, STM32G081KBT6N, STM32G081KBUXN, STM32G0B1CCT6N, STM32G0B1KCT6, STM32G0B1NEY6TR, STM32G0B1RCT6N, STM32G0C1CCT6, STM32G0C1CCT6N, STM32G0C1CCU6N, STM32G0C1CET6N, STM32G0C1CEU6N, STM32G0C1KCT6, STM32G0C1NEY6TR, STM32G0C1RCI6N, STM32G0C1RCT6N, STM32G0C1REI6N, STM32G0C1RET6N, STM32G0C1VCI6, STM32G0C1VEI6, STM32G471CCT6, STM32G471CCU6, STM32G471CET3, STM32G471CET6, STM32G471CEU3, STM32G471CEU6, STM32G471MCT6, STM32G471MET3, STM32G471MET6, STM32G471MEY6TR, STM32G471QCT6, STM32G471QET3, STM32G471RCT6, STM32G471RET3, STM32G471RET6, STM32G471VCH6, STM32G471VCI6, STM32G471VCT6, STM32G471VEH3, STM32G471VEH6, STM32G471VEI3, STM32G471VEI6, STM32G471VET3, STM32G471VET6, STM32G474CCT6, STM32L476VGY6PTR, STM32L4R5QGI6STR, STM32MP131AAE3, STM32MP131AAF3, STM32MP131AAG3, STM32MP131CAE3, STM32MP131CAF3, STM32MP131CAG3, STM32MP131DAE7, STM32MP131DAF7, STM32MP131DAG7, STM32MP131FAE7, STM32MP131FAF7, STM32MP131FAG7, STM32MP133AAE3, STM32MP133AAF3, STM32MP133AAG3, STM32MP133CAE3, STM32MP133CAF3, STM32MP133CAG3, STM32MP133DAE7, STM32MP133DAF7, STM32MP133DAG7, STM32MP133FAE7, STM32MP133FAF7, STM32MP133FAG7, STM32MP135AAE3, STM32MP135AAF3, STM32MP135AAG3, STM32MP135CAE3, STM32MP135CAF3, STM32MP135CAG3, STM32MP135DAE7, STM32MP135DAF7, STM32MP135DAG7, STM32MP135F-DK, STM32MP135FAE7, STM32MP135FAF7, STM32MP135FAG7, STM32U595ZJT6Q, STM32U599BJY6QTR, STM32U599NIH6Q, STM32U599NJH6Q, STM32U5A5ZJT6Q, STM32U5A9BJY6QTR, STM32U5A9NJH6Q, STM32WB1MMCH6]
2022-10-26 05:14:43,039 [INFO] DbMcus:215 - Found 3542 MCUs, 3542 are supported
2022-10-26 05:14:43,042 [INFO] ApiDb:418 - Load user favorites file C:\Users\Zver/.stm32cubeide/favorites.mcus.txt: 1 item(s)
2022-10-26 05:14:43,042 [INFO] ApiDb:422 - User favorites MCUs=[STM32F103C8T6]
2022-10-26 05:14:43,042 [INFO] DbMcus:221 - Set 1 / 1 favorites MCUs
2022-10-26 05:14:44,140 [INFO] LoadUrlFilesThread:177 - End of LoadServerUrlFiles without Thread
2022-10-26 05:14:44,163 [INFO] DetailPanel:339 - Set advertising image to C:/Users/Zver/STM32Cube/Repository/\en.Prom_NBSTM32U50921.jpg
2022-10-26 05:14:44,829 [INFO] MultiScanPanel:778 - Auto Refresh Data is not needed
2022-10-26 05:14:44,837 [INFO] ApiDb:663 - CubeFinder database Data Model version=2.1
2022-10-26 05:14:44,837 [INFO] ApiDb:664 - CubeFinder database Configuration version=3.0.32
2022-10-26 05:14:44,838 [INFO] ApiDb:665 - CubeFinder database generation date=2022-08-05 (1659688109)
2022-10-26 05:14:44,838 [INFO] ApiDb:666 - CubeFinder database FW Pack versions=[STM32Cube_FW_C0_V1.0.0, STM32Cube_FW_F4_V1.27.1, STM32Cube_FW_F7_V1.17.0, STM32Cube_FW_G0_V1.6.1, STM32Cube_FW_G4_V1.5.0, STM32Cube_FW_H7_V1.10.0, STM32Cube_FW_L5_V1.4.0, STM32Cube_FW_U5_V1.1.1, STM32Cube_FW_WB_V1.14.1, STM32Cube_FW_WL_V1.2.0, X-CUBE-ALGOBUILD_V1.3.0, X-CUBE-ALS_V1.0.1, X-CUBE-AZRTOS-F4_V1.1.0, X-CUBE-AZRTOS-F7_V1.1.0, X-CUBE-AZRTOS-G0_V1.1.0, X-CUBE-AZRTOS-G4_V1.0.0, X-CUBE-AZRTOS-H7_V2.1.0, X-CUBE-AZRTOS-L4_V1.0.0, X-CUBE-AZRTOS-L5_V1.0.0, X-CUBE-AZRTOS-WL_V1.0.0, X-CUBE-BLE1_V6.2.3, X-CUBE-BLE2_V3.3.0, X-CUBE-EEPRMA1_V3.1.1, X-CUBE-GNSS1_V6.0.0, X-CUBE-MEMS1_V9.1.0, X-CUBE-MEMS1_V9.3.0, X-CUBE-NFC4_V2.0.4, X-CUBE-NFC7_V1.0.0, X-CUBE-SFXS2LP1_V4.0.0, X-CUBE-SUBG2_V5.0.0]
2022-10-26 05:14:44,912 [INFO] DbBoardsSqlite:227 - include board P-NUCLEO-WB55-NUCLEO as a kit item of type 'Nucleo-64'
2022-10-26 05:14:44,913 [INFO] DbBoardsSqlite:227 - include board P-NUCLEO-WB55-USBDONGLE as a kit item of type 'Nucleo USB Dongle'
2022-10-26 05:14:44,913 [INFO] DbBoardsSqlite:227 - include board STEVAL-IDP005V1 as a kit item of type 'Evaluation Board'
2022-10-26 05:14:44,914 [INFO] DbBoardsSqlite:227 - include board STEVAL-IDP005V2 as a kit item of type 'Evaluation Board'
2022-10-26 05:14:44,925 [INFO] ApiDb:239 - Found 138 in-development CPN: [B-WB1M-WPAN1, NUCLEO-C031C6, STEVAL-STWINBX1, STM320518-EVAL, STM32C0116-DK, STM32C011D6Y3TR, STM32C011D6Y6TR, STM32C011F4P3, STM32C011F4P6, STM32C011F4U3, STM32C011F4U6TR, STM32C011F6P3, STM32C011F6P6, STM32C011F6U3, STM32C011F6U6TR, STM32C011J4M3, STM32C011J4M6, STM32C011J6M3, STM32C011J6M6, STM32C0316-DK, STM32C031C4T3, STM32C031C4T6, STM32C031C4U3, STM32C031C4U6, STM32C031C6T3, STM32C031C6T6, STM32C031C6U3, STM32C031C6U6, STM32C031F4P3, STM32C031F4P6, STM32C031F6P3, STM32C031F6P6, STM32C031G4U3, STM32C031G4U6, STM32C031G6U3, STM32C031G6U6, STM32C031K4T3, STM32C031K4T6, STM32C031K4U3, STM32C031K4U6, STM32C031K6T3, STM32C031K6T6, STM32C031K6U3, STM32C031K6U6, STM32G071K8TXN, STM32G071K8UXN, STM32G081GBU6N, STM32G081KBT6N, STM32G081KBUXN, STM32G0B1CCT6N, STM32G0B1KCT6, STM32G0B1NEY6TR, STM32G0B1RCT6N, STM32G0C1CCT6, STM32G0C1CCT6N, STM32G0C1CCU6N, STM32G0C1CET6N, STM32G0C1CEU6N, STM32G0C1KCT6, STM32G0C1NEY6TR, STM32G0C1RCI6N, STM32G0C1RCT6N, STM32G0C1REI6N, STM32G0C1RET6N, STM32G0C1VCI6, STM32G0C1VEI6, STM32G471CCT6, STM32G471CCU6, STM32G471CET3, STM32G471CET6, STM32G471CEU3, STM32G471CEU6, STM32G471MCT6, STM32G471MET3, STM32G471MET6, STM32G471MEY6TR, STM32G471QCT6, STM32G471QET3, STM32G471RCT6, STM32G471RET3, STM32G471RET6, STM32G471VCH6, STM32G471VCI6, STM32G471VCT6, STM32G471VEH3, STM32G471VEH6, STM32G471VEI3, STM32G471VEI6, STM32G471VET3, STM32G471VET6, STM32G474CCT6, STM32L476VGY6PTR, STM32L4R5QGI6STR, STM32MP131AAE3, STM32MP131AAF3, STM32MP131AAG3, STM32MP131CAE3, STM32MP131CAF3, STM32MP131CAG3, STM32MP131DAE7, STM32MP131DAF7, STM32MP131DAG7, STM32MP131FAE7, STM32MP131FAF7, STM32MP131FAG7, STM32MP133AAE3, STM32MP133AAF3, STM32MP133AAG3, STM32MP133CAE3, STM32MP133CAF3, STM32MP133CAG3, STM32MP133DAE7, STM32MP133DAF7, STM32MP133DAG7, STM32MP133FAE7, STM32MP133FAF7, STM32MP133FAG7, STM32MP135AAE3, STM32MP135AAF3, STM32MP135AAG3, STM32MP135CAE3, STM32MP135CAF3, STM32MP135CAG3, STM32MP135DAE7, STM32MP135DAF7, STM32MP135DAG7, STM32MP135F-DK, STM32MP135FAE7, STM32MP135FAF7, STM32MP135FAG7, STM32U595ZJT6Q, STM32U599BJY6QTR, STM32U599NIH6Q, STM32U599NJH6Q, STM32U5A5ZJT6Q, STM32U5A9BJY6QTR, STM32U5A9NJH6Q, STM32WB1MMCH6]
2022-10-26 05:14:45,033 [INFO] BoardInfo:879 - No configuration file found for board P-NUCLEO-WB55
2022-10-26 05:14:45,033 [INFO] DbBoards:156 - Kit is not supported: P-NUCLEO-WB55
2022-10-26 05:14:45,037 [INFO] BoardInfo:879 - No configuration file found for board STEVAL-BFA001V1B
2022-10-26 05:14:45,037 [INFO] DbBoards:156 - Kit is not supported: STEVAL-BFA001V1B
2022-10-26 05:14:45,039 [INFO] BoardInfo:879 - No configuration file found for board STEVAL-BFA001V2B
2022-10-26 05:14:45,039 [INFO] DbBoards:156 - Kit is not supported: STEVAL-BFA001V2B
2022-10-26 05:14:45,154 [INFO] DbBoards:160 - Found 176 boards, 173 are supported
2022-10-26 05:14:45,160 [INFO] ApiDb:418 - Load user favorites file C:\Users\Zver/.stm32cubeide/favorites.boards.txt: 0 item(s)
2022-10-26 05:14:45,160 [INFO] ApiDb:422 - User favorites Boards=[]
2022-10-26 05:14:45,161 [INFO] DbBoards:189 - Set 0 / 0 favorites Boards
2022-10-26 05:14:57,367 [ERROR] LogOutputStream:74 - [STDERR_REDIRECT] SLF4J: Failed to load class "org.slf4j.impl.StaticLoggerBinder".
2022-10-26 05:14:57,368 [ERROR] LogOutputStream:74 - [STDERR_REDIRECT] SLF4J: Defaulting to no-operation (NOP) logger implementation
2022-10-26 05:14:57,370 [ERROR] LogOutputStream:74 - [STDERR_REDIRECT] SLF4J: See http://www.slf4j.org/codes.html#StaticLoggerBinder for further details.
2022-10-26 05:15:21,359 [INFO] MainUpdater:2768 - connection check result : 10
2022-10-26 05:15:21,360 [INFO] MainUpdater:2768 - connection check result : 10
2022-10-26 05:15:21,380 [INFO] MicroXplorer:451 - Change Database Path : 
2022-10-26 05:15:21,380 [INFO] MicroXplorer:481 - Change Database Version : DB.6.0.60
2022-10-26 05:15:21,381 [WARN] ThirdParty:827 - waiting for thirdparty lock release [close project]
2022-10-26 05:15:21,381 [INFO] ThirdParty:829 - entering critical section [close project]
2022-10-26 05:15:21,382 [INFO] ThirdParty:839 - exiting critical section [close project]
2022-10-26 05:15:21,387 [INFO] PinOutPanel:1468 - setPackage(No Configuration,No Configuration)
2022-10-26 05:15:21,395 [INFO] UtilMem:74 - Begin LoadConfig() Used Memory: 326220840 Bytes (425721856)
2022-10-26 05:15:21,396 [INFO] MicroXplorer:451 - Change Database Path : 
2022-10-26 05:15:21,396 [INFO] MicroXplorer:481 - Change Database Version : DB.6.0.60
2022-10-26 05:15:21,397 [INFO] OpenFileManager:307 - Change cursor
2022-10-26 05:15:21,505 [INFO] Mcu:1922 - Initializing MCU STM32F103C8Tx STM32F103C8Tx 
2022-10-26 05:15:21,506 [INFO] Mcu:1935 - No CPN specified => set CPN to STM32F103C8T6
2022-10-26 05:15:22,332 [INFO] Context:654 - Trying to add GPIOservice into a context  which must be forbidden
2022-10-26 05:15:22,625 [INFO] ImportTextPane:193 - (OptionalMessage_ERROR) Unable to find key (Mcu.ThirdPartyNb) in loaded IOC file
2022-10-26 05:15:22,625 [INFO] ImportTextPane:193 - (OptionalMessage_ERROR) Unable to find key (Mcu.PinsNb) in loaded IOC file
2022-10-26 05:15:22,625 [INFO] ImportTextPane:193 - (OptionalMessage_ERROR) Unable to find key (Mcu.IPNb) in loaded IOC file
2022-10-26 05:15:22,701 [WARN] ApiManager:308 - Cannot register API 'Board Extension:GNSS1A1' from pack STMicroelectronics.X-CUBE-GNSS1.6.0.0: no header file found
2022-10-26 05:15:22,702 [WARN] ApiManager:308 - Cannot register API 'Board Support:Custom' from pack STMicroelectronics.X-CUBE-GNSS1.6.0.0: no header file found
2022-10-26 05:15:22,702 [WARN] ApiManager:308 - Cannot register API 'Data Exchange:lib_gnss' from pack STMicroelectronics.X-CUBE-GNSS1.6.0.0: no header file found
2022-10-26 05:15:22,718 [WARN] ApiManager:308 - Cannot register API 'Wireless:BlueNRG-MS' from pack STMicroelectronics.X-CUBE-BLE1.6.2.3: no header file found
2022-10-26 05:15:22,720 [INFO] RtosManager:488 - Registered RTOS mode: class=CMSIS, group=RTOS, mode=CMSIS_V1, owner=FREERTOS
2022-10-26 05:15:22,721 [INFO] RtosManager:488 - Registered RTOS mode: class=CMSIS, group=RTOS2, mode=CMSIS_V2, owner=FREERTOS
2022-10-26 05:15:22,721 [INFO] RtosManager:488 - Registered RTOS mode: class=RTOS, group=Core, mode=CMSIS_V1, owner=FREERTOS
2022-10-26 05:15:22,721 [INFO] RtosManager:488 - Registered RTOS mode: class=RTOS, group=Core, mode=CMSIS_V2, owner=FREERTOS
2022-10-26 05:15:22,721 [WARN] ModelIntegratedComponent:185 - Missing modes for component STMicroelectronics:FreeRTOS:0.0.1:STMicroelectronics:RTOS:FreeRTOS:Core:::10.2.0:
2022-10-26 05:15:22,728 [WARN] ApiManager:308 - Cannot register API 'Board Extension:S2868A1' from pack STMicroelectronics.X-CUBE-SUBG2.5.0.0: no header file found
2022-10-26 05:15:22,728 [WARN] ApiManager:308 - Cannot register API 'Board Extension:S2868A2' from pack STMicroelectronics.X-CUBE-SUBG2.5.0.0: no header file found
2022-10-26 05:15:22,729 [WARN] ApiManager:308 - Cannot register API 'Board Extension:S2915A1' from pack STMicroelectronics.X-CUBE-SUBG2.5.0.0: no header file found
2022-10-26 05:15:22,734 [WARN] ApiManager:308 - Cannot register API 'Wireless:BlueNRG-MS' from pack STMicroelectronics.X-CUBE-BLE1.6.2.2: no header file found
2022-10-26 05:15:22,735 [WARN] ApiManager:308 - Cannot register API 'Board Extension:NFC04A1' from pack STMicroelectronics.X-CUBE-NFC4.2.0.4: no header file found
2022-10-26 05:15:22,736 [WARN] ApiManager:308 - Cannot register API 'Wireless:BlueNRG-2' from pack STMicroelectronics.X-CUBE-BLE2.3.2.2: no header file found
2022-10-26 05:15:22,737 [WARN] ApiManager:308 - Cannot register API 'Board Extension:NFC04A1' from pack STMicroelectronics.X-CUBE-NFC4.2.0.3: no header file found
2022-10-26 05:15:22,742 [WARN] ApiManager:308 - Cannot register API 'Board Extension:S2868A1' from pack STMicroelectronics.X-CUBE-SFXS2LP1.3.1.0: no header file found
2022-10-26 05:15:22,743 [WARN] ApiManager:308 - Cannot register API 'Board Extension:S2868A2' from pack STMicroelectronics.X-CUBE-SFXS2LP1.3.1.0: no header file found
2022-10-26 05:15:22,743 [WARN] ApiManager:308 - Cannot register API 'Board Extension:S2915A1' from pack STMicroelectronics.X-CUBE-SFXS2LP1.3.1.0: no header file found
2022-10-26 05:15:22,751 [WARN] ModelIntegratedComponent:64 - No mode defined for component null
2022-10-26 05:15:22,751 [WARN] ModelIntegratedComponent:64 - No mode defined for component null
2022-10-26 05:15:22,751 [WARN] ModelIntegratedComponent:64 - No mode defined for component null
2022-10-26 05:15:22,751 [WARN] ModelIntegratedComponent:64 - No mode defined for component null
2022-10-26 05:15:22,751 [WARN] ModelIntegratedComponent:64 - No mode defined for component null
2022-10-26 05:15:22,751 [WARN] ModelIntegratedComponent:64 - No mode defined for component null
2022-10-26 05:15:22,751 [WARN] ModelIntegratedComponent:64 - No mode defined for component null
2022-10-26 05:15:22,751 [WARN] ModelIntegratedComponent:64 - No mode defined for component null
2022-10-26 05:15:22,752 [WARN] ModelIntegratedComponent:64 - No mode defined for component null
2022-10-26 05:15:22,752 [WARN] ModelIntegratedComponent:64 - No mode defined for component null
2022-10-26 05:15:22,752 [WARN] ModelIntegratedComponent:64 - No mode defined for component null
2022-10-26 05:15:22,752 [WARN] ModelIntegratedComponent:64 - No mode defined for component null
2022-10-26 05:15:22,752 [WARN] ModelIntegratedComponent:64 - No mode defined for component null
2022-10-26 05:15:22,752 [WARN] ModelIntegratedComponent:64 - No mode defined for component null
2022-10-26 05:15:22,752 [WARN] ModelIntegratedComponent:64 - No mode defined for component null
2022-10-26 05:15:22,752 [WARN] ModelIntegratedComponent:64 - No mode defined for component null
2022-10-26 05:15:22,752 [WARN] ModelIntegratedComponent:64 - No mode defined for component null
2022-10-26 05:15:22,753 [WARN] ModelIntegratedComponent:64 - No mode defined for component null
2022-10-26 05:15:22,753 [WARN] ModelIntegratedComponent:64 - No mode defined for component null
2022-10-26 05:15:22,753 [WARN] ModelIntegratedComponent:64 - No mode defined for component null
2022-10-26 05:15:22,753 [WARN] ModelIntegratedComponent:64 - No mode defined for component null
2022-10-26 05:15:22,753 [WARN] ModelIntegratedComponent:64 - No mode defined for component null
2022-10-26 05:15:22,753 [WARN] ModelIntegratedComponent:64 - No mode defined for component null
2022-10-26 05:15:22,753 [WARN] ModelIntegratedComponent:64 - No mode defined for component null
2022-10-26 05:15:22,753 [WARN] ModelIntegratedComponent:64 - No mode defined for component null
2022-10-26 05:15:22,753 [WARN] ModelIntegratedComponent:64 - No mode defined for component null
2022-10-26 05:15:22,754 [WARN] ModelIntegratedComponent:64 - No mode defined for component null
2022-10-26 05:15:22,754 [WARN] ModelIntegratedComponent:64 - No mode defined for component null
2022-10-26 05:15:22,754 [WARN] ModelIntegratedComponent:64 - No mode defined for component null
2022-10-26 05:15:22,754 [WARN] ModelIntegratedComponent:64 - No mode defined for component null
2022-10-26 05:15:22,754 [WARN] ModelIntegratedComponent:64 - No mode defined for component null
2022-10-26 05:15:22,754 [WARN] ModelIntegratedComponent:64 - No mode defined for component null
2022-10-26 05:15:22,755 [WARN] ModelIntegratedComponent:64 - No mode defined for component null
2022-10-26 05:15:22,757 [WARN] ApiManager:308 - Cannot register API 'Board Extension:NFC07A1' from pack STMicroelectronics.X-CUBE-NFC7.1.0.0: no header file found
2022-10-26 05:15:22,762 [WARN] ApiManager:308 - Cannot register API 'Board Extension:S2868A1' from pack STMicroelectronics.X-CUBE-SUBG2.4.2.0: no header file found
2022-10-26 05:15:22,763 [WARN] ApiManager:308 - Cannot register API 'Board Extension:S2868A2' from pack STMicroelectronics.X-CUBE-SUBG2.4.2.0: no header file found
2022-10-26 05:15:22,763 [WARN] ApiManager:308 - Cannot register API 'Board Extension:S2915A1' from pack STMicroelectronics.X-CUBE-SUBG2.4.2.0: no header file found
2022-10-26 05:15:22,895 [WARN] ApiManager:308 - Cannot register API 'Board Extension:IKS01A3' from pack STMicroelectronics.X-CUBE-MEMS1.9.1.0: no header file found
2022-10-26 05:15:22,895 [WARN] ApiManager:308 - Cannot register API 'Board Extension:IKS01A2' from pack STMicroelectronics.X-CUBE-MEMS1.9.1.0: no header file found
2022-10-26 05:15:22,895 [WARN] ApiManager:308 - Cannot register API 'Board Extension:IKS02A1' from pack STMicroelectronics.X-CUBE-MEMS1.9.1.0: no header file found
2022-10-26 05:15:23,007 [WARN] ApiManager:308 - Cannot register API 'Board Extension:IKS01A3' from pack STMicroelectronics.X-CUBE-MEMS1.9.3.0: no header file found
2022-10-26 05:15:23,007 [WARN] ApiManager:308 - Cannot register API 'Board Extension:IKS01A2' from pack STMicroelectronics.X-CUBE-MEMS1.9.3.0: no header file found
2022-10-26 05:15:23,007 [WARN] ApiManager:308 - Cannot register API 'Board Extension:IKS02A1' from pack STMicroelectronics.X-CUBE-MEMS1.9.3.0: no header file found
2022-10-26 05:15:23,015 [WARN] ApiManager:308 - Cannot register API 'Board Extension:EEPRMA1' from pack STMicroelectronics.X-CUBE-EEPRMA1.3.1.1: no header file found
2022-10-26 05:15:23,015 [WARN] ApiManager:308 - Cannot register API 'Board Extension:EEPRMA2' from pack STMicroelectronics.X-CUBE-EEPRMA1.3.1.1: no header file found
2022-10-26 05:15:23,016 [WARN] ApiManager:308 - Cannot register API 'Board Extension:GNSS1A1' from pack STMicroelectronics.X-CUBE-GNSS1.5.2.0: no header file found
2022-10-26 05:15:23,016 [WARN] ApiManager:308 - Cannot register API 'Board Support:Custom' from pack STMicroelectronics.X-CUBE-GNSS1.5.2.0: no header file found
2022-10-26 05:15:23,016 [WARN] ApiManager:308 - Cannot register API 'Data Exchange:lib_gnss' from pack STMicroelectronics.X-CUBE-GNSS1.5.2.0: no header file found
2022-10-26 05:15:23,017 [WARN] ApiManager:308 - Cannot register API 'Board Extension:S2868A1' from pack STMicroelectronics.X-CUBE-SFXS2LP1.4.0.0: no header file found
2022-10-26 05:15:23,017 [WARN] ApiManager:308 - Cannot register API 'Board Extension:S2868A2' from pack STMicroelectronics.X-CUBE-SFXS2LP1.4.0.0: no header file found
2022-10-26 05:15:23,017 [WARN] ApiManager:308 - Cannot register API 'Board Extension:S2915A1' from pack STMicroelectronics.X-CUBE-SFXS2LP1.4.0.0: no header file found
2022-10-26 05:15:23,018 [WARN] ApiManager:308 - Cannot register API 'Wireless:BlueNRG-2' from pack STMicroelectronics.X-CUBE-BLE2.3.3.0: no header file found
2022-10-26 05:15:23,034 [INFO] ThirdPartyModel:289 - Start build external matchings
2022-10-26 05:15:23,780 [INFO] ThirdPartyModel:302 - End build external matchings
2022-10-26 05:15:23,956 [INFO] UtilMem:74 - End LoadConfig() Used Memory: 327080568 Bytes (426770432)
2022-10-26 05:15:23,981 [WARN] ThirdParty:789 - waiting for thirdparty lock release [change project]
2022-10-26 05:15:23,982 [INFO] ThirdParty:791 - entering critical section [change project]
2022-10-26 05:15:23,982 [INFO] ThirdParty:981 - CMSIS Pack Vendor :wolfSSL I-CUBE-wolfSSL 5.2.0
2022-10-26 05:15:23,982 [INFO] ThirdParty:981 - CMSIS Pack Vendor :RoweBots I-CUBE-UNISONRTOS 5.5.0-4
2022-10-26 05:15:23,982 [INFO] ThirdParty:981 - CMSIS Pack Vendor :STMicroelectronics X-CUBE-GNSS1 6.0.0
2022-10-26 05:15:23,982 [INFO] ThirdParty:981 - CMSIS Pack Vendor :STMicroelectronics X-CUBE-AZRTOS-H7 2.1.0
2022-10-26 05:15:23,982 [INFO] ThirdParty:981 - CMSIS Pack Vendor :STMicroelectronics USB_HOST 2.0.0
2022-10-26 05:15:23,983 [INFO] ThirdParty:981 - CMSIS Pack Vendor :STMicroelectronics X-CUBE-AZRTOS-F4 1.1.0
2022-10-26 05:15:23,983 [INFO] ThirdParty:981 - CMSIS Pack Vendor :STMicroelectronics LIBJPEG 8.0.0
2022-10-26 05:15:23,983 [INFO] ThirdParty:981 - CMSIS Pack Vendor :STMicroelectronics USB_DEVICE 3.0.0
2022-10-26 05:15:23,983 [INFO] ThirdParty:981 - CMSIS Pack Vendor :STMicroelectronics X-CUBE-BLEMGR 1.0.0
2022-10-26 05:15:23,983 [INFO] ThirdParty:981 - CMSIS Pack Vendor :STMicroelectronics X-CUBE-BLEMGR 1.2.0
2022-10-26 05:15:23,983 [INFO] ThirdParty:981 - CMSIS Pack Vendor :STMicroelectronics X-CUBE-AZRTOS-F7 1.1.0
2022-10-26 05:15:23,983 [INFO] ThirdParty:981 - CMSIS Pack Vendor :STMicroelectronics USB_DEVICE 2.0.0
2022-10-26 05:15:23,983 [INFO] ThirdParty:981 - CMSIS Pack Vendor :STMicroelectronics X-CUBE-AI 7.1.0
2022-10-26 05:15:23,983 [INFO] ThirdParty:981 - CMSIS Pack Vendor :STMicroelectronics X-CUBE-BLE1 6.2.3
2022-10-26 05:15:23,984 [INFO] ThirdParty:981 - CMSIS Pack Vendor :STMicroelectronics X-CUBE-ALGOBUILD 1.3.0
2022-10-26 05:15:23,984 [INFO] ThirdParty:981 - CMSIS Pack Vendor :STMicroelectronics FreeRTOS 0.0.1
2022-10-26 05:15:23,984 [INFO] ThirdParty:981 - CMSIS Pack Vendor :STMicroelectronics X-CUBE-AZRTOS-G0 1.1.0
2022-10-26 05:15:23,984 [INFO] ThirdParty:981 - CMSIS Pack Vendor :STMicroelectronics X-CUBE-SUBG2 5.0.0
2022-10-26 05:15:23,984 [INFO] ThirdParty:981 - CMSIS Pack Vendor :SEGGER I-CUBE-embOS 1.2.0
2022-10-26 05:15:23,984 [INFO] ThirdParty:981 - CMSIS Pack Vendor :STMicroelectronics STM32_WPAN 1.0.0
2022-10-26 05:15:23,984 [INFO] ThirdParty:981 - CMSIS Pack Vendor :STMicroelectronics lwIP 2.0.3
2022-10-26 05:15:23,985 [INFO] ThirdParty:981 - CMSIS Pack Vendor :STMicroelectronics X-CUBE-BLE1 6.2.2
2022-10-26 05:15:23,985 [INFO] ThirdParty:981 - CMSIS Pack Vendor :STMicroelectronics X-CUBE-NFC4 2.0.4
2022-10-26 05:15:23,985 [INFO] ThirdParty:981 - CMSIS Pack Vendor :STMicroelectronics X-CUBE-BLE2 3.2.2
2022-10-26 05:15:23,985 [INFO] ThirdParty:981 - CMSIS Pack Vendor :STMicroelectronics USB_HOST 1.0.0
2022-10-26 05:15:23,985 [INFO] ThirdParty:981 - CMSIS Pack Vendor :STMicroelectronics X-CUBE-NFC4 2.0.3
2022-10-26 05:15:23,985 [INFO] ThirdParty:981 - CMSIS Pack Vendor :STMicroelectronics PDM2PCM 3.1.0
2022-10-26 05:15:23,985 [INFO] ThirdParty:981 - CMSIS Pack Vendor :STMicroelectronics FP-ATR-ASTRA1 1.1.1
2022-10-26 05:15:23,985 [INFO] ThirdParty:981 - CMSIS Pack Vendor :STMicroelectronics PDM2PCM 3.3.0
2022-10-26 05:15:23,985 [INFO] ThirdParty:981 - CMSIS Pack Vendor :STMicroelectronics X-CUBE-TOF1 3.1.0
2022-10-26 05:15:23,985 [INFO] ThirdParty:981 - CMSIS Pack Vendor :STMicroelectronics X-CUBE-SFXS2LP1 3.1.0
2022-10-26 05:15:23,985 [INFO] ThirdParty:981 - CMSIS Pack Vendor :STMicroelectronics X-CUBE-AZRTOS-F4 1.0.0
2022-10-26 05:15:23,985 [INFO] ThirdParty:981 - CMSIS Pack Vendor :STMicroelectronics X-CUBE-AZRTOS-H7 2.0.0
2022-10-26 05:15:23,985 [INFO] ThirdParty:981 - CMSIS Pack Vendor :STMicroelectronics X-CUBE-AZRTOS-G4 1.0.0
2022-10-26 05:15:23,986 [INFO] ThirdParty:981 - CMSIS Pack Vendor :STMicroelectronics FP-ATR-SIGFOX1 3.2.0
2022-10-26 05:15:23,986 [INFO] ThirdParty:981 - CMSIS Pack Vendor :STMicroelectronics X-CUBE-AZRTOS-L4 1.0.0
2022-10-26 05:15:23,986 [INFO] ThirdParty:981 - CMSIS Pack Vendor :STMicroelectronics HAL Drivers 0.0.0
2022-10-26 05:15:23,986 [INFO] ThirdParty:981 - CMSIS Pack Vendor :STMicroelectronics MBEDTLS 2.16.2
2022-10-26 05:15:23,987 [INFO] ThirdParty:981 - CMSIS Pack Vendor :emotas I-CUBE-CANOPEN 1.1.2
2022-10-26 05:15:23,987 [INFO] ThirdParty:981 - CMSIS Pack Vendor :STMicroelectronics X-CUBE-TOUCHGFX 4.20.0
2022-10-26 05:15:23,987 [INFO] ThirdParty:981 - CMSIS Pack Vendor :STMicroelectronics MBEDTLS 2.14.1
2022-10-26 05:15:23,987 [INFO] ThirdParty:981 - CMSIS Pack Vendor :STMicroelectronics X-CUBE-NFC7 1.0.0
2022-10-26 05:15:23,987 [INFO] ThirdParty:981 - CMSIS Pack Vendor :STMicroelectronics X-CUBE-AZRTOS-F7 1.0.0
2022-10-26 05:15:23,987 [INFO] ThirdParty:981 - CMSIS Pack Vendor :STMicroelectronics X-CUBE-AZRTOS-WL 1.0.0
2022-10-26 05:15:23,987 [INFO] ThirdParty:981 - CMSIS Pack Vendor :STMicroelectronics X-CUBE-SUBG2 4.2.0
2022-10-26 05:15:23,987 [INFO] ThirdParty:981 - CMSIS Pack Vendor :STMicroelectronics X-CUBE-MEMS1 9.1.0
2022-10-26 05:15:23,987 [INFO] ThirdParty:981 - CMSIS Pack Vendor :STMicroelectronics X-CUBE-MEMS1 9.3.0
2022-10-26 05:15:23,988 [INFO] ThirdParty:981 - CMSIS Pack Vendor :portGmbH I-Cube-SoM-uGOAL 1.1.0
2022-10-26 05:15:23,988 [INFO] ThirdParty:981 - CMSIS Pack Vendor :STMicroelectronics X-CUBE-ALS 1.0.1
2022-10-26 05:15:23,988 [INFO] ThirdParty:981 - CMSIS Pack Vendor :STMicroelectronics X-CUBE-AI 7.2.0
2022-10-26 05:15:23,988 [INFO] ThirdParty:981 - CMSIS Pack Vendor :STMicroelectronics ThreadX 1.0.0
2022-10-26 05:15:23,988 [INFO] ThirdParty:981 - CMSIS Pack Vendor :STMicroelectronics X-CUBE-AZRTOS-L5 1.0.0
2022-10-26 05:15:23,988 [INFO] ThirdParty:981 - CMSIS Pack Vendor :STMicroelectronics USB_DEVICE 1.0.0
2022-10-26 05:15:23,988 [INFO] ThirdParty:981 - CMSIS Pack Vendor :STMicroelectronics X-CUBE-AZRTOS-G0 1.0.0
2022-10-26 05:15:23,988 [INFO] ThirdParty:981 - CMSIS Pack Vendor :STMicroelectronics X-CUBE-EEPRMA1 3.1.1
2022-10-26 05:15:23,988 [INFO] ThirdParty:981 - CMSIS Pack Vendor :STMicroelectronics X-CUBE-GNSS1 5.2.0
2022-10-26 05:15:23,988 [INFO] ThirdParty:981 - CMSIS Pack Vendor :STMicroelectronics ThreadX 0.0.2
2022-10-26 05:15:23,988 [INFO] ThirdParty:981 - CMSIS Pack Vendor :STMicroelectronics lwIP 2.1.2
2022-10-26 05:15:23,988 [INFO] ThirdParty:981 - CMSIS Pack Vendor :STMicroelectronics X-CUBE-SFXS2LP1 4.0.0
2022-10-26 05:15:23,988 [INFO] ThirdParty:981 - CMSIS Pack Vendor :STMicroelectronics X-CUBE-BLE2 3.3.0
2022-10-26 05:15:23,988 [INFO] ThirdParty:981 - CMSIS Pack Vendor :STMicroelectronics X-CUBE-DISPLAY 2.0.1
2022-10-26 05:15:23,988 [INFO] ThirdParty:981 - CMSIS Pack Vendor :STMicroelectronics X-CUBE-DISPLAY 2.2.0
2022-10-26 05:15:23,988 [INFO] ThirdParty:981 - CMSIS Pack Vendor :STMicroelectronics X-CUBE-TOF1 3.2.0
2022-10-26 05:15:23,989 [INFO] ThirdParty:981 - CMSIS Pack Vendor :STMicroelectronics PDM2PCM 3.2.0
2022-10-26 05:15:23,989 [INFO] ThirdParty:981 - CMSIS Pack Vendor :STMicroelectronics X-CUBE-TOUCHGFX 4.18.1
2022-10-26 05:15:23,989 [INFO] ThirdParty:981 - CMSIS Pack Vendor :STMicroelectronics X-CUBE-TOF1 3.0.0
2022-10-26 05:15:23,989 [INFO] ThirdParty:981 - CMSIS Pack Vendor :STMicroelectronics X-CUBE-ISPU 1.0.0
2022-10-26 05:15:23,989 [INFO] ThirdParty:797 - exiting critical section [change project]
2022-10-26 05:15:24,513 [INFO] PinOutPanel:1468 - setPackage(No Configuration,No Configuration)
2022-10-26 05:15:24,515 [INFO] PinOutPanel:1468 - setPackage(STM32F103C8Tx,LQFP48)
2022-10-26 05:15:25,026 [INFO] UtilMem:74 - Before build in PCC Used Memory: 245711432 Bytes (426770432)
2022-10-26 05:15:25,837 [INFO] UtilMem:74 - After build in PCC Used Memory: 292372736 Bytes (426770432)
2022-10-26 05:15:25,861 [INFO] IPUIPlugin:79 - create IPUIPlugin
2022-10-26 05:15:25,861 [INFO] IPUIPlugin:79 - create IPUIPlugin
2022-10-26 05:15:25,861 [INFO] IPUIPlugin:79 - create IPUIPlugin
2022-10-26 05:15:25,862 [INFO] IPUIPlugin:79 - create IPUIPlugin
2022-10-26 05:15:25,862 [INFO] IPUIPlugin:79 - create IPUIPlugin
2022-10-26 05:15:25,862 [INFO] IPUIPlugin:79 - create IPUIPlugin
2022-10-26 05:15:25,862 [INFO] IPUIPlugin:79 - create IPUIPlugin
2022-10-26 05:15:25,862 [INFO] IPUIPlugin:79 - create IPUIPlugin
2022-10-26 05:15:25,862 [INFO] IPUIPlugin:79 - create IPUIPlugin
2022-10-26 05:15:25,862 [INFO] IPUIPlugin:79 - create IPUIPlugin
2022-10-26 05:15:25,863 [INFO] IPUIPlugin:79 - create IPUIPlugin
2022-10-26 05:15:25,863 [INFO] IPUIPlugin:79 - create IPUIPlugin
2022-10-26 05:15:25,863 [INFO] IPUIPlugin:79 - create IPUIPlugin
2022-10-26 05:15:25,863 [INFO] IPUIPlugin:79 - create IPUIPlugin
2022-10-26 05:15:25,863 [INFO] IPUIPlugin:79 - create IPUIPlugin
2022-10-26 05:15:25,864 [INFO] IPUIPlugin:79 - create IPUIPlugin
2022-10-26 05:15:25,864 [INFO] IPUIPlugin:79 - create IPUIPlugin
2022-10-26 05:15:25,864 [INFO] IPUIPlugin:79 - create IPUIPlugin
2022-10-26 05:15:25,864 [INFO] IPUIPlugin:79 - create IPUIPlugin
2022-10-26 05:15:25,865 [INFO] IPUIPlugin:79 - create IPUIPlugin
2022-10-26 05:15:25,865 [INFO] IPUIPlugin:79 - create IPUIPlugin
2022-10-26 05:15:25,865 [INFO] IPUIPlugin:79 - create IPUIPlugin
2022-10-26 05:15:25,865 [INFO] IPUIPlugin:79 - create IPUIPlugin
2022-10-26 05:15:25,865 [INFO] IPUIPlugin:79 - create IPUIPlugin
2022-10-26 05:15:25,866 [INFO] IPUIPlugin:79 - create IPUIPlugin
2022-10-26 05:15:25,866 [INFO] IPUIPlugin:79 - create IPUIPlugin
2022-10-26 05:15:25,866 [INFO] IPUIPlugin:79 - create IPUIPlugin
2022-10-26 05:15:26,091 [INFO] OpenFileManager:327 - Restore cursor
2022-10-26 05:15:26,963 [INFO] UtilMem:74 - End SaveConfig() Used Memory: 325668216 Bytes (426770432)
2022-10-26 05:15:27,013 [INFO] UtilMem:74 - End SaveConfig() Used Memory: 337834072 Bytes (426770432)
2022-10-26 05:15:27,629 [INFO] BlockDiagram:2753 - set Specific Code input for plugin: NVIC
2022-10-26 05:15:27,629 [INFO] BlockDiagram:2753 - set Specific Code input for plugin: RCC
2022-10-26 05:15:27,674 [INFO] CodeGenerator:690 - code generatio: config db path: C:\ST\STM32CubeIDE_1.9.0\STM32CubeIDE\plugins\com.st.stm32cube.common.mx_6.6.1.202207061420\\db\
2022-10-26 05:15:28,011 [INFO] CodeEngine:245 - oldGeneratedFile, D:\github\mc\stm32\PWM_Servo_Motor_and_Potentiometer\PWM_Servo_Motor_and_Potentiometer\MXTmpFiles\license.tmp_save
2022-10-26 05:15:28,441 [INFO] CodeEngine:269 - Generated code: D:\github\mc\stm32\PWM_Servo_Motor_and_Potentiometer\PWM_Servo_Motor_and_Potentiometer\MXTmpFiles\license.tmp
2022-10-26 05:15:28,493 [INFO] CodeEngine:245 - oldGeneratedFile, D:\github\mc\stm32\PWM_Servo_Motor_and_Potentiometer\PWM_Servo_Motor_and_Potentiometer\Core\Src\stm32f1xx_it.c_save
2022-10-26 05:15:28,786 [INFO] CodeEngine:269 - Generated code: D:\github\mc\stm32\PWM_Servo_Motor_and_Potentiometer\PWM_Servo_Motor_and_Potentiometer\Core\Src\stm32f1xx_it.c
2022-10-26 05:15:28,793 [INFO] CodeEngine:245 - oldGeneratedFile, D:\github\mc\stm32\PWM_Servo_Motor_and_Potentiometer\PWM_Servo_Motor_and_Potentiometer\Core\Inc\stm32f1xx_it.h_save
2022-10-26 05:15:28,890 [INFO] CodeEngine:269 - Generated code: D:\github\mc\stm32\PWM_Servo_Motor_and_Potentiometer\PWM_Servo_Motor_and_Potentiometer\Core\Inc\stm32f1xx_it.h
2022-10-26 05:15:29,019 [INFO] CodeEngine:245 - oldGeneratedFile, D:\github\mc\stm32\PWM_Servo_Motor_and_Potentiometer\PWM_Servo_Motor_and_Potentiometer\Core\Src\stm32f1xx_hal_msp.c_save
2022-10-26 05:15:29,354 [INFO] CodeEngine:269 - Generated code: D:\github\mc\stm32\PWM_Servo_Motor_and_Potentiometer\PWM_Servo_Motor_and_Potentiometer\Core\Src\stm32f1xx_hal_msp.c
2022-10-26 05:15:29,365 [INFO] CodeEngine:245 - oldGeneratedFile, D:\github\mc\stm32\PWM_Servo_Motor_and_Potentiometer\PWM_Servo_Motor_and_Potentiometer\MXTmpFiles\system.tmp_save
2022-10-26 05:15:29,527 [INFO] CodeEngine:269 - Generated code: D:\github\mc\stm32\PWM_Servo_Motor_and_Potentiometer\PWM_Servo_Motor_and_Potentiometer\MXTmpFiles\system.tmp
2022-10-26 05:15:29,580 [INFO] CodeEngine:245 - oldGeneratedFile, D:\github\mc\stm32\PWM_Servo_Motor_and_Potentiometer\PWM_Servo_Motor_and_Potentiometer\Core\Inc\stm32f1xx_hal_conf.h_save
2022-10-26 05:15:29,820 [INFO] CodeEngine:269 - Generated code: D:\github\mc\stm32\PWM_Servo_Motor_and_Potentiometer\PWM_Servo_Motor_and_Potentiometer\Core\Inc\stm32f1xx_hal_conf.h
2022-10-26 05:15:29,895 [INFO] CodeEngine:245 - oldGeneratedFile, D:\github\mc\stm32\PWM_Servo_Motor_and_Potentiometer\PWM_Servo_Motor_and_Potentiometer\Core\Inc\main.h_save
2022-10-26 05:15:30,108 [INFO] CodeEngine:269 - Generated code: D:\github\mc\stm32\PWM_Servo_Motor_and_Potentiometer\PWM_Servo_Motor_and_Potentiometer\Core\Inc\main.h
2022-10-26 05:15:30,122 [INFO] CodeEngine:245 - oldGeneratedFile, D:\github\mc\stm32\PWM_Servo_Motor_and_Potentiometer\PWM_Servo_Motor_and_Potentiometer\Core\Src\main.c_save
2022-10-26 05:15:30,460 [INFO] CodeEngine:269 - Generated code: D:\github\mc\stm32\PWM_Servo_Motor_and_Potentiometer\PWM_Servo_Motor_and_Potentiometer\Core\Src\main.c
2022-10-26 05:15:31,807 [INFO] ProjectBuilder:2919 - Time for Copy HAL[1] : 652mS.
2022-10-26 05:15:31,819 [INFO] ProjectBuilder:4117 - Project Generator version: 3.17.1
2022-10-26 05:15:32,298 [INFO] ConfigFileManager:1394 - The Die is : DIE410
2022-10-26 05:15:32,330 [INFO] ApiDbMcu:505 - Load IP Config File for FATFS
2022-10-26 05:15:32,361 [INFO] ApiDbMcu:505 - Load IP Config File for FREERTOS
2022-10-26 05:15:32,383 [INFO] ApiDbMcu:505 - Load IP Config File for USB_DEVICE
2022-10-26 05:15:36,653 [INFO] ProjectBuilder:4285 - Time for Generating toolchain IDE Files: 4834mS.
2022-10-26 05:15:36,654 [INFO] ProjectBuilder:2790 - Time for Copy CMSIS : 0mS.
2022-10-26 05:15:36,656 [INFO] ProjectBuilder:2790 - Time for Copy CMSIS : 0mS.
2022-10-26 05:15:37,673 [INFO] McuFinderGlobals:57 - Set McuFinderConnectedMode to true
2022-10-26 05:15:37,674 [INFO] ApiDb:443 - Save user favorites file C:\Users\Zver/.stm32cubeide/favorites.mcus.txt: 1 item(s)
2022-10-26 05:15:37,675 [INFO] ApiDb:447 - User favorites MCUs=[STM32F103C8T6]
2022-10-26 05:15:53,495 [INFO] ParamManager:829 - [Generic UI] PropertyChangeEvent: TAB_STATUS_CHANGED , "dont care", "never mind"
2022-10-26 05:15:53,517 [INFO] ParamManager:829 - [Generic UI] PropertyChangeEvent: TAB_STATUS_CHANGED , "dont care", "never mind"
2022-10-26 05:15:53,530 [INFO] ADCParametersView:113 -                Rank 1 : false
2022-10-26 05:15:53,650 [INFO] ADCParametersView:113 -                Rank 1 : false
2022-10-26 05:15:53,651 [INFO] ADCParametersView:113 -                Rank 1 : false
2022-10-26 05:15:53,651 [INFO] ADCParametersView:113 -                Rank 1 : false
2022-10-26 05:15:53,651 [INFO] ADCParametersView:113 -                Rank 1 : false
2022-10-26 05:15:53,654 [INFO] ADCParametersView:113 -                Rank 1 : false
2022-10-26 05:15:53,654 [INFO] ADCParametersView:113 -                Rank 1 : false
2022-10-26 05:15:53,654 [INFO] ADCParametersView:113 -                Rank 1 : false
2022-10-26 05:15:53,655 [INFO] ADCParametersView:113 -                Rank 1 : false
2022-10-26 05:15:53,655 [INFO] ADCParametersView:113 -                Rank 1 : false
2022-10-26 05:15:53,655 [INFO] ADCParametersView:113 -                Rank 1 : false
2022-10-26 05:15:53,668 [INFO] ADCParametersView:113 -                Rank 1 : false
2022-10-26 05:15:53,765 [INFO] NvicIntPanel:100 - NVIC parent = com.st.microxplorer.plugins.ip.nvic.MultiNvicIntPanel[,0,0,0x0,invalid,layout=javax.swing.BoxLayout,alignmentX=0.0,alignmentY=0.0,border=,flags=9,maximumSize=,minimumSize=,preferredSize=]
2022-10-26 05:15:53,892 [INFO] NvicIntPanel:100 - NVIC parent = com.st.microxplorer.plugins.ip.nvic.MultiNvicIntPanel[,0,0,0x0,invalid,layout=javax.swing.BoxLayout,alignmentX=0.0,alignmentY=0.0,border=,flags=9,maximumSize=,minimumSize=,preferredSize=]
2022-10-26 05:15:53,964 [INFO] ADCParametersView:113 -                Rank 1 : false
2022-10-26 05:15:53,965 [INFO] ADCParametersView:113 -                Rank 1 : false
2022-10-26 05:15:53,965 [INFO] ADCParametersView:113 -                Rank 1 : false
2022-10-26 05:15:53,965 [INFO] ADCParametersView:113 -                Rank 1 : false
2022-10-26 05:15:53,965 [INFO] ADCParametersView:113 -                Rank 1 : false
2022-10-26 05:15:53,965 [INFO] ADCParametersView:113 -                Rank 1 : false
2022-10-26 05:15:53,966 [INFO] ADCParametersView:113 -                Rank 1 : false
2022-10-26 05:15:53,966 [INFO] ADCParametersView:113 -                Rank 1 : false
2022-10-26 05:15:53,966 [INFO] ADCParametersView:113 -                Rank 1 : false
2022-10-26 05:15:53,966 [INFO] ADCParametersView:113 -                Rank 1 : false
2022-10-26 05:15:53,972 [INFO] ADCParametersView:113 -                Rank 1 : false
2022-10-26 05:15:53,996 [INFO] ADCParametersView:113 -                Rank 1 : false
2022-10-26 05:15:53,997 [INFO] ADCParametersView:113 -                Rank 1 : false
2022-10-26 05:15:53,997 [INFO] ADCParametersView:113 -                Rank 1 : false
2022-10-26 05:15:53,998 [INFO] ADCParametersView:113 -                Rank 1 : false
2022-10-26 05:15:53,998 [INFO] ADCParametersView:113 -                Rank 1 : false
2022-10-26 05:15:53,998 [INFO] ADCParametersView:113 -                Rank 1 : false
2022-10-26 05:15:53,998 [INFO] ADCParametersView:113 -                Rank 1 : false
2022-10-26 05:15:53,998 [INFO] ADCParametersView:113 -                Rank 1 : false
2022-10-26 05:15:53,999 [INFO] ADCParametersView:113 -                Rank 1 : false
2022-10-26 05:15:53,999 [INFO] ADCParametersView:113 -                Rank 1 : false
2022-10-26 05:15:54,005 [INFO] ADCParametersView:113 -                Rank 1 : false
2022-10-26 05:16:00,544 [INFO] ADCParametersView:113 -                Rank 1 : false
2022-10-26 05:16:00,547 [INFO] ADCParametersView:113 -                Rank 1 : false
2022-10-26 05:16:00,548 [INFO] ADCParametersView:113 -                Rank 1 : false
2022-10-26 05:16:00,548 [INFO] ADCParametersView:113 -                Rank 1 : false
2022-10-26 05:16:00,548 [INFO] ADCParametersView:113 -                Rank 1 : false
2022-10-26 05:16:00,548 [INFO] ADCParametersView:113 -                Rank 1 : false
2022-10-26 05:16:00,548 [INFO] ADCParametersView:113 -                Rank 1 : false
2022-10-26 05:16:00,549 [INFO] ADCParametersView:113 -                Rank 1 : false
2022-10-26 05:16:00,549 [INFO] ADCParametersView:113 -                Rank 1 : false
2022-10-26 05:16:00,549 [INFO] ADCParametersView:113 -                Rank 1 : false
2022-10-26 05:16:00,553 [INFO] ADCParametersView:113 -                Rank 1 : false
2022-10-26 05:16:00,567 [INFO] ADCParametersView:113 -                Rank 1 : false
2022-10-26 05:16:00,568 [INFO] ADCParametersView:113 -                Rank 1 : false
2022-10-26 05:16:00,568 [INFO] ADCParametersView:113 -                Rank 1 : false
2022-10-26 05:16:00,568 [INFO] ADCParametersView:113 -                Rank 1 : false
2022-10-26 05:16:00,568 [INFO] ADCParametersView:113 -                Rank 1 : false
2022-10-26 05:16:00,569 [INFO] ADCParametersView:113 -                Rank 1 : false
2022-10-26 05:16:00,569 [INFO] ADCParametersView:113 -                Rank 1 : false
2022-10-26 05:16:00,569 [INFO] ADCParametersView:113 -                Rank 1 : false
2022-10-26 05:16:00,569 [INFO] ADCParametersView:113 -                Rank 1 : false
2022-10-26 05:16:00,570 [INFO] ADCParametersView:113 -                Rank 1 : false
2022-10-26 05:16:00,574 [INFO] ADCParametersView:113 -                Rank 1 : false
2022-10-26 05:16:00,590 [INFO] ADCParametersView:113 -                Rank 1 : false
2022-10-26 05:16:00,591 [INFO] ADCParametersView:113 -                Rank 1 : false
2022-10-26 05:16:00,591 [INFO] ADCParametersView:113 -                Rank 1 : false
2022-10-26 05:16:00,591 [INFO] ADCParametersView:113 -                Rank 1 : false
2022-10-26 05:16:00,591 [INFO] ADCParametersView:113 -                Rank 1 : false
2022-10-26 05:16:00,591 [INFO] ADCParametersView:113 -                Rank 1 : false
2022-10-26 05:16:00,591 [INFO] ADCParametersView:113 -                Rank 1 : false
2022-10-26 05:16:00,592 [INFO] ADCParametersView:113 -                Rank 1 : false
2022-10-26 05:16:00,592 [INFO] ADCParametersView:113 -                Rank 1 : false
2022-10-26 05:16:00,592 [INFO] ADCParametersView:113 -                Rank 1 : false
2022-10-26 05:16:00,596 [INFO] ADCParametersView:113 -                Rank 1 : false
2022-10-26 05:17:47,029 [INFO] UtilMem:74 - End SaveConfig() Used Memory: 548910832 Bytes (698351616)
2022-10-26 05:17:48,275 [INFO] UtilMem:74 - End SaveConfig() Used Memory: 569588584 Bytes (698351616)
2022-10-26 05:17:51,202 [INFO] UtilMem:74 - End SaveConfig() Used Memory: 538364072 Bytes (698351616)
2022-10-26 05:17:51,571 [INFO] BlockDiagram:2753 - set Specific Code input for plugin: NVIC
2022-10-26 05:17:51,572 [INFO] BlockDiagram:2753 - set Specific Code input for plugin: TIM1_8F1
2022-10-26 05:17:51,572 [INFO] BlockDiagram:2753 - set Specific Code input for plugin: SYS
2022-10-26 05:17:51,572 [INFO] BlockDiagram:2753 - set Specific Code input for plugin: GPIO
2022-10-26 05:17:51,572 [INFO] BlockDiagram:2753 - set Specific Code input for plugin: ADC
2022-10-26 05:17:51,572 [INFO] BlockDiagram:2753 - set Specific Code input for plugin: RCC
2022-10-26 05:17:51,573 [INFO] CodeGenerator:690 - code generatio: config db path: C:\ST\STM32CubeIDE_1.9.0\STM32CubeIDE\plugins\com.st.stm32cube.common.mx_6.6.1.202207061420\\db\
2022-10-26 05:17:51,775 [INFO] CodeEngine:245 - oldGeneratedFile, D:\github\mc\stm32\PWM_Servo_Motor_and_Potentiometer\PWM_Servo_Motor_and_Potentiometer\MXTmpFiles\license.tmp_save
2022-10-26 05:17:51,936 [INFO] CodeEngine:269 - Generated code: D:\github\mc\stm32\PWM_Servo_Motor_and_Potentiometer\PWM_Servo_Motor_and_Potentiometer\MXTmpFiles\license.tmp
2022-10-26 05:17:51,970 [INFO] CodeEngine:245 - oldGeneratedFile, D:\github\mc\stm32\PWM_Servo_Motor_and_Potentiometer\PWM_Servo_Motor_and_Potentiometer\MXTmpFiles\gpio.tmp_save
2022-10-26 05:17:52,172 [INFO] CodeEngine:269 - Generated code: D:\github\mc\stm32\PWM_Servo_Motor_and_Potentiometer\PWM_Servo_Motor_and_Potentiometer\MXTmpFiles\gpio.tmp
2022-10-26 05:17:52,304 [INFO] CodeEngine:245 - oldGeneratedFile, D:\github\mc\stm32\PWM_Servo_Motor_and_Potentiometer\PWM_Servo_Motor_and_Potentiometer\Core\Src\stm32f1xx_it.c_save
2022-10-26 05:17:52,461 [INFO] CodeEngine:269 - Generated code: D:\github\mc\stm32\PWM_Servo_Motor_and_Potentiometer\PWM_Servo_Motor_and_Potentiometer\Core\Src\stm32f1xx_it.c
2022-10-26 05:17:52,474 [INFO] CodeEngine:245 - oldGeneratedFile, D:\github\mc\stm32\PWM_Servo_Motor_and_Potentiometer\PWM_Servo_Motor_and_Potentiometer\Core\Inc\stm32f1xx_it.h_save
2022-10-26 05:17:52,586 [INFO] CodeEngine:269 - Generated code: D:\github\mc\stm32\PWM_Servo_Motor_and_Potentiometer\PWM_Servo_Motor_and_Potentiometer\Core\Inc\stm32f1xx_it.h
2022-10-26 05:17:52,709 [INFO] CodeEngine:245 - oldGeneratedFile, D:\github\mc\stm32\PWM_Servo_Motor_and_Potentiometer\PWM_Servo_Motor_and_Potentiometer\Core\Src\stm32f1xx_hal_msp.c_save
2022-10-26 05:17:52,860 [INFO] CodeEngine:269 - Generated code: D:\github\mc\stm32\PWM_Servo_Motor_and_Potentiometer\PWM_Servo_Motor_and_Potentiometer\Core\Src\stm32f1xx_hal_msp.c
2022-10-26 05:17:52,864 [INFO] CodeEngine:245 - oldGeneratedFile, D:\github\mc\stm32\PWM_Servo_Motor_and_Potentiometer\PWM_Servo_Motor_and_Potentiometer\MXTmpFiles\system.tmp_save
2022-10-26 05:17:52,946 [INFO] CodeEngine:269 - Generated code: D:\github\mc\stm32\PWM_Servo_Motor_and_Potentiometer\PWM_Servo_Motor_and_Potentiometer\MXTmpFiles\system.tmp
2022-10-26 05:17:52,967 [INFO] CodeEngine:245 - oldGeneratedFile, D:\github\mc\stm32\PWM_Servo_Motor_and_Potentiometer\PWM_Servo_Motor_and_Potentiometer\Core\Inc\stm32f1xx_hal_conf.h_save
2022-10-26 05:17:53,092 [INFO] CodeEngine:269 - Generated code: D:\github\mc\stm32\PWM_Servo_Motor_and_Potentiometer\PWM_Servo_Motor_and_Potentiometer\Core\Inc\stm32f1xx_hal_conf.h
2022-10-26 05:17:53,127 [WARN] IPConfigManager:3348 - IP not found : TIM
2022-10-26 05:17:53,127 [WARN] CodeGenerator:3567 - IP not found : null
2022-10-26 05:17:53,154 [INFO] CodeEngine:245 - oldGeneratedFile, D:\github\mc\stm32\PWM_Servo_Motor_and_Potentiometer\PWM_Servo_Motor_and_Potentiometer\Core\Inc\main.h_save
2022-10-26 05:17:53,296 [INFO] CodeEngine:269 - Generated code: D:\github\mc\stm32\PWM_Servo_Motor_and_Potentiometer\PWM_Servo_Motor_and_Potentiometer\Core\Inc\main.h
2022-10-26 05:17:53,351 [INFO] CodeEngine:245 - oldGeneratedFile, D:\github\mc\stm32\PWM_Servo_Motor_and_Potentiometer\PWM_Servo_Motor_and_Potentiometer\Core\Src\main.c_save
2022-10-26 05:17:53,589 [INFO] CodeEngine:269 - Generated code: D:\github\mc\stm32\PWM_Servo_Motor_and_Potentiometer\PWM_Servo_Motor_and_Potentiometer\Core\Src\main.c
2022-10-26 05:17:54,439 [INFO] ProjectBuilder:2919 - Time for Copy HAL[1] : 182mS.
2022-10-26 05:17:54,442 [INFO] ProjectBuilder:4117 - Project Generator version: 3.17.1
2022-10-26 05:17:55,370 [INFO] ConfigFileManager:1394 - The Die is : DIE410
2022-10-26 05:17:58,982 [INFO] ProjectBuilder:4285 - Time for Generating toolchain IDE Files: 4540mS.
2022-10-26 05:17:58,983 [INFO] ProjectBuilder:2790 - Time for Copy CMSIS : 0mS.
2022-10-26 05:17:58,984 [INFO] ProjectBuilder:2790 - Time for Copy CMSIS : 0mS.
2022-10-26 16:11:22,097 [INFO] Activator:177 - 


2022-10-26 16:11:22,115 [INFO] Activator:178 - !SESSION log4j initialized
2022-10-26 16:11:50,752 [ERROR] LogOutputStream:74 - [STDERR_REDIRECT] SLF4J: Failed to load class "org.slf4j.impl.StaticLoggerBinder".
2022-10-26 16:11:50,753 [ERROR] LogOutputStream:74 - [STDERR_REDIRECT] SLF4J: Defaulting to no-operation (NOP) logger implementation
2022-10-26 16:11:50,755 [ERROR] LogOutputStream:74 - [STDERR_REDIRECT] SLF4J: See http://www.slf4j.org/codes.html#StaticLoggerBinder for further details.
2022-10-26 16:15:36,973 [INFO] Activator:177 - 


2022-10-26 16:15:36,974 [INFO] Activator:178 - !SESSION log4j initialized
2022-10-26 16:15:52,263 [ERROR] ConfigurationRetriever:139 - IOException on connection: connect timed out
2022-10-26 16:16:04,322 [ERROR] LogOutputStream:74 - [STDERR_REDIRECT] SLF4J: Failed to load class "org.slf4j.impl.StaticLoggerBinder".
2022-10-26 16:16:04,322 [ERROR] LogOutputStream:74 - [STDERR_REDIRECT] SLF4J: Defaulting to no-operation (NOP) logger implementation
2022-10-26 16:16:04,324 [ERROR] LogOutputStream:74 - [STDERR_REDIRECT] SLF4J: See http://www.slf4j.org/codes.html#StaticLoggerBinder for further details.
2022-10-26 16:19:37,112 [INFO] Activator:177 - 


2022-10-26 16:19:37,136 [INFO] Activator:178 - !SESSION log4j initialized
2022-10-26 16:20:05,853 [ERROR] LogOutputStream:74 - [STDERR_REDIRECT] SLF4J: Failed to load class "org.slf4j.impl.StaticLoggerBinder".
2022-10-26 16:20:05,854 [ERROR] LogOutputStream:74 - [STDERR_REDIRECT] SLF4J: Defaulting to no-operation (NOP) logger implementation
2022-10-26 16:20:05,856 [ERROR] LogOutputStream:74 - [STDERR_REDIRECT] SLF4J: See http://www.slf4j.org/codes.html#StaticLoggerBinder for further details.
