2022-11-01 02:11:43,743 [INFO] Activator:177 - 


2022-11-01 02:11:43,744 [INFO] Activator:178 - !SESSION log4j initialized
2022-11-01 02:11:46,263 [INFO] McuFinderGlobals:44 - Set McuFinder mode to 2 (CubeIDE integrated)
2022-11-01 02:11:47,453 [INFO] ApplicationProperties:181 - Using Application install path: C:\ST\STM32CubeIDE_1.9.0\STM32CubeIDE\plugins\com.st.stm32cube.common.mx_6.6.1.202207061420
2022-11-01 02:11:47,470 [INFO] DbMcusXml:77 - Set database path to: C:\ST\STM32CubeIDE_1.9.0\STM32CubeIDE\plugins\com.st.stm32cube.common.mx_6.6.1.202207061420\\db\/mcu/
2022-11-01 02:11:47,470 [INFO] ApiDb:269 - Set plugin database path to: C:\ST\STM32CubeIDE_1.9.0\STM32CubeIDE\plugins\com.st.stm32cube.common.mx_6.6.1.202207061420\\db\/plugins/boardmanager/
2022-11-01 02:11:47,472 [WARN] ApiDb:254 - Overriding images path with different value:  => C:\ST\STM32CubeIDE_1.9.0\STM32CubeIDE\plugins\com.st.stm32cube.common.mx_6.6.1.202207061420\\db\/plugins/mcufinder/images/
2022-11-01 02:11:47,487 [INFO] ApiDb:249 - Set database path to: C:\Users\Zver\.stmcufinder\plugins\mcufinder//mcu/
2022-11-01 02:11:47,489 [INFO] DbMcusAds:124 - Set database path to: C:\Users\Zver\.stmcufinder\plugins\mcufinder//mcu/
2022-11-01 02:11:47,873 [INFO] CrossReferenceDbSqlite:201 - Set database path to: C:\Users\Zver\.stmcufinder\plugins\mcufinder//mcu/cs/
2022-11-01 02:11:47,960 [INFO] RulesReader:61 - Compatibility file has been processed (282 Rules)
2022-11-01 02:11:48,196 [INFO] DbMcusXml:77 - Set database path to: C:\ST\STM32CubeIDE_1.9.0\STM32CubeIDE\plugins\com.st.stm32cube.common.mx_6.6.1.202207061420\\db\/mcu/
2022-11-01 02:11:48,197 [INFO] ApiDb:269 - Set plugin database path to: C:\ST\STM32CubeIDE_1.9.0\STM32CubeIDE\plugins\com.st.stm32cube.common.mx_6.6.1.202207061420\\db\/plugins/boardmanager/
2022-11-01 02:11:48,197 [INFO] ApiDb:256 - Set plugin images path to: C:\ST\STM32CubeIDE_1.9.0\STM32CubeIDE\plugins\com.st.stm32cube.common.mx_6.6.1.202207061420\\db\/plugins/mcufinder/images/
2022-11-01 02:11:48,198 [WARN] DbFile:40 - Overriding database path with different value: C:\Users\Zver\.stmcufinder\plugins\mcufinder/ => C:\Users\Zver\.stmcufinder\plugins\mcufinder
2022-11-01 02:11:48,198 [INFO] ApiDb:249 - Set database path to: C:\Users\Zver\.stmcufinder\plugins\mcufinder//mcu/
2022-11-01 02:11:48,198 [WARN] DbFile:40 - Overriding database path with different value: C:\Users\Zver\.stmcufinder\plugins\mcufinder/ => C:\Users\Zver\.stmcufinder\plugins\mcufinder
2022-11-01 02:11:48,198 [INFO] DbMcusAds:124 - Set database path to: C:\Users\Zver\.stmcufinder\plugins\mcufinder//mcu/
2022-11-01 02:11:48,199 [WARN] DbFile:40 - Overriding database path with different value: C:\Users\Zver\.stmcufinder\plugins\mcufinder/ => C:\Users\Zver\.stmcufinder\plugins\mcufinder
2022-11-01 02:11:48,199 [WARN] DbFile:40 - Overriding database path with different value: C:\Users\Zver\.stmcufinder\plugins\mcufinder/ => C:\Users\Zver\.stmcufinder\plugins\mcufinder
2022-11-01 02:11:48,199 [INFO] CrossReferenceDbSqlite:201 - Set database path to: C:\Users\Zver\.stmcufinder\plugins\mcufinder//mcu/cs/
2022-11-01 02:11:48,340 [INFO] MainPanel:242 - HeapMemory: 268435456
2022-11-01 02:11:48,472 [INFO] DbMcusXml:77 - Set database path to: C:\ST\STM32CubeIDE_1.9.0\STM32CubeIDE\plugins\com.st.stm32cube.common.mx_6.6.1.202207061420\\db\/mcu/
2022-11-01 02:11:48,472 [INFO] ApiDb:269 - Set plugin database path to: C:\ST\STM32CubeIDE_1.9.0\STM32CubeIDE\plugins\com.st.stm32cube.common.mx_6.6.1.202207061420\\db\/plugins/boardmanager/
2022-11-01 02:11:48,472 [INFO] ApiDb:256 - Set plugin images path to: C:\ST\STM32CubeIDE_1.9.0\STM32CubeIDE\plugins\com.st.stm32cube.common.mx_6.6.1.202207061420\\db\/plugins/mcufinder/images/
2022-11-01 02:11:48,472 [WARN] DbFile:40 - Overriding database path with different value: C:\Users\Zver\.stmcufinder\plugins\mcufinder/ => C:\Users\Zver\.stmcufinder\plugins\mcufinder
2022-11-01 02:11:48,472 [INFO] ApiDb:249 - Set database path to: C:\Users\Zver\.stmcufinder\plugins\mcufinder//mcu/
2022-11-01 02:11:48,472 [WARN] DbFile:40 - Overriding database path with different value: C:\Users\Zver\.stmcufinder\plugins\mcufinder/ => C:\Users\Zver\.stmcufinder\plugins\mcufinder
2022-11-01 02:11:48,473 [INFO] DbMcusAds:124 - Set database path to: C:\Users\Zver\.stmcufinder\plugins\mcufinder//mcu/
2022-11-01 02:11:48,473 [WARN] DbFile:40 - Overriding database path with different value: C:\Users\Zver\.stmcufinder\plugins\mcufinder/ => C:\Users\Zver\.stmcufinder\plugins\mcufinder
2022-11-01 02:11:48,473 [WARN] DbFile:40 - Overriding database path with different value: C:\Users\Zver\.stmcufinder\plugins\mcufinder/ => C:\Users\Zver\.stmcufinder\plugins\mcufinder
2022-11-01 02:11:48,473 [INFO] CrossReferenceDbSqlite:201 - Set database path to: C:\Users\Zver\.stmcufinder\plugins\mcufinder//mcu/cs/
2022-11-01 02:11:48,500 [INFO] ApplicationProperties:181 - Using Application install path: C:\ST\STM32CubeIDE_1.9.0\STM32CubeIDE\plugins\com.st.stm32cube.common.mx_6.6.1.202207061420
2022-11-01 02:11:48,501 [INFO] PluginManage:193 - Search for loadable plugins [exclusion list=, ]
2022-11-01 02:11:48,503 [INFO] PluginManage:307 - Check plugin analytics
2022-11-01 02:11:48,676 [INFO] AnalyticsPlugin:262 - Accepted Software Licenses: 
2022-11-01 02:11:48,677 [INFO] AnalyticsPlugin:264 - Accepted CMSIS Pack Licenses: 
2022-11-01 02:11:48,677 [INFO] AnalyticsPlugin:266 - Accepted Firmware Licenses: 
2022-11-01 02:11:48,686 [INFO] PluginManage:356 - Loaded plugin analytics (category:tool,tabindex:-1)
2022-11-01 02:11:48,686 [INFO] PluginManage:307 - Check plugin cadmodel
2022-11-01 02:11:48,694 [INFO] CADModel:65 - Init CAD model plugin
2022-11-01 02:11:48,694 [INFO] PluginManage:356 - Loaded plugin cadmodel (category:power,tabindex:5)
2022-11-01 02:11:48,695 [INFO] PluginManage:307 - Check plugin clock
2022-11-01 02:11:48,709 [INFO] PluginManage:356 - Loaded plugin clock (category:base,tabindex:2)
2022-11-01 02:11:48,709 [INFO] PluginManage:307 - Check plugin ddr
2022-11-01 02:11:48,713 [INFO] PluginManage:356 - Loaded plugin ddr (category:tool,tabindex:6)
2022-11-01 02:11:48,713 [INFO] PluginManage:307 - Check plugin filemanager
2022-11-01 02:11:48,921 [INFO] PluginManage:356 - Loaded plugin filemanager (category:base,tabindex:10)
2022-11-01 02:11:48,921 [INFO] PluginManage:307 - Check plugin ipmanager
2022-11-01 02:11:48,936 [INFO] PluginManage:356 - Loaded plugin ipmanager (category:base,tabindex:5)
2022-11-01 02:11:48,936 [INFO] PluginManage:307 - Check plugin lpbam
2022-11-01 02:11:48,968 [INFO] PluginManage:356 - Loaded plugin lpbam (category:base,tabindex:0)
2022-11-01 02:11:48,968 [INFO] PluginManage:307 - Check plugin pinoutandconfiguration
2022-11-01 02:11:48,978 [INFO] PluginManage:356 - Loaded plugin pinoutandconfiguration (category:base,tabindex:1)
2022-11-01 02:11:48,978 [INFO] PluginManage:307 - Check plugin pinoutconfig
2022-11-01 02:11:49,031 [INFO] PluginManage:356 - Loaded plugin pinoutconfig (category:base,tabindex:0)
2022-11-01 02:11:49,032 [INFO] PluginManage:307 - Check plugin power
2022-11-01 02:11:49,045 [INFO] PluginManage:356 - Loaded plugin power (category:power,tabindex:4)
2022-11-01 02:11:49,045 [INFO] PluginManage:307 - Check plugin projectmanager
2022-11-01 02:11:49,062 [INFO] PluginManage:356 - Loaded plugin projectmanager (category:projectmanager,tabindex:3)
2022-11-01 02:11:49,062 [INFO] PluginManage:307 - Check plugin thirdparty
2022-11-01 02:11:49,198 [WARN] IntegrityCheckThread:82 - waiting for thirdparty lock release [integrity check]
2022-11-01 02:11:49,199 [INFO] PluginManage:356 - Loaded plugin thirdparty (category:base,tabindex:-1)
2022-11-01 02:11:49,199 [INFO] IntegrityCheckThread:84 - entering critical section [integrity check]
2022-11-01 02:11:49,199 [INFO] PluginManage:307 - Check plugin tools
2022-11-01 02:11:49,201 [INFO] ThirdPartyUpdaterWithRetryManager:70 - Updater plugin not ready yet. [1/15]
2022-11-01 02:11:49,203 [INFO] PluginManage:356 - Loaded plugin tools (category:base,tabindex:7)
2022-11-01 02:11:49,203 [INFO] PluginManage:307 - Check plugin tutovideos
2022-11-01 02:11:49,400 [INFO] PluginManage:356 - Loaded plugin tutovideos (category:base,tabindex:-1)
2022-11-01 02:11:49,400 [INFO] PluginManage:307 - Check plugin updater
2022-11-01 02:11:49,414 [INFO] PluginManage:356 - Loaded plugin updater (category:base,tabindex:12)
2022-11-01 02:11:49,414 [INFO] PluginManage:280 - PluginManage : Loaded plugins [15]
2022-11-01 02:11:49,672 [INFO] PinOutPanel:1468 - setPackage(No Configuration,No Configuration)
2022-11-01 02:11:49,769 [INFO] CADModel:98 - CPN selected for project level
2022-11-01 02:11:49,784 [INFO] IPUIPlugin:79 - create IPUIPlugin
2022-11-01 02:11:49,784 [INFO] PluginManager:217 - loadIPPluginJar : add adc
2022-11-01 02:11:49,787 [INFO] IPUIPlugin:79 - create IPUIPlugin
2022-11-01 02:11:49,787 [INFO] PluginManager:217 - loadIPPluginJar : add aes
2022-11-01 02:11:49,789 [INFO] IPUIPlugin:79 - create IPUIPlugin
2022-11-01 02:11:49,790 [INFO] PluginManager:217 - loadIPPluginJar : add can
2022-11-01 02:11:49,791 [INFO] IPUIPlugin:79 - create IPUIPlugin
2022-11-01 02:11:49,792 [INFO] PluginManager:217 - loadIPPluginJar : add comp
2022-11-01 02:11:49,794 [INFO] IPUIPlugin:79 - create IPUIPlugin
2022-11-01 02:11:49,794 [INFO] PluginManager:217 - loadIPPluginJar : add cryp
2022-11-01 02:11:49,796 [INFO] IPUIPlugin:79 - create IPUIPlugin
2022-11-01 02:11:49,797 [INFO] PluginManager:217 - loadIPPluginJar : add dfsdm
2022-11-01 02:11:49,802 [INFO] IPUIPlugin:79 - create IPUIPlugin
2022-11-01 02:11:49,802 [INFO] PluginManager:217 - loadIPPluginJar : add dma
2022-11-01 02:11:49,805 [INFO] IPUIPlugin:79 - create IPUIPlugin
2022-11-01 02:11:49,805 [INFO] PluginManager:217 - loadIPPluginJar : add dma3
2022-11-01 02:11:49,808 [INFO] IPUIPlugin:79 - create IPUIPlugin
2022-11-01 02:11:49,808 [INFO] PluginManager:217 - loadIPPluginJar : add fatfs
2022-11-01 02:11:49,812 [INFO] IPUIPlugin:79 - create IPUIPlugin
2022-11-01 02:11:49,812 [INFO] PluginManager:217 - loadIPPluginJar : add fmc
2022-11-01 02:11:49,818 [INFO] IPUIPlugin:79 - create IPUIPlugin
2022-11-01 02:11:49,818 [INFO] PluginManager:217 - loadIPPluginJar : add freertos
2022-11-01 02:11:49,819 [INFO] IPUIPlugin:79 - create IPUIPlugin
2022-11-01 02:11:49,819 [INFO] PluginManager:217 - loadIPPluginJar : add genericplugin
2022-11-01 02:11:49,821 [INFO] IPUIPlugin:79 - create IPUIPlugin
2022-11-01 02:11:49,822 [INFO] PluginManager:217 - loadIPPluginJar : add gfxmmu
2022-11-01 02:11:49,827 [INFO] IPUIPlugin:79 - create IPUIPlugin
2022-11-01 02:11:49,827 [INFO] PluginManager:217 - loadIPPluginJar : add gic
2022-11-01 02:11:49,831 [INFO] IPUIPlugin:79 - create IPUIPlugin
2022-11-01 02:11:49,832 [INFO] PluginManager:217 - loadIPPluginJar : add gpio
2022-11-01 02:11:49,834 [INFO] IPUIPlugin:79 - create IPUIPlugin
2022-11-01 02:11:49,835 [INFO] PluginManager:217 - loadIPPluginJar : add gtzc
2022-11-01 02:11:49,837 [INFO] IPUIPlugin:79 - create IPUIPlugin
2022-11-01 02:11:49,837 [INFO] PluginManager:217 - loadIPPluginJar : add hash
2022-11-01 02:11:49,841 [INFO] IPUIPlugin:79 - create IPUIPlugin
2022-11-01 02:11:49,841 [INFO] PluginManager:217 - loadIPPluginJar : add i2c
2022-11-01 02:11:49,844 [INFO] IPUIPlugin:79 - create IPUIPlugin
2022-11-01 02:11:49,844 [INFO] PluginManager:217 - loadIPPluginJar : add i2s
2022-11-01 02:11:49,847 [INFO] IPUIPlugin:79 - create IPUIPlugin
2022-11-01 02:11:49,847 [INFO] PluginManager:217 - loadIPPluginJar : add ipddr
2022-11-01 02:11:49,853 [INFO] IPUIPlugin:79 - create IPUIPlugin
2022-11-01 02:11:49,853 [INFO] PluginManager:217 - loadIPPluginJar : add linkedlist
2022-11-01 02:11:49,855 [INFO] IPUIPlugin:79 - create IPUIPlugin
2022-11-01 02:11:49,856 [INFO] PluginManager:217 - loadIPPluginJar : add lorawan
2022-11-01 02:11:49,857 [INFO] IPUIPlugin:79 - create IPUIPlugin
2022-11-01 02:11:49,858 [INFO] PluginManager:217 - loadIPPluginJar : add ltdc
2022-11-01 02:11:49,862 [INFO] IPUIPlugin:79 - create IPUIPlugin
2022-11-01 02:11:49,863 [INFO] PluginManager:217 - loadIPPluginJar : add mdma
2022-11-01 02:11:49,865 [INFO] IPUIPlugin:79 - create IPUIPlugin
2022-11-01 02:11:49,866 [INFO] PluginManager:217 - loadIPPluginJar : add nvic
2022-11-01 02:11:49,868 [INFO] IPUIPlugin:79 - create IPUIPlugin
2022-11-01 02:11:49,868 [INFO] PluginManager:217 - loadIPPluginJar : add opamp
2022-11-01 02:11:49,871 [INFO] IPUIPlugin:79 - create IPUIPlugin
2022-11-01 02:11:49,871 [INFO] PluginManager:217 - loadIPPluginJar : add openamp
2022-11-01 02:11:49,875 [INFO] IPUIPlugin:79 - create IPUIPlugin
2022-11-01 02:11:49,875 [INFO] PluginManager:217 - loadIPPluginJar : add pdm2pcm
2022-11-01 02:11:49,881 [INFO] IPUIPlugin:79 - create IPUIPlugin
2022-11-01 02:11:49,883 [INFO] PluginManager:217 - loadIPPluginJar : add plateformsettings
2022-11-01 02:11:49,885 [INFO] IPUIPlugin:79 - create IPUIPlugin
2022-11-01 02:11:49,885 [INFO] PluginManager:217 - loadIPPluginJar : add quadspi
2022-11-01 02:11:49,889 [INFO] IPUIPlugin:79 - create IPUIPlugin
2022-11-01 02:11:49,890 [INFO] PluginManager:217 - loadIPPluginJar : add resmgrutility
2022-11-01 02:11:49,893 [INFO] IPUIPlugin:79 - create IPUIPlugin
2022-11-01 02:11:49,893 [INFO] PluginManager:217 - loadIPPluginJar : add sai
2022-11-01 02:11:49,896 [INFO] IPUIPlugin:79 - create IPUIPlugin
2022-11-01 02:11:49,896 [INFO] PluginManager:217 - loadIPPluginJar : add spi
2022-11-01 02:11:49,900 [INFO] IPUIPlugin:79 - create IPUIPlugin
2022-11-01 02:11:49,900 [INFO] PluginManager:217 - loadIPPluginJar : add stm32_wpan
2022-11-01 02:11:49,902 [INFO] IPUIPlugin:79 - create IPUIPlugin
2022-11-01 02:11:49,902 [INFO] PluginManager:217 - loadIPPluginJar : add tim
2022-11-01 02:11:49,905 [INFO] IPUIPlugin:79 - create IPUIPlugin
2022-11-01 02:11:49,906 [INFO] PluginManager:217 - loadIPPluginJar : add touchsensing
2022-11-01 02:11:49,908 [INFO] IPUIPlugin:79 - create IPUIPlugin
2022-11-01 02:11:49,909 [INFO] PluginManager:217 - loadIPPluginJar : add tracer_emb
2022-11-01 02:11:49,911 [INFO] IPUIPlugin:79 - create IPUIPlugin
2022-11-01 02:11:49,911 [INFO] PluginManager:217 - loadIPPluginJar : add ts
2022-11-01 02:11:49,913 [INFO] IPUIPlugin:79 - create IPUIPlugin
2022-11-01 02:11:49,913 [INFO] PluginManager:217 - loadIPPluginJar : add tsc
2022-11-01 02:11:49,915 [INFO] IPUIPlugin:79 - create IPUIPlugin
2022-11-01 02:11:49,915 [INFO] PluginManager:217 - loadIPPluginJar : add ucpd
2022-11-01 02:11:49,917 [INFO] IPUIPlugin:79 - create IPUIPlugin
2022-11-01 02:11:49,917 [INFO] PluginManager:217 - loadIPPluginJar : add usart
2022-11-01 02:11:49,920 [INFO] IPUIPlugin:79 - create IPUIPlugin
2022-11-01 02:11:49,920 [INFO] PluginManager:217 - loadIPPluginJar : add usbx
2022-11-01 02:11:50,229 [FATAL] Updater:301 - Updater called before beeing initialized
2022-11-01 02:11:50,389 [FATAL] Updater:301 - Updater called before beeing initialized
2022-11-01 02:11:50,396 [INFO] DbMcusAds:52 - JSON generation date=Thu Sep 30 09:56:37 MSK 2021 (1632984997303)
2022-11-01 02:11:50,396 [FATAL] Updater:301 - Updater called before beeing initialized
2022-11-01 02:11:50,485 [WARN] DetailPanel:344 - Failed to get advertising image, set to default
2022-11-01 02:11:50,600 [FATAL] Updater:301 - Updater called before beeing initialized
2022-11-01 02:11:50,602 [FATAL] Updater:301 - Updater called before beeing initialized
2022-11-01 02:11:50,602 [FATAL] Updater:301 - Updater called before beeing initialized
2022-11-01 02:11:50,602 [WARN] DetailPanel:344 - Failed to get advertising image, set to default
2022-11-01 02:11:50,603 [FATAL] Updater:301 - Updater called before beeing initialized
2022-11-01 02:11:50,647 [ERROR] Updater:1105 - MainUpdater not yet initialized. External WinMGr cannot be set.
2022-11-01 02:11:50,666 [INFO] Updater:1041 - Updater Version found : 6.6.1
2022-11-01 02:11:50,682 [INFO] ApplicationProperties:181 - Using Application install path: C:\ST\STM32CubeIDE_1.9.0\STM32CubeIDE\plugins\com.st.stm32cube.common.mx_6.6.1.202207061420
2022-11-01 02:11:52,202 [INFO] ThirdPartyUpdaterWithRetryManager:70 - Updater plugin not ready yet. [2/15]
2022-11-01 02:11:52,656 [INFO] MainUpdater:2768 - connection check result : 10
2022-11-01 02:11:52,656 [INFO] MainUpdater:280 - Updater Check For Update Now.
2022-11-01 02:11:52,657 [INFO] MicroXplorer:481 - Change Database Version : DB.6.0.60
2022-11-01 02:11:52,810 [INFO] CheckServerUpdateThread:119 - End of CheckServer Thread
2022-11-01 02:11:52,865 [INFO] MainUpdater:2768 - connection check result : 10
2022-11-01 02:11:53,140 [INFO] McuFinderGlobals:57 - Set McuFinderConnectedMode to true
2022-11-01 02:11:53,148 [INFO] MultiScanPanel:195 - Auto-refresh data requested => check proxy status ongoing
2022-11-01 02:11:53,152 [INFO] FinderPluginLoader:92 - Searching for filters in installed packs
2022-11-01 02:11:53,262 [INFO] ApiDb:576 - Connected to CubeFinder SQLite database (C:\Users\Zver\.stmcufinder\plugins\mcufinder\mcu\cube-finder-db.db)
2022-11-01 02:11:53,301 [INFO] ApiDb:663 - CubeFinder database Data Model version=2.1
2022-11-01 02:11:53,301 [INFO] ApiDb:664 - CubeFinder database Configuration version=3.0.32
2022-11-01 02:11:53,301 [INFO] ApiDb:665 - CubeFinder database generation date=2022-08-05 (1659688109)
2022-11-01 02:11:53,301 [INFO] ApiDb:666 - CubeFinder database FW Pack versions=[STM32Cube_FW_C0_V1.0.0, STM32Cube_FW_F4_V1.27.1, STM32Cube_FW_F7_V1.17.0, STM32Cube_FW_G0_V1.6.1, STM32Cube_FW_G4_V1.5.0, STM32Cube_FW_H7_V1.10.0, STM32Cube_FW_L5_V1.4.0, STM32Cube_FW_U5_V1.1.1, STM32Cube_FW_WB_V1.14.1, STM32Cube_FW_WL_V1.2.0, X-CUBE-ALGOBUILD_V1.3.0, X-CUBE-ALS_V1.0.1, X-CUBE-AZRTOS-F4_V1.1.0, X-CUBE-AZRTOS-F7_V1.1.0, X-CUBE-AZRTOS-G0_V1.1.0, X-CUBE-AZRTOS-G4_V1.0.0, X-CUBE-AZRTOS-H7_V2.1.0, X-CUBE-AZRTOS-L4_V1.0.0, X-CUBE-AZRTOS-L5_V1.0.0, X-CUBE-AZRTOS-WL_V1.0.0, X-CUBE-BLE1_V6.2.3, X-CUBE-BLE2_V3.3.0, X-CUBE-EEPRMA1_V3.1.1, X-CUBE-GNSS1_V6.0.0, X-CUBE-MEMS1_V9.1.0, X-CUBE-MEMS1_V9.3.0, X-CUBE-NFC4_V2.0.4, X-CUBE-NFC7_V1.0.0, X-CUBE-SFXS2LP1_V4.0.0, X-CUBE-SUBG2_V5.0.0]
2022-11-01 02:11:55,363 [INFO] ApiDb:239 - Found 138 in-development CPN: [B-WB1M-WPAN1, NUCLEO-C031C6, STEVAL-STWINBX1, STM320518-EVAL, STM32C0116-DK, STM32C011D6Y3TR, STM32C011D6Y6TR, STM32C011F4P3, STM32C011F4P6, STM32C011F4U3, STM32C011F4U6TR, STM32C011F6P3, STM32C011F6P6, STM32C011F6U3, STM32C011F6U6TR, STM32C011J4M3, STM32C011J4M6, STM32C011J6M3, STM32C011J6M6, STM32C0316-DK, STM32C031C4T3, STM32C031C4T6, STM32C031C4U3, STM32C031C4U6, STM32C031C6T3, STM32C031C6T6, STM32C031C6U3, STM32C031C6U6, STM32C031F4P3, STM32C031F4P6, STM32C031F6P3, STM32C031F6P6, STM32C031G4U3, STM32C031G4U6, STM32C031G6U3, STM32C031G6U6, STM32C031K4T3, STM32C031K4T6, STM32C031K4U3, STM32C031K4U6, STM32C031K6T3, STM32C031K6T6, STM32C031K6U3, STM32C031K6U6, STM32G071K8TXN, STM32G071K8UXN, STM32G081GBU6N, STM32G081KBT6N, STM32G081KBUXN, STM32G0B1CCT6N, STM32G0B1KCT6, STM32G0B1NEY6TR, STM32G0B1RCT6N, STM32G0C1CCT6, STM32G0C1CCT6N, STM32G0C1CCU6N, STM32G0C1CET6N, STM32G0C1CEU6N, STM32G0C1KCT6, STM32G0C1NEY6TR, STM32G0C1RCI6N, STM32G0C1RCT6N, STM32G0C1REI6N, STM32G0C1RET6N, STM32G0C1VCI6, STM32G0C1VEI6, STM32G471CCT6, STM32G471CCU6, STM32G471CET3, STM32G471CET6, STM32G471CEU3, STM32G471CEU6, STM32G471MCT6, STM32G471MET3, STM32G471MET6, STM32G471MEY6TR, STM32G471QCT6, STM32G471QET3, STM32G471RCT6, STM32G471RET3, STM32G471RET6, STM32G471VCH6, STM32G471VCI6, STM32G471VCT6, STM32G471VEH3, STM32G471VEH6, STM32G471VEI3, STM32G471VEI6, STM32G471VET3, STM32G471VET6, STM32G474CCT6, STM32L476VGY6PTR, STM32L4R5QGI6STR, STM32MP131AAE3, STM32MP131AAF3, STM32MP131AAG3, STM32MP131CAE3, STM32MP131CAF3, STM32MP131CAG3, STM32MP131DAE7, STM32MP131DAF7, STM32MP131DAG7, STM32MP131FAE7, STM32MP131FAF7, STM32MP131FAG7, STM32MP133AAE3, STM32MP133AAF3, STM32MP133AAG3, STM32MP133CAE3, STM32MP133CAF3, STM32MP133CAG3, STM32MP133DAE7, STM32MP133DAF7, STM32MP133DAG7, STM32MP133FAE7, STM32MP133FAF7, STM32MP133FAG7, STM32MP135AAE3, STM32MP135AAF3, STM32MP135AAG3, STM32MP135CAE3, STM32MP135CAF3, STM32MP135CAG3, STM32MP135DAE7, STM32MP135DAF7, STM32MP135DAG7, STM32MP135F-DK, STM32MP135FAE7, STM32MP135FAF7, STM32MP135FAG7, STM32U595ZJT6Q, STM32U599BJY6QTR, STM32U599NIH6Q, STM32U599NJH6Q, STM32U5A5ZJT6Q, STM32U5A9BJY6QTR, STM32U5A9NJH6Q, STM32WB1MMCH6]
2022-11-01 02:11:55,367 [INFO] DbMcus:215 - Found 3542 MCUs, 3542 are supported
2022-11-01 02:11:55,370 [INFO] ApiDb:418 - Load user favorites file C:\Users\Zver/.stm32cubeide/favorites.mcus.txt: 1 item(s)
2022-11-01 02:11:55,370 [INFO] ApiDb:422 - User favorites MCUs=[STM32F103C8T6]
2022-11-01 02:11:55,370 [INFO] DbMcus:221 - Set 1 / 1 favorites MCUs
2022-11-01 02:11:55,403 [WARN] PackLoader:242 - Cannot read IP mode file for wolfSSL.I-CUBE-wolfSSL.5.2.0
2022-11-01 02:11:55,415 [WARN] PackLoader:242 - Cannot read IP mode file for STMicroelectronics.X-CUBE-GNSS1.6.0.0
2022-11-01 02:11:55,448 [WARN] PackLoader:242 - Cannot read IP mode file for STMicroelectronics.X-CUBE-AZRTOS-F4.1.1.0
2022-11-01 02:11:55,464 [WARN] PackLoader:242 - Cannot read IP mode file for STMicroelectronics.X-CUBE-BLEMGR.1.2.0
2022-11-01 02:11:55,491 [WARN] PackLoader:242 - Cannot read IP mode file for STMicroelectronics.X-CUBE-AZRTOS-F7.1.1.0
2022-11-01 02:11:55,499 [WARN] PackLoader:242 - Cannot read IP mode file for STMicroelectronics.X-CUBE-AI.7.1.0
2022-11-01 02:11:55,505 [WARN] PackLoader:242 - Cannot read IP mode file for STMicroelectronics.X-CUBE-BLE1.6.2.3
2022-11-01 02:11:55,510 [WARN] PackLoader:242 - Cannot read IP mode file for STMicroelectronics.X-CUBE-BLE1.6.2.2
2022-11-01 02:11:55,518 [WARN] PackLoader:242 - Cannot read IP mode file for STMicroelectronics.X-CUBE-NFC4.2.0.4
2022-11-01 02:11:55,525 [WARN] PackLoader:242 - Cannot read IP mode file for STMicroelectronics.X-CUBE-BLE2.3.2.2
2022-11-01 02:11:55,531 [WARN] PackLoader:242 - Cannot read IP mode file for STMicroelectronics.X-CUBE-NFC4.2.0.3
2022-11-01 02:11:55,545 [WARN] PackLoader:242 - Cannot read IP mode file for STMicroelectronics.X-CUBE-TOF1.3.1.0
2022-11-01 02:11:55,557 [WARN] PackLoader:242 - Cannot read IP mode file for STMicroelectronics.X-CUBE-SFXS2LP1.3.1.0
2022-11-01 02:11:55,573 [WARN] PackLoader:242 - Cannot read IP mode file for STMicroelectronics.X-CUBE-AZRTOS-F4.1.0.0
2022-11-01 02:11:55,583 [WARN] PackLoader:242 - Cannot read IP mode file for STMicroelectronics.X-CUBE-NFC7.1.0.0
2022-11-01 02:11:55,595 [WARN] PackLoader:242 - Cannot read IP mode file for STMicroelectronics.X-CUBE-SUBG2.4.2.0
2022-11-01 02:11:55,668 [WARN] PackLoader:242 - Cannot read IP mode file for STMicroelectronics.X-CUBE-MEMS1.9.3.0
2022-11-01 02:11:55,799 [WARN] PackLoader:242 - Cannot read IP mode file for STMicroelectronics.X-CUBE-AI.7.2.0
2022-11-01 02:11:55,809 [WARN] PackLoader:242 - Cannot read IP mode file for STMicroelectronics.X-CUBE-AZRTOS-G0.1.0.0
2022-11-01 02:11:55,817 [WARN] PackLoader:242 - Cannot read IP mode file for STMicroelectronics.X-CUBE-SFXS2LP1.4.0.0
2022-11-01 02:11:55,821 [WARN] PackLoader:242 - Cannot read IP mode file for STMicroelectronics.X-CUBE-BLE2.3.3.0
2022-11-01 02:11:55,832 [WARN] PackLoader:242 - Cannot read IP mode file for STMicroelectronics.X-CUBE-DISPLAY.2.2.0
2022-11-01 02:11:55,842 [WARN] PackLoader:242 - Cannot read IP mode file for STMicroelectronics.X-CUBE-TOF1.3.2.0
2022-11-01 02:11:55,866 [WARN] PackLoader:242 - Cannot read IP mode file for STMicroelectronics.X-CUBE-TOUCHGFX.4.18.1
2022-11-01 02:11:55,870 [WARN] PackLoader:242 - Cannot read IP mode file for STMicroelectronics.X-CUBE-ISPU.1.0.0
2022-11-01 02:11:55,878 [WARN] PackLoader:242 - Cannot read IP mode file for RoweBots.I-CUBE-UNISONRTOS.5.5.0-4
2022-11-01 02:11:55,893 [WARN] PackLoader:242 - Cannot read IP mode file for STMicroelectronics.X-CUBE-AZRTOS-H7.2.1.0
2022-11-01 02:11:55,903 [WARN] PackLoader:242 - Cannot read IP mode file for STMicroelectronics.X-CUBE-BLEMGR.1.0.0
2022-11-01 02:11:55,910 [WARN] PackLoader:242 - Cannot read IP mode file for STMicroelectronics.X-CUBE-ALGOBUILD.1.3.0
2022-11-01 02:11:55,924 [WARN] PackLoader:242 - Cannot read IP mode file for STMicroelectronics.X-CUBE-AZRTOS-G0.1.1.0
2022-11-01 02:11:55,933 [WARN] PackLoader:242 - Cannot read IP mode file for STMicroelectronics.X-CUBE-SUBG2.5.0.0
2022-11-01 02:11:55,974 [WARN] PackLoader:242 - Cannot read IP mode file for SEGGER.I-CUBE-embOS.1.2.0
2022-11-01 02:11:56,022 [WARN] PackLoader:242 - Cannot read IP mode file for STMicroelectronics.FP-ATR-ASTRA1.1.1.1
2022-11-01 02:11:56,040 [WARN] PackLoader:242 - Cannot read IP mode file for STMicroelectronics.X-CUBE-AZRTOS-H7.2.0.0
2022-11-01 02:11:56,058 [WARN] PackLoader:242 - Cannot read IP mode file for STMicroelectronics.X-CUBE-AZRTOS-G4.1.0.0
2022-11-01 02:11:56,064 [WARN] PackLoader:242 - Cannot read IP mode file for STMicroelectronics.FP-ATR-SIGFOX1.3.2.0
2022-11-01 02:11:56,081 [WARN] PackLoader:242 - Cannot read IP mode file for STMicroelectronics.X-CUBE-AZRTOS-L4.1.0.0
2022-11-01 02:11:56,093 [WARN] PackLoader:242 - Cannot read IP mode file for emotas.I-CUBE-CANOPEN.1.1.2
2022-11-01 02:11:56,096 [WARN] PackLoader:242 - Cannot read IP mode file for STMicroelectronics.X-CUBE-TOUCHGFX.4.20.0
2022-11-01 02:11:56,111 [WARN] PackLoader:242 - Cannot read IP mode file for STMicroelectronics.X-CUBE-AZRTOS-F7.1.0.0
2022-11-01 02:11:56,126 [WARN] PackLoader:242 - Cannot read IP mode file for STMicroelectronics.X-CUBE-AZRTOS-WL.1.0.0
2022-11-01 02:11:56,152 [WARN] PackLoader:242 - Cannot read IP mode file for STMicroelectronics.X-CUBE-MEMS1.9.1.0
2022-11-01 02:11:56,318 [WARN] PackLoader:242 - Cannot read IP mode file for portGmbH.I-Cube-SoM-uGOAL.1.1.0
2022-11-01 02:11:56,323 [WARN] PackLoader:242 - Cannot read IP mode file for STMicroelectronics.X-CUBE-ALS.1.0.1
2022-11-01 02:11:56,339 [WARN] PackLoader:242 - Cannot read IP mode file for STMicroelectronics.X-CUBE-AZRTOS-L5.1.0.0
2022-11-01 02:11:56,347 [WARN] PackLoader:242 - Cannot read IP mode file for STMicroelectronics.X-CUBE-EEPRMA1.3.1.1
2022-11-01 02:11:56,353 [WARN] PackLoader:242 - Cannot read IP mode file for STMicroelectronics.X-CUBE-GNSS1.5.2.0
2022-11-01 02:11:56,359 [WARN] PackLoader:242 - Cannot read IP mode file for STMicroelectronics.X-CUBE-DISPLAY.2.0.1
2022-11-01 02:11:56,365 [WARN] PackLoader:242 - Cannot read IP mode file for STMicroelectronics.X-CUBE-TOF1.3.0.0
2022-11-01 02:11:56,367 [INFO] ThirdParty:929 - Integrity check success = true
2022-11-01 02:11:56,367 [INFO] IntegrityCheckThread:98 - exiting critical section [integrity check]
2022-11-01 02:11:56,367 [INFO] IntegrityCheckThread:101 - End integrity checks thread
2022-11-01 02:11:56,883 [INFO] LoadUrlFilesThread:177 - End of LoadServerUrlFiles without Thread
2022-11-01 02:11:56,908 [INFO] DetailPanel:339 - Set advertising image to C:/Users/Zver/STM32Cube/Repository/\en.Prom_NBSTM32U50921.jpg
2022-11-01 02:11:57,546 [INFO] MultiScanPanel:778 - Auto Refresh Data is not needed
2022-11-01 02:11:57,555 [INFO] ApiDb:663 - CubeFinder database Data Model version=2.1
2022-11-01 02:11:57,555 [INFO] ApiDb:664 - CubeFinder database Configuration version=3.0.32
2022-11-01 02:11:57,555 [INFO] ApiDb:665 - CubeFinder database generation date=2022-08-05 (1659688109)
2022-11-01 02:11:57,556 [INFO] ApiDb:666 - CubeFinder database FW Pack versions=[STM32Cube_FW_C0_V1.0.0, STM32Cube_FW_F4_V1.27.1, STM32Cube_FW_F7_V1.17.0, STM32Cube_FW_G0_V1.6.1, STM32Cube_FW_G4_V1.5.0, STM32Cube_FW_H7_V1.10.0, STM32Cube_FW_L5_V1.4.0, STM32Cube_FW_U5_V1.1.1, STM32Cube_FW_WB_V1.14.1, STM32Cube_FW_WL_V1.2.0, X-CUBE-ALGOBUILD_V1.3.0, X-CUBE-ALS_V1.0.1, X-CUBE-AZRTOS-F4_V1.1.0, X-CUBE-AZRTOS-F7_V1.1.0, X-CUBE-AZRTOS-G0_V1.1.0, X-CUBE-AZRTOS-G4_V1.0.0, X-CUBE-AZRTOS-H7_V2.1.0, X-CUBE-AZRTOS-L4_V1.0.0, X-CUBE-AZRTOS-L5_V1.0.0, X-CUBE-AZRTOS-WL_V1.0.0, X-CUBE-BLE1_V6.2.3, X-CUBE-BLE2_V3.3.0, X-CUBE-EEPRMA1_V3.1.1, X-CUBE-GNSS1_V6.0.0, X-CUBE-MEMS1_V9.1.0, X-CUBE-MEMS1_V9.3.0, X-CUBE-NFC4_V2.0.4, X-CUBE-NFC7_V1.0.0, X-CUBE-SFXS2LP1_V4.0.0, X-CUBE-SUBG2_V5.0.0]
2022-11-01 02:11:57,634 [INFO] DbBoardsSqlite:227 - include board P-NUCLEO-WB55-NUCLEO as a kit item of type 'Nucleo-64'
2022-11-01 02:11:57,635 [INFO] DbBoardsSqlite:227 - include board P-NUCLEO-WB55-USBDONGLE as a kit item of type 'Nucleo USB Dongle'
2022-11-01 02:11:57,635 [INFO] DbBoardsSqlite:227 - include board STEVAL-IDP005V1 as a kit item of type 'Evaluation Board'
2022-11-01 02:11:57,635 [INFO] DbBoardsSqlite:227 - include board STEVAL-IDP005V2 as a kit item of type 'Evaluation Board'
2022-11-01 02:11:57,647 [INFO] ApiDb:239 - Found 138 in-development CPN: [B-WB1M-WPAN1, NUCLEO-C031C6, STEVAL-STWINBX1, STM320518-EVAL, STM32C0116-DK, STM32C011D6Y3TR, STM32C011D6Y6TR, STM32C011F4P3, STM32C011F4P6, STM32C011F4U3, STM32C011F4U6TR, STM32C011F6P3, STM32C011F6P6, STM32C011F6U3, STM32C011F6U6TR, STM32C011J4M3, STM32C011J4M6, STM32C011J6M3, STM32C011J6M6, STM32C0316-DK, STM32C031C4T3, STM32C031C4T6, STM32C031C4U3, STM32C031C4U6, STM32C031C6T3, STM32C031C6T6, STM32C031C6U3, STM32C031C6U6, STM32C031F4P3, STM32C031F4P6, STM32C031F6P3, STM32C031F6P6, STM32C031G4U3, STM32C031G4U6, STM32C031G6U3, STM32C031G6U6, STM32C031K4T3, STM32C031K4T6, STM32C031K4U3, STM32C031K4U6, STM32C031K6T3, STM32C031K6T6, STM32C031K6U3, STM32C031K6U6, STM32G071K8TXN, STM32G071K8UXN, STM32G081GBU6N, STM32G081KBT6N, STM32G081KBUXN, STM32G0B1CCT6N, STM32G0B1KCT6, STM32G0B1NEY6TR, STM32G0B1RCT6N, STM32G0C1CCT6, STM32G0C1CCT6N, STM32G0C1CCU6N, STM32G0C1CET6N, STM32G0C1CEU6N, STM32G0C1KCT6, STM32G0C1NEY6TR, STM32G0C1RCI6N, STM32G0C1RCT6N, STM32G0C1REI6N, STM32G0C1RET6N, STM32G0C1VCI6, STM32G0C1VEI6, STM32G471CCT6, STM32G471CCU6, STM32G471CET3, STM32G471CET6, STM32G471CEU3, STM32G471CEU6, STM32G471MCT6, STM32G471MET3, STM32G471MET6, STM32G471MEY6TR, STM32G471QCT6, STM32G471QET3, STM32G471RCT6, STM32G471RET3, STM32G471RET6, STM32G471VCH6, STM32G471VCI6, STM32G471VCT6, STM32G471VEH3, STM32G471VEH6, STM32G471VEI3, STM32G471VEI6, STM32G471VET3, STM32G471VET6, STM32G474CCT6, STM32L476VGY6PTR, STM32L4R5QGI6STR, STM32MP131AAE3, STM32MP131AAF3, STM32MP131AAG3, STM32MP131CAE3, STM32MP131CAF3, STM32MP131CAG3, STM32MP131DAE7, STM32MP131DAF7, STM32MP131DAG7, STM32MP131FAE7, STM32MP131FAF7, STM32MP131FAG7, STM32MP133AAE3, STM32MP133AAF3, STM32MP133AAG3, STM32MP133CAE3, STM32MP133CAF3, STM32MP133CAG3, STM32MP133DAE7, STM32MP133DAF7, STM32MP133DAG7, STM32MP133FAE7, STM32MP133FAF7, STM32MP133FAG7, STM32MP135AAE3, STM32MP135AAF3, STM32MP135AAG3, STM32MP135CAE3, STM32MP135CAF3, STM32MP135CAG3, STM32MP135DAE7, STM32MP135DAF7, STM32MP135DAG7, STM32MP135F-DK, STM32MP135FAE7, STM32MP135FAF7, STM32MP135FAG7, STM32U595ZJT6Q, STM32U599BJY6QTR, STM32U599NIH6Q, STM32U599NJH6Q, STM32U5A5ZJT6Q, STM32U5A9BJY6QTR, STM32U5A9NJH6Q, STM32WB1MMCH6]
2022-11-01 02:11:57,749 [INFO] BoardInfo:879 - No configuration file found for board P-NUCLEO-WB55
2022-11-01 02:11:57,750 [INFO] DbBoards:156 - Kit is not supported: P-NUCLEO-WB55
2022-11-01 02:11:57,760 [INFO] BoardInfo:879 - No configuration file found for board STEVAL-BFA001V1B
2022-11-01 02:11:57,760 [INFO] DbBoards:156 - Kit is not supported: STEVAL-BFA001V1B
2022-11-01 02:11:57,761 [INFO] BoardInfo:879 - No configuration file found for board STEVAL-BFA001V2B
2022-11-01 02:11:57,761 [INFO] DbBoards:156 - Kit is not supported: STEVAL-BFA001V2B
2022-11-01 02:11:57,872 [INFO] DbBoards:160 - Found 176 boards, 173 are supported
2022-11-01 02:11:57,880 [INFO] ApiDb:418 - Load user favorites file C:\Users\Zver/.stm32cubeide/favorites.boards.txt: 0 item(s)
2022-11-01 02:11:57,880 [INFO] ApiDb:422 - User favorites Boards=[]
2022-11-01 02:11:57,880 [INFO] DbBoards:189 - Set 0 / 0 favorites Boards
2022-11-01 02:12:09,344 [ERROR] LogOutputStream:74 - [STDERR_REDIRECT] SLF4J: Failed to load class "org.slf4j.impl.StaticLoggerBinder".
2022-11-01 02:12:09,344 [ERROR] LogOutputStream:74 - [STDERR_REDIRECT] SLF4J: Defaulting to no-operation (NOP) logger implementation
2022-11-01 02:12:09,346 [ERROR] LogOutputStream:74 - [STDERR_REDIRECT] SLF4J: See http://www.slf4j.org/codes.html#StaticLoggerBinder for further details.
2022-11-01 02:12:16,279 [INFO] MainUpdater:2768 - connection check result : 10
2022-11-01 02:12:16,279 [INFO] MainUpdater:2768 - connection check result : 10
2022-11-01 02:12:16,296 [INFO] MicroXplorer:451 - Change Database Path : 
2022-11-01 02:12:16,296 [INFO] MicroXplorer:481 - Change Database Version : DB.6.0.60
2022-11-01 02:12:16,297 [WARN] ThirdParty:827 - waiting for thirdparty lock release [close project]
2022-11-01 02:12:16,297 [INFO] ThirdParty:829 - entering critical section [close project]
2022-11-01 02:12:16,299 [INFO] ThirdParty:839 - exiting critical section [close project]
2022-11-01 02:12:16,305 [INFO] PinOutPanel:1468 - setPackage(No Configuration,No Configuration)
2022-11-01 02:12:16,310 [INFO] UtilMem:74 - Begin LoadConfig() Used Memory: 218293832 Bytes (392167424)
2022-11-01 02:12:16,311 [INFO] MicroXplorer:451 - Change Database Path : 
2022-11-01 02:12:16,311 [INFO] MicroXplorer:481 - Change Database Version : DB.6.0.60
2022-11-01 02:12:16,311 [INFO] OpenFileManager:307 - Change cursor
2022-11-01 02:12:16,425 [INFO] Mcu:1922 - Initializing MCU STM32F103C8Tx STM32F103C8Tx 
2022-11-01 02:12:16,426 [INFO] Mcu:1935 - No CPN specified => set CPN to STM32F103C8T6
2022-11-01 02:12:17,100 [INFO] Context:654 - Trying to add GPIOservice into a context  which must be forbidden
2022-11-01 02:12:17,308 [INFO] ImportTextPane:193 - (OptionalMessage_ERROR) Unable to find key (Mcu.ThirdPartyNb) in loaded IOC file
2022-11-01 02:12:17,309 [INFO] ImportTextPane:193 - (OptionalMessage_ERROR) Unable to find key (Mcu.PinsNb) in loaded IOC file
2022-11-01 02:12:17,309 [INFO] ImportTextPane:193 - (OptionalMessage_ERROR) Unable to find key (Mcu.IPNb) in loaded IOC file
2022-11-01 02:12:17,356 [WARN] ApiManager:308 - Cannot register API 'Board Extension:GNSS1A1' from pack STMicroelectronics.X-CUBE-GNSS1.6.0.0: no header file found
2022-11-01 02:12:17,356 [WARN] ApiManager:308 - Cannot register API 'Board Support:Custom' from pack STMicroelectronics.X-CUBE-GNSS1.6.0.0: no header file found
2022-11-01 02:12:17,356 [WARN] ApiManager:308 - Cannot register API 'Data Exchange:lib_gnss' from pack STMicroelectronics.X-CUBE-GNSS1.6.0.0: no header file found
2022-11-01 02:12:17,368 [WARN] ApiManager:308 - Cannot register API 'Wireless:BlueNRG-MS' from pack STMicroelectronics.X-CUBE-BLE1.6.2.3: no header file found
2022-11-01 02:12:17,370 [INFO] RtosManager:488 - Registered RTOS mode: class=CMSIS, group=RTOS, mode=CMSIS_V1, owner=FREERTOS
2022-11-01 02:12:17,370 [INFO] RtosManager:488 - Registered RTOS mode: class=CMSIS, group=RTOS2, mode=CMSIS_V2, owner=FREERTOS
2022-11-01 02:12:17,370 [INFO] RtosManager:488 - Registered RTOS mode: class=RTOS, group=Core, mode=CMSIS_V1, owner=FREERTOS
2022-11-01 02:12:17,370 [INFO] RtosManager:488 - Registered RTOS mode: class=RTOS, group=Core, mode=CMSIS_V2, owner=FREERTOS
2022-11-01 02:12:17,371 [WARN] ModelIntegratedComponent:185 - Missing modes for component STMicroelectronics:FreeRTOS:0.0.1:STMicroelectronics:RTOS:FreeRTOS:Core:::10.2.0:
2022-11-01 02:12:17,375 [WARN] ApiManager:308 - Cannot register API 'Board Extension:S2868A1' from pack STMicroelectronics.X-CUBE-SUBG2.5.0.0: no header file found
2022-11-01 02:12:17,375 [WARN] ApiManager:308 - Cannot register API 'Board Extension:S2868A2' from pack STMicroelectronics.X-CUBE-SUBG2.5.0.0: no header file found
2022-11-01 02:12:17,375 [WARN] ApiManager:308 - Cannot register API 'Board Extension:S2915A1' from pack STMicroelectronics.X-CUBE-SUBG2.5.0.0: no header file found
2022-11-01 02:12:17,380 [WARN] ApiManager:308 - Cannot register API 'Wireless:BlueNRG-MS' from pack STMicroelectronics.X-CUBE-BLE1.6.2.2: no header file found
2022-11-01 02:12:17,381 [WARN] ApiManager:308 - Cannot register API 'Board Extension:NFC04A1' from pack STMicroelectronics.X-CUBE-NFC4.2.0.4: no header file found
2022-11-01 02:12:17,381 [WARN] ApiManager:308 - Cannot register API 'Wireless:BlueNRG-2' from pack STMicroelectronics.X-CUBE-BLE2.3.2.2: no header file found
2022-11-01 02:12:17,382 [WARN] ApiManager:308 - Cannot register API 'Board Extension:NFC04A1' from pack STMicroelectronics.X-CUBE-NFC4.2.0.3: no header file found
2022-11-01 02:12:17,386 [WARN] ApiManager:308 - Cannot register API 'Board Extension:S2868A1' from pack STMicroelectronics.X-CUBE-SFXS2LP1.3.1.0: no header file found
2022-11-01 02:12:17,386 [WARN] ApiManager:308 - Cannot register API 'Board Extension:S2868A2' from pack STMicroelectronics.X-CUBE-SFXS2LP1.3.1.0: no header file found
2022-11-01 02:12:17,386 [WARN] ApiManager:308 - Cannot register API 'Board Extension:S2915A1' from pack STMicroelectronics.X-CUBE-SFXS2LP1.3.1.0: no header file found
2022-11-01 02:12:17,392 [WARN] ModelIntegratedComponent:64 - No mode defined for component null
2022-11-01 02:12:17,392 [WARN] ModelIntegratedComponent:64 - No mode defined for component null
2022-11-01 02:12:17,392 [WARN] ModelIntegratedComponent:64 - No mode defined for component null
2022-11-01 02:12:17,392 [WARN] ModelIntegratedComponent:64 - No mode defined for component null
2022-11-01 02:12:17,392 [WARN] ModelIntegratedComponent:64 - No mode defined for component null
2022-11-01 02:12:17,392 [WARN] ModelIntegratedComponent:64 - No mode defined for component null
2022-11-01 02:12:17,393 [WARN] ModelIntegratedComponent:64 - No mode defined for component null
2022-11-01 02:12:17,393 [WARN] ModelIntegratedComponent:64 - No mode defined for component null
2022-11-01 02:12:17,393 [WARN] ModelIntegratedComponent:64 - No mode defined for component null
2022-11-01 02:12:17,393 [WARN] ModelIntegratedComponent:64 - No mode defined for component null
2022-11-01 02:12:17,393 [WARN] ModelIntegratedComponent:64 - No mode defined for component null
2022-11-01 02:12:17,393 [WARN] ModelIntegratedComponent:64 - No mode defined for component null
2022-11-01 02:12:17,393 [WARN] ModelIntegratedComponent:64 - No mode defined for component null
2022-11-01 02:12:17,393 [WARN] ModelIntegratedComponent:64 - No mode defined for component null
2022-11-01 02:12:17,393 [WARN] ModelIntegratedComponent:64 - No mode defined for component null
2022-11-01 02:12:17,393 [WARN] ModelIntegratedComponent:64 - No mode defined for component null
2022-11-01 02:12:17,393 [WARN] ModelIntegratedComponent:64 - No mode defined for component null
2022-11-01 02:12:17,394 [WARN] ModelIntegratedComponent:64 - No mode defined for component null
2022-11-01 02:12:17,394 [WARN] ModelIntegratedComponent:64 - No mode defined for component null
2022-11-01 02:12:17,394 [WARN] ModelIntegratedComponent:64 - No mode defined for component null
2022-11-01 02:12:17,394 [WARN] ModelIntegratedComponent:64 - No mode defined for component null
2022-11-01 02:12:17,394 [WARN] ModelIntegratedComponent:64 - No mode defined for component null
2022-11-01 02:12:17,394 [WARN] ModelIntegratedComponent:64 - No mode defined for component null
2022-11-01 02:12:17,394 [WARN] ModelIntegratedComponent:64 - No mode defined for component null
2022-11-01 02:12:17,394 [WARN] ModelIntegratedComponent:64 - No mode defined for component null
2022-11-01 02:12:17,394 [WARN] ModelIntegratedComponent:64 - No mode defined for component null
2022-11-01 02:12:17,394 [WARN] ModelIntegratedComponent:64 - No mode defined for component null
2022-11-01 02:12:17,394 [WARN] ModelIntegratedComponent:64 - No mode defined for component null
2022-11-01 02:12:17,394 [WARN] ModelIntegratedComponent:64 - No mode defined for component null
2022-11-01 02:12:17,395 [WARN] ModelIntegratedComponent:64 - No mode defined for component null
2022-11-01 02:12:17,395 [WARN] ModelIntegratedComponent:64 - No mode defined for component null
2022-11-01 02:12:17,395 [WARN] ModelIntegratedComponent:64 - No mode defined for component null
2022-11-01 02:12:17,395 [WARN] ModelIntegratedComponent:64 - No mode defined for component null
2022-11-01 02:12:17,397 [WARN] ApiManager:308 - Cannot register API 'Board Extension:NFC07A1' from pack STMicroelectronics.X-CUBE-NFC7.1.0.0: no header file found
2022-11-01 02:12:17,401 [WARN] ApiManager:308 - Cannot register API 'Board Extension:S2868A1' from pack STMicroelectronics.X-CUBE-SUBG2.4.2.0: no header file found
2022-11-01 02:12:17,401 [WARN] ApiManager:308 - Cannot register API 'Board Extension:S2868A2' from pack STMicroelectronics.X-CUBE-SUBG2.4.2.0: no header file found
2022-11-01 02:12:17,401 [WARN] ApiManager:308 - Cannot register API 'Board Extension:S2915A1' from pack STMicroelectronics.X-CUBE-SUBG2.4.2.0: no header file found
2022-11-01 02:12:17,475 [WARN] ApiManager:308 - Cannot register API 'Board Extension:IKS01A3' from pack STMicroelectronics.X-CUBE-MEMS1.9.1.0: no header file found
2022-11-01 02:12:17,475 [WARN] ApiManager:308 - Cannot register API 'Board Extension:IKS01A2' from pack STMicroelectronics.X-CUBE-MEMS1.9.1.0: no header file found
2022-11-01 02:12:17,475 [WARN] ApiManager:308 - Cannot register API 'Board Extension:IKS02A1' from pack STMicroelectronics.X-CUBE-MEMS1.9.1.0: no header file found
2022-11-01 02:12:17,551 [WARN] ApiManager:308 - Cannot register API 'Board Extension:IKS01A3' from pack STMicroelectronics.X-CUBE-MEMS1.9.3.0: no header file found
2022-11-01 02:12:17,551 [WARN] ApiManager:308 - Cannot register API 'Board Extension:IKS01A2' from pack STMicroelectronics.X-CUBE-MEMS1.9.3.0: no header file found
2022-11-01 02:12:17,551 [WARN] ApiManager:308 - Cannot register API 'Board Extension:IKS02A1' from pack STMicroelectronics.X-CUBE-MEMS1.9.3.0: no header file found
2022-11-01 02:12:17,557 [WARN] ApiManager:308 - Cannot register API 'Board Extension:EEPRMA1' from pack STMicroelectronics.X-CUBE-EEPRMA1.3.1.1: no header file found
2022-11-01 02:12:17,557 [WARN] ApiManager:308 - Cannot register API 'Board Extension:EEPRMA2' from pack STMicroelectronics.X-CUBE-EEPRMA1.3.1.1: no header file found
2022-11-01 02:12:17,557 [WARN] ApiManager:308 - Cannot register API 'Board Extension:GNSS1A1' from pack STMicroelectronics.X-CUBE-GNSS1.5.2.0: no header file found
2022-11-01 02:12:17,557 [WARN] ApiManager:308 - Cannot register API 'Board Support:Custom' from pack STMicroelectronics.X-CUBE-GNSS1.5.2.0: no header file found
2022-11-01 02:12:17,557 [WARN] ApiManager:308 - Cannot register API 'Data Exchange:lib_gnss' from pack STMicroelectronics.X-CUBE-GNSS1.5.2.0: no header file found
2022-11-01 02:12:17,558 [WARN] ApiManager:308 - Cannot register API 'Board Extension:S2868A1' from pack STMicroelectronics.X-CUBE-SFXS2LP1.4.0.0: no header file found
2022-11-01 02:12:17,558 [WARN] ApiManager:308 - Cannot register API 'Board Extension:S2868A2' from pack STMicroelectronics.X-CUBE-SFXS2LP1.4.0.0: no header file found
2022-11-01 02:12:17,558 [WARN] ApiManager:308 - Cannot register API 'Board Extension:S2915A1' from pack STMicroelectronics.X-CUBE-SFXS2LP1.4.0.0: no header file found
2022-11-01 02:12:17,558 [WARN] ApiManager:308 - Cannot register API 'Wireless:BlueNRG-2' from pack STMicroelectronics.X-CUBE-BLE2.3.3.0: no header file found
2022-11-01 02:12:17,569 [INFO] ThirdPartyModel:289 - Start build external matchings
2022-11-01 02:12:18,167 [INFO] ThirdPartyModel:302 - End build external matchings
2022-11-01 02:12:18,320 [INFO] UtilMem:74 - End LoadConfig() Used Memory: 277764456 Bytes (392167424)
2022-11-01 02:12:18,339 [WARN] ThirdParty:789 - waiting for thirdparty lock release [change project]
2022-11-01 02:12:18,339 [INFO] ThirdParty:791 - entering critical section [change project]
2022-11-01 02:12:18,339 [INFO] ThirdParty:981 - CMSIS Pack Vendor :wolfSSL I-CUBE-wolfSSL 5.2.0
2022-11-01 02:12:18,339 [INFO] ThirdParty:981 - CMSIS Pack Vendor :RoweBots I-CUBE-UNISONRTOS 5.5.0-4
2022-11-01 02:12:18,340 [INFO] ThirdParty:981 - CMSIS Pack Vendor :STMicroelectronics X-CUBE-GNSS1 6.0.0
2022-11-01 02:12:18,340 [INFO] ThirdParty:981 - CMSIS Pack Vendor :STMicroelectronics X-CUBE-AZRTOS-H7 2.1.0
2022-11-01 02:12:18,340 [INFO] ThirdParty:981 - CMSIS Pack Vendor :STMicroelectronics USB_HOST 2.0.0
2022-11-01 02:12:18,340 [INFO] ThirdParty:981 - CMSIS Pack Vendor :STMicroelectronics X-CUBE-AZRTOS-F4 1.1.0
2022-11-01 02:12:18,340 [INFO] ThirdParty:981 - CMSIS Pack Vendor :STMicroelectronics LIBJPEG 8.0.0
2022-11-01 02:12:18,340 [INFO] ThirdParty:981 - CMSIS Pack Vendor :STMicroelectronics USB_DEVICE 3.0.0
2022-11-01 02:12:18,340 [INFO] ThirdParty:981 - CMSIS Pack Vendor :STMicroelectronics X-CUBE-BLEMGR 1.0.0
2022-11-01 02:12:18,340 [INFO] ThirdParty:981 - CMSIS Pack Vendor :STMicroelectronics X-CUBE-BLEMGR 1.2.0
2022-11-01 02:12:18,340 [INFO] ThirdParty:981 - CMSIS Pack Vendor :STMicroelectronics X-CUBE-AZRTOS-F7 1.1.0
2022-11-01 02:12:18,341 [INFO] ThirdParty:981 - CMSIS Pack Vendor :STMicroelectronics USB_DEVICE 2.0.0
2022-11-01 02:12:18,341 [INFO] ThirdParty:981 - CMSIS Pack Vendor :STMicroelectronics X-CUBE-AI 7.1.0
2022-11-01 02:12:18,341 [INFO] ThirdParty:981 - CMSIS Pack Vendor :STMicroelectronics X-CUBE-BLE1 6.2.3
2022-11-01 02:12:18,341 [INFO] ThirdParty:981 - CMSIS Pack Vendor :STMicroelectronics X-CUBE-ALGOBUILD 1.3.0
2022-11-01 02:12:18,341 [INFO] ThirdParty:981 - CMSIS Pack Vendor :STMicroelectronics FreeRTOS 0.0.1
2022-11-01 02:12:18,341 [INFO] ThirdParty:981 - CMSIS Pack Vendor :STMicroelectronics X-CUBE-AZRTOS-G0 1.1.0
2022-11-01 02:12:18,341 [INFO] ThirdParty:981 - CMSIS Pack Vendor :STMicroelectronics X-CUBE-SUBG2 5.0.0
2022-11-01 02:12:18,341 [INFO] ThirdParty:981 - CMSIS Pack Vendor :SEGGER I-CUBE-embOS 1.2.0
2022-11-01 02:12:18,342 [INFO] ThirdParty:981 - CMSIS Pack Vendor :STMicroelectronics STM32_WPAN 1.0.0
2022-11-01 02:12:18,342 [INFO] ThirdParty:981 - CMSIS Pack Vendor :STMicroelectronics lwIP 2.0.3
2022-11-01 02:12:18,342 [INFO] ThirdParty:981 - CMSIS Pack Vendor :STMicroelectronics X-CUBE-BLE1 6.2.2
2022-11-01 02:12:18,342 [INFO] ThirdParty:981 - CMSIS Pack Vendor :STMicroelectronics X-CUBE-NFC4 2.0.4
2022-11-01 02:12:18,342 [INFO] ThirdParty:981 - CMSIS Pack Vendor :STMicroelectronics X-CUBE-BLE2 3.2.2
2022-11-01 02:12:18,342 [INFO] ThirdParty:981 - CMSIS Pack Vendor :STMicroelectronics USB_HOST 1.0.0
2022-11-01 02:12:18,342 [INFO] ThirdParty:981 - CMSIS Pack Vendor :STMicroelectronics X-CUBE-NFC4 2.0.3
2022-11-01 02:12:18,342 [INFO] ThirdParty:981 - CMSIS Pack Vendor :STMicroelectronics PDM2PCM 3.1.0
2022-11-01 02:12:18,342 [INFO] ThirdParty:981 - CMSIS Pack Vendor :STMicroelectronics FP-ATR-ASTRA1 1.1.1
2022-11-01 02:12:18,343 [INFO] ThirdParty:981 - CMSIS Pack Vendor :STMicroelectronics PDM2PCM 3.3.0
2022-11-01 02:12:18,343 [INFO] ThirdParty:981 - CMSIS Pack Vendor :STMicroelectronics X-CUBE-TOF1 3.1.0
2022-11-01 02:12:18,343 [INFO] ThirdParty:981 - CMSIS Pack Vendor :STMicroelectronics X-CUBE-SFXS2LP1 3.1.0
2022-11-01 02:12:18,343 [INFO] ThirdParty:981 - CMSIS Pack Vendor :STMicroelectronics X-CUBE-AZRTOS-F4 1.0.0
2022-11-01 02:12:18,343 [INFO] ThirdParty:981 - CMSIS Pack Vendor :STMicroelectronics X-CUBE-AZRTOS-H7 2.0.0
2022-11-01 02:12:18,343 [INFO] ThirdParty:981 - CMSIS Pack Vendor :STMicroelectronics X-CUBE-AZRTOS-G4 1.0.0
2022-11-01 02:12:18,344 [INFO] ThirdParty:981 - CMSIS Pack Vendor :STMicroelectronics FP-ATR-SIGFOX1 3.2.0
2022-11-01 02:12:18,344 [INFO] ThirdParty:981 - CMSIS Pack Vendor :STMicroelectronics X-CUBE-AZRTOS-L4 1.0.0
2022-11-01 02:12:18,344 [INFO] ThirdParty:981 - CMSIS Pack Vendor :STMicroelectronics HAL Drivers 0.0.0
2022-11-01 02:12:18,344 [INFO] ThirdParty:981 - CMSIS Pack Vendor :STMicroelectronics MBEDTLS 2.16.2
2022-11-01 02:12:18,344 [INFO] ThirdParty:981 - CMSIS Pack Vendor :emotas I-CUBE-CANOPEN 1.1.2
2022-11-01 02:12:18,344 [INFO] ThirdParty:981 - CMSIS Pack Vendor :STMicroelectronics X-CUBE-TOUCHGFX 4.20.0
2022-11-01 02:12:18,344 [INFO] ThirdParty:981 - CMSIS Pack Vendor :STMicroelectronics MBEDTLS 2.14.1
2022-11-01 02:12:18,344 [INFO] ThirdParty:981 - CMSIS Pack Vendor :STMicroelectronics X-CUBE-NFC7 1.0.0
2022-11-01 02:12:18,344 [INFO] ThirdParty:981 - CMSIS Pack Vendor :STMicroelectronics X-CUBE-AZRTOS-F7 1.0.0
2022-11-01 02:12:18,344 [INFO] ThirdParty:981 - CMSIS Pack Vendor :STMicroelectronics X-CUBE-AZRTOS-WL 1.0.0
2022-11-01 02:12:18,344 [INFO] ThirdParty:981 - CMSIS Pack Vendor :STMicroelectronics X-CUBE-SUBG2 4.2.0
2022-11-01 02:12:18,344 [INFO] ThirdParty:981 - CMSIS Pack Vendor :STMicroelectronics X-CUBE-MEMS1 9.1.0
2022-11-01 02:12:18,344 [INFO] ThirdParty:981 - CMSIS Pack Vendor :STMicroelectronics X-CUBE-MEMS1 9.3.0
2022-11-01 02:12:18,344 [INFO] ThirdParty:981 - CMSIS Pack Vendor :portGmbH I-Cube-SoM-uGOAL 1.1.0
2022-11-01 02:12:18,344 [INFO] ThirdParty:981 - CMSIS Pack Vendor :STMicroelectronics X-CUBE-ALS 1.0.1
2022-11-01 02:12:18,345 [INFO] ThirdParty:981 - CMSIS Pack Vendor :STMicroelectronics X-CUBE-AI 7.2.0
2022-11-01 02:12:18,345 [INFO] ThirdParty:981 - CMSIS Pack Vendor :STMicroelectronics ThreadX 1.0.0
2022-11-01 02:12:18,345 [INFO] ThirdParty:981 - CMSIS Pack Vendor :STMicroelectronics X-CUBE-AZRTOS-L5 1.0.0
2022-11-01 02:12:18,345 [INFO] ThirdParty:981 - CMSIS Pack Vendor :STMicroelectronics USB_DEVICE 1.0.0
2022-11-01 02:12:18,345 [INFO] ThirdParty:981 - CMSIS Pack Vendor :STMicroelectronics X-CUBE-AZRTOS-G0 1.0.0
2022-11-01 02:12:18,345 [INFO] ThirdParty:981 - CMSIS Pack Vendor :STMicroelectronics X-CUBE-EEPRMA1 3.1.1
2022-11-01 02:12:18,345 [INFO] ThirdParty:981 - CMSIS Pack Vendor :STMicroelectronics X-CUBE-GNSS1 5.2.0
2022-11-01 02:12:18,345 [INFO] ThirdParty:981 - CMSIS Pack Vendor :STMicroelectronics ThreadX 0.0.2
2022-11-01 02:12:18,345 [INFO] ThirdParty:981 - CMSIS Pack Vendor :STMicroelectronics lwIP 2.1.2
2022-11-01 02:12:18,345 [INFO] ThirdParty:981 - CMSIS Pack Vendor :STMicroelectronics X-CUBE-SFXS2LP1 4.0.0
2022-11-01 02:12:18,345 [INFO] ThirdParty:981 - CMSIS Pack Vendor :STMicroelectronics X-CUBE-BLE2 3.3.0
2022-11-01 02:12:18,345 [INFO] ThirdParty:981 - CMSIS Pack Vendor :STMicroelectronics X-CUBE-DISPLAY 2.0.1
2022-11-01 02:12:18,345 [INFO] ThirdParty:981 - CMSIS Pack Vendor :STMicroelectronics X-CUBE-DISPLAY 2.2.0
2022-11-01 02:12:18,345 [INFO] ThirdParty:981 - CMSIS Pack Vendor :STMicroelectronics X-CUBE-TOF1 3.2.0
2022-11-01 02:12:18,345 [INFO] ThirdParty:981 - CMSIS Pack Vendor :STMicroelectronics PDM2PCM 3.2.0
2022-11-01 02:12:18,346 [INFO] ThirdParty:981 - CMSIS Pack Vendor :STMicroelectronics X-CUBE-TOUCHGFX 4.18.1
2022-11-01 02:12:18,346 [INFO] ThirdParty:981 - CMSIS Pack Vendor :STMicroelectronics X-CUBE-TOF1 3.0.0
2022-11-01 02:12:18,346 [INFO] ThirdParty:981 - CMSIS Pack Vendor :STMicroelectronics X-CUBE-ISPU 1.0.0
2022-11-01 02:12:18,346 [INFO] ThirdParty:797 - exiting critical section [change project]
2022-11-01 02:12:18,602 [INFO] PinOutPanel:1468 - setPackage(No Configuration,No Configuration)
2022-11-01 02:12:18,604 [INFO] PinOutPanel:1468 - setPackage(STM32F103C8Tx,LQFP48)
2022-11-01 02:12:19,047 [INFO] UtilMem:74 - Before build in PCC Used Memory: 275651752 Bytes (392167424)
2022-11-01 02:12:19,793 [INFO] UtilMem:74 - After build in PCC Used Memory: 308010304 Bytes (392167424)
2022-11-01 02:12:19,814 [INFO] IPUIPlugin:79 - create IPUIPlugin
2022-11-01 02:12:19,814 [INFO] IPUIPlugin:79 - create IPUIPlugin
2022-11-01 02:12:19,814 [INFO] IPUIPlugin:79 - create IPUIPlugin
2022-11-01 02:12:19,814 [INFO] IPUIPlugin:79 - create IPUIPlugin
2022-11-01 02:12:19,814 [INFO] IPUIPlugin:79 - create IPUIPlugin
2022-11-01 02:12:19,814 [INFO] IPUIPlugin:79 - create IPUIPlugin
2022-11-01 02:12:19,815 [INFO] IPUIPlugin:79 - create IPUIPlugin
2022-11-01 02:12:19,815 [INFO] IPUIPlugin:79 - create IPUIPlugin
2022-11-01 02:12:19,815 [INFO] IPUIPlugin:79 - create IPUIPlugin
2022-11-01 02:12:19,815 [INFO] IPUIPlugin:79 - create IPUIPlugin
2022-11-01 02:12:19,815 [INFO] IPUIPlugin:79 - create IPUIPlugin
2022-11-01 02:12:19,815 [INFO] IPUIPlugin:79 - create IPUIPlugin
2022-11-01 02:12:19,815 [INFO] IPUIPlugin:79 - create IPUIPlugin
2022-11-01 02:12:19,815 [INFO] IPUIPlugin:79 - create IPUIPlugin
2022-11-01 02:12:19,816 [INFO] IPUIPlugin:79 - create IPUIPlugin
2022-11-01 02:12:19,816 [INFO] IPUIPlugin:79 - create IPUIPlugin
2022-11-01 02:12:19,816 [INFO] IPUIPlugin:79 - create IPUIPlugin
2022-11-01 02:12:19,816 [INFO] IPUIPlugin:79 - create IPUIPlugin
2022-11-01 02:12:19,816 [INFO] IPUIPlugin:79 - create IPUIPlugin
2022-11-01 02:12:19,817 [INFO] IPUIPlugin:79 - create IPUIPlugin
2022-11-01 02:12:19,817 [INFO] IPUIPlugin:79 - create IPUIPlugin
2022-11-01 02:12:19,817 [INFO] IPUIPlugin:79 - create IPUIPlugin
2022-11-01 02:12:19,817 [INFO] IPUIPlugin:79 - create IPUIPlugin
2022-11-01 02:12:19,817 [INFO] IPUIPlugin:79 - create IPUIPlugin
2022-11-01 02:12:19,817 [INFO] IPUIPlugin:79 - create IPUIPlugin
2022-11-01 02:12:19,817 [INFO] IPUIPlugin:79 - create IPUIPlugin
2022-11-01 02:12:19,818 [INFO] IPUIPlugin:79 - create IPUIPlugin
2022-11-01 02:12:20,078 [INFO] OpenFileManager:327 - Restore cursor
2022-11-01 02:12:20,762 [INFO] UtilMem:74 - End SaveConfig() Used Memory: 258991568 Bytes (392167424)
2022-11-01 02:12:20,802 [INFO] UtilMem:74 - End SaveConfig() Used Memory: 270333656 Bytes (392167424)
2022-11-01 02:12:21,239 [INFO] BlockDiagram:2753 - set Specific Code input for plugin: NVIC
2022-11-01 02:12:21,240 [INFO] BlockDiagram:2753 - set Specific Code input for plugin: RCC
2022-11-01 02:12:21,241 [INFO] CodeGenerator:690 - code generatio: config db path: C:\ST\STM32CubeIDE_1.9.0\STM32CubeIDE\plugins\com.st.stm32cube.common.mx_6.6.1.202207061420\\db\
2022-11-01 02:12:21,504 [INFO] CodeEngine:245 - oldGeneratedFile, D:\github\mc\stm32\FreeRTOS_Multiple_stepper_motors\FreeRTOS_Multiple_stepper_motors\MXTmpFiles\license.tmp_save
2022-11-01 02:12:21,816 [INFO] CodeEngine:269 - Generated code: D:\github\mc\stm32\FreeRTOS_Multiple_stepper_motors\FreeRTOS_Multiple_stepper_motors\MXTmpFiles\license.tmp
2022-11-01 02:12:21,835 [INFO] CodeEngine:245 - oldGeneratedFile, D:\github\mc\stm32\FreeRTOS_Multiple_stepper_motors\FreeRTOS_Multiple_stepper_motors\Core\Src\stm32f1xx_it.c_save
2022-11-01 02:12:22,002 [INFO] CodeEngine:269 - Generated code: D:\github\mc\stm32\FreeRTOS_Multiple_stepper_motors\FreeRTOS_Multiple_stepper_motors\Core\Src\stm32f1xx_it.c
2022-11-01 02:12:22,010 [INFO] CodeEngine:245 - oldGeneratedFile, D:\github\mc\stm32\FreeRTOS_Multiple_stepper_motors\FreeRTOS_Multiple_stepper_motors\Core\Inc\stm32f1xx_it.h_save
2022-11-01 02:12:22,155 [INFO] CodeEngine:269 - Generated code: D:\github\mc\stm32\FreeRTOS_Multiple_stepper_motors\FreeRTOS_Multiple_stepper_motors\Core\Inc\stm32f1xx_it.h
2022-11-01 02:12:22,234 [INFO] CodeEngine:245 - oldGeneratedFile, D:\github\mc\stm32\FreeRTOS_Multiple_stepper_motors\FreeRTOS_Multiple_stepper_motors\Core\Src\stm32f1xx_hal_msp.c_save
2022-11-01 02:12:22,436 [INFO] CodeEngine:269 - Generated code: D:\github\mc\stm32\FreeRTOS_Multiple_stepper_motors\FreeRTOS_Multiple_stepper_motors\Core\Src\stm32f1xx_hal_msp.c
2022-11-01 02:12:22,444 [INFO] CodeEngine:245 - oldGeneratedFile, D:\github\mc\stm32\FreeRTOS_Multiple_stepper_motors\FreeRTOS_Multiple_stepper_motors\MXTmpFiles\system.tmp_save
2022-11-01 02:12:22,526 [INFO] CodeEngine:269 - Generated code: D:\github\mc\stm32\FreeRTOS_Multiple_stepper_motors\FreeRTOS_Multiple_stepper_motors\MXTmpFiles\system.tmp
2022-11-01 02:12:22,543 [INFO] CodeEngine:245 - oldGeneratedFile, D:\github\mc\stm32\FreeRTOS_Multiple_stepper_motors\FreeRTOS_Multiple_stepper_motors\Core\Inc\stm32f1xx_hal_conf.h_save
2022-11-01 02:12:22,685 [INFO] CodeEngine:269 - Generated code: D:\github\mc\stm32\FreeRTOS_Multiple_stepper_motors\FreeRTOS_Multiple_stepper_motors\Core\Inc\stm32f1xx_hal_conf.h
2022-11-01 02:12:22,755 [INFO] CodeEngine:245 - oldGeneratedFile, D:\github\mc\stm32\FreeRTOS_Multiple_stepper_motors\FreeRTOS_Multiple_stepper_motors\Core\Inc\main.h_save
2022-11-01 02:12:23,053 [INFO] CodeEngine:269 - Generated code: D:\github\mc\stm32\FreeRTOS_Multiple_stepper_motors\FreeRTOS_Multiple_stepper_motors\Core\Inc\main.h
2022-11-01 02:12:23,060 [INFO] CodeEngine:245 - oldGeneratedFile, D:\github\mc\stm32\FreeRTOS_Multiple_stepper_motors\FreeRTOS_Multiple_stepper_motors\Core\Src\main.c_save
2022-11-01 02:12:23,252 [INFO] CodeEngine:269 - Generated code: D:\github\mc\stm32\FreeRTOS_Multiple_stepper_motors\FreeRTOS_Multiple_stepper_motors\Core\Src\main.c
2022-11-01 02:12:24,266 [INFO] ProjectBuilder:2919 - Time for Copy HAL[1] : 356mS.
2022-11-01 02:12:24,281 [INFO] ProjectBuilder:4117 - Project Generator version: 3.17.1
2022-11-01 02:12:24,722 [INFO] ConfigFileManager:1394 - The Die is : DIE410
2022-11-01 02:12:24,743 [INFO] ApiDbMcu:505 - Load IP Config File for FATFS
2022-11-01 02:12:24,791 [INFO] ApiDbMcu:505 - Load IP Config File for FREERTOS
2022-11-01 02:12:24,821 [INFO] ApiDbMcu:505 - Load IP Config File for USB_DEVICE
2022-11-01 02:12:28,292 [INFO] ProjectBuilder:4285 - Time for Generating toolchain IDE Files: 4011mS.
2022-11-01 02:12:28,293 [INFO] ProjectBuilder:2790 - Time for Copy CMSIS : 0mS.
2022-11-01 02:12:28,294 [INFO] ProjectBuilder:2790 - Time for Copy CMSIS : 0mS.
2022-11-01 02:12:29,312 [INFO] McuFinderGlobals:57 - Set McuFinderConnectedMode to true
2022-11-01 02:12:29,314 [INFO] ApiDb:443 - Save user favorites file C:\Users\Zver/.stm32cubeide/favorites.mcus.txt: 1 item(s)
2022-11-01 02:12:29,314 [INFO] ApiDb:447 - User favorites MCUs=[STM32F103C8T6]
2022-11-01 02:16:43,467 [INFO] RtosManager:801 - Current active RTOS is FREERTOS [Cortex-M3NS]
2022-11-01 02:16:43,856 [ERROR] RtosPanel:557 - Can not restore the selected Tab for FREERTOS(A reason can be that the tab is no more available.)
2022-11-01 02:16:43,929 [ERROR] RtosPanel:557 - Can not restore the selected Tab for FREERTOS(A reason can be that the tab is no more available.)
2022-11-01 02:17:20,532 [ERROR] RtosPanel:557 - Can not restore the selected Tab for FREERTOS(A reason can be that the tab is no more available.)
2022-11-01 02:17:50,384 [INFO] TasksAndQueuesTab:756 - Dynamic
2022-11-01 02:17:50,385 [WARN] TasksAndQueuesTab:762 - 128 128
2022-11-01 02:17:50,385 [WARN] TasksAndQueuesTab:774 - max value is: 768.0
2022-11-01 02:18:02,716 [INFO] EditThreadDialog:703 - RAM SIZE (in KB): 20
2022-11-01 02:18:02,716 [INFO] EditThreadDialog:705 - RAM SIZE (in words): 5120
2022-11-01 02:18:46,981 [INFO] TasksAndQueuesTab:756 - Dynamic
2022-11-01 02:18:46,981 [WARN] TasksAndQueuesTab:762 - 128 128
2022-11-01 02:18:46,981 [WARN] TasksAndQueuesTab:774 - max value is: 768.0
2022-11-01 02:19:07,642 [INFO] EditThreadDialog:703 - RAM SIZE (in KB): 20
2022-11-01 02:19:07,642 [INFO] EditThreadDialog:705 - RAM SIZE (in words): 5120
2022-11-01 02:19:38,651 [INFO] TasksAndQueuesTab:756 - Dynamic
2022-11-01 02:19:38,651 [WARN] TasksAndQueuesTab:762 - 128 128
2022-11-01 02:19:38,651 [WARN] TasksAndQueuesTab:774 - max value is: 768.0
2022-11-01 02:19:38,651 [INFO] TasksAndQueuesTab:756 - Dynamic
2022-11-01 02:19:38,651 [WARN] TasksAndQueuesTab:762 - 128 128
2022-11-01 02:19:38,651 [WARN] TasksAndQueuesTab:774 - max value is: 768.0
2022-11-01 02:19:42,178 [INFO] EditThreadDialog:703 - RAM SIZE (in KB): 20
2022-11-01 02:19:42,178 [INFO] EditThreadDialog:705 - RAM SIZE (in words): 5120
2022-11-01 02:21:52,583 [INFO] UtilMem:74 - End SaveConfig() Used Memory: 573429192 Bytes (708837376)
2022-11-01 02:21:54,285 [INFO] UtilMem:74 - End SaveConfig() Used Memory: 588799536 Bytes (708837376)
2022-11-01 02:21:58,351 [INFO] UtilMem:74 - End SaveConfig() Used Memory: 329625536 Bytes (708837376)
2022-11-01 02:21:58,702 [INFO] BlockDiagram:2753 - set Specific Code input for plugin: NVIC
2022-11-01 02:21:58,702 [INFO] BlockDiagram:2753 - set Specific Code input for plugin: FREERTOS
2022-11-01 02:21:58,702 [INFO] BlockDiagram:2753 - set Specific Code input for plugin: TIM1_8F1
2022-11-01 02:21:58,702 [INFO] BlockDiagram:2753 - set Specific Code input for plugin: TIM1_8F1
2022-11-01 02:21:58,703 [INFO] BlockDiagram:2753 - set Specific Code input for plugin: SYS
2022-11-01 02:21:58,703 [INFO] BlockDiagram:2753 - set Specific Code input for plugin: GPIO
2022-11-01 02:21:58,703 [INFO] BlockDiagram:2753 - set Specific Code input for plugin: RCC
2022-11-01 02:21:58,709 [INFO] CodeGenerator:690 - code generatio: config db path: C:\ST\STM32CubeIDE_1.9.0\STM32CubeIDE\plugins\com.st.stm32cube.common.mx_6.6.1.202207061420\\db\
2022-11-01 02:21:58,915 [INFO] CodeEngine:245 - oldGeneratedFile, D:\github\mc\stm32\FreeRTOS_Multiple_stepper_motors\FreeRTOS_Multiple_stepper_motors\MXTmpFiles\license.tmp_save
2022-11-01 02:21:59,003 [INFO] CodeEngine:269 - Generated code: D:\github\mc\stm32\FreeRTOS_Multiple_stepper_motors\FreeRTOS_Multiple_stepper_motors\MXTmpFiles\license.tmp
2022-11-01 02:21:59,040 [INFO] CodeEngine:245 - oldGeneratedFile, D:\github\mc\stm32\FreeRTOS_Multiple_stepper_motors\FreeRTOS_Multiple_stepper_motors\MXTmpFiles\gpio.tmp_save
2022-11-01 02:21:59,166 [INFO] CodeEngine:269 - Generated code: D:\github\mc\stm32\FreeRTOS_Multiple_stepper_motors\FreeRTOS_Multiple_stepper_motors\MXTmpFiles\gpio.tmp
2022-11-01 02:21:59,321 [INFO] Middleware:1435 - No code input for Bsp Dependency
2022-11-01 02:21:59,328 [INFO] CodeEngine:245 - oldGeneratedFile, D:\github\mc\stm32\FreeRTOS_Multiple_stepper_motors\FreeRTOS_Multiple_stepper_motors\MXTmpFiles\rtos_inc.tmp_save
2022-11-01 02:21:59,418 [INFO] CodeEngine:269 - Generated code: D:\github\mc\stm32\FreeRTOS_Multiple_stepper_motors\FreeRTOS_Multiple_stepper_motors\MXTmpFiles\rtos_inc.tmp
2022-11-01 02:21:59,424 [INFO] CodeEngine:245 - oldGeneratedFile, D:\github\mc\stm32\FreeRTOS_Multiple_stepper_motors\FreeRTOS_Multiple_stepper_motors\MXTmpFiles\rtos_vars.tmp_save
2022-11-01 02:21:59,496 [INFO] CodeEngine:269 - Generated code: D:\github\mc\stm32\FreeRTOS_Multiple_stepper_motors\FreeRTOS_Multiple_stepper_motors\MXTmpFiles\rtos_vars.tmp
2022-11-01 02:21:59,502 [INFO] CodeEngine:245 - oldGeneratedFile, D:\github\mc\stm32\FreeRTOS_Multiple_stepper_motors\FreeRTOS_Multiple_stepper_motors\MXTmpFiles\rtos_pfp.tmp_save
2022-11-01 02:21:59,686 [INFO] CodeEngine:269 - Generated code: D:\github\mc\stm32\FreeRTOS_Multiple_stepper_motors\FreeRTOS_Multiple_stepper_motors\MXTmpFiles\rtos_pfp.tmp
2022-11-01 02:21:59,691 [INFO] CodeEngine:245 - oldGeneratedFile, D:\github\mc\stm32\FreeRTOS_Multiple_stepper_motors\FreeRTOS_Multiple_stepper_motors\MXTmpFiles\rtos_obj_creat.tmp_save
2022-11-01 02:21:59,761 [INFO] CodeEngine:269 - Generated code: D:\github\mc\stm32\FreeRTOS_Multiple_stepper_motors\FreeRTOS_Multiple_stepper_motors\MXTmpFiles\rtos_obj_creat.tmp
2022-11-01 02:21:59,766 [INFO] CodeEngine:245 - oldGeneratedFile, D:\github\mc\stm32\FreeRTOS_Multiple_stepper_motors\FreeRTOS_Multiple_stepper_motors\MXTmpFiles\rtos_kernelStart.tmp_save
2022-11-01 02:21:59,820 [INFO] CodeEngine:269 - Generated code: D:\github\mc\stm32\FreeRTOS_Multiple_stepper_motors\FreeRTOS_Multiple_stepper_motors\MXTmpFiles\rtos_kernelStart.tmp
2022-11-01 02:21:59,826 [INFO] CodeEngine:245 - oldGeneratedFile, D:\github\mc\stm32\FreeRTOS_Multiple_stepper_motors\FreeRTOS_Multiple_stepper_motors\MXTmpFiles\rtos_default_thread.tmp_save
2022-11-01 02:21:59,875 [INFO] CodeEngine:269 - Generated code: D:\github\mc\stm32\FreeRTOS_Multiple_stepper_motors\FreeRTOS_Multiple_stepper_motors\MXTmpFiles\rtos_default_thread.tmp
2022-11-01 02:21:59,880 [INFO] CodeEngine:245 - oldGeneratedFile, D:\github\mc\stm32\FreeRTOS_Multiple_stepper_motors\FreeRTOS_Multiple_stepper_motors\MXTmpFiles\rtos_threads.tmp_save
2022-11-01 02:21:59,945 [INFO] CodeEngine:269 - Generated code: D:\github\mc\stm32\FreeRTOS_Multiple_stepper_motors\FreeRTOS_Multiple_stepper_motors\MXTmpFiles\rtos_threads.tmp
2022-11-01 02:21:59,955 [INFO] Middleware:1435 - No code input for Bsp Dependency
2022-11-01 02:21:59,962 [INFO] CodeEngine:245 - oldGeneratedFile, D:\github\mc\stm32\FreeRTOS_Multiple_stepper_motors\FreeRTOS_Multiple_stepper_motors\MXTmpFiles\rtos_inc.tmp_save
2022-11-01 02:22:00,043 [INFO] CodeEngine:269 - Generated code: D:\github\mc\stm32\FreeRTOS_Multiple_stepper_motors\FreeRTOS_Multiple_stepper_motors\MXTmpFiles\rtos_inc.tmp
2022-11-01 02:22:00,052 [INFO] CodeEngine:245 - oldGeneratedFile, D:\github\mc\stm32\FreeRTOS_Multiple_stepper_motors\FreeRTOS_Multiple_stepper_motors\MXTmpFiles\rtos_vars.tmp_save
2022-11-01 02:22:00,113 [INFO] CodeEngine:269 - Generated code: D:\github\mc\stm32\FreeRTOS_Multiple_stepper_motors\FreeRTOS_Multiple_stepper_motors\MXTmpFiles\rtos_vars.tmp
2022-11-01 02:22:00,118 [INFO] CodeEngine:245 - oldGeneratedFile, D:\github\mc\stm32\FreeRTOS_Multiple_stepper_motors\FreeRTOS_Multiple_stepper_motors\MXTmpFiles\rtos_pfp.tmp_save
2022-11-01 02:22:00,165 [INFO] CodeEngine:269 - Generated code: D:\github\mc\stm32\FreeRTOS_Multiple_stepper_motors\FreeRTOS_Multiple_stepper_motors\MXTmpFiles\rtos_pfp.tmp
2022-11-01 02:22:00,175 [INFO] CodeEngine:245 - oldGeneratedFile, D:\github\mc\stm32\FreeRTOS_Multiple_stepper_motors\FreeRTOS_Multiple_stepper_motors\MXTmpFiles\rtos_obj_creat.tmp_save
2022-11-01 02:22:00,230 [INFO] CodeEngine:269 - Generated code: D:\github\mc\stm32\FreeRTOS_Multiple_stepper_motors\FreeRTOS_Multiple_stepper_motors\MXTmpFiles\rtos_obj_creat.tmp
2022-11-01 02:22:00,235 [INFO] CodeEngine:245 - oldGeneratedFile, D:\github\mc\stm32\FreeRTOS_Multiple_stepper_motors\FreeRTOS_Multiple_stepper_motors\MXTmpFiles\rtos_kernelStart.tmp_save
2022-11-01 02:22:00,353 [INFO] CodeEngine:269 - Generated code: D:\github\mc\stm32\FreeRTOS_Multiple_stepper_motors\FreeRTOS_Multiple_stepper_motors\MXTmpFiles\rtos_kernelStart.tmp
2022-11-01 02:22:00,362 [INFO] CodeEngine:245 - oldGeneratedFile, D:\github\mc\stm32\FreeRTOS_Multiple_stepper_motors\FreeRTOS_Multiple_stepper_motors\MXTmpFiles\rtos_default_thread.tmp_save
2022-11-01 02:22:00,416 [INFO] CodeEngine:269 - Generated code: D:\github\mc\stm32\FreeRTOS_Multiple_stepper_motors\FreeRTOS_Multiple_stepper_motors\MXTmpFiles\rtos_default_thread.tmp
2022-11-01 02:22:00,422 [INFO] CodeEngine:245 - oldGeneratedFile, D:\github\mc\stm32\FreeRTOS_Multiple_stepper_motors\FreeRTOS_Multiple_stepper_motors\MXTmpFiles\rtos_threads.tmp_save
2022-11-01 02:22:00,480 [INFO] CodeEngine:269 - Generated code: D:\github\mc\stm32\FreeRTOS_Multiple_stepper_motors\FreeRTOS_Multiple_stepper_motors\MXTmpFiles\rtos_threads.tmp
2022-11-01 02:22:00,484 [INFO] CodeEngine:245 - oldGeneratedFile, D:\github\mc\stm32\FreeRTOS_Multiple_stepper_motors\FreeRTOS_Multiple_stepper_motors\Core\Inc\FreeRTOSConfig.h_save
2022-11-01 02:22:00,568 [INFO] CodeEngine:269 - Generated code: D:\github\mc\stm32\FreeRTOS_Multiple_stepper_motors\FreeRTOS_Multiple_stepper_motors\Core\Inc\FreeRTOSConfig.h
2022-11-01 02:22:00,611 [INFO] CodeEngine:245 - oldGeneratedFile, D:\github\mc\stm32\FreeRTOS_Multiple_stepper_motors\FreeRTOS_Multiple_stepper_motors\Core\Src\freertos.c_save
2022-11-01 02:22:00,687 [INFO] CodeEngine:269 - Generated code: D:\github\mc\stm32\FreeRTOS_Multiple_stepper_motors\FreeRTOS_Multiple_stepper_motors\Core\Src\freertos.c
2022-11-01 02:22:00,711 [INFO] CodeEngine:245 - oldGeneratedFile, D:\github\mc\stm32\FreeRTOS_Multiple_stepper_motors\FreeRTOS_Multiple_stepper_motors\Core\Src\stm32f1xx_it.c_save
2022-11-01 02:22:00,805 [INFO] CodeEngine:269 - Generated code: D:\github\mc\stm32\FreeRTOS_Multiple_stepper_motors\FreeRTOS_Multiple_stepper_motors\Core\Src\stm32f1xx_it.c
2022-11-01 02:22:00,811 [INFO] CodeEngine:245 - oldGeneratedFile, D:\github\mc\stm32\FreeRTOS_Multiple_stepper_motors\FreeRTOS_Multiple_stepper_motors\Core\Inc\stm32f1xx_it.h_save
2022-11-01 02:22:00,880 [INFO] CodeEngine:269 - Generated code: D:\github\mc\stm32\FreeRTOS_Multiple_stepper_motors\FreeRTOS_Multiple_stepper_motors\Core\Inc\stm32f1xx_it.h
2022-11-01 02:22:00,920 [INFO] CodeEngine:245 - oldGeneratedFile, D:\github\mc\stm32\FreeRTOS_Multiple_stepper_motors\FreeRTOS_Multiple_stepper_motors\Core\Src\stm32f1xx_hal_msp.c_save
2022-11-01 02:22:01,021 [INFO] CodeEngine:269 - Generated code: D:\github\mc\stm32\FreeRTOS_Multiple_stepper_motors\FreeRTOS_Multiple_stepper_motors\Core\Src\stm32f1xx_hal_msp.c
2022-11-01 02:22:01,023 [INFO] CodeEngine:245 - oldGeneratedFile, D:\github\mc\stm32\FreeRTOS_Multiple_stepper_motors\FreeRTOS_Multiple_stepper_motors\MXTmpFiles\system.tmp_save
2022-11-01 02:22:01,088 [INFO] CodeEngine:269 - Generated code: D:\github\mc\stm32\FreeRTOS_Multiple_stepper_motors\FreeRTOS_Multiple_stepper_motors\MXTmpFiles\system.tmp
2022-11-01 02:22:01,093 [INFO] CodeEngine:245 - oldGeneratedFile, D:\github\mc\stm32\FreeRTOS_Multiple_stepper_motors\FreeRTOS_Multiple_stepper_motors\Core\Src\stm32f1xx_hal_timebase_tim.c_save
2022-11-01 02:22:01,188 [INFO] CodeEngine:269 - Generated code: D:\github\mc\stm32\FreeRTOS_Multiple_stepper_motors\FreeRTOS_Multiple_stepper_motors\Core\Src\stm32f1xx_hal_timebase_tim.c
2022-11-01 02:22:01,230 [INFO] CodeEngine:245 - oldGeneratedFile, D:\github\mc\stm32\FreeRTOS_Multiple_stepper_motors\FreeRTOS_Multiple_stepper_motors\Core\Inc\stm32f1xx_hal_conf.h_save
2022-11-01 02:22:01,413 [INFO] CodeEngine:269 - Generated code: D:\github\mc\stm32\FreeRTOS_Multiple_stepper_motors\FreeRTOS_Multiple_stepper_motors\Core\Inc\stm32f1xx_hal_conf.h
2022-11-01 02:22:01,447 [WARN] IPConfigManager:3348 - IP not found : TIM
2022-11-01 02:22:01,449 [WARN] CodeGenerator:3567 - IP not found : null
2022-11-01 02:22:01,474 [INFO] CodeEngine:245 - oldGeneratedFile, D:\github\mc\stm32\FreeRTOS_Multiple_stepper_motors\FreeRTOS_Multiple_stepper_motors\Core\Inc\main.h_save
2022-11-01 02:22:01,646 [INFO] CodeEngine:269 - Generated code: D:\github\mc\stm32\FreeRTOS_Multiple_stepper_motors\FreeRTOS_Multiple_stepper_motors\Core\Inc\main.h
2022-11-01 02:22:01,680 [INFO] CodeEngine:245 - oldGeneratedFile, D:\github\mc\stm32\FreeRTOS_Multiple_stepper_motors\FreeRTOS_Multiple_stepper_motors\Core\Src\main.c_save
2022-11-01 02:22:01,835 [INFO] CodeEngine:269 - Generated code: D:\github\mc\stm32\FreeRTOS_Multiple_stepper_motors\FreeRTOS_Multiple_stepper_motors\Core\Src\main.c
2022-11-01 02:22:02,709 [INFO] ProjectBuilder:2919 - Time for Copy HAL[1] : 277mS.
2022-11-01 02:22:02,714 [INFO] ProjectBuilder:4117 - Project Generator version: 3.17.1
2022-11-01 02:22:03,126 [INFO] ConfigFileManager:1394 - The Die is : DIE410
2022-11-01 02:22:05,103 [INFO] ProjectBuilder:4285 - Time for Generating toolchain IDE Files: 2389mS.
2022-11-01 02:22:05,104 [INFO] ProjectBuilder:2790 - Time for Copy CMSIS : 0mS.
2022-11-01 02:22:05,125 [INFO] ProjectBuilder:2790 - Time for Copy CMSIS : 0mS.
