2022-10-27 04:13:22,501 [INFO] Activator:177 - 


2022-10-27 04:13:22,501 [INFO] Activator:178 - !SESSION log4j initialized
2022-10-27 04:13:25,211 [INFO] McuFinderGlobals:44 - Set McuFinder mode to 2 (CubeIDE integrated)
2022-10-27 04:13:26,113 [INFO] ApplicationProperties:181 - Using Application install path: C:\ST\STM32CubeIDE_1.9.0\STM32CubeIDE\plugins\com.st.stm32cube.common.mx_6.6.1.202207061420
2022-10-27 04:13:26,129 [INFO] DbMcusXml:77 - Set database path to: C:\ST\STM32CubeIDE_1.9.0\STM32CubeIDE\plugins\com.st.stm32cube.common.mx_6.6.1.202207061420\\db\/mcu/
2022-10-27 04:13:26,129 [INFO] ApiDb:269 - Set plugin database path to: C:\ST\STM32CubeIDE_1.9.0\STM32CubeIDE\plugins\com.st.stm32cube.common.mx_6.6.1.202207061420\\db\/plugins/boardmanager/
2022-10-27 04:13:26,132 [WARN] ApiDb:254 - Overriding images path with different value:  => C:\ST\STM32CubeIDE_1.9.0\STM32CubeIDE\plugins\com.st.stm32cube.common.mx_6.6.1.202207061420\\db\/plugins/mcufinder/images/
2022-10-27 04:13:26,146 [INFO] ApiDb:249 - Set database path to: C:\Users\Zver\.stmcufinder\plugins\mcufinder//mcu/
2022-10-27 04:13:26,147 [INFO] DbMcusAds:124 - Set database path to: C:\Users\Zver\.stmcufinder\plugins\mcufinder//mcu/
2022-10-27 04:13:26,150 [INFO] CrossReferenceDbSqlite:201 - Set database path to: C:\Users\Zver\.stmcufinder\plugins\mcufinder//mcu/cs/
2022-10-27 04:13:26,244 [INFO] RulesReader:61 - Compatibility file has been processed (282 Rules)
2022-10-27 04:13:26,429 [INFO] DbMcusXml:77 - Set database path to: C:\ST\STM32CubeIDE_1.9.0\STM32CubeIDE\plugins\com.st.stm32cube.common.mx_6.6.1.202207061420\\db\/mcu/
2022-10-27 04:13:26,429 [INFO] ApiDb:269 - Set plugin database path to: C:\ST\STM32CubeIDE_1.9.0\STM32CubeIDE\plugins\com.st.stm32cube.common.mx_6.6.1.202207061420\\db\/plugins/boardmanager/
2022-10-27 04:13:26,429 [INFO] ApiDb:256 - Set plugin images path to: C:\ST\STM32CubeIDE_1.9.0\STM32CubeIDE\plugins\com.st.stm32cube.common.mx_6.6.1.202207061420\\db\/plugins/mcufinder/images/
2022-10-27 04:13:26,430 [WARN] DbFile:40 - Overriding database path with different value: C:\Users\Zver\.stmcufinder\plugins\mcufinder/ => C:\Users\Zver\.stmcufinder\plugins\mcufinder
2022-10-27 04:13:26,430 [INFO] ApiDb:249 - Set database path to: C:\Users\Zver\.stmcufinder\plugins\mcufinder//mcu/
2022-10-27 04:13:26,430 [WARN] DbFile:40 - Overriding database path with different value: C:\Users\Zver\.stmcufinder\plugins\mcufinder/ => C:\Users\Zver\.stmcufinder\plugins\mcufinder
2022-10-27 04:13:26,430 [INFO] DbMcusAds:124 - Set database path to: C:\Users\Zver\.stmcufinder\plugins\mcufinder//mcu/
2022-10-27 04:13:26,431 [WARN] DbFile:40 - Overriding database path with different value: C:\Users\Zver\.stmcufinder\plugins\mcufinder/ => C:\Users\Zver\.stmcufinder\plugins\mcufinder
2022-10-27 04:13:26,431 [WARN] DbFile:40 - Overriding database path with different value: C:\Users\Zver\.stmcufinder\plugins\mcufinder/ => C:\Users\Zver\.stmcufinder\plugins\mcufinder
2022-10-27 04:13:26,431 [INFO] CrossReferenceDbSqlite:201 - Set database path to: C:\Users\Zver\.stmcufinder\plugins\mcufinder//mcu/cs/
2022-10-27 04:13:26,520 [INFO] MainPanel:242 - HeapMemory: 268435456
2022-10-27 04:13:26,594 [INFO] DbMcusXml:77 - Set database path to: C:\ST\STM32CubeIDE_1.9.0\STM32CubeIDE\plugins\com.st.stm32cube.common.mx_6.6.1.202207061420\\db\/mcu/
2022-10-27 04:13:26,594 [INFO] ApiDb:269 - Set plugin database path to: C:\ST\STM32CubeIDE_1.9.0\STM32CubeIDE\plugins\com.st.stm32cube.common.mx_6.6.1.202207061420\\db\/plugins/boardmanager/
2022-10-27 04:13:26,594 [INFO] ApiDb:256 - Set plugin images path to: C:\ST\STM32CubeIDE_1.9.0\STM32CubeIDE\plugins\com.st.stm32cube.common.mx_6.6.1.202207061420\\db\/plugins/mcufinder/images/
2022-10-27 04:13:26,595 [WARN] DbFile:40 - Overriding database path with different value: C:\Users\Zver\.stmcufinder\plugins\mcufinder/ => C:\Users\Zver\.stmcufinder\plugins\mcufinder
2022-10-27 04:13:26,595 [INFO] ApiDb:249 - Set database path to: C:\Users\Zver\.stmcufinder\plugins\mcufinder//mcu/
2022-10-27 04:13:26,595 [WARN] DbFile:40 - Overriding database path with different value: C:\Users\Zver\.stmcufinder\plugins\mcufinder/ => C:\Users\Zver\.stmcufinder\plugins\mcufinder
2022-10-27 04:13:26,595 [INFO] DbMcusAds:124 - Set database path to: C:\Users\Zver\.stmcufinder\plugins\mcufinder//mcu/
2022-10-27 04:13:26,595 [WARN] DbFile:40 - Overriding database path with different value: C:\Users\Zver\.stmcufinder\plugins\mcufinder/ => C:\Users\Zver\.stmcufinder\plugins\mcufinder
2022-10-27 04:13:26,595 [WARN] DbFile:40 - Overriding database path with different value: C:\Users\Zver\.stmcufinder\plugins\mcufinder/ => C:\Users\Zver\.stmcufinder\plugins\mcufinder
2022-10-27 04:13:26,596 [INFO] CrossReferenceDbSqlite:201 - Set database path to: C:\Users\Zver\.stmcufinder\plugins\mcufinder//mcu/cs/
2022-10-27 04:13:26,619 [INFO] ApplicationProperties:181 - Using Application install path: C:\ST\STM32CubeIDE_1.9.0\STM32CubeIDE\plugins\com.st.stm32cube.common.mx_6.6.1.202207061420
2022-10-27 04:13:26,620 [INFO] PluginManage:193 - Search for loadable plugins [exclusion list=, ]
2022-10-27 04:13:26,621 [INFO] PluginManage:307 - Check plugin analytics
2022-10-27 04:13:26,756 [INFO] AnalyticsPlugin:262 - Accepted Software Licenses: 
2022-10-27 04:13:26,757 [INFO] AnalyticsPlugin:264 - Accepted CMSIS Pack Licenses: 
2022-10-27 04:13:26,758 [INFO] AnalyticsPlugin:266 - Accepted Firmware Licenses: 
2022-10-27 04:13:26,764 [INFO] PluginManage:356 - Loaded plugin analytics (category:tool,tabindex:-1)
2022-10-27 04:13:26,765 [INFO] PluginManage:307 - Check plugin cadmodel
2022-10-27 04:13:26,768 [INFO] CADModel:65 - Init CAD model plugin
2022-10-27 04:13:26,768 [INFO] PluginManage:356 - Loaded plugin cadmodel (category:power,tabindex:5)
2022-10-27 04:13:26,768 [INFO] PluginManage:307 - Check plugin clock
2022-10-27 04:13:26,776 [INFO] PluginManage:356 - Loaded plugin clock (category:base,tabindex:2)
2022-10-27 04:13:26,777 [INFO] PluginManage:307 - Check plugin ddr
2022-10-27 04:13:26,778 [INFO] PluginManage:356 - Loaded plugin ddr (category:tool,tabindex:6)
2022-10-27 04:13:26,779 [INFO] PluginManage:307 - Check plugin filemanager
2022-10-27 04:13:26,885 [INFO] PluginManage:356 - Loaded plugin filemanager (category:base,tabindex:10)
2022-10-27 04:13:26,885 [INFO] PluginManage:307 - Check plugin ipmanager
2022-10-27 04:13:26,894 [INFO] PluginManage:356 - Loaded plugin ipmanager (category:base,tabindex:5)
2022-10-27 04:13:26,894 [INFO] PluginManage:307 - Check plugin lpbam
2022-10-27 04:13:26,902 [INFO] PluginManage:356 - Loaded plugin lpbam (category:base,tabindex:0)
2022-10-27 04:13:26,902 [INFO] PluginManage:307 - Check plugin pinoutandconfiguration
2022-10-27 04:13:26,908 [INFO] PluginManage:356 - Loaded plugin pinoutandconfiguration (category:base,tabindex:1)
2022-10-27 04:13:26,909 [INFO] PluginManage:307 - Check plugin pinoutconfig
2022-10-27 04:13:26,933 [INFO] PluginManage:356 - Loaded plugin pinoutconfig (category:base,tabindex:0)
2022-10-27 04:13:26,933 [INFO] PluginManage:307 - Check plugin power
2022-10-27 04:13:26,940 [INFO] PluginManage:356 - Loaded plugin power (category:power,tabindex:4)
2022-10-27 04:13:26,940 [INFO] PluginManage:307 - Check plugin projectmanager
2022-10-27 04:13:26,953 [INFO] PluginManage:356 - Loaded plugin projectmanager (category:projectmanager,tabindex:3)
2022-10-27 04:13:26,953 [INFO] PluginManage:307 - Check plugin thirdparty
2022-10-27 04:13:27,076 [WARN] IntegrityCheckThread:82 - waiting for thirdparty lock release [integrity check]
2022-10-27 04:13:27,076 [INFO] PluginManage:356 - Loaded plugin thirdparty (category:base,tabindex:-1)
2022-10-27 04:13:27,077 [INFO] IntegrityCheckThread:84 - entering critical section [integrity check]
2022-10-27 04:13:27,077 [INFO] PluginManage:307 - Check plugin tools
2022-10-27 04:13:27,079 [INFO] ThirdPartyUpdaterWithRetryManager:70 - Updater plugin not ready yet. [1/15]
2022-10-27 04:13:27,080 [INFO] PluginManage:356 - Loaded plugin tools (category:base,tabindex:7)
2022-10-27 04:13:27,080 [INFO] PluginManage:307 - Check plugin tutovideos
2022-10-27 04:13:27,248 [INFO] PluginManage:356 - Loaded plugin tutovideos (category:base,tabindex:-1)
2022-10-27 04:13:27,248 [INFO] PluginManage:307 - Check plugin updater
2022-10-27 04:13:27,258 [INFO] PluginManage:356 - Loaded plugin updater (category:base,tabindex:12)
2022-10-27 04:13:27,259 [INFO] PluginManage:280 - PluginManage : Loaded plugins [15]
2022-10-27 04:13:27,652 [INFO] PinOutPanel:1468 - setPackage(No Configuration,No Configuration)
2022-10-27 04:13:27,735 [INFO] CADModel:98 - CPN selected for project level
2022-10-27 04:13:27,746 [INFO] IPUIPlugin:79 - create IPUIPlugin
2022-10-27 04:13:27,747 [INFO] PluginManager:217 - loadIPPluginJar : add adc
2022-10-27 04:13:27,749 [INFO] IPUIPlugin:79 - create IPUIPlugin
2022-10-27 04:13:27,749 [INFO] PluginManager:217 - loadIPPluginJar : add aes
2022-10-27 04:13:27,750 [INFO] IPUIPlugin:79 - create IPUIPlugin
2022-10-27 04:13:27,751 [INFO] PluginManager:217 - loadIPPluginJar : add can
2022-10-27 04:13:27,752 [INFO] IPUIPlugin:79 - create IPUIPlugin
2022-10-27 04:13:27,752 [INFO] PluginManager:217 - loadIPPluginJar : add comp
2022-10-27 04:13:27,753 [INFO] IPUIPlugin:79 - create IPUIPlugin
2022-10-27 04:13:27,753 [INFO] PluginManager:217 - loadIPPluginJar : add cryp
2022-10-27 04:13:27,755 [INFO] IPUIPlugin:79 - create IPUIPlugin
2022-10-27 04:13:27,755 [INFO] PluginManager:217 - loadIPPluginJar : add dfsdm
2022-10-27 04:13:27,759 [INFO] IPUIPlugin:79 - create IPUIPlugin
2022-10-27 04:13:27,759 [INFO] PluginManager:217 - loadIPPluginJar : add dma
2022-10-27 04:13:27,761 [INFO] IPUIPlugin:79 - create IPUIPlugin
2022-10-27 04:13:27,761 [INFO] PluginManager:217 - loadIPPluginJar : add dma3
2022-10-27 04:13:27,762 [INFO] IPUIPlugin:79 - create IPUIPlugin
2022-10-27 04:13:27,762 [INFO] PluginManager:217 - loadIPPluginJar : add fatfs
2022-10-27 04:13:27,765 [INFO] IPUIPlugin:79 - create IPUIPlugin
2022-10-27 04:13:27,765 [INFO] PluginManager:217 - loadIPPluginJar : add fmc
2022-10-27 04:13:27,769 [INFO] IPUIPlugin:79 - create IPUIPlugin
2022-10-27 04:13:27,770 [INFO] PluginManager:217 - loadIPPluginJar : add freertos
2022-10-27 04:13:27,771 [INFO] IPUIPlugin:79 - create IPUIPlugin
2022-10-27 04:13:27,771 [INFO] PluginManager:217 - loadIPPluginJar : add genericplugin
2022-10-27 04:13:27,773 [INFO] IPUIPlugin:79 - create IPUIPlugin
2022-10-27 04:13:27,773 [INFO] PluginManager:217 - loadIPPluginJar : add gfxmmu
2022-10-27 04:13:27,776 [INFO] IPUIPlugin:79 - create IPUIPlugin
2022-10-27 04:13:27,776 [INFO] PluginManager:217 - loadIPPluginJar : add gic
2022-10-27 04:13:27,779 [INFO] IPUIPlugin:79 - create IPUIPlugin
2022-10-27 04:13:27,779 [INFO] PluginManager:217 - loadIPPluginJar : add gpio
2022-10-27 04:13:27,781 [INFO] IPUIPlugin:79 - create IPUIPlugin
2022-10-27 04:13:27,781 [INFO] PluginManager:217 - loadIPPluginJar : add gtzc
2022-10-27 04:13:27,783 [INFO] IPUIPlugin:79 - create IPUIPlugin
2022-10-27 04:13:27,783 [INFO] PluginManager:217 - loadIPPluginJar : add hash
2022-10-27 04:13:27,785 [INFO] IPUIPlugin:79 - create IPUIPlugin
2022-10-27 04:13:27,785 [INFO] PluginManager:217 - loadIPPluginJar : add i2c
2022-10-27 04:13:27,787 [INFO] IPUIPlugin:79 - create IPUIPlugin
2022-10-27 04:13:27,787 [INFO] PluginManager:217 - loadIPPluginJar : add i2s
2022-10-27 04:13:27,789 [INFO] IPUIPlugin:79 - create IPUIPlugin
2022-10-27 04:13:27,789 [INFO] PluginManager:217 - loadIPPluginJar : add ipddr
2022-10-27 04:13:27,793 [INFO] IPUIPlugin:79 - create IPUIPlugin
2022-10-27 04:13:27,794 [INFO] PluginManager:217 - loadIPPluginJar : add linkedlist
2022-10-27 04:13:27,795 [INFO] IPUIPlugin:79 - create IPUIPlugin
2022-10-27 04:13:27,795 [INFO] PluginManager:217 - loadIPPluginJar : add lorawan
2022-10-27 04:13:27,796 [INFO] IPUIPlugin:79 - create IPUIPlugin
2022-10-27 04:13:27,796 [INFO] PluginManager:217 - loadIPPluginJar : add ltdc
2022-10-27 04:13:27,800 [INFO] IPUIPlugin:79 - create IPUIPlugin
2022-10-27 04:13:27,801 [INFO] PluginManager:217 - loadIPPluginJar : add mdma
2022-10-27 04:13:27,803 [INFO] IPUIPlugin:79 - create IPUIPlugin
2022-10-27 04:13:27,803 [INFO] PluginManager:217 - loadIPPluginJar : add nvic
2022-10-27 04:13:27,805 [INFO] IPUIPlugin:79 - create IPUIPlugin
2022-10-27 04:13:27,805 [INFO] PluginManager:217 - loadIPPluginJar : add opamp
2022-10-27 04:13:27,807 [INFO] IPUIPlugin:79 - create IPUIPlugin
2022-10-27 04:13:27,807 [INFO] PluginManager:217 - loadIPPluginJar : add openamp
2022-10-27 04:13:27,809 [INFO] IPUIPlugin:79 - create IPUIPlugin
2022-10-27 04:13:27,809 [INFO] PluginManager:217 - loadIPPluginJar : add pdm2pcm
2022-10-27 04:13:27,814 [INFO] IPUIPlugin:79 - create IPUIPlugin
2022-10-27 04:13:27,816 [INFO] PluginManager:217 - loadIPPluginJar : add plateformsettings
2022-10-27 04:13:27,817 [INFO] IPUIPlugin:79 - create IPUIPlugin
2022-10-27 04:13:27,818 [INFO] PluginManager:217 - loadIPPluginJar : add quadspi
2022-10-27 04:13:27,820 [INFO] IPUIPlugin:79 - create IPUIPlugin
2022-10-27 04:13:27,820 [INFO] PluginManager:217 - loadIPPluginJar : add resmgrutility
2022-10-27 04:13:27,822 [INFO] IPUIPlugin:79 - create IPUIPlugin
2022-10-27 04:13:27,822 [INFO] PluginManager:217 - loadIPPluginJar : add sai
2022-10-27 04:13:27,824 [INFO] IPUIPlugin:79 - create IPUIPlugin
2022-10-27 04:13:27,824 [INFO] PluginManager:217 - loadIPPluginJar : add spi
2022-10-27 04:13:27,828 [INFO] IPUIPlugin:79 - create IPUIPlugin
2022-10-27 04:13:27,828 [INFO] PluginManager:217 - loadIPPluginJar : add stm32_wpan
2022-10-27 04:13:27,829 [INFO] IPUIPlugin:79 - create IPUIPlugin
2022-10-27 04:13:27,829 [INFO] PluginManager:217 - loadIPPluginJar : add tim
2022-10-27 04:13:27,832 [INFO] IPUIPlugin:79 - create IPUIPlugin
2022-10-27 04:13:27,832 [INFO] PluginManager:217 - loadIPPluginJar : add touchsensing
2022-10-27 04:13:27,834 [INFO] IPUIPlugin:79 - create IPUIPlugin
2022-10-27 04:13:27,834 [INFO] PluginManager:217 - loadIPPluginJar : add tracer_emb
2022-10-27 04:13:27,835 [INFO] IPUIPlugin:79 - create IPUIPlugin
2022-10-27 04:13:27,836 [INFO] PluginManager:217 - loadIPPluginJar : add ts
2022-10-27 04:13:27,837 [INFO] IPUIPlugin:79 - create IPUIPlugin
2022-10-27 04:13:27,837 [INFO] PluginManager:217 - loadIPPluginJar : add tsc
2022-10-27 04:13:27,838 [INFO] IPUIPlugin:79 - create IPUIPlugin
2022-10-27 04:13:27,839 [INFO] PluginManager:217 - loadIPPluginJar : add ucpd
2022-10-27 04:13:27,841 [INFO] IPUIPlugin:79 - create IPUIPlugin
2022-10-27 04:13:27,841 [INFO] PluginManager:217 - loadIPPluginJar : add usart
2022-10-27 04:13:27,843 [INFO] IPUIPlugin:79 - create IPUIPlugin
2022-10-27 04:13:27,843 [INFO] PluginManager:217 - loadIPPluginJar : add usbx
2022-10-27 04:13:28,148 [FATAL] Updater:301 - Updater called before beeing initialized
2022-10-27 04:13:28,304 [FATAL] Updater:301 - Updater called before beeing initialized
2022-10-27 04:13:28,310 [INFO] DbMcusAds:52 - JSON generation date=Thu Sep 30 09:56:37 MSK 2021 (1632984997303)
2022-10-27 04:13:28,310 [FATAL] Updater:301 - Updater called before beeing initialized
2022-10-27 04:13:28,341 [WARN] DetailPanel:344 - Failed to get advertising image, set to default
2022-10-27 04:13:28,462 [FATAL] Updater:301 - Updater called before beeing initialized
2022-10-27 04:13:28,464 [FATAL] Updater:301 - Updater called before beeing initialized
2022-10-27 04:13:28,465 [FATAL] Updater:301 - Updater called before beeing initialized
2022-10-27 04:13:28,465 [WARN] DetailPanel:344 - Failed to get advertising image, set to default
2022-10-27 04:13:28,465 [FATAL] Updater:301 - Updater called before beeing initialized
2022-10-27 04:13:28,506 [ERROR] Updater:1105 - MainUpdater not yet initialized. External WinMGr cannot be set.
2022-10-27 04:13:28,508 [INFO] Updater:1041 - Updater Version found : 6.6.1
2022-10-27 04:13:28,521 [INFO] ApplicationProperties:181 - Using Application install path: C:\ST\STM32CubeIDE_1.9.0\STM32CubeIDE\plugins\com.st.stm32cube.common.mx_6.6.1.202207061420
2022-10-27 04:13:28,589 [INFO] MainUpdater:2768 - connection check result : 10
2022-10-27 04:13:28,590 [INFO] MainUpdater:280 - Updater Check For Update Now.
2022-10-27 04:13:28,590 [INFO] MicroXplorer:481 - Change Database Version : DB.6.0.60
2022-10-27 04:13:28,738 [INFO] CheckServerUpdateThread:119 - End of CheckServer Thread
2022-10-27 04:13:28,796 [INFO] MainUpdater:2768 - connection check result : 10
2022-10-27 04:13:29,188 [INFO] McuFinderGlobals:57 - Set McuFinderConnectedMode to true
2022-10-27 04:13:29,194 [INFO] MultiScanPanel:195 - Auto-refresh data requested => check proxy status ongoing
2022-10-27 04:13:29,197 [INFO] FinderPluginLoader:92 - Searching for filters in installed packs
2022-10-27 04:13:29,291 [INFO] ApiDb:576 - Connected to CubeFinder SQLite database (C:\Users\Zver\.stmcufinder\plugins\mcufinder\mcu\cube-finder-db.db)
2022-10-27 04:13:29,310 [INFO] ApiDb:663 - CubeFinder database Data Model version=2.1
2022-10-27 04:13:29,310 [INFO] ApiDb:664 - CubeFinder database Configuration version=3.0.32
2022-10-27 04:13:29,310 [INFO] ApiDb:665 - CubeFinder database generation date=2022-08-05 (1659688109)
2022-10-27 04:13:29,310 [INFO] ApiDb:666 - CubeFinder database FW Pack versions=[STM32Cube_FW_C0_V1.0.0, STM32Cube_FW_F4_V1.27.1, STM32Cube_FW_F7_V1.17.0, STM32Cube_FW_G0_V1.6.1, STM32Cube_FW_G4_V1.5.0, STM32Cube_FW_H7_V1.10.0, STM32Cube_FW_L5_V1.4.0, STM32Cube_FW_U5_V1.1.1, STM32Cube_FW_WB_V1.14.1, STM32Cube_FW_WL_V1.2.0, X-CUBE-ALGOBUILD_V1.3.0, X-CUBE-ALS_V1.0.1, X-CUBE-AZRTOS-F4_V1.1.0, X-CUBE-AZRTOS-F7_V1.1.0, X-CUBE-AZRTOS-G0_V1.1.0, X-CUBE-AZRTOS-G4_V1.0.0, X-CUBE-AZRTOS-H7_V2.1.0, X-CUBE-AZRTOS-L4_V1.0.0, X-CUBE-AZRTOS-L5_V1.0.0, X-CUBE-AZRTOS-WL_V1.0.0, X-CUBE-BLE1_V6.2.3, X-CUBE-BLE2_V3.3.0, X-CUBE-EEPRMA1_V3.1.1, X-CUBE-GNSS1_V6.0.0, X-CUBE-MEMS1_V9.1.0, X-CUBE-MEMS1_V9.3.0, X-CUBE-NFC4_V2.0.4, X-CUBE-NFC7_V1.0.0, X-CUBE-SFXS2LP1_V4.0.0, X-CUBE-SUBG2_V5.0.0]
2022-10-27 04:13:30,215 [WARN] PackLoader:242 - Cannot read IP mode file for wolfSSL.I-CUBE-wolfSSL.5.2.0
2022-10-27 04:13:30,225 [WARN] PackLoader:242 - Cannot read IP mode file for STMicroelectronics.X-CUBE-GNSS1.6.0.0
2022-10-27 04:13:30,254 [WARN] PackLoader:242 - Cannot read IP mode file for STMicroelectronics.X-CUBE-AZRTOS-F4.1.1.0
2022-10-27 04:13:30,272 [WARN] PackLoader:242 - Cannot read IP mode file for STMicroelectronics.X-CUBE-BLEMGR.1.2.0
2022-10-27 04:13:30,300 [WARN] PackLoader:242 - Cannot read IP mode file for STMicroelectronics.X-CUBE-AZRTOS-F7.1.1.0
2022-10-27 04:13:30,309 [WARN] PackLoader:242 - Cannot read IP mode file for STMicroelectronics.X-CUBE-AI.7.1.0
2022-10-27 04:13:30,317 [WARN] PackLoader:242 - Cannot read IP mode file for STMicroelectronics.X-CUBE-BLE1.6.2.3
2022-10-27 04:13:30,323 [WARN] PackLoader:242 - Cannot read IP mode file for STMicroelectronics.X-CUBE-BLE1.6.2.2
2022-10-27 04:13:30,329 [WARN] PackLoader:242 - Cannot read IP mode file for STMicroelectronics.X-CUBE-NFC4.2.0.4
2022-10-27 04:13:30,337 [WARN] PackLoader:242 - Cannot read IP mode file for STMicroelectronics.X-CUBE-BLE2.3.2.2
2022-10-27 04:13:30,342 [WARN] PackLoader:242 - Cannot read IP mode file for STMicroelectronics.X-CUBE-NFC4.2.0.3
2022-10-27 04:13:30,353 [WARN] PackLoader:242 - Cannot read IP mode file for STMicroelectronics.X-CUBE-TOF1.3.1.0
2022-10-27 04:13:30,369 [WARN] PackLoader:242 - Cannot read IP mode file for STMicroelectronics.X-CUBE-SFXS2LP1.3.1.0
2022-10-27 04:13:30,393 [WARN] PackLoader:242 - Cannot read IP mode file for STMicroelectronics.X-CUBE-AZRTOS-F4.1.0.0
2022-10-27 04:13:30,405 [WARN] PackLoader:242 - Cannot read IP mode file for STMicroelectronics.X-CUBE-NFC7.1.0.0
2022-10-27 04:13:30,416 [WARN] PackLoader:242 - Cannot read IP mode file for STMicroelectronics.X-CUBE-SUBG2.4.2.0
2022-10-27 04:13:30,470 [WARN] PackLoader:242 - Cannot read IP mode file for STMicroelectronics.X-CUBE-MEMS1.9.3.0
2022-10-27 04:13:30,602 [WARN] PackLoader:242 - Cannot read IP mode file for STMicroelectronics.X-CUBE-AI.7.2.0
2022-10-27 04:13:30,619 [WARN] PackLoader:242 - Cannot read IP mode file for STMicroelectronics.X-CUBE-AZRTOS-G0.1.0.0
2022-10-27 04:13:30,628 [WARN] PackLoader:242 - Cannot read IP mode file for STMicroelectronics.X-CUBE-SFXS2LP1.4.0.0
2022-10-27 04:13:30,634 [WARN] PackLoader:242 - Cannot read IP mode file for STMicroelectronics.X-CUBE-BLE2.3.3.0
2022-10-27 04:13:30,643 [WARN] PackLoader:242 - Cannot read IP mode file for STMicroelectronics.X-CUBE-DISPLAY.2.2.0
2022-10-27 04:13:30,655 [WARN] PackLoader:242 - Cannot read IP mode file for STMicroelectronics.X-CUBE-TOF1.3.2.0
2022-10-27 04:13:30,665 [WARN] PackLoader:242 - Cannot read IP mode file for STMicroelectronics.X-CUBE-TOUCHGFX.4.18.1
2022-10-27 04:13:30,670 [WARN] PackLoader:242 - Cannot read IP mode file for STMicroelectronics.X-CUBE-ISPU.1.0.0
2022-10-27 04:13:30,677 [WARN] PackLoader:242 - Cannot read IP mode file for RoweBots.I-CUBE-UNISONRTOS.5.5.0-4
2022-10-27 04:13:30,696 [WARN] PackLoader:242 - Cannot read IP mode file for STMicroelectronics.X-CUBE-AZRTOS-H7.2.1.0
2022-10-27 04:13:30,706 [WARN] PackLoader:242 - Cannot read IP mode file for STMicroelectronics.X-CUBE-BLEMGR.1.0.0
2022-10-27 04:13:30,712 [WARN] PackLoader:242 - Cannot read IP mode file for STMicroelectronics.X-CUBE-ALGOBUILD.1.3.0
2022-10-27 04:13:30,742 [WARN] PackLoader:242 - Cannot read IP mode file for STMicroelectronics.X-CUBE-AZRTOS-G0.1.1.0
2022-10-27 04:13:30,751 [WARN] PackLoader:242 - Cannot read IP mode file for STMicroelectronics.X-CUBE-SUBG2.5.0.0
2022-10-27 04:13:30,789 [WARN] PackLoader:242 - Cannot read IP mode file for SEGGER.I-CUBE-embOS.1.2.0
2022-10-27 04:13:30,824 [WARN] PackLoader:242 - Cannot read IP mode file for STMicroelectronics.FP-ATR-ASTRA1.1.1.1
2022-10-27 04:13:30,840 [WARN] PackLoader:242 - Cannot read IP mode file for STMicroelectronics.X-CUBE-AZRTOS-H7.2.0.0
2022-10-27 04:13:30,856 [WARN] PackLoader:242 - Cannot read IP mode file for STMicroelectronics.X-CUBE-AZRTOS-G4.1.0.0
2022-10-27 04:13:30,863 [WARN] PackLoader:242 - Cannot read IP mode file for STMicroelectronics.FP-ATR-SIGFOX1.3.2.0
2022-10-27 04:13:30,878 [WARN] PackLoader:242 - Cannot read IP mode file for STMicroelectronics.X-CUBE-AZRTOS-L4.1.0.0
2022-10-27 04:13:30,887 [WARN] PackLoader:242 - Cannot read IP mode file for emotas.I-CUBE-CANOPEN.1.1.2
2022-10-27 04:13:30,890 [WARN] PackLoader:242 - Cannot read IP mode file for STMicroelectronics.X-CUBE-TOUCHGFX.4.20.0
2022-10-27 04:13:30,905 [WARN] PackLoader:242 - Cannot read IP mode file for STMicroelectronics.X-CUBE-AZRTOS-F7.1.0.0
2022-10-27 04:13:30,917 [WARN] PackLoader:242 - Cannot read IP mode file for STMicroelectronics.X-CUBE-AZRTOS-WL.1.0.0
2022-10-27 04:13:30,966 [WARN] PackLoader:242 - Cannot read IP mode file for STMicroelectronics.X-CUBE-MEMS1.9.1.0
2022-10-27 04:13:31,052 [WARN] PackLoader:242 - Cannot read IP mode file for portGmbH.I-Cube-SoM-uGOAL.1.1.0
2022-10-27 04:13:31,057 [WARN] PackLoader:242 - Cannot read IP mode file for STMicroelectronics.X-CUBE-ALS.1.0.1
2022-10-27 04:13:31,066 [INFO] ApiDb:239 - Found 138 in-development CPN: [B-WB1M-WPAN1, NUCLEO-C031C6, STEVAL-STWINBX1, STM320518-EVAL, STM32C0116-DK, STM32C011D6Y3TR, STM32C011D6Y6TR, STM32C011F4P3, STM32C011F4P6, STM32C011F4U3, STM32C011F4U6TR, STM32C011F6P3, STM32C011F6P6, STM32C011F6U3, STM32C011F6U6TR, STM32C011J4M3, STM32C011J4M6, STM32C011J6M3, STM32C011J6M6, STM32C0316-DK, STM32C031C4T3, STM32C031C4T6, STM32C031C4U3, STM32C031C4U6, STM32C031C6T3, STM32C031C6T6, STM32C031C6U3, STM32C031C6U6, STM32C031F4P3, STM32C031F4P6, STM32C031F6P3, STM32C031F6P6, STM32C031G4U3, STM32C031G4U6, STM32C031G6U3, STM32C031G6U6, STM32C031K4T3, STM32C031K4T6, STM32C031K4U3, STM32C031K4U6, STM32C031K6T3, STM32C031K6T6, STM32C031K6U3, STM32C031K6U6, STM32G071K8TXN, STM32G071K8UXN, STM32G081GBU6N, STM32G081KBT6N, STM32G081KBUXN, STM32G0B1CCT6N, STM32G0B1KCT6, STM32G0B1NEY6TR, STM32G0B1RCT6N, STM32G0C1CCT6, STM32G0C1CCT6N, STM32G0C1CCU6N, STM32G0C1CET6N, STM32G0C1CEU6N, STM32G0C1KCT6, STM32G0C1NEY6TR, STM32G0C1RCI6N, STM32G0C1RCT6N, STM32G0C1REI6N, STM32G0C1RET6N, STM32G0C1VCI6, STM32G0C1VEI6, STM32G471CCT6, STM32G471CCU6, STM32G471CET3, STM32G471CET6, STM32G471CEU3, STM32G471CEU6, STM32G471MCT6, STM32G471MET3, STM32G471MET6, STM32G471MEY6TR, STM32G471QCT6, STM32G471QET3, STM32G471RCT6, STM32G471RET3, STM32G471RET6, STM32G471VCH6, STM32G471VCI6, STM32G471VCT6, STM32G471VEH3, STM32G471VEH6, STM32G471VEI3, STM32G471VEI6, STM32G471VET3, STM32G471VET6, STM32G474CCT6, STM32L476VGY6PTR, STM32L4R5QGI6STR, STM32MP131AAE3, STM32MP131AAF3, STM32MP131AAG3, STM32MP131CAE3, STM32MP131CAF3, STM32MP131CAG3, STM32MP131DAE7, STM32MP131DAF7, STM32MP131DAG7, STM32MP131FAE7, STM32MP131FAF7, STM32MP131FAG7, STM32MP133AAE3, STM32MP133AAF3, STM32MP133AAG3, STM32MP133CAE3, STM32MP133CAF3, STM32MP133CAG3, STM32MP133DAE7, STM32MP133DAF7, STM32MP133DAG7, STM32MP133FAE7, STM32MP133FAF7, STM32MP133FAG7, STM32MP135AAE3, STM32MP135AAF3, STM32MP135AAG3, STM32MP135CAE3, STM32MP135CAF3, STM32MP135CAG3, STM32MP135DAE7, STM32MP135DAF7, STM32MP135DAG7, STM32MP135F-DK, STM32MP135FAE7, STM32MP135FAF7, STM32MP135FAG7, STM32U595ZJT6Q, STM32U599BJY6QTR, STM32U599NIH6Q, STM32U599NJH6Q, STM32U5A5ZJT6Q, STM32U5A9BJY6QTR, STM32U5A9NJH6Q, STM32WB1MMCH6]
2022-10-27 04:13:31,072 [INFO] DbMcus:215 - Found 3542 MCUs, 3542 are supported
2022-10-27 04:13:31,072 [WARN] PackLoader:242 - Cannot read IP mode file for STMicroelectronics.X-CUBE-AZRTOS-L5.1.0.0
2022-10-27 04:13:31,075 [INFO] ApiDb:418 - Load user favorites file C:\Users\Zver/.stm32cubeide/favorites.mcus.txt: 1 item(s)
2022-10-27 04:13:31,075 [INFO] ApiDb:422 - User favorites MCUs=[STM32F103C8T6]
2022-10-27 04:13:31,076 [INFO] DbMcus:221 - Set 1 / 1 favorites MCUs
2022-10-27 04:13:31,079 [WARN] PackLoader:242 - Cannot read IP mode file for STMicroelectronics.X-CUBE-EEPRMA1.3.1.1
2022-10-27 04:13:31,085 [WARN] PackLoader:242 - Cannot read IP mode file for STMicroelectronics.X-CUBE-GNSS1.5.2.0
2022-10-27 04:13:31,090 [WARN] PackLoader:242 - Cannot read IP mode file for STMicroelectronics.X-CUBE-DISPLAY.2.0.1
2022-10-27 04:13:31,095 [WARN] PackLoader:242 - Cannot read IP mode file for STMicroelectronics.X-CUBE-TOF1.3.0.0
2022-10-27 04:13:31,097 [INFO] ThirdParty:929 - Integrity check success = true
2022-10-27 04:13:31,098 [INFO] IntegrityCheckThread:98 - exiting critical section [integrity check]
2022-10-27 04:13:31,098 [INFO] IntegrityCheckThread:101 - End integrity checks thread
2022-10-27 04:13:32,214 [INFO] LoadUrlFilesThread:177 - End of LoadServerUrlFiles without Thread
2022-10-27 04:13:32,235 [INFO] DetailPanel:339 - Set advertising image to C:/Users/Zver/STM32Cube/Repository/\en.Prom_NBSTM32U50921.jpg
2022-10-27 04:13:32,948 [INFO] MultiScanPanel:778 - Auto Refresh Data is not needed
2022-10-27 04:13:32,957 [INFO] ApiDb:663 - CubeFinder database Data Model version=2.1
2022-10-27 04:13:32,957 [INFO] ApiDb:664 - CubeFinder database Configuration version=3.0.32
2022-10-27 04:13:32,957 [INFO] ApiDb:665 - CubeFinder database generation date=2022-08-05 (1659688109)
2022-10-27 04:13:32,957 [INFO] ApiDb:666 - CubeFinder database FW Pack versions=[STM32Cube_FW_C0_V1.0.0, STM32Cube_FW_F4_V1.27.1, STM32Cube_FW_F7_V1.17.0, STM32Cube_FW_G0_V1.6.1, STM32Cube_FW_G4_V1.5.0, STM32Cube_FW_H7_V1.10.0, STM32Cube_FW_L5_V1.4.0, STM32Cube_FW_U5_V1.1.1, STM32Cube_FW_WB_V1.14.1, STM32Cube_FW_WL_V1.2.0, X-CUBE-ALGOBUILD_V1.3.0, X-CUBE-ALS_V1.0.1, X-CUBE-AZRTOS-F4_V1.1.0, X-CUBE-AZRTOS-F7_V1.1.0, X-CUBE-AZRTOS-G0_V1.1.0, X-CUBE-AZRTOS-G4_V1.0.0, X-CUBE-AZRTOS-H7_V2.1.0, X-CUBE-AZRTOS-L4_V1.0.0, X-CUBE-AZRTOS-L5_V1.0.0, X-CUBE-AZRTOS-WL_V1.0.0, X-CUBE-BLE1_V6.2.3, X-CUBE-BLE2_V3.3.0, X-CUBE-EEPRMA1_V3.1.1, X-CUBE-GNSS1_V6.0.0, X-CUBE-MEMS1_V9.1.0, X-CUBE-MEMS1_V9.3.0, X-CUBE-NFC4_V2.0.4, X-CUBE-NFC7_V1.0.0, X-CUBE-SFXS2LP1_V4.0.0, X-CUBE-SUBG2_V5.0.0]
2022-10-27 04:13:33,005 [INFO] DbBoardsSqlite:227 - include board P-NUCLEO-WB55-NUCLEO as a kit item of type 'Nucleo-64'
2022-10-27 04:13:33,005 [INFO] DbBoardsSqlite:227 - include board P-NUCLEO-WB55-USBDONGLE as a kit item of type 'Nucleo USB Dongle'
2022-10-27 04:13:33,006 [INFO] DbBoardsSqlite:227 - include board STEVAL-IDP005V1 as a kit item of type 'Evaluation Board'
2022-10-27 04:13:33,006 [INFO] DbBoardsSqlite:227 - include board STEVAL-IDP005V2 as a kit item of type 'Evaluation Board'
2022-10-27 04:13:33,013 [INFO] ApiDb:239 - Found 138 in-development CPN: [B-WB1M-WPAN1, NUCLEO-C031C6, STEVAL-STWINBX1, STM320518-EVAL, STM32C0116-DK, STM32C011D6Y3TR, STM32C011D6Y6TR, STM32C011F4P3, STM32C011F4P6, STM32C011F4U3, STM32C011F4U6TR, STM32C011F6P3, STM32C011F6P6, STM32C011F6U3, STM32C011F6U6TR, STM32C011J4M3, STM32C011J4M6, STM32C011J6M3, STM32C011J6M6, STM32C0316-DK, STM32C031C4T3, STM32C031C4T6, STM32C031C4U3, STM32C031C4U6, STM32C031C6T3, STM32C031C6T6, STM32C031C6U3, STM32C031C6U6, STM32C031F4P3, STM32C031F4P6, STM32C031F6P3, STM32C031F6P6, STM32C031G4U3, STM32C031G4U6, STM32C031G6U3, STM32C031G6U6, STM32C031K4T3, STM32C031K4T6, STM32C031K4U3, STM32C031K4U6, STM32C031K6T3, STM32C031K6T6, STM32C031K6U3, STM32C031K6U6, STM32G071K8TXN, STM32G071K8UXN, STM32G081GBU6N, STM32G081KBT6N, STM32G081KBUXN, STM32G0B1CCT6N, STM32G0B1KCT6, STM32G0B1NEY6TR, STM32G0B1RCT6N, STM32G0C1CCT6, STM32G0C1CCT6N, STM32G0C1CCU6N, STM32G0C1CET6N, STM32G0C1CEU6N, STM32G0C1KCT6, STM32G0C1NEY6TR, STM32G0C1RCI6N, STM32G0C1RCT6N, STM32G0C1REI6N, STM32G0C1RET6N, STM32G0C1VCI6, STM32G0C1VEI6, STM32G471CCT6, STM32G471CCU6, STM32G471CET3, STM32G471CET6, STM32G471CEU3, STM32G471CEU6, STM32G471MCT6, STM32G471MET3, STM32G471MET6, STM32G471MEY6TR, STM32G471QCT6, STM32G471QET3, STM32G471RCT6, STM32G471RET3, STM32G471RET6, STM32G471VCH6, STM32G471VCI6, STM32G471VCT6, STM32G471VEH3, STM32G471VEH6, STM32G471VEI3, STM32G471VEI6, STM32G471VET3, STM32G471VET6, STM32G474CCT6, STM32L476VGY6PTR, STM32L4R5QGI6STR, STM32MP131AAE3, STM32MP131AAF3, STM32MP131AAG3, STM32MP131CAE3, STM32MP131CAF3, STM32MP131CAG3, STM32MP131DAE7, STM32MP131DAF7, STM32MP131DAG7, STM32MP131FAE7, STM32MP131FAF7, STM32MP131FAG7, STM32MP133AAE3, STM32MP133AAF3, STM32MP133AAG3, STM32MP133CAE3, STM32MP133CAF3, STM32MP133CAG3, STM32MP133DAE7, STM32MP133DAF7, STM32MP133DAG7, STM32MP133FAE7, STM32MP133FAF7, STM32MP133FAG7, STM32MP135AAE3, STM32MP135AAF3, STM32MP135AAG3, STM32MP135CAE3, STM32MP135CAF3, STM32MP135CAG3, STM32MP135DAE7, STM32MP135DAF7, STM32MP135DAG7, STM32MP135F-DK, STM32MP135FAE7, STM32MP135FAF7, STM32MP135FAG7, STM32U595ZJT6Q, STM32U599BJY6QTR, STM32U599NIH6Q, STM32U599NJH6Q, STM32U5A5ZJT6Q, STM32U5A9BJY6QTR, STM32U5A9NJH6Q, STM32WB1MMCH6]
2022-10-27 04:13:33,130 [INFO] BoardInfo:879 - No configuration file found for board P-NUCLEO-WB55
2022-10-27 04:13:33,131 [INFO] DbBoards:156 - Kit is not supported: P-NUCLEO-WB55
2022-10-27 04:13:33,137 [INFO] BoardInfo:879 - No configuration file found for board STEVAL-BFA001V1B
2022-10-27 04:13:33,137 [INFO] DbBoards:156 - Kit is not supported: STEVAL-BFA001V1B
2022-10-27 04:13:33,138 [INFO] BoardInfo:879 - No configuration file found for board STEVAL-BFA001V2B
2022-10-27 04:13:33,138 [INFO] DbBoards:156 - Kit is not supported: STEVAL-BFA001V2B
2022-10-27 04:13:33,260 [INFO] DbBoards:160 - Found 176 boards, 173 are supported
2022-10-27 04:13:33,267 [INFO] ApiDb:418 - Load user favorites file C:\Users\Zver/.stm32cubeide/favorites.boards.txt: 0 item(s)
2022-10-27 04:13:33,267 [INFO] ApiDb:422 - User favorites Boards=[]
2022-10-27 04:13:33,267 [INFO] DbBoards:189 - Set 0 / 0 favorites Boards
2022-10-27 04:13:45,882 [ERROR] LogOutputStream:74 - [STDERR_REDIRECT] SLF4J: Failed to load class "org.slf4j.impl.StaticLoggerBinder".
2022-10-27 04:13:45,886 [ERROR] LogOutputStream:74 - [STDERR_REDIRECT] SLF4J: Defaulting to no-operation (NOP) logger implementation
2022-10-27 04:13:45,888 [ERROR] LogOutputStream:74 - [STDERR_REDIRECT] SLF4J: See http://www.slf4j.org/codes.html#StaticLoggerBinder for further details.
2022-10-27 04:13:48,148 [INFO] MainUpdater:2768 - connection check result : 10
2022-10-27 04:13:48,150 [INFO] MainUpdater:2768 - connection check result : 10
2022-10-27 04:13:48,169 [INFO] MicroXplorer:451 - Change Database Path : 
2022-10-27 04:13:48,169 [INFO] MicroXplorer:481 - Change Database Version : DB.6.0.60
2022-10-27 04:13:48,170 [WARN] ThirdParty:827 - waiting for thirdparty lock release [close project]
2022-10-27 04:13:48,170 [INFO] ThirdParty:829 - entering critical section [close project]
2022-10-27 04:13:48,171 [INFO] ThirdParty:839 - exiting critical section [close project]
2022-10-27 04:13:48,175 [INFO] PinOutPanel:1468 - setPackage(No Configuration,No Configuration)
2022-10-27 04:13:48,180 [INFO] UtilMem:74 - Begin LoadConfig() Used Memory: 276689904 Bytes (438304768)
2022-10-27 04:13:48,181 [INFO] MicroXplorer:451 - Change Database Path : 
2022-10-27 04:13:48,181 [INFO] MicroXplorer:481 - Change Database Version : DB.6.0.60
2022-10-27 04:13:48,182 [INFO] OpenFileManager:307 - Change cursor
2022-10-27 04:13:48,219 [INFO] Mcu:1922 - Initializing MCU STM32F103C8Tx STM32F103C8Tx 
2022-10-27 04:13:48,220 [INFO] Mcu:1935 - No CPN specified => set CPN to STM32F103C8T6
2022-10-27 04:13:48,878 [INFO] Context:654 - Trying to add GPIOservice into a context  which must be forbidden
2022-10-27 04:13:49,087 [INFO] ImportTextPane:193 - (OptionalMessage_ERROR) Unable to find key (Mcu.ThirdPartyNb) in loaded IOC file
2022-10-27 04:13:49,088 [INFO] ImportTextPane:193 - (OptionalMessage_ERROR) Unable to find key (Mcu.PinsNb) in loaded IOC file
2022-10-27 04:13:49,088 [INFO] ImportTextPane:193 - (OptionalMessage_ERROR) Unable to find key (Mcu.IPNb) in loaded IOC file
2022-10-27 04:13:49,143 [WARN] ApiManager:308 - Cannot register API 'Board Extension:GNSS1A1' from pack STMicroelectronics.X-CUBE-GNSS1.6.0.0: no header file found
2022-10-27 04:13:49,143 [WARN] ApiManager:308 - Cannot register API 'Board Support:Custom' from pack STMicroelectronics.X-CUBE-GNSS1.6.0.0: no header file found
2022-10-27 04:13:49,143 [WARN] ApiManager:308 - Cannot register API 'Data Exchange:lib_gnss' from pack STMicroelectronics.X-CUBE-GNSS1.6.0.0: no header file found
2022-10-27 04:13:49,156 [WARN] ApiManager:308 - Cannot register API 'Wireless:BlueNRG-MS' from pack STMicroelectronics.X-CUBE-BLE1.6.2.3: no header file found
2022-10-27 04:13:49,158 [INFO] RtosManager:488 - Registered RTOS mode: class=CMSIS, group=RTOS, mode=CMSIS_V1, owner=FREERTOS
2022-10-27 04:13:49,158 [INFO] RtosManager:488 - Registered RTOS mode: class=CMSIS, group=RTOS2, mode=CMSIS_V2, owner=FREERTOS
2022-10-27 04:13:49,158 [INFO] RtosManager:488 - Registered RTOS mode: class=RTOS, group=Core, mode=CMSIS_V1, owner=FREERTOS
2022-10-27 04:13:49,158 [INFO] RtosManager:488 - Registered RTOS mode: class=RTOS, group=Core, mode=CMSIS_V2, owner=FREERTOS
2022-10-27 04:13:49,158 [WARN] ModelIntegratedComponent:185 - Missing modes for component STMicroelectronics:FreeRTOS:0.0.1:STMicroelectronics:RTOS:FreeRTOS:Core:::10.2.0:
2022-10-27 04:13:49,162 [WARN] ApiManager:308 - Cannot register API 'Board Extension:S2868A1' from pack STMicroelectronics.X-CUBE-SUBG2.5.0.0: no header file found
2022-10-27 04:13:49,163 [WARN] ApiManager:308 - Cannot register API 'Board Extension:S2868A2' from pack STMicroelectronics.X-CUBE-SUBG2.5.0.0: no header file found
2022-10-27 04:13:49,163 [WARN] ApiManager:308 - Cannot register API 'Board Extension:S2915A1' from pack STMicroelectronics.X-CUBE-SUBG2.5.0.0: no header file found
2022-10-27 04:13:49,167 [WARN] ApiManager:308 - Cannot register API 'Wireless:BlueNRG-MS' from pack STMicroelectronics.X-CUBE-BLE1.6.2.2: no header file found
2022-10-27 04:13:49,168 [WARN] ApiManager:308 - Cannot register API 'Board Extension:NFC04A1' from pack STMicroelectronics.X-CUBE-NFC4.2.0.4: no header file found
2022-10-27 04:13:49,168 [WARN] ApiManager:308 - Cannot register API 'Wireless:BlueNRG-2' from pack STMicroelectronics.X-CUBE-BLE2.3.2.2: no header file found
2022-10-27 04:13:49,169 [WARN] ApiManager:308 - Cannot register API 'Board Extension:NFC04A1' from pack STMicroelectronics.X-CUBE-NFC4.2.0.3: no header file found
2022-10-27 04:13:49,172 [WARN] ApiManager:308 - Cannot register API 'Board Extension:S2868A1' from pack STMicroelectronics.X-CUBE-SFXS2LP1.3.1.0: no header file found
2022-10-27 04:13:49,172 [WARN] ApiManager:308 - Cannot register API 'Board Extension:S2868A2' from pack STMicroelectronics.X-CUBE-SFXS2LP1.3.1.0: no header file found
2022-10-27 04:13:49,172 [WARN] ApiManager:308 - Cannot register API 'Board Extension:S2915A1' from pack STMicroelectronics.X-CUBE-SFXS2LP1.3.1.0: no header file found
2022-10-27 04:13:49,177 [WARN] ModelIntegratedComponent:64 - No mode defined for component null
2022-10-27 04:13:49,177 [WARN] ModelIntegratedComponent:64 - No mode defined for component null
2022-10-27 04:13:49,178 [WARN] ModelIntegratedComponent:64 - No mode defined for component null
2022-10-27 04:13:49,178 [WARN] ModelIntegratedComponent:64 - No mode defined for component null
2022-10-27 04:13:49,178 [WARN] ModelIntegratedComponent:64 - No mode defined for component null
2022-10-27 04:13:49,178 [WARN] ModelIntegratedComponent:64 - No mode defined for component null
2022-10-27 04:13:49,178 [WARN] ModelIntegratedComponent:64 - No mode defined for component null
2022-10-27 04:13:49,178 [WARN] ModelIntegratedComponent:64 - No mode defined for component null
2022-10-27 04:13:49,178 [WARN] ModelIntegratedComponent:64 - No mode defined for component null
2022-10-27 04:13:49,178 [WARN] ModelIntegratedComponent:64 - No mode defined for component null
2022-10-27 04:13:49,178 [WARN] ModelIntegratedComponent:64 - No mode defined for component null
2022-10-27 04:13:49,178 [WARN] ModelIntegratedComponent:64 - No mode defined for component null
2022-10-27 04:13:49,178 [WARN] ModelIntegratedComponent:64 - No mode defined for component null
2022-10-27 04:13:49,178 [WARN] ModelIntegratedComponent:64 - No mode defined for component null
2022-10-27 04:13:49,178 [WARN] ModelIntegratedComponent:64 - No mode defined for component null
2022-10-27 04:13:49,178 [WARN] ModelIntegratedComponent:64 - No mode defined for component null
2022-10-27 04:13:49,178 [WARN] ModelIntegratedComponent:64 - No mode defined for component null
2022-10-27 04:13:49,178 [WARN] ModelIntegratedComponent:64 - No mode defined for component null
2022-10-27 04:13:49,178 [WARN] ModelIntegratedComponent:64 - No mode defined for component null
2022-10-27 04:13:49,178 [WARN] ModelIntegratedComponent:64 - No mode defined for component null
2022-10-27 04:13:49,178 [WARN] ModelIntegratedComponent:64 - No mode defined for component null
2022-10-27 04:13:49,178 [WARN] ModelIntegratedComponent:64 - No mode defined for component null
2022-10-27 04:13:49,178 [WARN] ModelIntegratedComponent:64 - No mode defined for component null
2022-10-27 04:13:49,179 [WARN] ModelIntegratedComponent:64 - No mode defined for component null
2022-10-27 04:13:49,179 [WARN] ModelIntegratedComponent:64 - No mode defined for component null
2022-10-27 04:13:49,179 [WARN] ModelIntegratedComponent:64 - No mode defined for component null
2022-10-27 04:13:49,179 [WARN] ModelIntegratedComponent:64 - No mode defined for component null
2022-10-27 04:13:49,179 [WARN] ModelIntegratedComponent:64 - No mode defined for component null
2022-10-27 04:13:49,179 [WARN] ModelIntegratedComponent:64 - No mode defined for component null
2022-10-27 04:13:49,179 [WARN] ModelIntegratedComponent:64 - No mode defined for component null
2022-10-27 04:13:49,179 [WARN] ModelIntegratedComponent:64 - No mode defined for component null
2022-10-27 04:13:49,179 [WARN] ModelIntegratedComponent:64 - No mode defined for component null
2022-10-27 04:13:49,179 [WARN] ModelIntegratedComponent:64 - No mode defined for component null
2022-10-27 04:13:49,181 [WARN] ApiManager:308 - Cannot register API 'Board Extension:NFC07A1' from pack STMicroelectronics.X-CUBE-NFC7.1.0.0: no header file found
2022-10-27 04:13:49,186 [WARN] ApiManager:308 - Cannot register API 'Board Extension:S2868A1' from pack STMicroelectronics.X-CUBE-SUBG2.4.2.0: no header file found
2022-10-27 04:13:49,186 [WARN] ApiManager:308 - Cannot register API 'Board Extension:S2868A2' from pack STMicroelectronics.X-CUBE-SUBG2.4.2.0: no header file found
2022-10-27 04:13:49,187 [WARN] ApiManager:308 - Cannot register API 'Board Extension:S2915A1' from pack STMicroelectronics.X-CUBE-SUBG2.4.2.0: no header file found
2022-10-27 04:13:49,281 [WARN] ApiManager:308 - Cannot register API 'Board Extension:IKS01A3' from pack STMicroelectronics.X-CUBE-MEMS1.9.1.0: no header file found
2022-10-27 04:13:49,281 [WARN] ApiManager:308 - Cannot register API 'Board Extension:IKS01A2' from pack STMicroelectronics.X-CUBE-MEMS1.9.1.0: no header file found
2022-10-27 04:13:49,281 [WARN] ApiManager:308 - Cannot register API 'Board Extension:IKS02A1' from pack STMicroelectronics.X-CUBE-MEMS1.9.1.0: no header file found
2022-10-27 04:13:49,351 [WARN] ApiManager:308 - Cannot register API 'Board Extension:IKS01A3' from pack STMicroelectronics.X-CUBE-MEMS1.9.3.0: no header file found
2022-10-27 04:13:49,351 [WARN] ApiManager:308 - Cannot register API 'Board Extension:IKS01A2' from pack STMicroelectronics.X-CUBE-MEMS1.9.3.0: no header file found
2022-10-27 04:13:49,351 [WARN] ApiManager:308 - Cannot register API 'Board Extension:IKS02A1' from pack STMicroelectronics.X-CUBE-MEMS1.9.3.0: no header file found
2022-10-27 04:13:49,357 [WARN] ApiManager:308 - Cannot register API 'Board Extension:EEPRMA1' from pack STMicroelectronics.X-CUBE-EEPRMA1.3.1.1: no header file found
2022-10-27 04:13:49,357 [WARN] ApiManager:308 - Cannot register API 'Board Extension:EEPRMA2' from pack STMicroelectronics.X-CUBE-EEPRMA1.3.1.1: no header file found
2022-10-27 04:13:49,357 [WARN] ApiManager:308 - Cannot register API 'Board Extension:GNSS1A1' from pack STMicroelectronics.X-CUBE-GNSS1.5.2.0: no header file found
2022-10-27 04:13:49,357 [WARN] ApiManager:308 - Cannot register API 'Board Support:Custom' from pack STMicroelectronics.X-CUBE-GNSS1.5.2.0: no header file found
2022-10-27 04:13:49,357 [WARN] ApiManager:308 - Cannot register API 'Data Exchange:lib_gnss' from pack STMicroelectronics.X-CUBE-GNSS1.5.2.0: no header file found
2022-10-27 04:13:49,358 [WARN] ApiManager:308 - Cannot register API 'Board Extension:S2868A1' from pack STMicroelectronics.X-CUBE-SFXS2LP1.4.0.0: no header file found
2022-10-27 04:13:49,358 [WARN] ApiManager:308 - Cannot register API 'Board Extension:S2868A2' from pack STMicroelectronics.X-CUBE-SFXS2LP1.4.0.0: no header file found
2022-10-27 04:13:49,358 [WARN] ApiManager:308 - Cannot register API 'Board Extension:S2915A1' from pack STMicroelectronics.X-CUBE-SFXS2LP1.4.0.0: no header file found
2022-10-27 04:13:49,359 [WARN] ApiManager:308 - Cannot register API 'Wireless:BlueNRG-2' from pack STMicroelectronics.X-CUBE-BLE2.3.3.0: no header file found
2022-10-27 04:13:49,370 [INFO] ThirdPartyModel:289 - Start build external matchings
2022-10-27 04:13:49,904 [INFO] ThirdPartyModel:302 - End build external matchings
2022-10-27 04:13:50,072 [INFO] UtilMem:74 - End LoadConfig() Used Memory: 219084640 Bytes (438304768)
2022-10-27 04:13:50,088 [WARN] ThirdParty:789 - waiting for thirdparty lock release [change project]
2022-10-27 04:13:50,088 [INFO] ThirdParty:791 - entering critical section [change project]
2022-10-27 04:13:50,089 [INFO] ThirdParty:981 - CMSIS Pack Vendor :wolfSSL I-CUBE-wolfSSL 5.2.0
2022-10-27 04:13:50,089 [INFO] ThirdParty:981 - CMSIS Pack Vendor :RoweBots I-CUBE-UNISONRTOS 5.5.0-4
2022-10-27 04:13:50,089 [INFO] ThirdParty:981 - CMSIS Pack Vendor :STMicroelectronics X-CUBE-GNSS1 6.0.0
2022-10-27 04:13:50,089 [INFO] ThirdParty:981 - CMSIS Pack Vendor :STMicroelectronics X-CUBE-AZRTOS-H7 2.1.0
2022-10-27 04:13:50,090 [INFO] ThirdParty:981 - CMSIS Pack Vendor :STMicroelectronics USB_HOST 2.0.0
2022-10-27 04:13:50,090 [INFO] ThirdParty:981 - CMSIS Pack Vendor :STMicroelectronics X-CUBE-AZRTOS-F4 1.1.0
2022-10-27 04:13:50,090 [INFO] ThirdParty:981 - CMSIS Pack Vendor :STMicroelectronics LIBJPEG 8.0.0
2022-10-27 04:13:50,090 [INFO] ThirdParty:981 - CMSIS Pack Vendor :STMicroelectronics USB_DEVICE 3.0.0
2022-10-27 04:13:50,090 [INFO] ThirdParty:981 - CMSIS Pack Vendor :STMicroelectronics X-CUBE-BLEMGR 1.0.0
2022-10-27 04:13:50,090 [INFO] ThirdParty:981 - CMSIS Pack Vendor :STMicroelectronics X-CUBE-BLEMGR 1.2.0
2022-10-27 04:13:50,090 [INFO] ThirdParty:981 - CMSIS Pack Vendor :STMicroelectronics X-CUBE-AZRTOS-F7 1.1.0
2022-10-27 04:13:50,090 [INFO] ThirdParty:981 - CMSIS Pack Vendor :STMicroelectronics USB_DEVICE 2.0.0
2022-10-27 04:13:50,090 [INFO] ThirdParty:981 - CMSIS Pack Vendor :STMicroelectronics X-CUBE-AI 7.1.0
2022-10-27 04:13:50,090 [INFO] ThirdParty:981 - CMSIS Pack Vendor :STMicroelectronics X-CUBE-BLE1 6.2.3
2022-10-27 04:13:50,091 [INFO] ThirdParty:981 - CMSIS Pack Vendor :STMicroelectronics X-CUBE-ALGOBUILD 1.3.0
2022-10-27 04:13:50,091 [INFO] ThirdParty:981 - CMSIS Pack Vendor :STMicroelectronics FreeRTOS 0.0.1
2022-10-27 04:13:50,091 [INFO] ThirdParty:981 - CMSIS Pack Vendor :STMicroelectronics X-CUBE-AZRTOS-G0 1.1.0
2022-10-27 04:13:50,091 [INFO] ThirdParty:981 - CMSIS Pack Vendor :STMicroelectronics X-CUBE-SUBG2 5.0.0
2022-10-27 04:13:50,091 [INFO] ThirdParty:981 - CMSIS Pack Vendor :SEGGER I-CUBE-embOS 1.2.0
2022-10-27 04:13:50,091 [INFO] ThirdParty:981 - CMSIS Pack Vendor :STMicroelectronics STM32_WPAN 1.0.0
2022-10-27 04:13:50,091 [INFO] ThirdParty:981 - CMSIS Pack Vendor :STMicroelectronics lwIP 2.0.3
2022-10-27 04:13:50,091 [INFO] ThirdParty:981 - CMSIS Pack Vendor :STMicroelectronics X-CUBE-BLE1 6.2.2
2022-10-27 04:13:50,091 [INFO] ThirdParty:981 - CMSIS Pack Vendor :STMicroelectronics X-CUBE-NFC4 2.0.4
2022-10-27 04:13:50,091 [INFO] ThirdParty:981 - CMSIS Pack Vendor :STMicroelectronics X-CUBE-BLE2 3.2.2
2022-10-27 04:13:50,091 [INFO] ThirdParty:981 - CMSIS Pack Vendor :STMicroelectronics USB_HOST 1.0.0
2022-10-27 04:13:50,092 [INFO] ThirdParty:981 - CMSIS Pack Vendor :STMicroelectronics X-CUBE-NFC4 2.0.3
2022-10-27 04:13:50,092 [INFO] ThirdParty:981 - CMSIS Pack Vendor :STMicroelectronics PDM2PCM 3.1.0
2022-10-27 04:13:50,092 [INFO] ThirdParty:981 - CMSIS Pack Vendor :STMicroelectronics FP-ATR-ASTRA1 1.1.1
2022-10-27 04:13:50,092 [INFO] ThirdParty:981 - CMSIS Pack Vendor :STMicroelectronics PDM2PCM 3.3.0
2022-10-27 04:13:50,092 [INFO] ThirdParty:981 - CMSIS Pack Vendor :STMicroelectronics X-CUBE-TOF1 3.1.0
2022-10-27 04:13:50,093 [INFO] ThirdParty:981 - CMSIS Pack Vendor :STMicroelectronics X-CUBE-SFXS2LP1 3.1.0
2022-10-27 04:13:50,093 [INFO] ThirdParty:981 - CMSIS Pack Vendor :STMicroelectronics X-CUBE-AZRTOS-F4 1.0.0
2022-10-27 04:13:50,093 [INFO] ThirdParty:981 - CMSIS Pack Vendor :STMicroelectronics X-CUBE-AZRTOS-H7 2.0.0
2022-10-27 04:13:50,093 [INFO] ThirdParty:981 - CMSIS Pack Vendor :STMicroelectronics X-CUBE-AZRTOS-G4 1.0.0
2022-10-27 04:13:50,093 [INFO] ThirdParty:981 - CMSIS Pack Vendor :STMicroelectronics FP-ATR-SIGFOX1 3.2.0
2022-10-27 04:13:50,093 [INFO] ThirdParty:981 - CMSIS Pack Vendor :STMicroelectronics X-CUBE-AZRTOS-L4 1.0.0
2022-10-27 04:13:50,093 [INFO] ThirdParty:981 - CMSIS Pack Vendor :STMicroelectronics HAL Drivers 0.0.0
2022-10-27 04:13:50,093 [INFO] ThirdParty:981 - CMSIS Pack Vendor :STMicroelectronics MBEDTLS 2.16.2
2022-10-27 04:13:50,093 [INFO] ThirdParty:981 - CMSIS Pack Vendor :emotas I-CUBE-CANOPEN 1.1.2
2022-10-27 04:13:50,095 [INFO] ThirdParty:981 - CMSIS Pack Vendor :STMicroelectronics X-CUBE-TOUCHGFX 4.20.0
2022-10-27 04:13:50,095 [INFO] ThirdParty:981 - CMSIS Pack Vendor :STMicroelectronics MBEDTLS 2.14.1
2022-10-27 04:13:50,095 [INFO] ThirdParty:981 - CMSIS Pack Vendor :STMicroelectronics X-CUBE-NFC7 1.0.0
2022-10-27 04:13:50,095 [INFO] ThirdParty:981 - CMSIS Pack Vendor :STMicroelectronics X-CUBE-AZRTOS-F7 1.0.0
2022-10-27 04:13:50,095 [INFO] ThirdParty:981 - CMSIS Pack Vendor :STMicroelectronics X-CUBE-AZRTOS-WL 1.0.0
2022-10-27 04:13:50,095 [INFO] ThirdParty:981 - CMSIS Pack Vendor :STMicroelectronics X-CUBE-SUBG2 4.2.0
2022-10-27 04:13:50,096 [INFO] ThirdParty:981 - CMSIS Pack Vendor :STMicroelectronics X-CUBE-MEMS1 9.1.0
2022-10-27 04:13:50,096 [INFO] ThirdParty:981 - CMSIS Pack Vendor :STMicroelectronics X-CUBE-MEMS1 9.3.0
2022-10-27 04:13:50,096 [INFO] ThirdParty:981 - CMSIS Pack Vendor :portGmbH I-Cube-SoM-uGOAL 1.1.0
2022-10-27 04:13:50,096 [INFO] ThirdParty:981 - CMSIS Pack Vendor :STMicroelectronics X-CUBE-ALS 1.0.1
2022-10-27 04:13:50,096 [INFO] ThirdParty:981 - CMSIS Pack Vendor :STMicroelectronics X-CUBE-AI 7.2.0
2022-10-27 04:13:50,096 [INFO] ThirdParty:981 - CMSIS Pack Vendor :STMicroelectronics ThreadX 1.0.0
2022-10-27 04:13:50,097 [INFO] ThirdParty:981 - CMSIS Pack Vendor :STMicroelectronics X-CUBE-AZRTOS-L5 1.0.0
2022-10-27 04:13:50,097 [INFO] ThirdParty:981 - CMSIS Pack Vendor :STMicroelectronics USB_DEVICE 1.0.0
2022-10-27 04:13:50,097 [INFO] ThirdParty:981 - CMSIS Pack Vendor :STMicroelectronics X-CUBE-AZRTOS-G0 1.0.0
2022-10-27 04:13:50,097 [INFO] ThirdParty:981 - CMSIS Pack Vendor :STMicroelectronics X-CUBE-EEPRMA1 3.1.1
2022-10-27 04:13:50,097 [INFO] ThirdParty:981 - CMSIS Pack Vendor :STMicroelectronics X-CUBE-GNSS1 5.2.0
2022-10-27 04:13:50,097 [INFO] ThirdParty:981 - CMSIS Pack Vendor :STMicroelectronics ThreadX 0.0.2
2022-10-27 04:13:50,097 [INFO] ThirdParty:981 - CMSIS Pack Vendor :STMicroelectronics lwIP 2.1.2
2022-10-27 04:13:50,097 [INFO] ThirdParty:981 - CMSIS Pack Vendor :STMicroelectronics X-CUBE-SFXS2LP1 4.0.0
2022-10-27 04:13:50,097 [INFO] ThirdParty:981 - CMSIS Pack Vendor :STMicroelectronics X-CUBE-BLE2 3.3.0
2022-10-27 04:13:50,097 [INFO] ThirdParty:981 - CMSIS Pack Vendor :STMicroelectronics X-CUBE-DISPLAY 2.0.1
2022-10-27 04:13:50,097 [INFO] ThirdParty:981 - CMSIS Pack Vendor :STMicroelectronics X-CUBE-DISPLAY 2.2.0
2022-10-27 04:13:50,097 [INFO] ThirdParty:981 - CMSIS Pack Vendor :STMicroelectronics X-CUBE-TOF1 3.2.0
2022-10-27 04:13:50,097 [INFO] ThirdParty:981 - CMSIS Pack Vendor :STMicroelectronics PDM2PCM 3.2.0
2022-10-27 04:13:50,098 [INFO] ThirdParty:981 - CMSIS Pack Vendor :STMicroelectronics X-CUBE-TOUCHGFX 4.18.1
2022-10-27 04:13:50,098 [INFO] ThirdParty:981 - CMSIS Pack Vendor :STMicroelectronics X-CUBE-TOF1 3.0.0
2022-10-27 04:13:50,098 [INFO] ThirdParty:981 - CMSIS Pack Vendor :STMicroelectronics X-CUBE-ISPU 1.0.0
2022-10-27 04:13:50,098 [INFO] ThirdParty:797 - exiting critical section [change project]
2022-10-27 04:13:50,346 [INFO] PinOutPanel:1468 - setPackage(No Configuration,No Configuration)
2022-10-27 04:13:50,348 [INFO] PinOutPanel:1468 - setPackage(STM32F103C8Tx,LQFP48)
2022-10-27 04:13:50,810 [INFO] UtilMem:74 - Before build in PCC Used Memory: 217346104 Bytes (438304768)
2022-10-27 04:13:51,499 [INFO] UtilMem:74 - After build in PCC Used Memory: 244883968 Bytes (438304768)
2022-10-27 04:13:51,520 [INFO] IPUIPlugin:79 - create IPUIPlugin
2022-10-27 04:13:51,520 [INFO] IPUIPlugin:79 - create IPUIPlugin
2022-10-27 04:13:51,520 [INFO] IPUIPlugin:79 - create IPUIPlugin
2022-10-27 04:13:51,521 [INFO] IPUIPlugin:79 - create IPUIPlugin
2022-10-27 04:13:51,521 [INFO] IPUIPlugin:79 - create IPUIPlugin
2022-10-27 04:13:51,521 [INFO] IPUIPlugin:79 - create IPUIPlugin
2022-10-27 04:13:51,521 [INFO] IPUIPlugin:79 - create IPUIPlugin
2022-10-27 04:13:51,521 [INFO] IPUIPlugin:79 - create IPUIPlugin
2022-10-27 04:13:51,521 [INFO] IPUIPlugin:79 - create IPUIPlugin
2022-10-27 04:13:51,521 [INFO] IPUIPlugin:79 - create IPUIPlugin
2022-10-27 04:13:51,522 [INFO] IPUIPlugin:79 - create IPUIPlugin
2022-10-27 04:13:51,522 [INFO] IPUIPlugin:79 - create IPUIPlugin
2022-10-27 04:13:51,522 [INFO] IPUIPlugin:79 - create IPUIPlugin
2022-10-27 04:13:51,523 [INFO] IPUIPlugin:79 - create IPUIPlugin
2022-10-27 04:13:51,523 [INFO] IPUIPlugin:79 - create IPUIPlugin
2022-10-27 04:13:51,523 [INFO] IPUIPlugin:79 - create IPUIPlugin
2022-10-27 04:13:51,523 [INFO] IPUIPlugin:79 - create IPUIPlugin
2022-10-27 04:13:51,524 [INFO] IPUIPlugin:79 - create IPUIPlugin
2022-10-27 04:13:51,524 [INFO] IPUIPlugin:79 - create IPUIPlugin
2022-10-27 04:13:51,524 [INFO] IPUIPlugin:79 - create IPUIPlugin
2022-10-27 04:13:51,525 [INFO] IPUIPlugin:79 - create IPUIPlugin
2022-10-27 04:13:51,525 [INFO] IPUIPlugin:79 - create IPUIPlugin
2022-10-27 04:13:51,525 [INFO] IPUIPlugin:79 - create IPUIPlugin
2022-10-27 04:13:51,526 [INFO] IPUIPlugin:79 - create IPUIPlugin
2022-10-27 04:13:51,526 [INFO] IPUIPlugin:79 - create IPUIPlugin
2022-10-27 04:13:51,526 [INFO] IPUIPlugin:79 - create IPUIPlugin
2022-10-27 04:13:51,527 [INFO] IPUIPlugin:79 - create IPUIPlugin
2022-10-27 04:13:51,753 [INFO] OpenFileManager:327 - Restore cursor
2022-10-27 04:13:52,172 [INFO] UtilMem:74 - End SaveConfig() Used Memory: 199883824 Bytes (438304768)
2022-10-27 04:13:52,223 [INFO] UtilMem:74 - End SaveConfig() Used Memory: 211418160 Bytes (438304768)
2022-10-27 04:13:52,553 [INFO] BlockDiagram:2753 - set Specific Code input for plugin: NVIC
2022-10-27 04:13:52,554 [INFO] BlockDiagram:2753 - set Specific Code input for plugin: RCC
2022-10-27 04:13:52,555 [INFO] CodeGenerator:690 - code generatio: config db path: C:\ST\STM32CubeIDE_1.9.0\STM32CubeIDE\plugins\com.st.stm32cube.common.mx_6.6.1.202207061420\\db\
2022-10-27 04:13:52,962 [INFO] CodeEngine:245 - oldGeneratedFile, D:\github\mc\stm32\ADC_RGB_LED_Multi channel\ADC_RGB_LED_Multi channel\MXTmpFiles\license.tmp_save
2022-10-27 04:13:53,294 [INFO] CodeEngine:269 - Generated code: D:\github\mc\stm32\ADC_RGB_LED_Multi channel\ADC_RGB_LED_Multi channel\MXTmpFiles\license.tmp
2022-10-27 04:13:53,308 [INFO] CodeEngine:245 - oldGeneratedFile, D:\github\mc\stm32\ADC_RGB_LED_Multi channel\ADC_RGB_LED_Multi channel\Core\Src\stm32f1xx_it.c_save
2022-10-27 04:13:53,469 [INFO] CodeEngine:269 - Generated code: D:\github\mc\stm32\ADC_RGB_LED_Multi channel\ADC_RGB_LED_Multi channel\Core\Src\stm32f1xx_it.c
2022-10-27 04:13:53,481 [INFO] CodeEngine:245 - oldGeneratedFile, D:\github\mc\stm32\ADC_RGB_LED_Multi channel\ADC_RGB_LED_Multi channel\Core\Inc\stm32f1xx_it.h_save
2022-10-27 04:13:53,560 [INFO] CodeEngine:269 - Generated code: D:\github\mc\stm32\ADC_RGB_LED_Multi channel\ADC_RGB_LED_Multi channel\Core\Inc\stm32f1xx_it.h
2022-10-27 04:13:53,627 [INFO] CodeEngine:245 - oldGeneratedFile, D:\github\mc\stm32\ADC_RGB_LED_Multi channel\ADC_RGB_LED_Multi channel\Core\Src\stm32f1xx_hal_msp.c_save
2022-10-27 04:13:53,845 [INFO] CodeEngine:269 - Generated code: D:\github\mc\stm32\ADC_RGB_LED_Multi channel\ADC_RGB_LED_Multi channel\Core\Src\stm32f1xx_hal_msp.c
2022-10-27 04:13:53,852 [INFO] CodeEngine:245 - oldGeneratedFile, D:\github\mc\stm32\ADC_RGB_LED_Multi channel\ADC_RGB_LED_Multi channel\MXTmpFiles\system.tmp_save
2022-10-27 04:13:53,928 [INFO] CodeEngine:269 - Generated code: D:\github\mc\stm32\ADC_RGB_LED_Multi channel\ADC_RGB_LED_Multi channel\MXTmpFiles\system.tmp
2022-10-27 04:13:53,940 [INFO] CodeEngine:245 - oldGeneratedFile, D:\github\mc\stm32\ADC_RGB_LED_Multi channel\ADC_RGB_LED_Multi channel\Core\Inc\stm32f1xx_hal_conf.h_save
2022-10-27 04:13:54,075 [INFO] CodeEngine:269 - Generated code: D:\github\mc\stm32\ADC_RGB_LED_Multi channel\ADC_RGB_LED_Multi channel\Core\Inc\stm32f1xx_hal_conf.h
2022-10-27 04:13:54,125 [INFO] CodeEngine:245 - oldGeneratedFile, D:\github\mc\stm32\ADC_RGB_LED_Multi channel\ADC_RGB_LED_Multi channel\Core\Inc\main.h_save
2022-10-27 04:13:54,240 [INFO] CodeEngine:269 - Generated code: D:\github\mc\stm32\ADC_RGB_LED_Multi channel\ADC_RGB_LED_Multi channel\Core\Inc\main.h
2022-10-27 04:13:54,253 [INFO] CodeEngine:245 - oldGeneratedFile, D:\github\mc\stm32\ADC_RGB_LED_Multi channel\ADC_RGB_LED_Multi channel\Core\Src\main.c_save
2022-10-27 04:13:54,421 [INFO] CodeEngine:269 - Generated code: D:\github\mc\stm32\ADC_RGB_LED_Multi channel\ADC_RGB_LED_Multi channel\Core\Src\main.c
2022-10-27 04:13:55,044 [INFO] ProjectBuilder:2919 - Time for Copy HAL[1] : 158mS.
2022-10-27 04:13:55,055 [INFO] ProjectBuilder:4117 - Project Generator version: 3.17.1
2022-10-27 04:13:55,527 [INFO] ConfigFileManager:1394 - The Die is : DIE410
2022-10-27 04:13:55,541 [INFO] ApiDbMcu:505 - Load IP Config File for FATFS
2022-10-27 04:13:55,574 [INFO] ApiDbMcu:505 - Load IP Config File for FREERTOS
2022-10-27 04:13:55,600 [INFO] ApiDbMcu:505 - Load IP Config File for USB_DEVICE
2022-10-27 04:13:58,360 [INFO] ProjectBuilder:4285 - Time for Generating toolchain IDE Files: 3305mS.
2022-10-27 04:13:58,361 [INFO] ProjectBuilder:2790 - Time for Copy CMSIS : 0mS.
2022-10-27 04:13:58,362 [INFO] ProjectBuilder:2790 - Time for Copy CMSIS : 0mS.
2022-10-27 04:13:59,460 [INFO] McuFinderGlobals:57 - Set McuFinderConnectedMode to true
2022-10-27 04:13:59,462 [INFO] ApiDb:443 - Save user favorites file C:\Users\Zver/.stm32cubeide/favorites.mcus.txt: 1 item(s)
2022-10-27 04:13:59,462 [INFO] ApiDb:447 - User favorites MCUs=[STM32F103C8T6]
2022-10-27 04:31:08,081 [INFO] ParamManager:829 - [Generic UI] PropertyChangeEvent: TAB_STATUS_CHANGED , "dont care", "never mind"
2022-10-27 04:31:08,101 [INFO] ParamManager:829 - [Generic UI] PropertyChangeEvent: TAB_STATUS_CHANGED , "dont care", "never mind"
2022-10-27 04:31:08,115 [INFO] ADCParametersView:113 -                Rank 1 : false
2022-10-27 04:31:08,192 [INFO] ADCParametersView:113 -                Rank 1 : false
2022-10-27 04:31:08,193 [INFO] ADCParametersView:113 -                Rank 1 : false
2022-10-27 04:31:08,193 [INFO] ADCParametersView:113 -                Rank 1 : false
2022-10-27 04:31:08,193 [INFO] ADCParametersView:113 -                Rank 1 : false
2022-10-27 04:31:08,193 [INFO] ADCParametersView:113 -                Rank 1 : false
2022-10-27 04:31:08,193 [INFO] ADCParametersView:113 -                Rank 1 : false
2022-10-27 04:31:08,194 [INFO] ADCParametersView:113 -                Rank 1 : false
2022-10-27 04:31:08,194 [INFO] ADCParametersView:113 -                Rank 1 : false
2022-10-27 04:31:08,194 [INFO] ADCParametersView:113 -                Rank 1 : false
2022-10-27 04:31:08,194 [INFO] ADCParametersView:113 -                Rank 1 : false
2022-10-27 04:31:08,199 [INFO] ADCParametersView:113 -                Rank 1 : false
2022-10-27 04:31:08,277 [INFO] NvicIntPanel:100 - NVIC parent = com.st.microxplorer.plugins.ip.nvic.MultiNvicIntPanel[,0,0,0x0,invalid,layout=javax.swing.BoxLayout,alignmentX=0.0,alignmentY=0.0,border=,flags=9,maximumSize=,minimumSize=,preferredSize=]
2022-10-27 04:31:08,337 [INFO] NvicIntPanel:100 - NVIC parent = com.st.microxplorer.plugins.ip.nvic.MultiNvicIntPanel[,0,0,0x0,invalid,layout=javax.swing.BoxLayout,alignmentX=0.0,alignmentY=0.0,border=,flags=9,maximumSize=,minimumSize=,preferredSize=]
2022-10-27 04:31:08,389 [INFO] ADCParametersView:113 -                Rank 1 : false
2022-10-27 04:31:08,389 [INFO] ADCParametersView:113 -                Rank 1 : false
2022-10-27 04:31:08,389 [INFO] ADCParametersView:113 -                Rank 1 : false
2022-10-27 04:31:08,390 [INFO] ADCParametersView:113 -                Rank 1 : false
2022-10-27 04:31:08,390 [INFO] ADCParametersView:113 -                Rank 1 : false
2022-10-27 04:31:08,390 [INFO] ADCParametersView:113 -                Rank 1 : false
2022-10-27 04:31:08,390 [INFO] ADCParametersView:113 -                Rank 1 : false
2022-10-27 04:31:08,390 [INFO] ADCParametersView:113 -                Rank 1 : false
2022-10-27 04:31:08,390 [INFO] ADCParametersView:113 -                Rank 1 : false
2022-10-27 04:31:08,391 [INFO] ADCParametersView:113 -                Rank 1 : false
2022-10-27 04:31:08,396 [INFO] ADCParametersView:113 -                Rank 1 : false
2022-10-27 04:31:08,409 [INFO] ADCParametersView:113 -                Rank 1 : false
2022-10-27 04:31:08,409 [INFO] ADCParametersView:113 -                Rank 1 : false
2022-10-27 04:31:08,409 [INFO] ADCParametersView:113 -                Rank 1 : false
2022-10-27 04:31:08,409 [INFO] ADCParametersView:113 -                Rank 1 : false
2022-10-27 04:31:08,410 [INFO] ADCParametersView:113 -                Rank 1 : false
2022-10-27 04:31:08,410 [INFO] ADCParametersView:113 -                Rank 1 : false
2022-10-27 04:31:08,410 [INFO] ADCParametersView:113 -                Rank 1 : false
2022-10-27 04:31:08,410 [INFO] ADCParametersView:113 -                Rank 1 : false
2022-10-27 04:31:08,410 [INFO] ADCParametersView:113 -                Rank 1 : false
2022-10-27 04:31:08,410 [INFO] ADCParametersView:113 -                Rank 1 : false
2022-10-27 04:31:08,417 [INFO] ADCParametersView:113 -                Rank 1 : false
2022-10-27 04:31:09,072 [INFO] ADCParametersView:113 -                Rank 1 : false
2022-10-27 04:31:09,072 [INFO] ADCParametersView:113 -                Rank 1 : false
2022-10-27 04:31:09,073 [INFO] ADCParametersView:113 -                Rank 1 : false
2022-10-27 04:31:09,073 [INFO] ADCParametersView:113 -                Rank 1 : false
2022-10-27 04:31:09,073 [INFO] ADCParametersView:113 -                Rank 1 : false
2022-10-27 04:31:09,073 [INFO] ADCParametersView:113 -                Rank 1 : false
2022-10-27 04:31:09,074 [INFO] ADCParametersView:113 -                Rank 1 : false
2022-10-27 04:31:09,074 [INFO] ADCParametersView:113 -                Rank 1 : false
2022-10-27 04:31:09,074 [INFO] ADCParametersView:113 -                Rank 1 : false
2022-10-27 04:31:09,074 [INFO] ADCParametersView:113 -                Rank 1 : false
2022-10-27 04:31:09,079 [INFO] ADCParametersView:113 -                Rank 1 : false
2022-10-27 04:31:09,094 [INFO] ADCParametersView:113 -                Rank 1 : false
2022-10-27 04:31:09,095 [INFO] ADCParametersView:113 -                Rank 1 : false
2022-10-27 04:31:09,095 [INFO] ADCParametersView:113 -                Rank 1 : false
2022-10-27 04:31:09,095 [INFO] ADCParametersView:113 -                Rank 1 : false
2022-10-27 04:31:09,095 [INFO] ADCParametersView:113 -                Rank 1 : false
2022-10-27 04:31:09,096 [INFO] ADCParametersView:113 -                Rank 1 : false
2022-10-27 04:31:09,096 [INFO] ADCParametersView:113 -                Rank 1 : false
2022-10-27 04:31:09,096 [INFO] ADCParametersView:113 -                Rank 1 : false
2022-10-27 04:31:09,096 [INFO] ADCParametersView:113 -                Rank 1 : false
2022-10-27 04:31:09,096 [INFO] ADCParametersView:113 -                Rank 1 : false
2022-10-27 04:31:09,101 [INFO] ADCParametersView:113 -                Rank 1 : false
2022-10-27 04:31:09,127 [INFO] ADCParametersView:113 -                Rank 1 : false
2022-10-27 04:31:09,127 [INFO] ADCParametersView:113 -                Rank 1 : false
2022-10-27 04:31:09,128 [INFO] ADCParametersView:113 -                Rank 1 : false
2022-10-27 04:31:09,128 [INFO] ADCParametersView:113 -                Rank 1 : false
2022-10-27 04:31:09,128 [INFO] ADCParametersView:113 -                Rank 1 : false
2022-10-27 04:31:09,128 [INFO] ADCParametersView:113 -                Rank 1 : false
2022-10-27 04:31:09,128 [INFO] ADCParametersView:113 -                Rank 1 : false
2022-10-27 04:31:09,129 [INFO] ADCParametersView:113 -                Rank 1 : false
2022-10-27 04:31:09,129 [INFO] ADCParametersView:113 -                Rank 1 : false
2022-10-27 04:31:09,129 [INFO] ADCParametersView:113 -                Rank 1 : false
2022-10-27 04:31:09,133 [INFO] ADCParametersView:113 -                Rank 1 : false
2022-10-27 04:31:09,147 [INFO] ADCParametersView:113 -                Rank 1 : false
2022-10-27 04:31:09,147 [INFO] ADCParametersView:113 -                Rank 1 : false
2022-10-27 04:31:09,147 [INFO] ADCParametersView:113 -                Rank 1 : false
2022-10-27 04:31:09,147 [INFO] ADCParametersView:113 -                Rank 1 : false
2022-10-27 04:31:09,148 [INFO] ADCParametersView:113 -                Rank 1 : false
2022-10-27 04:31:09,148 [INFO] ADCParametersView:113 -                Rank 1 : false
2022-10-27 04:31:09,148 [INFO] ADCParametersView:113 -                Rank 1 : false
2022-10-27 04:31:09,148 [INFO] ADCParametersView:113 -                Rank 1 : false
2022-10-27 04:31:09,148 [INFO] ADCParametersView:113 -                Rank 1 : false
2022-10-27 04:31:09,148 [INFO] ADCParametersView:113 -                Rank 1 : false
2022-10-27 04:31:09,154 [INFO] ADCParametersView:113 -                Rank 1 : false
2022-10-27 04:31:09,206 [INFO] ADCParametersView:113 -                Rank 1 : false
2022-10-27 04:31:09,206 [INFO] ADCParametersView:113 -                Rank 1 : false
2022-10-27 04:31:09,207 [INFO] ADCParametersView:113 -                Rank 1 : false
2022-10-27 04:31:09,207 [INFO] ADCParametersView:113 -                Rank 1 : false
2022-10-27 04:31:09,207 [INFO] ADCParametersView:113 -                Rank 1 : false
2022-10-27 04:31:09,207 [INFO] ADCParametersView:113 -                Rank 1 : false
2022-10-27 04:31:09,207 [INFO] ADCParametersView:113 -                Rank 1 : false
2022-10-27 04:31:09,207 [INFO] ADCParametersView:113 -                Rank 1 : false
2022-10-27 04:31:09,207 [INFO] ADCParametersView:113 -                Rank 1 : false
2022-10-27 04:31:09,207 [INFO] ADCParametersView:113 -                Rank 1 : false
2022-10-27 04:31:09,211 [INFO] ADCParametersView:113 -                Rank 1 : false
2022-10-27 04:31:09,223 [INFO] ADCParametersView:113 -                Rank 1 : false
2022-10-27 04:31:09,223 [INFO] ADCParametersView:113 -                Rank 1 : false
2022-10-27 04:31:09,224 [INFO] ADCParametersView:113 -                Rank 1 : false
2022-10-27 04:31:09,224 [INFO] ADCParametersView:113 -                Rank 1 : false
2022-10-27 04:31:09,224 [INFO] ADCParametersView:113 -                Rank 1 : false
2022-10-27 04:31:09,224 [INFO] ADCParametersView:113 -                Rank 1 : false
2022-10-27 04:31:09,224 [INFO] ADCParametersView:113 -                Rank 1 : false
2022-10-27 04:31:09,224 [INFO] ADCParametersView:113 -                Rank 1 : false
2022-10-27 04:31:09,224 [INFO] ADCParametersView:113 -                Rank 1 : false
2022-10-27 04:31:09,224 [INFO] ADCParametersView:113 -                Rank 1 : false
2022-10-27 04:31:09,228 [INFO] ADCParametersView:113 -                Rank 1 : false
2022-10-27 04:31:09,905 [INFO] ADCParametersView:113 -                Rank 1 : false
2022-10-27 04:31:09,905 [INFO] ADCParametersView:113 -                Rank 1 : false
2022-10-27 04:31:09,905 [INFO] ADCParametersView:113 -                Rank 1 : false
2022-10-27 04:31:09,905 [INFO] ADCParametersView:113 -                Rank 1 : false
2022-10-27 04:31:09,906 [INFO] ADCParametersView:113 -                Rank 1 : false
2022-10-27 04:31:09,906 [INFO] ADCParametersView:113 -                Rank 1 : false
2022-10-27 04:31:09,906 [INFO] ADCParametersView:113 -                Rank 1 : false
2022-10-27 04:31:09,906 [INFO] ADCParametersView:113 -                Rank 1 : false
2022-10-27 04:31:09,906 [INFO] ADCParametersView:113 -                Rank 1 : false
2022-10-27 04:31:09,906 [INFO] ADCParametersView:113 -                Rank 1 : false
2022-10-27 04:31:09,910 [INFO] ADCParametersView:113 -                Rank 1 : false
2022-10-27 04:31:09,931 [INFO] ADCParametersView:113 -                Rank 1 : false
2022-10-27 04:31:09,931 [INFO] ADCParametersView:113 -                Rank 1 : false
2022-10-27 04:31:09,931 [INFO] ADCParametersView:113 -                Rank 1 : false
2022-10-27 04:31:09,932 [INFO] ADCParametersView:113 -                Rank 1 : false
2022-10-27 04:31:09,932 [INFO] ADCParametersView:113 -                Rank 1 : false
2022-10-27 04:31:09,932 [INFO] ADCParametersView:113 -                Rank 1 : false
2022-10-27 04:31:09,932 [INFO] ADCParametersView:113 -                Rank 1 : false
2022-10-27 04:31:09,932 [INFO] ADCParametersView:113 -                Rank 1 : false
2022-10-27 04:31:09,932 [INFO] ADCParametersView:113 -                Rank 1 : false
2022-10-27 04:31:09,932 [INFO] ADCParametersView:113 -                Rank 1 : false
2022-10-27 04:31:09,937 [INFO] ADCParametersView:113 -                Rank 1 : false
2022-10-27 04:31:09,963 [INFO] ADCParametersView:113 -                Rank 1 : false
2022-10-27 04:31:09,963 [INFO] ADCParametersView:113 -                Rank 1 : false
2022-10-27 04:31:09,963 [INFO] ADCParametersView:113 -                Rank 1 : false
2022-10-27 04:31:09,964 [INFO] ADCParametersView:113 -                Rank 1 : false
2022-10-27 04:31:09,964 [INFO] ADCParametersView:113 -                Rank 1 : false
2022-10-27 04:31:09,964 [INFO] ADCParametersView:113 -                Rank 1 : false
2022-10-27 04:31:09,964 [INFO] ADCParametersView:113 -                Rank 1 : false
2022-10-27 04:31:09,964 [INFO] ADCParametersView:113 -                Rank 1 : false
2022-10-27 04:31:09,964 [INFO] ADCParametersView:113 -                Rank 1 : false
2022-10-27 04:31:09,964 [INFO] ADCParametersView:113 -                Rank 1 : false
2022-10-27 04:31:09,971 [INFO] ADCParametersView:113 -                Rank 1 : false
2022-10-27 04:31:09,985 [INFO] ADCParametersView:113 -                Rank 1 : false
2022-10-27 04:31:09,985 [INFO] ADCParametersView:113 -                Rank 1 : false
2022-10-27 04:31:09,985 [INFO] ADCParametersView:113 -                Rank 1 : false
2022-10-27 04:31:09,985 [INFO] ADCParametersView:113 -                Rank 1 : false
2022-10-27 04:31:09,985 [INFO] ADCParametersView:113 -                Rank 1 : false
2022-10-27 04:31:09,985 [INFO] ADCParametersView:113 -                Rank 1 : false
2022-10-27 04:31:09,986 [INFO] ADCParametersView:113 -                Rank 1 : false
2022-10-27 04:31:09,986 [INFO] ADCParametersView:113 -                Rank 1 : false
2022-10-27 04:31:09,986 [INFO] ADCParametersView:113 -                Rank 1 : false
2022-10-27 04:31:09,986 [INFO] ADCParametersView:113 -                Rank 1 : false
2022-10-27 04:31:09,990 [INFO] ADCParametersView:113 -                Rank 1 : false
2022-10-27 04:31:10,040 [INFO] ADCParametersView:113 -                Rank 1 : false
2022-10-27 04:31:10,040 [INFO] ADCParametersView:113 -                Rank 1 : false
2022-10-27 04:31:10,041 [INFO] ADCParametersView:113 -                Rank 1 : false
2022-10-27 04:31:10,041 [INFO] ADCParametersView:113 -                Rank 1 : false
2022-10-27 04:31:10,041 [INFO] ADCParametersView:113 -                Rank 1 : false
2022-10-27 04:31:10,041 [INFO] ADCParametersView:113 -                Rank 1 : false
2022-10-27 04:31:10,041 [INFO] ADCParametersView:113 -                Rank 1 : false
2022-10-27 04:31:10,041 [INFO] ADCParametersView:113 -                Rank 1 : false
2022-10-27 04:31:10,041 [INFO] ADCParametersView:113 -                Rank 1 : false
2022-10-27 04:31:10,041 [INFO] ADCParametersView:113 -                Rank 1 : false
2022-10-27 04:31:10,045 [INFO] ADCParametersView:113 -                Rank 1 : false
2022-10-27 04:31:10,056 [INFO] ADCParametersView:113 -                Rank 1 : false
2022-10-27 04:31:10,056 [INFO] ADCParametersView:113 -                Rank 1 : false
2022-10-27 04:31:10,057 [INFO] ADCParametersView:113 -                Rank 1 : false
2022-10-27 04:31:10,057 [INFO] ADCParametersView:113 -                Rank 1 : false
2022-10-27 04:31:10,057 [INFO] ADCParametersView:113 -                Rank 1 : false
2022-10-27 04:31:10,057 [INFO] ADCParametersView:113 -                Rank 1 : false
2022-10-27 04:31:10,057 [INFO] ADCParametersView:113 -                Rank 1 : false
2022-10-27 04:31:10,057 [INFO] ADCParametersView:113 -                Rank 1 : false
2022-10-27 04:31:10,057 [INFO] ADCParametersView:113 -                Rank 1 : false
2022-10-27 04:31:10,057 [INFO] ADCParametersView:113 -                Rank 1 : false
2022-10-27 04:31:10,061 [INFO] ADCParametersView:113 -                Rank 1 : false
2022-10-27 04:31:34,677 [INFO] ADCParametersView:113 -                Rank 1 : false
2022-10-27 04:31:34,681 [INFO] ADCParametersView:113 -                Rank 1 : false
2022-10-27 04:31:34,681 [INFO] ADCParametersView:113 -                Rank 1 : false
2022-10-27 04:31:34,681 [INFO] ADCParametersView:113 -                Rank 1 : false
2022-10-27 04:31:34,681 [INFO] ADCParametersView:113 -                Rank 1 : false
2022-10-27 04:31:34,681 [INFO] ADCParametersView:113 -                Rank 1 : false
2022-10-27 04:31:34,682 [INFO] ADCParametersView:113 -                Rank 1 : false
2022-10-27 04:31:34,682 [INFO] ADCParametersView:113 -                Rank 1 : false
2022-10-27 04:31:34,682 [INFO] ADCParametersView:113 -                Rank 1 : false
2022-10-27 04:31:34,682 [INFO] ADCParametersView:113 -                Rank 1 : false
2022-10-27 04:31:34,686 [INFO] ADCParametersView:113 -                Rank 1 : false
2022-10-27 04:31:34,703 [INFO] ADCParametersView:113 -                Rank 1 : false
2022-10-27 04:31:34,705 [INFO] ADCParametersView:113 -                Rank 1 : false
2022-10-27 04:31:34,705 [INFO] ADCParametersView:113 -                Rank 1 : false
2022-10-27 04:31:34,706 [INFO] ADCParametersView:113 -                Rank 1 : false
2022-10-27 04:31:34,706 [INFO] ADCParametersView:113 -                Rank 1 : false
2022-10-27 04:31:34,707 [INFO] ADCParametersView:113 -                Rank 1 : false
2022-10-27 04:31:34,707 [INFO] ADCParametersView:113 -                Rank 1 : false
2022-10-27 04:31:34,707 [INFO] ADCParametersView:113 -                Rank 1 : false
2022-10-27 04:31:34,707 [INFO] ADCParametersView:113 -                Rank 1 : false
2022-10-27 04:31:34,707 [INFO] ADCParametersView:113 -                Rank 1 : false
2022-10-27 04:31:34,712 [INFO] ADCParametersView:113 -                Rank 1 : false
2022-10-27 04:31:34,729 [INFO] ADCParametersView:113 -                Rank 1 : false
2022-10-27 04:31:34,730 [INFO] ADCParametersView:113 -                Rank 1 : false
2022-10-27 04:31:34,731 [INFO] ADCParametersView:113 -                Rank 1 : false
2022-10-27 04:31:34,731 [INFO] ADCParametersView:113 -                Rank 1 : false
2022-10-27 04:31:34,731 [INFO] ADCParametersView:113 -                Rank 1 : false
2022-10-27 04:31:34,731 [INFO] ADCParametersView:113 -                Rank 1 : false
2022-10-27 04:31:34,731 [INFO] ADCParametersView:113 -                Rank 1 : false
2022-10-27 04:31:34,731 [INFO] ADCParametersView:113 -                Rank 1 : false
2022-10-27 04:31:34,731 [INFO] ADCParametersView:113 -                Rank 1 : false
2022-10-27 04:31:34,731 [INFO] ADCParametersView:113 -                Rank 1 : false
2022-10-27 04:31:34,736 [INFO] ADCParametersView:113 -                Rank 1 : false
2022-10-27 04:33:17,032 [INFO] NvicIntPanel:100 - NVIC parent = com.st.microxplorer.plugins.ip.nvic.MultiNvicIntPanel[,0,0,0x0,invalid,layout=javax.swing.BoxLayout,alignmentX=0.0,alignmentY=0.0,border=,flags=9,maximumSize=,minimumSize=,preferredSize=]
2022-10-27 04:33:33,443 [INFO] UtilMem:74 - End SaveConfig() Used Memory: 533354352 Bytes (701497344)
2022-10-27 04:33:34,946 [INFO] UtilMem:74 - End SaveConfig() Used Memory: 555491640 Bytes (701497344)
2022-10-27 04:33:37,443 [INFO] UtilMem:74 - End SaveConfig() Used Memory: 511230896 Bytes (701497344)
2022-10-27 04:33:37,749 [INFO] BlockDiagram:2753 - set Specific Code input for plugin: NVIC
2022-10-27 04:33:37,749 [INFO] BlockDiagram:2753 - set Specific Code input for plugin: TIM1_8F1
2022-10-27 04:33:37,749 [INFO] BlockDiagram:2753 - set Specific Code input for plugin: SYS
2022-10-27 04:33:37,750 [INFO] BlockDiagram:2753 - set Specific Code input for plugin: GPIO
2022-10-27 04:33:37,750 [INFO] BlockDiagram:2753 - set Specific Code input for plugin: ADC
2022-10-27 04:33:37,750 [INFO] BlockDiagram:2753 - set Specific Code input for plugin: RCC
2022-10-27 04:33:37,751 [INFO] CodeGenerator:690 - code generatio: config db path: C:\ST\STM32CubeIDE_1.9.0\STM32CubeIDE\plugins\com.st.stm32cube.common.mx_6.6.1.202207061420\\db\
2022-10-27 04:33:37,971 [INFO] CodeEngine:245 - oldGeneratedFile, D:\github\mc\stm32\ADC_RGB_LED_Multi channel\ADC_RGB_LED_Multi channel\MXTmpFiles\license.tmp_save
2022-10-27 04:33:38,198 [INFO] CodeEngine:269 - Generated code: D:\github\mc\stm32\ADC_RGB_LED_Multi channel\ADC_RGB_LED_Multi channel\MXTmpFiles\license.tmp
2022-10-27 04:33:38,233 [INFO] CodeEngine:245 - oldGeneratedFile, D:\github\mc\stm32\ADC_RGB_LED_Multi channel\ADC_RGB_LED_Multi channel\MXTmpFiles\gpio.tmp_save
2022-10-27 04:33:38,341 [INFO] CodeEngine:269 - Generated code: D:\github\mc\stm32\ADC_RGB_LED_Multi channel\ADC_RGB_LED_Multi channel\MXTmpFiles\gpio.tmp
2022-10-27 04:33:38,526 [INFO] CodeEngine:245 - oldGeneratedFile, D:\github\mc\stm32\ADC_RGB_LED_Multi channel\ADC_RGB_LED_Multi channel\Core\Src\stm32f1xx_it.c_save
2022-10-27 04:33:38,647 [INFO] CodeEngine:269 - Generated code: D:\github\mc\stm32\ADC_RGB_LED_Multi channel\ADC_RGB_LED_Multi channel\Core\Src\stm32f1xx_it.c
2022-10-27 04:33:38,654 [INFO] CodeEngine:245 - oldGeneratedFile, D:\github\mc\stm32\ADC_RGB_LED_Multi channel\ADC_RGB_LED_Multi channel\Core\Inc\stm32f1xx_it.h_save
2022-10-27 04:33:38,734 [INFO] CodeEngine:269 - Generated code: D:\github\mc\stm32\ADC_RGB_LED_Multi channel\ADC_RGB_LED_Multi channel\Core\Inc\stm32f1xx_it.h
2022-10-27 04:33:38,786 [INFO] CodeEngine:245 - oldGeneratedFile, D:\github\mc\stm32\ADC_RGB_LED_Multi channel\ADC_RGB_LED_Multi channel\Core\Src\stm32f1xx_hal_msp.c_save
2022-10-27 04:33:38,941 [INFO] CodeEngine:269 - Generated code: D:\github\mc\stm32\ADC_RGB_LED_Multi channel\ADC_RGB_LED_Multi channel\Core\Src\stm32f1xx_hal_msp.c
2022-10-27 04:33:38,945 [INFO] CodeEngine:245 - oldGeneratedFile, D:\github\mc\stm32\ADC_RGB_LED_Multi channel\ADC_RGB_LED_Multi channel\MXTmpFiles\system.tmp_save
2022-10-27 04:33:39,013 [INFO] CodeEngine:269 - Generated code: D:\github\mc\stm32\ADC_RGB_LED_Multi channel\ADC_RGB_LED_Multi channel\MXTmpFiles\system.tmp
2022-10-27 04:33:39,034 [INFO] CodeEngine:245 - oldGeneratedFile, D:\github\mc\stm32\ADC_RGB_LED_Multi channel\ADC_RGB_LED_Multi channel\Core\Inc\stm32f1xx_hal_conf.h_save
2022-10-27 04:33:39,180 [INFO] CodeEngine:269 - Generated code: D:\github\mc\stm32\ADC_RGB_LED_Multi channel\ADC_RGB_LED_Multi channel\Core\Inc\stm32f1xx_hal_conf.h
2022-10-27 04:33:39,222 [WARN] IPConfigManager:3348 - IP not found : TIM
2022-10-27 04:33:39,224 [WARN] CodeGenerator:3567 - IP not found : null
2022-10-27 04:33:39,248 [INFO] CodeEngine:245 - oldGeneratedFile, D:\github\mc\stm32\ADC_RGB_LED_Multi channel\ADC_RGB_LED_Multi channel\Core\Inc\main.h_save
2022-10-27 04:33:39,356 [INFO] CodeEngine:269 - Generated code: D:\github\mc\stm32\ADC_RGB_LED_Multi channel\ADC_RGB_LED_Multi channel\Core\Inc\main.h
2022-10-27 04:33:39,394 [INFO] CodeEngine:245 - oldGeneratedFile, D:\github\mc\stm32\ADC_RGB_LED_Multi channel\ADC_RGB_LED_Multi channel\Core\Src\main.c_save
2022-10-27 04:33:39,553 [INFO] CodeEngine:269 - Generated code: D:\github\mc\stm32\ADC_RGB_LED_Multi channel\ADC_RGB_LED_Multi channel\Core\Src\main.c
2022-10-27 04:33:40,223 [INFO] ProjectBuilder:2919 - Time for Copy HAL[1] : 164mS.
2022-10-27 04:33:40,227 [INFO] ProjectBuilder:4117 - Project Generator version: 3.17.1
2022-10-27 04:33:40,565 [INFO] ConfigFileManager:1394 - The Die is : DIE410
2022-10-27 04:33:42,258 [INFO] ProjectBuilder:4285 - Time for Generating toolchain IDE Files: 2031mS.
2022-10-27 04:33:42,259 [INFO] ProjectBuilder:2790 - Time for Copy CMSIS : 0mS.
2022-10-27 04:33:42,261 [INFO] ProjectBuilder:2790 - Time for Copy CMSIS : 0mS.
