2022-10-27 05:53:37,982 [INFO] Activator:177 - 


2022-10-27 05:53:37,983 [INFO] Activator:178 - !SESSION log4j initialized
2022-10-27 05:53:40,210 [INFO] McuFinderGlobals:44 - Set McuFinder mode to 2 (CubeIDE integrated)
2022-10-27 05:53:41,317 [INFO] ApplicationProperties:181 - Using Application install path: C:\ST\STM32CubeIDE_1.9.0\STM32CubeIDE\plugins\com.st.stm32cube.common.mx_6.6.1.202207061420
2022-10-27 05:53:41,332 [INFO] DbMcusXml:77 - Set database path to: C:\ST\STM32CubeIDE_1.9.0\STM32CubeIDE\plugins\com.st.stm32cube.common.mx_6.6.1.202207061420\\db\/mcu/
2022-10-27 05:53:41,333 [INFO] ApiDb:269 - Set plugin database path to: C:\ST\STM32CubeIDE_1.9.0\STM32CubeIDE\plugins\com.st.stm32cube.common.mx_6.6.1.202207061420\\db\/plugins/boardmanager/
2022-10-27 05:53:41,336 [WARN] ApiDb:254 - Overriding images path with different value:  => C:\ST\STM32CubeIDE_1.9.0\STM32CubeIDE\plugins\com.st.stm32cube.common.mx_6.6.1.202207061420\\db\/plugins/mcufinder/images/
2022-10-27 05:53:41,352 [INFO] ApiDb:249 - Set database path to: C:\Users\Zver\.stmcufinder\plugins\mcufinder//mcu/
2022-10-27 05:53:41,353 [INFO] DbMcusAds:124 - Set database path to: C:\Users\Zver\.stmcufinder\plugins\mcufinder//mcu/
2022-10-27 05:53:41,355 [INFO] CrossReferenceDbSqlite:201 - Set database path to: C:\Users\Zver\.stmcufinder\plugins\mcufinder//mcu/cs/
2022-10-27 05:53:41,447 [INFO] RulesReader:61 - Compatibility file has been processed (282 Rules)
2022-10-27 05:53:41,561 [INFO] DbMcusXml:77 - Set database path to: C:\ST\STM32CubeIDE_1.9.0\STM32CubeIDE\plugins\com.st.stm32cube.common.mx_6.6.1.202207061420\\db\/mcu/
2022-10-27 05:53:41,561 [INFO] ApiDb:269 - Set plugin database path to: C:\ST\STM32CubeIDE_1.9.0\STM32CubeIDE\plugins\com.st.stm32cube.common.mx_6.6.1.202207061420\\db\/plugins/boardmanager/
2022-10-27 05:53:41,562 [INFO] ApiDb:256 - Set plugin images path to: C:\ST\STM32CubeIDE_1.9.0\STM32CubeIDE\plugins\com.st.stm32cube.common.mx_6.6.1.202207061420\\db\/plugins/mcufinder/images/
2022-10-27 05:53:41,562 [WARN] DbFile:40 - Overriding database path with different value: C:\Users\Zver\.stmcufinder\plugins\mcufinder/ => C:\Users\Zver\.stmcufinder\plugins\mcufinder
2022-10-27 05:53:41,562 [INFO] ApiDb:249 - Set database path to: C:\Users\Zver\.stmcufinder\plugins\mcufinder//mcu/
2022-10-27 05:53:41,562 [WARN] DbFile:40 - Overriding database path with different value: C:\Users\Zver\.stmcufinder\plugins\mcufinder/ => C:\Users\Zver\.stmcufinder\plugins\mcufinder
2022-10-27 05:53:41,562 [INFO] DbMcusAds:124 - Set database path to: C:\Users\Zver\.stmcufinder\plugins\mcufinder//mcu/
2022-10-27 05:53:41,563 [WARN] DbFile:40 - Overriding database path with different value: C:\Users\Zver\.stmcufinder\plugins\mcufinder/ => C:\Users\Zver\.stmcufinder\plugins\mcufinder
2022-10-27 05:53:41,563 [WARN] DbFile:40 - Overriding database path with different value: C:\Users\Zver\.stmcufinder\plugins\mcufinder/ => C:\Users\Zver\.stmcufinder\plugins\mcufinder
2022-10-27 05:53:41,563 [INFO] CrossReferenceDbSqlite:201 - Set database path to: C:\Users\Zver\.stmcufinder\plugins\mcufinder//mcu/cs/
2022-10-27 05:53:41,642 [INFO] MainPanel:242 - HeapMemory: 268435456
2022-10-27 05:53:41,703 [INFO] DbMcusXml:77 - Set database path to: C:\ST\STM32CubeIDE_1.9.0\STM32CubeIDE\plugins\com.st.stm32cube.common.mx_6.6.1.202207061420\\db\/mcu/
2022-10-27 05:53:41,703 [INFO] ApiDb:269 - Set plugin database path to: C:\ST\STM32CubeIDE_1.9.0\STM32CubeIDE\plugins\com.st.stm32cube.common.mx_6.6.1.202207061420\\db\/plugins/boardmanager/
2022-10-27 05:53:41,703 [INFO] ApiDb:256 - Set plugin images path to: C:\ST\STM32CubeIDE_1.9.0\STM32CubeIDE\plugins\com.st.stm32cube.common.mx_6.6.1.202207061420\\db\/plugins/mcufinder/images/
2022-10-27 05:53:41,704 [WARN] DbFile:40 - Overriding database path with different value: C:\Users\Zver\.stmcufinder\plugins\mcufinder/ => C:\Users\Zver\.stmcufinder\plugins\mcufinder
2022-10-27 05:53:41,704 [INFO] ApiDb:249 - Set database path to: C:\Users\Zver\.stmcufinder\plugins\mcufinder//mcu/
2022-10-27 05:53:41,704 [WARN] DbFile:40 - Overriding database path with different value: C:\Users\Zver\.stmcufinder\plugins\mcufinder/ => C:\Users\Zver\.stmcufinder\plugins\mcufinder
2022-10-27 05:53:41,704 [INFO] DbMcusAds:124 - Set database path to: C:\Users\Zver\.stmcufinder\plugins\mcufinder//mcu/
2022-10-27 05:53:41,704 [WARN] DbFile:40 - Overriding database path with different value: C:\Users\Zver\.stmcufinder\plugins\mcufinder/ => C:\Users\Zver\.stmcufinder\plugins\mcufinder
2022-10-27 05:53:41,705 [WARN] DbFile:40 - Overriding database path with different value: C:\Users\Zver\.stmcufinder\plugins\mcufinder/ => C:\Users\Zver\.stmcufinder\plugins\mcufinder
2022-10-27 05:53:41,705 [INFO] CrossReferenceDbSqlite:201 - Set database path to: C:\Users\Zver\.stmcufinder\plugins\mcufinder//mcu/cs/
2022-10-27 05:53:41,723 [INFO] ApplicationProperties:181 - Using Application install path: C:\ST\STM32CubeIDE_1.9.0\STM32CubeIDE\plugins\com.st.stm32cube.common.mx_6.6.1.202207061420
2022-10-27 05:53:41,725 [INFO] PluginManage:193 - Search for loadable plugins [exclusion list=, ]
2022-10-27 05:53:41,726 [INFO] PluginManage:307 - Check plugin analytics
2022-10-27 05:53:41,872 [INFO] AnalyticsPlugin:262 - Accepted Software Licenses: 
2022-10-27 05:53:41,873 [INFO] AnalyticsPlugin:264 - Accepted CMSIS Pack Licenses: 
2022-10-27 05:53:41,873 [INFO] AnalyticsPlugin:266 - Accepted Firmware Licenses: 
2022-10-27 05:53:41,883 [INFO] PluginManage:356 - Loaded plugin analytics (category:tool,tabindex:-1)
2022-10-27 05:53:41,884 [INFO] PluginManage:307 - Check plugin cadmodel
2022-10-27 05:53:41,888 [INFO] CADModel:65 - Init CAD model plugin
2022-10-27 05:53:41,889 [INFO] PluginManage:356 - Loaded plugin cadmodel (category:power,tabindex:5)
2022-10-27 05:53:41,889 [INFO] PluginManage:307 - Check plugin clock
2022-10-27 05:53:41,899 [INFO] PluginManage:356 - Loaded plugin clock (category:base,tabindex:2)
2022-10-27 05:53:41,899 [INFO] PluginManage:307 - Check plugin ddr
2022-10-27 05:53:41,902 [INFO] PluginManage:356 - Loaded plugin ddr (category:tool,tabindex:6)
2022-10-27 05:53:41,902 [INFO] PluginManage:307 - Check plugin filemanager
2022-10-27 05:53:42,053 [INFO] PluginManage:356 - Loaded plugin filemanager (category:base,tabindex:10)
2022-10-27 05:53:42,053 [INFO] PluginManage:307 - Check plugin ipmanager
2022-10-27 05:53:42,111 [INFO] PluginManage:356 - Loaded plugin ipmanager (category:base,tabindex:5)
2022-10-27 05:53:42,111 [INFO] PluginManage:307 - Check plugin lpbam
2022-10-27 05:53:42,119 [INFO] PluginManage:356 - Loaded plugin lpbam (category:base,tabindex:0)
2022-10-27 05:53:42,119 [INFO] PluginManage:307 - Check plugin pinoutandconfiguration
2022-10-27 05:53:42,125 [INFO] PluginManage:356 - Loaded plugin pinoutandconfiguration (category:base,tabindex:1)
2022-10-27 05:53:42,126 [INFO] PluginManage:307 - Check plugin pinoutconfig
2022-10-27 05:53:42,159 [INFO] PluginManage:356 - Loaded plugin pinoutconfig (category:base,tabindex:0)
2022-10-27 05:53:42,160 [INFO] PluginManage:307 - Check plugin power
2022-10-27 05:53:42,170 [INFO] PluginManage:356 - Loaded plugin power (category:power,tabindex:4)
2022-10-27 05:53:42,171 [INFO] PluginManage:307 - Check plugin projectmanager
2022-10-27 05:53:42,183 [INFO] PluginManage:356 - Loaded plugin projectmanager (category:projectmanager,tabindex:3)
2022-10-27 05:53:42,184 [INFO] PluginManage:307 - Check plugin thirdparty
2022-10-27 05:53:42,275 [WARN] IntegrityCheckThread:82 - waiting for thirdparty lock release [integrity check]
2022-10-27 05:53:42,276 [INFO] PluginManage:356 - Loaded plugin thirdparty (category:base,tabindex:-1)
2022-10-27 05:53:42,276 [INFO] IntegrityCheckThread:84 - entering critical section [integrity check]
2022-10-27 05:53:42,277 [INFO] PluginManage:307 - Check plugin tools
2022-10-27 05:53:42,278 [INFO] ThirdPartyUpdaterWithRetryManager:70 - Updater plugin not ready yet. [1/15]
2022-10-27 05:53:42,280 [INFO] PluginManage:356 - Loaded plugin tools (category:base,tabindex:7)
2022-10-27 05:53:42,280 [INFO] PluginManage:307 - Check plugin tutovideos
2022-10-27 05:53:42,441 [INFO] PluginManage:356 - Loaded plugin tutovideos (category:base,tabindex:-1)
2022-10-27 05:53:42,442 [INFO] PluginManage:307 - Check plugin updater
2022-10-27 05:53:42,453 [INFO] PluginManage:356 - Loaded plugin updater (category:base,tabindex:12)
2022-10-27 05:53:42,454 [INFO] PluginManage:280 - PluginManage : Loaded plugins [15]
2022-10-27 05:53:42,816 [INFO] PinOutPanel:1468 - setPackage(No Configuration,No Configuration)
2022-10-27 05:53:42,897 [INFO] CADModel:98 - CPN selected for project level
2022-10-27 05:53:42,909 [INFO] IPUIPlugin:79 - create IPUIPlugin
2022-10-27 05:53:42,909 [INFO] PluginManager:217 - loadIPPluginJar : add adc
2022-10-27 05:53:42,911 [INFO] IPUIPlugin:79 - create IPUIPlugin
2022-10-27 05:53:42,911 [INFO] PluginManager:217 - loadIPPluginJar : add aes
2022-10-27 05:53:42,913 [INFO] IPUIPlugin:79 - create IPUIPlugin
2022-10-27 05:53:42,913 [INFO] PluginManager:217 - loadIPPluginJar : add can
2022-10-27 05:53:42,915 [INFO] IPUIPlugin:79 - create IPUIPlugin
2022-10-27 05:53:42,915 [INFO] PluginManager:217 - loadIPPluginJar : add comp
2022-10-27 05:53:42,916 [INFO] IPUIPlugin:79 - create IPUIPlugin
2022-10-27 05:53:42,917 [INFO] PluginManager:217 - loadIPPluginJar : add cryp
2022-10-27 05:53:42,920 [INFO] IPUIPlugin:79 - create IPUIPlugin
2022-10-27 05:53:42,920 [INFO] PluginManager:217 - loadIPPluginJar : add dfsdm
2022-10-27 05:53:42,925 [INFO] IPUIPlugin:79 - create IPUIPlugin
2022-10-27 05:53:42,925 [INFO] PluginManager:217 - loadIPPluginJar : add dma
2022-10-27 05:53:42,927 [INFO] IPUIPlugin:79 - create IPUIPlugin
2022-10-27 05:53:42,928 [INFO] PluginManager:217 - loadIPPluginJar : add dma3
2022-10-27 05:53:42,929 [INFO] IPUIPlugin:79 - create IPUIPlugin
2022-10-27 05:53:42,929 [INFO] PluginManager:217 - loadIPPluginJar : add fatfs
2022-10-27 05:53:42,934 [INFO] IPUIPlugin:79 - create IPUIPlugin
2022-10-27 05:53:42,934 [INFO] PluginManager:217 - loadIPPluginJar : add fmc
2022-10-27 05:53:42,940 [INFO] IPUIPlugin:79 - create IPUIPlugin
2022-10-27 05:53:42,941 [INFO] PluginManager:217 - loadIPPluginJar : add freertos
2022-10-27 05:53:42,942 [INFO] IPUIPlugin:79 - create IPUIPlugin
2022-10-27 05:53:42,943 [INFO] PluginManager:217 - loadIPPluginJar : add genericplugin
2022-10-27 05:53:42,945 [INFO] IPUIPlugin:79 - create IPUIPlugin
2022-10-27 05:53:42,945 [INFO] PluginManager:217 - loadIPPluginJar : add gfxmmu
2022-10-27 05:53:42,952 [INFO] IPUIPlugin:79 - create IPUIPlugin
2022-10-27 05:53:42,952 [INFO] PluginManager:217 - loadIPPluginJar : add gic
2022-10-27 05:53:42,956 [INFO] IPUIPlugin:79 - create IPUIPlugin
2022-10-27 05:53:42,956 [INFO] PluginManager:217 - loadIPPluginJar : add gpio
2022-10-27 05:53:42,959 [INFO] IPUIPlugin:79 - create IPUIPlugin
2022-10-27 05:53:42,959 [INFO] PluginManager:217 - loadIPPluginJar : add gtzc
2022-10-27 05:53:42,961 [INFO] IPUIPlugin:79 - create IPUIPlugin
2022-10-27 05:53:42,961 [INFO] PluginManager:217 - loadIPPluginJar : add hash
2022-10-27 05:53:42,963 [INFO] IPUIPlugin:79 - create IPUIPlugin
2022-10-27 05:53:42,964 [INFO] PluginManager:217 - loadIPPluginJar : add i2c
2022-10-27 05:53:42,967 [INFO] IPUIPlugin:79 - create IPUIPlugin
2022-10-27 05:53:42,967 [INFO] PluginManager:217 - loadIPPluginJar : add i2s
2022-10-27 05:53:42,970 [INFO] IPUIPlugin:79 - create IPUIPlugin
2022-10-27 05:53:42,971 [INFO] PluginManager:217 - loadIPPluginJar : add ipddr
2022-10-27 05:53:42,978 [INFO] IPUIPlugin:79 - create IPUIPlugin
2022-10-27 05:53:42,979 [INFO] PluginManager:217 - loadIPPluginJar : add linkedlist
2022-10-27 05:53:42,981 [INFO] IPUIPlugin:79 - create IPUIPlugin
2022-10-27 05:53:42,982 [INFO] PluginManager:217 - loadIPPluginJar : add lorawan
2022-10-27 05:53:42,983 [INFO] IPUIPlugin:79 - create IPUIPlugin
2022-10-27 05:53:42,984 [INFO] PluginManager:217 - loadIPPluginJar : add ltdc
2022-10-27 05:53:42,989 [INFO] IPUIPlugin:79 - create IPUIPlugin
2022-10-27 05:53:42,990 [INFO] PluginManager:217 - loadIPPluginJar : add mdma
2022-10-27 05:53:42,993 [INFO] IPUIPlugin:79 - create IPUIPlugin
2022-10-27 05:53:42,993 [INFO] PluginManager:217 - loadIPPluginJar : add nvic
2022-10-27 05:53:42,996 [INFO] IPUIPlugin:79 - create IPUIPlugin
2022-10-27 05:53:42,997 [INFO] PluginManager:217 - loadIPPluginJar : add opamp
2022-10-27 05:53:43,001 [INFO] IPUIPlugin:79 - create IPUIPlugin
2022-10-27 05:53:43,001 [INFO] PluginManager:217 - loadIPPluginJar : add openamp
2022-10-27 05:53:43,004 [INFO] IPUIPlugin:79 - create IPUIPlugin
2022-10-27 05:53:43,005 [INFO] PluginManager:217 - loadIPPluginJar : add pdm2pcm
2022-10-27 05:53:43,013 [INFO] IPUIPlugin:79 - create IPUIPlugin
2022-10-27 05:53:43,016 [INFO] PluginManager:217 - loadIPPluginJar : add plateformsettings
2022-10-27 05:53:43,018 [INFO] IPUIPlugin:79 - create IPUIPlugin
2022-10-27 05:53:43,019 [INFO] PluginManager:217 - loadIPPluginJar : add quadspi
2022-10-27 05:53:43,022 [INFO] IPUIPlugin:79 - create IPUIPlugin
2022-10-27 05:53:43,022 [INFO] PluginManager:217 - loadIPPluginJar : add resmgrutility
2022-10-27 05:53:43,025 [INFO] IPUIPlugin:79 - create IPUIPlugin
2022-10-27 05:53:43,025 [INFO] PluginManager:217 - loadIPPluginJar : add sai
2022-10-27 05:53:43,027 [INFO] IPUIPlugin:79 - create IPUIPlugin
2022-10-27 05:53:43,028 [INFO] PluginManager:217 - loadIPPluginJar : add spi
2022-10-27 05:53:43,032 [INFO] IPUIPlugin:79 - create IPUIPlugin
2022-10-27 05:53:43,032 [INFO] PluginManager:217 - loadIPPluginJar : add stm32_wpan
2022-10-27 05:53:43,034 [INFO] IPUIPlugin:79 - create IPUIPlugin
2022-10-27 05:53:43,034 [INFO] PluginManager:217 - loadIPPluginJar : add tim
2022-10-27 05:53:43,037 [INFO] IPUIPlugin:79 - create IPUIPlugin
2022-10-27 05:53:43,037 [INFO] PluginManager:217 - loadIPPluginJar : add touchsensing
2022-10-27 05:53:43,040 [INFO] IPUIPlugin:79 - create IPUIPlugin
2022-10-27 05:53:43,040 [INFO] PluginManager:217 - loadIPPluginJar : add tracer_emb
2022-10-27 05:53:43,043 [INFO] IPUIPlugin:79 - create IPUIPlugin
2022-10-27 05:53:43,044 [INFO] PluginManager:217 - loadIPPluginJar : add ts
2022-10-27 05:53:43,046 [INFO] IPUIPlugin:79 - create IPUIPlugin
2022-10-27 05:53:43,046 [INFO] PluginManager:217 - loadIPPluginJar : add tsc
2022-10-27 05:53:43,048 [INFO] IPUIPlugin:79 - create IPUIPlugin
2022-10-27 05:53:43,049 [INFO] PluginManager:217 - loadIPPluginJar : add ucpd
2022-10-27 05:53:43,051 [INFO] IPUIPlugin:79 - create IPUIPlugin
2022-10-27 05:53:43,052 [INFO] PluginManager:217 - loadIPPluginJar : add usart
2022-10-27 05:53:43,054 [INFO] IPUIPlugin:79 - create IPUIPlugin
2022-10-27 05:53:43,055 [INFO] PluginManager:217 - loadIPPluginJar : add usbx
2022-10-27 05:53:43,327 [FATAL] Updater:301 - Updater called before beeing initialized
2022-10-27 05:53:43,526 [FATAL] Updater:301 - Updater called before beeing initialized
2022-10-27 05:53:43,535 [INFO] DbMcusAds:52 - JSON generation date=Thu Sep 30 09:56:37 MSK 2021 (1632984997303)
2022-10-27 05:53:43,536 [FATAL] Updater:301 - Updater called before beeing initialized
2022-10-27 05:53:43,634 [WARN] DetailPanel:344 - Failed to get advertising image, set to default
2022-10-27 05:53:43,746 [FATAL] Updater:301 - Updater called before beeing initialized
2022-10-27 05:53:43,748 [FATAL] Updater:301 - Updater called before beeing initialized
2022-10-27 05:53:43,748 [FATAL] Updater:301 - Updater called before beeing initialized
2022-10-27 05:53:43,748 [WARN] DetailPanel:344 - Failed to get advertising image, set to default
2022-10-27 05:53:43,749 [FATAL] Updater:301 - Updater called before beeing initialized
2022-10-27 05:53:43,789 [ERROR] Updater:1105 - MainUpdater not yet initialized. External WinMGr cannot be set.
2022-10-27 05:53:43,790 [INFO] Updater:1041 - Updater Version found : 6.6.1
2022-10-27 05:53:43,804 [INFO] ApplicationProperties:181 - Using Application install path: C:\ST\STM32CubeIDE_1.9.0\STM32CubeIDE\plugins\com.st.stm32cube.common.mx_6.6.1.202207061420
2022-10-27 05:53:44,096 [INFO] MainUpdater:2768 - connection check result : 10
2022-10-27 05:53:44,097 [INFO] MainUpdater:280 - Updater Check For Update Now.
2022-10-27 05:53:44,097 [INFO] MicroXplorer:481 - Change Database Version : DB.6.0.60
2022-10-27 05:53:44,248 [INFO] CheckServerUpdateThread:119 - End of CheckServer Thread
2022-10-27 05:53:44,304 [INFO] MainUpdater:2768 - connection check result : 10
2022-10-27 05:53:44,510 [INFO] McuFinderGlobals:57 - Set McuFinderConnectedMode to true
2022-10-27 05:53:44,518 [INFO] MultiScanPanel:195 - Auto-refresh data requested => check proxy status ongoing
2022-10-27 05:53:44,520 [INFO] FinderPluginLoader:92 - Searching for filters in installed packs
2022-10-27 05:53:44,613 [INFO] ApiDb:576 - Connected to CubeFinder SQLite database (C:\Users\Zver\.stmcufinder\plugins\mcufinder\mcu\cube-finder-db.db)
2022-10-27 05:53:44,636 [INFO] ApiDb:663 - CubeFinder database Data Model version=2.1
2022-10-27 05:53:44,637 [INFO] ApiDb:664 - CubeFinder database Configuration version=3.0.32
2022-10-27 05:53:44,637 [INFO] ApiDb:665 - CubeFinder database generation date=2022-08-05 (1659688109)
2022-10-27 05:53:44,637 [INFO] ApiDb:666 - CubeFinder database FW Pack versions=[STM32Cube_FW_C0_V1.0.0, STM32Cube_FW_F4_V1.27.1, STM32Cube_FW_F7_V1.17.0, STM32Cube_FW_G0_V1.6.1, STM32Cube_FW_G4_V1.5.0, STM32Cube_FW_H7_V1.10.0, STM32Cube_FW_L5_V1.4.0, STM32Cube_FW_U5_V1.1.1, STM32Cube_FW_WB_V1.14.1, STM32Cube_FW_WL_V1.2.0, X-CUBE-ALGOBUILD_V1.3.0, X-CUBE-ALS_V1.0.1, X-CUBE-AZRTOS-F4_V1.1.0, X-CUBE-AZRTOS-F7_V1.1.0, X-CUBE-AZRTOS-G0_V1.1.0, X-CUBE-AZRTOS-G4_V1.0.0, X-CUBE-AZRTOS-H7_V2.1.0, X-CUBE-AZRTOS-L4_V1.0.0, X-CUBE-AZRTOS-L5_V1.0.0, X-CUBE-AZRTOS-WL_V1.0.0, X-CUBE-BLE1_V6.2.3, X-CUBE-BLE2_V3.3.0, X-CUBE-EEPRMA1_V3.1.1, X-CUBE-GNSS1_V6.0.0, X-CUBE-MEMS1_V9.1.0, X-CUBE-MEMS1_V9.3.0, X-CUBE-NFC4_V2.0.4, X-CUBE-NFC7_V1.0.0, X-CUBE-SFXS2LP1_V4.0.0, X-CUBE-SUBG2_V5.0.0]
2022-10-27 05:53:45,379 [WARN] PackLoader:242 - Cannot read IP mode file for wolfSSL.I-CUBE-wolfSSL.5.2.0
2022-10-27 05:53:45,392 [WARN] PackLoader:242 - Cannot read IP mode file for STMicroelectronics.X-CUBE-GNSS1.6.0.0
2022-10-27 05:53:45,425 [WARN] PackLoader:242 - Cannot read IP mode file for STMicroelectronics.X-CUBE-AZRTOS-F4.1.1.0
2022-10-27 05:53:45,442 [WARN] PackLoader:242 - Cannot read IP mode file for STMicroelectronics.X-CUBE-BLEMGR.1.2.0
2022-10-27 05:53:45,469 [WARN] PackLoader:242 - Cannot read IP mode file for STMicroelectronics.X-CUBE-AZRTOS-F7.1.1.0
2022-10-27 05:53:45,476 [WARN] PackLoader:242 - Cannot read IP mode file for STMicroelectronics.X-CUBE-AI.7.1.0
2022-10-27 05:53:45,481 [WARN] PackLoader:242 - Cannot read IP mode file for STMicroelectronics.X-CUBE-BLE1.6.2.3
2022-10-27 05:53:45,486 [WARN] PackLoader:242 - Cannot read IP mode file for STMicroelectronics.X-CUBE-BLE1.6.2.2
2022-10-27 05:53:45,491 [WARN] PackLoader:242 - Cannot read IP mode file for STMicroelectronics.X-CUBE-NFC4.2.0.4
2022-10-27 05:53:45,496 [WARN] PackLoader:242 - Cannot read IP mode file for STMicroelectronics.X-CUBE-BLE2.3.2.2
2022-10-27 05:53:45,502 [WARN] PackLoader:242 - Cannot read IP mode file for STMicroelectronics.X-CUBE-NFC4.2.0.3
2022-10-27 05:53:45,511 [WARN] PackLoader:242 - Cannot read IP mode file for STMicroelectronics.X-CUBE-TOF1.3.1.0
2022-10-27 05:53:45,527 [WARN] PackLoader:242 - Cannot read IP mode file for STMicroelectronics.X-CUBE-SFXS2LP1.3.1.0
2022-10-27 05:53:45,544 [WARN] PackLoader:242 - Cannot read IP mode file for STMicroelectronics.X-CUBE-AZRTOS-F4.1.0.0
2022-10-27 05:53:45,555 [WARN] PackLoader:242 - Cannot read IP mode file for STMicroelectronics.X-CUBE-NFC7.1.0.0
2022-10-27 05:53:45,567 [WARN] PackLoader:242 - Cannot read IP mode file for STMicroelectronics.X-CUBE-SUBG2.4.2.0
2022-10-27 05:53:45,643 [WARN] PackLoader:242 - Cannot read IP mode file for STMicroelectronics.X-CUBE-MEMS1.9.3.0
2022-10-27 05:53:45,809 [WARN] PackLoader:242 - Cannot read IP mode file for STMicroelectronics.X-CUBE-AI.7.2.0
2022-10-27 05:53:45,823 [WARN] PackLoader:242 - Cannot read IP mode file for STMicroelectronics.X-CUBE-AZRTOS-G0.1.0.0
2022-10-27 05:53:45,832 [WARN] PackLoader:242 - Cannot read IP mode file for STMicroelectronics.X-CUBE-SFXS2LP1.4.0.0
2022-10-27 05:53:45,837 [WARN] PackLoader:242 - Cannot read IP mode file for STMicroelectronics.X-CUBE-BLE2.3.3.0
2022-10-27 05:53:45,846 [WARN] PackLoader:242 - Cannot read IP mode file for STMicroelectronics.X-CUBE-DISPLAY.2.2.0
2022-10-27 05:53:45,857 [WARN] PackLoader:242 - Cannot read IP mode file for STMicroelectronics.X-CUBE-TOF1.3.2.0
2022-10-27 05:53:45,866 [WARN] PackLoader:242 - Cannot read IP mode file for STMicroelectronics.X-CUBE-TOUCHGFX.4.18.1
2022-10-27 05:53:45,869 [WARN] PackLoader:242 - Cannot read IP mode file for STMicroelectronics.X-CUBE-ISPU.1.0.0
2022-10-27 05:53:45,876 [WARN] PackLoader:242 - Cannot read IP mode file for RoweBots.I-CUBE-UNISONRTOS.5.5.0-4
2022-10-27 05:53:45,898 [WARN] PackLoader:242 - Cannot read IP mode file for STMicroelectronics.X-CUBE-AZRTOS-H7.2.1.0
2022-10-27 05:53:45,907 [WARN] PackLoader:242 - Cannot read IP mode file for STMicroelectronics.X-CUBE-BLEMGR.1.0.0
2022-10-27 05:53:45,915 [WARN] PackLoader:242 - Cannot read IP mode file for STMicroelectronics.X-CUBE-ALGOBUILD.1.3.0
2022-10-27 05:53:45,929 [WARN] PackLoader:242 - Cannot read IP mode file for STMicroelectronics.X-CUBE-AZRTOS-G0.1.1.0
2022-10-27 05:53:45,940 [WARN] PackLoader:242 - Cannot read IP mode file for STMicroelectronics.X-CUBE-SUBG2.5.0.0
2022-10-27 05:53:46,008 [WARN] PackLoader:242 - Cannot read IP mode file for SEGGER.I-CUBE-embOS.1.2.0
2022-10-27 05:53:46,035 [WARN] PackLoader:242 - Cannot read IP mode file for STMicroelectronics.FP-ATR-ASTRA1.1.1.1
2022-10-27 05:53:46,047 [WARN] PackLoader:242 - Cannot read IP mode file for STMicroelectronics.X-CUBE-AZRTOS-H7.2.0.0
2022-10-27 05:53:46,063 [WARN] PackLoader:242 - Cannot read IP mode file for STMicroelectronics.X-CUBE-AZRTOS-G4.1.0.0
2022-10-27 05:53:46,067 [WARN] PackLoader:242 - Cannot read IP mode file for STMicroelectronics.FP-ATR-SIGFOX1.3.2.0
2022-10-27 05:53:46,086 [WARN] PackLoader:242 - Cannot read IP mode file for STMicroelectronics.X-CUBE-AZRTOS-L4.1.0.0
2022-10-27 05:53:46,093 [WARN] PackLoader:242 - Cannot read IP mode file for emotas.I-CUBE-CANOPEN.1.1.2
2022-10-27 05:53:46,096 [WARN] PackLoader:242 - Cannot read IP mode file for STMicroelectronics.X-CUBE-TOUCHGFX.4.20.0
2022-10-27 05:53:46,118 [WARN] PackLoader:242 - Cannot read IP mode file for STMicroelectronics.X-CUBE-AZRTOS-F7.1.0.0
2022-10-27 05:53:46,134 [WARN] PackLoader:242 - Cannot read IP mode file for STMicroelectronics.X-CUBE-AZRTOS-WL.1.0.0
2022-10-27 05:53:46,178 [WARN] PackLoader:242 - Cannot read IP mode file for STMicroelectronics.X-CUBE-MEMS1.9.1.0
2022-10-27 05:53:46,326 [WARN] PackLoader:242 - Cannot read IP mode file for portGmbH.I-Cube-SoM-uGOAL.1.1.0
2022-10-27 05:53:46,331 [WARN] PackLoader:242 - Cannot read IP mode file for STMicroelectronics.X-CUBE-ALS.1.0.1
2022-10-27 05:53:46,348 [WARN] PackLoader:242 - Cannot read IP mode file for STMicroelectronics.X-CUBE-AZRTOS-L5.1.0.0
2022-10-27 05:53:46,357 [WARN] PackLoader:242 - Cannot read IP mode file for STMicroelectronics.X-CUBE-EEPRMA1.3.1.1
2022-10-27 05:53:46,363 [WARN] PackLoader:242 - Cannot read IP mode file for STMicroelectronics.X-CUBE-GNSS1.5.2.0
2022-10-27 05:53:46,368 [WARN] PackLoader:242 - Cannot read IP mode file for STMicroelectronics.X-CUBE-DISPLAY.2.0.1
2022-10-27 05:53:46,375 [WARN] PackLoader:242 - Cannot read IP mode file for STMicroelectronics.X-CUBE-TOF1.3.0.0
2022-10-27 05:53:46,378 [INFO] ThirdParty:929 - Integrity check success = true
2022-10-27 05:53:46,378 [INFO] IntegrityCheckThread:98 - exiting critical section [integrity check]
2022-10-27 05:53:46,378 [INFO] IntegrityCheckThread:101 - End integrity checks thread
2022-10-27 05:53:46,713 [INFO] ApiDb:239 - Found 138 in-development CPN: [B-WB1M-WPAN1, NUCLEO-C031C6, STEVAL-STWINBX1, STM320518-EVAL, STM32C0116-DK, STM32C011D6Y3TR, STM32C011D6Y6TR, STM32C011F4P3, STM32C011F4P6, STM32C011F4U3, STM32C011F4U6TR, STM32C011F6P3, STM32C011F6P6, STM32C011F6U3, STM32C011F6U6TR, STM32C011J4M3, STM32C011J4M6, STM32C011J6M3, STM32C011J6M6, STM32C0316-DK, STM32C031C4T3, STM32C031C4T6, STM32C031C4U3, STM32C031C4U6, STM32C031C6T3, STM32C031C6T6, STM32C031C6U3, STM32C031C6U6, STM32C031F4P3, STM32C031F4P6, STM32C031F6P3, STM32C031F6P6, STM32C031G4U3, STM32C031G4U6, STM32C031G6U3, STM32C031G6U6, STM32C031K4T3, STM32C031K4T6, STM32C031K4U3, STM32C031K4U6, STM32C031K6T3, STM32C031K6T6, STM32C031K6U3, STM32C031K6U6, STM32G071K8TXN, STM32G071K8UXN, STM32G081GBU6N, STM32G081KBT6N, STM32G081KBUXN, STM32G0B1CCT6N, STM32G0B1KCT6, STM32G0B1NEY6TR, STM32G0B1RCT6N, STM32G0C1CCT6, STM32G0C1CCT6N, STM32G0C1CCU6N, STM32G0C1CET6N, STM32G0C1CEU6N, STM32G0C1KCT6, STM32G0C1NEY6TR, STM32G0C1RCI6N, STM32G0C1RCT6N, STM32G0C1REI6N, STM32G0C1RET6N, STM32G0C1VCI6, STM32G0C1VEI6, STM32G471CCT6, STM32G471CCU6, STM32G471CET3, STM32G471CET6, STM32G471CEU3, STM32G471CEU6, STM32G471MCT6, STM32G471MET3, STM32G471MET6, STM32G471MEY6TR, STM32G471QCT6, STM32G471QET3, STM32G471RCT6, STM32G471RET3, STM32G471RET6, STM32G471VCH6, STM32G471VCI6, STM32G471VCT6, STM32G471VEH3, STM32G471VEH6, STM32G471VEI3, STM32G471VEI6, STM32G471VET3, STM32G471VET6, STM32G474CCT6, STM32L476VGY6PTR, STM32L4R5QGI6STR, STM32MP131AAE3, STM32MP131AAF3, STM32MP131AAG3, STM32MP131CAE3, STM32MP131CAF3, STM32MP131CAG3, STM32MP131DAE7, STM32MP131DAF7, STM32MP131DAG7, STM32MP131FAE7, STM32MP131FAF7, STM32MP131FAG7, STM32MP133AAE3, STM32MP133AAF3, STM32MP133AAG3, STM32MP133CAE3, STM32MP133CAF3, STM32MP133CAG3, STM32MP133DAE7, STM32MP133DAF7, STM32MP133DAG7, STM32MP133FAE7, STM32MP133FAF7, STM32MP133FAG7, STM32MP135AAE3, STM32MP135AAF3, STM32MP135AAG3, STM32MP135CAE3, STM32MP135CAF3, STM32MP135CAG3, STM32MP135DAE7, STM32MP135DAF7, STM32MP135DAG7, STM32MP135F-DK, STM32MP135FAE7, STM32MP135FAF7, STM32MP135FAG7, STM32U595ZJT6Q, STM32U599BJY6QTR, STM32U599NIH6Q, STM32U599NJH6Q, STM32U5A5ZJT6Q, STM32U5A9BJY6QTR, STM32U5A9NJH6Q, STM32WB1MMCH6]
2022-10-27 05:53:46,719 [INFO] DbMcus:215 - Found 3542 MCUs, 3542 are supported
2022-10-27 05:53:46,722 [INFO] ApiDb:418 - Load user favorites file C:\Users\Zver/.stm32cubeide/favorites.mcus.txt: 1 item(s)
2022-10-27 05:53:46,722 [INFO] ApiDb:422 - User favorites MCUs=[STM32F103C8T6]
2022-10-27 05:53:46,722 [INFO] DbMcus:221 - Set 1 / 1 favorites MCUs
2022-10-27 05:53:48,019 [INFO] LoadUrlFilesThread:177 - End of LoadServerUrlFiles without Thread
2022-10-27 05:53:48,041 [INFO] DetailPanel:339 - Set advertising image to C:/Users/Zver/STM32Cube/Repository/\en.Prom_NBSTM32U50921.jpg
2022-10-27 05:53:48,663 [INFO] MultiScanPanel:778 - Auto Refresh Data is not needed
2022-10-27 05:53:48,671 [INFO] ApiDb:663 - CubeFinder database Data Model version=2.1
2022-10-27 05:53:48,671 [INFO] ApiDb:664 - CubeFinder database Configuration version=3.0.32
2022-10-27 05:53:48,671 [INFO] ApiDb:665 - CubeFinder database generation date=2022-08-05 (1659688109)
2022-10-27 05:53:48,671 [INFO] ApiDb:666 - CubeFinder database FW Pack versions=[STM32Cube_FW_C0_V1.0.0, STM32Cube_FW_F4_V1.27.1, STM32Cube_FW_F7_V1.17.0, STM32Cube_FW_G0_V1.6.1, STM32Cube_FW_G4_V1.5.0, STM32Cube_FW_H7_V1.10.0, STM32Cube_FW_L5_V1.4.0, STM32Cube_FW_U5_V1.1.1, STM32Cube_FW_WB_V1.14.1, STM32Cube_FW_WL_V1.2.0, X-CUBE-ALGOBUILD_V1.3.0, X-CUBE-ALS_V1.0.1, X-CUBE-AZRTOS-F4_V1.1.0, X-CUBE-AZRTOS-F7_V1.1.0, X-CUBE-AZRTOS-G0_V1.1.0, X-CUBE-AZRTOS-G4_V1.0.0, X-CUBE-AZRTOS-H7_V2.1.0, X-CUBE-AZRTOS-L4_V1.0.0, X-CUBE-AZRTOS-L5_V1.0.0, X-CUBE-AZRTOS-WL_V1.0.0, X-CUBE-BLE1_V6.2.3, X-CUBE-BLE2_V3.3.0, X-CUBE-EEPRMA1_V3.1.1, X-CUBE-GNSS1_V6.0.0, X-CUBE-MEMS1_V9.1.0, X-CUBE-MEMS1_V9.3.0, X-CUBE-NFC4_V2.0.4, X-CUBE-NFC7_V1.0.0, X-CUBE-SFXS2LP1_V4.0.0, X-CUBE-SUBG2_V5.0.0]
2022-10-27 05:53:48,726 [INFO] DbBoardsSqlite:227 - include board P-NUCLEO-WB55-NUCLEO as a kit item of type 'Nucleo-64'
2022-10-27 05:53:48,726 [INFO] DbBoardsSqlite:227 - include board P-NUCLEO-WB55-USBDONGLE as a kit item of type 'Nucleo USB Dongle'
2022-10-27 05:53:48,727 [INFO] DbBoardsSqlite:227 - include board STEVAL-IDP005V1 as a kit item of type 'Evaluation Board'
2022-10-27 05:53:48,727 [INFO] DbBoardsSqlite:227 - include board STEVAL-IDP005V2 as a kit item of type 'Evaluation Board'
2022-10-27 05:53:48,734 [INFO] ApiDb:239 - Found 138 in-development CPN: [B-WB1M-WPAN1, NUCLEO-C031C6, STEVAL-STWINBX1, STM320518-EVAL, STM32C0116-DK, STM32C011D6Y3TR, STM32C011D6Y6TR, STM32C011F4P3, STM32C011F4P6, STM32C011F4U3, STM32C011F4U6TR, STM32C011F6P3, STM32C011F6P6, STM32C011F6U3, STM32C011F6U6TR, STM32C011J4M3, STM32C011J4M6, STM32C011J6M3, STM32C011J6M6, STM32C0316-DK, STM32C031C4T3, STM32C031C4T6, STM32C031C4U3, STM32C031C4U6, STM32C031C6T3, STM32C031C6T6, STM32C031C6U3, STM32C031C6U6, STM32C031F4P3, STM32C031F4P6, STM32C031F6P3, STM32C031F6P6, STM32C031G4U3, STM32C031G4U6, STM32C031G6U3, STM32C031G6U6, STM32C031K4T3, STM32C031K4T6, STM32C031K4U3, STM32C031K4U6, STM32C031K6T3, STM32C031K6T6, STM32C031K6U3, STM32C031K6U6, STM32G071K8TXN, STM32G071K8UXN, STM32G081GBU6N, STM32G081KBT6N, STM32G081KBUXN, STM32G0B1CCT6N, STM32G0B1KCT6, STM32G0B1NEY6TR, STM32G0B1RCT6N, STM32G0C1CCT6, STM32G0C1CCT6N, STM32G0C1CCU6N, STM32G0C1CET6N, STM32G0C1CEU6N, STM32G0C1KCT6, STM32G0C1NEY6TR, STM32G0C1RCI6N, STM32G0C1RCT6N, STM32G0C1REI6N, STM32G0C1RET6N, STM32G0C1VCI6, STM32G0C1VEI6, STM32G471CCT6, STM32G471CCU6, STM32G471CET3, STM32G471CET6, STM32G471CEU3, STM32G471CEU6, STM32G471MCT6, STM32G471MET3, STM32G471MET6, STM32G471MEY6TR, STM32G471QCT6, STM32G471QET3, STM32G471RCT6, STM32G471RET3, STM32G471RET6, STM32G471VCH6, STM32G471VCI6, STM32G471VCT6, STM32G471VEH3, STM32G471VEH6, STM32G471VEI3, STM32G471VEI6, STM32G471VET3, STM32G471VET6, STM32G474CCT6, STM32L476VGY6PTR, STM32L4R5QGI6STR, STM32MP131AAE3, STM32MP131AAF3, STM32MP131AAG3, STM32MP131CAE3, STM32MP131CAF3, STM32MP131CAG3, STM32MP131DAE7, STM32MP131DAF7, STM32MP131DAG7, STM32MP131FAE7, STM32MP131FAF7, STM32MP131FAG7, STM32MP133AAE3, STM32MP133AAF3, STM32MP133AAG3, STM32MP133CAE3, STM32MP133CAF3, STM32MP133CAG3, STM32MP133DAE7, STM32MP133DAF7, STM32MP133DAG7, STM32MP133FAE7, STM32MP133FAF7, STM32MP133FAG7, STM32MP135AAE3, STM32MP135AAF3, STM32MP135AAG3, STM32MP135CAE3, STM32MP135CAF3, STM32MP135CAG3, STM32MP135DAE7, STM32MP135DAF7, STM32MP135DAG7, STM32MP135F-DK, STM32MP135FAE7, STM32MP135FAF7, STM32MP135FAG7, STM32U595ZJT6Q, STM32U599BJY6QTR, STM32U599NIH6Q, STM32U599NJH6Q, STM32U5A5ZJT6Q, STM32U5A9BJY6QTR, STM32U5A9NJH6Q, STM32WB1MMCH6]
2022-10-27 05:53:48,836 [INFO] BoardInfo:879 - No configuration file found for board P-NUCLEO-WB55
2022-10-27 05:53:48,836 [INFO] DbBoards:156 - Kit is not supported: P-NUCLEO-WB55
2022-10-27 05:53:48,841 [INFO] BoardInfo:879 - No configuration file found for board STEVAL-BFA001V1B
2022-10-27 05:53:48,841 [INFO] DbBoards:156 - Kit is not supported: STEVAL-BFA001V1B
2022-10-27 05:53:48,843 [INFO] BoardInfo:879 - No configuration file found for board STEVAL-BFA001V2B
2022-10-27 05:53:48,843 [INFO] DbBoards:156 - Kit is not supported: STEVAL-BFA001V2B
2022-10-27 05:53:48,952 [INFO] DbBoards:160 - Found 176 boards, 173 are supported
2022-10-27 05:53:48,959 [INFO] ApiDb:418 - Load user favorites file C:\Users\Zver/.stm32cubeide/favorites.boards.txt: 0 item(s)
2022-10-27 05:53:48,959 [INFO] ApiDb:422 - User favorites Boards=[]
2022-10-27 05:53:48,959 [INFO] DbBoards:189 - Set 0 / 0 favorites Boards
2022-10-27 05:54:01,693 [ERROR] LogOutputStream:74 - [STDERR_REDIRECT] SLF4J: Failed to load class "org.slf4j.impl.StaticLoggerBinder".
2022-10-27 05:54:01,694 [ERROR] LogOutputStream:74 - [STDERR_REDIRECT] SLF4J: Defaulting to no-operation (NOP) logger implementation
2022-10-27 05:54:01,696 [ERROR] LogOutputStream:74 - [STDERR_REDIRECT] SLF4J: See http://www.slf4j.org/codes.html#StaticLoggerBinder for further details.
2022-10-27 05:54:01,746 [INFO] MainUpdater:2768 - connection check result : 10
2022-10-27 05:54:01,747 [INFO] MainUpdater:2768 - connection check result : 10
2022-10-27 05:54:01,762 [INFO] MicroXplorer:451 - Change Database Path : 
2022-10-27 05:54:01,762 [INFO] MicroXplorer:481 - Change Database Version : DB.6.0.60
2022-10-27 05:54:01,763 [WARN] ThirdParty:827 - waiting for thirdparty lock release [close project]
2022-10-27 05:54:01,763 [INFO] ThirdParty:829 - entering critical section [close project]
2022-10-27 05:54:01,764 [INFO] ThirdParty:839 - exiting critical section [close project]
2022-10-27 05:54:01,770 [INFO] PinOutPanel:1468 - setPackage(No Configuration,No Configuration)
2022-10-27 05:54:01,775 [INFO] UtilMem:74 - Begin LoadConfig() Used Memory: 252583208 Bytes (457179136)
2022-10-27 05:54:01,776 [INFO] MicroXplorer:451 - Change Database Path : 
2022-10-27 05:54:01,776 [INFO] MicroXplorer:481 - Change Database Version : DB.6.0.60
2022-10-27 05:54:01,776 [INFO] OpenFileManager:307 - Change cursor
2022-10-27 05:54:01,813 [INFO] Mcu:1922 - Initializing MCU STM32F103C8Tx STM32F103C8Tx 
2022-10-27 05:54:01,814 [INFO] Mcu:1935 - No CPN specified => set CPN to STM32F103C8T6
2022-10-27 05:54:02,503 [INFO] Context:654 - Trying to add GPIOservice into a context  which must be forbidden
2022-10-27 05:54:02,693 [INFO] ImportTextPane:193 - (OptionalMessage_ERROR) Unable to find key (Mcu.ThirdPartyNb) in loaded IOC file
2022-10-27 05:54:02,693 [INFO] ImportTextPane:193 - (OptionalMessage_ERROR) Unable to find key (Mcu.PinsNb) in loaded IOC file
2022-10-27 05:54:02,693 [INFO] ImportTextPane:193 - (OptionalMessage_ERROR) Unable to find key (Mcu.IPNb) in loaded IOC file
2022-10-27 05:54:02,742 [WARN] ApiManager:308 - Cannot register API 'Board Extension:GNSS1A1' from pack STMicroelectronics.X-CUBE-GNSS1.6.0.0: no header file found
2022-10-27 05:54:02,742 [WARN] ApiManager:308 - Cannot register API 'Board Support:Custom' from pack STMicroelectronics.X-CUBE-GNSS1.6.0.0: no header file found
2022-10-27 05:54:02,742 [WARN] ApiManager:308 - Cannot register API 'Data Exchange:lib_gnss' from pack STMicroelectronics.X-CUBE-GNSS1.6.0.0: no header file found
2022-10-27 05:54:02,755 [WARN] ApiManager:308 - Cannot register API 'Wireless:BlueNRG-MS' from pack STMicroelectronics.X-CUBE-BLE1.6.2.3: no header file found
2022-10-27 05:54:02,756 [INFO] RtosManager:488 - Registered RTOS mode: class=CMSIS, group=RTOS, mode=CMSIS_V1, owner=FREERTOS
2022-10-27 05:54:02,757 [INFO] RtosManager:488 - Registered RTOS mode: class=CMSIS, group=RTOS2, mode=CMSIS_V2, owner=FREERTOS
2022-10-27 05:54:02,757 [INFO] RtosManager:488 - Registered RTOS mode: class=RTOS, group=Core, mode=CMSIS_V1, owner=FREERTOS
2022-10-27 05:54:02,757 [INFO] RtosManager:488 - Registered RTOS mode: class=RTOS, group=Core, mode=CMSIS_V2, owner=FREERTOS
2022-10-27 05:54:02,757 [WARN] ModelIntegratedComponent:185 - Missing modes for component STMicroelectronics:FreeRTOS:0.0.1:STMicroelectronics:RTOS:FreeRTOS:Core:::10.2.0:
2022-10-27 05:54:02,762 [WARN] ApiManager:308 - Cannot register API 'Board Extension:S2868A1' from pack STMicroelectronics.X-CUBE-SUBG2.5.0.0: no header file found
2022-10-27 05:54:02,762 [WARN] ApiManager:308 - Cannot register API 'Board Extension:S2868A2' from pack STMicroelectronics.X-CUBE-SUBG2.5.0.0: no header file found
2022-10-27 05:54:02,762 [WARN] ApiManager:308 - Cannot register API 'Board Extension:S2915A1' from pack STMicroelectronics.X-CUBE-SUBG2.5.0.0: no header file found
2022-10-27 05:54:02,767 [WARN] ApiManager:308 - Cannot register API 'Wireless:BlueNRG-MS' from pack STMicroelectronics.X-CUBE-BLE1.6.2.2: no header file found
2022-10-27 05:54:02,768 [WARN] ApiManager:308 - Cannot register API 'Board Extension:NFC04A1' from pack STMicroelectronics.X-CUBE-NFC4.2.0.4: no header file found
2022-10-27 05:54:02,768 [WARN] ApiManager:308 - Cannot register API 'Wireless:BlueNRG-2' from pack STMicroelectronics.X-CUBE-BLE2.3.2.2: no header file found
2022-10-27 05:54:02,769 [WARN] ApiManager:308 - Cannot register API 'Board Extension:NFC04A1' from pack STMicroelectronics.X-CUBE-NFC4.2.0.3: no header file found
2022-10-27 05:54:02,772 [WARN] ApiManager:308 - Cannot register API 'Board Extension:S2868A1' from pack STMicroelectronics.X-CUBE-SFXS2LP1.3.1.0: no header file found
2022-10-27 05:54:02,772 [WARN] ApiManager:308 - Cannot register API 'Board Extension:S2868A2' from pack STMicroelectronics.X-CUBE-SFXS2LP1.3.1.0: no header file found
2022-10-27 05:54:02,772 [WARN] ApiManager:308 - Cannot register API 'Board Extension:S2915A1' from pack STMicroelectronics.X-CUBE-SFXS2LP1.3.1.0: no header file found
2022-10-27 05:54:02,778 [WARN] ModelIntegratedComponent:64 - No mode defined for component null
2022-10-27 05:54:02,778 [WARN] ModelIntegratedComponent:64 - No mode defined for component null
2022-10-27 05:54:02,778 [WARN] ModelIntegratedComponent:64 - No mode defined for component null
2022-10-27 05:54:02,778 [WARN] ModelIntegratedComponent:64 - No mode defined for component null
2022-10-27 05:54:02,778 [WARN] ModelIntegratedComponent:64 - No mode defined for component null
2022-10-27 05:54:02,778 [WARN] ModelIntegratedComponent:64 - No mode defined for component null
2022-10-27 05:54:02,778 [WARN] ModelIntegratedComponent:64 - No mode defined for component null
2022-10-27 05:54:02,778 [WARN] ModelIntegratedComponent:64 - No mode defined for component null
2022-10-27 05:54:02,779 [WARN] ModelIntegratedComponent:64 - No mode defined for component null
2022-10-27 05:54:02,779 [WARN] ModelIntegratedComponent:64 - No mode defined for component null
2022-10-27 05:54:02,779 [WARN] ModelIntegratedComponent:64 - No mode defined for component null
2022-10-27 05:54:02,779 [WARN] ModelIntegratedComponent:64 - No mode defined for component null
2022-10-27 05:54:02,779 [WARN] ModelIntegratedComponent:64 - No mode defined for component null
2022-10-27 05:54:02,779 [WARN] ModelIntegratedComponent:64 - No mode defined for component null
2022-10-27 05:54:02,779 [WARN] ModelIntegratedComponent:64 - No mode defined for component null
2022-10-27 05:54:02,779 [WARN] ModelIntegratedComponent:64 - No mode defined for component null
2022-10-27 05:54:02,779 [WARN] ModelIntegratedComponent:64 - No mode defined for component null
2022-10-27 05:54:02,779 [WARN] ModelIntegratedComponent:64 - No mode defined for component null
2022-10-27 05:54:02,779 [WARN] ModelIntegratedComponent:64 - No mode defined for component null
2022-10-27 05:54:02,779 [WARN] ModelIntegratedComponent:64 - No mode defined for component null
2022-10-27 05:54:02,779 [WARN] ModelIntegratedComponent:64 - No mode defined for component null
2022-10-27 05:54:02,779 [WARN] ModelIntegratedComponent:64 - No mode defined for component null
2022-10-27 05:54:02,780 [WARN] ModelIntegratedComponent:64 - No mode defined for component null
2022-10-27 05:54:02,780 [WARN] ModelIntegratedComponent:64 - No mode defined for component null
2022-10-27 05:54:02,780 [WARN] ModelIntegratedComponent:64 - No mode defined for component null
2022-10-27 05:54:02,780 [WARN] ModelIntegratedComponent:64 - No mode defined for component null
2022-10-27 05:54:02,780 [WARN] ModelIntegratedComponent:64 - No mode defined for component null
2022-10-27 05:54:02,780 [WARN] ModelIntegratedComponent:64 - No mode defined for component null
2022-10-27 05:54:02,780 [WARN] ModelIntegratedComponent:64 - No mode defined for component null
2022-10-27 05:54:02,780 [WARN] ModelIntegratedComponent:64 - No mode defined for component null
2022-10-27 05:54:02,780 [WARN] ModelIntegratedComponent:64 - No mode defined for component null
2022-10-27 05:54:02,780 [WARN] ModelIntegratedComponent:64 - No mode defined for component null
2022-10-27 05:54:02,780 [WARN] ModelIntegratedComponent:64 - No mode defined for component null
2022-10-27 05:54:02,782 [WARN] ApiManager:308 - Cannot register API 'Board Extension:NFC07A1' from pack STMicroelectronics.X-CUBE-NFC7.1.0.0: no header file found
2022-10-27 05:54:02,785 [WARN] ApiManager:308 - Cannot register API 'Board Extension:S2868A1' from pack STMicroelectronics.X-CUBE-SUBG2.4.2.0: no header file found
2022-10-27 05:54:02,785 [WARN] ApiManager:308 - Cannot register API 'Board Extension:S2868A2' from pack STMicroelectronics.X-CUBE-SUBG2.4.2.0: no header file found
2022-10-27 05:54:02,785 [WARN] ApiManager:308 - Cannot register API 'Board Extension:S2915A1' from pack STMicroelectronics.X-CUBE-SUBG2.4.2.0: no header file found
2022-10-27 05:54:02,849 [WARN] ApiManager:308 - Cannot register API 'Board Extension:IKS01A3' from pack STMicroelectronics.X-CUBE-MEMS1.9.1.0: no header file found
2022-10-27 05:54:02,849 [WARN] ApiManager:308 - Cannot register API 'Board Extension:IKS01A2' from pack STMicroelectronics.X-CUBE-MEMS1.9.1.0: no header file found
2022-10-27 05:54:02,849 [WARN] ApiManager:308 - Cannot register API 'Board Extension:IKS02A1' from pack STMicroelectronics.X-CUBE-MEMS1.9.1.0: no header file found
2022-10-27 05:54:02,910 [WARN] ApiManager:308 - Cannot register API 'Board Extension:IKS01A3' from pack STMicroelectronics.X-CUBE-MEMS1.9.3.0: no header file found
2022-10-27 05:54:02,911 [WARN] ApiManager:308 - Cannot register API 'Board Extension:IKS01A2' from pack STMicroelectronics.X-CUBE-MEMS1.9.3.0: no header file found
2022-10-27 05:54:02,911 [WARN] ApiManager:308 - Cannot register API 'Board Extension:IKS02A1' from pack STMicroelectronics.X-CUBE-MEMS1.9.3.0: no header file found
2022-10-27 05:54:02,916 [WARN] ApiManager:308 - Cannot register API 'Board Extension:EEPRMA1' from pack STMicroelectronics.X-CUBE-EEPRMA1.3.1.1: no header file found
2022-10-27 05:54:02,916 [WARN] ApiManager:308 - Cannot register API 'Board Extension:EEPRMA2' from pack STMicroelectronics.X-CUBE-EEPRMA1.3.1.1: no header file found
2022-10-27 05:54:02,916 [WARN] ApiManager:308 - Cannot register API 'Board Extension:GNSS1A1' from pack STMicroelectronics.X-CUBE-GNSS1.5.2.0: no header file found
2022-10-27 05:54:02,916 [WARN] ApiManager:308 - Cannot register API 'Board Support:Custom' from pack STMicroelectronics.X-CUBE-GNSS1.5.2.0: no header file found
2022-10-27 05:54:02,916 [WARN] ApiManager:308 - Cannot register API 'Data Exchange:lib_gnss' from pack STMicroelectronics.X-CUBE-GNSS1.5.2.0: no header file found
2022-10-27 05:54:02,917 [WARN] ApiManager:308 - Cannot register API 'Board Extension:S2868A1' from pack STMicroelectronics.X-CUBE-SFXS2LP1.4.0.0: no header file found
2022-10-27 05:54:02,917 [WARN] ApiManager:308 - Cannot register API 'Board Extension:S2868A2' from pack STMicroelectronics.X-CUBE-SFXS2LP1.4.0.0: no header file found
2022-10-27 05:54:02,917 [WARN] ApiManager:308 - Cannot register API 'Board Extension:S2915A1' from pack STMicroelectronics.X-CUBE-SFXS2LP1.4.0.0: no header file found
2022-10-27 05:54:02,917 [WARN] ApiManager:308 - Cannot register API 'Wireless:BlueNRG-2' from pack STMicroelectronics.X-CUBE-BLE2.3.3.0: no header file found
2022-10-27 05:54:02,927 [INFO] ThirdPartyModel:289 - Start build external matchings
2022-10-27 05:54:03,486 [INFO] ThirdPartyModel:302 - End build external matchings
2022-10-27 05:54:03,641 [INFO] UtilMem:74 - End LoadConfig() Used Memory: 261550256 Bytes (457179136)
2022-10-27 05:54:03,658 [WARN] ThirdParty:789 - waiting for thirdparty lock release [change project]
2022-10-27 05:54:03,658 [INFO] ThirdParty:791 - entering critical section [change project]
2022-10-27 05:54:03,658 [INFO] ThirdParty:981 - CMSIS Pack Vendor :wolfSSL I-CUBE-wolfSSL 5.2.0
2022-10-27 05:54:03,658 [INFO] ThirdParty:981 - CMSIS Pack Vendor :RoweBots I-CUBE-UNISONRTOS 5.5.0-4
2022-10-27 05:54:03,658 [INFO] ThirdParty:981 - CMSIS Pack Vendor :STMicroelectronics X-CUBE-GNSS1 6.0.0
2022-10-27 05:54:03,659 [INFO] ThirdParty:981 - CMSIS Pack Vendor :STMicroelectronics X-CUBE-AZRTOS-H7 2.1.0
2022-10-27 05:54:03,659 [INFO] ThirdParty:981 - CMSIS Pack Vendor :STMicroelectronics USB_HOST 2.0.0
2022-10-27 05:54:03,659 [INFO] ThirdParty:981 - CMSIS Pack Vendor :STMicroelectronics X-CUBE-AZRTOS-F4 1.1.0
2022-10-27 05:54:03,659 [INFO] ThirdParty:981 - CMSIS Pack Vendor :STMicroelectronics LIBJPEG 8.0.0
2022-10-27 05:54:03,659 [INFO] ThirdParty:981 - CMSIS Pack Vendor :STMicroelectronics USB_DEVICE 3.0.0
2022-10-27 05:54:03,659 [INFO] ThirdParty:981 - CMSIS Pack Vendor :STMicroelectronics X-CUBE-BLEMGR 1.0.0
2022-10-27 05:54:03,659 [INFO] ThirdParty:981 - CMSIS Pack Vendor :STMicroelectronics X-CUBE-BLEMGR 1.2.0
2022-10-27 05:54:03,659 [INFO] ThirdParty:981 - CMSIS Pack Vendor :STMicroelectronics X-CUBE-AZRTOS-F7 1.1.0
2022-10-27 05:54:03,659 [INFO] ThirdParty:981 - CMSIS Pack Vendor :STMicroelectronics USB_DEVICE 2.0.0
2022-10-27 05:54:03,659 [INFO] ThirdParty:981 - CMSIS Pack Vendor :STMicroelectronics X-CUBE-AI 7.1.0
2022-10-27 05:54:03,659 [INFO] ThirdParty:981 - CMSIS Pack Vendor :STMicroelectronics X-CUBE-BLE1 6.2.3
2022-10-27 05:54:03,659 [INFO] ThirdParty:981 - CMSIS Pack Vendor :STMicroelectronics X-CUBE-ALGOBUILD 1.3.0
2022-10-27 05:54:03,659 [INFO] ThirdParty:981 - CMSIS Pack Vendor :STMicroelectronics FreeRTOS 0.0.1
2022-10-27 05:54:03,660 [INFO] ThirdParty:981 - CMSIS Pack Vendor :STMicroelectronics X-CUBE-AZRTOS-G0 1.1.0
2022-10-27 05:54:03,660 [INFO] ThirdParty:981 - CMSIS Pack Vendor :STMicroelectronics X-CUBE-SUBG2 5.0.0
2022-10-27 05:54:03,660 [INFO] ThirdParty:981 - CMSIS Pack Vendor :SEGGER I-CUBE-embOS 1.2.0
2022-10-27 05:54:03,660 [INFO] ThirdParty:981 - CMSIS Pack Vendor :STMicroelectronics STM32_WPAN 1.0.0
2022-10-27 05:54:03,660 [INFO] ThirdParty:981 - CMSIS Pack Vendor :STMicroelectronics lwIP 2.0.3
2022-10-27 05:54:03,660 [INFO] ThirdParty:981 - CMSIS Pack Vendor :STMicroelectronics X-CUBE-BLE1 6.2.2
2022-10-27 05:54:03,660 [INFO] ThirdParty:981 - CMSIS Pack Vendor :STMicroelectronics X-CUBE-NFC4 2.0.4
2022-10-27 05:54:03,660 [INFO] ThirdParty:981 - CMSIS Pack Vendor :STMicroelectronics X-CUBE-BLE2 3.2.2
2022-10-27 05:54:03,660 [INFO] ThirdParty:981 - CMSIS Pack Vendor :STMicroelectronics USB_HOST 1.0.0
2022-10-27 05:54:03,660 [INFO] ThirdParty:981 - CMSIS Pack Vendor :STMicroelectronics X-CUBE-NFC4 2.0.3
2022-10-27 05:54:03,660 [INFO] ThirdParty:981 - CMSIS Pack Vendor :STMicroelectronics PDM2PCM 3.1.0
2022-10-27 05:54:03,660 [INFO] ThirdParty:981 - CMSIS Pack Vendor :STMicroelectronics FP-ATR-ASTRA1 1.1.1
2022-10-27 05:54:03,661 [INFO] ThirdParty:981 - CMSIS Pack Vendor :STMicroelectronics PDM2PCM 3.3.0
2022-10-27 05:54:03,661 [INFO] ThirdParty:981 - CMSIS Pack Vendor :STMicroelectronics X-CUBE-TOF1 3.1.0
2022-10-27 05:54:03,661 [INFO] ThirdParty:981 - CMSIS Pack Vendor :STMicroelectronics X-CUBE-SFXS2LP1 3.1.0
2022-10-27 05:54:03,661 [INFO] ThirdParty:981 - CMSIS Pack Vendor :STMicroelectronics X-CUBE-AZRTOS-F4 1.0.0
2022-10-27 05:54:03,661 [INFO] ThirdParty:981 - CMSIS Pack Vendor :STMicroelectronics X-CUBE-AZRTOS-H7 2.0.0
2022-10-27 05:54:03,661 [INFO] ThirdParty:981 - CMSIS Pack Vendor :STMicroelectronics X-CUBE-AZRTOS-G4 1.0.0
2022-10-27 05:54:03,661 [INFO] ThirdParty:981 - CMSIS Pack Vendor :STMicroelectronics FP-ATR-SIGFOX1 3.2.0
2022-10-27 05:54:03,661 [INFO] ThirdParty:981 - CMSIS Pack Vendor :STMicroelectronics X-CUBE-AZRTOS-L4 1.0.0
2022-10-27 05:54:03,661 [INFO] ThirdParty:981 - CMSIS Pack Vendor :STMicroelectronics HAL Drivers 0.0.0
2022-10-27 05:54:03,662 [INFO] ThirdParty:981 - CMSIS Pack Vendor :STMicroelectronics MBEDTLS 2.16.2
2022-10-27 05:54:03,662 [INFO] ThirdParty:981 - CMSIS Pack Vendor :emotas I-CUBE-CANOPEN 1.1.2
2022-10-27 05:54:03,662 [INFO] ThirdParty:981 - CMSIS Pack Vendor :STMicroelectronics X-CUBE-TOUCHGFX 4.20.0
2022-10-27 05:54:03,662 [INFO] ThirdParty:981 - CMSIS Pack Vendor :STMicroelectronics MBEDTLS 2.14.1
2022-10-27 05:54:03,662 [INFO] ThirdParty:981 - CMSIS Pack Vendor :STMicroelectronics X-CUBE-NFC7 1.0.0
2022-10-27 05:54:03,662 [INFO] ThirdParty:981 - CMSIS Pack Vendor :STMicroelectronics X-CUBE-AZRTOS-F7 1.0.0
2022-10-27 05:54:03,662 [INFO] ThirdParty:981 - CMSIS Pack Vendor :STMicroelectronics X-CUBE-AZRTOS-WL 1.0.0
2022-10-27 05:54:03,662 [INFO] ThirdParty:981 - CMSIS Pack Vendor :STMicroelectronics X-CUBE-SUBG2 4.2.0
2022-10-27 05:54:03,662 [INFO] ThirdParty:981 - CMSIS Pack Vendor :STMicroelectronics X-CUBE-MEMS1 9.1.0
2022-10-27 05:54:03,663 [INFO] ThirdParty:981 - CMSIS Pack Vendor :STMicroelectronics X-CUBE-MEMS1 9.3.0
2022-10-27 05:54:03,663 [INFO] ThirdParty:981 - CMSIS Pack Vendor :portGmbH I-Cube-SoM-uGOAL 1.1.0
2022-10-27 05:54:03,663 [INFO] ThirdParty:981 - CMSIS Pack Vendor :STMicroelectronics X-CUBE-ALS 1.0.1
2022-10-27 05:54:03,663 [INFO] ThirdParty:981 - CMSIS Pack Vendor :STMicroelectronics X-CUBE-AI 7.2.0
2022-10-27 05:54:03,663 [INFO] ThirdParty:981 - CMSIS Pack Vendor :STMicroelectronics ThreadX 1.0.0
2022-10-27 05:54:03,663 [INFO] ThirdParty:981 - CMSIS Pack Vendor :STMicroelectronics X-CUBE-AZRTOS-L5 1.0.0
2022-10-27 05:54:03,663 [INFO] ThirdParty:981 - CMSIS Pack Vendor :STMicroelectronics USB_DEVICE 1.0.0
2022-10-27 05:54:03,664 [INFO] ThirdParty:981 - CMSIS Pack Vendor :STMicroelectronics X-CUBE-AZRTOS-G0 1.0.0
2022-10-27 05:54:03,664 [INFO] ThirdParty:981 - CMSIS Pack Vendor :STMicroelectronics X-CUBE-EEPRMA1 3.1.1
2022-10-27 05:54:03,664 [INFO] ThirdParty:981 - CMSIS Pack Vendor :STMicroelectronics X-CUBE-GNSS1 5.2.0
2022-10-27 05:54:03,665 [INFO] ThirdParty:981 - CMSIS Pack Vendor :STMicroelectronics ThreadX 0.0.2
2022-10-27 05:54:03,665 [INFO] ThirdParty:981 - CMSIS Pack Vendor :STMicroelectronics lwIP 2.1.2
2022-10-27 05:54:03,665 [INFO] ThirdParty:981 - CMSIS Pack Vendor :STMicroelectronics X-CUBE-SFXS2LP1 4.0.0
2022-10-27 05:54:03,665 [INFO] ThirdParty:981 - CMSIS Pack Vendor :STMicroelectronics X-CUBE-BLE2 3.3.0
2022-10-27 05:54:03,665 [INFO] ThirdParty:981 - CMSIS Pack Vendor :STMicroelectronics X-CUBE-DISPLAY 2.0.1
2022-10-27 05:54:03,665 [INFO] ThirdParty:981 - CMSIS Pack Vendor :STMicroelectronics X-CUBE-DISPLAY 2.2.0
2022-10-27 05:54:03,666 [INFO] ThirdParty:981 - CMSIS Pack Vendor :STMicroelectronics X-CUBE-TOF1 3.2.0
2022-10-27 05:54:03,666 [INFO] ThirdParty:981 - CMSIS Pack Vendor :STMicroelectronics PDM2PCM 3.2.0
2022-10-27 05:54:03,666 [INFO] ThirdParty:981 - CMSIS Pack Vendor :STMicroelectronics X-CUBE-TOUCHGFX 4.18.1
2022-10-27 05:54:03,666 [INFO] ThirdParty:981 - CMSIS Pack Vendor :STMicroelectronics X-CUBE-TOF1 3.0.0
2022-10-27 05:54:03,666 [INFO] ThirdParty:981 - CMSIS Pack Vendor :STMicroelectronics X-CUBE-ISPU 1.0.0
2022-10-27 05:54:03,667 [INFO] ThirdParty:797 - exiting critical section [change project]
2022-10-27 05:54:03,919 [INFO] PinOutPanel:1468 - setPackage(No Configuration,No Configuration)
2022-10-27 05:54:03,920 [INFO] PinOutPanel:1468 - setPackage(STM32F103C8Tx,LQFP48)
2022-10-27 05:54:04,443 [INFO] UtilMem:74 - Before build in PCC Used Memory: 294627584 Bytes (457179136)
2022-10-27 05:54:05,188 [INFO] UtilMem:74 - After build in PCC Used Memory: 292415904 Bytes (457179136)
2022-10-27 05:54:05,225 [INFO] IPUIPlugin:79 - create IPUIPlugin
2022-10-27 05:54:05,226 [INFO] IPUIPlugin:79 - create IPUIPlugin
2022-10-27 05:54:05,226 [INFO] IPUIPlugin:79 - create IPUIPlugin
2022-10-27 05:54:05,226 [INFO] IPUIPlugin:79 - create IPUIPlugin
2022-10-27 05:54:05,226 [INFO] IPUIPlugin:79 - create IPUIPlugin
2022-10-27 05:54:05,226 [INFO] IPUIPlugin:79 - create IPUIPlugin
2022-10-27 05:54:05,226 [INFO] IPUIPlugin:79 - create IPUIPlugin
2022-10-27 05:54:05,226 [INFO] IPUIPlugin:79 - create IPUIPlugin
2022-10-27 05:54:05,227 [INFO] IPUIPlugin:79 - create IPUIPlugin
2022-10-27 05:54:05,227 [INFO] IPUIPlugin:79 - create IPUIPlugin
2022-10-27 05:54:05,227 [INFO] IPUIPlugin:79 - create IPUIPlugin
2022-10-27 05:54:05,227 [INFO] IPUIPlugin:79 - create IPUIPlugin
2022-10-27 05:54:05,227 [INFO] IPUIPlugin:79 - create IPUIPlugin
2022-10-27 05:54:05,228 [INFO] IPUIPlugin:79 - create IPUIPlugin
2022-10-27 05:54:05,228 [INFO] IPUIPlugin:79 - create IPUIPlugin
2022-10-27 05:54:05,228 [INFO] IPUIPlugin:79 - create IPUIPlugin
2022-10-27 05:54:05,230 [INFO] IPUIPlugin:79 - create IPUIPlugin
2022-10-27 05:54:05,231 [INFO] IPUIPlugin:79 - create IPUIPlugin
2022-10-27 05:54:05,232 [INFO] IPUIPlugin:79 - create IPUIPlugin
2022-10-27 05:54:05,233 [INFO] IPUIPlugin:79 - create IPUIPlugin
2022-10-27 05:54:05,233 [INFO] IPUIPlugin:79 - create IPUIPlugin
2022-10-27 05:54:05,233 [INFO] IPUIPlugin:79 - create IPUIPlugin
2022-10-27 05:54:05,234 [INFO] IPUIPlugin:79 - create IPUIPlugin
2022-10-27 05:54:05,234 [INFO] IPUIPlugin:79 - create IPUIPlugin
2022-10-27 05:54:05,235 [INFO] IPUIPlugin:79 - create IPUIPlugin
2022-10-27 05:54:05,235 [INFO] IPUIPlugin:79 - create IPUIPlugin
2022-10-27 05:54:05,236 [INFO] IPUIPlugin:79 - create IPUIPlugin
2022-10-27 05:54:05,527 [INFO] OpenFileManager:327 - Restore cursor
2022-10-27 05:54:05,926 [INFO] UtilMem:74 - End SaveConfig() Used Memory: 216457944 Bytes (457179136)
2022-10-27 05:54:05,976 [INFO] UtilMem:74 - End SaveConfig() Used Memory: 227306240 Bytes (457179136)
2022-10-27 05:54:06,413 [INFO] BlockDiagram:2753 - set Specific Code input for plugin: NVIC
2022-10-27 05:54:06,414 [INFO] BlockDiagram:2753 - set Specific Code input for plugin: RCC
2022-10-27 05:54:06,415 [INFO] CodeGenerator:690 - code generatio: config db path: C:\ST\STM32CubeIDE_1.9.0\STM32CubeIDE\plugins\com.st.stm32cube.common.mx_6.6.1.202207061420\\db\
2022-10-27 05:54:06,677 [INFO] CodeEngine:245 - oldGeneratedFile, D:\github\mc\stm32\Tilt_Sensor\Tilt_Sensor\MXTmpFiles\license.tmp_save
2022-10-27 05:54:07,019 [INFO] CodeEngine:269 - Generated code: D:\github\mc\stm32\Tilt_Sensor\Tilt_Sensor\MXTmpFiles\license.tmp
2022-10-27 05:54:07,033 [INFO] CodeEngine:245 - oldGeneratedFile, D:\github\mc\stm32\Tilt_Sensor\Tilt_Sensor\Core\Src\stm32f1xx_it.c_save
2022-10-27 05:54:07,207 [INFO] CodeEngine:269 - Generated code: D:\github\mc\stm32\Tilt_Sensor\Tilt_Sensor\Core\Src\stm32f1xx_it.c
2022-10-27 05:54:07,215 [INFO] CodeEngine:245 - oldGeneratedFile, D:\github\mc\stm32\Tilt_Sensor\Tilt_Sensor\Core\Inc\stm32f1xx_it.h_save
2022-10-27 05:54:07,399 [INFO] CodeEngine:269 - Generated code: D:\github\mc\stm32\Tilt_Sensor\Tilt_Sensor\Core\Inc\stm32f1xx_it.h
2022-10-27 05:54:07,490 [INFO] CodeEngine:245 - oldGeneratedFile, D:\github\mc\stm32\Tilt_Sensor\Tilt_Sensor\Core\Src\stm32f1xx_hal_msp.c_save
2022-10-27 05:54:07,771 [INFO] CodeEngine:269 - Generated code: D:\github\mc\stm32\Tilt_Sensor\Tilt_Sensor\Core\Src\stm32f1xx_hal_msp.c
2022-10-27 05:54:07,797 [INFO] CodeEngine:245 - oldGeneratedFile, D:\github\mc\stm32\Tilt_Sensor\Tilt_Sensor\MXTmpFiles\system.tmp_save
2022-10-27 05:54:07,913 [INFO] CodeEngine:269 - Generated code: D:\github\mc\stm32\Tilt_Sensor\Tilt_Sensor\MXTmpFiles\system.tmp
2022-10-27 05:54:07,922 [INFO] CodeEngine:245 - oldGeneratedFile, D:\github\mc\stm32\Tilt_Sensor\Tilt_Sensor\Core\Inc\stm32f1xx_hal_conf.h_save
2022-10-27 05:54:08,076 [INFO] CodeEngine:269 - Generated code: D:\github\mc\stm32\Tilt_Sensor\Tilt_Sensor\Core\Inc\stm32f1xx_hal_conf.h
2022-10-27 05:54:08,127 [INFO] CodeEngine:245 - oldGeneratedFile, D:\github\mc\stm32\Tilt_Sensor\Tilt_Sensor\Core\Inc\main.h_save
2022-10-27 05:54:08,268 [INFO] CodeEngine:269 - Generated code: D:\github\mc\stm32\Tilt_Sensor\Tilt_Sensor\Core\Inc\main.h
2022-10-27 05:54:08,274 [INFO] CodeEngine:245 - oldGeneratedFile, D:\github\mc\stm32\Tilt_Sensor\Tilt_Sensor\Core\Src\main.c_save
2022-10-27 05:54:08,453 [INFO] CodeEngine:269 - Generated code: D:\github\mc\stm32\Tilt_Sensor\Tilt_Sensor\Core\Src\main.c
2022-10-27 05:54:09,089 [INFO] ProjectBuilder:2919 - Time for Copy HAL[1] : 133mS.
2022-10-27 05:54:09,103 [INFO] ProjectBuilder:4117 - Project Generator version: 3.17.1
2022-10-27 05:54:09,600 [INFO] ConfigFileManager:1394 - The Die is : DIE410
2022-10-27 05:54:09,617 [INFO] ApiDbMcu:505 - Load IP Config File for FATFS
2022-10-27 05:54:09,650 [INFO] ApiDbMcu:505 - Load IP Config File for FREERTOS
2022-10-27 05:54:09,659 [INFO] ApiDbMcu:505 - Load IP Config File for USB_DEVICE
2022-10-27 05:54:12,558 [INFO] ProjectBuilder:4285 - Time for Generating toolchain IDE Files: 3455mS.
2022-10-27 05:54:12,559 [INFO] ProjectBuilder:2790 - Time for Copy CMSIS : 1mS.
2022-10-27 05:54:12,560 [INFO] ProjectBuilder:2790 - Time for Copy CMSIS : 0mS.
2022-10-27 05:54:14,230 [INFO] McuFinderGlobals:57 - Set McuFinderConnectedMode to true
2022-10-27 05:54:14,232 [INFO] ApiDb:443 - Save user favorites file C:\Users\Zver/.stm32cubeide/favorites.mcus.txt: 1 item(s)
2022-10-27 05:54:14,233 [INFO] ApiDb:447 - User favorites MCUs=[STM32F103C8T6]
2022-10-27 05:57:08,619 [INFO] UtilMem:74 - End SaveConfig() Used Memory: 561410240 Bytes (688914432)
2022-10-27 05:57:10,004 [INFO] UtilMem:74 - End SaveConfig() Used Memory: 582485736 Bytes (688914432)
2022-10-27 05:57:11,961 [INFO] UtilMem:74 - End SaveConfig() Used Memory: 525522840 Bytes (688914432)
2022-10-27 05:57:12,229 [INFO] BlockDiagram:2753 - set Specific Code input for plugin: NVIC
2022-10-27 05:57:12,230 [INFO] BlockDiagram:2753 - set Specific Code input for plugin: SYS
2022-10-27 05:57:12,230 [INFO] BlockDiagram:2753 - set Specific Code input for plugin: GPIO
2022-10-27 05:57:12,230 [INFO] BlockDiagram:2753 - set Specific Code input for plugin: RCC
2022-10-27 05:57:12,231 [INFO] CodeGenerator:690 - code generatio: config db path: C:\ST\STM32CubeIDE_1.9.0\STM32CubeIDE\plugins\com.st.stm32cube.common.mx_6.6.1.202207061420\\db\
2022-10-27 05:57:12,404 [INFO] CodeEngine:245 - oldGeneratedFile, D:\github\mc\stm32\Tilt_Sensor\Tilt_Sensor\MXTmpFiles\license.tmp_save
2022-10-27 05:57:12,506 [INFO] CodeEngine:269 - Generated code: D:\github\mc\stm32\Tilt_Sensor\Tilt_Sensor\MXTmpFiles\license.tmp
2022-10-27 05:57:12,534 [INFO] CodeEngine:245 - oldGeneratedFile, D:\github\mc\stm32\Tilt_Sensor\Tilt_Sensor\MXTmpFiles\gpio.tmp_save
2022-10-27 05:57:12,689 [INFO] CodeEngine:269 - Generated code: D:\github\mc\stm32\Tilt_Sensor\Tilt_Sensor\MXTmpFiles\gpio.tmp
2022-10-27 05:57:12,721 [INFO] CodeEngine:245 - oldGeneratedFile, D:\github\mc\stm32\Tilt_Sensor\Tilt_Sensor\Core\Src\stm32f1xx_it.c_save
2022-10-27 05:57:12,826 [INFO] CodeEngine:269 - Generated code: D:\github\mc\stm32\Tilt_Sensor\Tilt_Sensor\Core\Src\stm32f1xx_it.c
2022-10-27 05:57:12,832 [INFO] CodeEngine:245 - oldGeneratedFile, D:\github\mc\stm32\Tilt_Sensor\Tilt_Sensor\Core\Inc\stm32f1xx_it.h_save
2022-10-27 05:57:12,941 [INFO] CodeEngine:269 - Generated code: D:\github\mc\stm32\Tilt_Sensor\Tilt_Sensor\Core\Inc\stm32f1xx_it.h
2022-10-27 05:57:12,992 [INFO] CodeEngine:245 - oldGeneratedFile, D:\github\mc\stm32\Tilt_Sensor\Tilt_Sensor\Core\Src\stm32f1xx_hal_msp.c_save
2022-10-27 05:57:13,086 [INFO] CodeEngine:269 - Generated code: D:\github\mc\stm32\Tilt_Sensor\Tilt_Sensor\Core\Src\stm32f1xx_hal_msp.c
2022-10-27 05:57:13,090 [INFO] CodeEngine:245 - oldGeneratedFile, D:\github\mc\stm32\Tilt_Sensor\Tilt_Sensor\MXTmpFiles\system.tmp_save
2022-10-27 05:57:13,149 [INFO] CodeEngine:269 - Generated code: D:\github\mc\stm32\Tilt_Sensor\Tilt_Sensor\MXTmpFiles\system.tmp
2022-10-27 05:57:13,176 [INFO] CodeEngine:245 - oldGeneratedFile, D:\github\mc\stm32\Tilt_Sensor\Tilt_Sensor\Core\Inc\stm32f1xx_hal_conf.h_save
2022-10-27 05:57:13,329 [INFO] CodeEngine:269 - Generated code: D:\github\mc\stm32\Tilt_Sensor\Tilt_Sensor\Core\Inc\stm32f1xx_hal_conf.h
2022-10-27 05:57:13,381 [INFO] CodeEngine:245 - oldGeneratedFile, D:\github\mc\stm32\Tilt_Sensor\Tilt_Sensor\Core\Inc\main.h_save
2022-10-27 05:57:13,462 [INFO] CodeEngine:269 - Generated code: D:\github\mc\stm32\Tilt_Sensor\Tilt_Sensor\Core\Inc\main.h
2022-10-27 05:57:13,494 [INFO] CodeEngine:245 - oldGeneratedFile, D:\github\mc\stm32\Tilt_Sensor\Tilt_Sensor\Core\Src\main.c_save
2022-10-27 05:57:13,613 [INFO] CodeEngine:269 - Generated code: D:\github\mc\stm32\Tilt_Sensor\Tilt_Sensor\Core\Src\main.c
2022-10-27 05:57:14,458 [INFO] ProjectBuilder:2919 - Time for Copy HAL[1] : 338mS.
2022-10-27 05:57:14,462 [INFO] ProjectBuilder:4117 - Project Generator version: 3.17.1
2022-10-27 05:57:14,764 [INFO] ConfigFileManager:1394 - The Die is : DIE410
2022-10-27 05:57:16,144 [INFO] ProjectBuilder:4285 - Time for Generating toolchain IDE Files: 1682mS.
2022-10-27 05:57:16,145 [INFO] ProjectBuilder:2790 - Time for Copy CMSIS : 1mS.
2022-10-27 05:57:16,146 [INFO] ProjectBuilder:2790 - Time for Copy CMSIS : 0mS.
2022-10-27 06:00:10,707 [ERROR] ConfigurationRetriever:139 - IOException on connection: connect timed out
2022-10-27 06:00:12,708 [ERROR] ConfigurationRetriever:139 - IOException on connection: connect timed out
2022-10-27 06:00:14,721 [ERROR] ConfigurationRetriever:139 - IOException on connection: Read timed out
