2022-11-07 22:13:22,419 [INFO] Activator:177 - 


2022-11-07 22:13:22,419 [INFO] Activator:178 - !SESSION log4j initialized
2022-11-07 22:13:27,598 [INFO] McuFinderGlobals:44 - Set McuFinder mode to 2 (CubeIDE integrated)
2022-11-07 22:13:27,850 [INFO] ApplicationProperties:181 - Using Application install path: C:\ST\STM32CubeIDE_1.9.0\STM32CubeIDE\plugins\com.st.stm32cube.common.mx_6.6.1.202207061420
2022-11-07 22:13:27,866 [INFO] DbMcusXml:77 - Set database path to: C:\ST\STM32CubeIDE_1.9.0\STM32CubeIDE\plugins\com.st.stm32cube.common.mx_6.6.1.202207061420\\db\/mcu/
2022-11-07 22:13:27,867 [INFO] ApiDb:269 - Set plugin database path to: C:\ST\STM32CubeIDE_1.9.0\STM32CubeIDE\plugins\com.st.stm32cube.common.mx_6.6.1.202207061420\\db\/plugins/boardmanager/
2022-11-07 22:13:27,868 [WARN] ApiDb:254 - Overriding images path with different value:  => C:\ST\STM32CubeIDE_1.9.0\STM32CubeIDE\plugins\com.st.stm32cube.common.mx_6.6.1.202207061420\\db\/plugins/mcufinder/images/
2022-11-07 22:13:27,884 [INFO] ApiDb:249 - Set database path to: C:\Users\Zver\.stmcufinder\plugins\mcufinder//mcu/
2022-11-07 22:13:27,886 [INFO] DbMcusAds:124 - Set database path to: C:\Users\Zver\.stmcufinder\plugins\mcufinder//mcu/
2022-11-07 22:13:27,888 [INFO] CrossReferenceDbSqlite:201 - Set database path to: C:\Users\Zver\.stmcufinder\plugins\mcufinder//mcu/cs/
2022-11-07 22:13:27,980 [INFO] RulesReader:61 - Compatibility file has been processed (282 Rules)
2022-11-07 22:13:28,131 [INFO] DbMcusXml:77 - Set database path to: C:\ST\STM32CubeIDE_1.9.0\STM32CubeIDE\plugins\com.st.stm32cube.common.mx_6.6.1.202207061420\\db\/mcu/
2022-11-07 22:13:28,131 [INFO] ApiDb:269 - Set plugin database path to: C:\ST\STM32CubeIDE_1.9.0\STM32CubeIDE\plugins\com.st.stm32cube.common.mx_6.6.1.202207061420\\db\/plugins/boardmanager/
2022-11-07 22:13:28,131 [INFO] ApiDb:256 - Set plugin images path to: C:\ST\STM32CubeIDE_1.9.0\STM32CubeIDE\plugins\com.st.stm32cube.common.mx_6.6.1.202207061420\\db\/plugins/mcufinder/images/
2022-11-07 22:13:28,132 [WARN] DbFile:40 - Overriding database path with different value: C:\Users\Zver\.stmcufinder\plugins\mcufinder/ => C:\Users\Zver\.stmcufinder\plugins\mcufinder
2022-11-07 22:13:28,132 [INFO] ApiDb:249 - Set database path to: C:\Users\Zver\.stmcufinder\plugins\mcufinder//mcu/
2022-11-07 22:13:28,132 [WARN] DbFile:40 - Overriding database path with different value: C:\Users\Zver\.stmcufinder\plugins\mcufinder/ => C:\Users\Zver\.stmcufinder\plugins\mcufinder
2022-11-07 22:13:28,132 [INFO] DbMcusAds:124 - Set database path to: C:\Users\Zver\.stmcufinder\plugins\mcufinder//mcu/
2022-11-07 22:13:28,133 [WARN] DbFile:40 - Overriding database path with different value: C:\Users\Zver\.stmcufinder\plugins\mcufinder/ => C:\Users\Zver\.stmcufinder\plugins\mcufinder
2022-11-07 22:13:28,133 [WARN] DbFile:40 - Overriding database path with different value: C:\Users\Zver\.stmcufinder\plugins\mcufinder/ => C:\Users\Zver\.stmcufinder\plugins\mcufinder
2022-11-07 22:13:28,133 [INFO] CrossReferenceDbSqlite:201 - Set database path to: C:\Users\Zver\.stmcufinder\plugins\mcufinder//mcu/cs/
2022-11-07 22:13:28,221 [INFO] MainPanel:242 - HeapMemory: 268435456
2022-11-07 22:13:28,307 [INFO] DbMcusXml:77 - Set database path to: C:\ST\STM32CubeIDE_1.9.0\STM32CubeIDE\plugins\com.st.stm32cube.common.mx_6.6.1.202207061420\\db\/mcu/
2022-11-07 22:13:28,308 [INFO] ApiDb:269 - Set plugin database path to: C:\ST\STM32CubeIDE_1.9.0\STM32CubeIDE\plugins\com.st.stm32cube.common.mx_6.6.1.202207061420\\db\/plugins/boardmanager/
2022-11-07 22:13:28,308 [INFO] ApiDb:256 - Set plugin images path to: C:\ST\STM32CubeIDE_1.9.0\STM32CubeIDE\plugins\com.st.stm32cube.common.mx_6.6.1.202207061420\\db\/plugins/mcufinder/images/
2022-11-07 22:13:28,308 [WARN] DbFile:40 - Overriding database path with different value: C:\Users\Zver\.stmcufinder\plugins\mcufinder/ => C:\Users\Zver\.stmcufinder\plugins\mcufinder
2022-11-07 22:13:28,308 [INFO] ApiDb:249 - Set database path to: C:\Users\Zver\.stmcufinder\plugins\mcufinder//mcu/
2022-11-07 22:13:28,308 [WARN] DbFile:40 - Overriding database path with different value: C:\Users\Zver\.stmcufinder\plugins\mcufinder/ => C:\Users\Zver\.stmcufinder\plugins\mcufinder
2022-11-07 22:13:28,308 [INFO] DbMcusAds:124 - Set database path to: C:\Users\Zver\.stmcufinder\plugins\mcufinder//mcu/
2022-11-07 22:13:28,309 [WARN] DbFile:40 - Overriding database path with different value: C:\Users\Zver\.stmcufinder\plugins\mcufinder/ => C:\Users\Zver\.stmcufinder\plugins\mcufinder
2022-11-07 22:13:28,309 [WARN] DbFile:40 - Overriding database path with different value: C:\Users\Zver\.stmcufinder\plugins\mcufinder/ => C:\Users\Zver\.stmcufinder\plugins\mcufinder
2022-11-07 22:13:28,309 [INFO] CrossReferenceDbSqlite:201 - Set database path to: C:\Users\Zver\.stmcufinder\plugins\mcufinder//mcu/cs/
2022-11-07 22:13:28,330 [INFO] ApplicationProperties:181 - Using Application install path: C:\ST\STM32CubeIDE_1.9.0\STM32CubeIDE\plugins\com.st.stm32cube.common.mx_6.6.1.202207061420
2022-11-07 22:13:28,332 [INFO] PluginManage:193 - Search for loadable plugins [exclusion list=, ]
2022-11-07 22:13:28,333 [INFO] PluginManage:307 - Check plugin analytics
2022-11-07 22:13:28,475 [INFO] AnalyticsPlugin:262 - Accepted Software Licenses: 
2022-11-07 22:13:28,475 [INFO] AnalyticsPlugin:264 - Accepted CMSIS Pack Licenses: 
2022-11-07 22:13:28,476 [INFO] AnalyticsPlugin:266 - Accepted Firmware Licenses: 
2022-11-07 22:13:28,481 [INFO] PluginManage:356 - Loaded plugin analytics (category:tool,tabindex:-1)
2022-11-07 22:13:28,482 [INFO] PluginManage:307 - Check plugin cadmodel
2022-11-07 22:13:28,488 [INFO] CADModel:65 - Init CAD model plugin
2022-11-07 22:13:28,488 [INFO] PluginManage:356 - Loaded plugin cadmodel (category:power,tabindex:5)
2022-11-07 22:13:28,488 [INFO] PluginManage:307 - Check plugin clock
2022-11-07 22:13:28,499 [INFO] PluginManage:356 - Loaded plugin clock (category:base,tabindex:2)
2022-11-07 22:13:28,499 [INFO] PluginManage:307 - Check plugin ddr
2022-11-07 22:13:28,502 [INFO] PluginManage:356 - Loaded plugin ddr (category:tool,tabindex:6)
2022-11-07 22:13:28,502 [INFO] PluginManage:307 - Check plugin filemanager
2022-11-07 22:13:28,915 [INFO] PluginManage:356 - Loaded plugin filemanager (category:base,tabindex:10)
2022-11-07 22:13:28,915 [INFO] PluginManage:307 - Check plugin ipmanager
2022-11-07 22:13:28,933 [INFO] PluginManage:356 - Loaded plugin ipmanager (category:base,tabindex:5)
2022-11-07 22:13:28,933 [INFO] PluginManage:307 - Check plugin lpbam
2022-11-07 22:13:28,950 [INFO] PluginManage:356 - Loaded plugin lpbam (category:base,tabindex:0)
2022-11-07 22:13:28,950 [INFO] PluginManage:307 - Check plugin pinoutandconfiguration
2022-11-07 22:13:28,957 [INFO] PluginManage:356 - Loaded plugin pinoutandconfiguration (category:base,tabindex:1)
2022-11-07 22:13:28,957 [INFO] PluginManage:307 - Check plugin pinoutconfig
2022-11-07 22:13:28,983 [INFO] PluginManage:356 - Loaded plugin pinoutconfig (category:base,tabindex:0)
2022-11-07 22:13:28,983 [INFO] PluginManage:307 - Check plugin power
2022-11-07 22:13:28,992 [INFO] PluginManage:356 - Loaded plugin power (category:power,tabindex:4)
2022-11-07 22:13:28,992 [INFO] PluginManage:307 - Check plugin projectmanager
2022-11-07 22:13:29,003 [INFO] PluginManage:356 - Loaded plugin projectmanager (category:projectmanager,tabindex:3)
2022-11-07 22:13:29,004 [INFO] PluginManage:307 - Check plugin thirdparty
2022-11-07 22:13:29,117 [WARN] IntegrityCheckThread:82 - waiting for thirdparty lock release [integrity check]
2022-11-07 22:13:29,117 [INFO] PluginManage:356 - Loaded plugin thirdparty (category:base,tabindex:-1)
2022-11-07 22:13:29,117 [INFO] IntegrityCheckThread:84 - entering critical section [integrity check]
2022-11-07 22:13:29,117 [INFO] PluginManage:307 - Check plugin tools
2022-11-07 22:13:29,119 [INFO] ThirdPartyUpdaterWithRetryManager:70 - Updater plugin not ready yet. [1/15]
2022-11-07 22:13:29,120 [INFO] PluginManage:356 - Loaded plugin tools (category:base,tabindex:7)
2022-11-07 22:13:29,120 [INFO] PluginManage:307 - Check plugin tutovideos
2022-11-07 22:13:29,285 [INFO] PluginManage:356 - Loaded plugin tutovideos (category:base,tabindex:-1)
2022-11-07 22:13:29,286 [INFO] PluginManage:307 - Check plugin updater
2022-11-07 22:13:29,297 [INFO] PluginManage:356 - Loaded plugin updater (category:base,tabindex:12)
2022-11-07 22:13:29,298 [INFO] PluginManage:280 - PluginManage : Loaded plugins [15]
2022-11-07 22:13:29,683 [INFO] PinOutPanel:1468 - setPackage(No Configuration,No Configuration)
2022-11-07 22:13:29,861 [INFO] CADModel:98 - CPN selected for project level
2022-11-07 22:13:29,878 [INFO] IPUIPlugin:79 - create IPUIPlugin
2022-11-07 22:13:29,879 [INFO] PluginManager:217 - loadIPPluginJar : add adc
2022-11-07 22:13:29,882 [INFO] IPUIPlugin:79 - create IPUIPlugin
2022-11-07 22:13:29,882 [INFO] PluginManager:217 - loadIPPluginJar : add aes
2022-11-07 22:13:29,884 [INFO] IPUIPlugin:79 - create IPUIPlugin
2022-11-07 22:13:29,884 [INFO] PluginManager:217 - loadIPPluginJar : add can
2022-11-07 22:13:29,886 [INFO] IPUIPlugin:79 - create IPUIPlugin
2022-11-07 22:13:29,886 [INFO] PluginManager:217 - loadIPPluginJar : add comp
2022-11-07 22:13:29,888 [INFO] IPUIPlugin:79 - create IPUIPlugin
2022-11-07 22:13:29,888 [INFO] PluginManager:217 - loadIPPluginJar : add cryp
2022-11-07 22:13:29,890 [INFO] IPUIPlugin:79 - create IPUIPlugin
2022-11-07 22:13:29,891 [INFO] PluginManager:217 - loadIPPluginJar : add dfsdm
2022-11-07 22:13:29,895 [INFO] IPUIPlugin:79 - create IPUIPlugin
2022-11-07 22:13:29,896 [INFO] PluginManager:217 - loadIPPluginJar : add dma
2022-11-07 22:13:29,899 [INFO] IPUIPlugin:79 - create IPUIPlugin
2022-11-07 22:13:29,899 [INFO] PluginManager:217 - loadIPPluginJar : add dma3
2022-11-07 22:13:29,900 [INFO] IPUIPlugin:79 - create IPUIPlugin
2022-11-07 22:13:29,900 [INFO] PluginManager:217 - loadIPPluginJar : add fatfs
2022-11-07 22:13:29,904 [INFO] IPUIPlugin:79 - create IPUIPlugin
2022-11-07 22:13:29,904 [INFO] PluginManager:217 - loadIPPluginJar : add fmc
2022-11-07 22:13:29,910 [INFO] IPUIPlugin:79 - create IPUIPlugin
2022-11-07 22:13:29,910 [INFO] PluginManager:217 - loadIPPluginJar : add freertos
2022-11-07 22:13:29,911 [INFO] IPUIPlugin:79 - create IPUIPlugin
2022-11-07 22:13:29,911 [INFO] PluginManager:217 - loadIPPluginJar : add genericplugin
2022-11-07 22:13:29,914 [INFO] IPUIPlugin:79 - create IPUIPlugin
2022-11-07 22:13:29,914 [INFO] PluginManager:217 - loadIPPluginJar : add gfxmmu
2022-11-07 22:13:29,919 [INFO] IPUIPlugin:79 - create IPUIPlugin
2022-11-07 22:13:29,919 [INFO] PluginManager:217 - loadIPPluginJar : add gic
2022-11-07 22:13:29,923 [INFO] IPUIPlugin:79 - create IPUIPlugin
2022-11-07 22:13:29,923 [INFO] PluginManager:217 - loadIPPluginJar : add gpio
2022-11-07 22:13:29,926 [INFO] IPUIPlugin:79 - create IPUIPlugin
2022-11-07 22:13:29,926 [INFO] PluginManager:217 - loadIPPluginJar : add gtzc
2022-11-07 22:13:29,928 [INFO] IPUIPlugin:79 - create IPUIPlugin
2022-11-07 22:13:29,928 [INFO] PluginManager:217 - loadIPPluginJar : add hash
2022-11-07 22:13:29,931 [INFO] IPUIPlugin:79 - create IPUIPlugin
2022-11-07 22:13:29,931 [INFO] PluginManager:217 - loadIPPluginJar : add i2c
2022-11-07 22:13:29,933 [INFO] IPUIPlugin:79 - create IPUIPlugin
2022-11-07 22:13:29,933 [INFO] PluginManager:217 - loadIPPluginJar : add i2s
2022-11-07 22:13:29,937 [INFO] IPUIPlugin:79 - create IPUIPlugin
2022-11-07 22:13:29,938 [INFO] PluginManager:217 - loadIPPluginJar : add ipddr
2022-11-07 22:13:29,943 [INFO] IPUIPlugin:79 - create IPUIPlugin
2022-11-07 22:13:29,944 [INFO] PluginManager:217 - loadIPPluginJar : add linkedlist
2022-11-07 22:13:29,946 [INFO] IPUIPlugin:79 - create IPUIPlugin
2022-11-07 22:13:29,946 [INFO] PluginManager:217 - loadIPPluginJar : add lorawan
2022-11-07 22:13:29,948 [INFO] IPUIPlugin:79 - create IPUIPlugin
2022-11-07 22:13:29,948 [INFO] PluginManager:217 - loadIPPluginJar : add ltdc
2022-11-07 22:13:29,953 [INFO] IPUIPlugin:79 - create IPUIPlugin
2022-11-07 22:13:29,953 [INFO] PluginManager:217 - loadIPPluginJar : add mdma
2022-11-07 22:13:29,956 [INFO] IPUIPlugin:79 - create IPUIPlugin
2022-11-07 22:13:29,957 [INFO] PluginManager:217 - loadIPPluginJar : add nvic
2022-11-07 22:13:29,959 [INFO] IPUIPlugin:79 - create IPUIPlugin
2022-11-07 22:13:29,960 [INFO] PluginManager:217 - loadIPPluginJar : add opamp
2022-11-07 22:13:29,962 [INFO] IPUIPlugin:79 - create IPUIPlugin
2022-11-07 22:13:29,963 [INFO] PluginManager:217 - loadIPPluginJar : add openamp
2022-11-07 22:13:29,965 [INFO] IPUIPlugin:79 - create IPUIPlugin
2022-11-07 22:13:29,966 [INFO] PluginManager:217 - loadIPPluginJar : add pdm2pcm
2022-11-07 22:13:29,971 [INFO] IPUIPlugin:79 - create IPUIPlugin
2022-11-07 22:13:29,974 [INFO] PluginManager:217 - loadIPPluginJar : add plateformsettings
2022-11-07 22:13:29,976 [INFO] IPUIPlugin:79 - create IPUIPlugin
2022-11-07 22:13:29,976 [INFO] PluginManager:217 - loadIPPluginJar : add quadspi
2022-11-07 22:13:29,980 [INFO] IPUIPlugin:79 - create IPUIPlugin
2022-11-07 22:13:29,980 [INFO] PluginManager:217 - loadIPPluginJar : add resmgrutility
2022-11-07 22:13:29,983 [INFO] IPUIPlugin:79 - create IPUIPlugin
2022-11-07 22:13:29,983 [INFO] PluginManager:217 - loadIPPluginJar : add sai
2022-11-07 22:13:29,986 [INFO] IPUIPlugin:79 - create IPUIPlugin
2022-11-07 22:13:29,986 [INFO] PluginManager:217 - loadIPPluginJar : add spi
2022-11-07 22:13:29,990 [INFO] IPUIPlugin:79 - create IPUIPlugin
2022-11-07 22:13:29,991 [INFO] PluginManager:217 - loadIPPluginJar : add stm32_wpan
2022-11-07 22:13:29,993 [INFO] IPUIPlugin:79 - create IPUIPlugin
2022-11-07 22:13:29,993 [INFO] PluginManager:217 - loadIPPluginJar : add tim
2022-11-07 22:13:29,997 [INFO] IPUIPlugin:79 - create IPUIPlugin
2022-11-07 22:13:29,997 [INFO] PluginManager:217 - loadIPPluginJar : add touchsensing
2022-11-07 22:13:29,999 [INFO] IPUIPlugin:79 - create IPUIPlugin
2022-11-07 22:13:29,999 [INFO] PluginManager:217 - loadIPPluginJar : add tracer_emb
2022-11-07 22:13:30,002 [INFO] IPUIPlugin:79 - create IPUIPlugin
2022-11-07 22:13:30,002 [INFO] PluginManager:217 - loadIPPluginJar : add ts
2022-11-07 22:13:30,004 [INFO] IPUIPlugin:79 - create IPUIPlugin
2022-11-07 22:13:30,004 [INFO] PluginManager:217 - loadIPPluginJar : add tsc
2022-11-07 22:13:30,006 [INFO] IPUIPlugin:79 - create IPUIPlugin
2022-11-07 22:13:30,006 [INFO] PluginManager:217 - loadIPPluginJar : add ucpd
2022-11-07 22:13:30,009 [INFO] IPUIPlugin:79 - create IPUIPlugin
2022-11-07 22:13:30,009 [INFO] PluginManager:217 - loadIPPluginJar : add usart
2022-11-07 22:13:30,012 [INFO] IPUIPlugin:79 - create IPUIPlugin
2022-11-07 22:13:30,012 [INFO] PluginManager:217 - loadIPPluginJar : add usbx
2022-11-07 22:13:30,292 [FATAL] Updater:301 - Updater called before beeing initialized
2022-11-07 22:13:30,440 [FATAL] Updater:301 - Updater called before beeing initialized
2022-11-07 22:13:30,446 [INFO] DbMcusAds:52 - JSON generation date=Thu Sep 30 09:56:37 MSK 2021 (1632984997303)
2022-11-07 22:13:30,447 [FATAL] Updater:301 - Updater called before beeing initialized
2022-11-07 22:13:30,538 [WARN] DetailPanel:344 - Failed to get advertising image, set to default
2022-11-07 22:13:30,672 [FATAL] Updater:301 - Updater called before beeing initialized
2022-11-07 22:13:30,674 [FATAL] Updater:301 - Updater called before beeing initialized
2022-11-07 22:13:30,674 [FATAL] Updater:301 - Updater called before beeing initialized
2022-11-07 22:13:30,674 [WARN] DetailPanel:344 - Failed to get advertising image, set to default
2022-11-07 22:13:30,675 [FATAL] Updater:301 - Updater called before beeing initialized
2022-11-07 22:13:30,718 [ERROR] Updater:1105 - MainUpdater not yet initialized. External WinMGr cannot be set.
2022-11-07 22:13:30,720 [INFO] Updater:1041 - Updater Version found : 6.6.1
2022-11-07 22:13:30,734 [INFO] ApplicationProperties:181 - Using Application install path: C:\ST\STM32CubeIDE_1.9.0\STM32CubeIDE\plugins\com.st.stm32cube.common.mx_6.6.1.202207061420
2022-11-07 22:13:30,908 [INFO] MainUpdater:2768 - connection check result : 10
2022-11-07 22:13:30,908 [INFO] MainUpdater:280 - Updater Check For Update Now.
2022-11-07 22:13:30,909 [INFO] MicroXplorer:481 - Change Database Version : DB.6.0.60
2022-11-07 22:13:31,066 [INFO] CheckServerUpdateThread:119 - End of CheckServer Thread
2022-11-07 22:13:31,118 [INFO] MainUpdater:2768 - connection check result : 10
2022-11-07 22:13:31,121 [INFO] McuFinderGlobals:57 - Set McuFinderConnectedMode to true
2022-11-07 22:13:31,416 [INFO] ServerAccessManage:474 - Download File mcusAds.json._tmp_
2022-11-07 22:13:31,529 [INFO] LoadUrlFilesThread:150 - End of LoadUrlFiles Thread
2022-11-07 22:13:31,587 [INFO] ServerAccessManage:474 - Download File cube-finder-db.zip
2022-11-07 22:13:32,120 [WARN] MainUpdater:1184 - Updater busy. Cannot search thirdparties
2022-11-07 22:13:32,120 [INFO] ThirdPartyUpdaterWithRetryManager:96 - Updater plugin is busy. [1/15]
2022-11-07 22:13:35,122 [WARN] MainUpdater:1184 - Updater busy. Cannot search thirdparties
2022-11-07 22:13:35,122 [INFO] ThirdPartyUpdaterWithRetryManager:96 - Updater plugin is busy. [2/15]
2022-11-07 22:13:38,123 [WARN] MainUpdater:1184 - Updater busy. Cannot search thirdparties
2022-11-07 22:13:38,123 [INFO] ThirdPartyUpdaterWithRetryManager:96 - Updater plugin is busy. [3/15]
2022-11-07 22:13:38,405 [INFO] FileExtend:239 - Unzip File : cube-finder-db.zip
2022-11-07 22:13:38,405 [INFO] FileExtend:254 - Standard Zip Deflate
2022-11-07 22:13:38,927 [INFO] LoadUrlFilesThread:150 - End of LoadUrlFiles Thread
2022-11-07 22:13:39,335 [INFO] ServerAccessManage:474 - Download File crdb.zip
2022-11-07 22:13:39,822 [INFO] FileExtend:239 - Unzip File : crdb.zip
2022-11-07 22:13:39,822 [INFO] FileExtend:254 - Standard Zip Deflate
2022-11-07 22:13:39,939 [INFO] LoadUrlFilesThread:150 - End of LoadUrlFiles Thread
2022-11-07 22:13:40,005 [INFO] ServerAccessManage:474 - Download File tutoVideoDB.zip
2022-11-07 22:13:40,052 [INFO] FileExtend:239 - Unzip File : tutoVideoDB.zip
2022-11-07 22:13:40,053 [INFO] FileExtend:254 - Standard Zip Deflate
2022-11-07 22:13:40,159 [INFO] LoadUrlFilesThread:150 - End of LoadUrlFiles Thread
2022-11-07 22:13:40,275 [INFO] JxBrowserEngine:106 - Initiate JxBrowser Engine with user profile folder
2022-11-07 22:13:40,762 [ERROR] JxBrowserEngine:59 - Can't initiate JxBrowser engine com.teamdev.jxbrowser.engine.ChromiumBinariesExtractionException: Failed to extract Chromium binaries into C:\Users\Zver\.stm32cubemx\.jxbrowser\Chromium
2022-11-07 22:13:40,762 [WARN] DbFile:40 - Overriding database path with different value: C:\Users\Zver\.stmcufinder\plugins\mcufinder/ => C:\Users\Zver\.stmcufinder\plugins\mcufinder
2022-11-07 22:13:40,812 [INFO] ServerAccessManage:474 - Download File api_config.json
2022-11-07 22:13:40,921 [INFO] LoadUrlFilesThread:150 - End of LoadUrlFiles Thread
2022-11-07 22:13:40,922 [INFO] DbMcusAds:52 - JSON generation date=Thu Sep 30 09:56:37 MSK 2021 (1632984997303)
2022-11-07 22:13:40,941 [INFO] LoadUrlFilesThread:177 - End of LoadServerUrlFiles without Thread
2022-11-07 22:13:40,941 [INFO] TargetSelectorAdapter:228 - Refresh data is successful
2022-11-07 22:13:41,044 [INFO] ApiDb:576 - Connected to CubeFinder SQLite database (C:\Users\Zver\.stmcufinder\plugins\mcufinder\mcu\cube-finder-db.db)
2022-11-07 22:13:41,062 [INFO] ApiDb:663 - CubeFinder database Data Model version=2.1
2022-11-07 22:13:41,062 [INFO] ApiDb:664 - CubeFinder database Configuration version=3.0.32
2022-11-07 22:13:41,063 [INFO] ApiDb:665 - CubeFinder database generation date=2022-08-05 (1659688109)
2022-11-07 22:13:41,063 [INFO] ApiDb:666 - CubeFinder database FW Pack versions=[STM32Cube_FW_C0_V1.0.0, STM32Cube_FW_F4_V1.27.1, STM32Cube_FW_F7_V1.17.0, STM32Cube_FW_G0_V1.6.1, STM32Cube_FW_G4_V1.5.0, STM32Cube_FW_H7_V1.10.0, STM32Cube_FW_L5_V1.4.0, STM32Cube_FW_U5_V1.1.1, STM32Cube_FW_WB_V1.14.1, STM32Cube_FW_WL_V1.2.0, X-CUBE-ALGOBUILD_V1.3.0, X-CUBE-ALS_V1.0.1, X-CUBE-AZRTOS-F4_V1.1.0, X-CUBE-AZRTOS-F7_V1.1.0, X-CUBE-AZRTOS-G0_V1.1.0, X-CUBE-AZRTOS-G4_V1.0.0, X-CUBE-AZRTOS-H7_V2.1.0, X-CUBE-AZRTOS-L4_V1.0.0, X-CUBE-AZRTOS-L5_V1.0.0, X-CUBE-AZRTOS-WL_V1.0.0, X-CUBE-BLE1_V6.2.3, X-CUBE-BLE2_V3.3.0, X-CUBE-EEPRMA1_V3.1.1, X-CUBE-GNSS1_V6.0.0, X-CUBE-MEMS1_V9.1.0, X-CUBE-MEMS1_V9.3.0, X-CUBE-NFC4_V2.0.4, X-CUBE-NFC7_V1.0.0, X-CUBE-SFXS2LP1_V4.0.0, X-CUBE-SUBG2_V5.0.0]
2022-11-07 22:13:41,277 [WARN] PackLoader:242 - Cannot read IP mode file for wolfSSL.I-CUBE-wolfSSL.5.2.0
2022-11-07 22:13:41,363 [WARN] PackLoader:242 - Cannot read IP mode file for STMicroelectronics.X-CUBE-GNSS1.6.0.0
2022-11-07 22:13:41,395 [WARN] PackLoader:242 - Cannot read IP mode file for STMicroelectronics.X-CUBE-AZRTOS-F4.1.1.0
2022-11-07 22:13:41,410 [WARN] PackLoader:242 - Cannot read IP mode file for STMicroelectronics.X-CUBE-BLEMGR.1.2.0
2022-11-07 22:13:41,435 [WARN] PackLoader:242 - Cannot read IP mode file for STMicroelectronics.X-CUBE-AZRTOS-F7.1.1.0
2022-11-07 22:13:41,441 [WARN] PackLoader:242 - Cannot read IP mode file for STMicroelectronics.X-CUBE-AI.7.1.0
2022-11-07 22:13:41,446 [WARN] PackLoader:242 - Cannot read IP mode file for STMicroelectronics.X-CUBE-BLE1.6.2.3
2022-11-07 22:13:41,451 [WARN] PackLoader:242 - Cannot read IP mode file for STMicroelectronics.X-CUBE-BLE1.6.2.2
2022-11-07 22:13:41,456 [WARN] PackLoader:242 - Cannot read IP mode file for STMicroelectronics.X-CUBE-NFC4.2.0.4
2022-11-07 22:13:41,462 [WARN] PackLoader:242 - Cannot read IP mode file for STMicroelectronics.X-CUBE-BLE2.3.2.2
2022-11-07 22:13:41,468 [WARN] PackLoader:242 - Cannot read IP mode file for STMicroelectronics.X-CUBE-NFC4.2.0.3
2022-11-07 22:13:41,479 [WARN] PackLoader:242 - Cannot read IP mode file for STMicroelectronics.X-CUBE-TOF1.3.1.0
2022-11-07 22:13:41,491 [WARN] PackLoader:242 - Cannot read IP mode file for STMicroelectronics.X-CUBE-SFXS2LP1.3.1.0
2022-11-07 22:13:41,524 [WARN] PackLoader:242 - Cannot read IP mode file for STMicroelectronics.X-CUBE-AZRTOS-F4.1.0.0
2022-11-07 22:13:41,534 [WARN] PackLoader:242 - Cannot read IP mode file for STMicroelectronics.X-CUBE-NFC7.1.0.0
2022-11-07 22:13:41,544 [WARN] PackLoader:242 - Cannot read IP mode file for STMicroelectronics.X-CUBE-SUBG2.4.2.0
2022-11-07 22:13:41,610 [WARN] PackLoader:242 - Cannot read IP mode file for STMicroelectronics.X-CUBE-MEMS1.9.3.0
2022-11-07 22:13:41,732 [WARN] PackLoader:242 - Cannot read IP mode file for STMicroelectronics.X-CUBE-AI.7.2.0
2022-11-07 22:13:41,743 [WARN] PackLoader:242 - Cannot read IP mode file for STMicroelectronics.X-CUBE-AZRTOS-G0.1.0.0
2022-11-07 22:13:41,751 [WARN] PackLoader:242 - Cannot read IP mode file for STMicroelectronics.X-CUBE-SFXS2LP1.4.0.0
2022-11-07 22:13:41,754 [WARN] PackLoader:242 - Cannot read IP mode file for STMicroelectronics.X-CUBE-BLE2.3.3.0
2022-11-07 22:13:41,762 [WARN] PackLoader:242 - Cannot read IP mode file for STMicroelectronics.X-CUBE-DISPLAY.2.2.0
2022-11-07 22:13:41,771 [WARN] PackLoader:242 - Cannot read IP mode file for STMicroelectronics.X-CUBE-TOF1.3.2.0
2022-11-07 22:13:41,780 [WARN] PackLoader:242 - Cannot read IP mode file for STMicroelectronics.X-CUBE-TOUCHGFX.4.18.1
2022-11-07 22:13:41,783 [WARN] PackLoader:242 - Cannot read IP mode file for STMicroelectronics.X-CUBE-ISPU.1.0.0
2022-11-07 22:13:41,789 [WARN] PackLoader:242 - Cannot read IP mode file for RoweBots.I-CUBE-UNISONRTOS.5.5.0-4
2022-11-07 22:13:41,804 [WARN] PackLoader:242 - Cannot read IP mode file for STMicroelectronics.X-CUBE-AZRTOS-H7.2.1.0
2022-11-07 22:13:41,810 [WARN] PackLoader:242 - Cannot read IP mode file for STMicroelectronics.X-CUBE-BLEMGR.1.0.0
2022-11-07 22:13:41,817 [WARN] PackLoader:242 - Cannot read IP mode file for STMicroelectronics.X-CUBE-ALGOBUILD.1.3.0
2022-11-07 22:13:41,828 [WARN] PackLoader:242 - Cannot read IP mode file for STMicroelectronics.X-CUBE-AZRTOS-G0.1.1.0
2022-11-07 22:13:41,836 [WARN] PackLoader:242 - Cannot read IP mode file for STMicroelectronics.X-CUBE-SUBG2.5.0.0
2022-11-07 22:13:41,872 [WARN] PackLoader:242 - Cannot read IP mode file for SEGGER.I-CUBE-embOS.1.2.0
2022-11-07 22:13:41,898 [WARN] PackLoader:242 - Cannot read IP mode file for STMicroelectronics.FP-ATR-ASTRA1.1.1.1
2022-11-07 22:13:41,909 [WARN] PackLoader:242 - Cannot read IP mode file for STMicroelectronics.X-CUBE-AZRTOS-H7.2.0.0
2022-11-07 22:13:41,921 [WARN] PackLoader:242 - Cannot read IP mode file for STMicroelectronics.X-CUBE-AZRTOS-G4.1.0.0
2022-11-07 22:13:41,925 [WARN] PackLoader:242 - Cannot read IP mode file for STMicroelectronics.FP-ATR-SIGFOX1.3.2.0
2022-11-07 22:13:41,938 [WARN] PackLoader:242 - Cannot read IP mode file for STMicroelectronics.X-CUBE-AZRTOS-L4.1.0.0
2022-11-07 22:13:41,944 [WARN] PackLoader:242 - Cannot read IP mode file for emotas.I-CUBE-CANOPEN.1.1.2
2022-11-07 22:13:41,948 [WARN] PackLoader:242 - Cannot read IP mode file for STMicroelectronics.X-CUBE-TOUCHGFX.4.20.0
2022-11-07 22:13:41,958 [WARN] PackLoader:242 - Cannot read IP mode file for STMicroelectronics.X-CUBE-AZRTOS-F7.1.0.0
2022-11-07 22:13:41,969 [WARN] PackLoader:242 - Cannot read IP mode file for STMicroelectronics.X-CUBE-AZRTOS-WL.1.0.0
2022-11-07 22:13:41,993 [WARN] PackLoader:242 - Cannot read IP mode file for STMicroelectronics.X-CUBE-MEMS1.9.1.0
2022-11-07 22:13:42,106 [WARN] PackLoader:242 - Cannot read IP mode file for portGmbH.I-Cube-SoM-uGOAL.1.1.0
2022-11-07 22:13:42,111 [WARN] PackLoader:242 - Cannot read IP mode file for STMicroelectronics.X-CUBE-ALS.1.0.1
2022-11-07 22:13:42,126 [WARN] PackLoader:242 - Cannot read IP mode file for STMicroelectronics.X-CUBE-AZRTOS-L5.1.0.0
2022-11-07 22:13:42,133 [WARN] PackLoader:242 - Cannot read IP mode file for STMicroelectronics.X-CUBE-EEPRMA1.3.1.1
2022-11-07 22:13:42,140 [WARN] PackLoader:242 - Cannot read IP mode file for STMicroelectronics.X-CUBE-GNSS1.5.2.0
2022-11-07 22:13:42,147 [WARN] PackLoader:242 - Cannot read IP mode file for STMicroelectronics.X-CUBE-DISPLAY.2.0.1
2022-11-07 22:13:42,154 [WARN] PackLoader:242 - Cannot read IP mode file for STMicroelectronics.X-CUBE-TOF1.3.0.0
2022-11-07 22:13:42,157 [INFO] ThirdParty:929 - Integrity check success = true
2022-11-07 22:13:42,157 [INFO] IntegrityCheckThread:98 - exiting critical section [integrity check]
2022-11-07 22:13:42,157 [INFO] IntegrityCheckThread:101 - End integrity checks thread
2022-11-07 22:13:42,738 [INFO] ApiDb:239 - Found 138 in-development CPN: [B-WB1M-WPAN1, NUCLEO-C031C6, STEVAL-STWINBX1, STM320518-EVAL, STM32C0116-DK, STM32C011D6Y3TR, STM32C011D6Y6TR, STM32C011F4P3, STM32C011F4P6, STM32C011F4U3, STM32C011F4U6TR, STM32C011F6P3, STM32C011F6P6, STM32C011F6U3, STM32C011F6U6TR, STM32C011J4M3, STM32C011J4M6, STM32C011J6M3, STM32C011J6M6, STM32C0316-DK, STM32C031C4T3, STM32C031C4T6, STM32C031C4U3, STM32C031C4U6, STM32C031C6T3, STM32C031C6T6, STM32C031C6U3, STM32C031C6U6, STM32C031F4P3, STM32C031F4P6, STM32C031F6P3, STM32C031F6P6, STM32C031G4U3, STM32C031G4U6, STM32C031G6U3, STM32C031G6U6, STM32C031K4T3, STM32C031K4T6, STM32C031K4U3, STM32C031K4U6, STM32C031K6T3, STM32C031K6T6, STM32C031K6U3, STM32C031K6U6, STM32G071K8TXN, STM32G071K8UXN, STM32G081GBU6N, STM32G081KBT6N, STM32G081KBUXN, STM32G0B1CCT6N, STM32G0B1KCT6, STM32G0B1NEY6TR, STM32G0B1RCT6N, STM32G0C1CCT6, STM32G0C1CCT6N, STM32G0C1CCU6N, STM32G0C1CET6N, STM32G0C1CEU6N, STM32G0C1KCT6, STM32G0C1NEY6TR, STM32G0C1RCI6N, STM32G0C1RCT6N, STM32G0C1REI6N, STM32G0C1RET6N, STM32G0C1VCI6, STM32G0C1VEI6, STM32G471CCT6, STM32G471CCU6, STM32G471CET3, STM32G471CET6, STM32G471CEU3, STM32G471CEU6, STM32G471MCT6, STM32G471MET3, STM32G471MET6, STM32G471MEY6TR, STM32G471QCT6, STM32G471QET3, STM32G471RCT6, STM32G471RET3, STM32G471RET6, STM32G471VCH6, STM32G471VCI6, STM32G471VCT6, STM32G471VEH3, STM32G471VEH6, STM32G471VEI3, STM32G471VEI6, STM32G471VET3, STM32G471VET6, STM32G474CCT6, STM32L476VGY6PTR, STM32L4R5QGI6STR, STM32MP131AAE3, STM32MP131AAF3, STM32MP131AAG3, STM32MP131CAE3, STM32MP131CAF3, STM32MP131CAG3, STM32MP131DAE7, STM32MP131DAF7, STM32MP131DAG7, STM32MP131FAE7, STM32MP131FAF7, STM32MP131FAG7, STM32MP133AAE3, STM32MP133AAF3, STM32MP133AAG3, STM32MP133CAE3, STM32MP133CAF3, STM32MP133CAG3, STM32MP133DAE7, STM32MP133DAF7, STM32MP133DAG7, STM32MP133FAE7, STM32MP133FAF7, STM32MP133FAG7, STM32MP135AAE3, STM32MP135AAF3, STM32MP135AAG3, STM32MP135CAE3, STM32MP135CAF3, STM32MP135CAG3, STM32MP135DAE7, STM32MP135DAF7, STM32MP135DAG7, STM32MP135F-DK, STM32MP135FAE7, STM32MP135FAF7, STM32MP135FAG7, STM32U595ZJT6Q, STM32U599BJY6QTR, STM32U599NIH6Q, STM32U599NJH6Q, STM32U5A5ZJT6Q, STM32U5A9BJY6QTR, STM32U5A9NJH6Q, STM32WB1MMCH6]
2022-11-07 22:13:42,742 [INFO] DbMcus:215 - Found 3542 MCUs, 3542 are supported
2022-11-07 22:13:42,745 [INFO] ApiDb:418 - Load user favorites file C:\Users\Zver/.stm32cubeide/favorites.mcus.txt: 1 item(s)
2022-11-07 22:13:42,745 [INFO] ApiDb:422 - User favorites MCUs=[STM32F103C8T6]
2022-11-07 22:13:42,746 [INFO] DbMcus:221 - Set 1 / 1 favorites MCUs
2022-11-07 22:13:42,748 [INFO] ApiDb:663 - CubeFinder database Data Model version=2.1
2022-11-07 22:13:42,749 [INFO] ApiDb:664 - CubeFinder database Configuration version=3.0.32
2022-11-07 22:13:42,749 [INFO] ApiDb:665 - CubeFinder database generation date=2022-08-05 (1659688109)
2022-11-07 22:13:42,749 [INFO] ApiDb:666 - CubeFinder database FW Pack versions=[STM32Cube_FW_C0_V1.0.0, STM32Cube_FW_F4_V1.27.1, STM32Cube_FW_F7_V1.17.0, STM32Cube_FW_G0_V1.6.1, STM32Cube_FW_G4_V1.5.0, STM32Cube_FW_H7_V1.10.0, STM32Cube_FW_L5_V1.4.0, STM32Cube_FW_U5_V1.1.1, STM32Cube_FW_WB_V1.14.1, STM32Cube_FW_WL_V1.2.0, X-CUBE-ALGOBUILD_V1.3.0, X-CUBE-ALS_V1.0.1, X-CUBE-AZRTOS-F4_V1.1.0, X-CUBE-AZRTOS-F7_V1.1.0, X-CUBE-AZRTOS-G0_V1.1.0, X-CUBE-AZRTOS-G4_V1.0.0, X-CUBE-AZRTOS-H7_V2.1.0, X-CUBE-AZRTOS-L4_V1.0.0, X-CUBE-AZRTOS-L5_V1.0.0, X-CUBE-AZRTOS-WL_V1.0.0, X-CUBE-BLE1_V6.2.3, X-CUBE-BLE2_V3.3.0, X-CUBE-EEPRMA1_V3.1.1, X-CUBE-GNSS1_V6.0.0, X-CUBE-MEMS1_V9.1.0, X-CUBE-MEMS1_V9.3.0, X-CUBE-NFC4_V2.0.4, X-CUBE-NFC7_V1.0.0, X-CUBE-SFXS2LP1_V4.0.0, X-CUBE-SUBG2_V5.0.0]
2022-11-07 22:13:42,792 [INFO] DbBoardsSqlite:227 - include board P-NUCLEO-WB55-NUCLEO as a kit item of type 'Nucleo-64'
2022-11-07 22:13:42,792 [INFO] DbBoardsSqlite:227 - include board P-NUCLEO-WB55-USBDONGLE as a kit item of type 'Nucleo USB Dongle'
2022-11-07 22:13:42,793 [INFO] DbBoardsSqlite:227 - include board STEVAL-IDP005V1 as a kit item of type 'Evaluation Board'
2022-11-07 22:13:42,793 [INFO] DbBoardsSqlite:227 - include board STEVAL-IDP005V2 as a kit item of type 'Evaluation Board'
2022-11-07 22:13:42,799 [INFO] ApiDb:239 - Found 138 in-development CPN: [B-WB1M-WPAN1, NUCLEO-C031C6, STEVAL-STWINBX1, STM320518-EVAL, STM32C0116-DK, STM32C011D6Y3TR, STM32C011D6Y6TR, STM32C011F4P3, STM32C011F4P6, STM32C011F4U3, STM32C011F4U6TR, STM32C011F6P3, STM32C011F6P6, STM32C011F6U3, STM32C011F6U6TR, STM32C011J4M3, STM32C011J4M6, STM32C011J6M3, STM32C011J6M6, STM32C0316-DK, STM32C031C4T3, STM32C031C4T6, STM32C031C4U3, STM32C031C4U6, STM32C031C6T3, STM32C031C6T6, STM32C031C6U3, STM32C031C6U6, STM32C031F4P3, STM32C031F4P6, STM32C031F6P3, STM32C031F6P6, STM32C031G4U3, STM32C031G4U6, STM32C031G6U3, STM32C031G6U6, STM32C031K4T3, STM32C031K4T6, STM32C031K4U3, STM32C031K4U6, STM32C031K6T3, STM32C031K6T6, STM32C031K6U3, STM32C031K6U6, STM32G071K8TXN, STM32G071K8UXN, STM32G081GBU6N, STM32G081KBT6N, STM32G081KBUXN, STM32G0B1CCT6N, STM32G0B1KCT6, STM32G0B1NEY6TR, STM32G0B1RCT6N, STM32G0C1CCT6, STM32G0C1CCT6N, STM32G0C1CCU6N, STM32G0C1CET6N, STM32G0C1CEU6N, STM32G0C1KCT6, STM32G0C1NEY6TR, STM32G0C1RCI6N, STM32G0C1RCT6N, STM32G0C1REI6N, STM32G0C1RET6N, STM32G0C1VCI6, STM32G0C1VEI6, STM32G471CCT6, STM32G471CCU6, STM32G471CET3, STM32G471CET6, STM32G471CEU3, STM32G471CEU6, STM32G471MCT6, STM32G471MET3, STM32G471MET6, STM32G471MEY6TR, STM32G471QCT6, STM32G471QET3, STM32G471RCT6, STM32G471RET3, STM32G471RET6, STM32G471VCH6, STM32G471VCI6, STM32G471VCT6, STM32G471VEH3, STM32G471VEH6, STM32G471VEI3, STM32G471VEI6, STM32G471VET3, STM32G471VET6, STM32G474CCT6, STM32L476VGY6PTR, STM32L4R5QGI6STR, STM32MP131AAE3, STM32MP131AAF3, STM32MP131AAG3, STM32MP131CAE3, STM32MP131CAF3, STM32MP131CAG3, STM32MP131DAE7, STM32MP131DAF7, STM32MP131DAG7, STM32MP131FAE7, STM32MP131FAF7, STM32MP131FAG7, STM32MP133AAE3, STM32MP133AAF3, STM32MP133AAG3, STM32MP133CAE3, STM32MP133CAF3, STM32MP133CAG3, STM32MP133DAE7, STM32MP133DAF7, STM32MP133DAG7, STM32MP133FAE7, STM32MP133FAF7, STM32MP133FAG7, STM32MP135AAE3, STM32MP135AAF3, STM32MP135AAG3, STM32MP135CAE3, STM32MP135CAF3, STM32MP135CAG3, STM32MP135DAE7, STM32MP135DAF7, STM32MP135DAG7, STM32MP135F-DK, STM32MP135FAE7, STM32MP135FAF7, STM32MP135FAG7, STM32U595ZJT6Q, STM32U599BJY6QTR, STM32U599NIH6Q, STM32U599NJH6Q, STM32U5A5ZJT6Q, STM32U5A9BJY6QTR, STM32U5A9NJH6Q, STM32WB1MMCH6]
2022-11-07 22:13:42,889 [INFO] BoardInfo:879 - No configuration file found for board P-NUCLEO-WB55
2022-11-07 22:13:42,889 [INFO] DbBoards:156 - Kit is not supported: P-NUCLEO-WB55
2022-11-07 22:13:42,892 [INFO] BoardInfo:879 - No configuration file found for board STEVAL-BFA001V1B
2022-11-07 22:13:42,892 [INFO] DbBoards:156 - Kit is not supported: STEVAL-BFA001V1B
2022-11-07 22:13:42,893 [INFO] BoardInfo:879 - No configuration file found for board STEVAL-BFA001V2B
2022-11-07 22:13:42,893 [INFO] DbBoards:156 - Kit is not supported: STEVAL-BFA001V2B
2022-11-07 22:13:42,972 [INFO] DbBoards:160 - Found 176 boards, 173 are supported
2022-11-07 22:13:42,977 [INFO] ApiDb:418 - Load user favorites file C:\Users\Zver/.stm32cubeide/favorites.boards.txt: 0 item(s)
2022-11-07 22:13:42,977 [INFO] ApiDb:422 - User favorites Boards=[]
2022-11-07 22:13:42,977 [INFO] DbBoards:189 - Set 0 / 0 favorites Boards
2022-11-07 22:13:42,980 [INFO] ApiDb:663 - CubeFinder database Data Model version=2.1
2022-11-07 22:13:42,980 [INFO] ApiDb:664 - CubeFinder database Configuration version=3.0.32
2022-11-07 22:13:42,980 [INFO] ApiDb:665 - CubeFinder database generation date=2022-08-05 (1659688109)
2022-11-07 22:13:42,980 [INFO] ApiDb:666 - CubeFinder database FW Pack versions=[STM32Cube_FW_C0_V1.0.0, STM32Cube_FW_F4_V1.27.1, STM32Cube_FW_F7_V1.17.0, STM32Cube_FW_G0_V1.6.1, STM32Cube_FW_G4_V1.5.0, STM32Cube_FW_H7_V1.10.0, STM32Cube_FW_L5_V1.4.0, STM32Cube_FW_U5_V1.1.1, STM32Cube_FW_WB_V1.14.1, STM32Cube_FW_WL_V1.2.0, X-CUBE-ALGOBUILD_V1.3.0, X-CUBE-ALS_V1.0.1, X-CUBE-AZRTOS-F4_V1.1.0, X-CUBE-AZRTOS-F7_V1.1.0, X-CUBE-AZRTOS-G0_V1.1.0, X-CUBE-AZRTOS-G4_V1.0.0, X-CUBE-AZRTOS-H7_V2.1.0, X-CUBE-AZRTOS-L4_V1.0.0, X-CUBE-AZRTOS-L5_V1.0.0, X-CUBE-AZRTOS-WL_V1.0.0, X-CUBE-BLE1_V6.2.3, X-CUBE-BLE2_V3.3.0, X-CUBE-EEPRMA1_V3.1.1, X-CUBE-GNSS1_V6.0.0, X-CUBE-MEMS1_V9.1.0, X-CUBE-MEMS1_V9.3.0, X-CUBE-NFC4_V2.0.4, X-CUBE-NFC7_V1.0.0, X-CUBE-SFXS2LP1_V4.0.0, X-CUBE-SUBG2_V5.0.0]
2022-11-07 22:13:43,498 [INFO] DbExamplesSqlite:374 - Ignored 31 examples not supported by CubeIDE
2022-11-07 22:13:43,499 [INFO] DbExamplesSqlite:375 - Found 6197 examples active
2022-11-07 22:13:43,499 [INFO] DbExamplesSqlite:376 - Found 89 examples obsolete
2022-11-07 22:13:43,499 [INFO] DbExamplesSqlite:377 - Found 0 examples under development
2022-11-07 22:13:43,500 [INFO] DbExamplesSqlite:378 - Found 76 examples not building
2022-11-07 22:13:43,501 [INFO] DbExamples:124 - Found 6242 examples
2022-11-07 22:13:43,511 [INFO] DbExamples:221 - Found 77 boards with related examples
2022-11-07 22:13:43,512 [INFO] DbExamples:234 - Found 64 MCUs with related examples
2022-11-07 22:13:43,527 [INFO] ApiDb:418 - Load user favorites file C:\Users\Zver/.stm32cubeide/favorites.examples.txt: 0 item(s)
2022-11-07 22:13:43,527 [INFO] ApiDb:422 - User favorites Examples=[]
2022-11-07 22:13:43,527 [INFO] DbExamples:249 - Set 0 / 0 favorites Examples
2022-11-07 22:13:43,676 [INFO] McuFinderGlobals:57 - Set McuFinderConnectedMode to true
2022-11-07 22:13:43,683 [INFO] MultiScanPanel:195 - Auto-refresh data requested => check proxy status ongoing
2022-11-07 22:13:43,687 [INFO] FinderPluginLoader:92 - Searching for filters in installed packs
2022-11-07 22:13:44,915 [INFO] LoadUrlFilesThread:177 - End of LoadServerUrlFiles without Thread
2022-11-07 22:13:44,936 [INFO] DetailPanel:339 - Set advertising image to C:/Users/Zver/STM32Cube/Repository/\en.Prom_NBSTM32U50921.jpg
2022-11-07 22:13:47,774 [ERROR] LogOutputStream:74 - [STDERR_REDIRECT] SLF4J: Failed to load class "org.slf4j.impl.StaticLoggerBinder".
2022-11-07 22:13:47,775 [ERROR] LogOutputStream:74 - [STDERR_REDIRECT] SLF4J: Defaulting to no-operation (NOP) logger implementation
2022-11-07 22:13:47,777 [ERROR] LogOutputStream:74 - [STDERR_REDIRECT] SLF4J: See http://www.slf4j.org/codes.html#StaticLoggerBinder for further details.
2022-11-07 22:14:05,768 [INFO] MainUpdater:2768 - connection check result : 10
2022-11-07 22:14:05,769 [INFO] MainUpdater:2768 - connection check result : 10
2022-11-07 22:14:05,790 [INFO] MicroXplorer:451 - Change Database Path : 
2022-11-07 22:14:05,791 [INFO] MicroXplorer:481 - Change Database Version : DB.6.0.60
2022-11-07 22:14:05,793 [WARN] ThirdParty:827 - waiting for thirdparty lock release [close project]
2022-11-07 22:14:05,793 [INFO] ThirdParty:829 - entering critical section [close project]
2022-11-07 22:14:05,794 [INFO] ThirdParty:839 - exiting critical section [close project]
2022-11-07 22:14:05,798 [INFO] PinOutPanel:1468 - setPackage(No Configuration,No Configuration)
2022-11-07 22:14:05,804 [INFO] UtilMem:74 - Begin LoadConfig() Used Memory: 320638688 Bytes (491782144)
2022-11-07 22:14:05,805 [INFO] MicroXplorer:451 - Change Database Path : 
2022-11-07 22:14:05,806 [INFO] MicroXplorer:481 - Change Database Version : DB.6.0.60
2022-11-07 22:14:05,806 [INFO] OpenFileManager:307 - Change cursor
2022-11-07 22:14:05,919 [INFO] Mcu:1922 - Initializing MCU STM32F103C8Tx STM32F103C8Tx 
2022-11-07 22:14:05,920 [INFO] Mcu:1935 - No CPN specified => set CPN to STM32F103C8T6
2022-11-07 22:14:06,665 [INFO] Context:654 - Trying to add GPIOservice into a context  which must be forbidden
2022-11-07 22:14:06,948 [INFO] ImportTextPane:193 - (OptionalMessage_ERROR) Unable to find key (Mcu.ThirdPartyNb) in loaded IOC file
2022-11-07 22:14:06,948 [INFO] ImportTextPane:193 - (OptionalMessage_ERROR) Unable to find key (Mcu.PinsNb) in loaded IOC file
2022-11-07 22:14:06,948 [INFO] ImportTextPane:193 - (OptionalMessage_ERROR) Unable to find key (Mcu.IPNb) in loaded IOC file
2022-11-07 22:14:07,016 [WARN] ApiManager:308 - Cannot register API 'Board Extension:GNSS1A1' from pack STMicroelectronics.X-CUBE-GNSS1.6.0.0: no header file found
2022-11-07 22:14:07,016 [WARN] ApiManager:308 - Cannot register API 'Board Support:Custom' from pack STMicroelectronics.X-CUBE-GNSS1.6.0.0: no header file found
2022-11-07 22:14:07,016 [WARN] ApiManager:308 - Cannot register API 'Data Exchange:lib_gnss' from pack STMicroelectronics.X-CUBE-GNSS1.6.0.0: no header file found
2022-11-07 22:14:07,032 [WARN] ApiManager:308 - Cannot register API 'Wireless:BlueNRG-MS' from pack STMicroelectronics.X-CUBE-BLE1.6.2.3: no header file found
2022-11-07 22:14:07,034 [INFO] RtosManager:488 - Registered RTOS mode: class=CMSIS, group=RTOS, mode=CMSIS_V1, owner=FREERTOS
2022-11-07 22:14:07,034 [INFO] RtosManager:488 - Registered RTOS mode: class=CMSIS, group=RTOS2, mode=CMSIS_V2, owner=FREERTOS
2022-11-07 22:14:07,034 [INFO] RtosManager:488 - Registered RTOS mode: class=RTOS, group=Core, mode=CMSIS_V1, owner=FREERTOS
2022-11-07 22:14:07,035 [INFO] RtosManager:488 - Registered RTOS mode: class=RTOS, group=Core, mode=CMSIS_V2, owner=FREERTOS
2022-11-07 22:14:07,035 [WARN] ModelIntegratedComponent:185 - Missing modes for component STMicroelectronics:FreeRTOS:0.0.1:STMicroelectronics:RTOS:FreeRTOS:Core:::10.2.0:
2022-11-07 22:14:07,041 [WARN] ApiManager:308 - Cannot register API 'Board Extension:S2868A1' from pack STMicroelectronics.X-CUBE-SUBG2.5.0.0: no header file found
2022-11-07 22:14:07,041 [WARN] ApiManager:308 - Cannot register API 'Board Extension:S2868A2' from pack STMicroelectronics.X-CUBE-SUBG2.5.0.0: no header file found
2022-11-07 22:14:07,041 [WARN] ApiManager:308 - Cannot register API 'Board Extension:S2915A1' from pack STMicroelectronics.X-CUBE-SUBG2.5.0.0: no header file found
2022-11-07 22:14:07,046 [WARN] ApiManager:308 - Cannot register API 'Wireless:BlueNRG-MS' from pack STMicroelectronics.X-CUBE-BLE1.6.2.2: no header file found
2022-11-07 22:14:07,047 [WARN] ApiManager:308 - Cannot register API 'Board Extension:NFC04A1' from pack STMicroelectronics.X-CUBE-NFC4.2.0.4: no header file found
2022-11-07 22:14:07,048 [WARN] ApiManager:308 - Cannot register API 'Wireless:BlueNRG-2' from pack STMicroelectronics.X-CUBE-BLE2.3.2.2: no header file found
2022-11-07 22:14:07,048 [WARN] ApiManager:308 - Cannot register API 'Board Extension:NFC04A1' from pack STMicroelectronics.X-CUBE-NFC4.2.0.3: no header file found
2022-11-07 22:14:07,052 [WARN] ApiManager:308 - Cannot register API 'Board Extension:S2868A1' from pack STMicroelectronics.X-CUBE-SFXS2LP1.3.1.0: no header file found
2022-11-07 22:14:07,052 [WARN] ApiManager:308 - Cannot register API 'Board Extension:S2868A2' from pack STMicroelectronics.X-CUBE-SFXS2LP1.3.1.0: no header file found
2022-11-07 22:14:07,052 [WARN] ApiManager:308 - Cannot register API 'Board Extension:S2915A1' from pack STMicroelectronics.X-CUBE-SFXS2LP1.3.1.0: no header file found
2022-11-07 22:14:07,058 [WARN] ModelIntegratedComponent:64 - No mode defined for component null
2022-11-07 22:14:07,058 [WARN] ModelIntegratedComponent:64 - No mode defined for component null
2022-11-07 22:14:07,059 [WARN] ModelIntegratedComponent:64 - No mode defined for component null
2022-11-07 22:14:07,059 [WARN] ModelIntegratedComponent:64 - No mode defined for component null
2022-11-07 22:14:07,059 [WARN] ModelIntegratedComponent:64 - No mode defined for component null
2022-11-07 22:14:07,059 [WARN] ModelIntegratedComponent:64 - No mode defined for component null
2022-11-07 22:14:07,059 [WARN] ModelIntegratedComponent:64 - No mode defined for component null
2022-11-07 22:14:07,059 [WARN] ModelIntegratedComponent:64 - No mode defined for component null
2022-11-07 22:14:07,059 [WARN] ModelIntegratedComponent:64 - No mode defined for component null
2022-11-07 22:14:07,059 [WARN] ModelIntegratedComponent:64 - No mode defined for component null
2022-11-07 22:14:07,059 [WARN] ModelIntegratedComponent:64 - No mode defined for component null
2022-11-07 22:14:07,059 [WARN] ModelIntegratedComponent:64 - No mode defined for component null
2022-11-07 22:14:07,059 [WARN] ModelIntegratedComponent:64 - No mode defined for component null
2022-11-07 22:14:07,059 [WARN] ModelIntegratedComponent:64 - No mode defined for component null
2022-11-07 22:14:07,059 [WARN] ModelIntegratedComponent:64 - No mode defined for component null
2022-11-07 22:14:07,059 [WARN] ModelIntegratedComponent:64 - No mode defined for component null
2022-11-07 22:14:07,059 [WARN] ModelIntegratedComponent:64 - No mode defined for component null
2022-11-07 22:14:07,060 [WARN] ModelIntegratedComponent:64 - No mode defined for component null
2022-11-07 22:14:07,060 [WARN] ModelIntegratedComponent:64 - No mode defined for component null
2022-11-07 22:14:07,060 [WARN] ModelIntegratedComponent:64 - No mode defined for component null
2022-11-07 22:14:07,060 [WARN] ModelIntegratedComponent:64 - No mode defined for component null
2022-11-07 22:14:07,060 [WARN] ModelIntegratedComponent:64 - No mode defined for component null
2022-11-07 22:14:07,060 [WARN] ModelIntegratedComponent:64 - No mode defined for component null
2022-11-07 22:14:07,060 [WARN] ModelIntegratedComponent:64 - No mode defined for component null
2022-11-07 22:14:07,060 [WARN] ModelIntegratedComponent:64 - No mode defined for component null
2022-11-07 22:14:07,060 [WARN] ModelIntegratedComponent:64 - No mode defined for component null
2022-11-07 22:14:07,060 [WARN] ModelIntegratedComponent:64 - No mode defined for component null
2022-11-07 22:14:07,060 [WARN] ModelIntegratedComponent:64 - No mode defined for component null
2022-11-07 22:14:07,060 [WARN] ModelIntegratedComponent:64 - No mode defined for component null
2022-11-07 22:14:07,060 [WARN] ModelIntegratedComponent:64 - No mode defined for component null
2022-11-07 22:14:07,060 [WARN] ModelIntegratedComponent:64 - No mode defined for component null
2022-11-07 22:14:07,060 [WARN] ModelIntegratedComponent:64 - No mode defined for component null
2022-11-07 22:14:07,060 [WARN] ModelIntegratedComponent:64 - No mode defined for component null
2022-11-07 22:14:07,063 [WARN] ApiManager:308 - Cannot register API 'Board Extension:NFC07A1' from pack STMicroelectronics.X-CUBE-NFC7.1.0.0: no header file found
2022-11-07 22:14:07,068 [WARN] ApiManager:308 - Cannot register API 'Board Extension:S2868A1' from pack STMicroelectronics.X-CUBE-SUBG2.4.2.0: no header file found
2022-11-07 22:14:07,069 [WARN] ApiManager:308 - Cannot register API 'Board Extension:S2868A2' from pack STMicroelectronics.X-CUBE-SUBG2.4.2.0: no header file found
2022-11-07 22:14:07,069 [WARN] ApiManager:308 - Cannot register API 'Board Extension:S2915A1' from pack STMicroelectronics.X-CUBE-SUBG2.4.2.0: no header file found
2022-11-07 22:14:07,215 [WARN] ApiManager:308 - Cannot register API 'Board Extension:IKS01A3' from pack STMicroelectronics.X-CUBE-MEMS1.9.1.0: no header file found
2022-11-07 22:14:07,215 [WARN] ApiManager:308 - Cannot register API 'Board Extension:IKS01A2' from pack STMicroelectronics.X-CUBE-MEMS1.9.1.0: no header file found
2022-11-07 22:14:07,215 [WARN] ApiManager:308 - Cannot register API 'Board Extension:IKS02A1' from pack STMicroelectronics.X-CUBE-MEMS1.9.1.0: no header file found
2022-11-07 22:14:07,312 [WARN] ApiManager:308 - Cannot register API 'Board Extension:IKS01A3' from pack STMicroelectronics.X-CUBE-MEMS1.9.3.0: no header file found
2022-11-07 22:14:07,312 [WARN] ApiManager:308 - Cannot register API 'Board Extension:IKS01A2' from pack STMicroelectronics.X-CUBE-MEMS1.9.3.0: no header file found
2022-11-07 22:14:07,312 [WARN] ApiManager:308 - Cannot register API 'Board Extension:IKS02A1' from pack STMicroelectronics.X-CUBE-MEMS1.9.3.0: no header file found
2022-11-07 22:14:07,320 [WARN] ApiManager:308 - Cannot register API 'Board Extension:EEPRMA1' from pack STMicroelectronics.X-CUBE-EEPRMA1.3.1.1: no header file found
2022-11-07 22:14:07,320 [WARN] ApiManager:308 - Cannot register API 'Board Extension:EEPRMA2' from pack STMicroelectronics.X-CUBE-EEPRMA1.3.1.1: no header file found
2022-11-07 22:14:07,321 [WARN] ApiManager:308 - Cannot register API 'Board Extension:GNSS1A1' from pack STMicroelectronics.X-CUBE-GNSS1.5.2.0: no header file found
2022-11-07 22:14:07,321 [WARN] ApiManager:308 - Cannot register API 'Board Support:Custom' from pack STMicroelectronics.X-CUBE-GNSS1.5.2.0: no header file found
2022-11-07 22:14:07,321 [WARN] ApiManager:308 - Cannot register API 'Data Exchange:lib_gnss' from pack STMicroelectronics.X-CUBE-GNSS1.5.2.0: no header file found
2022-11-07 22:14:07,322 [WARN] ApiManager:308 - Cannot register API 'Board Extension:S2868A1' from pack STMicroelectronics.X-CUBE-SFXS2LP1.4.0.0: no header file found
2022-11-07 22:14:07,322 [WARN] ApiManager:308 - Cannot register API 'Board Extension:S2868A2' from pack STMicroelectronics.X-CUBE-SFXS2LP1.4.0.0: no header file found
2022-11-07 22:14:07,322 [WARN] ApiManager:308 - Cannot register API 'Board Extension:S2915A1' from pack STMicroelectronics.X-CUBE-SFXS2LP1.4.0.0: no header file found
2022-11-07 22:14:07,322 [WARN] ApiManager:308 - Cannot register API 'Wireless:BlueNRG-2' from pack STMicroelectronics.X-CUBE-BLE2.3.3.0: no header file found
2022-11-07 22:14:07,333 [INFO] ThirdPartyModel:289 - Start build external matchings
2022-11-07 22:14:08,118 [INFO] ThirdPartyModel:302 - End build external matchings
2022-11-07 22:14:08,290 [INFO] UtilMem:74 - End LoadConfig() Used Memory: 420200184 Bytes (491782144)
2022-11-07 22:14:08,311 [WARN] ThirdParty:789 - waiting for thirdparty lock release [change project]
2022-11-07 22:14:08,311 [INFO] ThirdParty:791 - entering critical section [change project]
2022-11-07 22:14:08,312 [INFO] ThirdParty:981 - CMSIS Pack Vendor :wolfSSL I-CUBE-wolfSSL 5.2.0
2022-11-07 22:14:08,312 [INFO] ThirdParty:981 - CMSIS Pack Vendor :RoweBots I-CUBE-UNISONRTOS 5.5.0-4
2022-11-07 22:14:08,312 [INFO] ThirdParty:981 - CMSIS Pack Vendor :STMicroelectronics X-CUBE-GNSS1 6.0.0
2022-11-07 22:14:08,312 [INFO] ThirdParty:981 - CMSIS Pack Vendor :STMicroelectronics X-CUBE-AZRTOS-H7 2.1.0
2022-11-07 22:14:08,312 [INFO] ThirdParty:981 - CMSIS Pack Vendor :STMicroelectronics USB_HOST 2.0.0
2022-11-07 22:14:08,312 [INFO] ThirdParty:981 - CMSIS Pack Vendor :STMicroelectronics X-CUBE-AZRTOS-F4 1.1.0
2022-11-07 22:14:08,312 [INFO] ThirdParty:981 - CMSIS Pack Vendor :STMicroelectronics LIBJPEG 8.0.0
2022-11-07 22:14:08,312 [INFO] ThirdParty:981 - CMSIS Pack Vendor :STMicroelectronics USB_DEVICE 3.0.0
2022-11-07 22:14:08,312 [INFO] ThirdParty:981 - CMSIS Pack Vendor :STMicroelectronics X-CUBE-BLEMGR 1.0.0
2022-11-07 22:14:08,313 [INFO] ThirdParty:981 - CMSIS Pack Vendor :STMicroelectronics X-CUBE-BLEMGR 1.2.0
2022-11-07 22:14:08,313 [INFO] ThirdParty:981 - CMSIS Pack Vendor :STMicroelectronics X-CUBE-AZRTOS-F7 1.1.0
2022-11-07 22:14:08,313 [INFO] ThirdParty:981 - CMSIS Pack Vendor :STMicroelectronics USB_DEVICE 2.0.0
2022-11-07 22:14:08,313 [INFO] ThirdParty:981 - CMSIS Pack Vendor :STMicroelectronics X-CUBE-AI 7.1.0
2022-11-07 22:14:08,313 [INFO] ThirdParty:981 - CMSIS Pack Vendor :STMicroelectronics X-CUBE-BLE1 6.2.3
2022-11-07 22:14:08,313 [INFO] ThirdParty:981 - CMSIS Pack Vendor :STMicroelectronics X-CUBE-ALGOBUILD 1.3.0
2022-11-07 22:14:08,313 [INFO] ThirdParty:981 - CMSIS Pack Vendor :STMicroelectronics FreeRTOS 0.0.1
2022-11-07 22:14:08,313 [INFO] ThirdParty:981 - CMSIS Pack Vendor :STMicroelectronics X-CUBE-AZRTOS-G0 1.1.0
2022-11-07 22:14:08,313 [INFO] ThirdParty:981 - CMSIS Pack Vendor :STMicroelectronics X-CUBE-SUBG2 5.0.0
2022-11-07 22:14:08,313 [INFO] ThirdParty:981 - CMSIS Pack Vendor :SEGGER I-CUBE-embOS 1.2.0
2022-11-07 22:14:08,313 [INFO] ThirdParty:981 - CMSIS Pack Vendor :STMicroelectronics STM32_WPAN 1.0.0
2022-11-07 22:14:08,313 [INFO] ThirdParty:981 - CMSIS Pack Vendor :STMicroelectronics lwIP 2.0.3
2022-11-07 22:14:08,313 [INFO] ThirdParty:981 - CMSIS Pack Vendor :STMicroelectronics X-CUBE-BLE1 6.2.2
2022-11-07 22:14:08,314 [INFO] ThirdParty:981 - CMSIS Pack Vendor :STMicroelectronics X-CUBE-NFC4 2.0.4
2022-11-07 22:14:08,314 [INFO] ThirdParty:981 - CMSIS Pack Vendor :STMicroelectronics X-CUBE-BLE2 3.2.2
2022-11-07 22:14:08,314 [INFO] ThirdParty:981 - CMSIS Pack Vendor :STMicroelectronics USB_HOST 1.0.0
2022-11-07 22:14:08,314 [INFO] ThirdParty:981 - CMSIS Pack Vendor :STMicroelectronics X-CUBE-NFC4 2.0.3
2022-11-07 22:14:08,314 [INFO] ThirdParty:981 - CMSIS Pack Vendor :STMicroelectronics PDM2PCM 3.1.0
2022-11-07 22:14:08,314 [INFO] ThirdParty:981 - CMSIS Pack Vendor :STMicroelectronics FP-ATR-ASTRA1 1.1.1
2022-11-07 22:14:08,314 [INFO] ThirdParty:981 - CMSIS Pack Vendor :STMicroelectronics PDM2PCM 3.3.0
2022-11-07 22:14:08,314 [INFO] ThirdParty:981 - CMSIS Pack Vendor :STMicroelectronics X-CUBE-TOF1 3.1.0
2022-11-07 22:14:08,314 [INFO] ThirdParty:981 - CMSIS Pack Vendor :STMicroelectronics X-CUBE-SFXS2LP1 3.1.0
2022-11-07 22:14:08,314 [INFO] ThirdParty:981 - CMSIS Pack Vendor :STMicroelectronics X-CUBE-AZRTOS-F4 1.0.0
2022-11-07 22:14:08,314 [INFO] ThirdParty:981 - CMSIS Pack Vendor :STMicroelectronics X-CUBE-AZRTOS-H7 2.0.0
2022-11-07 22:14:08,314 [INFO] ThirdParty:981 - CMSIS Pack Vendor :STMicroelectronics X-CUBE-AZRTOS-G4 1.0.0
2022-11-07 22:14:08,314 [INFO] ThirdParty:981 - CMSIS Pack Vendor :STMicroelectronics FP-ATR-SIGFOX1 3.2.0
2022-11-07 22:14:08,315 [INFO] ThirdParty:981 - CMSIS Pack Vendor :STMicroelectronics X-CUBE-AZRTOS-L4 1.0.0
2022-11-07 22:14:08,315 [INFO] ThirdParty:981 - CMSIS Pack Vendor :STMicroelectronics HAL Drivers 0.0.0
2022-11-07 22:14:08,315 [INFO] ThirdParty:981 - CMSIS Pack Vendor :STMicroelectronics MBEDTLS 2.16.2
2022-11-07 22:14:08,315 [INFO] ThirdParty:981 - CMSIS Pack Vendor :emotas I-CUBE-CANOPEN 1.1.2
2022-11-07 22:14:08,315 [INFO] ThirdParty:981 - CMSIS Pack Vendor :STMicroelectronics X-CUBE-TOUCHGFX 4.20.0
2022-11-07 22:14:08,315 [INFO] ThirdParty:981 - CMSIS Pack Vendor :STMicroelectronics MBEDTLS 2.14.1
2022-11-07 22:14:08,315 [INFO] ThirdParty:981 - CMSIS Pack Vendor :STMicroelectronics X-CUBE-NFC7 1.0.0
2022-11-07 22:14:08,315 [INFO] ThirdParty:981 - CMSIS Pack Vendor :STMicroelectronics X-CUBE-AZRTOS-F7 1.0.0
2022-11-07 22:14:08,315 [INFO] ThirdParty:981 - CMSIS Pack Vendor :STMicroelectronics X-CUBE-AZRTOS-WL 1.0.0
2022-11-07 22:14:08,315 [INFO] ThirdParty:981 - CMSIS Pack Vendor :STMicroelectronics X-CUBE-SUBG2 4.2.0
2022-11-07 22:14:08,315 [INFO] ThirdParty:981 - CMSIS Pack Vendor :STMicroelectronics X-CUBE-MEMS1 9.1.0
2022-11-07 22:14:08,315 [INFO] ThirdParty:981 - CMSIS Pack Vendor :STMicroelectronics X-CUBE-MEMS1 9.3.0
2022-11-07 22:14:08,315 [INFO] ThirdParty:981 - CMSIS Pack Vendor :portGmbH I-Cube-SoM-uGOAL 1.1.0
2022-11-07 22:14:08,315 [INFO] ThirdParty:981 - CMSIS Pack Vendor :STMicroelectronics X-CUBE-ALS 1.0.1
2022-11-07 22:14:08,315 [INFO] ThirdParty:981 - CMSIS Pack Vendor :STMicroelectronics X-CUBE-AI 7.2.0
2022-11-07 22:14:08,315 [INFO] ThirdParty:981 - CMSIS Pack Vendor :STMicroelectronics ThreadX 1.0.0
2022-11-07 22:14:08,316 [INFO] ThirdParty:981 - CMSIS Pack Vendor :STMicroelectronics X-CUBE-AZRTOS-L5 1.0.0
2022-11-07 22:14:08,316 [INFO] ThirdParty:981 - CMSIS Pack Vendor :STMicroelectronics USB_DEVICE 1.0.0
2022-11-07 22:14:08,316 [INFO] ThirdParty:981 - CMSIS Pack Vendor :STMicroelectronics X-CUBE-AZRTOS-G0 1.0.0
2022-11-07 22:14:08,316 [INFO] ThirdParty:981 - CMSIS Pack Vendor :STMicroelectronics X-CUBE-EEPRMA1 3.1.1
2022-11-07 22:14:08,316 [INFO] ThirdParty:981 - CMSIS Pack Vendor :STMicroelectronics X-CUBE-GNSS1 5.2.0
2022-11-07 22:14:08,316 [INFO] ThirdParty:981 - CMSIS Pack Vendor :STMicroelectronics ThreadX 0.0.2
2022-11-07 22:14:08,316 [INFO] ThirdParty:981 - CMSIS Pack Vendor :STMicroelectronics lwIP 2.1.2
2022-11-07 22:14:08,316 [INFO] ThirdParty:981 - CMSIS Pack Vendor :STMicroelectronics X-CUBE-SFXS2LP1 4.0.0
2022-11-07 22:14:08,316 [INFO] ThirdParty:981 - CMSIS Pack Vendor :STMicroelectronics X-CUBE-BLE2 3.3.0
2022-11-07 22:14:08,316 [INFO] ThirdParty:981 - CMSIS Pack Vendor :STMicroelectronics X-CUBE-DISPLAY 2.0.1
2022-11-07 22:14:08,316 [INFO] ThirdParty:981 - CMSIS Pack Vendor :STMicroelectronics X-CUBE-DISPLAY 2.2.0
2022-11-07 22:14:08,316 [INFO] ThirdParty:981 - CMSIS Pack Vendor :STMicroelectronics X-CUBE-TOF1 3.2.0
2022-11-07 22:14:08,316 [INFO] ThirdParty:981 - CMSIS Pack Vendor :STMicroelectronics PDM2PCM 3.2.0
2022-11-07 22:14:08,316 [INFO] ThirdParty:981 - CMSIS Pack Vendor :STMicroelectronics X-CUBE-TOUCHGFX 4.18.1
2022-11-07 22:14:08,316 [INFO] ThirdParty:981 - CMSIS Pack Vendor :STMicroelectronics X-CUBE-TOF1 3.0.0
2022-11-07 22:14:08,317 [INFO] ThirdParty:981 - CMSIS Pack Vendor :STMicroelectronics X-CUBE-ISPU 1.0.0
2022-11-07 22:14:08,317 [INFO] ThirdParty:797 - exiting critical section [change project]
2022-11-07 22:14:08,625 [INFO] PinOutPanel:1468 - setPackage(No Configuration,No Configuration)
2022-11-07 22:14:08,627 [INFO] PinOutPanel:1468 - setPackage(STM32F103C8Tx,LQFP48)
2022-11-07 22:14:09,246 [INFO] UtilMem:74 - Before build in PCC Used Memory: 390546944 Bytes (569376768)
2022-11-07 22:14:10,034 [INFO] UtilMem:74 - After build in PCC Used Memory: 425162128 Bytes (569376768)
2022-11-07 22:14:10,060 [INFO] IPUIPlugin:79 - create IPUIPlugin
2022-11-07 22:14:10,062 [INFO] IPUIPlugin:79 - create IPUIPlugin
2022-11-07 22:14:10,062 [INFO] IPUIPlugin:79 - create IPUIPlugin
2022-11-07 22:14:10,062 [INFO] IPUIPlugin:79 - create IPUIPlugin
2022-11-07 22:14:10,063 [INFO] IPUIPlugin:79 - create IPUIPlugin
2022-11-07 22:14:10,075 [INFO] IPUIPlugin:79 - create IPUIPlugin
2022-11-07 22:14:10,075 [INFO] IPUIPlugin:79 - create IPUIPlugin
2022-11-07 22:14:10,076 [INFO] IPUIPlugin:79 - create IPUIPlugin
2022-11-07 22:14:10,076 [INFO] IPUIPlugin:79 - create IPUIPlugin
2022-11-07 22:14:10,076 [INFO] IPUIPlugin:79 - create IPUIPlugin
2022-11-07 22:14:10,077 [INFO] IPUIPlugin:79 - create IPUIPlugin
2022-11-07 22:14:10,078 [INFO] IPUIPlugin:79 - create IPUIPlugin
2022-11-07 22:14:10,078 [INFO] IPUIPlugin:79 - create IPUIPlugin
2022-11-07 22:14:10,080 [INFO] IPUIPlugin:79 - create IPUIPlugin
2022-11-07 22:14:10,080 [INFO] IPUIPlugin:79 - create IPUIPlugin
2022-11-07 22:14:10,080 [INFO] IPUIPlugin:79 - create IPUIPlugin
2022-11-07 22:14:10,081 [INFO] IPUIPlugin:79 - create IPUIPlugin
2022-11-07 22:14:10,081 [INFO] IPUIPlugin:79 - create IPUIPlugin
2022-11-07 22:14:10,081 [INFO] IPUIPlugin:79 - create IPUIPlugin
2022-11-07 22:14:10,081 [INFO] IPUIPlugin:79 - create IPUIPlugin
2022-11-07 22:14:10,082 [INFO] IPUIPlugin:79 - create IPUIPlugin
2022-11-07 22:14:10,082 [INFO] IPUIPlugin:79 - create IPUIPlugin
2022-11-07 22:14:10,082 [INFO] IPUIPlugin:79 - create IPUIPlugin
2022-11-07 22:14:10,082 [INFO] IPUIPlugin:79 - create IPUIPlugin
2022-11-07 22:14:10,083 [INFO] IPUIPlugin:79 - create IPUIPlugin
2022-11-07 22:14:10,083 [INFO] IPUIPlugin:79 - create IPUIPlugin
2022-11-07 22:14:10,090 [INFO] IPUIPlugin:79 - create IPUIPlugin
2022-11-07 22:14:10,540 [INFO] OpenFileManager:327 - Restore cursor
2022-11-07 22:14:12,528 [INFO] UtilMem:74 - End SaveConfig() Used Memory: 416939992 Bytes (590348288)
2022-11-07 22:14:12,623 [INFO] UtilMem:74 - End SaveConfig() Used Memory: 428479056 Bytes (590348288)
2022-11-07 22:14:13,058 [INFO] BlockDiagram:2753 - set Specific Code input for plugin: NVIC
2022-11-07 22:14:13,058 [INFO] BlockDiagram:2753 - set Specific Code input for plugin: RCC
2022-11-07 22:14:13,093 [INFO] CodeGenerator:690 - code generatio: config db path: C:\ST\STM32CubeIDE_1.9.0\STM32CubeIDE\plugins\com.st.stm32cube.common.mx_6.6.1.202207061420\\db\
2022-11-07 22:14:13,653 [INFO] CodeEngine:245 - oldGeneratedFile, D:\github\mc\stm32\RS-485_Modbus_RTU_Slave_2\RS-485_Modbus_RTU_Slave\MXTmpFiles\license.tmp_save
2022-11-07 22:14:14,000 [INFO] CodeEngine:269 - Generated code: D:\github\mc\stm32\RS-485_Modbus_RTU_Slave_2\RS-485_Modbus_RTU_Slave\MXTmpFiles\license.tmp
2022-11-07 22:14:14,055 [INFO] CodeEngine:245 - oldGeneratedFile, D:\github\mc\stm32\RS-485_Modbus_RTU_Slave_2\RS-485_Modbus_RTU_Slave\Core\Src\stm32f1xx_it.c_save
2022-11-07 22:14:14,254 [INFO] CodeEngine:269 - Generated code: D:\github\mc\stm32\RS-485_Modbus_RTU_Slave_2\RS-485_Modbus_RTU_Slave\Core\Src\stm32f1xx_it.c
2022-11-07 22:14:14,266 [INFO] CodeEngine:245 - oldGeneratedFile, D:\github\mc\stm32\RS-485_Modbus_RTU_Slave_2\RS-485_Modbus_RTU_Slave\Core\Inc\stm32f1xx_it.h_save
2022-11-07 22:14:14,359 [INFO] CodeEngine:269 - Generated code: D:\github\mc\stm32\RS-485_Modbus_RTU_Slave_2\RS-485_Modbus_RTU_Slave\Core\Inc\stm32f1xx_it.h
2022-11-07 22:14:14,443 [INFO] CodeEngine:245 - oldGeneratedFile, D:\github\mc\stm32\RS-485_Modbus_RTU_Slave_2\RS-485_Modbus_RTU_Slave\Core\Src\stm32f1xx_hal_msp.c_save
2022-11-07 22:14:14,641 [INFO] CodeEngine:269 - Generated code: D:\github\mc\stm32\RS-485_Modbus_RTU_Slave_2\RS-485_Modbus_RTU_Slave\Core\Src\stm32f1xx_hal_msp.c
2022-11-07 22:14:14,646 [INFO] CodeEngine:245 - oldGeneratedFile, D:\github\mc\stm32\RS-485_Modbus_RTU_Slave_2\RS-485_Modbus_RTU_Slave\MXTmpFiles\system.tmp_save
2022-11-07 22:14:14,765 [INFO] CodeEngine:269 - Generated code: D:\github\mc\stm32\RS-485_Modbus_RTU_Slave_2\RS-485_Modbus_RTU_Slave\MXTmpFiles\system.tmp
2022-11-07 22:14:14,797 [INFO] CodeEngine:245 - oldGeneratedFile, D:\github\mc\stm32\RS-485_Modbus_RTU_Slave_2\RS-485_Modbus_RTU_Slave\Core\Inc\stm32f1xx_hal_conf.h_save
2022-11-07 22:14:15,174 [INFO] CodeEngine:269 - Generated code: D:\github\mc\stm32\RS-485_Modbus_RTU_Slave_2\RS-485_Modbus_RTU_Slave\Core\Inc\stm32f1xx_hal_conf.h
2022-11-07 22:14:15,269 [INFO] CodeEngine:245 - oldGeneratedFile, D:\github\mc\stm32\RS-485_Modbus_RTU_Slave_2\RS-485_Modbus_RTU_Slave\Core\Inc\main.h_save
2022-11-07 22:14:15,482 [INFO] CodeEngine:269 - Generated code: D:\github\mc\stm32\RS-485_Modbus_RTU_Slave_2\RS-485_Modbus_RTU_Slave\Core\Inc\main.h
2022-11-07 22:14:15,523 [INFO] CodeEngine:245 - oldGeneratedFile, D:\github\mc\stm32\RS-485_Modbus_RTU_Slave_2\RS-485_Modbus_RTU_Slave\Core\Src\main.c_save
2022-11-07 22:14:15,744 [INFO] CodeEngine:269 - Generated code: D:\github\mc\stm32\RS-485_Modbus_RTU_Slave_2\RS-485_Modbus_RTU_Slave\Core\Src\main.c
2022-11-07 22:14:18,391 [INFO] ProjectBuilder:2919 - Time for Copy HAL[1] : 1903mS.
2022-11-07 22:14:18,458 [INFO] ProjectBuilder:4117 - Project Generator version: 3.17.1
2022-11-07 22:14:18,997 [INFO] ConfigFileManager:1394 - The Die is : DIE410
2022-11-07 22:14:19,211 [INFO] ApiDbMcu:505 - Load IP Config File for FATFS
2022-11-07 22:14:19,998 [INFO] ApiDbMcu:505 - Load IP Config File for FREERTOS
2022-11-07 22:14:20,377 [INFO] ApiDbMcu:505 - Load IP Config File for USB_DEVICE
2022-11-07 22:14:29,034 [INFO] ProjectBuilder:4285 - Time for Generating toolchain IDE Files: 10577mS.
2022-11-07 22:14:29,035 [INFO] ProjectBuilder:2790 - Time for Copy CMSIS : 1mS.
2022-11-07 22:14:29,036 [INFO] ProjectBuilder:2790 - Time for Copy CMSIS : 0mS.
2022-11-07 22:14:30,270 [INFO] McuFinderGlobals:57 - Set McuFinderConnectedMode to true
2022-11-07 22:14:30,273 [INFO] ApiDb:443 - Save user favorites file C:\Users\Zver/.stm32cubeide/favorites.mcus.txt: 1 item(s)
2022-11-07 22:14:30,273 [INFO] ApiDb:447 - User favorites MCUs=[STM32F103C8T6]
2022-11-07 22:34:18,617 [INFO] UtilMem:74 - End SaveConfig() Used Memory: 486178072 Bytes (808452096)
2022-11-07 22:34:20,111 [INFO] UtilMem:74 - End SaveConfig() Used Memory: 507206976 Bytes (808452096)
2022-11-07 22:34:22,666 [INFO] UtilMem:74 - End SaveConfig() Used Memory: 591654160 Bytes (808452096)
2022-11-07 22:34:22,996 [INFO] BlockDiagram:2753 - set Specific Code input for plugin: NVIC
2022-11-07 22:34:22,997 [INFO] BlockDiagram:2753 - set Specific Code input for plugin: USART
2022-11-07 22:34:22,997 [INFO] BlockDiagram:2753 - set Specific Code input for plugin: SYS
2022-11-07 22:34:22,997 [INFO] BlockDiagram:2753 - set Specific Code input for plugin: GPIO
2022-11-07 22:34:22,997 [INFO] BlockDiagram:2753 - set Specific Code input for plugin: RCC
2022-11-07 22:34:22,998 [INFO] CodeGenerator:690 - code generatio: config db path: C:\ST\STM32CubeIDE_1.9.0\STM32CubeIDE\plugins\com.st.stm32cube.common.mx_6.6.1.202207061420\\db\
2022-11-07 22:34:23,124 [INFO] CodeEngine:245 - oldGeneratedFile, D:\github\mc\stm32\RS-485_Modbus_RTU_Slave_2\RS-485_Modbus_RTU_Slave\MXTmpFiles\license.tmp_save
2022-11-07 22:34:23,230 [INFO] CodeEngine:269 - Generated code: D:\github\mc\stm32\RS-485_Modbus_RTU_Slave_2\RS-485_Modbus_RTU_Slave\MXTmpFiles\license.tmp
2022-11-07 22:34:23,261 [INFO] CodeEngine:245 - oldGeneratedFile, D:\github\mc\stm32\RS-485_Modbus_RTU_Slave_2\RS-485_Modbus_RTU_Slave\MXTmpFiles\gpio.tmp_save
2022-11-07 22:34:23,381 [INFO] CodeEngine:269 - Generated code: D:\github\mc\stm32\RS-485_Modbus_RTU_Slave_2\RS-485_Modbus_RTU_Slave\MXTmpFiles\gpio.tmp
2022-11-07 22:34:23,436 [INFO] CodeEngine:245 - oldGeneratedFile, D:\github\mc\stm32\RS-485_Modbus_RTU_Slave_2\RS-485_Modbus_RTU_Slave\Core\Src\stm32f1xx_it.c_save
2022-11-07 22:34:23,598 [INFO] CodeEngine:269 - Generated code: D:\github\mc\stm32\RS-485_Modbus_RTU_Slave_2\RS-485_Modbus_RTU_Slave\Core\Src\stm32f1xx_it.c
2022-11-07 22:34:23,717 [INFO] CodeEngine:245 - oldGeneratedFile, D:\github\mc\stm32\RS-485_Modbus_RTU_Slave_2\RS-485_Modbus_RTU_Slave\Core\Inc\stm32f1xx_it.h_save
2022-11-07 22:34:23,804 [INFO] CodeEngine:269 - Generated code: D:\github\mc\stm32\RS-485_Modbus_RTU_Slave_2\RS-485_Modbus_RTU_Slave\Core\Inc\stm32f1xx_it.h
2022-11-07 22:34:23,845 [INFO] CodeEngine:245 - oldGeneratedFile, D:\github\mc\stm32\RS-485_Modbus_RTU_Slave_2\RS-485_Modbus_RTU_Slave\Core\Src\stm32f1xx_hal_msp.c_save
2022-11-07 22:34:24,062 [INFO] CodeEngine:269 - Generated code: D:\github\mc\stm32\RS-485_Modbus_RTU_Slave_2\RS-485_Modbus_RTU_Slave\Core\Src\stm32f1xx_hal_msp.c
2022-11-07 22:34:24,065 [INFO] CodeEngine:245 - oldGeneratedFile, D:\github\mc\stm32\RS-485_Modbus_RTU_Slave_2\RS-485_Modbus_RTU_Slave\MXTmpFiles\system.tmp_save
2022-11-07 22:34:24,118 [INFO] CodeEngine:269 - Generated code: D:\github\mc\stm32\RS-485_Modbus_RTU_Slave_2\RS-485_Modbus_RTU_Slave\MXTmpFiles\system.tmp
2022-11-07 22:34:24,138 [INFO] CodeEngine:245 - oldGeneratedFile, D:\github\mc\stm32\RS-485_Modbus_RTU_Slave_2\RS-485_Modbus_RTU_Slave\Core\Inc\stm32f1xx_hal_conf.h_save
2022-11-07 22:34:24,280 [INFO] CodeEngine:269 - Generated code: D:\github\mc\stm32\RS-485_Modbus_RTU_Slave_2\RS-485_Modbus_RTU_Slave\Core\Inc\stm32f1xx_hal_conf.h
2022-11-07 22:34:24,344 [INFO] CodeEngine:245 - oldGeneratedFile, D:\github\mc\stm32\RS-485_Modbus_RTU_Slave_2\RS-485_Modbus_RTU_Slave\Core\Inc\main.h_save
2022-11-07 22:34:24,429 [INFO] CodeEngine:269 - Generated code: D:\github\mc\stm32\RS-485_Modbus_RTU_Slave_2\RS-485_Modbus_RTU_Slave\Core\Inc\main.h
2022-11-07 22:34:24,465 [INFO] CodeEngine:245 - oldGeneratedFile, D:\github\mc\stm32\RS-485_Modbus_RTU_Slave_2\RS-485_Modbus_RTU_Slave\Core\Src\main.c_save
2022-11-07 22:34:24,676 [INFO] CodeEngine:269 - Generated code: D:\github\mc\stm32\RS-485_Modbus_RTU_Slave_2\RS-485_Modbus_RTU_Slave\Core\Src\main.c
2022-11-07 22:34:25,437 [INFO] ProjectBuilder:2919 - Time for Copy HAL[1] : 202mS.
2022-11-07 22:34:25,440 [INFO] ProjectBuilder:4117 - Project Generator version: 3.17.1
2022-11-07 22:34:25,703 [INFO] ConfigFileManager:1394 - The Die is : DIE410
2022-11-07 22:34:27,014 [INFO] ProjectBuilder:4285 - Time for Generating toolchain IDE Files: 1574mS.
2022-11-07 22:34:27,015 [INFO] ProjectBuilder:2790 - Time for Copy CMSIS : 1mS.
2022-11-07 22:34:27,016 [INFO] ProjectBuilder:2790 - Time for Copy CMSIS : 0mS.
2022-11-07 23:36:50,038 [ERROR] LogOutputStream:74 - [STDERR_REDIRECT] 
