2022-10-31 14:30:38,674 [INFO] Activator:177 - 


2022-10-31 14:30:38,675 [INFO] Activator:178 - !SESSION log4j initialized
2022-10-31 14:30:41,425 [INFO] McuFinderGlobals:44 - Set McuFinder mode to 2 (CubeIDE integrated)
2022-10-31 14:30:43,106 [INFO] ApplicationProperties:181 - Using Application install path: C:\ST\STM32CubeIDE_1.9.0\STM32CubeIDE\plugins\com.st.stm32cube.common.mx_6.6.1.202207061420
2022-10-31 14:30:43,127 [INFO] DbMcusXml:77 - Set database path to: C:\ST\STM32CubeIDE_1.9.0\STM32CubeIDE\plugins\com.st.stm32cube.common.mx_6.6.1.202207061420\\db\/mcu/
2022-10-31 14:30:43,128 [INFO] ApiDb:269 - Set plugin database path to: C:\ST\STM32CubeIDE_1.9.0\STM32CubeIDE\plugins\com.st.stm32cube.common.mx_6.6.1.202207061420\\db\/plugins/boardmanager/
2022-10-31 14:30:43,131 [WARN] ApiDb:254 - Overriding images path with different value:  => C:\ST\STM32CubeIDE_1.9.0\STM32CubeIDE\plugins\com.st.stm32cube.common.mx_6.6.1.202207061420\\db\/plugins/mcufinder/images/
2022-10-31 14:30:43,153 [INFO] ApiDb:249 - Set database path to: C:\Users\Zver\.stmcufinder\plugins\mcufinder//mcu/
2022-10-31 14:30:43,155 [INFO] DbMcusAds:124 - Set database path to: C:\Users\Zver\.stmcufinder\plugins\mcufinder//mcu/
2022-10-31 14:30:43,158 [INFO] CrossReferenceDbSqlite:201 - Set database path to: C:\Users\Zver\.stmcufinder\plugins\mcufinder//mcu/cs/
2022-10-31 14:30:43,290 [INFO] RulesReader:61 - Compatibility file has been processed (282 Rules)
2022-10-31 14:30:43,445 [INFO] DbMcusXml:77 - Set database path to: C:\ST\STM32CubeIDE_1.9.0\STM32CubeIDE\plugins\com.st.stm32cube.common.mx_6.6.1.202207061420\\db\/mcu/
2022-10-31 14:30:43,445 [INFO] ApiDb:269 - Set plugin database path to: C:\ST\STM32CubeIDE_1.9.0\STM32CubeIDE\plugins\com.st.stm32cube.common.mx_6.6.1.202207061420\\db\/plugins/boardmanager/
2022-10-31 14:30:43,445 [INFO] ApiDb:256 - Set plugin images path to: C:\ST\STM32CubeIDE_1.9.0\STM32CubeIDE\plugins\com.st.stm32cube.common.mx_6.6.1.202207061420\\db\/plugins/mcufinder/images/
2022-10-31 14:30:43,446 [WARN] DbFile:40 - Overriding database path with different value: C:\Users\Zver\.stmcufinder\plugins\mcufinder/ => C:\Users\Zver\.stmcufinder\plugins\mcufinder
2022-10-31 14:30:43,446 [INFO] ApiDb:249 - Set database path to: C:\Users\Zver\.stmcufinder\plugins\mcufinder//mcu/
2022-10-31 14:30:43,446 [WARN] DbFile:40 - Overriding database path with different value: C:\Users\Zver\.stmcufinder\plugins\mcufinder/ => C:\Users\Zver\.stmcufinder\plugins\mcufinder
2022-10-31 14:30:43,446 [INFO] DbMcusAds:124 - Set database path to: C:\Users\Zver\.stmcufinder\plugins\mcufinder//mcu/
2022-10-31 14:30:43,447 [WARN] DbFile:40 - Overriding database path with different value: C:\Users\Zver\.stmcufinder\plugins\mcufinder/ => C:\Users\Zver\.stmcufinder\plugins\mcufinder
2022-10-31 14:30:43,447 [WARN] DbFile:40 - Overriding database path with different value: C:\Users\Zver\.stmcufinder\plugins\mcufinder/ => C:\Users\Zver\.stmcufinder\plugins\mcufinder
2022-10-31 14:30:43,447 [INFO] CrossReferenceDbSqlite:201 - Set database path to: C:\Users\Zver\.stmcufinder\plugins\mcufinder//mcu/cs/
2022-10-31 14:30:43,565 [INFO] MainPanel:242 - HeapMemory: 268435456
2022-10-31 14:30:43,676 [INFO] DbMcusXml:77 - Set database path to: C:\ST\STM32CubeIDE_1.9.0\STM32CubeIDE\plugins\com.st.stm32cube.common.mx_6.6.1.202207061420\\db\/mcu/
2022-10-31 14:30:43,677 [INFO] ApiDb:269 - Set plugin database path to: C:\ST\STM32CubeIDE_1.9.0\STM32CubeIDE\plugins\com.st.stm32cube.common.mx_6.6.1.202207061420\\db\/plugins/boardmanager/
2022-10-31 14:30:43,677 [INFO] ApiDb:256 - Set plugin images path to: C:\ST\STM32CubeIDE_1.9.0\STM32CubeIDE\plugins\com.st.stm32cube.common.mx_6.6.1.202207061420\\db\/plugins/mcufinder/images/
2022-10-31 14:30:43,677 [WARN] DbFile:40 - Overriding database path with different value: C:\Users\Zver\.stmcufinder\plugins\mcufinder/ => C:\Users\Zver\.stmcufinder\plugins\mcufinder
2022-10-31 14:30:43,677 [INFO] ApiDb:249 - Set database path to: C:\Users\Zver\.stmcufinder\plugins\mcufinder//mcu/
2022-10-31 14:30:43,678 [WARN] DbFile:40 - Overriding database path with different value: C:\Users\Zver\.stmcufinder\plugins\mcufinder/ => C:\Users\Zver\.stmcufinder\plugins\mcufinder
2022-10-31 14:30:43,678 [INFO] DbMcusAds:124 - Set database path to: C:\Users\Zver\.stmcufinder\plugins\mcufinder//mcu/
2022-10-31 14:30:43,678 [WARN] DbFile:40 - Overriding database path with different value: C:\Users\Zver\.stmcufinder\plugins\mcufinder/ => C:\Users\Zver\.stmcufinder\plugins\mcufinder
2022-10-31 14:30:43,678 [WARN] DbFile:40 - Overriding database path with different value: C:\Users\Zver\.stmcufinder\plugins\mcufinder/ => C:\Users\Zver\.stmcufinder\plugins\mcufinder
2022-10-31 14:30:43,678 [INFO] CrossReferenceDbSqlite:201 - Set database path to: C:\Users\Zver\.stmcufinder\plugins\mcufinder//mcu/cs/
2022-10-31 14:30:43,706 [INFO] ApplicationProperties:181 - Using Application install path: C:\ST\STM32CubeIDE_1.9.0\STM32CubeIDE\plugins\com.st.stm32cube.common.mx_6.6.1.202207061420
2022-10-31 14:30:43,707 [INFO] PluginManage:193 - Search for loadable plugins [exclusion list=, ]
2022-10-31 14:30:43,709 [INFO] PluginManage:307 - Check plugin analytics
2022-10-31 14:30:43,868 [INFO] AnalyticsPlugin:262 - Accepted Software Licenses: 
2022-10-31 14:30:43,869 [INFO] AnalyticsPlugin:264 - Accepted CMSIS Pack Licenses: 
2022-10-31 14:30:43,869 [INFO] AnalyticsPlugin:266 - Accepted Firmware Licenses: 
2022-10-31 14:30:43,879 [INFO] PluginManage:356 - Loaded plugin analytics (category:tool,tabindex:-1)
2022-10-31 14:30:43,879 [INFO] PluginManage:307 - Check plugin cadmodel
2022-10-31 14:30:43,884 [INFO] CADModel:65 - Init CAD model plugin
2022-10-31 14:30:43,884 [INFO] PluginManage:356 - Loaded plugin cadmodel (category:power,tabindex:5)
2022-10-31 14:30:43,885 [INFO] PluginManage:307 - Check plugin clock
2022-10-31 14:30:43,895 [INFO] PluginManage:356 - Loaded plugin clock (category:base,tabindex:2)
2022-10-31 14:30:43,895 [INFO] PluginManage:307 - Check plugin ddr
2022-10-31 14:30:43,900 [INFO] PluginManage:356 - Loaded plugin ddr (category:tool,tabindex:6)
2022-10-31 14:30:43,900 [INFO] PluginManage:307 - Check plugin filemanager
2022-10-31 14:30:44,065 [INFO] PluginManage:356 - Loaded plugin filemanager (category:base,tabindex:10)
2022-10-31 14:30:44,065 [INFO] PluginManage:307 - Check plugin ipmanager
2022-10-31 14:30:44,095 [INFO] PluginManage:356 - Loaded plugin ipmanager (category:base,tabindex:5)
2022-10-31 14:30:44,096 [INFO] PluginManage:307 - Check plugin lpbam
2022-10-31 14:30:44,109 [INFO] PluginManage:356 - Loaded plugin lpbam (category:base,tabindex:0)
2022-10-31 14:30:44,110 [INFO] PluginManage:307 - Check plugin pinoutandconfiguration
2022-10-31 14:30:44,119 [INFO] PluginManage:356 - Loaded plugin pinoutandconfiguration (category:base,tabindex:1)
2022-10-31 14:30:44,119 [INFO] PluginManage:307 - Check plugin pinoutconfig
2022-10-31 14:30:44,157 [INFO] PluginManage:356 - Loaded plugin pinoutconfig (category:base,tabindex:0)
2022-10-31 14:30:44,157 [INFO] PluginManage:307 - Check plugin power
2022-10-31 14:30:44,166 [INFO] PluginManage:356 - Loaded plugin power (category:power,tabindex:4)
2022-10-31 14:30:44,167 [INFO] PluginManage:307 - Check plugin projectmanager
2022-10-31 14:30:44,181 [INFO] PluginManage:356 - Loaded plugin projectmanager (category:projectmanager,tabindex:3)
2022-10-31 14:30:44,181 [INFO] PluginManage:307 - Check plugin thirdparty
2022-10-31 14:30:44,328 [WARN] IntegrityCheckThread:82 - waiting for thirdparty lock release [integrity check]
2022-10-31 14:30:44,328 [INFO] PluginManage:356 - Loaded plugin thirdparty (category:base,tabindex:-1)
2022-10-31 14:30:44,328 [INFO] IntegrityCheckThread:84 - entering critical section [integrity check]
2022-10-31 14:30:44,329 [INFO] PluginManage:307 - Check plugin tools
2022-10-31 14:30:44,331 [INFO] ThirdPartyUpdaterWithRetryManager:70 - Updater plugin not ready yet. [1/15]
2022-10-31 14:30:44,333 [INFO] PluginManage:356 - Loaded plugin tools (category:base,tabindex:7)
2022-10-31 14:30:44,333 [INFO] PluginManage:307 - Check plugin tutovideos
2022-10-31 14:30:44,528 [INFO] PluginManage:356 - Loaded plugin tutovideos (category:base,tabindex:-1)
2022-10-31 14:30:44,529 [INFO] PluginManage:307 - Check plugin updater
2022-10-31 14:30:44,542 [INFO] PluginManage:356 - Loaded plugin updater (category:base,tabindex:12)
2022-10-31 14:30:44,544 [INFO] PluginManage:280 - PluginManage : Loaded plugins [15]
2022-10-31 14:30:45,031 [INFO] PinOutPanel:1468 - setPackage(No Configuration,No Configuration)
2022-10-31 14:30:45,134 [INFO] CADModel:98 - CPN selected for project level
2022-10-31 14:30:45,149 [INFO] IPUIPlugin:79 - create IPUIPlugin
2022-10-31 14:30:45,150 [INFO] PluginManager:217 - loadIPPluginJar : add adc
2022-10-31 14:30:45,151 [INFO] IPUIPlugin:79 - create IPUIPlugin
2022-10-31 14:30:45,152 [INFO] PluginManager:217 - loadIPPluginJar : add aes
2022-10-31 14:30:45,154 [INFO] IPUIPlugin:79 - create IPUIPlugin
2022-10-31 14:30:45,154 [INFO] PluginManager:217 - loadIPPluginJar : add can
2022-10-31 14:30:45,157 [INFO] IPUIPlugin:79 - create IPUIPlugin
2022-10-31 14:30:45,157 [INFO] PluginManager:217 - loadIPPluginJar : add comp
2022-10-31 14:30:45,159 [INFO] IPUIPlugin:79 - create IPUIPlugin
2022-10-31 14:30:45,160 [INFO] PluginManager:217 - loadIPPluginJar : add cryp
2022-10-31 14:30:45,160 [INFO] IPUIPlugin:79 - create IPUIPlugin
2022-10-31 14:30:45,161 [INFO] PluginManager:217 - loadIPPluginJar : add dfsdm
2022-10-31 14:30:45,167 [INFO] IPUIPlugin:79 - create IPUIPlugin
2022-10-31 14:30:45,167 [INFO] PluginManager:217 - loadIPPluginJar : add dma
2022-10-31 14:30:45,170 [INFO] IPUIPlugin:79 - create IPUIPlugin
2022-10-31 14:30:45,170 [INFO] PluginManager:217 - loadIPPluginJar : add dma3
2022-10-31 14:30:45,171 [INFO] IPUIPlugin:79 - create IPUIPlugin
2022-10-31 14:30:45,172 [INFO] PluginManager:217 - loadIPPluginJar : add fatfs
2022-10-31 14:30:45,175 [INFO] IPUIPlugin:79 - create IPUIPlugin
2022-10-31 14:30:45,175 [INFO] PluginManager:217 - loadIPPluginJar : add fmc
2022-10-31 14:30:45,181 [INFO] IPUIPlugin:79 - create IPUIPlugin
2022-10-31 14:30:45,181 [INFO] PluginManager:217 - loadIPPluginJar : add freertos
2022-10-31 14:30:45,183 [INFO] IPUIPlugin:79 - create IPUIPlugin
2022-10-31 14:30:45,183 [INFO] PluginManager:217 - loadIPPluginJar : add genericplugin
2022-10-31 14:30:45,185 [INFO] IPUIPlugin:79 - create IPUIPlugin
2022-10-31 14:30:45,185 [INFO] PluginManager:217 - loadIPPluginJar : add gfxmmu
2022-10-31 14:30:45,190 [INFO] IPUIPlugin:79 - create IPUIPlugin
2022-10-31 14:30:45,190 [INFO] PluginManager:217 - loadIPPluginJar : add gic
2022-10-31 14:30:45,194 [INFO] IPUIPlugin:79 - create IPUIPlugin
2022-10-31 14:30:45,194 [INFO] PluginManager:217 - loadIPPluginJar : add gpio
2022-10-31 14:30:45,197 [INFO] IPUIPlugin:79 - create IPUIPlugin
2022-10-31 14:30:45,197 [INFO] PluginManager:217 - loadIPPluginJar : add gtzc
2022-10-31 14:30:45,200 [INFO] IPUIPlugin:79 - create IPUIPlugin
2022-10-31 14:30:45,200 [INFO] PluginManager:217 - loadIPPluginJar : add hash
2022-10-31 14:30:45,203 [INFO] IPUIPlugin:79 - create IPUIPlugin
2022-10-31 14:30:45,203 [INFO] PluginManager:217 - loadIPPluginJar : add i2c
2022-10-31 14:30:45,205 [INFO] IPUIPlugin:79 - create IPUIPlugin
2022-10-31 14:30:45,206 [INFO] PluginManager:217 - loadIPPluginJar : add i2s
2022-10-31 14:30:45,209 [INFO] IPUIPlugin:79 - create IPUIPlugin
2022-10-31 14:30:45,210 [INFO] PluginManager:217 - loadIPPluginJar : add ipddr
2022-10-31 14:30:45,216 [INFO] IPUIPlugin:79 - create IPUIPlugin
2022-10-31 14:30:45,216 [INFO] PluginManager:217 - loadIPPluginJar : add linkedlist
2022-10-31 14:30:45,218 [INFO] IPUIPlugin:79 - create IPUIPlugin
2022-10-31 14:30:45,219 [INFO] PluginManager:217 - loadIPPluginJar : add lorawan
2022-10-31 14:30:45,220 [INFO] IPUIPlugin:79 - create IPUIPlugin
2022-10-31 14:30:45,220 [INFO] PluginManager:217 - loadIPPluginJar : add ltdc
2022-10-31 14:30:45,225 [INFO] IPUIPlugin:79 - create IPUIPlugin
2022-10-31 14:30:45,225 [INFO] PluginManager:217 - loadIPPluginJar : add mdma
2022-10-31 14:30:45,228 [INFO] IPUIPlugin:79 - create IPUIPlugin
2022-10-31 14:30:45,228 [INFO] PluginManager:217 - loadIPPluginJar : add nvic
2022-10-31 14:30:45,230 [INFO] IPUIPlugin:79 - create IPUIPlugin
2022-10-31 14:30:45,230 [INFO] PluginManager:217 - loadIPPluginJar : add opamp
2022-10-31 14:30:45,233 [INFO] IPUIPlugin:79 - create IPUIPlugin
2022-10-31 14:30:45,233 [INFO] PluginManager:217 - loadIPPluginJar : add openamp
2022-10-31 14:30:45,236 [INFO] IPUIPlugin:79 - create IPUIPlugin
2022-10-31 14:30:45,236 [INFO] PluginManager:217 - loadIPPluginJar : add pdm2pcm
2022-10-31 14:30:45,243 [INFO] IPUIPlugin:79 - create IPUIPlugin
2022-10-31 14:30:45,246 [INFO] PluginManager:217 - loadIPPluginJar : add plateformsettings
2022-10-31 14:30:45,248 [INFO] IPUIPlugin:79 - create IPUIPlugin
2022-10-31 14:30:45,248 [INFO] PluginManager:217 - loadIPPluginJar : add quadspi
2022-10-31 14:30:45,252 [INFO] IPUIPlugin:79 - create IPUIPlugin
2022-10-31 14:30:45,252 [INFO] PluginManager:217 - loadIPPluginJar : add resmgrutility
2022-10-31 14:30:45,256 [INFO] IPUIPlugin:79 - create IPUIPlugin
2022-10-31 14:30:45,256 [INFO] PluginManager:217 - loadIPPluginJar : add sai
2022-10-31 14:30:45,258 [INFO] IPUIPlugin:79 - create IPUIPlugin
2022-10-31 14:30:45,258 [INFO] PluginManager:217 - loadIPPluginJar : add spi
2022-10-31 14:30:45,263 [INFO] IPUIPlugin:79 - create IPUIPlugin
2022-10-31 14:30:45,263 [INFO] PluginManager:217 - loadIPPluginJar : add stm32_wpan
2022-10-31 14:30:45,265 [INFO] IPUIPlugin:79 - create IPUIPlugin
2022-10-31 14:30:45,265 [INFO] PluginManager:217 - loadIPPluginJar : add tim
2022-10-31 14:30:45,269 [INFO] IPUIPlugin:79 - create IPUIPlugin
2022-10-31 14:30:45,269 [INFO] PluginManager:217 - loadIPPluginJar : add touchsensing
2022-10-31 14:30:45,271 [INFO] IPUIPlugin:79 - create IPUIPlugin
2022-10-31 14:30:45,271 [INFO] PluginManager:217 - loadIPPluginJar : add tracer_emb
2022-10-31 14:30:45,274 [INFO] IPUIPlugin:79 - create IPUIPlugin
2022-10-31 14:30:45,275 [INFO] PluginManager:217 - loadIPPluginJar : add ts
2022-10-31 14:30:45,277 [INFO] IPUIPlugin:79 - create IPUIPlugin
2022-10-31 14:30:45,277 [INFO] PluginManager:217 - loadIPPluginJar : add tsc
2022-10-31 14:30:45,279 [INFO] IPUIPlugin:79 - create IPUIPlugin
2022-10-31 14:30:45,279 [INFO] PluginManager:217 - loadIPPluginJar : add ucpd
2022-10-31 14:30:45,282 [INFO] IPUIPlugin:79 - create IPUIPlugin
2022-10-31 14:30:45,282 [INFO] PluginManager:217 - loadIPPluginJar : add usart
2022-10-31 14:30:45,287 [INFO] IPUIPlugin:79 - create IPUIPlugin
2022-10-31 14:30:45,287 [INFO] PluginManager:217 - loadIPPluginJar : add usbx
2022-10-31 14:30:45,638 [FATAL] Updater:301 - Updater called before beeing initialized
2022-10-31 14:30:45,820 [FATAL] Updater:301 - Updater called before beeing initialized
2022-10-31 14:30:45,830 [INFO] DbMcusAds:52 - JSON generation date=Thu Sep 30 09:56:37 MSK 2021 (1632984997303)
2022-10-31 14:30:45,831 [FATAL] Updater:301 - Updater called before beeing initialized
2022-10-31 14:30:45,931 [WARN] DetailPanel:344 - Failed to get advertising image, set to default
2022-10-31 14:30:46,070 [FATAL] Updater:301 - Updater called before beeing initialized
2022-10-31 14:30:46,075 [FATAL] Updater:301 - Updater called before beeing initialized
2022-10-31 14:30:46,075 [FATAL] Updater:301 - Updater called before beeing initialized
2022-10-31 14:30:46,075 [WARN] DetailPanel:344 - Failed to get advertising image, set to default
2022-10-31 14:30:46,076 [FATAL] Updater:301 - Updater called before beeing initialized
2022-10-31 14:30:46,141 [ERROR] Updater:1105 - MainUpdater not yet initialized. External WinMGr cannot be set.
2022-10-31 14:30:46,145 [INFO] Updater:1041 - Updater Version found : 6.6.1
2022-10-31 14:30:46,170 [INFO] ApplicationProperties:181 - Using Application install path: C:\ST\STM32CubeIDE_1.9.0\STM32CubeIDE\plugins\com.st.stm32cube.common.mx_6.6.1.202207061420
2022-10-31 14:30:46,373 [INFO] MainUpdater:2768 - connection check result : 10
2022-10-31 14:30:46,374 [INFO] MainUpdater:280 - Updater Check For Update Now.
2022-10-31 14:30:46,374 [INFO] MicroXplorer:481 - Change Database Version : DB.6.0.60
2022-10-31 14:30:46,535 [INFO] CheckServerUpdateThread:119 - End of CheckServer Thread
2022-10-31 14:30:46,588 [INFO] MainUpdater:2768 - connection check result : 10
2022-10-31 14:30:46,622 [INFO] McuFinderGlobals:57 - Set McuFinderConnectedMode to true
2022-10-31 14:30:46,880 [INFO] ServerAccessManage:474 - Download File mcusAds.json._tmp_
2022-10-31 14:30:46,998 [INFO] LoadUrlFilesThread:150 - End of LoadUrlFiles Thread
2022-10-31 14:30:47,033 [INFO] ServerAccessManage:474 - Download File cube-finder-db.zip
2022-10-31 14:30:47,331 [WARN] MainUpdater:1184 - Updater busy. Cannot search thirdparties
2022-10-31 14:30:47,331 [INFO] ThirdPartyUpdaterWithRetryManager:96 - Updater plugin is busy. [1/15]
2022-10-31 14:30:50,332 [WARN] MainUpdater:1184 - Updater busy. Cannot search thirdparties
2022-10-31 14:30:50,332 [INFO] ThirdPartyUpdaterWithRetryManager:96 - Updater plugin is busy. [2/15]
2022-10-31 14:30:50,556 [INFO] FileExtend:239 - Unzip File : cube-finder-db.zip
2022-10-31 14:30:50,556 [INFO] FileExtend:254 - Standard Zip Deflate
2022-10-31 14:30:51,136 [INFO] LoadUrlFilesThread:150 - End of LoadUrlFiles Thread
2022-10-31 14:30:51,534 [INFO] ServerAccessManage:474 - Download File crdb.zip
2022-10-31 14:30:51,908 [INFO] FileExtend:239 - Unzip File : crdb.zip
2022-10-31 14:30:51,909 [INFO] FileExtend:254 - Standard Zip Deflate
2022-10-31 14:30:52,035 [INFO] LoadUrlFilesThread:150 - End of LoadUrlFiles Thread
2022-10-31 14:30:52,089 [INFO] ServerAccessManage:474 - Download File tutoVideoDB.zip
2022-10-31 14:30:52,090 [ERROR] LogOutputStream:74 - [STDERR_REDIRECT] Exception in thread "AWT-EventQueue-0" java.lang.NullPointerException
2022-10-31 14:30:52,092 [ERROR] LogOutputStream:74 - [STDERR_REDIRECT] 	at java.desktop/javax.swing.plaf.basic.BasicProgressBarUI.getGenericBox(BasicProgressBarUI.java:567)
2022-10-31 14:30:52,095 [ERROR] LogOutputStream:74 - [STDERR_REDIRECT] 	at java.desktop/javax.swing.plaf.basic.BasicProgressBarUI.getBox(BasicProgressBarUI.java:497)
2022-10-31 14:30:52,098 [ERROR] LogOutputStream:74 - [STDERR_REDIRECT] 	at java.desktop/javax.swing.plaf.basic.BasicProgressBarUI.setAnimationIndex(BasicProgressBarUI.java:1015)
2022-10-31 14:30:52,101 [ERROR] LogOutputStream:74 - [STDERR_REDIRECT] 	at java.desktop/javax.swing.plaf.basic.BasicProgressBarUI.incrementAnimationIndex(BasicProgressBarUI.java:1073)
2022-10-31 14:30:52,104 [ERROR] LogOutputStream:74 - [STDERR_REDIRECT] 	at java.desktop/javax.swing.plaf.basic.BasicProgressBarUI$Animator.actionPerformed(BasicProgressBarUI.java:1281)
2022-10-31 14:30:52,106 [ERROR] LogOutputStream:74 - [STDERR_REDIRECT] 	at java.desktop/javax.swing.Timer.fireActionPerformed(Timer.java:317)
2022-10-31 14:30:52,107 [ERROR] LogOutputStream:74 - [STDERR_REDIRECT] 	at java.desktop/javax.swing.Timer$DoPostEvent.run(Timer.java:249)
2022-10-31 14:30:52,108 [ERROR] LogOutputStream:74 - [STDERR_REDIRECT] 	at java.desktop/java.awt.event.InvocationEvent.dispatch(InvocationEvent.java:313)
2022-10-31 14:30:52,110 [ERROR] LogOutputStream:74 - [STDERR_REDIRECT] 	at java.desktop/java.awt.EventQueue.dispatchEventImpl(EventQueue.java:770)
2022-10-31 14:30:52,110 [INFO] FileExtend:239 - Unzip File : tutoVideoDB.zip
2022-10-31 14:30:52,111 [INFO] FileExtend:254 - Standard Zip Deflate
2022-10-31 14:30:52,112 [ERROR] LogOutputStream:74 - [STDERR_REDIRECT] 	at java.desktop/java.awt.EventQueue$4.run(EventQueue.java:721)
2022-10-31 14:30:52,113 [ERROR] LogOutputStream:74 - [STDERR_REDIRECT] 	at java.desktop/java.awt.EventQueue$4.run(EventQueue.java:715)
2022-10-31 14:30:52,115 [ERROR] LogOutputStream:74 - [STDERR_REDIRECT] 	at java.base/java.security.AccessController.doPrivileged(Native Method)
2022-10-31 14:30:52,117 [ERROR] LogOutputStream:74 - [STDERR_REDIRECT] 	at java.base/java.security.ProtectionDomain$JavaSecurityAccessImpl.doIntersectionPrivilege(ProtectionDomain.java:85)
2022-10-31 14:30:52,118 [ERROR] LogOutputStream:74 - [STDERR_REDIRECT] 	at java.desktop/java.awt.EventQueue.dispatchEvent(EventQueue.java:740)
2022-10-31 14:30:52,120 [ERROR] LogOutputStream:74 - [STDERR_REDIRECT] 	at java.desktop/java.awt.EventDispatchThread.pumpOneEventForFilters(EventDispatchThread.java:203)
2022-10-31 14:30:52,122 [ERROR] LogOutputStream:74 - [STDERR_REDIRECT] 	at java.desktop/java.awt.EventDispatchThread.pumpEventsForFilter(EventDispatchThread.java:124)
2022-10-31 14:30:52,123 [ERROR] LogOutputStream:74 - [STDERR_REDIRECT] 	at java.desktop/java.awt.EventDispatchThread.pumpEventsForFilter(EventDispatchThread.java:117)
2022-10-31 14:30:52,124 [ERROR] LogOutputStream:74 - [STDERR_REDIRECT] 	at java.desktop/java.awt.WaitDispatchSupport$2.run(WaitDispatchSupport.java:190)
2022-10-31 14:30:52,126 [ERROR] LogOutputStream:74 - [STDERR_REDIRECT] 	at java.desktop/java.awt.WaitDispatchSupport$4.run(WaitDispatchSupport.java:235)
2022-10-31 14:30:52,128 [ERROR] LogOutputStream:74 - [STDERR_REDIRECT] 	at java.desktop/java.awt.WaitDispatchSupport$4.run(WaitDispatchSupport.java:233)
2022-10-31 14:30:52,129 [ERROR] LogOutputStream:74 - [STDERR_REDIRECT] 	at java.base/java.security.AccessController.doPrivileged(Native Method)
2022-10-31 14:30:52,130 [ERROR] LogOutputStream:74 - [STDERR_REDIRECT] 	at java.desktop/java.awt.WaitDispatchSupport.enter(WaitDispatchSupport.java:233)
2022-10-31 14:30:52,131 [ERROR] LogOutputStream:74 - [STDERR_REDIRECT] 	at java.desktop/java.awt.Dialog.show(Dialog.java:1070)
2022-10-31 14:30:52,133 [ERROR] LogOutputStream:74 - [STDERR_REDIRECT] 	at com.st.microxplorer.plugins.updater.gui.ProgressBarDialog.startProgressBar(ProgressBarDialog.java:153)
2022-10-31 14:30:52,135 [ERROR] LogOutputStream:74 - [STDERR_REDIRECT] 	at com.st.microxplorer.plugins.updater.engine.MainUpdater.loadUrlFiles(MainUpdater.java:2423)
2022-10-31 14:30:52,137 [ERROR] LogOutputStream:74 - [STDERR_REDIRECT] 	at com.st.microxplorer.plugins.updater.Updater.getSpecificTask(Updater.java:359)
2022-10-31 14:30:52,138 [ERROR] LogOutputStream:74 - [STDERR_REDIRECT] 	at com.st.microxplorer.mcufinder.gui.WebUtils.downloadDbFile(WebUtils.java:611)
2022-10-31 14:30:52,139 [ERROR] LogOutputStream:74 - [STDERR_REDIRECT] 	at com.st.microxplorer.mcufinder.gui.WebUtils.downloadDbFiles(WebUtils.java:802)
2022-10-31 14:30:52,141 [ERROR] LogOutputStream:74 - [STDERR_REDIRECT] 	at com.st.stm32cube.common.mx.targetselector.TargetSelectorAdapter$4.run(TargetSelectorAdapter.java:226)
2022-10-31 14:30:52,143 [ERROR] LogOutputStream:74 - [STDERR_REDIRECT] 	at com.st.stm32cube.common.mx.oss.core.awtswtbridge.AwtEnvironment$2.run(AwtEnvironment.java:166)
2022-10-31 14:30:52,144 [ERROR] LogOutputStream:74 - [STDERR_REDIRECT] 	at java.desktop/java.awt.event.InvocationEvent.dispatch(InvocationEvent.java:313)
2022-10-31 14:30:52,146 [ERROR] LogOutputStream:74 - [STDERR_REDIRECT] 	at java.desktop/java.awt.EventQueue.dispatchEventImpl(EventQueue.java:770)
2022-10-31 14:30:52,147 [ERROR] LogOutputStream:74 - [STDERR_REDIRECT] 	at java.desktop/java.awt.EventQueue$4.run(EventQueue.java:721)
2022-10-31 14:30:52,148 [ERROR] LogOutputStream:74 - [STDERR_REDIRECT] 	at java.desktop/java.awt.EventQueue$4.run(EventQueue.java:715)
2022-10-31 14:30:52,149 [ERROR] LogOutputStream:74 - [STDERR_REDIRECT] 	at java.base/java.security.AccessController.doPrivileged(Native Method)
2022-10-31 14:30:52,151 [ERROR] LogOutputStream:74 - [STDERR_REDIRECT] 	at java.base/java.security.ProtectionDomain$JavaSecurityAccessImpl.doIntersectionPrivilege(ProtectionDomain.java:85)
2022-10-31 14:30:52,152 [ERROR] LogOutputStream:74 - [STDERR_REDIRECT] 	at java.desktop/java.awt.EventQueue.dispatchEvent(EventQueue.java:740)
2022-10-31 14:30:52,154 [ERROR] LogOutputStream:74 - [STDERR_REDIRECT] 	at java.desktop/java.awt.EventDispatchThread.pumpOneEventForFilters(EventDispatchThread.java:203)
2022-10-31 14:30:52,155 [ERROR] LogOutputStream:74 - [STDERR_REDIRECT] 	at java.desktop/java.awt.EventDispatchThread.pumpEventsForFilter(EventDispatchThread.java:124)
2022-10-31 14:30:52,157 [ERROR] LogOutputStream:74 - [STDERR_REDIRECT] 	at java.desktop/java.awt.EventDispatchThread.pumpEventsForHierarchy(EventDispatchThread.java:113)
2022-10-31 14:30:52,158 [ERROR] LogOutputStream:74 - [STDERR_REDIRECT] 	at java.desktop/java.awt.EventDispatchThread.pumpEvents(EventDispatchThread.java:109)
2022-10-31 14:30:52,160 [ERROR] LogOutputStream:74 - [STDERR_REDIRECT] 	at java.desktop/java.awt.EventDispatchThread.pumpEvents(EventDispatchThread.java:101)
2022-10-31 14:30:52,162 [ERROR] LogOutputStream:74 - [STDERR_REDIRECT] 	at java.desktop/java.awt.EventDispatchThread.run(EventDispatchThread.java:90)
2022-10-31 14:30:52,220 [INFO] LoadUrlFilesThread:150 - End of LoadUrlFiles Thread
2022-10-31 14:30:52,232 [INFO] JxBrowserEngine:106 - Initiate JxBrowser Engine with user profile folder
2022-10-31 14:30:52,424 [ERROR] JxBrowserEngine:59 - Can't initiate JxBrowser engine com.teamdev.jxbrowser.engine.ChromiumBinariesExtractionException: Failed to extract Chromium binaries into C:\Users\Zver\.stm32cubemx\.jxbrowser\Chromium
2022-10-31 14:30:52,425 [WARN] DbFile:40 - Overriding database path with different value: C:\Users\Zver\.stmcufinder\plugins\mcufinder/ => C:\Users\Zver\.stmcufinder\plugins\mcufinder
2022-10-31 14:30:52,456 [INFO] ServerAccessManage:474 - Download File api_config.json
2022-10-31 14:30:52,578 [INFO] LoadUrlFilesThread:150 - End of LoadUrlFiles Thread
2022-10-31 14:30:52,579 [INFO] DbMcusAds:52 - JSON generation date=Thu Sep 30 09:56:37 MSK 2021 (1632984997303)
2022-10-31 14:30:52,602 [INFO] LoadUrlFilesThread:177 - End of LoadServerUrlFiles without Thread
2022-10-31 14:30:52,602 [INFO] TargetSelectorAdapter:228 - Refresh data is successful
2022-10-31 14:30:52,770 [INFO] ApiDb:576 - Connected to CubeFinder SQLite database (C:\Users\Zver\.stmcufinder\plugins\mcufinder\mcu\cube-finder-db.db)
2022-10-31 14:30:52,794 [INFO] ApiDb:663 - CubeFinder database Data Model version=2.1
2022-10-31 14:30:52,794 [INFO] ApiDb:664 - CubeFinder database Configuration version=3.0.32
2022-10-31 14:30:52,794 [INFO] ApiDb:665 - CubeFinder database generation date=2022-08-05 (1659688109)
2022-10-31 14:30:52,795 [INFO] ApiDb:666 - CubeFinder database FW Pack versions=[STM32Cube_FW_C0_V1.0.0, STM32Cube_FW_F4_V1.27.1, STM32Cube_FW_F7_V1.17.0, STM32Cube_FW_G0_V1.6.1, STM32Cube_FW_G4_V1.5.0, STM32Cube_FW_H7_V1.10.0, STM32Cube_FW_L5_V1.4.0, STM32Cube_FW_U5_V1.1.1, STM32Cube_FW_WB_V1.14.1, STM32Cube_FW_WL_V1.2.0, X-CUBE-ALGOBUILD_V1.3.0, X-CUBE-ALS_V1.0.1, X-CUBE-AZRTOS-F4_V1.1.0, X-CUBE-AZRTOS-F7_V1.1.0, X-CUBE-AZRTOS-G0_V1.1.0, X-CUBE-AZRTOS-G4_V1.0.0, X-CUBE-AZRTOS-H7_V2.1.0, X-CUBE-AZRTOS-L4_V1.0.0, X-CUBE-AZRTOS-L5_V1.0.0, X-CUBE-AZRTOS-WL_V1.0.0, X-CUBE-BLE1_V6.2.3, X-CUBE-BLE2_V3.3.0, X-CUBE-EEPRMA1_V3.1.1, X-CUBE-GNSS1_V6.0.0, X-CUBE-MEMS1_V9.1.0, X-CUBE-MEMS1_V9.3.0, X-CUBE-NFC4_V2.0.4, X-CUBE-NFC7_V1.0.0, X-CUBE-SFXS2LP1_V4.0.0, X-CUBE-SUBG2_V5.0.0]
2022-10-31 14:30:53,503 [WARN] PackLoader:242 - Cannot read IP mode file for wolfSSL.I-CUBE-wolfSSL.5.2.0
2022-10-31 14:30:53,518 [WARN] PackLoader:242 - Cannot read IP mode file for STMicroelectronics.X-CUBE-GNSS1.6.0.0
2022-10-31 14:30:53,555 [WARN] PackLoader:242 - Cannot read IP mode file for STMicroelectronics.X-CUBE-AZRTOS-F4.1.1.0
2022-10-31 14:30:53,589 [WARN] PackLoader:242 - Cannot read IP mode file for STMicroelectronics.X-CUBE-BLEMGR.1.2.0
2022-10-31 14:30:53,623 [WARN] PackLoader:242 - Cannot read IP mode file for STMicroelectronics.X-CUBE-AZRTOS-F7.1.1.0
2022-10-31 14:30:53,633 [WARN] PackLoader:242 - Cannot read IP mode file for STMicroelectronics.X-CUBE-AI.7.1.0
2022-10-31 14:30:53,639 [WARN] PackLoader:242 - Cannot read IP mode file for STMicroelectronics.X-CUBE-BLE1.6.2.3
2022-10-31 14:30:53,645 [WARN] PackLoader:242 - Cannot read IP mode file for STMicroelectronics.X-CUBE-BLE1.6.2.2
2022-10-31 14:30:53,653 [WARN] PackLoader:242 - Cannot read IP mode file for STMicroelectronics.X-CUBE-NFC4.2.0.4
2022-10-31 14:30:53,661 [WARN] PackLoader:242 - Cannot read IP mode file for STMicroelectronics.X-CUBE-BLE2.3.2.2
2022-10-31 14:30:53,675 [WARN] PackLoader:242 - Cannot read IP mode file for STMicroelectronics.X-CUBE-NFC4.2.0.3
2022-10-31 14:30:53,691 [WARN] PackLoader:242 - Cannot read IP mode file for STMicroelectronics.X-CUBE-TOF1.3.1.0
2022-10-31 14:30:53,711 [WARN] PackLoader:242 - Cannot read IP mode file for STMicroelectronics.X-CUBE-SFXS2LP1.3.1.0
2022-10-31 14:30:53,737 [WARN] PackLoader:242 - Cannot read IP mode file for STMicroelectronics.X-CUBE-AZRTOS-F4.1.0.0
2022-10-31 14:30:53,747 [WARN] PackLoader:242 - Cannot read IP mode file for STMicroelectronics.X-CUBE-NFC7.1.0.0
2022-10-31 14:30:53,761 [WARN] PackLoader:242 - Cannot read IP mode file for STMicroelectronics.X-CUBE-SUBG2.4.2.0
2022-10-31 14:30:53,823 [WARN] PackLoader:242 - Cannot read IP mode file for STMicroelectronics.X-CUBE-MEMS1.9.3.0
2022-10-31 14:30:53,983 [WARN] PackLoader:242 - Cannot read IP mode file for STMicroelectronics.X-CUBE-AI.7.2.0
2022-10-31 14:30:53,999 [WARN] PackLoader:242 - Cannot read IP mode file for STMicroelectronics.X-CUBE-AZRTOS-G0.1.0.0
2022-10-31 14:30:54,010 [WARN] PackLoader:242 - Cannot read IP mode file for STMicroelectronics.X-CUBE-SFXS2LP1.4.0.0
2022-10-31 14:30:54,017 [WARN] PackLoader:242 - Cannot read IP mode file for STMicroelectronics.X-CUBE-BLE2.3.3.0
2022-10-31 14:30:54,028 [WARN] PackLoader:242 - Cannot read IP mode file for STMicroelectronics.X-CUBE-DISPLAY.2.2.0
2022-10-31 14:30:54,042 [WARN] PackLoader:242 - Cannot read IP mode file for STMicroelectronics.X-CUBE-TOF1.3.2.0
2022-10-31 14:30:54,051 [WARN] PackLoader:242 - Cannot read IP mode file for STMicroelectronics.X-CUBE-TOUCHGFX.4.18.1
2022-10-31 14:30:54,057 [WARN] PackLoader:242 - Cannot read IP mode file for STMicroelectronics.X-CUBE-ISPU.1.0.0
2022-10-31 14:30:54,066 [WARN] PackLoader:242 - Cannot read IP mode file for RoweBots.I-CUBE-UNISONRTOS.5.5.0-4
2022-10-31 14:30:54,087 [WARN] PackLoader:242 - Cannot read IP mode file for STMicroelectronics.X-CUBE-AZRTOS-H7.2.1.0
2022-10-31 14:30:54,096 [WARN] PackLoader:242 - Cannot read IP mode file for STMicroelectronics.X-CUBE-BLEMGR.1.0.0
2022-10-31 14:30:54,102 [WARN] PackLoader:242 - Cannot read IP mode file for STMicroelectronics.X-CUBE-ALGOBUILD.1.3.0
2022-10-31 14:30:54,128 [WARN] PackLoader:242 - Cannot read IP mode file for STMicroelectronics.X-CUBE-AZRTOS-G0.1.1.0
2022-10-31 14:30:54,137 [WARN] PackLoader:242 - Cannot read IP mode file for STMicroelectronics.X-CUBE-SUBG2.5.0.0
2022-10-31 14:30:54,180 [WARN] PackLoader:242 - Cannot read IP mode file for SEGGER.I-CUBE-embOS.1.2.0
2022-10-31 14:30:54,217 [WARN] PackLoader:242 - Cannot read IP mode file for STMicroelectronics.FP-ATR-ASTRA1.1.1.1
2022-10-31 14:30:54,232 [WARN] PackLoader:242 - Cannot read IP mode file for STMicroelectronics.X-CUBE-AZRTOS-H7.2.0.0
2022-10-31 14:30:54,245 [WARN] PackLoader:242 - Cannot read IP mode file for STMicroelectronics.X-CUBE-AZRTOS-G4.1.0.0
2022-10-31 14:30:54,251 [WARN] PackLoader:242 - Cannot read IP mode file for STMicroelectronics.FP-ATR-SIGFOX1.3.2.0
2022-10-31 14:30:54,272 [WARN] PackLoader:242 - Cannot read IP mode file for STMicroelectronics.X-CUBE-AZRTOS-L4.1.0.0
2022-10-31 14:30:54,283 [WARN] PackLoader:242 - Cannot read IP mode file for emotas.I-CUBE-CANOPEN.1.1.2
2022-10-31 14:30:54,286 [WARN] PackLoader:242 - Cannot read IP mode file for STMicroelectronics.X-CUBE-TOUCHGFX.4.20.0
2022-10-31 14:30:54,311 [WARN] PackLoader:242 - Cannot read IP mode file for STMicroelectronics.X-CUBE-AZRTOS-F7.1.0.0
2022-10-31 14:30:54,328 [WARN] PackLoader:242 - Cannot read IP mode file for STMicroelectronics.X-CUBE-AZRTOS-WL.1.0.0
2022-10-31 14:30:54,375 [WARN] PackLoader:242 - Cannot read IP mode file for STMicroelectronics.X-CUBE-MEMS1.9.1.0
2022-10-31 14:30:54,492 [WARN] PackLoader:242 - Cannot read IP mode file for portGmbH.I-Cube-SoM-uGOAL.1.1.0
2022-10-31 14:30:54,497 [WARN] PackLoader:242 - Cannot read IP mode file for STMicroelectronics.X-CUBE-ALS.1.0.1
2022-10-31 14:30:54,515 [WARN] PackLoader:242 - Cannot read IP mode file for STMicroelectronics.X-CUBE-AZRTOS-L5.1.0.0
2022-10-31 14:30:54,525 [WARN] PackLoader:242 - Cannot read IP mode file for STMicroelectronics.X-CUBE-EEPRMA1.3.1.1
2022-10-31 14:30:54,538 [WARN] PackLoader:242 - Cannot read IP mode file for STMicroelectronics.X-CUBE-GNSS1.5.2.0
2022-10-31 14:30:54,543 [WARN] PackLoader:242 - Cannot read IP mode file for STMicroelectronics.X-CUBE-DISPLAY.2.0.1
2022-10-31 14:30:54,549 [WARN] PackLoader:242 - Cannot read IP mode file for STMicroelectronics.X-CUBE-TOF1.3.0.0
2022-10-31 14:30:54,552 [INFO] ThirdParty:929 - Integrity check success = true
2022-10-31 14:30:54,552 [INFO] IntegrityCheckThread:98 - exiting critical section [integrity check]
2022-10-31 14:30:54,552 [INFO] IntegrityCheckThread:101 - End integrity checks thread
2022-10-31 14:30:54,837 [INFO] ApiDb:239 - Found 138 in-development CPN: [B-WB1M-WPAN1, NUCLEO-C031C6, STEVAL-STWINBX1, STM320518-EVAL, STM32C0116-DK, STM32C011D6Y3TR, STM32C011D6Y6TR, STM32C011F4P3, STM32C011F4P6, STM32C011F4U3, STM32C011F4U6TR, STM32C011F6P3, STM32C011F6P6, STM32C011F6U3, STM32C011F6U6TR, STM32C011J4M3, STM32C011J4M6, STM32C011J6M3, STM32C011J6M6, STM32C0316-DK, STM32C031C4T3, STM32C031C4T6, STM32C031C4U3, STM32C031C4U6, STM32C031C6T3, STM32C031C6T6, STM32C031C6U3, STM32C031C6U6, STM32C031F4P3, STM32C031F4P6, STM32C031F6P3, STM32C031F6P6, STM32C031G4U3, STM32C031G4U6, STM32C031G6U3, STM32C031G6U6, STM32C031K4T3, STM32C031K4T6, STM32C031K4U3, STM32C031K4U6, STM32C031K6T3, STM32C031K6T6, STM32C031K6U3, STM32C031K6U6, STM32G071K8TXN, STM32G071K8UXN, STM32G081GBU6N, STM32G081KBT6N, STM32G081KBUXN, STM32G0B1CCT6N, STM32G0B1KCT6, STM32G0B1NEY6TR, STM32G0B1RCT6N, STM32G0C1CCT6, STM32G0C1CCT6N, STM32G0C1CCU6N, STM32G0C1CET6N, STM32G0C1CEU6N, STM32G0C1KCT6, STM32G0C1NEY6TR, STM32G0C1RCI6N, STM32G0C1RCT6N, STM32G0C1REI6N, STM32G0C1RET6N, STM32G0C1VCI6, STM32G0C1VEI6, STM32G471CCT6, STM32G471CCU6, STM32G471CET3, STM32G471CET6, STM32G471CEU3, STM32G471CEU6, STM32G471MCT6, STM32G471MET3, STM32G471MET6, STM32G471MEY6TR, STM32G471QCT6, STM32G471QET3, STM32G471RCT6, STM32G471RET3, STM32G471RET6, STM32G471VCH6, STM32G471VCI6, STM32G471VCT6, STM32G471VEH3, STM32G471VEH6, STM32G471VEI3, STM32G471VEI6, STM32G471VET3, STM32G471VET6, STM32G474CCT6, STM32L476VGY6PTR, STM32L4R5QGI6STR, STM32MP131AAE3, STM32MP131AAF3, STM32MP131AAG3, STM32MP131CAE3, STM32MP131CAF3, STM32MP131CAG3, STM32MP131DAE7, STM32MP131DAF7, STM32MP131DAG7, STM32MP131FAE7, STM32MP131FAF7, STM32MP131FAG7, STM32MP133AAE3, STM32MP133AAF3, STM32MP133AAG3, STM32MP133CAE3, STM32MP133CAF3, STM32MP133CAG3, STM32MP133DAE7, STM32MP133DAF7, STM32MP133DAG7, STM32MP133FAE7, STM32MP133FAF7, STM32MP133FAG7, STM32MP135AAE3, STM32MP135AAF3, STM32MP135AAG3, STM32MP135CAE3, STM32MP135CAF3, STM32MP135CAG3, STM32MP135DAE7, STM32MP135DAF7, STM32MP135DAG7, STM32MP135F-DK, STM32MP135FAE7, STM32MP135FAF7, STM32MP135FAG7, STM32U595ZJT6Q, STM32U599BJY6QTR, STM32U599NIH6Q, STM32U599NJH6Q, STM32U5A5ZJT6Q, STM32U5A9BJY6QTR, STM32U5A9NJH6Q, STM32WB1MMCH6]
2022-10-31 14:30:54,841 [INFO] DbMcus:215 - Found 3542 MCUs, 3542 are supported
2022-10-31 14:30:54,874 [INFO] ApiDb:418 - Load user favorites file C:\Users\Zver/.stm32cubeide/favorites.mcus.txt: 1 item(s)
2022-10-31 14:30:54,874 [INFO] ApiDb:422 - User favorites MCUs=[STM32F103C8T6]
2022-10-31 14:30:54,875 [INFO] DbMcus:221 - Set 1 / 1 favorites MCUs
2022-10-31 14:30:54,878 [INFO] ApiDb:663 - CubeFinder database Data Model version=2.1
2022-10-31 14:30:54,878 [INFO] ApiDb:664 - CubeFinder database Configuration version=3.0.32
2022-10-31 14:30:54,878 [INFO] ApiDb:665 - CubeFinder database generation date=2022-08-05 (1659688109)
2022-10-31 14:30:54,878 [INFO] ApiDb:666 - CubeFinder database FW Pack versions=[STM32Cube_FW_C0_V1.0.0, STM32Cube_FW_F4_V1.27.1, STM32Cube_FW_F7_V1.17.0, STM32Cube_FW_G0_V1.6.1, STM32Cube_FW_G4_V1.5.0, STM32Cube_FW_H7_V1.10.0, STM32Cube_FW_L5_V1.4.0, STM32Cube_FW_U5_V1.1.1, STM32Cube_FW_WB_V1.14.1, STM32Cube_FW_WL_V1.2.0, X-CUBE-ALGOBUILD_V1.3.0, X-CUBE-ALS_V1.0.1, X-CUBE-AZRTOS-F4_V1.1.0, X-CUBE-AZRTOS-F7_V1.1.0, X-CUBE-AZRTOS-G0_V1.1.0, X-CUBE-AZRTOS-G4_V1.0.0, X-CUBE-AZRTOS-H7_V2.1.0, X-CUBE-AZRTOS-L4_V1.0.0, X-CUBE-AZRTOS-L5_V1.0.0, X-CUBE-AZRTOS-WL_V1.0.0, X-CUBE-BLE1_V6.2.3, X-CUBE-BLE2_V3.3.0, X-CUBE-EEPRMA1_V3.1.1, X-CUBE-GNSS1_V6.0.0, X-CUBE-MEMS1_V9.1.0, X-CUBE-MEMS1_V9.3.0, X-CUBE-NFC4_V2.0.4, X-CUBE-NFC7_V1.0.0, X-CUBE-SFXS2LP1_V4.0.0, X-CUBE-SUBG2_V5.0.0]
2022-10-31 14:30:54,932 [INFO] DbBoardsSqlite:227 - include board P-NUCLEO-WB55-NUCLEO as a kit item of type 'Nucleo-64'
2022-10-31 14:30:54,933 [INFO] DbBoardsSqlite:227 - include board P-NUCLEO-WB55-USBDONGLE as a kit item of type 'Nucleo USB Dongle'
2022-10-31 14:30:54,933 [INFO] DbBoardsSqlite:227 - include board STEVAL-IDP005V1 as a kit item of type 'Evaluation Board'
2022-10-31 14:30:54,933 [INFO] DbBoardsSqlite:227 - include board STEVAL-IDP005V2 as a kit item of type 'Evaluation Board'
2022-10-31 14:30:54,941 [INFO] ApiDb:239 - Found 138 in-development CPN: [B-WB1M-WPAN1, NUCLEO-C031C6, STEVAL-STWINBX1, STM320518-EVAL, STM32C0116-DK, STM32C011D6Y3TR, STM32C011D6Y6TR, STM32C011F4P3, STM32C011F4P6, STM32C011F4U3, STM32C011F4U6TR, STM32C011F6P3, STM32C011F6P6, STM32C011F6U3, STM32C011F6U6TR, STM32C011J4M3, STM32C011J4M6, STM32C011J6M3, STM32C011J6M6, STM32C0316-DK, STM32C031C4T3, STM32C031C4T6, STM32C031C4U3, STM32C031C4U6, STM32C031C6T3, STM32C031C6T6, STM32C031C6U3, STM32C031C6U6, STM32C031F4P3, STM32C031F4P6, STM32C031F6P3, STM32C031F6P6, STM32C031G4U3, STM32C031G4U6, STM32C031G6U3, STM32C031G6U6, STM32C031K4T3, STM32C031K4T6, STM32C031K4U3, STM32C031K4U6, STM32C031K6T3, STM32C031K6T6, STM32C031K6U3, STM32C031K6U6, STM32G071K8TXN, STM32G071K8UXN, STM32G081GBU6N, STM32G081KBT6N, STM32G081KBUXN, STM32G0B1CCT6N, STM32G0B1KCT6, STM32G0B1NEY6TR, STM32G0B1RCT6N, STM32G0C1CCT6, STM32G0C1CCT6N, STM32G0C1CCU6N, STM32G0C1CET6N, STM32G0C1CEU6N, STM32G0C1KCT6, STM32G0C1NEY6TR, STM32G0C1RCI6N, STM32G0C1RCT6N, STM32G0C1REI6N, STM32G0C1RET6N, STM32G0C1VCI6, STM32G0C1VEI6, STM32G471CCT6, STM32G471CCU6, STM32G471CET3, STM32G471CET6, STM32G471CEU3, STM32G471CEU6, STM32G471MCT6, STM32G471MET3, STM32G471MET6, STM32G471MEY6TR, STM32G471QCT6, STM32G471QET3, STM32G471RCT6, STM32G471RET3, STM32G471RET6, STM32G471VCH6, STM32G471VCI6, STM32G471VCT6, STM32G471VEH3, STM32G471VEH6, STM32G471VEI3, STM32G471VEI6, STM32G471VET3, STM32G471VET6, STM32G474CCT6, STM32L476VGY6PTR, STM32L4R5QGI6STR, STM32MP131AAE3, STM32MP131AAF3, STM32MP131AAG3, STM32MP131CAE3, STM32MP131CAF3, STM32MP131CAG3, STM32MP131DAE7, STM32MP131DAF7, STM32MP131DAG7, STM32MP131FAE7, STM32MP131FAF7, STM32MP131FAG7, STM32MP133AAE3, STM32MP133AAF3, STM32MP133AAG3, STM32MP133CAE3, STM32MP133CAF3, STM32MP133CAG3, STM32MP133DAE7, STM32MP133DAF7, STM32MP133DAG7, STM32MP133FAE7, STM32MP133FAF7, STM32MP133FAG7, STM32MP135AAE3, STM32MP135AAF3, STM32MP135AAG3, STM32MP135CAE3, STM32MP135CAF3, STM32MP135CAG3, STM32MP135DAE7, STM32MP135DAF7, STM32MP135DAG7, STM32MP135F-DK, STM32MP135FAE7, STM32MP135FAF7, STM32MP135FAG7, STM32U595ZJT6Q, STM32U599BJY6QTR, STM32U599NIH6Q, STM32U599NJH6Q, STM32U5A5ZJT6Q, STM32U5A9BJY6QTR, STM32U5A9NJH6Q, STM32WB1MMCH6]
2022-10-31 14:30:55,044 [INFO] BoardInfo:879 - No configuration file found for board P-NUCLEO-WB55
2022-10-31 14:30:55,045 [INFO] DbBoards:156 - Kit is not supported: P-NUCLEO-WB55
2022-10-31 14:30:55,048 [INFO] BoardInfo:879 - No configuration file found for board STEVAL-BFA001V1B
2022-10-31 14:30:55,048 [INFO] DbBoards:156 - Kit is not supported: STEVAL-BFA001V1B
2022-10-31 14:30:55,049 [INFO] BoardInfo:879 - No configuration file found for board STEVAL-BFA001V2B
2022-10-31 14:30:55,049 [INFO] DbBoards:156 - Kit is not supported: STEVAL-BFA001V2B
2022-10-31 14:30:55,148 [INFO] DbBoards:160 - Found 176 boards, 173 are supported
2022-10-31 14:30:55,154 [INFO] ApiDb:418 - Load user favorites file C:\Users\Zver/.stm32cubeide/favorites.boards.txt: 0 item(s)
2022-10-31 14:30:55,154 [INFO] ApiDb:422 - User favorites Boards=[]
2022-10-31 14:30:55,154 [INFO] DbBoards:189 - Set 0 / 0 favorites Boards
2022-10-31 14:30:55,158 [INFO] ApiDb:663 - CubeFinder database Data Model version=2.1
2022-10-31 14:30:55,158 [INFO] ApiDb:664 - CubeFinder database Configuration version=3.0.32
2022-10-31 14:30:55,158 [INFO] ApiDb:665 - CubeFinder database generation date=2022-08-05 (1659688109)
2022-10-31 14:30:55,158 [INFO] ApiDb:666 - CubeFinder database FW Pack versions=[STM32Cube_FW_C0_V1.0.0, STM32Cube_FW_F4_V1.27.1, STM32Cube_FW_F7_V1.17.0, STM32Cube_FW_G0_V1.6.1, STM32Cube_FW_G4_V1.5.0, STM32Cube_FW_H7_V1.10.0, STM32Cube_FW_L5_V1.4.0, STM32Cube_FW_U5_V1.1.1, STM32Cube_FW_WB_V1.14.1, STM32Cube_FW_WL_V1.2.0, X-CUBE-ALGOBUILD_V1.3.0, X-CUBE-ALS_V1.0.1, X-CUBE-AZRTOS-F4_V1.1.0, X-CUBE-AZRTOS-F7_V1.1.0, X-CUBE-AZRTOS-G0_V1.1.0, X-CUBE-AZRTOS-G4_V1.0.0, X-CUBE-AZRTOS-H7_V2.1.0, X-CUBE-AZRTOS-L4_V1.0.0, X-CUBE-AZRTOS-L5_V1.0.0, X-CUBE-AZRTOS-WL_V1.0.0, X-CUBE-BLE1_V6.2.3, X-CUBE-BLE2_V3.3.0, X-CUBE-EEPRMA1_V3.1.1, X-CUBE-GNSS1_V6.0.0, X-CUBE-MEMS1_V9.1.0, X-CUBE-MEMS1_V9.3.0, X-CUBE-NFC4_V2.0.4, X-CUBE-NFC7_V1.0.0, X-CUBE-SFXS2LP1_V4.0.0, X-CUBE-SUBG2_V5.0.0]
2022-10-31 14:30:55,767 [INFO] DbExamplesSqlite:374 - Ignored 31 examples not supported by CubeIDE
2022-10-31 14:30:55,767 [INFO] DbExamplesSqlite:375 - Found 6197 examples active
2022-10-31 14:30:55,767 [INFO] DbExamplesSqlite:376 - Found 89 examples obsolete
2022-10-31 14:30:55,767 [INFO] DbExamplesSqlite:377 - Found 0 examples under development
2022-10-31 14:30:55,767 [INFO] DbExamplesSqlite:378 - Found 76 examples not building
2022-10-31 14:30:55,769 [INFO] DbExamples:124 - Found 6242 examples
2022-10-31 14:30:55,783 [INFO] DbExamples:221 - Found 77 boards with related examples
2022-10-31 14:30:55,784 [INFO] DbExamples:234 - Found 64 MCUs with related examples
2022-10-31 14:30:55,802 [INFO] ApiDb:418 - Load user favorites file C:\Users\Zver/.stm32cubeide/favorites.examples.txt: 0 item(s)
2022-10-31 14:30:55,802 [INFO] ApiDb:422 - User favorites Examples=[]
2022-10-31 14:30:55,803 [INFO] DbExamples:249 - Set 0 / 0 favorites Examples
2022-10-31 14:30:55,995 [INFO] McuFinderGlobals:57 - Set McuFinderConnectedMode to true
2022-10-31 14:30:56,002 [INFO] MultiScanPanel:195 - Auto-refresh data requested => check proxy status ongoing
2022-10-31 14:30:56,005 [INFO] FinderPluginLoader:92 - Searching for filters in installed packs
2022-10-31 14:30:57,521 [INFO] LoadUrlFilesThread:177 - End of LoadServerUrlFiles without Thread
2022-10-31 14:30:57,568 [INFO] DetailPanel:339 - Set advertising image to C:/Users/Zver/STM32Cube/Repository/\en.Prom_NBSTM32U50921.jpg
2022-10-31 14:31:03,839 [ERROR] LogOutputStream:74 - [STDERR_REDIRECT] SLF4J: Failed to load class "org.slf4j.impl.StaticLoggerBinder".
2022-10-31 14:31:03,841 [ERROR] LogOutputStream:74 - [STDERR_REDIRECT] SLF4J: Defaulting to no-operation (NOP) logger implementation
2022-10-31 14:31:03,843 [ERROR] LogOutputStream:74 - [STDERR_REDIRECT] SLF4J: See http://www.slf4j.org/codes.html#StaticLoggerBinder for further details.
2022-10-31 14:31:21,434 [INFO] MainUpdater:2768 - connection check result : 10
2022-10-31 14:31:21,435 [INFO] MainUpdater:2768 - connection check result : 10
2022-10-31 14:31:21,456 [INFO] MicroXplorer:451 - Change Database Path : 
2022-10-31 14:31:21,456 [INFO] MicroXplorer:481 - Change Database Version : DB.6.0.60
2022-10-31 14:31:21,456 [WARN] ThirdParty:827 - waiting for thirdparty lock release [close project]
2022-10-31 14:31:21,456 [INFO] ThirdParty:829 - entering critical section [close project]
2022-10-31 14:31:21,457 [INFO] ThirdParty:839 - exiting critical section [close project]
2022-10-31 14:31:21,462 [INFO] PinOutPanel:1468 - setPackage(No Configuration,No Configuration)
2022-10-31 14:31:21,470 [INFO] UtilMem:74 - Begin LoadConfig() Used Memory: 285354728 Bytes (429916160)
2022-10-31 14:31:21,471 [INFO] MicroXplorer:451 - Change Database Path : 
2022-10-31 14:31:21,471 [INFO] MicroXplorer:481 - Change Database Version : DB.6.0.60
2022-10-31 14:31:21,472 [INFO] OpenFileManager:307 - Change cursor
2022-10-31 14:31:21,596 [INFO] Mcu:1922 - Initializing MCU STM32F103C8Tx STM32F103C8Tx 
2022-10-31 14:31:21,596 [INFO] Mcu:1935 - No CPN specified => set CPN to STM32F103C8T6
2022-10-31 14:31:22,561 [INFO] Context:654 - Trying to add GPIOservice into a context  which must be forbidden
2022-10-31 14:31:22,831 [INFO] ImportTextPane:193 - (OptionalMessage_ERROR) Unable to find key (Mcu.ThirdPartyNb) in loaded IOC file
2022-10-31 14:31:22,831 [INFO] ImportTextPane:193 - (OptionalMessage_ERROR) Unable to find key (Mcu.PinsNb) in loaded IOC file
2022-10-31 14:31:22,831 [INFO] ImportTextPane:193 - (OptionalMessage_ERROR) Unable to find key (Mcu.IPNb) in loaded IOC file
2022-10-31 14:31:22,922 [WARN] ApiManager:308 - Cannot register API 'Board Extension:GNSS1A1' from pack STMicroelectronics.X-CUBE-GNSS1.6.0.0: no header file found
2022-10-31 14:31:22,922 [WARN] ApiManager:308 - Cannot register API 'Board Support:Custom' from pack STMicroelectronics.X-CUBE-GNSS1.6.0.0: no header file found
2022-10-31 14:31:22,922 [WARN] ApiManager:308 - Cannot register API 'Data Exchange:lib_gnss' from pack STMicroelectronics.X-CUBE-GNSS1.6.0.0: no header file found
2022-10-31 14:31:22,939 [WARN] ApiManager:308 - Cannot register API 'Wireless:BlueNRG-MS' from pack STMicroelectronics.X-CUBE-BLE1.6.2.3: no header file found
2022-10-31 14:31:22,941 [INFO] RtosManager:488 - Registered RTOS mode: class=CMSIS, group=RTOS, mode=CMSIS_V1, owner=FREERTOS
2022-10-31 14:31:22,942 [INFO] RtosManager:488 - Registered RTOS mode: class=CMSIS, group=RTOS2, mode=CMSIS_V2, owner=FREERTOS
2022-10-31 14:31:22,942 [INFO] RtosManager:488 - Registered RTOS mode: class=RTOS, group=Core, mode=CMSIS_V1, owner=FREERTOS
2022-10-31 14:31:22,942 [INFO] RtosManager:488 - Registered RTOS mode: class=RTOS, group=Core, mode=CMSIS_V2, owner=FREERTOS
2022-10-31 14:31:22,942 [WARN] ModelIntegratedComponent:185 - Missing modes for component STMicroelectronics:FreeRTOS:0.0.1:STMicroelectronics:RTOS:FreeRTOS:Core:::10.2.0:
2022-10-31 14:31:22,947 [WARN] ApiManager:308 - Cannot register API 'Board Extension:S2868A1' from pack STMicroelectronics.X-CUBE-SUBG2.5.0.0: no header file found
2022-10-31 14:31:22,947 [WARN] ApiManager:308 - Cannot register API 'Board Extension:S2868A2' from pack STMicroelectronics.X-CUBE-SUBG2.5.0.0: no header file found
2022-10-31 14:31:22,947 [WARN] ApiManager:308 - Cannot register API 'Board Extension:S2915A1' from pack STMicroelectronics.X-CUBE-SUBG2.5.0.0: no header file found
2022-10-31 14:31:22,954 [WARN] ApiManager:308 - Cannot register API 'Wireless:BlueNRG-MS' from pack STMicroelectronics.X-CUBE-BLE1.6.2.2: no header file found
2022-10-31 14:31:22,955 [WARN] ApiManager:308 - Cannot register API 'Board Extension:NFC04A1' from pack STMicroelectronics.X-CUBE-NFC4.2.0.4: no header file found
2022-10-31 14:31:22,956 [WARN] ApiManager:308 - Cannot register API 'Wireless:BlueNRG-2' from pack STMicroelectronics.X-CUBE-BLE2.3.2.2: no header file found
2022-10-31 14:31:22,957 [WARN] ApiManager:308 - Cannot register API 'Board Extension:NFC04A1' from pack STMicroelectronics.X-CUBE-NFC4.2.0.3: no header file found
2022-10-31 14:31:22,961 [WARN] ApiManager:308 - Cannot register API 'Board Extension:S2868A1' from pack STMicroelectronics.X-CUBE-SFXS2LP1.3.1.0: no header file found
2022-10-31 14:31:22,962 [WARN] ApiManager:308 - Cannot register API 'Board Extension:S2868A2' from pack STMicroelectronics.X-CUBE-SFXS2LP1.3.1.0: no header file found
2022-10-31 14:31:22,962 [WARN] ApiManager:308 - Cannot register API 'Board Extension:S2915A1' from pack STMicroelectronics.X-CUBE-SFXS2LP1.3.1.0: no header file found
2022-10-31 14:31:22,970 [WARN] ModelIntegratedComponent:64 - No mode defined for component null
2022-10-31 14:31:22,970 [WARN] ModelIntegratedComponent:64 - No mode defined for component null
2022-10-31 14:31:22,970 [WARN] ModelIntegratedComponent:64 - No mode defined for component null
2022-10-31 14:31:22,971 [WARN] ModelIntegratedComponent:64 - No mode defined for component null
2022-10-31 14:31:22,971 [WARN] ModelIntegratedComponent:64 - No mode defined for component null
2022-10-31 14:31:22,971 [WARN] ModelIntegratedComponent:64 - No mode defined for component null
2022-10-31 14:31:22,971 [WARN] ModelIntegratedComponent:64 - No mode defined for component null
2022-10-31 14:31:22,971 [WARN] ModelIntegratedComponent:64 - No mode defined for component null
2022-10-31 14:31:22,971 [WARN] ModelIntegratedComponent:64 - No mode defined for component null
2022-10-31 14:31:22,971 [WARN] ModelIntegratedComponent:64 - No mode defined for component null
2022-10-31 14:31:22,971 [WARN] ModelIntegratedComponent:64 - No mode defined for component null
2022-10-31 14:31:22,971 [WARN] ModelIntegratedComponent:64 - No mode defined for component null
2022-10-31 14:31:22,971 [WARN] ModelIntegratedComponent:64 - No mode defined for component null
2022-10-31 14:31:22,971 [WARN] ModelIntegratedComponent:64 - No mode defined for component null
2022-10-31 14:31:22,971 [WARN] ModelIntegratedComponent:64 - No mode defined for component null
2022-10-31 14:31:22,972 [WARN] ModelIntegratedComponent:64 - No mode defined for component null
2022-10-31 14:31:22,972 [WARN] ModelIntegratedComponent:64 - No mode defined for component null
2022-10-31 14:31:22,972 [WARN] ModelIntegratedComponent:64 - No mode defined for component null
2022-10-31 14:31:22,972 [WARN] ModelIntegratedComponent:64 - No mode defined for component null
2022-10-31 14:31:22,972 [WARN] ModelIntegratedComponent:64 - No mode defined for component null
2022-10-31 14:31:22,972 [WARN] ModelIntegratedComponent:64 - No mode defined for component null
2022-10-31 14:31:22,972 [WARN] ModelIntegratedComponent:64 - No mode defined for component null
2022-10-31 14:31:22,972 [WARN] ModelIntegratedComponent:64 - No mode defined for component null
2022-10-31 14:31:22,972 [WARN] ModelIntegratedComponent:64 - No mode defined for component null
2022-10-31 14:31:22,972 [WARN] ModelIntegratedComponent:64 - No mode defined for component null
2022-10-31 14:31:22,972 [WARN] ModelIntegratedComponent:64 - No mode defined for component null
2022-10-31 14:31:22,972 [WARN] ModelIntegratedComponent:64 - No mode defined for component null
2022-10-31 14:31:22,973 [WARN] ModelIntegratedComponent:64 - No mode defined for component null
2022-10-31 14:31:22,973 [WARN] ModelIntegratedComponent:64 - No mode defined for component null
2022-10-31 14:31:22,973 [WARN] ModelIntegratedComponent:64 - No mode defined for component null
2022-10-31 14:31:22,973 [WARN] ModelIntegratedComponent:64 - No mode defined for component null
2022-10-31 14:31:22,973 [WARN] ModelIntegratedComponent:64 - No mode defined for component null
2022-10-31 14:31:22,973 [WARN] ModelIntegratedComponent:64 - No mode defined for component null
2022-10-31 14:31:22,976 [WARN] ApiManager:308 - Cannot register API 'Board Extension:NFC07A1' from pack STMicroelectronics.X-CUBE-NFC7.1.0.0: no header file found
2022-10-31 14:31:22,982 [WARN] ApiManager:308 - Cannot register API 'Board Extension:S2868A1' from pack STMicroelectronics.X-CUBE-SUBG2.4.2.0: no header file found
2022-10-31 14:31:22,982 [WARN] ApiManager:308 - Cannot register API 'Board Extension:S2868A2' from pack STMicroelectronics.X-CUBE-SUBG2.4.2.0: no header file found
2022-10-31 14:31:22,982 [WARN] ApiManager:308 - Cannot register API 'Board Extension:S2915A1' from pack STMicroelectronics.X-CUBE-SUBG2.4.2.0: no header file found
2022-10-31 14:31:23,123 [WARN] ApiManager:308 - Cannot register API 'Board Extension:IKS01A3' from pack STMicroelectronics.X-CUBE-MEMS1.9.1.0: no header file found
2022-10-31 14:31:23,124 [WARN] ApiManager:308 - Cannot register API 'Board Extension:IKS01A2' from pack STMicroelectronics.X-CUBE-MEMS1.9.1.0: no header file found
2022-10-31 14:31:23,124 [WARN] ApiManager:308 - Cannot register API 'Board Extension:IKS02A1' from pack STMicroelectronics.X-CUBE-MEMS1.9.1.0: no header file found
2022-10-31 14:31:23,287 [WARN] ApiManager:308 - Cannot register API 'Board Extension:IKS01A3' from pack STMicroelectronics.X-CUBE-MEMS1.9.3.0: no header file found
2022-10-31 14:31:23,287 [WARN] ApiManager:308 - Cannot register API 'Board Extension:IKS01A2' from pack STMicroelectronics.X-CUBE-MEMS1.9.3.0: no header file found
2022-10-31 14:31:23,287 [WARN] ApiManager:308 - Cannot register API 'Board Extension:IKS02A1' from pack STMicroelectronics.X-CUBE-MEMS1.9.3.0: no header file found
2022-10-31 14:31:23,297 [WARN] ApiManager:308 - Cannot register API 'Board Extension:EEPRMA1' from pack STMicroelectronics.X-CUBE-EEPRMA1.3.1.1: no header file found
2022-10-31 14:31:23,297 [WARN] ApiManager:308 - Cannot register API 'Board Extension:EEPRMA2' from pack STMicroelectronics.X-CUBE-EEPRMA1.3.1.1: no header file found
2022-10-31 14:31:23,298 [WARN] ApiManager:308 - Cannot register API 'Board Extension:GNSS1A1' from pack STMicroelectronics.X-CUBE-GNSS1.5.2.0: no header file found
2022-10-31 14:31:23,298 [WARN] ApiManager:308 - Cannot register API 'Board Support:Custom' from pack STMicroelectronics.X-CUBE-GNSS1.5.2.0: no header file found
2022-10-31 14:31:23,298 [WARN] ApiManager:308 - Cannot register API 'Data Exchange:lib_gnss' from pack STMicroelectronics.X-CUBE-GNSS1.5.2.0: no header file found
2022-10-31 14:31:23,299 [WARN] ApiManager:308 - Cannot register API 'Board Extension:S2868A1' from pack STMicroelectronics.X-CUBE-SFXS2LP1.4.0.0: no header file found
2022-10-31 14:31:23,300 [WARN] ApiManager:308 - Cannot register API 'Board Extension:S2868A2' from pack STMicroelectronics.X-CUBE-SFXS2LP1.4.0.0: no header file found
2022-10-31 14:31:23,300 [WARN] ApiManager:308 - Cannot register API 'Board Extension:S2915A1' from pack STMicroelectronics.X-CUBE-SFXS2LP1.4.0.0: no header file found
2022-10-31 14:31:23,301 [WARN] ApiManager:308 - Cannot register API 'Wireless:BlueNRG-2' from pack STMicroelectronics.X-CUBE-BLE2.3.3.0: no header file found
2022-10-31 14:31:23,317 [INFO] ThirdPartyModel:289 - Start build external matchings
2022-10-31 14:31:24,149 [INFO] ThirdPartyModel:302 - End build external matchings
2022-10-31 14:31:24,401 [INFO] UtilMem:74 - End LoadConfig() Used Memory: 281774928 Bytes (429916160)
2022-10-31 14:31:24,427 [WARN] ThirdParty:789 - waiting for thirdparty lock release [change project]
2022-10-31 14:31:24,427 [INFO] ThirdParty:791 - entering critical section [change project]
2022-10-31 14:31:24,427 [INFO] ThirdParty:981 - CMSIS Pack Vendor :wolfSSL I-CUBE-wolfSSL 5.2.0
2022-10-31 14:31:24,428 [INFO] ThirdParty:981 - CMSIS Pack Vendor :RoweBots I-CUBE-UNISONRTOS 5.5.0-4
2022-10-31 14:31:24,428 [INFO] ThirdParty:981 - CMSIS Pack Vendor :STMicroelectronics X-CUBE-GNSS1 6.0.0
2022-10-31 14:31:24,428 [INFO] ThirdParty:981 - CMSIS Pack Vendor :STMicroelectronics X-CUBE-AZRTOS-H7 2.1.0
2022-10-31 14:31:24,428 [INFO] ThirdParty:981 - CMSIS Pack Vendor :STMicroelectronics USB_HOST 2.0.0
2022-10-31 14:31:24,428 [INFO] ThirdParty:981 - CMSIS Pack Vendor :STMicroelectronics X-CUBE-AZRTOS-F4 1.1.0
2022-10-31 14:31:24,428 [INFO] ThirdParty:981 - CMSIS Pack Vendor :STMicroelectronics LIBJPEG 8.0.0
2022-10-31 14:31:24,428 [INFO] ThirdParty:981 - CMSIS Pack Vendor :STMicroelectronics USB_DEVICE 3.0.0
2022-10-31 14:31:24,430 [INFO] ThirdParty:981 - CMSIS Pack Vendor :STMicroelectronics X-CUBE-BLEMGR 1.0.0
2022-10-31 14:31:24,430 [INFO] ThirdParty:981 - CMSIS Pack Vendor :STMicroelectronics X-CUBE-BLEMGR 1.2.0
2022-10-31 14:31:24,430 [INFO] ThirdParty:981 - CMSIS Pack Vendor :STMicroelectronics X-CUBE-AZRTOS-F7 1.1.0
2022-10-31 14:31:24,430 [INFO] ThirdParty:981 - CMSIS Pack Vendor :STMicroelectronics USB_DEVICE 2.0.0
2022-10-31 14:31:24,430 [INFO] ThirdParty:981 - CMSIS Pack Vendor :STMicroelectronics X-CUBE-AI 7.1.0
2022-10-31 14:31:24,431 [INFO] ThirdParty:981 - CMSIS Pack Vendor :STMicroelectronics X-CUBE-BLE1 6.2.3
2022-10-31 14:31:24,431 [INFO] ThirdParty:981 - CMSIS Pack Vendor :STMicroelectronics X-CUBE-ALGOBUILD 1.3.0
2022-10-31 14:31:24,431 [INFO] ThirdParty:981 - CMSIS Pack Vendor :STMicroelectronics FreeRTOS 0.0.1
2022-10-31 14:31:24,431 [INFO] ThirdParty:981 - CMSIS Pack Vendor :STMicroelectronics X-CUBE-AZRTOS-G0 1.1.0
2022-10-31 14:31:24,431 [INFO] ThirdParty:981 - CMSIS Pack Vendor :STMicroelectronics X-CUBE-SUBG2 5.0.0
2022-10-31 14:31:24,431 [INFO] ThirdParty:981 - CMSIS Pack Vendor :SEGGER I-CUBE-embOS 1.2.0
2022-10-31 14:31:24,431 [INFO] ThirdParty:981 - CMSIS Pack Vendor :STMicroelectronics STM32_WPAN 1.0.0
2022-10-31 14:31:24,431 [INFO] ThirdParty:981 - CMSIS Pack Vendor :STMicroelectronics lwIP 2.0.3
2022-10-31 14:31:24,431 [INFO] ThirdParty:981 - CMSIS Pack Vendor :STMicroelectronics X-CUBE-BLE1 6.2.2
2022-10-31 14:31:24,432 [INFO] ThirdParty:981 - CMSIS Pack Vendor :STMicroelectronics X-CUBE-NFC4 2.0.4
2022-10-31 14:31:24,432 [INFO] ThirdParty:981 - CMSIS Pack Vendor :STMicroelectronics X-CUBE-BLE2 3.2.2
2022-10-31 14:31:24,432 [INFO] ThirdParty:981 - CMSIS Pack Vendor :STMicroelectronics USB_HOST 1.0.0
2022-10-31 14:31:24,432 [INFO] ThirdParty:981 - CMSIS Pack Vendor :STMicroelectronics X-CUBE-NFC4 2.0.3
2022-10-31 14:31:24,432 [INFO] ThirdParty:981 - CMSIS Pack Vendor :STMicroelectronics PDM2PCM 3.1.0
2022-10-31 14:31:24,432 [INFO] ThirdParty:981 - CMSIS Pack Vendor :STMicroelectronics FP-ATR-ASTRA1 1.1.1
2022-10-31 14:31:24,432 [INFO] ThirdParty:981 - CMSIS Pack Vendor :STMicroelectronics PDM2PCM 3.3.0
2022-10-31 14:31:24,432 [INFO] ThirdParty:981 - CMSIS Pack Vendor :STMicroelectronics X-CUBE-TOF1 3.1.0
2022-10-31 14:31:24,433 [INFO] ThirdParty:981 - CMSIS Pack Vendor :STMicroelectronics X-CUBE-SFXS2LP1 3.1.0
2022-10-31 14:31:24,433 [INFO] ThirdParty:981 - CMSIS Pack Vendor :STMicroelectronics X-CUBE-AZRTOS-F4 1.0.0
2022-10-31 14:31:24,433 [INFO] ThirdParty:981 - CMSIS Pack Vendor :STMicroelectronics X-CUBE-AZRTOS-H7 2.0.0
2022-10-31 14:31:24,433 [INFO] ThirdParty:981 - CMSIS Pack Vendor :STMicroelectronics X-CUBE-AZRTOS-G4 1.0.0
2022-10-31 14:31:24,433 [INFO] ThirdParty:981 - CMSIS Pack Vendor :STMicroelectronics FP-ATR-SIGFOX1 3.2.0
2022-10-31 14:31:24,433 [INFO] ThirdParty:981 - CMSIS Pack Vendor :STMicroelectronics X-CUBE-AZRTOS-L4 1.0.0
2022-10-31 14:31:24,433 [INFO] ThirdParty:981 - CMSIS Pack Vendor :STMicroelectronics HAL Drivers 0.0.0
2022-10-31 14:31:24,433 [INFO] ThirdParty:981 - CMSIS Pack Vendor :STMicroelectronics MBEDTLS 2.16.2
2022-10-31 14:31:24,433 [INFO] ThirdParty:981 - CMSIS Pack Vendor :emotas I-CUBE-CANOPEN 1.1.2
2022-10-31 14:31:24,433 [INFO] ThirdParty:981 - CMSIS Pack Vendor :STMicroelectronics X-CUBE-TOUCHGFX 4.20.0
2022-10-31 14:31:24,433 [INFO] ThirdParty:981 - CMSIS Pack Vendor :STMicroelectronics MBEDTLS 2.14.1
2022-10-31 14:31:24,433 [INFO] ThirdParty:981 - CMSIS Pack Vendor :STMicroelectronics X-CUBE-NFC7 1.0.0
2022-10-31 14:31:24,433 [INFO] ThirdParty:981 - CMSIS Pack Vendor :STMicroelectronics X-CUBE-AZRTOS-F7 1.0.0
2022-10-31 14:31:24,433 [INFO] ThirdParty:981 - CMSIS Pack Vendor :STMicroelectronics X-CUBE-AZRTOS-WL 1.0.0
2022-10-31 14:31:24,433 [INFO] ThirdParty:981 - CMSIS Pack Vendor :STMicroelectronics X-CUBE-SUBG2 4.2.0
2022-10-31 14:31:24,434 [INFO] ThirdParty:981 - CMSIS Pack Vendor :STMicroelectronics X-CUBE-MEMS1 9.1.0
2022-10-31 14:31:24,434 [INFO] ThirdParty:981 - CMSIS Pack Vendor :STMicroelectronics X-CUBE-MEMS1 9.3.0
2022-10-31 14:31:24,434 [INFO] ThirdParty:981 - CMSIS Pack Vendor :portGmbH I-Cube-SoM-uGOAL 1.1.0
2022-10-31 14:31:24,434 [INFO] ThirdParty:981 - CMSIS Pack Vendor :STMicroelectronics X-CUBE-ALS 1.0.1
2022-10-31 14:31:24,434 [INFO] ThirdParty:981 - CMSIS Pack Vendor :STMicroelectronics X-CUBE-AI 7.2.0
2022-10-31 14:31:24,434 [INFO] ThirdParty:981 - CMSIS Pack Vendor :STMicroelectronics ThreadX 1.0.0
2022-10-31 14:31:24,434 [INFO] ThirdParty:981 - CMSIS Pack Vendor :STMicroelectronics X-CUBE-AZRTOS-L5 1.0.0
2022-10-31 14:31:24,434 [INFO] ThirdParty:981 - CMSIS Pack Vendor :STMicroelectronics USB_DEVICE 1.0.0
2022-10-31 14:31:24,434 [INFO] ThirdParty:981 - CMSIS Pack Vendor :STMicroelectronics X-CUBE-AZRTOS-G0 1.0.0
2022-10-31 14:31:24,434 [INFO] ThirdParty:981 - CMSIS Pack Vendor :STMicroelectronics X-CUBE-EEPRMA1 3.1.1
2022-10-31 14:31:24,434 [INFO] ThirdParty:981 - CMSIS Pack Vendor :STMicroelectronics X-CUBE-GNSS1 5.2.0
2022-10-31 14:31:24,434 [INFO] ThirdParty:981 - CMSIS Pack Vendor :STMicroelectronics ThreadX 0.0.2
2022-10-31 14:31:24,434 [INFO] ThirdParty:981 - CMSIS Pack Vendor :STMicroelectronics lwIP 2.1.2
2022-10-31 14:31:24,435 [INFO] ThirdParty:981 - CMSIS Pack Vendor :STMicroelectronics X-CUBE-SFXS2LP1 4.0.0
2022-10-31 14:31:24,435 [INFO] ThirdParty:981 - CMSIS Pack Vendor :STMicroelectronics X-CUBE-BLE2 3.3.0
2022-10-31 14:31:24,435 [INFO] ThirdParty:981 - CMSIS Pack Vendor :STMicroelectronics X-CUBE-DISPLAY 2.0.1
2022-10-31 14:31:24,435 [INFO] ThirdParty:981 - CMSIS Pack Vendor :STMicroelectronics X-CUBE-DISPLAY 2.2.0
2022-10-31 14:31:24,435 [INFO] ThirdParty:981 - CMSIS Pack Vendor :STMicroelectronics X-CUBE-TOF1 3.2.0
2022-10-31 14:31:24,435 [INFO] ThirdParty:981 - CMSIS Pack Vendor :STMicroelectronics PDM2PCM 3.2.0
2022-10-31 14:31:24,435 [INFO] ThirdParty:981 - CMSIS Pack Vendor :STMicroelectronics X-CUBE-TOUCHGFX 4.18.1
2022-10-31 14:31:24,435 [INFO] ThirdParty:981 - CMSIS Pack Vendor :STMicroelectronics X-CUBE-TOF1 3.0.0
2022-10-31 14:31:24,435 [INFO] ThirdParty:981 - CMSIS Pack Vendor :STMicroelectronics X-CUBE-ISPU 1.0.0
2022-10-31 14:31:24,436 [INFO] ThirdParty:797 - exiting critical section [change project]
2022-10-31 14:31:24,785 [INFO] PinOutPanel:1468 - setPackage(No Configuration,No Configuration)
2022-10-31 14:31:24,787 [INFO] PinOutPanel:1468 - setPackage(STM32F103C8Tx,LQFP48)
2022-10-31 14:31:25,405 [INFO] UtilMem:74 - Before build in PCC Used Memory: 372173064 Bytes (484442112)
2022-10-31 14:31:26,496 [INFO] UtilMem:74 - After build in PCC Used Memory: 327796168 Bytes (484442112)
2022-10-31 14:31:26,522 [INFO] IPUIPlugin:79 - create IPUIPlugin
2022-10-31 14:31:26,523 [INFO] IPUIPlugin:79 - create IPUIPlugin
2022-10-31 14:31:26,524 [INFO] IPUIPlugin:79 - create IPUIPlugin
2022-10-31 14:31:26,524 [INFO] IPUIPlugin:79 - create IPUIPlugin
2022-10-31 14:31:26,524 [INFO] IPUIPlugin:79 - create IPUIPlugin
2022-10-31 14:31:26,525 [INFO] IPUIPlugin:79 - create IPUIPlugin
2022-10-31 14:31:26,525 [INFO] IPUIPlugin:79 - create IPUIPlugin
2022-10-31 14:31:26,525 [INFO] IPUIPlugin:79 - create IPUIPlugin
2022-10-31 14:31:26,526 [INFO] IPUIPlugin:79 - create IPUIPlugin
2022-10-31 14:31:26,526 [INFO] IPUIPlugin:79 - create IPUIPlugin
2022-10-31 14:31:26,528 [INFO] IPUIPlugin:79 - create IPUIPlugin
2022-10-31 14:31:26,528 [INFO] IPUIPlugin:79 - create IPUIPlugin
2022-10-31 14:31:26,528 [INFO] IPUIPlugin:79 - create IPUIPlugin
2022-10-31 14:31:26,529 [INFO] IPUIPlugin:79 - create IPUIPlugin
2022-10-31 14:31:26,529 [INFO] IPUIPlugin:79 - create IPUIPlugin
2022-10-31 14:31:26,529 [INFO] IPUIPlugin:79 - create IPUIPlugin
2022-10-31 14:31:26,529 [INFO] IPUIPlugin:79 - create IPUIPlugin
2022-10-31 14:31:26,531 [INFO] IPUIPlugin:79 - create IPUIPlugin
2022-10-31 14:31:26,531 [INFO] IPUIPlugin:79 - create IPUIPlugin
2022-10-31 14:31:26,531 [INFO] IPUIPlugin:79 - create IPUIPlugin
2022-10-31 14:31:26,532 [INFO] IPUIPlugin:79 - create IPUIPlugin
2022-10-31 14:31:26,532 [INFO] IPUIPlugin:79 - create IPUIPlugin
2022-10-31 14:31:26,532 [INFO] IPUIPlugin:79 - create IPUIPlugin
2022-10-31 14:31:26,533 [INFO] IPUIPlugin:79 - create IPUIPlugin
2022-10-31 14:31:26,533 [INFO] IPUIPlugin:79 - create IPUIPlugin
2022-10-31 14:31:26,534 [INFO] IPUIPlugin:79 - create IPUIPlugin
2022-10-31 14:31:26,534 [INFO] IPUIPlugin:79 - create IPUIPlugin
2022-10-31 14:31:26,791 [INFO] OpenFileManager:327 - Restore cursor
2022-10-31 14:31:27,649 [INFO] UtilMem:74 - End SaveConfig() Used Memory: 391766288 Bytes (484442112)
2022-10-31 14:31:27,746 [INFO] UtilMem:74 - End SaveConfig() Used Memory: 415873536 Bytes (484442112)
2022-10-31 14:31:28,280 [INFO] BlockDiagram:2753 - set Specific Code input for plugin: NVIC
2022-10-31 14:31:28,281 [INFO] BlockDiagram:2753 - set Specific Code input for plugin: RCC
2022-10-31 14:31:28,281 [INFO] CodeGenerator:690 - code generatio: config db path: C:\ST\STM32CubeIDE_1.9.0\STM32CubeIDE\plugins\com.st.stm32cube.common.mx_6.6.1.202207061420\\db\
2022-10-31 14:31:28,780 [INFO] CodeEngine:245 - oldGeneratedFile, D:\github\mc\stm32\CAN\CAN\MXTmpFiles\license.tmp_save
2022-10-31 14:31:29,367 [INFO] CodeEngine:269 - Generated code: D:\github\mc\stm32\CAN\CAN\MXTmpFiles\license.tmp
2022-10-31 14:31:29,414 [INFO] CodeEngine:245 - oldGeneratedFile, D:\github\mc\stm32\CAN\CAN\Core\Src\stm32f1xx_it.c_save
2022-10-31 14:31:29,680 [INFO] CodeEngine:269 - Generated code: D:\github\mc\stm32\CAN\CAN\Core\Src\stm32f1xx_it.c
2022-10-31 14:31:29,692 [INFO] CodeEngine:245 - oldGeneratedFile, D:\github\mc\stm32\CAN\CAN\Core\Inc\stm32f1xx_it.h_save
2022-10-31 14:31:29,956 [INFO] CodeEngine:269 - Generated code: D:\github\mc\stm32\CAN\CAN\Core\Inc\stm32f1xx_it.h
2022-10-31 14:31:30,145 [INFO] CodeEngine:245 - oldGeneratedFile, D:\github\mc\stm32\CAN\CAN\Core\Src\stm32f1xx_hal_msp.c_save
2022-10-31 14:31:30,466 [INFO] CodeEngine:269 - Generated code: D:\github\mc\stm32\CAN\CAN\Core\Src\stm32f1xx_hal_msp.c
2022-10-31 14:31:30,477 [INFO] CodeEngine:245 - oldGeneratedFile, D:\github\mc\stm32\CAN\CAN\MXTmpFiles\system.tmp_save
2022-10-31 14:31:30,575 [INFO] CodeEngine:269 - Generated code: D:\github\mc\stm32\CAN\CAN\MXTmpFiles\system.tmp
2022-10-31 14:31:30,595 [INFO] CodeEngine:245 - oldGeneratedFile, D:\github\mc\stm32\CAN\CAN\Core\Inc\stm32f1xx_hal_conf.h_save
2022-10-31 14:31:30,783 [INFO] CodeEngine:269 - Generated code: D:\github\mc\stm32\CAN\CAN\Core\Inc\stm32f1xx_hal_conf.h
2022-10-31 14:31:30,879 [INFO] CodeEngine:245 - oldGeneratedFile, D:\github\mc\stm32\CAN\CAN\Core\Inc\main.h_save
2022-10-31 14:31:31,010 [INFO] CodeEngine:269 - Generated code: D:\github\mc\stm32\CAN\CAN\Core\Inc\main.h
2022-10-31 14:31:31,031 [INFO] CodeEngine:245 - oldGeneratedFile, D:\github\mc\stm32\CAN\CAN\Core\Src\main.c_save
2022-10-31 14:31:31,235 [INFO] CodeEngine:269 - Generated code: D:\github\mc\stm32\CAN\CAN\Core\Src\main.c
2022-10-31 14:31:32,518 [INFO] ProjectBuilder:2919 - Time for Copy HAL[1] : 374mS.
2022-10-31 14:31:32,534 [INFO] ProjectBuilder:4117 - Project Generator version: 3.17.1
2022-10-31 14:31:33,037 [INFO] ConfigFileManager:1394 - The Die is : DIE410
2022-10-31 14:31:33,055 [INFO] ApiDbMcu:505 - Load IP Config File for FATFS
2022-10-31 14:31:33,093 [INFO] ApiDbMcu:505 - Load IP Config File for FREERTOS
2022-10-31 14:31:33,124 [INFO] ApiDbMcu:505 - Load IP Config File for USB_DEVICE
2022-10-31 14:31:38,105 [INFO] ProjectBuilder:4285 - Time for Generating toolchain IDE Files: 5571mS.
2022-10-31 14:31:38,107 [INFO] ProjectBuilder:2790 - Time for Copy CMSIS : 1mS.
2022-10-31 14:31:38,108 [INFO] ProjectBuilder:2790 - Time for Copy CMSIS : 0mS.
2022-10-31 14:31:39,272 [INFO] McuFinderGlobals:57 - Set McuFinderConnectedMode to true
2022-10-31 14:31:39,274 [INFO] ApiDb:443 - Save user favorites file C:\Users\Zver/.stm32cubeide/favorites.mcus.txt: 1 item(s)
2022-10-31 14:31:39,275 [INFO] ApiDb:447 - User favorites MCUs=[STM32F103C8T6]
2022-10-31 14:40:28,631 [INFO] Gpio:272 - dependency for GPIO []
2022-10-31 14:42:16,172 [INFO] Gpio:272 - dependency for GPIO []
2022-10-31 14:42:16,235 [INFO] NvicIntPanel:100 - NVIC parent = com.st.microxplorer.plugins.ip.nvic.MultiNvicIntPanel[,0,0,0x0,invalid,layout=javax.swing.BoxLayout,alignmentX=0.0,alignmentY=0.0,border=,flags=9,maximumSize=,minimumSize=,preferredSize=]
2022-10-31 14:43:03,869 [INFO] Gpio:272 - dependency for GPIO []
2022-10-31 14:46:53,199 [INFO] Can:70 - Can Add PropertyChangeListener com.st.microxplorer.plugins.ip.can.Can@15ad373
2022-10-31 14:50:18,499 [INFO] NvicIntPanel:100 - NVIC parent = com.st.microxplorer.plugins.ip.nvic.MultiNvicIntPanel[,0,0,0x0,invalid,layout=javax.swing.BoxLayout,alignmentX=0.0,alignmentY=0.0,border=,flags=9,maximumSize=,minimumSize=,preferredSize=]
2022-10-31 14:50:24,570 [INFO] NvicIntPanel:100 - NVIC parent = com.st.microxplorer.plugins.ip.nvic.MultiNvicIntPanel[,0,0,0x0,invalid,layout=javax.swing.BoxLayout,alignmentX=0.0,alignmentY=0.0,border=,flags=9,maximumSize=,minimumSize=,preferredSize=]
2022-10-31 14:50:24,622 [INFO] NvicIntPanel:100 - NVIC parent = com.st.microxplorer.plugins.ip.nvic.MultiNvicIntPanel[,0,0,0x0,invalid,layout=javax.swing.BoxLayout,alignmentX=0.0,alignmentY=0.0,border=,flags=9,maximumSize=,minimumSize=,preferredSize=]
2022-10-31 14:50:27,342 [INFO] NvicIntPanel:100 - NVIC parent = com.st.microxplorer.plugins.ip.nvic.MultiNvicIntPanel[,0,0,0x0,invalid,layout=javax.swing.BoxLayout,alignmentX=0.0,alignmentY=0.0,border=,flags=9,maximumSize=,minimumSize=,preferredSize=]
2022-10-31 14:50:27,391 [INFO] NvicIntPanel:100 - NVIC parent = com.st.microxplorer.plugins.ip.nvic.MultiNvicIntPanel[,0,0,0x0,invalid,layout=javax.swing.BoxLayout,alignmentX=0.0,alignmentY=0.0,border=,flags=9,maximumSize=,minimumSize=,preferredSize=]
2022-10-31 14:51:53,760 [INFO] NvicIntPanel:100 - NVIC parent = com.st.microxplorer.plugins.ip.nvic.MultiNvicIntPanel[,0,0,0x0,invalid,layout=javax.swing.BoxLayout,alignmentX=0.0,alignmentY=0.0,border=,flags=9,maximumSize=,minimumSize=,preferredSize=]
2022-10-31 14:51:57,388 [INFO] NvicIntPanel:100 - NVIC parent = com.st.microxplorer.plugins.ip.nvic.MultiNvicIntPanel[,0,0,0x0,invalid,layout=javax.swing.BoxLayout,alignmentX=0.0,alignmentY=0.0,border=,flags=9,maximumSize=,minimumSize=,preferredSize=]
2022-10-31 14:54:13,454 [INFO] UtilMem:74 - End SaveConfig() Used Memory: 377250880 Bytes (625999872)
2022-10-31 14:54:15,286 [INFO] UtilMem:74 - End SaveConfig() Used Memory: 397784824 Bytes (625999872)
2022-10-31 14:54:18,686 [INFO] UtilMem:74 - End SaveConfig() Used Memory: 298569952 Bytes (625999872)
2022-10-31 14:54:19,120 [INFO] BlockDiagram:2753 - set Specific Code input for plugin: NVIC
2022-10-31 14:54:19,121 [INFO] BlockDiagram:2753 - set Specific Code input for plugin: SYS
2022-10-31 14:54:19,121 [INFO] BlockDiagram:2753 - set Specific Code input for plugin: GPIO
2022-10-31 14:54:19,122 [INFO] BlockDiagram:2753 - set Specific Code input for plugin: CAN
2022-10-31 14:54:19,122 [INFO] BlockDiagram:2753 - set Specific Code input for plugin: RCC
2022-10-31 14:54:19,238 [INFO] CodeGenerator:690 - code generatio: config db path: C:\ST\STM32CubeIDE_1.9.0\STM32CubeIDE\plugins\com.st.stm32cube.common.mx_6.6.1.202207061420\\db\
2022-10-31 14:54:19,470 [INFO] CodeEngine:245 - oldGeneratedFile, D:\github\mc\stm32\CAN\CAN\MXTmpFiles\license.tmp_save
2022-10-31 14:54:19,706 [INFO] CodeEngine:269 - Generated code: D:\github\mc\stm32\CAN\CAN\MXTmpFiles\license.tmp
2022-10-31 14:54:19,747 [INFO] CodeEngine:245 - oldGeneratedFile, D:\github\mc\stm32\CAN\CAN\MXTmpFiles\gpio.tmp_save
2022-10-31 14:54:19,908 [INFO] CodeEngine:269 - Generated code: D:\github\mc\stm32\CAN\CAN\MXTmpFiles\gpio.tmp
2022-10-31 14:54:19,971 [INFO] CodeEngine:245 - oldGeneratedFile, D:\github\mc\stm32\CAN\CAN\Core\Src\stm32f1xx_it.c_save
2022-10-31 14:54:20,133 [INFO] CodeEngine:269 - Generated code: D:\github\mc\stm32\CAN\CAN\Core\Src\stm32f1xx_it.c
2022-10-31 14:54:20,142 [INFO] CodeEngine:245 - oldGeneratedFile, D:\github\mc\stm32\CAN\CAN\Core\Inc\stm32f1xx_it.h_save
2022-10-31 14:54:20,229 [INFO] CodeEngine:269 - Generated code: D:\github\mc\stm32\CAN\CAN\Core\Inc\stm32f1xx_it.h
2022-10-31 14:54:20,306 [INFO] CodeEngine:245 - oldGeneratedFile, D:\github\mc\stm32\CAN\CAN\Core\Src\stm32f1xx_hal_msp.c_save
2022-10-31 14:54:20,431 [INFO] CodeEngine:269 - Generated code: D:\github\mc\stm32\CAN\CAN\Core\Src\stm32f1xx_hal_msp.c
2022-10-31 14:54:20,435 [INFO] CodeEngine:245 - oldGeneratedFile, D:\github\mc\stm32\CAN\CAN\MXTmpFiles\system.tmp_save
2022-10-31 14:54:20,496 [INFO] CodeEngine:269 - Generated code: D:\github\mc\stm32\CAN\CAN\MXTmpFiles\system.tmp
2022-10-31 14:54:20,524 [INFO] CodeEngine:245 - oldGeneratedFile, D:\github\mc\stm32\CAN\CAN\Core\Inc\stm32f1xx_hal_conf.h_save
2022-10-31 14:54:20,660 [INFO] CodeEngine:269 - Generated code: D:\github\mc\stm32\CAN\CAN\Core\Inc\stm32f1xx_hal_conf.h
2022-10-31 14:54:20,725 [INFO] CodeEngine:245 - oldGeneratedFile, D:\github\mc\stm32\CAN\CAN\Core\Inc\main.h_save
2022-10-31 14:54:20,850 [INFO] CodeEngine:269 - Generated code: D:\github\mc\stm32\CAN\CAN\Core\Inc\main.h
2022-10-31 14:54:20,889 [INFO] CodeEngine:245 - oldGeneratedFile, D:\github\mc\stm32\CAN\CAN\Core\Src\main.c_save
2022-10-31 14:54:21,079 [INFO] CodeEngine:269 - Generated code: D:\github\mc\stm32\CAN\CAN\Core\Src\main.c
2022-10-31 14:54:21,770 [INFO] ProjectBuilder:2919 - Time for Copy HAL[1] : 156mS.
2022-10-31 14:54:21,773 [INFO] ProjectBuilder:4117 - Project Generator version: 3.17.1
2022-10-31 14:54:22,199 [INFO] ConfigFileManager:1394 - The Die is : DIE410
2022-10-31 14:54:23,714 [INFO] ProjectBuilder:4285 - Time for Generating toolchain IDE Files: 1941mS.
2022-10-31 14:54:23,715 [INFO] ProjectBuilder:2790 - Time for Copy CMSIS : 0mS.
2022-10-31 14:54:23,716 [INFO] ProjectBuilder:2790 - Time for Copy CMSIS : 0mS.
2022-11-01 01:04:16,132 [INFO] Gpio:272 - dependency for GPIO [CAN, RCC, SYS]
2022-11-01 02:06:56,937 [ERROR] LogOutputStream:74 - [STDERR_REDIRECT] 
