2022-10-27 20:25:35,898 [INFO] Activator:177 - 


2022-10-27 20:25:35,899 [INFO] Activator:178 - !SESSION log4j initialized
2022-10-27 20:25:38,235 [INFO] McuFinderGlobals:44 - Set McuFinder mode to 2 (CubeIDE integrated)
2022-10-27 20:25:39,137 [INFO] ApplicationProperties:181 - Using Application install path: C:\ST\STM32CubeIDE_1.9.0\STM32CubeIDE\plugins\com.st.stm32cube.common.mx_6.6.1.202207061420
2022-10-27 20:25:39,151 [INFO] DbMcusXml:77 - Set database path to: C:\ST\STM32CubeIDE_1.9.0\STM32CubeIDE\plugins\com.st.stm32cube.common.mx_6.6.1.202207061420\\db\/mcu/
2022-10-27 20:25:39,152 [INFO] ApiDb:269 - Set plugin database path to: C:\ST\STM32CubeIDE_1.9.0\STM32CubeIDE\plugins\com.st.stm32cube.common.mx_6.6.1.202207061420\\db\/plugins/boardmanager/
2022-10-27 20:25:39,156 [WARN] ApiDb:254 - Overriding images path with different value:  => C:\ST\STM32CubeIDE_1.9.0\STM32CubeIDE\plugins\com.st.stm32cube.common.mx_6.6.1.202207061420\\db\/plugins/mcufinder/images/
2022-10-27 20:25:39,169 [INFO] ApiDb:249 - Set database path to: C:\Users\Zver\.stmcufinder\plugins\mcufinder//mcu/
2022-10-27 20:25:39,171 [INFO] DbMcusAds:124 - Set database path to: C:\Users\Zver\.stmcufinder\plugins\mcufinder//mcu/
2022-10-27 20:25:39,429 [INFO] CrossReferenceDbSqlite:201 - Set database path to: C:\Users\Zver\.stmcufinder\plugins\mcufinder//mcu/cs/
2022-10-27 20:25:39,505 [INFO] RulesReader:61 - Compatibility file has been processed (282 Rules)
2022-10-27 20:25:39,661 [INFO] DbMcusXml:77 - Set database path to: C:\ST\STM32CubeIDE_1.9.0\STM32CubeIDE\plugins\com.st.stm32cube.common.mx_6.6.1.202207061420\\db\/mcu/
2022-10-27 20:25:39,662 [INFO] ApiDb:269 - Set plugin database path to: C:\ST\STM32CubeIDE_1.9.0\STM32CubeIDE\plugins\com.st.stm32cube.common.mx_6.6.1.202207061420\\db\/plugins/boardmanager/
2022-10-27 20:25:39,662 [INFO] ApiDb:256 - Set plugin images path to: C:\ST\STM32CubeIDE_1.9.0\STM32CubeIDE\plugins\com.st.stm32cube.common.mx_6.6.1.202207061420\\db\/plugins/mcufinder/images/
2022-10-27 20:25:39,662 [WARN] DbFile:40 - Overriding database path with different value: C:\Users\Zver\.stmcufinder\plugins\mcufinder/ => C:\Users\Zver\.stmcufinder\plugins\mcufinder
2022-10-27 20:25:39,662 [INFO] ApiDb:249 - Set database path to: C:\Users\Zver\.stmcufinder\plugins\mcufinder//mcu/
2022-10-27 20:25:39,663 [WARN] DbFile:40 - Overriding database path with different value: C:\Users\Zver\.stmcufinder\plugins\mcufinder/ => C:\Users\Zver\.stmcufinder\plugins\mcufinder
2022-10-27 20:25:39,663 [INFO] DbMcusAds:124 - Set database path to: C:\Users\Zver\.stmcufinder\plugins\mcufinder//mcu/
2022-10-27 20:25:39,664 [WARN] DbFile:40 - Overriding database path with different value: C:\Users\Zver\.stmcufinder\plugins\mcufinder/ => C:\Users\Zver\.stmcufinder\plugins\mcufinder
2022-10-27 20:25:39,664 [WARN] DbFile:40 - Overriding database path with different value: C:\Users\Zver\.stmcufinder\plugins\mcufinder/ => C:\Users\Zver\.stmcufinder\plugins\mcufinder
2022-10-27 20:25:39,664 [INFO] CrossReferenceDbSqlite:201 - Set database path to: C:\Users\Zver\.stmcufinder\plugins\mcufinder//mcu/cs/
2022-10-27 20:25:39,772 [INFO] MainPanel:242 - HeapMemory: 268435456
2022-10-27 20:25:39,872 [INFO] DbMcusXml:77 - Set database path to: C:\ST\STM32CubeIDE_1.9.0\STM32CubeIDE\plugins\com.st.stm32cube.common.mx_6.6.1.202207061420\\db\/mcu/
2022-10-27 20:25:39,872 [INFO] ApiDb:269 - Set plugin database path to: C:\ST\STM32CubeIDE_1.9.0\STM32CubeIDE\plugins\com.st.stm32cube.common.mx_6.6.1.202207061420\\db\/plugins/boardmanager/
2022-10-27 20:25:39,872 [INFO] ApiDb:256 - Set plugin images path to: C:\ST\STM32CubeIDE_1.9.0\STM32CubeIDE\plugins\com.st.stm32cube.common.mx_6.6.1.202207061420\\db\/plugins/mcufinder/images/
2022-10-27 20:25:39,873 [WARN] DbFile:40 - Overriding database path with different value: C:\Users\Zver\.stmcufinder\plugins\mcufinder/ => C:\Users\Zver\.stmcufinder\plugins\mcufinder
2022-10-27 20:25:39,873 [INFO] ApiDb:249 - Set database path to: C:\Users\Zver\.stmcufinder\plugins\mcufinder//mcu/
2022-10-27 20:25:39,873 [WARN] DbFile:40 - Overriding database path with different value: C:\Users\Zver\.stmcufinder\plugins\mcufinder/ => C:\Users\Zver\.stmcufinder\plugins\mcufinder
2022-10-27 20:25:39,874 [INFO] DbMcusAds:124 - Set database path to: C:\Users\Zver\.stmcufinder\plugins\mcufinder//mcu/
2022-10-27 20:25:39,874 [WARN] DbFile:40 - Overriding database path with different value: C:\Users\Zver\.stmcufinder\plugins\mcufinder/ => C:\Users\Zver\.stmcufinder\plugins\mcufinder
2022-10-27 20:25:39,874 [WARN] DbFile:40 - Overriding database path with different value: C:\Users\Zver\.stmcufinder\plugins\mcufinder/ => C:\Users\Zver\.stmcufinder\plugins\mcufinder
2022-10-27 20:25:39,874 [INFO] CrossReferenceDbSqlite:201 - Set database path to: C:\Users\Zver\.stmcufinder\plugins\mcufinder//mcu/cs/
2022-10-27 20:25:39,904 [INFO] ApplicationProperties:181 - Using Application install path: C:\ST\STM32CubeIDE_1.9.0\STM32CubeIDE\plugins\com.st.stm32cube.common.mx_6.6.1.202207061420
2022-10-27 20:25:39,905 [INFO] PluginManage:193 - Search for loadable plugins [exclusion list=, ]
2022-10-27 20:25:39,906 [INFO] PluginManage:307 - Check plugin analytics
2022-10-27 20:25:40,074 [INFO] AnalyticsPlugin:262 - Accepted Software Licenses: 
2022-10-27 20:25:40,075 [INFO] AnalyticsPlugin:264 - Accepted CMSIS Pack Licenses: 
2022-10-27 20:25:40,076 [INFO] AnalyticsPlugin:266 - Accepted Firmware Licenses: 
2022-10-27 20:25:40,084 [INFO] PluginManage:356 - Loaded plugin analytics (category:tool,tabindex:-1)
2022-10-27 20:25:40,084 [INFO] PluginManage:307 - Check plugin cadmodel
2022-10-27 20:25:40,088 [INFO] CADModel:65 - Init CAD model plugin
2022-10-27 20:25:40,089 [INFO] PluginManage:356 - Loaded plugin cadmodel (category:power,tabindex:5)
2022-10-27 20:25:40,089 [INFO] PluginManage:307 - Check plugin clock
2022-10-27 20:25:40,100 [INFO] PluginManage:356 - Loaded plugin clock (category:base,tabindex:2)
2022-10-27 20:25:40,101 [INFO] PluginManage:307 - Check plugin ddr
2022-10-27 20:25:40,103 [INFO] PluginManage:356 - Loaded plugin ddr (category:tool,tabindex:6)
2022-10-27 20:25:40,104 [INFO] PluginManage:307 - Check plugin filemanager
2022-10-27 20:25:40,263 [INFO] PluginManage:356 - Loaded plugin filemanager (category:base,tabindex:10)
2022-10-27 20:25:40,264 [INFO] PluginManage:307 - Check plugin ipmanager
2022-10-27 20:25:40,281 [INFO] PluginManage:356 - Loaded plugin ipmanager (category:base,tabindex:5)
2022-10-27 20:25:40,281 [INFO] PluginManage:307 - Check plugin lpbam
2022-10-27 20:25:40,290 [INFO] PluginManage:356 - Loaded plugin lpbam (category:base,tabindex:0)
2022-10-27 20:25:40,291 [INFO] PluginManage:307 - Check plugin pinoutandconfiguration
2022-10-27 20:25:40,300 [INFO] PluginManage:356 - Loaded plugin pinoutandconfiguration (category:base,tabindex:1)
2022-10-27 20:25:40,300 [INFO] PluginManage:307 - Check plugin pinoutconfig
2022-10-27 20:25:40,363 [INFO] PluginManage:356 - Loaded plugin pinoutconfig (category:base,tabindex:0)
2022-10-27 20:25:40,363 [INFO] PluginManage:307 - Check plugin power
2022-10-27 20:25:40,373 [INFO] PluginManage:356 - Loaded plugin power (category:power,tabindex:4)
2022-10-27 20:25:40,373 [INFO] PluginManage:307 - Check plugin projectmanager
2022-10-27 20:25:40,391 [INFO] PluginManage:356 - Loaded plugin projectmanager (category:projectmanager,tabindex:3)
2022-10-27 20:25:40,392 [INFO] PluginManage:307 - Check plugin thirdparty
2022-10-27 20:25:40,524 [WARN] IntegrityCheckThread:82 - waiting for thirdparty lock release [integrity check]
2022-10-27 20:25:40,524 [INFO] PluginManage:356 - Loaded plugin thirdparty (category:base,tabindex:-1)
2022-10-27 20:25:40,524 [INFO] IntegrityCheckThread:84 - entering critical section [integrity check]
2022-10-27 20:25:40,525 [INFO] PluginManage:307 - Check plugin tools
2022-10-27 20:25:40,527 [INFO] PluginManage:356 - Loaded plugin tools (category:base,tabindex:7)
2022-10-27 20:25:40,527 [INFO] ThirdPartyUpdaterWithRetryManager:70 - Updater plugin not ready yet. [1/15]
2022-10-27 20:25:40,527 [INFO] PluginManage:307 - Check plugin tutovideos
2022-10-27 20:25:40,683 [INFO] PluginManage:356 - Loaded plugin tutovideos (category:base,tabindex:-1)
2022-10-27 20:25:40,683 [INFO] PluginManage:307 - Check plugin updater
2022-10-27 20:25:40,694 [INFO] PluginManage:356 - Loaded plugin updater (category:base,tabindex:12)
2022-10-27 20:25:40,694 [INFO] PluginManage:280 - PluginManage : Loaded plugins [15]
2022-10-27 20:25:41,049 [INFO] PinOutPanel:1468 - setPackage(No Configuration,No Configuration)
2022-10-27 20:25:41,143 [INFO] CADModel:98 - CPN selected for project level
2022-10-27 20:25:41,156 [INFO] IPUIPlugin:79 - create IPUIPlugin
2022-10-27 20:25:41,157 [INFO] PluginManager:217 - loadIPPluginJar : add adc
2022-10-27 20:25:41,159 [INFO] IPUIPlugin:79 - create IPUIPlugin
2022-10-27 20:25:41,159 [INFO] PluginManager:217 - loadIPPluginJar : add aes
2022-10-27 20:25:41,172 [INFO] IPUIPlugin:79 - create IPUIPlugin
2022-10-27 20:25:41,172 [INFO] PluginManager:217 - loadIPPluginJar : add can
2022-10-27 20:25:41,173 [INFO] IPUIPlugin:79 - create IPUIPlugin
2022-10-27 20:25:41,174 [INFO] PluginManager:217 - loadIPPluginJar : add comp
2022-10-27 20:25:41,175 [INFO] IPUIPlugin:79 - create IPUIPlugin
2022-10-27 20:25:41,175 [INFO] PluginManager:217 - loadIPPluginJar : add cryp
2022-10-27 20:25:41,177 [INFO] IPUIPlugin:79 - create IPUIPlugin
2022-10-27 20:25:41,177 [INFO] PluginManager:217 - loadIPPluginJar : add dfsdm
2022-10-27 20:25:41,183 [INFO] IPUIPlugin:79 - create IPUIPlugin
2022-10-27 20:25:41,183 [INFO] PluginManager:217 - loadIPPluginJar : add dma
2022-10-27 20:25:41,185 [INFO] IPUIPlugin:79 - create IPUIPlugin
2022-10-27 20:25:41,185 [INFO] PluginManager:217 - loadIPPluginJar : add dma3
2022-10-27 20:25:41,186 [INFO] IPUIPlugin:79 - create IPUIPlugin
2022-10-27 20:25:41,186 [INFO] PluginManager:217 - loadIPPluginJar : add fatfs
2022-10-27 20:25:41,189 [INFO] IPUIPlugin:79 - create IPUIPlugin
2022-10-27 20:25:41,189 [INFO] PluginManager:217 - loadIPPluginJar : add fmc
2022-10-27 20:25:41,196 [INFO] IPUIPlugin:79 - create IPUIPlugin
2022-10-27 20:25:41,197 [INFO] PluginManager:217 - loadIPPluginJar : add freertos
2022-10-27 20:25:41,198 [INFO] IPUIPlugin:79 - create IPUIPlugin
2022-10-27 20:25:41,199 [INFO] PluginManager:217 - loadIPPluginJar : add genericplugin
2022-10-27 20:25:41,200 [INFO] IPUIPlugin:79 - create IPUIPlugin
2022-10-27 20:25:41,201 [INFO] PluginManager:217 - loadIPPluginJar : add gfxmmu
2022-10-27 20:25:41,204 [INFO] IPUIPlugin:79 - create IPUIPlugin
2022-10-27 20:25:41,204 [INFO] PluginManager:217 - loadIPPluginJar : add gic
2022-10-27 20:25:41,208 [INFO] IPUIPlugin:79 - create IPUIPlugin
2022-10-27 20:25:41,208 [INFO] PluginManager:217 - loadIPPluginJar : add gpio
2022-10-27 20:25:41,210 [INFO] IPUIPlugin:79 - create IPUIPlugin
2022-10-27 20:25:41,210 [INFO] PluginManager:217 - loadIPPluginJar : add gtzc
2022-10-27 20:25:41,211 [INFO] IPUIPlugin:79 - create IPUIPlugin
2022-10-27 20:25:41,211 [INFO] PluginManager:217 - loadIPPluginJar : add hash
2022-10-27 20:25:41,215 [INFO] IPUIPlugin:79 - create IPUIPlugin
2022-10-27 20:25:41,215 [INFO] PluginManager:217 - loadIPPluginJar : add i2c
2022-10-27 20:25:41,216 [INFO] IPUIPlugin:79 - create IPUIPlugin
2022-10-27 20:25:41,216 [INFO] PluginManager:217 - loadIPPluginJar : add i2s
2022-10-27 20:25:41,218 [INFO] IPUIPlugin:79 - create IPUIPlugin
2022-10-27 20:25:41,219 [INFO] PluginManager:217 - loadIPPluginJar : add ipddr
2022-10-27 20:25:41,223 [INFO] IPUIPlugin:79 - create IPUIPlugin
2022-10-27 20:25:41,223 [INFO] PluginManager:217 - loadIPPluginJar : add linkedlist
2022-10-27 20:25:41,225 [INFO] IPUIPlugin:79 - create IPUIPlugin
2022-10-27 20:25:41,225 [INFO] PluginManager:217 - loadIPPluginJar : add lorawan
2022-10-27 20:25:41,226 [INFO] IPUIPlugin:79 - create IPUIPlugin
2022-10-27 20:25:41,226 [INFO] PluginManager:217 - loadIPPluginJar : add ltdc
2022-10-27 20:25:41,230 [INFO] IPUIPlugin:79 - create IPUIPlugin
2022-10-27 20:25:41,230 [INFO] PluginManager:217 - loadIPPluginJar : add mdma
2022-10-27 20:25:41,233 [INFO] IPUIPlugin:79 - create IPUIPlugin
2022-10-27 20:25:41,233 [INFO] PluginManager:217 - loadIPPluginJar : add nvic
2022-10-27 20:25:41,236 [INFO] IPUIPlugin:79 - create IPUIPlugin
2022-10-27 20:25:41,236 [INFO] PluginManager:217 - loadIPPluginJar : add opamp
2022-10-27 20:25:41,238 [INFO] IPUIPlugin:79 - create IPUIPlugin
2022-10-27 20:25:41,239 [INFO] PluginManager:217 - loadIPPluginJar : add openamp
2022-10-27 20:25:41,241 [INFO] IPUIPlugin:79 - create IPUIPlugin
2022-10-27 20:25:41,241 [INFO] PluginManager:217 - loadIPPluginJar : add pdm2pcm
2022-10-27 20:25:41,247 [INFO] IPUIPlugin:79 - create IPUIPlugin
2022-10-27 20:25:41,250 [INFO] PluginManager:217 - loadIPPluginJar : add plateformsettings
2022-10-27 20:25:41,251 [INFO] IPUIPlugin:79 - create IPUIPlugin
2022-10-27 20:25:41,251 [INFO] PluginManager:217 - loadIPPluginJar : add quadspi
2022-10-27 20:25:41,254 [INFO] IPUIPlugin:79 - create IPUIPlugin
2022-10-27 20:25:41,254 [INFO] PluginManager:217 - loadIPPluginJar : add resmgrutility
2022-10-27 20:25:41,257 [INFO] IPUIPlugin:79 - create IPUIPlugin
2022-10-27 20:25:41,257 [INFO] PluginManager:217 - loadIPPluginJar : add sai
2022-10-27 20:25:41,259 [INFO] IPUIPlugin:79 - create IPUIPlugin
2022-10-27 20:25:41,259 [INFO] PluginManager:217 - loadIPPluginJar : add spi
2022-10-27 20:25:41,263 [INFO] IPUIPlugin:79 - create IPUIPlugin
2022-10-27 20:25:41,263 [INFO] PluginManager:217 - loadIPPluginJar : add stm32_wpan
2022-10-27 20:25:41,265 [INFO] IPUIPlugin:79 - create IPUIPlugin
2022-10-27 20:25:41,265 [INFO] PluginManager:217 - loadIPPluginJar : add tim
2022-10-27 20:25:41,268 [INFO] IPUIPlugin:79 - create IPUIPlugin
2022-10-27 20:25:41,268 [INFO] PluginManager:217 - loadIPPluginJar : add touchsensing
2022-10-27 20:25:41,270 [INFO] IPUIPlugin:79 - create IPUIPlugin
2022-10-27 20:25:41,270 [INFO] PluginManager:217 - loadIPPluginJar : add tracer_emb
2022-10-27 20:25:41,272 [INFO] IPUIPlugin:79 - create IPUIPlugin
2022-10-27 20:25:41,272 [INFO] PluginManager:217 - loadIPPluginJar : add ts
2022-10-27 20:25:41,274 [INFO] IPUIPlugin:79 - create IPUIPlugin
2022-10-27 20:25:41,274 [INFO] PluginManager:217 - loadIPPluginJar : add tsc
2022-10-27 20:25:41,276 [INFO] IPUIPlugin:79 - create IPUIPlugin
2022-10-27 20:25:41,276 [INFO] PluginManager:217 - loadIPPluginJar : add ucpd
2022-10-27 20:25:41,278 [INFO] IPUIPlugin:79 - create IPUIPlugin
2022-10-27 20:25:41,278 [INFO] PluginManager:217 - loadIPPluginJar : add usart
2022-10-27 20:25:41,281 [INFO] IPUIPlugin:79 - create IPUIPlugin
2022-10-27 20:25:41,281 [INFO] PluginManager:217 - loadIPPluginJar : add usbx
2022-10-27 20:25:41,546 [FATAL] Updater:301 - Updater called before beeing initialized
2022-10-27 20:25:41,680 [FATAL] Updater:301 - Updater called before beeing initialized
2022-10-27 20:25:41,685 [INFO] DbMcusAds:52 - JSON generation date=Thu Sep 30 09:56:37 MSK 2021 (1632984997303)
2022-10-27 20:25:41,686 [FATAL] Updater:301 - Updater called before beeing initialized
2022-10-27 20:25:41,764 [WARN] DetailPanel:344 - Failed to get advertising image, set to default
2022-10-27 20:25:41,877 [FATAL] Updater:301 - Updater called before beeing initialized
2022-10-27 20:25:41,879 [FATAL] Updater:301 - Updater called before beeing initialized
2022-10-27 20:25:41,879 [FATAL] Updater:301 - Updater called before beeing initialized
2022-10-27 20:25:41,879 [WARN] DetailPanel:344 - Failed to get advertising image, set to default
2022-10-27 20:25:41,879 [FATAL] Updater:301 - Updater called before beeing initialized
2022-10-27 20:25:41,917 [ERROR] Updater:1105 - MainUpdater not yet initialized. External WinMGr cannot be set.
2022-10-27 20:25:41,920 [INFO] Updater:1041 - Updater Version found : 6.6.1
2022-10-27 20:25:41,932 [INFO] ApplicationProperties:181 - Using Application install path: C:\ST\STM32CubeIDE_1.9.0\STM32CubeIDE\plugins\com.st.stm32cube.common.mx_6.6.1.202207061420
2022-10-27 20:25:43,527 [INFO] ThirdPartyUpdaterWithRetryManager:70 - Updater plugin not ready yet. [2/15]
2022-10-27 20:25:44,499 [INFO] MainUpdater:2768 - connection check result : 10
2022-10-27 20:25:44,500 [INFO] MainUpdater:280 - Updater Check For Update Now.
2022-10-27 20:25:44,500 [INFO] MicroXplorer:481 - Change Database Version : DB.6.0.60
2022-10-27 20:25:44,649 [INFO] CheckServerUpdateThread:119 - End of CheckServer Thread
2022-10-27 20:25:44,706 [INFO] MainUpdater:2768 - connection check result : 10
2022-10-27 20:25:44,959 [INFO] McuFinderGlobals:57 - Set McuFinderConnectedMode to true
2022-10-27 20:25:44,968 [INFO] MultiScanPanel:195 - Auto-refresh data requested => check proxy status ongoing
2022-10-27 20:25:44,972 [INFO] FinderPluginLoader:92 - Searching for filters in installed packs
2022-10-27 20:25:45,086 [INFO] ApiDb:576 - Connected to CubeFinder SQLite database (C:\Users\Zver\.stmcufinder\plugins\mcufinder\mcu\cube-finder-db.db)
2022-10-27 20:25:45,105 [INFO] ApiDb:663 - CubeFinder database Data Model version=2.1
2022-10-27 20:25:45,106 [INFO] ApiDb:664 - CubeFinder database Configuration version=3.0.32
2022-10-27 20:25:45,106 [INFO] ApiDb:665 - CubeFinder database generation date=2022-08-05 (1659688109)
2022-10-27 20:25:45,106 [INFO] ApiDb:666 - CubeFinder database FW Pack versions=[STM32Cube_FW_C0_V1.0.0, STM32Cube_FW_F4_V1.27.1, STM32Cube_FW_F7_V1.17.0, STM32Cube_FW_G0_V1.6.1, STM32Cube_FW_G4_V1.5.0, STM32Cube_FW_H7_V1.10.0, STM32Cube_FW_L5_V1.4.0, STM32Cube_FW_U5_V1.1.1, STM32Cube_FW_WB_V1.14.1, STM32Cube_FW_WL_V1.2.0, X-CUBE-ALGOBUILD_V1.3.0, X-CUBE-ALS_V1.0.1, X-CUBE-AZRTOS-F4_V1.1.0, X-CUBE-AZRTOS-F7_V1.1.0, X-CUBE-AZRTOS-G0_V1.1.0, X-CUBE-AZRTOS-G4_V1.0.0, X-CUBE-AZRTOS-H7_V2.1.0, X-CUBE-AZRTOS-L4_V1.0.0, X-CUBE-AZRTOS-L5_V1.0.0, X-CUBE-AZRTOS-WL_V1.0.0, X-CUBE-BLE1_V6.2.3, X-CUBE-BLE2_V3.3.0, X-CUBE-EEPRMA1_V3.1.1, X-CUBE-GNSS1_V6.0.0, X-CUBE-MEMS1_V9.1.0, X-CUBE-MEMS1_V9.3.0, X-CUBE-NFC4_V2.0.4, X-CUBE-NFC7_V1.0.0, X-CUBE-SFXS2LP1_V4.0.0, X-CUBE-SUBG2_V5.0.0]
2022-10-27 20:25:46,534 [INFO] ApiDb:239 - Found 138 in-development CPN: [B-WB1M-WPAN1, NUCLEO-C031C6, STEVAL-STWINBX1, STM320518-EVAL, STM32C0116-DK, STM32C011D6Y3TR, STM32C011D6Y6TR, STM32C011F4P3, STM32C011F4P6, STM32C011F4U3, STM32C011F4U6TR, STM32C011F6P3, STM32C011F6P6, STM32C011F6U3, STM32C011F6U6TR, STM32C011J4M3, STM32C011J4M6, STM32C011J6M3, STM32C011J6M6, STM32C0316-DK, STM32C031C4T3, STM32C031C4T6, STM32C031C4U3, STM32C031C4U6, STM32C031C6T3, STM32C031C6T6, STM32C031C6U3, STM32C031C6U6, STM32C031F4P3, STM32C031F4P6, STM32C031F6P3, STM32C031F6P6, STM32C031G4U3, STM32C031G4U6, STM32C031G6U3, STM32C031G6U6, STM32C031K4T3, STM32C031K4T6, STM32C031K4U3, STM32C031K4U6, STM32C031K6T3, STM32C031K6T6, STM32C031K6U3, STM32C031K6U6, STM32G071K8TXN, STM32G071K8UXN, STM32G081GBU6N, STM32G081KBT6N, STM32G081KBUXN, STM32G0B1CCT6N, STM32G0B1KCT6, STM32G0B1NEY6TR, STM32G0B1RCT6N, STM32G0C1CCT6, STM32G0C1CCT6N, STM32G0C1CCU6N, STM32G0C1CET6N, STM32G0C1CEU6N, STM32G0C1KCT6, STM32G0C1NEY6TR, STM32G0C1RCI6N, STM32G0C1RCT6N, STM32G0C1REI6N, STM32G0C1RET6N, STM32G0C1VCI6, STM32G0C1VEI6, STM32G471CCT6, STM32G471CCU6, STM32G471CET3, STM32G471CET6, STM32G471CEU3, STM32G471CEU6, STM32G471MCT6, STM32G471MET3, STM32G471MET6, STM32G471MEY6TR, STM32G471QCT6, STM32G471QET3, STM32G471RCT6, STM32G471RET3, STM32G471RET6, STM32G471VCH6, STM32G471VCI6, STM32G471VCT6, STM32G471VEH3, STM32G471VEH6, STM32G471VEI3, STM32G471VEI6, STM32G471VET3, STM32G471VET6, STM32G474CCT6, STM32L476VGY6PTR, STM32L4R5QGI6STR, STM32MP131AAE3, STM32MP131AAF3, STM32MP131AAG3, STM32MP131CAE3, STM32MP131CAF3, STM32MP131CAG3, STM32MP131DAE7, STM32MP131DAF7, STM32MP131DAG7, STM32MP131FAE7, STM32MP131FAF7, STM32MP131FAG7, STM32MP133AAE3, STM32MP133AAF3, STM32MP133AAG3, STM32MP133CAE3, STM32MP133CAF3, STM32MP133CAG3, STM32MP133DAE7, STM32MP133DAF7, STM32MP133DAG7, STM32MP133FAE7, STM32MP133FAF7, STM32MP133FAG7, STM32MP135AAE3, STM32MP135AAF3, STM32MP135AAG3, STM32MP135CAE3, STM32MP135CAF3, STM32MP135CAG3, STM32MP135DAE7, STM32MP135DAF7, STM32MP135DAG7, STM32MP135F-DK, STM32MP135FAE7, STM32MP135FAF7, STM32MP135FAG7, STM32U595ZJT6Q, STM32U599BJY6QTR, STM32U599NIH6Q, STM32U599NJH6Q, STM32U5A5ZJT6Q, STM32U5A9BJY6QTR, STM32U5A9NJH6Q, STM32WB1MMCH6]
2022-10-27 20:25:46,538 [INFO] DbMcus:215 - Found 3542 MCUs, 3542 are supported
2022-10-27 20:25:46,541 [INFO] ApiDb:418 - Load user favorites file C:\Users\Zver/.stm32cubeide/favorites.mcus.txt: 1 item(s)
2022-10-27 20:25:46,541 [INFO] ApiDb:422 - User favorites MCUs=[STM32F103C8T6]
2022-10-27 20:25:46,541 [INFO] DbMcus:221 - Set 1 / 1 favorites MCUs
2022-10-27 20:25:46,639 [WARN] PackLoader:242 - Cannot read IP mode file for wolfSSL.I-CUBE-wolfSSL.5.2.0
2022-10-27 20:25:46,652 [WARN] PackLoader:242 - Cannot read IP mode file for STMicroelectronics.X-CUBE-GNSS1.6.0.0
2022-10-27 20:25:46,682 [WARN] PackLoader:242 - Cannot read IP mode file for STMicroelectronics.X-CUBE-AZRTOS-F4.1.1.0
2022-10-27 20:25:46,697 [WARN] PackLoader:242 - Cannot read IP mode file for STMicroelectronics.X-CUBE-BLEMGR.1.2.0
2022-10-27 20:25:46,723 [WARN] PackLoader:242 - Cannot read IP mode file for STMicroelectronics.X-CUBE-AZRTOS-F7.1.1.0
2022-10-27 20:25:46,729 [WARN] PackLoader:242 - Cannot read IP mode file for STMicroelectronics.X-CUBE-AI.7.1.0
2022-10-27 20:25:46,749 [WARN] PackLoader:242 - Cannot read IP mode file for STMicroelectronics.X-CUBE-BLE1.6.2.3
2022-10-27 20:25:46,757 [WARN] PackLoader:242 - Cannot read IP mode file for STMicroelectronics.X-CUBE-BLE1.6.2.2
2022-10-27 20:25:46,765 [WARN] PackLoader:242 - Cannot read IP mode file for STMicroelectronics.X-CUBE-NFC4.2.0.4
2022-10-27 20:25:46,772 [WARN] PackLoader:242 - Cannot read IP mode file for STMicroelectronics.X-CUBE-BLE2.3.2.2
2022-10-27 20:25:46,778 [WARN] PackLoader:242 - Cannot read IP mode file for STMicroelectronics.X-CUBE-NFC4.2.0.3
2022-10-27 20:25:46,796 [WARN] PackLoader:242 - Cannot read IP mode file for STMicroelectronics.X-CUBE-TOF1.3.1.0
2022-10-27 20:25:46,816 [WARN] PackLoader:242 - Cannot read IP mode file for STMicroelectronics.X-CUBE-SFXS2LP1.3.1.0
2022-10-27 20:25:46,857 [WARN] PackLoader:242 - Cannot read IP mode file for STMicroelectronics.X-CUBE-AZRTOS-F4.1.0.0
2022-10-27 20:25:46,872 [WARN] PackLoader:242 - Cannot read IP mode file for STMicroelectronics.X-CUBE-NFC7.1.0.0
2022-10-27 20:25:46,882 [WARN] PackLoader:242 - Cannot read IP mode file for STMicroelectronics.X-CUBE-SUBG2.4.2.0
2022-10-27 20:25:46,930 [WARN] PackLoader:242 - Cannot read IP mode file for STMicroelectronics.X-CUBE-MEMS1.9.3.0
2022-10-27 20:25:47,070 [WARN] PackLoader:242 - Cannot read IP mode file for STMicroelectronics.X-CUBE-AI.7.2.0
2022-10-27 20:25:47,085 [WARN] PackLoader:242 - Cannot read IP mode file for STMicroelectronics.X-CUBE-AZRTOS-G0.1.0.0
2022-10-27 20:25:47,092 [WARN] PackLoader:242 - Cannot read IP mode file for STMicroelectronics.X-CUBE-SFXS2LP1.4.0.0
2022-10-27 20:25:47,097 [WARN] PackLoader:242 - Cannot read IP mode file for STMicroelectronics.X-CUBE-BLE2.3.3.0
2022-10-27 20:25:47,108 [WARN] PackLoader:242 - Cannot read IP mode file for STMicroelectronics.X-CUBE-DISPLAY.2.2.0
2022-10-27 20:25:47,120 [WARN] PackLoader:242 - Cannot read IP mode file for STMicroelectronics.X-CUBE-TOF1.3.2.0
2022-10-27 20:25:47,130 [WARN] PackLoader:242 - Cannot read IP mode file for STMicroelectronics.X-CUBE-TOUCHGFX.4.18.1
2022-10-27 20:25:47,133 [WARN] PackLoader:242 - Cannot read IP mode file for STMicroelectronics.X-CUBE-ISPU.1.0.0
2022-10-27 20:25:47,141 [WARN] PackLoader:242 - Cannot read IP mode file for RoweBots.I-CUBE-UNISONRTOS.5.5.0-4
2022-10-27 20:25:47,161 [WARN] PackLoader:242 - Cannot read IP mode file for STMicroelectronics.X-CUBE-AZRTOS-H7.2.1.0
2022-10-27 20:25:47,171 [WARN] PackLoader:242 - Cannot read IP mode file for STMicroelectronics.X-CUBE-BLEMGR.1.0.0
2022-10-27 20:25:47,178 [WARN] PackLoader:242 - Cannot read IP mode file for STMicroelectronics.X-CUBE-ALGOBUILD.1.3.0
2022-10-27 20:25:47,189 [WARN] PackLoader:242 - Cannot read IP mode file for STMicroelectronics.X-CUBE-AZRTOS-G0.1.1.0
2022-10-27 20:25:47,196 [WARN] PackLoader:242 - Cannot read IP mode file for STMicroelectronics.X-CUBE-SUBG2.5.0.0
2022-10-27 20:25:47,244 [WARN] PackLoader:242 - Cannot read IP mode file for SEGGER.I-CUBE-embOS.1.2.0
2022-10-27 20:25:47,282 [WARN] PackLoader:242 - Cannot read IP mode file for STMicroelectronics.FP-ATR-ASTRA1.1.1.1
2022-10-27 20:25:47,316 [WARN] PackLoader:242 - Cannot read IP mode file for STMicroelectronics.X-CUBE-AZRTOS-H7.2.0.0
2022-10-27 20:25:47,333 [WARN] PackLoader:242 - Cannot read IP mode file for STMicroelectronics.X-CUBE-AZRTOS-G4.1.0.0
2022-10-27 20:25:47,339 [WARN] PackLoader:242 - Cannot read IP mode file for STMicroelectronics.FP-ATR-SIGFOX1.3.2.0
2022-10-27 20:25:47,355 [WARN] PackLoader:242 - Cannot read IP mode file for STMicroelectronics.X-CUBE-AZRTOS-L4.1.0.0
2022-10-27 20:25:47,364 [WARN] PackLoader:242 - Cannot read IP mode file for emotas.I-CUBE-CANOPEN.1.1.2
2022-10-27 20:25:47,366 [WARN] PackLoader:242 - Cannot read IP mode file for STMicroelectronics.X-CUBE-TOUCHGFX.4.20.0
2022-10-27 20:25:47,376 [WARN] PackLoader:242 - Cannot read IP mode file for STMicroelectronics.X-CUBE-AZRTOS-F7.1.0.0
2022-10-27 20:25:47,385 [WARN] PackLoader:242 - Cannot read IP mode file for STMicroelectronics.X-CUBE-AZRTOS-WL.1.0.0
2022-10-27 20:25:47,427 [WARN] PackLoader:242 - Cannot read IP mode file for STMicroelectronics.X-CUBE-MEMS1.9.1.0
2022-10-27 20:25:47,503 [WARN] PackLoader:242 - Cannot read IP mode file for portGmbH.I-Cube-SoM-uGOAL.1.1.0
2022-10-27 20:25:47,507 [WARN] PackLoader:242 - Cannot read IP mode file for STMicroelectronics.X-CUBE-ALS.1.0.1
2022-10-27 20:25:47,519 [WARN] PackLoader:242 - Cannot read IP mode file for STMicroelectronics.X-CUBE-AZRTOS-L5.1.0.0
2022-10-27 20:25:47,524 [WARN] PackLoader:242 - Cannot read IP mode file for STMicroelectronics.X-CUBE-EEPRMA1.3.1.1
2022-10-27 20:25:47,530 [WARN] PackLoader:242 - Cannot read IP mode file for STMicroelectronics.X-CUBE-GNSS1.5.2.0
2022-10-27 20:25:47,533 [WARN] PackLoader:242 - Cannot read IP mode file for STMicroelectronics.X-CUBE-DISPLAY.2.0.1
2022-10-27 20:25:47,539 [WARN] PackLoader:242 - Cannot read IP mode file for STMicroelectronics.X-CUBE-TOF1.3.0.0
2022-10-27 20:25:47,542 [INFO] ThirdParty:929 - Integrity check success = true
2022-10-27 20:25:47,542 [INFO] IntegrityCheckThread:98 - exiting critical section [integrity check]
2022-10-27 20:25:47,542 [INFO] IntegrityCheckThread:101 - End integrity checks thread
2022-10-27 20:25:48,019 [INFO] LoadUrlFilesThread:177 - End of LoadServerUrlFiles without Thread
2022-10-27 20:25:48,043 [INFO] DetailPanel:339 - Set advertising image to C:/Users/Zver/STM32Cube/Repository/\en.Prom_NBSTM32U50921.jpg
2022-10-27 20:25:48,767 [INFO] MultiScanPanel:778 - Auto Refresh Data is not needed
2022-10-27 20:25:48,775 [INFO] ApiDb:663 - CubeFinder database Data Model version=2.1
2022-10-27 20:25:48,775 [INFO] ApiDb:664 - CubeFinder database Configuration version=3.0.32
2022-10-27 20:25:48,775 [INFO] ApiDb:665 - CubeFinder database generation date=2022-08-05 (1659688109)
2022-10-27 20:25:48,776 [INFO] ApiDb:666 - CubeFinder database FW Pack versions=[STM32Cube_FW_C0_V1.0.0, STM32Cube_FW_F4_V1.27.1, STM32Cube_FW_F7_V1.17.0, STM32Cube_FW_G0_V1.6.1, STM32Cube_FW_G4_V1.5.0, STM32Cube_FW_H7_V1.10.0, STM32Cube_FW_L5_V1.4.0, STM32Cube_FW_U5_V1.1.1, STM32Cube_FW_WB_V1.14.1, STM32Cube_FW_WL_V1.2.0, X-CUBE-ALGOBUILD_V1.3.0, X-CUBE-ALS_V1.0.1, X-CUBE-AZRTOS-F4_V1.1.0, X-CUBE-AZRTOS-F7_V1.1.0, X-CUBE-AZRTOS-G0_V1.1.0, X-CUBE-AZRTOS-G4_V1.0.0, X-CUBE-AZRTOS-H7_V2.1.0, X-CUBE-AZRTOS-L4_V1.0.0, X-CUBE-AZRTOS-L5_V1.0.0, X-CUBE-AZRTOS-WL_V1.0.0, X-CUBE-BLE1_V6.2.3, X-CUBE-BLE2_V3.3.0, X-CUBE-EEPRMA1_V3.1.1, X-CUBE-GNSS1_V6.0.0, X-CUBE-MEMS1_V9.1.0, X-CUBE-MEMS1_V9.3.0, X-CUBE-NFC4_V2.0.4, X-CUBE-NFC7_V1.0.0, X-CUBE-SFXS2LP1_V4.0.0, X-CUBE-SUBG2_V5.0.0]
2022-10-27 20:25:48,824 [INFO] DbBoardsSqlite:227 - include board P-NUCLEO-WB55-NUCLEO as a kit item of type 'Nucleo-64'
2022-10-27 20:25:48,825 [INFO] DbBoardsSqlite:227 - include board P-NUCLEO-WB55-USBDONGLE as a kit item of type 'Nucleo USB Dongle'
2022-10-27 20:25:48,825 [INFO] DbBoardsSqlite:227 - include board STEVAL-IDP005V1 as a kit item of type 'Evaluation Board'
2022-10-27 20:25:48,825 [INFO] DbBoardsSqlite:227 - include board STEVAL-IDP005V2 as a kit item of type 'Evaluation Board'
2022-10-27 20:25:48,832 [INFO] ApiDb:239 - Found 138 in-development CPN: [B-WB1M-WPAN1, NUCLEO-C031C6, STEVAL-STWINBX1, STM320518-EVAL, STM32C0116-DK, STM32C011D6Y3TR, STM32C011D6Y6TR, STM32C011F4P3, STM32C011F4P6, STM32C011F4U3, STM32C011F4U6TR, STM32C011F6P3, STM32C011F6P6, STM32C011F6U3, STM32C011F6U6TR, STM32C011J4M3, STM32C011J4M6, STM32C011J6M3, STM32C011J6M6, STM32C0316-DK, STM32C031C4T3, STM32C031C4T6, STM32C031C4U3, STM32C031C4U6, STM32C031C6T3, STM32C031C6T6, STM32C031C6U3, STM32C031C6U6, STM32C031F4P3, STM32C031F4P6, STM32C031F6P3, STM32C031F6P6, STM32C031G4U3, STM32C031G4U6, STM32C031G6U3, STM32C031G6U6, STM32C031K4T3, STM32C031K4T6, STM32C031K4U3, STM32C031K4U6, STM32C031K6T3, STM32C031K6T6, STM32C031K6U3, STM32C031K6U6, STM32G071K8TXN, STM32G071K8UXN, STM32G081GBU6N, STM32G081KBT6N, STM32G081KBUXN, STM32G0B1CCT6N, STM32G0B1KCT6, STM32G0B1NEY6TR, STM32G0B1RCT6N, STM32G0C1CCT6, STM32G0C1CCT6N, STM32G0C1CCU6N, STM32G0C1CET6N, STM32G0C1CEU6N, STM32G0C1KCT6, STM32G0C1NEY6TR, STM32G0C1RCI6N, STM32G0C1RCT6N, STM32G0C1REI6N, STM32G0C1RET6N, STM32G0C1VCI6, STM32G0C1VEI6, STM32G471CCT6, STM32G471CCU6, STM32G471CET3, STM32G471CET6, STM32G471CEU3, STM32G471CEU6, STM32G471MCT6, STM32G471MET3, STM32G471MET6, STM32G471MEY6TR, STM32G471QCT6, STM32G471QET3, STM32G471RCT6, STM32G471RET3, STM32G471RET6, STM32G471VCH6, STM32G471VCI6, STM32G471VCT6, STM32G471VEH3, STM32G471VEH6, STM32G471VEI3, STM32G471VEI6, STM32G471VET3, STM32G471VET6, STM32G474CCT6, STM32L476VGY6PTR, STM32L4R5QGI6STR, STM32MP131AAE3, STM32MP131AAF3, STM32MP131AAG3, STM32MP131CAE3, STM32MP131CAF3, STM32MP131CAG3, STM32MP131DAE7, STM32MP131DAF7, STM32MP131DAG7, STM32MP131FAE7, STM32MP131FAF7, STM32MP131FAG7, STM32MP133AAE3, STM32MP133AAF3, STM32MP133AAG3, STM32MP133CAE3, STM32MP133CAF3, STM32MP133CAG3, STM32MP133DAE7, STM32MP133DAF7, STM32MP133DAG7, STM32MP133FAE7, STM32MP133FAF7, STM32MP133FAG7, STM32MP135AAE3, STM32MP135AAF3, STM32MP135AAG3, STM32MP135CAE3, STM32MP135CAF3, STM32MP135CAG3, STM32MP135DAE7, STM32MP135DAF7, STM32MP135DAG7, STM32MP135F-DK, STM32MP135FAE7, STM32MP135FAF7, STM32MP135FAG7, STM32U595ZJT6Q, STM32U599BJY6QTR, STM32U599NIH6Q, STM32U599NJH6Q, STM32U5A5ZJT6Q, STM32U5A9BJY6QTR, STM32U5A9NJH6Q, STM32WB1MMCH6]
2022-10-27 20:25:48,927 [INFO] BoardInfo:879 - No configuration file found for board P-NUCLEO-WB55
2022-10-27 20:25:48,927 [INFO] DbBoards:156 - Kit is not supported: P-NUCLEO-WB55
2022-10-27 20:25:48,934 [INFO] BoardInfo:879 - No configuration file found for board STEVAL-BFA001V1B
2022-10-27 20:25:48,934 [INFO] DbBoards:156 - Kit is not supported: STEVAL-BFA001V1B
2022-10-27 20:25:48,935 [INFO] BoardInfo:879 - No configuration file found for board STEVAL-BFA001V2B
2022-10-27 20:25:48,935 [INFO] DbBoards:156 - Kit is not supported: STEVAL-BFA001V2B
2022-10-27 20:25:49,035 [INFO] DbBoards:160 - Found 176 boards, 173 are supported
2022-10-27 20:25:49,041 [INFO] ApiDb:418 - Load user favorites file C:\Users\Zver/.stm32cubeide/favorites.boards.txt: 0 item(s)
2022-10-27 20:25:49,041 [INFO] ApiDb:422 - User favorites Boards=[]
2022-10-27 20:25:49,041 [INFO] DbBoards:189 - Set 0 / 0 favorites Boards
2022-10-27 20:26:00,870 [ERROR] LogOutputStream:74 - [STDERR_REDIRECT] SLF4J: Failed to load class "org.slf4j.impl.StaticLoggerBinder".
2022-10-27 20:26:00,871 [ERROR] LogOutputStream:74 - [STDERR_REDIRECT] SLF4J: Defaulting to no-operation (NOP) logger implementation
2022-10-27 20:26:00,873 [ERROR] LogOutputStream:74 - [STDERR_REDIRECT] SLF4J: See http://www.slf4j.org/codes.html#StaticLoggerBinder for further details.
2022-10-27 20:26:13,154 [INFO] MainUpdater:2768 - connection check result : 10
2022-10-27 20:26:13,155 [INFO] MainUpdater:2768 - connection check result : 10
2022-10-27 20:26:13,170 [INFO] MicroXplorer:451 - Change Database Path : 
2022-10-27 20:26:13,170 [INFO] MicroXplorer:481 - Change Database Version : DB.6.0.60
2022-10-27 20:26:13,171 [WARN] ThirdParty:827 - waiting for thirdparty lock release [close project]
2022-10-27 20:26:13,172 [INFO] ThirdParty:829 - entering critical section [close project]
2022-10-27 20:26:13,173 [INFO] ThirdParty:839 - exiting critical section [close project]
2022-10-27 20:26:13,177 [INFO] PinOutPanel:1468 - setPackage(No Configuration,No Configuration)
2022-10-27 20:26:13,183 [INFO] UtilMem:74 - Begin LoadConfig() Used Memory: 192406752 Bytes (363855872)
2022-10-27 20:26:13,185 [INFO] MicroXplorer:451 - Change Database Path : 
2022-10-27 20:26:13,186 [INFO] MicroXplorer:481 - Change Database Version : DB.6.0.60
2022-10-27 20:26:13,187 [INFO] OpenFileManager:307 - Change cursor
2022-10-27 20:26:13,228 [INFO] Mcu:1922 - Initializing MCU STM32F103C8Tx STM32F103C8Tx 
2022-10-27 20:26:13,229 [INFO] Mcu:1935 - No CPN specified => set CPN to STM32F103C8T6
2022-10-27 20:26:13,915 [INFO] Context:654 - Trying to add GPIOservice into a context  which must be forbidden
2022-10-27 20:26:14,119 [INFO] ImportTextPane:193 - (OptionalMessage_ERROR) Unable to find key (Mcu.ThirdPartyNb) in loaded IOC file
2022-10-27 20:26:14,119 [INFO] ImportTextPane:193 - (OptionalMessage_ERROR) Unable to find key (Mcu.PinsNb) in loaded IOC file
2022-10-27 20:26:14,120 [INFO] ImportTextPane:193 - (OptionalMessage_ERROR) Unable to find key (Mcu.IPNb) in loaded IOC file
2022-10-27 20:26:14,180 [WARN] ApiManager:308 - Cannot register API 'Board Extension:GNSS1A1' from pack STMicroelectronics.X-CUBE-GNSS1.6.0.0: no header file found
2022-10-27 20:26:14,180 [WARN] ApiManager:308 - Cannot register API 'Board Support:Custom' from pack STMicroelectronics.X-CUBE-GNSS1.6.0.0: no header file found
2022-10-27 20:26:14,180 [WARN] ApiManager:308 - Cannot register API 'Data Exchange:lib_gnss' from pack STMicroelectronics.X-CUBE-GNSS1.6.0.0: no header file found
2022-10-27 20:26:14,196 [WARN] ApiManager:308 - Cannot register API 'Wireless:BlueNRG-MS' from pack STMicroelectronics.X-CUBE-BLE1.6.2.3: no header file found
2022-10-27 20:26:14,198 [INFO] RtosManager:488 - Registered RTOS mode: class=CMSIS, group=RTOS, mode=CMSIS_V1, owner=FREERTOS
2022-10-27 20:26:14,199 [INFO] RtosManager:488 - Registered RTOS mode: class=CMSIS, group=RTOS2, mode=CMSIS_V2, owner=FREERTOS
2022-10-27 20:26:14,199 [INFO] RtosManager:488 - Registered RTOS mode: class=RTOS, group=Core, mode=CMSIS_V1, owner=FREERTOS
2022-10-27 20:26:14,200 [INFO] RtosManager:488 - Registered RTOS mode: class=RTOS, group=Core, mode=CMSIS_V2, owner=FREERTOS
2022-10-27 20:26:14,200 [WARN] ModelIntegratedComponent:185 - Missing modes for component STMicroelectronics:FreeRTOS:0.0.1:STMicroelectronics:RTOS:FreeRTOS:Core:::10.2.0:
2022-10-27 20:26:14,205 [WARN] ApiManager:308 - Cannot register API 'Board Extension:S2868A1' from pack STMicroelectronics.X-CUBE-SUBG2.5.0.0: no header file found
2022-10-27 20:26:14,205 [WARN] ApiManager:308 - Cannot register API 'Board Extension:S2868A2' from pack STMicroelectronics.X-CUBE-SUBG2.5.0.0: no header file found
2022-10-27 20:26:14,205 [WARN] ApiManager:308 - Cannot register API 'Board Extension:S2915A1' from pack STMicroelectronics.X-CUBE-SUBG2.5.0.0: no header file found
2022-10-27 20:26:14,212 [WARN] ApiManager:308 - Cannot register API 'Wireless:BlueNRG-MS' from pack STMicroelectronics.X-CUBE-BLE1.6.2.2: no header file found
2022-10-27 20:26:14,212 [WARN] ApiManager:308 - Cannot register API 'Board Extension:NFC04A1' from pack STMicroelectronics.X-CUBE-NFC4.2.0.4: no header file found
2022-10-27 20:26:14,213 [WARN] ApiManager:308 - Cannot register API 'Wireless:BlueNRG-2' from pack STMicroelectronics.X-CUBE-BLE2.3.2.2: no header file found
2022-10-27 20:26:14,214 [WARN] ApiManager:308 - Cannot register API 'Board Extension:NFC04A1' from pack STMicroelectronics.X-CUBE-NFC4.2.0.3: no header file found
2022-10-27 20:26:14,217 [WARN] ApiManager:308 - Cannot register API 'Board Extension:S2868A1' from pack STMicroelectronics.X-CUBE-SFXS2LP1.3.1.0: no header file found
2022-10-27 20:26:14,217 [WARN] ApiManager:308 - Cannot register API 'Board Extension:S2868A2' from pack STMicroelectronics.X-CUBE-SFXS2LP1.3.1.0: no header file found
2022-10-27 20:26:14,217 [WARN] ApiManager:308 - Cannot register API 'Board Extension:S2915A1' from pack STMicroelectronics.X-CUBE-SFXS2LP1.3.1.0: no header file found
2022-10-27 20:26:14,222 [WARN] ModelIntegratedComponent:64 - No mode defined for component null
2022-10-27 20:26:14,222 [WARN] ModelIntegratedComponent:64 - No mode defined for component null
2022-10-27 20:26:14,222 [WARN] ModelIntegratedComponent:64 - No mode defined for component null
2022-10-27 20:26:14,222 [WARN] ModelIntegratedComponent:64 - No mode defined for component null
2022-10-27 20:26:14,222 [WARN] ModelIntegratedComponent:64 - No mode defined for component null
2022-10-27 20:26:14,223 [WARN] ModelIntegratedComponent:64 - No mode defined for component null
2022-10-27 20:26:14,223 [WARN] ModelIntegratedComponent:64 - No mode defined for component null
2022-10-27 20:26:14,223 [WARN] ModelIntegratedComponent:64 - No mode defined for component null
2022-10-27 20:26:14,223 [WARN] ModelIntegratedComponent:64 - No mode defined for component null
2022-10-27 20:26:14,223 [WARN] ModelIntegratedComponent:64 - No mode defined for component null
2022-10-27 20:26:14,223 [WARN] ModelIntegratedComponent:64 - No mode defined for component null
2022-10-27 20:26:14,223 [WARN] ModelIntegratedComponent:64 - No mode defined for component null
2022-10-27 20:26:14,223 [WARN] ModelIntegratedComponent:64 - No mode defined for component null
2022-10-27 20:26:14,223 [WARN] ModelIntegratedComponent:64 - No mode defined for component null
2022-10-27 20:26:14,223 [WARN] ModelIntegratedComponent:64 - No mode defined for component null
2022-10-27 20:26:14,223 [WARN] ModelIntegratedComponent:64 - No mode defined for component null
2022-10-27 20:26:14,223 [WARN] ModelIntegratedComponent:64 - No mode defined for component null
2022-10-27 20:26:14,223 [WARN] ModelIntegratedComponent:64 - No mode defined for component null
2022-10-27 20:26:14,224 [WARN] ModelIntegratedComponent:64 - No mode defined for component null
2022-10-27 20:26:14,224 [WARN] ModelIntegratedComponent:64 - No mode defined for component null
2022-10-27 20:26:14,224 [WARN] ModelIntegratedComponent:64 - No mode defined for component null
2022-10-27 20:26:14,224 [WARN] ModelIntegratedComponent:64 - No mode defined for component null
2022-10-27 20:26:14,224 [WARN] ModelIntegratedComponent:64 - No mode defined for component null
2022-10-27 20:26:14,224 [WARN] ModelIntegratedComponent:64 - No mode defined for component null
2022-10-27 20:26:14,224 [WARN] ModelIntegratedComponent:64 - No mode defined for component null
2022-10-27 20:26:14,224 [WARN] ModelIntegratedComponent:64 - No mode defined for component null
2022-10-27 20:26:14,224 [WARN] ModelIntegratedComponent:64 - No mode defined for component null
2022-10-27 20:26:14,224 [WARN] ModelIntegratedComponent:64 - No mode defined for component null
2022-10-27 20:26:14,224 [WARN] ModelIntegratedComponent:64 - No mode defined for component null
2022-10-27 20:26:14,224 [WARN] ModelIntegratedComponent:64 - No mode defined for component null
2022-10-27 20:26:14,224 [WARN] ModelIntegratedComponent:64 - No mode defined for component null
2022-10-27 20:26:14,224 [WARN] ModelIntegratedComponent:64 - No mode defined for component null
2022-10-27 20:26:14,224 [WARN] ModelIntegratedComponent:64 - No mode defined for component null
2022-10-27 20:26:14,226 [WARN] ApiManager:308 - Cannot register API 'Board Extension:NFC07A1' from pack STMicroelectronics.X-CUBE-NFC7.1.0.0: no header file found
2022-10-27 20:26:14,229 [WARN] ApiManager:308 - Cannot register API 'Board Extension:S2868A1' from pack STMicroelectronics.X-CUBE-SUBG2.4.2.0: no header file found
2022-10-27 20:26:14,229 [WARN] ApiManager:308 - Cannot register API 'Board Extension:S2868A2' from pack STMicroelectronics.X-CUBE-SUBG2.4.2.0: no header file found
2022-10-27 20:26:14,229 [WARN] ApiManager:308 - Cannot register API 'Board Extension:S2915A1' from pack STMicroelectronics.X-CUBE-SUBG2.4.2.0: no header file found
2022-10-27 20:26:14,311 [WARN] ApiManager:308 - Cannot register API 'Board Extension:IKS01A3' from pack STMicroelectronics.X-CUBE-MEMS1.9.1.0: no header file found
2022-10-27 20:26:14,312 [WARN] ApiManager:308 - Cannot register API 'Board Extension:IKS01A2' from pack STMicroelectronics.X-CUBE-MEMS1.9.1.0: no header file found
2022-10-27 20:26:14,312 [WARN] ApiManager:308 - Cannot register API 'Board Extension:IKS02A1' from pack STMicroelectronics.X-CUBE-MEMS1.9.1.0: no header file found
2022-10-27 20:26:14,364 [WARN] ApiManager:308 - Cannot register API 'Board Extension:IKS01A3' from pack STMicroelectronics.X-CUBE-MEMS1.9.3.0: no header file found
2022-10-27 20:26:14,364 [WARN] ApiManager:308 - Cannot register API 'Board Extension:IKS01A2' from pack STMicroelectronics.X-CUBE-MEMS1.9.3.0: no header file found
2022-10-27 20:26:14,364 [WARN] ApiManager:308 - Cannot register API 'Board Extension:IKS02A1' from pack STMicroelectronics.X-CUBE-MEMS1.9.3.0: no header file found
2022-10-27 20:26:14,370 [WARN] ApiManager:308 - Cannot register API 'Board Extension:EEPRMA1' from pack STMicroelectronics.X-CUBE-EEPRMA1.3.1.1: no header file found
2022-10-27 20:26:14,370 [WARN] ApiManager:308 - Cannot register API 'Board Extension:EEPRMA2' from pack STMicroelectronics.X-CUBE-EEPRMA1.3.1.1: no header file found
2022-10-27 20:26:14,370 [WARN] ApiManager:308 - Cannot register API 'Board Extension:GNSS1A1' from pack STMicroelectronics.X-CUBE-GNSS1.5.2.0: no header file found
2022-10-27 20:26:14,370 [WARN] ApiManager:308 - Cannot register API 'Board Support:Custom' from pack STMicroelectronics.X-CUBE-GNSS1.5.2.0: no header file found
2022-10-27 20:26:14,370 [WARN] ApiManager:308 - Cannot register API 'Data Exchange:lib_gnss' from pack STMicroelectronics.X-CUBE-GNSS1.5.2.0: no header file found
2022-10-27 20:26:14,371 [WARN] ApiManager:308 - Cannot register API 'Board Extension:S2868A1' from pack STMicroelectronics.X-CUBE-SFXS2LP1.4.0.0: no header file found
2022-10-27 20:26:14,371 [WARN] ApiManager:308 - Cannot register API 'Board Extension:S2868A2' from pack STMicroelectronics.X-CUBE-SFXS2LP1.4.0.0: no header file found
2022-10-27 20:26:14,371 [WARN] ApiManager:308 - Cannot register API 'Board Extension:S2915A1' from pack STMicroelectronics.X-CUBE-SFXS2LP1.4.0.0: no header file found
2022-10-27 20:26:14,371 [WARN] ApiManager:308 - Cannot register API 'Wireless:BlueNRG-2' from pack STMicroelectronics.X-CUBE-BLE2.3.3.0: no header file found
2022-10-27 20:26:14,381 [INFO] ThirdPartyModel:289 - Start build external matchings
2022-10-27 20:26:15,009 [INFO] ThirdPartyModel:302 - End build external matchings
2022-10-27 20:26:15,209 [INFO] UtilMem:74 - End LoadConfig() Used Memory: 169352224 Bytes (363855872)
2022-10-27 20:26:15,224 [WARN] ThirdParty:789 - waiting for thirdparty lock release [change project]
2022-10-27 20:26:15,225 [INFO] ThirdParty:791 - entering critical section [change project]
2022-10-27 20:26:15,225 [INFO] ThirdParty:981 - CMSIS Pack Vendor :wolfSSL I-CUBE-wolfSSL 5.2.0
2022-10-27 20:26:15,225 [INFO] ThirdParty:981 - CMSIS Pack Vendor :RoweBots I-CUBE-UNISONRTOS 5.5.0-4
2022-10-27 20:26:15,225 [INFO] ThirdParty:981 - CMSIS Pack Vendor :STMicroelectronics X-CUBE-GNSS1 6.0.0
2022-10-27 20:26:15,226 [INFO] ThirdParty:981 - CMSIS Pack Vendor :STMicroelectronics X-CUBE-AZRTOS-H7 2.1.0
2022-10-27 20:26:15,226 [INFO] ThirdParty:981 - CMSIS Pack Vendor :STMicroelectronics USB_HOST 2.0.0
2022-10-27 20:26:15,226 [INFO] ThirdParty:981 - CMSIS Pack Vendor :STMicroelectronics X-CUBE-AZRTOS-F4 1.1.0
2022-10-27 20:26:15,226 [INFO] ThirdParty:981 - CMSIS Pack Vendor :STMicroelectronics LIBJPEG 8.0.0
2022-10-27 20:26:15,226 [INFO] ThirdParty:981 - CMSIS Pack Vendor :STMicroelectronics USB_DEVICE 3.0.0
2022-10-27 20:26:15,226 [INFO] ThirdParty:981 - CMSIS Pack Vendor :STMicroelectronics X-CUBE-BLEMGR 1.0.0
2022-10-27 20:26:15,226 [INFO] ThirdParty:981 - CMSIS Pack Vendor :STMicroelectronics X-CUBE-BLEMGR 1.2.0
2022-10-27 20:26:15,226 [INFO] ThirdParty:981 - CMSIS Pack Vendor :STMicroelectronics X-CUBE-AZRTOS-F7 1.1.0
2022-10-27 20:26:15,226 [INFO] ThirdParty:981 - CMSIS Pack Vendor :STMicroelectronics USB_DEVICE 2.0.0
2022-10-27 20:26:15,226 [INFO] ThirdParty:981 - CMSIS Pack Vendor :STMicroelectronics X-CUBE-AI 7.1.0
2022-10-27 20:26:15,226 [INFO] ThirdParty:981 - CMSIS Pack Vendor :STMicroelectronics X-CUBE-BLE1 6.2.3
2022-10-27 20:26:15,227 [INFO] ThirdParty:981 - CMSIS Pack Vendor :STMicroelectronics X-CUBE-ALGOBUILD 1.3.0
2022-10-27 20:26:15,227 [INFO] ThirdParty:981 - CMSIS Pack Vendor :STMicroelectronics FreeRTOS 0.0.1
2022-10-27 20:26:15,227 [INFO] ThirdParty:981 - CMSIS Pack Vendor :STMicroelectronics X-CUBE-AZRTOS-G0 1.1.0
2022-10-27 20:26:15,227 [INFO] ThirdParty:981 - CMSIS Pack Vendor :STMicroelectronics X-CUBE-SUBG2 5.0.0
2022-10-27 20:26:15,227 [INFO] ThirdParty:981 - CMSIS Pack Vendor :SEGGER I-CUBE-embOS 1.2.0
2022-10-27 20:26:15,227 [INFO] ThirdParty:981 - CMSIS Pack Vendor :STMicroelectronics STM32_WPAN 1.0.0
2022-10-27 20:26:15,227 [INFO] ThirdParty:981 - CMSIS Pack Vendor :STMicroelectronics lwIP 2.0.3
2022-10-27 20:26:15,227 [INFO] ThirdParty:981 - CMSIS Pack Vendor :STMicroelectronics X-CUBE-BLE1 6.2.2
2022-10-27 20:26:15,227 [INFO] ThirdParty:981 - CMSIS Pack Vendor :STMicroelectronics X-CUBE-NFC4 2.0.4
2022-10-27 20:26:15,227 [INFO] ThirdParty:981 - CMSIS Pack Vendor :STMicroelectronics X-CUBE-BLE2 3.2.2
2022-10-27 20:26:15,227 [INFO] ThirdParty:981 - CMSIS Pack Vendor :STMicroelectronics USB_HOST 1.0.0
2022-10-27 20:26:15,227 [INFO] ThirdParty:981 - CMSIS Pack Vendor :STMicroelectronics X-CUBE-NFC4 2.0.3
2022-10-27 20:26:15,227 [INFO] ThirdParty:981 - CMSIS Pack Vendor :STMicroelectronics PDM2PCM 3.1.0
2022-10-27 20:26:15,227 [INFO] ThirdParty:981 - CMSIS Pack Vendor :STMicroelectronics FP-ATR-ASTRA1 1.1.1
2022-10-27 20:26:15,228 [INFO] ThirdParty:981 - CMSIS Pack Vendor :STMicroelectronics PDM2PCM 3.3.0
2022-10-27 20:26:15,228 [INFO] ThirdParty:981 - CMSIS Pack Vendor :STMicroelectronics X-CUBE-TOF1 3.1.0
2022-10-27 20:26:15,228 [INFO] ThirdParty:981 - CMSIS Pack Vendor :STMicroelectronics X-CUBE-SFXS2LP1 3.1.0
2022-10-27 20:26:15,228 [INFO] ThirdParty:981 - CMSIS Pack Vendor :STMicroelectronics X-CUBE-AZRTOS-F4 1.0.0
2022-10-27 20:26:15,228 [INFO] ThirdParty:981 - CMSIS Pack Vendor :STMicroelectronics X-CUBE-AZRTOS-H7 2.0.0
2022-10-27 20:26:15,228 [INFO] ThirdParty:981 - CMSIS Pack Vendor :STMicroelectronics X-CUBE-AZRTOS-G4 1.0.0
2022-10-27 20:26:15,228 [INFO] ThirdParty:981 - CMSIS Pack Vendor :STMicroelectronics FP-ATR-SIGFOX1 3.2.0
2022-10-27 20:26:15,228 [INFO] ThirdParty:981 - CMSIS Pack Vendor :STMicroelectronics X-CUBE-AZRTOS-L4 1.0.0
2022-10-27 20:26:15,228 [INFO] ThirdParty:981 - CMSIS Pack Vendor :STMicroelectronics HAL Drivers 0.0.0
2022-10-27 20:26:15,228 [INFO] ThirdParty:981 - CMSIS Pack Vendor :STMicroelectronics MBEDTLS 2.16.2
2022-10-27 20:26:15,228 [INFO] ThirdParty:981 - CMSIS Pack Vendor :emotas I-CUBE-CANOPEN 1.1.2
2022-10-27 20:26:15,228 [INFO] ThirdParty:981 - CMSIS Pack Vendor :STMicroelectronics X-CUBE-TOUCHGFX 4.20.0
2022-10-27 20:26:15,228 [INFO] ThirdParty:981 - CMSIS Pack Vendor :STMicroelectronics MBEDTLS 2.14.1
2022-10-27 20:26:15,228 [INFO] ThirdParty:981 - CMSIS Pack Vendor :STMicroelectronics X-CUBE-NFC7 1.0.0
2022-10-27 20:26:15,228 [INFO] ThirdParty:981 - CMSIS Pack Vendor :STMicroelectronics X-CUBE-AZRTOS-F7 1.0.0
2022-10-27 20:26:15,228 [INFO] ThirdParty:981 - CMSIS Pack Vendor :STMicroelectronics X-CUBE-AZRTOS-WL 1.0.0
2022-10-27 20:26:15,229 [INFO] ThirdParty:981 - CMSIS Pack Vendor :STMicroelectronics X-CUBE-SUBG2 4.2.0
2022-10-27 20:26:15,229 [INFO] ThirdParty:981 - CMSIS Pack Vendor :STMicroelectronics X-CUBE-MEMS1 9.1.0
2022-10-27 20:26:15,229 [INFO] ThirdParty:981 - CMSIS Pack Vendor :STMicroelectronics X-CUBE-MEMS1 9.3.0
2022-10-27 20:26:15,229 [INFO] ThirdParty:981 - CMSIS Pack Vendor :portGmbH I-Cube-SoM-uGOAL 1.1.0
2022-10-27 20:26:15,229 [INFO] ThirdParty:981 - CMSIS Pack Vendor :STMicroelectronics X-CUBE-ALS 1.0.1
2022-10-27 20:26:15,229 [INFO] ThirdParty:981 - CMSIS Pack Vendor :STMicroelectronics X-CUBE-AI 7.2.0
2022-10-27 20:26:15,229 [INFO] ThirdParty:981 - CMSIS Pack Vendor :STMicroelectronics ThreadX 1.0.0
2022-10-27 20:26:15,229 [INFO] ThirdParty:981 - CMSIS Pack Vendor :STMicroelectronics X-CUBE-AZRTOS-L5 1.0.0
2022-10-27 20:26:15,229 [INFO] ThirdParty:981 - CMSIS Pack Vendor :STMicroelectronics USB_DEVICE 1.0.0
2022-10-27 20:26:15,229 [INFO] ThirdParty:981 - CMSIS Pack Vendor :STMicroelectronics X-CUBE-AZRTOS-G0 1.0.0
2022-10-27 20:26:15,229 [INFO] ThirdParty:981 - CMSIS Pack Vendor :STMicroelectronics X-CUBE-EEPRMA1 3.1.1
2022-10-27 20:26:15,229 [INFO] ThirdParty:981 - CMSIS Pack Vendor :STMicroelectronics X-CUBE-GNSS1 5.2.0
2022-10-27 20:26:15,229 [INFO] ThirdParty:981 - CMSIS Pack Vendor :STMicroelectronics ThreadX 0.0.2
2022-10-27 20:26:15,230 [INFO] ThirdParty:981 - CMSIS Pack Vendor :STMicroelectronics lwIP 2.1.2
2022-10-27 20:26:15,230 [INFO] ThirdParty:981 - CMSIS Pack Vendor :STMicroelectronics X-CUBE-SFXS2LP1 4.0.0
2022-10-27 20:26:15,230 [INFO] ThirdParty:981 - CMSIS Pack Vendor :STMicroelectronics X-CUBE-BLE2 3.3.0
2022-10-27 20:26:15,230 [INFO] ThirdParty:981 - CMSIS Pack Vendor :STMicroelectronics X-CUBE-DISPLAY 2.0.1
2022-10-27 20:26:15,230 [INFO] ThirdParty:981 - CMSIS Pack Vendor :STMicroelectronics X-CUBE-DISPLAY 2.2.0
2022-10-27 20:26:15,230 [INFO] ThirdParty:981 - CMSIS Pack Vendor :STMicroelectronics X-CUBE-TOF1 3.2.0
2022-10-27 20:26:15,230 [INFO] ThirdParty:981 - CMSIS Pack Vendor :STMicroelectronics PDM2PCM 3.2.0
2022-10-27 20:26:15,230 [INFO] ThirdParty:981 - CMSIS Pack Vendor :STMicroelectronics X-CUBE-TOUCHGFX 4.18.1
2022-10-27 20:26:15,230 [INFO] ThirdParty:981 - CMSIS Pack Vendor :STMicroelectronics X-CUBE-TOF1 3.0.0
2022-10-27 20:26:15,230 [INFO] ThirdParty:981 - CMSIS Pack Vendor :STMicroelectronics X-CUBE-ISPU 1.0.0
2022-10-27 20:26:15,230 [INFO] ThirdParty:797 - exiting critical section [change project]
2022-10-27 20:26:15,472 [INFO] PinOutPanel:1468 - setPackage(No Configuration,No Configuration)
2022-10-27 20:26:15,474 [INFO] PinOutPanel:1468 - setPackage(STM32F103C8Tx,LQFP48)
2022-10-27 20:26:15,889 [INFO] UtilMem:74 - Before build in PCC Used Memory: 205605720 Bytes (363855872)
2022-10-27 20:26:16,690 [INFO] UtilMem:74 - After build in PCC Used Memory: 287661424 Bytes (363855872)
2022-10-27 20:26:16,718 [INFO] IPUIPlugin:79 - create IPUIPlugin
2022-10-27 20:26:16,719 [INFO] IPUIPlugin:79 - create IPUIPlugin
2022-10-27 20:26:16,719 [INFO] IPUIPlugin:79 - create IPUIPlugin
2022-10-27 20:26:16,719 [INFO] IPUIPlugin:79 - create IPUIPlugin
2022-10-27 20:26:16,719 [INFO] IPUIPlugin:79 - create IPUIPlugin
2022-10-27 20:26:16,719 [INFO] IPUIPlugin:79 - create IPUIPlugin
2022-10-27 20:26:16,719 [INFO] IPUIPlugin:79 - create IPUIPlugin
2022-10-27 20:26:16,720 [INFO] IPUIPlugin:79 - create IPUIPlugin
2022-10-27 20:26:16,720 [INFO] IPUIPlugin:79 - create IPUIPlugin
2022-10-27 20:26:16,720 [INFO] IPUIPlugin:79 - create IPUIPlugin
2022-10-27 20:26:16,720 [INFO] IPUIPlugin:79 - create IPUIPlugin
2022-10-27 20:26:16,720 [INFO] IPUIPlugin:79 - create IPUIPlugin
2022-10-27 20:26:16,720 [INFO] IPUIPlugin:79 - create IPUIPlugin
2022-10-27 20:26:16,721 [INFO] IPUIPlugin:79 - create IPUIPlugin
2022-10-27 20:26:16,721 [INFO] IPUIPlugin:79 - create IPUIPlugin
2022-10-27 20:26:16,721 [INFO] IPUIPlugin:79 - create IPUIPlugin
2022-10-27 20:26:16,721 [INFO] IPUIPlugin:79 - create IPUIPlugin
2022-10-27 20:26:16,721 [INFO] IPUIPlugin:79 - create IPUIPlugin
2022-10-27 20:26:16,721 [INFO] IPUIPlugin:79 - create IPUIPlugin
2022-10-27 20:26:16,722 [INFO] IPUIPlugin:79 - create IPUIPlugin
2022-10-27 20:26:16,722 [INFO] IPUIPlugin:79 - create IPUIPlugin
2022-10-27 20:26:16,722 [INFO] IPUIPlugin:79 - create IPUIPlugin
2022-10-27 20:26:16,722 [INFO] IPUIPlugin:79 - create IPUIPlugin
2022-10-27 20:26:16,723 [INFO] IPUIPlugin:79 - create IPUIPlugin
2022-10-27 20:26:16,723 [INFO] IPUIPlugin:79 - create IPUIPlugin
2022-10-27 20:26:16,723 [INFO] IPUIPlugin:79 - create IPUIPlugin
2022-10-27 20:26:16,724 [INFO] IPUIPlugin:79 - create IPUIPlugin
2022-10-27 20:26:16,944 [INFO] OpenFileManager:327 - Restore cursor
2022-10-27 20:26:17,335 [INFO] UtilMem:74 - End SaveConfig() Used Memory: 276073272 Bytes (363855872)
2022-10-27 20:26:17,381 [INFO] UtilMem:74 - End SaveConfig() Used Memory: 286183552 Bytes (363855872)
2022-10-27 20:26:17,770 [INFO] BlockDiagram:2753 - set Specific Code input for plugin: NVIC
2022-10-27 20:26:17,770 [INFO] BlockDiagram:2753 - set Specific Code input for plugin: RCC
2022-10-27 20:26:17,771 [INFO] CodeGenerator:690 - code generatio: config db path: C:\ST\STM32CubeIDE_1.9.0\STM32CubeIDE\plugins\com.st.stm32cube.common.mx_6.6.1.202207061420\\db\
2022-10-27 20:26:18,011 [INFO] CodeEngine:245 - oldGeneratedFile, D:\github\mc\stm32\ADC_Joystick\ADC_Joystick\MXTmpFiles\license.tmp_save
2022-10-27 20:26:18,401 [INFO] CodeEngine:269 - Generated code: D:\github\mc\stm32\ADC_Joystick\ADC_Joystick\MXTmpFiles\license.tmp
2022-10-27 20:26:18,415 [INFO] CodeEngine:245 - oldGeneratedFile, D:\github\mc\stm32\ADC_Joystick\ADC_Joystick\Core\Src\stm32f1xx_it.c_save
2022-10-27 20:26:18,601 [INFO] CodeEngine:269 - Generated code: D:\github\mc\stm32\ADC_Joystick\ADC_Joystick\Core\Src\stm32f1xx_it.c
2022-10-27 20:26:18,611 [INFO] CodeEngine:245 - oldGeneratedFile, D:\github\mc\stm32\ADC_Joystick\ADC_Joystick\Core\Inc\stm32f1xx_it.h_save
2022-10-27 20:26:18,717 [INFO] CodeEngine:269 - Generated code: D:\github\mc\stm32\ADC_Joystick\ADC_Joystick\Core\Inc\stm32f1xx_it.h
2022-10-27 20:26:18,789 [INFO] CodeEngine:245 - oldGeneratedFile, D:\github\mc\stm32\ADC_Joystick\ADC_Joystick\Core\Src\stm32f1xx_hal_msp.c_save
2022-10-27 20:26:18,944 [INFO] CodeEngine:269 - Generated code: D:\github\mc\stm32\ADC_Joystick\ADC_Joystick\Core\Src\stm32f1xx_hal_msp.c
2022-10-27 20:26:18,951 [INFO] CodeEngine:245 - oldGeneratedFile, D:\github\mc\stm32\ADC_Joystick\ADC_Joystick\MXTmpFiles\system.tmp_save
2022-10-27 20:26:19,056 [INFO] CodeEngine:269 - Generated code: D:\github\mc\stm32\ADC_Joystick\ADC_Joystick\MXTmpFiles\system.tmp
2022-10-27 20:26:19,065 [INFO] CodeEngine:245 - oldGeneratedFile, D:\github\mc\stm32\ADC_Joystick\ADC_Joystick\Core\Inc\stm32f1xx_hal_conf.h_save
2022-10-27 20:26:19,282 [INFO] CodeEngine:269 - Generated code: D:\github\mc\stm32\ADC_Joystick\ADC_Joystick\Core\Inc\stm32f1xx_hal_conf.h
2022-10-27 20:26:19,338 [INFO] CodeEngine:245 - oldGeneratedFile, D:\github\mc\stm32\ADC_Joystick\ADC_Joystick\Core\Inc\main.h_save
2022-10-27 20:26:19,456 [INFO] CodeEngine:269 - Generated code: D:\github\mc\stm32\ADC_Joystick\ADC_Joystick\Core\Inc\main.h
2022-10-27 20:26:19,463 [INFO] CodeEngine:245 - oldGeneratedFile, D:\github\mc\stm32\ADC_Joystick\ADC_Joystick\Core\Src\main.c_save
2022-10-27 20:26:19,638 [INFO] CodeEngine:269 - Generated code: D:\github\mc\stm32\ADC_Joystick\ADC_Joystick\Core\Src\main.c
2022-10-27 20:26:20,471 [INFO] ProjectBuilder:2919 - Time for Copy HAL[1] : 117mS.
2022-10-27 20:26:20,505 [INFO] ProjectBuilder:4117 - Project Generator version: 3.17.1
2022-10-27 20:26:20,934 [INFO] ConfigFileManager:1394 - The Die is : DIE410
2022-10-27 20:26:20,949 [INFO] ApiDbMcu:505 - Load IP Config File for FATFS
2022-10-27 20:26:20,984 [INFO] ApiDbMcu:505 - Load IP Config File for FREERTOS
2022-10-27 20:26:21,010 [INFO] ApiDbMcu:505 - Load IP Config File for USB_DEVICE
2022-10-27 20:26:24,180 [INFO] ProjectBuilder:4285 - Time for Generating toolchain IDE Files: 3675mS.
2022-10-27 20:26:24,182 [INFO] ProjectBuilder:2790 - Time for Copy CMSIS : 1mS.
2022-10-27 20:26:24,183 [INFO] ProjectBuilder:2790 - Time for Copy CMSIS : 0mS.
2022-10-27 20:26:26,315 [INFO] McuFinderGlobals:57 - Set McuFinderConnectedMode to true
2022-10-27 20:26:26,316 [INFO] ApiDb:443 - Save user favorites file C:\Users\Zver/.stm32cubeide/favorites.mcus.txt: 1 item(s)
2022-10-27 20:26:26,316 [INFO] ApiDb:447 - User favorites MCUs=[STM32F103C8T6]
2022-10-27 20:29:22,596 [INFO] ParamManager:829 - [Generic UI] PropertyChangeEvent: TAB_STATUS_CHANGED , "dont care", "never mind"
2022-10-27 20:29:22,614 [INFO] ParamManager:829 - [Generic UI] PropertyChangeEvent: TAB_STATUS_CHANGED , "dont care", "never mind"
2022-10-27 20:29:22,624 [INFO] ADCParametersView:113 -                Rank 1 : false
2022-10-27 20:29:22,707 [INFO] ADCParametersView:113 -                Rank 1 : false
2022-10-27 20:29:22,707 [INFO] ADCParametersView:113 -                Rank 1 : false
2022-10-27 20:29:22,707 [INFO] ADCParametersView:113 -                Rank 1 : false
2022-10-27 20:29:22,707 [INFO] ADCParametersView:113 -                Rank 1 : false
2022-10-27 20:29:22,708 [INFO] ADCParametersView:113 -                Rank 1 : false
2022-10-27 20:29:22,708 [INFO] ADCParametersView:113 -                Rank 1 : false
2022-10-27 20:29:22,708 [INFO] ADCParametersView:113 -                Rank 1 : false
2022-10-27 20:29:22,708 [INFO] ADCParametersView:113 -                Rank 1 : false
2022-10-27 20:29:22,708 [INFO] ADCParametersView:113 -                Rank 1 : false
2022-10-27 20:29:22,708 [INFO] ADCParametersView:113 -                Rank 1 : false
2022-10-27 20:29:22,714 [INFO] ADCParametersView:113 -                Rank 1 : false
2022-10-27 20:29:22,770 [INFO] NvicIntPanel:100 - NVIC parent = com.st.microxplorer.plugins.ip.nvic.MultiNvicIntPanel[,0,0,0x0,invalid,layout=javax.swing.BoxLayout,alignmentX=0.0,alignmentY=0.0,border=,flags=9,maximumSize=,minimumSize=,preferredSize=]
2022-10-27 20:29:22,828 [INFO] NvicIntPanel:100 - NVIC parent = com.st.microxplorer.plugins.ip.nvic.MultiNvicIntPanel[,0,0,0x0,invalid,layout=javax.swing.BoxLayout,alignmentX=0.0,alignmentY=0.0,border=,flags=9,maximumSize=,minimumSize=,preferredSize=]
2022-10-27 20:29:22,877 [INFO] ADCParametersView:113 -                Rank 1 : false
2022-10-27 20:29:22,877 [INFO] ADCParametersView:113 -                Rank 1 : false
2022-10-27 20:29:22,877 [INFO] ADCParametersView:113 -                Rank 1 : false
2022-10-27 20:29:22,878 [INFO] ADCParametersView:113 -                Rank 1 : false
2022-10-27 20:29:22,878 [INFO] ADCParametersView:113 -                Rank 1 : false
2022-10-27 20:29:22,878 [INFO] ADCParametersView:113 -                Rank 1 : false
2022-10-27 20:29:22,878 [INFO] ADCParametersView:113 -                Rank 1 : false
2022-10-27 20:29:22,878 [INFO] ADCParametersView:113 -                Rank 1 : false
2022-10-27 20:29:22,879 [INFO] ADCParametersView:113 -                Rank 1 : false
2022-10-27 20:29:22,879 [INFO] ADCParametersView:113 -                Rank 1 : false
2022-10-27 20:29:22,883 [INFO] ADCParametersView:113 -                Rank 1 : false
2022-10-27 20:29:22,915 [INFO] ADCParametersView:113 -                Rank 1 : false
2022-10-27 20:29:22,915 [INFO] ADCParametersView:113 -                Rank 1 : false
2022-10-27 20:29:22,915 [INFO] ADCParametersView:113 -                Rank 1 : false
2022-10-27 20:29:22,915 [INFO] ADCParametersView:113 -                Rank 1 : false
2022-10-27 20:29:22,916 [INFO] ADCParametersView:113 -                Rank 1 : false
2022-10-27 20:29:22,916 [INFO] ADCParametersView:113 -                Rank 1 : false
2022-10-27 20:29:22,916 [INFO] ADCParametersView:113 -                Rank 1 : false
2022-10-27 20:29:22,916 [INFO] ADCParametersView:113 -                Rank 1 : false
2022-10-27 20:29:22,916 [INFO] ADCParametersView:113 -                Rank 1 : false
2022-10-27 20:29:22,917 [INFO] ADCParametersView:113 -                Rank 1 : false
2022-10-27 20:29:22,923 [INFO] ADCParametersView:113 -                Rank 1 : false
2022-10-27 20:29:27,023 [INFO] ADCParametersView:113 -                Rank 1 : false
2022-10-27 20:29:27,026 [INFO] ADCParametersView:113 -                Rank 1 : false
2022-10-27 20:29:27,027 [INFO] ADCParametersView:113 -                Rank 1 : false
2022-10-27 20:29:27,027 [INFO] ADCParametersView:113 -                Rank 1 : false
2022-10-27 20:29:27,027 [INFO] ADCParametersView:113 -                Rank 1 : false
2022-10-27 20:29:27,027 [INFO] ADCParametersView:113 -                Rank 1 : false
2022-10-27 20:29:27,027 [INFO] ADCParametersView:113 -                Rank 1 : false
2022-10-27 20:29:27,027 [INFO] ADCParametersView:113 -                Rank 1 : false
2022-10-27 20:29:27,028 [INFO] ADCParametersView:113 -                Rank 1 : false
2022-10-27 20:29:27,028 [INFO] ADCParametersView:113 -                Rank 1 : false
2022-10-27 20:29:27,032 [INFO] ADCParametersView:113 -                Rank 1 : false
2022-10-27 20:29:27,048 [INFO] ADCParametersView:113 -                Rank 1 : false
2022-10-27 20:29:27,049 [INFO] ADCParametersView:113 -                Rank 1 : false
2022-10-27 20:29:27,049 [INFO] ADCParametersView:113 -                Rank 1 : false
2022-10-27 20:29:27,049 [INFO] ADCParametersView:113 -                Rank 1 : false
2022-10-27 20:29:27,050 [INFO] ADCParametersView:113 -                Rank 1 : false
2022-10-27 20:29:27,050 [INFO] ADCParametersView:113 -                Rank 1 : false
2022-10-27 20:29:27,050 [INFO] ADCParametersView:113 -                Rank 1 : false
2022-10-27 20:29:27,050 [INFO] ADCParametersView:113 -                Rank 1 : false
2022-10-27 20:29:27,050 [INFO] ADCParametersView:113 -                Rank 1 : false
2022-10-27 20:29:27,050 [INFO] ADCParametersView:113 -                Rank 1 : false
2022-10-27 20:29:27,054 [INFO] ADCParametersView:113 -                Rank 1 : false
2022-10-27 20:29:27,072 [INFO] ADCParametersView:113 -                Rank 1 : false
2022-10-27 20:29:27,073 [INFO] ADCParametersView:113 -                Rank 1 : false
2022-10-27 20:29:27,073 [INFO] ADCParametersView:113 -                Rank 1 : false
2022-10-27 20:29:27,074 [INFO] ADCParametersView:113 -                Rank 1 : false
2022-10-27 20:29:27,074 [INFO] ADCParametersView:113 -                Rank 1 : false
2022-10-27 20:29:27,074 [INFO] ADCParametersView:113 -                Rank 1 : false
2022-10-27 20:29:27,074 [INFO] ADCParametersView:113 -                Rank 1 : false
2022-10-27 20:29:27,074 [INFO] ADCParametersView:113 -                Rank 1 : false
2022-10-27 20:29:27,074 [INFO] ADCParametersView:113 -                Rank 1 : false
2022-10-27 20:29:27,074 [INFO] ADCParametersView:113 -                Rank 1 : false
2022-10-27 20:29:27,079 [INFO] ADCParametersView:113 -                Rank 1 : false
2022-10-27 20:29:30,179 [INFO] ParamManager:829 - [Generic UI] PropertyChangeEvent: TAB_STATUS_CHANGED , "dont care", "never mind"
2022-10-27 20:29:30,198 [INFO] ParamManager:829 - [Generic UI] PropertyChangeEvent: TAB_STATUS_CHANGED , "dont care", "never mind"
2022-10-27 20:29:30,201 [INFO] ADCParametersView:113 -                Rank 1 : false
2022-10-27 20:29:30,211 [INFO] ADCParametersView:113 -                Rank 1 : false
2022-10-27 20:29:30,211 [INFO] ADCParametersView:113 -                Rank 1 : false
2022-10-27 20:29:30,211 [INFO] ADCParametersView:113 -                Rank 1 : false
2022-10-27 20:29:30,211 [INFO] ADCParametersView:113 -                Rank 1 : false
2022-10-27 20:29:30,212 [INFO] ADCParametersView:113 -                Rank 1 : false
2022-10-27 20:29:30,212 [INFO] ADCParametersView:113 -                Rank 1 : false
2022-10-27 20:29:30,212 [INFO] ADCParametersView:113 -                Rank 1 : false
2022-10-27 20:29:30,212 [INFO] ADCParametersView:113 -                Rank 1 : false
2022-10-27 20:29:30,212 [INFO] ADCParametersView:113 -                Rank 1 : false
2022-10-27 20:29:30,212 [INFO] ADCParametersView:113 -                Rank 1 : false
2022-10-27 20:29:30,216 [INFO] ADCParametersView:113 -                Rank 1 : false
2022-10-27 20:29:30,258 [INFO] NvicIntPanel:100 - NVIC parent = com.st.microxplorer.plugins.ip.nvic.MultiNvicIntPanel[,0,0,0x0,invalid,layout=javax.swing.BoxLayout,alignmentX=0.0,alignmentY=0.0,border=,flags=9,maximumSize=,minimumSize=,preferredSize=]
2022-10-27 20:29:30,309 [INFO] NvicIntPanel:100 - NVIC parent = com.st.microxplorer.plugins.ip.nvic.MultiNvicIntPanel[,0,0,0x0,invalid,layout=javax.swing.BoxLayout,alignmentX=0.0,alignmentY=0.0,border=,flags=9,maximumSize=,minimumSize=,preferredSize=]
2022-10-27 20:29:30,369 [INFO] ADCParametersView:113 -                Rank 1 : false
2022-10-27 20:29:30,370 [INFO] ADCParametersView:113 -                Rank 1 : false
2022-10-27 20:29:30,370 [INFO] ADCParametersView:113 -                Rank 1 : false
2022-10-27 20:29:30,370 [INFO] ADCParametersView:113 -                Rank 1 : false
2022-10-27 20:29:30,370 [INFO] ADCParametersView:113 -                Rank 1 : false
2022-10-27 20:29:30,370 [INFO] ADCParametersView:113 -                Rank 1 : false
2022-10-27 20:29:30,370 [INFO] ADCParametersView:113 -                Rank 1 : false
2022-10-27 20:29:30,370 [INFO] ADCParametersView:113 -                Rank 1 : false
2022-10-27 20:29:30,371 [INFO] ADCParametersView:113 -                Rank 1 : false
2022-10-27 20:29:30,371 [INFO] ADCParametersView:113 -                Rank 1 : false
2022-10-27 20:29:30,375 [INFO] ADCParametersView:113 -                Rank 1 : false
2022-10-27 20:29:30,387 [INFO] ADCParametersView:113 -                Rank 1 : false
2022-10-27 20:29:30,387 [INFO] ADCParametersView:113 -                Rank 1 : false
2022-10-27 20:29:30,387 [INFO] ADCParametersView:113 -                Rank 1 : false
2022-10-27 20:29:30,387 [INFO] ADCParametersView:113 -                Rank 1 : false
2022-10-27 20:29:30,387 [INFO] ADCParametersView:113 -                Rank 1 : false
2022-10-27 20:29:30,388 [INFO] ADCParametersView:113 -                Rank 1 : false
2022-10-27 20:29:30,388 [INFO] ADCParametersView:113 -                Rank 1 : false
2022-10-27 20:29:30,388 [INFO] ADCParametersView:113 -                Rank 1 : false
2022-10-27 20:29:30,388 [INFO] ADCParametersView:113 -                Rank 1 : false
2022-10-27 20:29:30,388 [INFO] ADCParametersView:113 -                Rank 1 : false
2022-10-27 20:29:30,392 [INFO] ADCParametersView:113 -                Rank 1 : false
2022-10-27 20:29:33,582 [INFO] ADCParametersView:113 -                Rank 1 : false
2022-10-27 20:29:33,585 [INFO] ADCParametersView:113 -                Rank 1 : false
2022-10-27 20:29:33,586 [INFO] ADCParametersView:113 -                Rank 1 : false
2022-10-27 20:29:33,586 [INFO] ADCParametersView:113 -                Rank 1 : false
2022-10-27 20:29:33,586 [INFO] ADCParametersView:113 -                Rank 1 : false
2022-10-27 20:29:33,587 [INFO] ADCParametersView:113 -                Rank 1 : false
2022-10-27 20:29:33,587 [INFO] ADCParametersView:113 -                Rank 1 : false
2022-10-27 20:29:33,587 [INFO] ADCParametersView:113 -                Rank 1 : false
2022-10-27 20:29:33,587 [INFO] ADCParametersView:113 -                Rank 1 : false
2022-10-27 20:29:33,588 [INFO] ADCParametersView:113 -                Rank 1 : false
2022-10-27 20:29:33,591 [INFO] ADCParametersView:113 -                Rank 1 : false
2022-10-27 20:29:33,606 [INFO] ADCParametersView:113 -                Rank 1 : false
2022-10-27 20:29:33,607 [INFO] ADCParametersView:113 -                Rank 1 : false
2022-10-27 20:29:33,607 [INFO] ADCParametersView:113 -                Rank 1 : false
2022-10-27 20:29:33,607 [INFO] ADCParametersView:113 -                Rank 1 : false
2022-10-27 20:29:33,607 [INFO] ADCParametersView:113 -                Rank 1 : false
2022-10-27 20:29:33,608 [INFO] ADCParametersView:113 -                Rank 1 : false
2022-10-27 20:29:33,608 [INFO] ADCParametersView:113 -                Rank 1 : false
2022-10-27 20:29:33,608 [INFO] ADCParametersView:113 -                Rank 1 : false
2022-10-27 20:29:33,608 [INFO] ADCParametersView:113 -                Rank 1 : false
2022-10-27 20:29:33,608 [INFO] ADCParametersView:113 -                Rank 1 : false
2022-10-27 20:29:33,612 [INFO] ADCParametersView:113 -                Rank 1 : false
2022-10-27 20:29:33,630 [INFO] ADCParametersView:113 -                Rank 1 : false
2022-10-27 20:29:33,631 [INFO] ADCParametersView:113 -                Rank 1 : false
2022-10-27 20:29:33,632 [INFO] ADCParametersView:113 -                Rank 1 : false
2022-10-27 20:29:33,632 [INFO] ADCParametersView:113 -                Rank 1 : false
2022-10-27 20:29:33,632 [INFO] ADCParametersView:113 -                Rank 1 : false
2022-10-27 20:29:33,632 [INFO] ADCParametersView:113 -                Rank 1 : false
2022-10-27 20:29:33,632 [INFO] ADCParametersView:113 -                Rank 1 : false
2022-10-27 20:29:33,632 [INFO] ADCParametersView:113 -                Rank 1 : false
2022-10-27 20:29:33,632 [INFO] ADCParametersView:113 -                Rank 1 : false
2022-10-27 20:29:33,633 [INFO] ADCParametersView:113 -                Rank 1 : false
2022-10-27 20:29:33,637 [INFO] ADCParametersView:113 -                Rank 1 : false
2022-10-27 20:29:49,882 [INFO] UtilMem:74 - End SaveConfig() Used Memory: 393896264 Bytes (650117120)
2022-10-27 20:29:52,131 [INFO] UtilMem:74 - End SaveConfig() Used Memory: 411965528 Bytes (650117120)
2022-10-27 20:29:53,776 [INFO] UtilMem:74 - End SaveConfig() Used Memory: 498999368 Bytes (650117120)
2022-10-27 20:29:54,086 [INFO] BlockDiagram:2753 - set Specific Code input for plugin: NVIC
2022-10-27 20:29:54,086 [INFO] BlockDiagram:2753 - set Specific Code input for plugin: ADC
2022-10-27 20:29:54,086 [INFO] BlockDiagram:2753 - set Specific Code input for plugin: SYS
2022-10-27 20:29:54,086 [INFO] BlockDiagram:2753 - set Specific Code input for plugin: GPIO
2022-10-27 20:29:54,086 [INFO] BlockDiagram:2753 - set Specific Code input for plugin: ADC
2022-10-27 20:29:54,086 [INFO] BlockDiagram:2753 - set Specific Code input for plugin: RCC
2022-10-27 20:29:54,089 [INFO] CodeGenerator:690 - code generatio: config db path: C:\ST\STM32CubeIDE_1.9.0\STM32CubeIDE\plugins\com.st.stm32cube.common.mx_6.6.1.202207061420\\db\
2022-10-27 20:29:54,256 [INFO] CodeEngine:245 - oldGeneratedFile, D:\github\mc\stm32\ADC_Joystick\ADC_Joystick\MXTmpFiles\license.tmp_save
2022-10-27 20:29:54,499 [INFO] CodeEngine:269 - Generated code: D:\github\mc\stm32\ADC_Joystick\ADC_Joystick\MXTmpFiles\license.tmp
2022-10-27 20:29:54,532 [INFO] CodeEngine:245 - oldGeneratedFile, D:\github\mc\stm32\ADC_Joystick\ADC_Joystick\MXTmpFiles\gpio.tmp_save
2022-10-27 20:29:54,669 [INFO] CodeEngine:269 - Generated code: D:\github\mc\stm32\ADC_Joystick\ADC_Joystick\MXTmpFiles\gpio.tmp
2022-10-27 20:29:54,778 [INFO] CodeEngine:245 - oldGeneratedFile, D:\github\mc\stm32\ADC_Joystick\ADC_Joystick\Core\Src\stm32f1xx_it.c_save
2022-10-27 20:29:54,884 [INFO] CodeEngine:269 - Generated code: D:\github\mc\stm32\ADC_Joystick\ADC_Joystick\Core\Src\stm32f1xx_it.c
2022-10-27 20:29:54,891 [INFO] CodeEngine:245 - oldGeneratedFile, D:\github\mc\stm32\ADC_Joystick\ADC_Joystick\Core\Inc\stm32f1xx_it.h_save
2022-10-27 20:29:54,964 [INFO] CodeEngine:269 - Generated code: D:\github\mc\stm32\ADC_Joystick\ADC_Joystick\Core\Inc\stm32f1xx_it.h
2022-10-27 20:29:55,013 [INFO] CodeEngine:245 - oldGeneratedFile, D:\github\mc\stm32\ADC_Joystick\ADC_Joystick\Core\Src\stm32f1xx_hal_msp.c_save
2022-10-27 20:29:55,163 [INFO] CodeEngine:269 - Generated code: D:\github\mc\stm32\ADC_Joystick\ADC_Joystick\Core\Src\stm32f1xx_hal_msp.c
2022-10-27 20:29:55,167 [INFO] CodeEngine:245 - oldGeneratedFile, D:\github\mc\stm32\ADC_Joystick\ADC_Joystick\MXTmpFiles\system.tmp_save
2022-10-27 20:29:55,242 [INFO] CodeEngine:269 - Generated code: D:\github\mc\stm32\ADC_Joystick\ADC_Joystick\MXTmpFiles\system.tmp
2022-10-27 20:29:55,272 [INFO] CodeEngine:245 - oldGeneratedFile, D:\github\mc\stm32\ADC_Joystick\ADC_Joystick\Core\Inc\stm32f1xx_hal_conf.h_save
2022-10-27 20:29:55,387 [INFO] CodeEngine:269 - Generated code: D:\github\mc\stm32\ADC_Joystick\ADC_Joystick\Core\Inc\stm32f1xx_hal_conf.h
2022-10-27 20:29:55,451 [INFO] CodeEngine:245 - oldGeneratedFile, D:\github\mc\stm32\ADC_Joystick\ADC_Joystick\Core\Inc\main.h_save
2022-10-27 20:29:55,527 [INFO] CodeEngine:269 - Generated code: D:\github\mc\stm32\ADC_Joystick\ADC_Joystick\Core\Inc\main.h
2022-10-27 20:29:55,561 [INFO] CodeEngine:245 - oldGeneratedFile, D:\github\mc\stm32\ADC_Joystick\ADC_Joystick\Core\Src\main.c_save
2022-10-27 20:29:55,680 [INFO] CodeEngine:269 - Generated code: D:\github\mc\stm32\ADC_Joystick\ADC_Joystick\Core\Src\main.c
2022-10-27 20:29:56,490 [INFO] ProjectBuilder:2919 - Time for Copy HAL[1] : 247mS.
2022-10-27 20:29:56,493 [INFO] ProjectBuilder:4117 - Project Generator version: 3.17.1
2022-10-27 20:29:56,817 [INFO] ConfigFileManager:1394 - The Die is : DIE410
2022-10-27 20:29:58,244 [INFO] ProjectBuilder:4285 - Time for Generating toolchain IDE Files: 1751mS.
2022-10-27 20:29:58,245 [INFO] ProjectBuilder:2790 - Time for Copy CMSIS : 1mS.
2022-10-27 20:29:58,246 [INFO] ProjectBuilder:2790 - Time for Copy CMSIS : 0mS.
