2022-10-25 01:37:30,607 [INFO] Activator:177 - 


2022-10-25 01:37:30,608 [INFO] Activator:178 - !SESSION log4j initialized
2022-10-25 01:37:33,191 [INFO] McuFinderGlobals:44 - Set McuFinder mode to 2 (CubeIDE integrated)
2022-10-25 01:37:34,079 [INFO] ApplicationProperties:181 - Using Application install path: C:\ST\STM32CubeIDE_1.9.0\STM32CubeIDE\plugins\com.st.stm32cube.common.mx_6.6.1.202207061420
2022-10-25 01:37:34,093 [INFO] DbMcusXml:77 - Set database path to: C:\ST\STM32CubeIDE_1.9.0\STM32CubeIDE\plugins\com.st.stm32cube.common.mx_6.6.1.202207061420\\db\/mcu/
2022-10-25 01:37:34,093 [INFO] ApiDb:269 - Set plugin database path to: C:\ST\STM32CubeIDE_1.9.0\STM32CubeIDE\plugins\com.st.stm32cube.common.mx_6.6.1.202207061420\\db\/plugins/boardmanager/
2022-10-25 01:37:34,096 [WARN] ApiDb:254 - Overriding images path with different value:  => C:\ST\STM32CubeIDE_1.9.0\STM32CubeIDE\plugins\com.st.stm32cube.common.mx_6.6.1.202207061420\\db\/plugins/mcufinder/images/
2022-10-25 01:37:34,107 [INFO] ApiDb:249 - Set database path to: C:\Users\Zver\.stmcufinder\plugins\mcufinder//mcu/
2022-10-25 01:37:34,108 [INFO] DbMcusAds:124 - Set database path to: C:\Users\Zver\.stmcufinder\plugins\mcufinder//mcu/
2022-10-25 01:37:34,111 [INFO] CrossReferenceDbSqlite:201 - Set database path to: C:\Users\Zver\.stmcufinder\plugins\mcufinder//mcu/cs/
2022-10-25 01:37:34,193 [INFO] RulesReader:61 - Compatibility file has been processed (282 Rules)
2022-10-25 01:37:34,303 [INFO] DbMcusXml:77 - Set database path to: C:\ST\STM32CubeIDE_1.9.0\STM32CubeIDE\plugins\com.st.stm32cube.common.mx_6.6.1.202207061420\\db\/mcu/
2022-10-25 01:37:34,304 [INFO] ApiDb:269 - Set plugin database path to: C:\ST\STM32CubeIDE_1.9.0\STM32CubeIDE\plugins\com.st.stm32cube.common.mx_6.6.1.202207061420\\db\/plugins/boardmanager/
2022-10-25 01:37:34,304 [INFO] ApiDb:256 - Set plugin images path to: C:\ST\STM32CubeIDE_1.9.0\STM32CubeIDE\plugins\com.st.stm32cube.common.mx_6.6.1.202207061420\\db\/plugins/mcufinder/images/
2022-10-25 01:37:34,304 [WARN] DbFile:40 - Overriding database path with different value: C:\Users\Zver\.stmcufinder\plugins\mcufinder/ => C:\Users\Zver\.stmcufinder\plugins\mcufinder
2022-10-25 01:37:34,304 [INFO] ApiDb:249 - Set database path to: C:\Users\Zver\.stmcufinder\plugins\mcufinder//mcu/
2022-10-25 01:37:34,305 [WARN] DbFile:40 - Overriding database path with different value: C:\Users\Zver\.stmcufinder\plugins\mcufinder/ => C:\Users\Zver\.stmcufinder\plugins\mcufinder
2022-10-25 01:37:34,305 [INFO] DbMcusAds:124 - Set database path to: C:\Users\Zver\.stmcufinder\plugins\mcufinder//mcu/
2022-10-25 01:37:34,305 [WARN] DbFile:40 - Overriding database path with different value: C:\Users\Zver\.stmcufinder\plugins\mcufinder/ => C:\Users\Zver\.stmcufinder\plugins\mcufinder
2022-10-25 01:37:34,305 [WARN] DbFile:40 - Overriding database path with different value: C:\Users\Zver\.stmcufinder\plugins\mcufinder/ => C:\Users\Zver\.stmcufinder\plugins\mcufinder
2022-10-25 01:37:34,306 [INFO] CrossReferenceDbSqlite:201 - Set database path to: C:\Users\Zver\.stmcufinder\plugins\mcufinder//mcu/cs/
2022-10-25 01:37:34,467 [INFO] MainPanel:242 - HeapMemory: 268435456
2022-10-25 01:37:34,527 [INFO] DbMcusXml:77 - Set database path to: C:\ST\STM32CubeIDE_1.9.0\STM32CubeIDE\plugins\com.st.stm32cube.common.mx_6.6.1.202207061420\\db\/mcu/
2022-10-25 01:37:34,527 [INFO] ApiDb:269 - Set plugin database path to: C:\ST\STM32CubeIDE_1.9.0\STM32CubeIDE\plugins\com.st.stm32cube.common.mx_6.6.1.202207061420\\db\/plugins/boardmanager/
2022-10-25 01:37:34,527 [INFO] ApiDb:256 - Set plugin images path to: C:\ST\STM32CubeIDE_1.9.0\STM32CubeIDE\plugins\com.st.stm32cube.common.mx_6.6.1.202207061420\\db\/plugins/mcufinder/images/
2022-10-25 01:37:34,528 [WARN] DbFile:40 - Overriding database path with different value: C:\Users\Zver\.stmcufinder\plugins\mcufinder/ => C:\Users\Zver\.stmcufinder\plugins\mcufinder
2022-10-25 01:37:34,528 [INFO] ApiDb:249 - Set database path to: C:\Users\Zver\.stmcufinder\plugins\mcufinder//mcu/
2022-10-25 01:37:34,528 [WARN] DbFile:40 - Overriding database path with different value: C:\Users\Zver\.stmcufinder\plugins\mcufinder/ => C:\Users\Zver\.stmcufinder\plugins\mcufinder
2022-10-25 01:37:34,528 [INFO] DbMcusAds:124 - Set database path to: C:\Users\Zver\.stmcufinder\plugins\mcufinder//mcu/
2022-10-25 01:37:34,528 [WARN] DbFile:40 - Overriding database path with different value: C:\Users\Zver\.stmcufinder\plugins\mcufinder/ => C:\Users\Zver\.stmcufinder\plugins\mcufinder
2022-10-25 01:37:34,528 [WARN] DbFile:40 - Overriding database path with different value: C:\Users\Zver\.stmcufinder\plugins\mcufinder/ => C:\Users\Zver\.stmcufinder\plugins\mcufinder
2022-10-25 01:37:34,528 [INFO] CrossReferenceDbSqlite:201 - Set database path to: C:\Users\Zver\.stmcufinder\plugins\mcufinder//mcu/cs/
2022-10-25 01:37:34,547 [INFO] ApplicationProperties:181 - Using Application install path: C:\ST\STM32CubeIDE_1.9.0\STM32CubeIDE\plugins\com.st.stm32cube.common.mx_6.6.1.202207061420
2022-10-25 01:37:34,548 [INFO] PluginManage:193 - Search for loadable plugins [exclusion list=, ]
2022-10-25 01:37:34,549 [INFO] PluginManage:307 - Check plugin analytics
2022-10-25 01:37:34,667 [INFO] AnalyticsPlugin:262 - Accepted Software Licenses: 
2022-10-25 01:37:34,668 [INFO] AnalyticsPlugin:264 - Accepted CMSIS Pack Licenses: 
2022-10-25 01:37:34,669 [INFO] AnalyticsPlugin:266 - Accepted Firmware Licenses: 
2022-10-25 01:37:34,678 [INFO] PluginManage:356 - Loaded plugin analytics (category:tool,tabindex:-1)
2022-10-25 01:37:34,679 [INFO] PluginManage:307 - Check plugin cadmodel
2022-10-25 01:37:34,683 [INFO] CADModel:65 - Init CAD model plugin
2022-10-25 01:37:34,683 [INFO] PluginManage:356 - Loaded plugin cadmodel (category:power,tabindex:5)
2022-10-25 01:37:34,684 [INFO] PluginManage:307 - Check plugin clock
2022-10-25 01:37:34,695 [INFO] PluginManage:356 - Loaded plugin clock (category:base,tabindex:2)
2022-10-25 01:37:34,695 [INFO] PluginManage:307 - Check plugin ddr
2022-10-25 01:37:34,697 [INFO] PluginManage:356 - Loaded plugin ddr (category:tool,tabindex:6)
2022-10-25 01:37:34,698 [INFO] PluginManage:307 - Check plugin filemanager
2022-10-25 01:37:34,811 [INFO] PluginManage:356 - Loaded plugin filemanager (category:base,tabindex:10)
2022-10-25 01:37:34,812 [INFO] PluginManage:307 - Check plugin ipmanager
2022-10-25 01:37:34,826 [INFO] PluginManage:356 - Loaded plugin ipmanager (category:base,tabindex:5)
2022-10-25 01:37:34,826 [INFO] PluginManage:307 - Check plugin lpbam
2022-10-25 01:37:34,834 [INFO] PluginManage:356 - Loaded plugin lpbam (category:base,tabindex:0)
2022-10-25 01:37:34,834 [INFO] PluginManage:307 - Check plugin pinoutandconfiguration
2022-10-25 01:37:34,840 [INFO] PluginManage:356 - Loaded plugin pinoutandconfiguration (category:base,tabindex:1)
2022-10-25 01:37:34,840 [INFO] PluginManage:307 - Check plugin pinoutconfig
2022-10-25 01:37:34,867 [INFO] PluginManage:356 - Loaded plugin pinoutconfig (category:base,tabindex:0)
2022-10-25 01:37:34,867 [INFO] PluginManage:307 - Check plugin power
2022-10-25 01:37:34,875 [INFO] PluginManage:356 - Loaded plugin power (category:power,tabindex:4)
2022-10-25 01:37:34,876 [INFO] PluginManage:307 - Check plugin projectmanager
2022-10-25 01:37:34,890 [INFO] PluginManage:356 - Loaded plugin projectmanager (category:projectmanager,tabindex:3)
2022-10-25 01:37:34,890 [INFO] PluginManage:307 - Check plugin thirdparty
2022-10-25 01:37:35,003 [WARN] IntegrityCheckThread:82 - waiting for thirdparty lock release [integrity check]
2022-10-25 01:37:35,003 [INFO] PluginManage:356 - Loaded plugin thirdparty (category:base,tabindex:-1)
2022-10-25 01:37:35,004 [INFO] IntegrityCheckThread:84 - entering critical section [integrity check]
2022-10-25 01:37:35,004 [INFO] PluginManage:307 - Check plugin tools
2022-10-25 01:37:35,006 [INFO] ThirdPartyUpdaterWithRetryManager:70 - Updater plugin not ready yet. [1/15]
2022-10-25 01:37:35,007 [INFO] PluginManage:356 - Loaded plugin tools (category:base,tabindex:7)
2022-10-25 01:37:35,007 [INFO] PluginManage:307 - Check plugin tutovideos
2022-10-25 01:37:35,155 [INFO] PluginManage:356 - Loaded plugin tutovideos (category:base,tabindex:-1)
2022-10-25 01:37:35,155 [INFO] PluginManage:307 - Check plugin updater
2022-10-25 01:37:35,166 [INFO] PluginManage:356 - Loaded plugin updater (category:base,tabindex:12)
2022-10-25 01:37:35,167 [INFO] PluginManage:280 - PluginManage : Loaded plugins [15]
2022-10-25 01:37:35,527 [INFO] PinOutPanel:1468 - setPackage(No Configuration,No Configuration)
2022-10-25 01:37:35,604 [INFO] CADModel:98 - CPN selected for project level
2022-10-25 01:37:35,615 [INFO] IPUIPlugin:79 - create IPUIPlugin
2022-10-25 01:37:35,615 [INFO] PluginManager:217 - loadIPPluginJar : add adc
2022-10-25 01:37:35,617 [INFO] IPUIPlugin:79 - create IPUIPlugin
2022-10-25 01:37:35,617 [INFO] PluginManager:217 - loadIPPluginJar : add aes
2022-10-25 01:37:35,619 [INFO] IPUIPlugin:79 - create IPUIPlugin
2022-10-25 01:37:35,619 [INFO] PluginManager:217 - loadIPPluginJar : add can
2022-10-25 01:37:35,620 [INFO] IPUIPlugin:79 - create IPUIPlugin
2022-10-25 01:37:35,620 [INFO] PluginManager:217 - loadIPPluginJar : add comp
2022-10-25 01:37:35,622 [INFO] IPUIPlugin:79 - create IPUIPlugin
2022-10-25 01:37:35,622 [INFO] PluginManager:217 - loadIPPluginJar : add cryp
2022-10-25 01:37:35,623 [INFO] IPUIPlugin:79 - create IPUIPlugin
2022-10-25 01:37:35,624 [INFO] PluginManager:217 - loadIPPluginJar : add dfsdm
2022-10-25 01:37:35,627 [INFO] IPUIPlugin:79 - create IPUIPlugin
2022-10-25 01:37:35,628 [INFO] PluginManager:217 - loadIPPluginJar : add dma
2022-10-25 01:37:35,629 [INFO] IPUIPlugin:79 - create IPUIPlugin
2022-10-25 01:37:35,629 [INFO] PluginManager:217 - loadIPPluginJar : add dma3
2022-10-25 01:37:35,630 [INFO] IPUIPlugin:79 - create IPUIPlugin
2022-10-25 01:37:35,631 [INFO] PluginManager:217 - loadIPPluginJar : add fatfs
2022-10-25 01:37:35,634 [INFO] IPUIPlugin:79 - create IPUIPlugin
2022-10-25 01:37:35,634 [INFO] PluginManager:217 - loadIPPluginJar : add fmc
2022-10-25 01:37:35,638 [INFO] IPUIPlugin:79 - create IPUIPlugin
2022-10-25 01:37:35,638 [INFO] PluginManager:217 - loadIPPluginJar : add freertos
2022-10-25 01:37:35,639 [INFO] IPUIPlugin:79 - create IPUIPlugin
2022-10-25 01:37:35,639 [INFO] PluginManager:217 - loadIPPluginJar : add genericplugin
2022-10-25 01:37:35,640 [INFO] IPUIPlugin:79 - create IPUIPlugin
2022-10-25 01:37:35,640 [INFO] PluginManager:217 - loadIPPluginJar : add gfxmmu
2022-10-25 01:37:35,644 [INFO] IPUIPlugin:79 - create IPUIPlugin
2022-10-25 01:37:35,644 [INFO] PluginManager:217 - loadIPPluginJar : add gic
2022-10-25 01:37:35,646 [INFO] IPUIPlugin:79 - create IPUIPlugin
2022-10-25 01:37:35,646 [INFO] PluginManager:217 - loadIPPluginJar : add gpio
2022-10-25 01:37:35,648 [INFO] IPUIPlugin:79 - create IPUIPlugin
2022-10-25 01:37:35,648 [INFO] PluginManager:217 - loadIPPluginJar : add gtzc
2022-10-25 01:37:35,650 [INFO] IPUIPlugin:79 - create IPUIPlugin
2022-10-25 01:37:35,650 [INFO] PluginManager:217 - loadIPPluginJar : add hash
2022-10-25 01:37:35,652 [INFO] IPUIPlugin:79 - create IPUIPlugin
2022-10-25 01:37:35,652 [INFO] PluginManager:217 - loadIPPluginJar : add i2c
2022-10-25 01:37:35,654 [INFO] IPUIPlugin:79 - create IPUIPlugin
2022-10-25 01:37:35,654 [INFO] PluginManager:217 - loadIPPluginJar : add i2s
2022-10-25 01:37:35,657 [INFO] IPUIPlugin:79 - create IPUIPlugin
2022-10-25 01:37:35,657 [INFO] PluginManager:217 - loadIPPluginJar : add ipddr
2022-10-25 01:37:35,662 [INFO] IPUIPlugin:79 - create IPUIPlugin
2022-10-25 01:37:35,663 [INFO] PluginManager:217 - loadIPPluginJar : add linkedlist
2022-10-25 01:37:35,665 [INFO] IPUIPlugin:79 - create IPUIPlugin
2022-10-25 01:37:35,665 [INFO] PluginManager:217 - loadIPPluginJar : add lorawan
2022-10-25 01:37:35,666 [INFO] IPUIPlugin:79 - create IPUIPlugin
2022-10-25 01:37:35,666 [INFO] PluginManager:217 - loadIPPluginJar : add ltdc
2022-10-25 01:37:35,670 [INFO] IPUIPlugin:79 - create IPUIPlugin
2022-10-25 01:37:35,671 [INFO] PluginManager:217 - loadIPPluginJar : add mdma
2022-10-25 01:37:35,674 [INFO] IPUIPlugin:79 - create IPUIPlugin
2022-10-25 01:37:35,675 [INFO] PluginManager:217 - loadIPPluginJar : add nvic
2022-10-25 01:37:35,677 [INFO] IPUIPlugin:79 - create IPUIPlugin
2022-10-25 01:37:35,677 [INFO] PluginManager:217 - loadIPPluginJar : add opamp
2022-10-25 01:37:35,680 [INFO] IPUIPlugin:79 - create IPUIPlugin
2022-10-25 01:37:35,680 [INFO] PluginManager:217 - loadIPPluginJar : add openamp
2022-10-25 01:37:35,683 [INFO] IPUIPlugin:79 - create IPUIPlugin
2022-10-25 01:37:35,683 [INFO] PluginManager:217 - loadIPPluginJar : add pdm2pcm
2022-10-25 01:37:35,689 [INFO] IPUIPlugin:79 - create IPUIPlugin
2022-10-25 01:37:35,692 [INFO] PluginManager:217 - loadIPPluginJar : add plateformsettings
2022-10-25 01:37:35,693 [INFO] IPUIPlugin:79 - create IPUIPlugin
2022-10-25 01:37:35,694 [INFO] PluginManager:217 - loadIPPluginJar : add quadspi
2022-10-25 01:37:35,697 [INFO] IPUIPlugin:79 - create IPUIPlugin
2022-10-25 01:37:35,697 [INFO] PluginManager:217 - loadIPPluginJar : add resmgrutility
2022-10-25 01:37:35,701 [INFO] IPUIPlugin:79 - create IPUIPlugin
2022-10-25 01:37:35,701 [INFO] PluginManager:217 - loadIPPluginJar : add sai
2022-10-25 01:37:35,703 [INFO] IPUIPlugin:79 - create IPUIPlugin
2022-10-25 01:37:35,704 [INFO] PluginManager:217 - loadIPPluginJar : add spi
2022-10-25 01:37:35,708 [INFO] IPUIPlugin:79 - create IPUIPlugin
2022-10-25 01:37:35,709 [INFO] PluginManager:217 - loadIPPluginJar : add stm32_wpan
2022-10-25 01:37:35,711 [INFO] IPUIPlugin:79 - create IPUIPlugin
2022-10-25 01:37:35,712 [INFO] PluginManager:217 - loadIPPluginJar : add tim
2022-10-25 01:37:35,715 [INFO] IPUIPlugin:79 - create IPUIPlugin
2022-10-25 01:37:35,716 [INFO] PluginManager:217 - loadIPPluginJar : add touchsensing
2022-10-25 01:37:35,717 [INFO] IPUIPlugin:79 - create IPUIPlugin
2022-10-25 01:37:35,718 [INFO] PluginManager:217 - loadIPPluginJar : add tracer_emb
2022-10-25 01:37:35,719 [INFO] IPUIPlugin:79 - create IPUIPlugin
2022-10-25 01:37:35,720 [INFO] PluginManager:217 - loadIPPluginJar : add ts
2022-10-25 01:37:35,721 [INFO] IPUIPlugin:79 - create IPUIPlugin
2022-10-25 01:37:35,722 [INFO] PluginManager:217 - loadIPPluginJar : add tsc
2022-10-25 01:37:35,723 [INFO] IPUIPlugin:79 - create IPUIPlugin
2022-10-25 01:37:35,723 [INFO] PluginManager:217 - loadIPPluginJar : add ucpd
2022-10-25 01:37:35,725 [INFO] IPUIPlugin:79 - create IPUIPlugin
2022-10-25 01:37:35,726 [INFO] PluginManager:217 - loadIPPluginJar : add usart
2022-10-25 01:37:35,728 [INFO] IPUIPlugin:79 - create IPUIPlugin
2022-10-25 01:37:35,728 [INFO] PluginManager:217 - loadIPPluginJar : add usbx
2022-10-25 01:37:35,963 [FATAL] Updater:301 - Updater called before beeing initialized
2022-10-25 01:37:36,098 [FATAL] Updater:301 - Updater called before beeing initialized
2022-10-25 01:37:36,104 [INFO] DbMcusAds:52 - JSON generation date=Thu Sep 30 09:56:37 MSK 2021 (1632984997303)
2022-10-25 01:37:36,104 [FATAL] Updater:301 - Updater called before beeing initialized
2022-10-25 01:37:36,136 [WARN] DetailPanel:344 - Failed to get advertising image, set to default
2022-10-25 01:37:36,249 [FATAL] Updater:301 - Updater called before beeing initialized
2022-10-25 01:37:36,250 [FATAL] Updater:301 - Updater called before beeing initialized
2022-10-25 01:37:36,251 [FATAL] Updater:301 - Updater called before beeing initialized
2022-10-25 01:37:36,251 [WARN] DetailPanel:344 - Failed to get advertising image, set to default
2022-10-25 01:37:36,251 [FATAL] Updater:301 - Updater called before beeing initialized
2022-10-25 01:37:36,290 [ERROR] Updater:1105 - MainUpdater not yet initialized. External WinMGr cannot be set.
2022-10-25 01:37:36,291 [INFO] Updater:1041 - Updater Version found : 6.6.1
2022-10-25 01:37:36,303 [INFO] ApplicationProperties:181 - Using Application install path: C:\ST\STM32CubeIDE_1.9.0\STM32CubeIDE\plugins\com.st.stm32cube.common.mx_6.6.1.202207061420
2022-10-25 01:37:36,372 [INFO] MainUpdater:2768 - connection check result : 10
2022-10-25 01:37:36,373 [INFO] MainUpdater:280 - Updater Check For Update Now.
2022-10-25 01:37:36,373 [INFO] MicroXplorer:481 - Change Database Version : DB.6.0.60
2022-10-25 01:37:36,518 [INFO] CheckServerUpdateThread:119 - End of CheckServer Thread
2022-10-25 01:37:36,581 [INFO] MainUpdater:2768 - connection check result : 10
2022-10-25 01:37:36,765 [INFO] McuFinderGlobals:57 - Set McuFinderConnectedMode to true
2022-10-25 01:37:36,775 [INFO] MultiScanPanel:195 - Auto-refresh data requested => check proxy status ongoing
2022-10-25 01:37:36,778 [INFO] FinderPluginLoader:92 - Searching for filters in installed packs
2022-10-25 01:37:36,892 [INFO] ApiDb:576 - Connected to CubeFinder SQLite database (C:\Users\Zver\.stmcufinder\plugins\mcufinder\mcu\cube-finder-db.db)
2022-10-25 01:37:36,912 [INFO] ApiDb:663 - CubeFinder database Data Model version=2.1
2022-10-25 01:37:36,912 [INFO] ApiDb:664 - CubeFinder database Configuration version=3.0.32
2022-10-25 01:37:36,912 [INFO] ApiDb:665 - CubeFinder database generation date=2022-08-05 (1659688109)
2022-10-25 01:37:36,912 [INFO] ApiDb:666 - CubeFinder database FW Pack versions=[STM32Cube_FW_C0_V1.0.0, STM32Cube_FW_F4_V1.27.1, STM32Cube_FW_F7_V1.17.0, STM32Cube_FW_G0_V1.6.1, STM32Cube_FW_G4_V1.5.0, STM32Cube_FW_H7_V1.10.0, STM32Cube_FW_L5_V1.4.0, STM32Cube_FW_U5_V1.1.1, STM32Cube_FW_WB_V1.14.1, STM32Cube_FW_WL_V1.2.0, X-CUBE-ALGOBUILD_V1.3.0, X-CUBE-ALS_V1.0.1, X-CUBE-AZRTOS-F4_V1.1.0, X-CUBE-AZRTOS-F7_V1.1.0, X-CUBE-AZRTOS-G0_V1.1.0, X-CUBE-AZRTOS-G4_V1.0.0, X-CUBE-AZRTOS-H7_V2.1.0, X-CUBE-AZRTOS-L4_V1.0.0, X-CUBE-AZRTOS-L5_V1.0.0, X-CUBE-AZRTOS-WL_V1.0.0, X-CUBE-BLE1_V6.2.3, X-CUBE-BLE2_V3.3.0, X-CUBE-EEPRMA1_V3.1.1, X-CUBE-GNSS1_V6.0.0, X-CUBE-MEMS1_V9.1.0, X-CUBE-MEMS1_V9.3.0, X-CUBE-NFC4_V2.0.4, X-CUBE-NFC7_V1.0.0, X-CUBE-SFXS2LP1_V4.0.0, X-CUBE-SUBG2_V5.0.0]
2022-10-25 01:37:38,103 [WARN] PackLoader:242 - Cannot read IP mode file for wolfSSL.I-CUBE-wolfSSL.5.2.0
2022-10-25 01:37:38,113 [WARN] PackLoader:242 - Cannot read IP mode file for STMicroelectronics.X-CUBE-GNSS1.6.0.0
2022-10-25 01:37:38,140 [WARN] PackLoader:242 - Cannot read IP mode file for STMicroelectronics.X-CUBE-AZRTOS-F4.1.1.0
2022-10-25 01:37:38,156 [WARN] PackLoader:242 - Cannot read IP mode file for STMicroelectronics.X-CUBE-BLEMGR.1.2.0
2022-10-25 01:37:38,183 [WARN] PackLoader:242 - Cannot read IP mode file for STMicroelectronics.X-CUBE-AZRTOS-F7.1.1.0
2022-10-25 01:37:38,193 [WARN] PackLoader:242 - Cannot read IP mode file for STMicroelectronics.X-CUBE-AI.7.1.0
2022-10-25 01:37:38,197 [WARN] PackLoader:242 - Cannot read IP mode file for STMicroelectronics.X-CUBE-BLE1.6.2.3
2022-10-25 01:37:38,200 [WARN] PackLoader:242 - Cannot read IP mode file for STMicroelectronics.X-CUBE-BLE1.6.2.2
2022-10-25 01:37:38,206 [WARN] PackLoader:242 - Cannot read IP mode file for STMicroelectronics.X-CUBE-NFC4.2.0.4
2022-10-25 01:37:38,213 [WARN] PackLoader:242 - Cannot read IP mode file for STMicroelectronics.X-CUBE-BLE2.3.2.2
2022-10-25 01:37:38,217 [WARN] PackLoader:242 - Cannot read IP mode file for STMicroelectronics.X-CUBE-NFC4.2.0.3
2022-10-25 01:37:38,229 [WARN] PackLoader:242 - Cannot read IP mode file for STMicroelectronics.X-CUBE-TOF1.3.1.0
2022-10-25 01:37:38,244 [WARN] PackLoader:242 - Cannot read IP mode file for STMicroelectronics.X-CUBE-SFXS2LP1.3.1.0
2022-10-25 01:37:38,260 [WARN] PackLoader:242 - Cannot read IP mode file for STMicroelectronics.X-CUBE-AZRTOS-F4.1.0.0
2022-10-25 01:37:38,268 [WARN] PackLoader:242 - Cannot read IP mode file for STMicroelectronics.X-CUBE-NFC7.1.0.0
2022-10-25 01:37:38,278 [WARN] PackLoader:242 - Cannot read IP mode file for STMicroelectronics.X-CUBE-SUBG2.4.2.0
2022-10-25 01:37:38,340 [WARN] PackLoader:242 - Cannot read IP mode file for STMicroelectronics.X-CUBE-MEMS1.9.3.0
2022-10-25 01:37:38,449 [WARN] PackLoader:242 - Cannot read IP mode file for STMicroelectronics.X-CUBE-AI.7.2.0
2022-10-25 01:37:38,454 [INFO] ApiDb:239 - Found 138 in-development CPN: [B-WB1M-WPAN1, NUCLEO-C031C6, STEVAL-STWINBX1, STM320518-EVAL, STM32C0116-DK, STM32C011D6Y3TR, STM32C011D6Y6TR, STM32C011F4P3, STM32C011F4P6, STM32C011F4U3, STM32C011F4U6TR, STM32C011F6P3, STM32C011F6P6, STM32C011F6U3, STM32C011F6U6TR, STM32C011J4M3, STM32C011J4M6, STM32C011J6M3, STM32C011J6M6, STM32C0316-DK, STM32C031C4T3, STM32C031C4T6, STM32C031C4U3, STM32C031C4U6, STM32C031C6T3, STM32C031C6T6, STM32C031C6U3, STM32C031C6U6, STM32C031F4P3, STM32C031F4P6, STM32C031F6P3, STM32C031F6P6, STM32C031G4U3, STM32C031G4U6, STM32C031G6U3, STM32C031G6U6, STM32C031K4T3, STM32C031K4T6, STM32C031K4U3, STM32C031K4U6, STM32C031K6T3, STM32C031K6T6, STM32C031K6U3, STM32C031K6U6, STM32G071K8TXN, STM32G071K8UXN, STM32G081GBU6N, STM32G081KBT6N, STM32G081KBUXN, STM32G0B1CCT6N, STM32G0B1KCT6, STM32G0B1NEY6TR, STM32G0B1RCT6N, STM32G0C1CCT6, STM32G0C1CCT6N, STM32G0C1CCU6N, STM32G0C1CET6N, STM32G0C1CEU6N, STM32G0C1KCT6, STM32G0C1NEY6TR, STM32G0C1RCI6N, STM32G0C1RCT6N, STM32G0C1REI6N, STM32G0C1RET6N, STM32G0C1VCI6, STM32G0C1VEI6, STM32G471CCT6, STM32G471CCU6, STM32G471CET3, STM32G471CET6, STM32G471CEU3, STM32G471CEU6, STM32G471MCT6, STM32G471MET3, STM32G471MET6, STM32G471MEY6TR, STM32G471QCT6, STM32G471QET3, STM32G471RCT6, STM32G471RET3, STM32G471RET6, STM32G471VCH6, STM32G471VCI6, STM32G471VCT6, STM32G471VEH3, STM32G471VEH6, STM32G471VEI3, STM32G471VEI6, STM32G471VET3, STM32G471VET6, STM32G474CCT6, STM32L476VGY6PTR, STM32L4R5QGI6STR, STM32MP131AAE3, STM32MP131AAF3, STM32MP131AAG3, STM32MP131CAE3, STM32MP131CAF3, STM32MP131CAG3, STM32MP131DAE7, STM32MP131DAF7, STM32MP131DAG7, STM32MP131FAE7, STM32MP131FAF7, STM32MP131FAG7, STM32MP133AAE3, STM32MP133AAF3, STM32MP133AAG3, STM32MP133CAE3, STM32MP133CAF3, STM32MP133CAG3, STM32MP133DAE7, STM32MP133DAF7, STM32MP133DAG7, STM32MP133FAE7, STM32MP133FAF7, STM32MP133FAG7, STM32MP135AAE3, STM32MP135AAF3, STM32MP135AAG3, STM32MP135CAE3, STM32MP135CAF3, STM32MP135CAG3, STM32MP135DAE7, STM32MP135DAF7, STM32MP135DAG7, STM32MP135F-DK, STM32MP135FAE7, STM32MP135FAF7, STM32MP135FAG7, STM32U595ZJT6Q, STM32U599BJY6QTR, STM32U599NIH6Q, STM32U599NJH6Q, STM32U5A5ZJT6Q, STM32U5A9BJY6QTR, STM32U5A9NJH6Q, STM32WB1MMCH6]
2022-10-25 01:37:38,460 [INFO] DbMcus:215 - Found 3542 MCUs, 3542 are supported
2022-10-25 01:37:38,462 [WARN] PackLoader:242 - Cannot read IP mode file for STMicroelectronics.X-CUBE-AZRTOS-G0.1.0.0
2022-10-25 01:37:38,463 [INFO] ApiDb:418 - Load user favorites file C:\Users\Zver/.stm32cubeide/favorites.mcus.txt: 0 item(s)
2022-10-25 01:37:38,463 [INFO] ApiDb:422 - User favorites MCUs=[]
2022-10-25 01:37:38,463 [INFO] DbMcus:221 - Set 0 / 0 favorites MCUs
2022-10-25 01:37:38,470 [WARN] PackLoader:242 - Cannot read IP mode file for STMicroelectronics.X-CUBE-SFXS2LP1.4.0.0
2022-10-25 01:37:38,475 [WARN] PackLoader:242 - Cannot read IP mode file for STMicroelectronics.X-CUBE-BLE2.3.3.0
2022-10-25 01:37:38,483 [WARN] PackLoader:242 - Cannot read IP mode file for STMicroelectronics.X-CUBE-DISPLAY.2.2.0
2022-10-25 01:37:38,492 [WARN] PackLoader:242 - Cannot read IP mode file for STMicroelectronics.X-CUBE-TOF1.3.2.0
2022-10-25 01:37:38,498 [WARN] PackLoader:242 - Cannot read IP mode file for STMicroelectronics.X-CUBE-TOUCHGFX.4.18.1
2022-10-25 01:37:38,501 [WARN] PackLoader:242 - Cannot read IP mode file for STMicroelectronics.X-CUBE-ISPU.1.0.0
2022-10-25 01:37:38,507 [WARN] PackLoader:242 - Cannot read IP mode file for RoweBots.I-CUBE-UNISONRTOS.5.5.0-4
2022-10-25 01:37:38,523 [WARN] PackLoader:242 - Cannot read IP mode file for STMicroelectronics.X-CUBE-AZRTOS-H7.2.1.0
2022-10-25 01:37:38,540 [WARN] PackLoader:242 - Cannot read IP mode file for STMicroelectronics.X-CUBE-BLEMGR.1.0.0
2022-10-25 01:37:38,546 [WARN] PackLoader:242 - Cannot read IP mode file for STMicroelectronics.X-CUBE-ALGOBUILD.1.3.0
2022-10-25 01:37:38,559 [WARN] PackLoader:242 - Cannot read IP mode file for STMicroelectronics.X-CUBE-AZRTOS-G0.1.1.0
2022-10-25 01:37:38,569 [WARN] PackLoader:242 - Cannot read IP mode file for STMicroelectronics.X-CUBE-SUBG2.5.0.0
2022-10-25 01:37:38,600 [WARN] PackLoader:242 - Cannot read IP mode file for SEGGER.I-CUBE-embOS.1.2.0
2022-10-25 01:37:38,631 [WARN] PackLoader:242 - Cannot read IP mode file for STMicroelectronics.FP-ATR-ASTRA1.1.1.1
2022-10-25 01:37:38,641 [WARN] PackLoader:242 - Cannot read IP mode file for STMicroelectronics.X-CUBE-AZRTOS-H7.2.0.0
2022-10-25 01:37:38,653 [WARN] PackLoader:242 - Cannot read IP mode file for STMicroelectronics.X-CUBE-AZRTOS-G4.1.0.0
2022-10-25 01:37:38,657 [WARN] PackLoader:242 - Cannot read IP mode file for STMicroelectronics.FP-ATR-SIGFOX1.3.2.0
2022-10-25 01:37:38,667 [WARN] PackLoader:242 - Cannot read IP mode file for STMicroelectronics.X-CUBE-AZRTOS-L4.1.0.0
2022-10-25 01:37:38,673 [WARN] PackLoader:242 - Cannot read IP mode file for emotas.I-CUBE-CANOPEN.1.1.2
2022-10-25 01:37:38,675 [WARN] PackLoader:242 - Cannot read IP mode file for STMicroelectronics.X-CUBE-TOUCHGFX.4.20.0
2022-10-25 01:37:38,686 [WARN] PackLoader:242 - Cannot read IP mode file for STMicroelectronics.X-CUBE-AZRTOS-F7.1.0.0
2022-10-25 01:37:38,695 [WARN] PackLoader:242 - Cannot read IP mode file for STMicroelectronics.X-CUBE-AZRTOS-WL.1.0.0
2022-10-25 01:37:38,739 [WARN] PackLoader:242 - Cannot read IP mode file for STMicroelectronics.X-CUBE-MEMS1.9.1.0
2022-10-25 01:37:38,813 [WARN] PackLoader:242 - Cannot read IP mode file for portGmbH.I-Cube-SoM-uGOAL.1.1.0
2022-10-25 01:37:38,817 [WARN] PackLoader:242 - Cannot read IP mode file for STMicroelectronics.X-CUBE-ALS.1.0.1
2022-10-25 01:37:38,829 [WARN] PackLoader:242 - Cannot read IP mode file for STMicroelectronics.X-CUBE-AZRTOS-L5.1.0.0
2022-10-25 01:37:38,836 [WARN] PackLoader:242 - Cannot read IP mode file for STMicroelectronics.X-CUBE-EEPRMA1.3.1.1
2022-10-25 01:37:38,841 [WARN] PackLoader:242 - Cannot read IP mode file for STMicroelectronics.X-CUBE-GNSS1.5.2.0
2022-10-25 01:37:38,845 [WARN] PackLoader:242 - Cannot read IP mode file for STMicroelectronics.X-CUBE-DISPLAY.2.0.1
2022-10-25 01:37:38,851 [WARN] PackLoader:242 - Cannot read IP mode file for STMicroelectronics.X-CUBE-TOF1.3.0.0
2022-10-25 01:37:38,853 [INFO] ThirdParty:929 - Integrity check success = true
2022-10-25 01:37:38,853 [INFO] IntegrityCheckThread:98 - exiting critical section [integrity check]
2022-10-25 01:37:38,853 [INFO] IntegrityCheckThread:101 - End integrity checks thread
2022-10-25 01:37:39,807 [INFO] LoadUrlFilesThread:177 - End of LoadServerUrlFiles without Thread
2022-10-25 01:37:39,828 [INFO] DetailPanel:339 - Set advertising image to C:/Users/Zver/STM32Cube/Repository/\en.Prom_NBSTM32U50921.jpg
2022-10-25 01:37:40,675 [INFO] MultiScanPanel:778 - Auto Refresh Data is not needed
2022-10-25 01:37:40,683 [INFO] ApiDb:663 - CubeFinder database Data Model version=2.1
2022-10-25 01:37:40,683 [INFO] ApiDb:664 - CubeFinder database Configuration version=3.0.32
2022-10-25 01:37:40,683 [INFO] ApiDb:665 - CubeFinder database generation date=2022-08-05 (1659688109)
2022-10-25 01:37:40,683 [INFO] ApiDb:666 - CubeFinder database FW Pack versions=[STM32Cube_FW_C0_V1.0.0, STM32Cube_FW_F4_V1.27.1, STM32Cube_FW_F7_V1.17.0, STM32Cube_FW_G0_V1.6.1, STM32Cube_FW_G4_V1.5.0, STM32Cube_FW_H7_V1.10.0, STM32Cube_FW_L5_V1.4.0, STM32Cube_FW_U5_V1.1.1, STM32Cube_FW_WB_V1.14.1, STM32Cube_FW_WL_V1.2.0, X-CUBE-ALGOBUILD_V1.3.0, X-CUBE-ALS_V1.0.1, X-CUBE-AZRTOS-F4_V1.1.0, X-CUBE-AZRTOS-F7_V1.1.0, X-CUBE-AZRTOS-G0_V1.1.0, X-CUBE-AZRTOS-G4_V1.0.0, X-CUBE-AZRTOS-H7_V2.1.0, X-CUBE-AZRTOS-L4_V1.0.0, X-CUBE-AZRTOS-L5_V1.0.0, X-CUBE-AZRTOS-WL_V1.0.0, X-CUBE-BLE1_V6.2.3, X-CUBE-BLE2_V3.3.0, X-CUBE-EEPRMA1_V3.1.1, X-CUBE-GNSS1_V6.0.0, X-CUBE-MEMS1_V9.1.0, X-CUBE-MEMS1_V9.3.0, X-CUBE-NFC4_V2.0.4, X-CUBE-NFC7_V1.0.0, X-CUBE-SFXS2LP1_V4.0.0, X-CUBE-SUBG2_V5.0.0]
2022-10-25 01:37:40,730 [INFO] DbBoardsSqlite:227 - include board P-NUCLEO-WB55-NUCLEO as a kit item of type 'Nucleo-64'
2022-10-25 01:37:40,730 [INFO] DbBoardsSqlite:227 - include board P-NUCLEO-WB55-USBDONGLE as a kit item of type 'Nucleo USB Dongle'
2022-10-25 01:37:40,730 [INFO] DbBoardsSqlite:227 - include board STEVAL-IDP005V1 as a kit item of type 'Evaluation Board'
2022-10-25 01:37:40,730 [INFO] DbBoardsSqlite:227 - include board STEVAL-IDP005V2 as a kit item of type 'Evaluation Board'
2022-10-25 01:37:40,738 [INFO] ApiDb:239 - Found 138 in-development CPN: [B-WB1M-WPAN1, NUCLEO-C031C6, STEVAL-STWINBX1, STM320518-EVAL, STM32C0116-DK, STM32C011D6Y3TR, STM32C011D6Y6TR, STM32C011F4P3, STM32C011F4P6, STM32C011F4U3, STM32C011F4U6TR, STM32C011F6P3, STM32C011F6P6, STM32C011F6U3, STM32C011F6U6TR, STM32C011J4M3, STM32C011J4M6, STM32C011J6M3, STM32C011J6M6, STM32C0316-DK, STM32C031C4T3, STM32C031C4T6, STM32C031C4U3, STM32C031C4U6, STM32C031C6T3, STM32C031C6T6, STM32C031C6U3, STM32C031C6U6, STM32C031F4P3, STM32C031F4P6, STM32C031F6P3, STM32C031F6P6, STM32C031G4U3, STM32C031G4U6, STM32C031G6U3, STM32C031G6U6, STM32C031K4T3, STM32C031K4T6, STM32C031K4U3, STM32C031K4U6, STM32C031K6T3, STM32C031K6T6, STM32C031K6U3, STM32C031K6U6, STM32G071K8TXN, STM32G071K8UXN, STM32G081GBU6N, STM32G081KBT6N, STM32G081KBUXN, STM32G0B1CCT6N, STM32G0B1KCT6, STM32G0B1NEY6TR, STM32G0B1RCT6N, STM32G0C1CCT6, STM32G0C1CCT6N, STM32G0C1CCU6N, STM32G0C1CET6N, STM32G0C1CEU6N, STM32G0C1KCT6, STM32G0C1NEY6TR, STM32G0C1RCI6N, STM32G0C1RCT6N, STM32G0C1REI6N, STM32G0C1RET6N, STM32G0C1VCI6, STM32G0C1VEI6, STM32G471CCT6, STM32G471CCU6, STM32G471CET3, STM32G471CET6, STM32G471CEU3, STM32G471CEU6, STM32G471MCT6, STM32G471MET3, STM32G471MET6, STM32G471MEY6TR, STM32G471QCT6, STM32G471QET3, STM32G471RCT6, STM32G471RET3, STM32G471RET6, STM32G471VCH6, STM32G471VCI6, STM32G471VCT6, STM32G471VEH3, STM32G471VEH6, STM32G471VEI3, STM32G471VEI6, STM32G471VET3, STM32G471VET6, STM32G474CCT6, STM32L476VGY6PTR, STM32L4R5QGI6STR, STM32MP131AAE3, STM32MP131AAF3, STM32MP131AAG3, STM32MP131CAE3, STM32MP131CAF3, STM32MP131CAG3, STM32MP131DAE7, STM32MP131DAF7, STM32MP131DAG7, STM32MP131FAE7, STM32MP131FAF7, STM32MP131FAG7, STM32MP133AAE3, STM32MP133AAF3, STM32MP133AAG3, STM32MP133CAE3, STM32MP133CAF3, STM32MP133CAG3, STM32MP133DAE7, STM32MP133DAF7, STM32MP133DAG7, STM32MP133FAE7, STM32MP133FAF7, STM32MP133FAG7, STM32MP135AAE3, STM32MP135AAF3, STM32MP135AAG3, STM32MP135CAE3, STM32MP135CAF3, STM32MP135CAG3, STM32MP135DAE7, STM32MP135DAF7, STM32MP135DAG7, STM32MP135F-DK, STM32MP135FAE7, STM32MP135FAF7, STM32MP135FAG7, STM32U595ZJT6Q, STM32U599BJY6QTR, STM32U599NIH6Q, STM32U599NJH6Q, STM32U5A5ZJT6Q, STM32U5A9BJY6QTR, STM32U5A9NJH6Q, STM32WB1MMCH6]
2022-10-25 01:37:40,860 [INFO] BoardInfo:879 - No configuration file found for board P-NUCLEO-WB55
2022-10-25 01:37:40,860 [INFO] DbBoards:156 - Kit is not supported: P-NUCLEO-WB55
2022-10-25 01:37:40,868 [INFO] BoardInfo:879 - No configuration file found for board STEVAL-BFA001V1B
2022-10-25 01:37:40,868 [INFO] DbBoards:156 - Kit is not supported: STEVAL-BFA001V1B
2022-10-25 01:37:40,881 [INFO] BoardInfo:879 - No configuration file found for board STEVAL-BFA001V2B
2022-10-25 01:37:40,882 [INFO] DbBoards:156 - Kit is not supported: STEVAL-BFA001V2B
2022-10-25 01:37:40,968 [INFO] DbBoards:160 - Found 176 boards, 173 are supported
2022-10-25 01:37:40,973 [INFO] ApiDb:418 - Load user favorites file C:\Users\Zver/.stm32cubeide/favorites.boards.txt: 0 item(s)
2022-10-25 01:37:40,973 [INFO] ApiDb:422 - User favorites Boards=[]
2022-10-25 01:37:40,973 [INFO] DbBoards:189 - Set 0 / 0 favorites Boards
2022-10-25 01:37:53,905 [ERROR] LogOutputStream:74 - [STDERR_REDIRECT] SLF4J: Failed to load class "org.slf4j.impl.StaticLoggerBinder".
2022-10-25 01:37:53,905 [ERROR] LogOutputStream:74 - [STDERR_REDIRECT] SLF4J: Defaulting to no-operation (NOP) logger implementation
2022-10-25 01:37:53,907 [ERROR] LogOutputStream:74 - [STDERR_REDIRECT] SLF4J: See http://www.slf4j.org/codes.html#StaticLoggerBinder for further details.
2022-10-25 01:38:27,811 [INFO] McuResultTable:1384 - Mark MCU STM32F103C8T6 as favorite
2022-10-25 01:38:48,188 [INFO] MainUpdater:2768 - connection check result : 10
2022-10-25 01:38:48,189 [INFO] MainUpdater:2768 - connection check result : 10
2022-10-25 01:38:48,204 [INFO] MicroXplorer:451 - Change Database Path : 
2022-10-25 01:38:48,204 [INFO] MicroXplorer:481 - Change Database Version : DB.6.0.60
2022-10-25 01:38:48,205 [WARN] ThirdParty:827 - waiting for thirdparty lock release [close project]
2022-10-25 01:38:48,205 [INFO] ThirdParty:829 - entering critical section [close project]
2022-10-25 01:38:48,206 [INFO] ThirdParty:839 - exiting critical section [close project]
2022-10-25 01:38:48,211 [INFO] PinOutPanel:1468 - setPackage(No Configuration,No Configuration)
2022-10-25 01:38:48,216 [INFO] UtilMem:74 - Begin LoadConfig() Used Memory: 413848776 Bytes (451936256)
2022-10-25 01:38:48,217 [INFO] MicroXplorer:451 - Change Database Path : 
2022-10-25 01:38:48,217 [INFO] MicroXplorer:481 - Change Database Version : DB.6.0.60
2022-10-25 01:38:48,217 [INFO] OpenFileManager:307 - Change cursor
2022-10-25 01:38:48,253 [INFO] Mcu:1922 - Initializing MCU STM32F103C8Tx STM32F103C8Tx 
2022-10-25 01:38:48,254 [INFO] Mcu:1935 - No CPN specified => set CPN to STM32F103C8T6
2022-10-25 01:38:48,998 [INFO] Context:654 - Trying to add GPIOservice into a context  which must be forbidden
2022-10-25 01:38:49,253 [INFO] ImportTextPane:193 - (OptionalMessage_ERROR) Unable to find key (Mcu.ThirdPartyNb) in loaded IOC file
2022-10-25 01:38:49,253 [INFO] ImportTextPane:193 - (OptionalMessage_ERROR) Unable to find key (Mcu.PinsNb) in loaded IOC file
2022-10-25 01:38:49,253 [INFO] ImportTextPane:193 - (OptionalMessage_ERROR) Unable to find key (Mcu.IPNb) in loaded IOC file
2022-10-25 01:38:49,312 [WARN] ApiManager:308 - Cannot register API 'Board Extension:GNSS1A1' from pack STMicroelectronics.X-CUBE-GNSS1.6.0.0: no header file found
2022-10-25 01:38:49,313 [WARN] ApiManager:308 - Cannot register API 'Board Support:Custom' from pack STMicroelectronics.X-CUBE-GNSS1.6.0.0: no header file found
2022-10-25 01:38:49,313 [WARN] ApiManager:308 - Cannot register API 'Data Exchange:lib_gnss' from pack STMicroelectronics.X-CUBE-GNSS1.6.0.0: no header file found
2022-10-25 01:38:49,327 [WARN] ApiManager:308 - Cannot register API 'Wireless:BlueNRG-MS' from pack STMicroelectronics.X-CUBE-BLE1.6.2.3: no header file found
2022-10-25 01:38:49,329 [INFO] RtosManager:488 - Registered RTOS mode: class=CMSIS, group=RTOS, mode=CMSIS_V1, owner=FREERTOS
2022-10-25 01:38:49,329 [INFO] RtosManager:488 - Registered RTOS mode: class=CMSIS, group=RTOS2, mode=CMSIS_V2, owner=FREERTOS
2022-10-25 01:38:49,329 [INFO] RtosManager:488 - Registered RTOS mode: class=RTOS, group=Core, mode=CMSIS_V1, owner=FREERTOS
2022-10-25 01:38:49,329 [INFO] RtosManager:488 - Registered RTOS mode: class=RTOS, group=Core, mode=CMSIS_V2, owner=FREERTOS
2022-10-25 01:38:49,330 [WARN] ModelIntegratedComponent:185 - Missing modes for component STMicroelectronics:FreeRTOS:0.0.1:STMicroelectronics:RTOS:FreeRTOS:Core:::10.2.0:
2022-10-25 01:38:49,334 [WARN] ApiManager:308 - Cannot register API 'Board Extension:S2868A1' from pack STMicroelectronics.X-CUBE-SUBG2.5.0.0: no header file found
2022-10-25 01:38:49,334 [WARN] ApiManager:308 - Cannot register API 'Board Extension:S2868A2' from pack STMicroelectronics.X-CUBE-SUBG2.5.0.0: no header file found
2022-10-25 01:38:49,334 [WARN] ApiManager:308 - Cannot register API 'Board Extension:S2915A1' from pack STMicroelectronics.X-CUBE-SUBG2.5.0.0: no header file found
2022-10-25 01:38:49,339 [WARN] ApiManager:308 - Cannot register API 'Wireless:BlueNRG-MS' from pack STMicroelectronics.X-CUBE-BLE1.6.2.2: no header file found
2022-10-25 01:38:49,340 [WARN] ApiManager:308 - Cannot register API 'Board Extension:NFC04A1' from pack STMicroelectronics.X-CUBE-NFC4.2.0.4: no header file found
2022-10-25 01:38:49,341 [WARN] ApiManager:308 - Cannot register API 'Wireless:BlueNRG-2' from pack STMicroelectronics.X-CUBE-BLE2.3.2.2: no header file found
2022-10-25 01:38:49,341 [WARN] ApiManager:308 - Cannot register API 'Board Extension:NFC04A1' from pack STMicroelectronics.X-CUBE-NFC4.2.0.3: no header file found
2022-10-25 01:38:49,345 [WARN] ApiManager:308 - Cannot register API 'Board Extension:S2868A1' from pack STMicroelectronics.X-CUBE-SFXS2LP1.3.1.0: no header file found
2022-10-25 01:38:49,346 [WARN] ApiManager:308 - Cannot register API 'Board Extension:S2868A2' from pack STMicroelectronics.X-CUBE-SFXS2LP1.3.1.0: no header file found
2022-10-25 01:38:49,346 [WARN] ApiManager:308 - Cannot register API 'Board Extension:S2915A1' from pack STMicroelectronics.X-CUBE-SFXS2LP1.3.1.0: no header file found
2022-10-25 01:38:49,354 [WARN] ModelIntegratedComponent:64 - No mode defined for component null
2022-10-25 01:38:49,354 [WARN] ModelIntegratedComponent:64 - No mode defined for component null
2022-10-25 01:38:49,354 [WARN] ModelIntegratedComponent:64 - No mode defined for component null
2022-10-25 01:38:49,354 [WARN] ModelIntegratedComponent:64 - No mode defined for component null
2022-10-25 01:38:49,355 [WARN] ModelIntegratedComponent:64 - No mode defined for component null
2022-10-25 01:38:49,355 [WARN] ModelIntegratedComponent:64 - No mode defined for component null
2022-10-25 01:38:49,355 [WARN] ModelIntegratedComponent:64 - No mode defined for component null
2022-10-25 01:38:49,355 [WARN] ModelIntegratedComponent:64 - No mode defined for component null
2022-10-25 01:38:49,355 [WARN] ModelIntegratedComponent:64 - No mode defined for component null
2022-10-25 01:38:49,355 [WARN] ModelIntegratedComponent:64 - No mode defined for component null
2022-10-25 01:38:49,355 [WARN] ModelIntegratedComponent:64 - No mode defined for component null
2022-10-25 01:38:49,355 [WARN] ModelIntegratedComponent:64 - No mode defined for component null
2022-10-25 01:38:49,355 [WARN] ModelIntegratedComponent:64 - No mode defined for component null
2022-10-25 01:38:49,355 [WARN] ModelIntegratedComponent:64 - No mode defined for component null
2022-10-25 01:38:49,355 [WARN] ModelIntegratedComponent:64 - No mode defined for component null
2022-10-25 01:38:49,355 [WARN] ModelIntegratedComponent:64 - No mode defined for component null
2022-10-25 01:38:49,355 [WARN] ModelIntegratedComponent:64 - No mode defined for component null
2022-10-25 01:38:49,355 [WARN] ModelIntegratedComponent:64 - No mode defined for component null
2022-10-25 01:38:49,355 [WARN] ModelIntegratedComponent:64 - No mode defined for component null
2022-10-25 01:38:49,355 [WARN] ModelIntegratedComponent:64 - No mode defined for component null
2022-10-25 01:38:49,355 [WARN] ModelIntegratedComponent:64 - No mode defined for component null
2022-10-25 01:38:49,355 [WARN] ModelIntegratedComponent:64 - No mode defined for component null
2022-10-25 01:38:49,355 [WARN] ModelIntegratedComponent:64 - No mode defined for component null
2022-10-25 01:38:49,355 [WARN] ModelIntegratedComponent:64 - No mode defined for component null
2022-10-25 01:38:49,355 [WARN] ModelIntegratedComponent:64 - No mode defined for component null
2022-10-25 01:38:49,355 [WARN] ModelIntegratedComponent:64 - No mode defined for component null
2022-10-25 01:38:49,356 [WARN] ModelIntegratedComponent:64 - No mode defined for component null
2022-10-25 01:38:49,356 [WARN] ModelIntegratedComponent:64 - No mode defined for component null
2022-10-25 01:38:49,356 [WARN] ModelIntegratedComponent:64 - No mode defined for component null
2022-10-25 01:38:49,356 [WARN] ModelIntegratedComponent:64 - No mode defined for component null
2022-10-25 01:38:49,356 [WARN] ModelIntegratedComponent:64 - No mode defined for component null
2022-10-25 01:38:49,356 [WARN] ModelIntegratedComponent:64 - No mode defined for component null
2022-10-25 01:38:49,356 [WARN] ModelIntegratedComponent:64 - No mode defined for component null
2022-10-25 01:38:49,367 [WARN] ApiManager:308 - Cannot register API 'Board Extension:NFC07A1' from pack STMicroelectronics.X-CUBE-NFC7.1.0.0: no header file found
2022-10-25 01:38:49,372 [WARN] ApiManager:308 - Cannot register API 'Board Extension:S2868A1' from pack STMicroelectronics.X-CUBE-SUBG2.4.2.0: no header file found
2022-10-25 01:38:49,372 [WARN] ApiManager:308 - Cannot register API 'Board Extension:S2868A2' from pack STMicroelectronics.X-CUBE-SUBG2.4.2.0: no header file found
2022-10-25 01:38:49,372 [WARN] ApiManager:308 - Cannot register API 'Board Extension:S2915A1' from pack STMicroelectronics.X-CUBE-SUBG2.4.2.0: no header file found
2022-10-25 01:38:49,429 [WARN] ApiManager:308 - Cannot register API 'Board Extension:IKS01A3' from pack STMicroelectronics.X-CUBE-MEMS1.9.1.0: no header file found
2022-10-25 01:38:49,429 [WARN] ApiManager:308 - Cannot register API 'Board Extension:IKS01A2' from pack STMicroelectronics.X-CUBE-MEMS1.9.1.0: no header file found
2022-10-25 01:38:49,429 [WARN] ApiManager:308 - Cannot register API 'Board Extension:IKS02A1' from pack STMicroelectronics.X-CUBE-MEMS1.9.1.0: no header file found
2022-10-25 01:38:49,474 [WARN] ApiManager:308 - Cannot register API 'Board Extension:IKS01A3' from pack STMicroelectronics.X-CUBE-MEMS1.9.3.0: no header file found
2022-10-25 01:38:49,474 [WARN] ApiManager:308 - Cannot register API 'Board Extension:IKS01A2' from pack STMicroelectronics.X-CUBE-MEMS1.9.3.0: no header file found
2022-10-25 01:38:49,474 [WARN] ApiManager:308 - Cannot register API 'Board Extension:IKS02A1' from pack STMicroelectronics.X-CUBE-MEMS1.9.3.0: no header file found
2022-10-25 01:38:49,479 [WARN] ApiManager:308 - Cannot register API 'Board Extension:EEPRMA1' from pack STMicroelectronics.X-CUBE-EEPRMA1.3.1.1: no header file found
2022-10-25 01:38:49,479 [WARN] ApiManager:308 - Cannot register API 'Board Extension:EEPRMA2' from pack STMicroelectronics.X-CUBE-EEPRMA1.3.1.1: no header file found
2022-10-25 01:38:49,480 [WARN] ApiManager:308 - Cannot register API 'Board Extension:GNSS1A1' from pack STMicroelectronics.X-CUBE-GNSS1.5.2.0: no header file found
2022-10-25 01:38:49,480 [WARN] ApiManager:308 - Cannot register API 'Board Support:Custom' from pack STMicroelectronics.X-CUBE-GNSS1.5.2.0: no header file found
2022-10-25 01:38:49,480 [WARN] ApiManager:308 - Cannot register API 'Data Exchange:lib_gnss' from pack STMicroelectronics.X-CUBE-GNSS1.5.2.0: no header file found
2022-10-25 01:38:49,480 [WARN] ApiManager:308 - Cannot register API 'Board Extension:S2868A1' from pack STMicroelectronics.X-CUBE-SFXS2LP1.4.0.0: no header file found
2022-10-25 01:38:49,480 [WARN] ApiManager:308 - Cannot register API 'Board Extension:S2868A2' from pack STMicroelectronics.X-CUBE-SFXS2LP1.4.0.0: no header file found
2022-10-25 01:38:49,481 [WARN] ApiManager:308 - Cannot register API 'Board Extension:S2915A1' from pack STMicroelectronics.X-CUBE-SFXS2LP1.4.0.0: no header file found
2022-10-25 01:38:49,481 [WARN] ApiManager:308 - Cannot register API 'Wireless:BlueNRG-2' from pack STMicroelectronics.X-CUBE-BLE2.3.3.0: no header file found
2022-10-25 01:38:49,491 [INFO] ThirdPartyModel:289 - Start build external matchings
2022-10-25 01:38:49,868 [INFO] ThirdPartyModel:302 - End build external matchings
2022-10-25 01:38:50,043 [INFO] UtilMem:74 - End LoadConfig() Used Memory: 423714520 Bytes (451936256)
2022-10-25 01:38:50,057 [WARN] ThirdParty:789 - waiting for thirdparty lock release [change project]
2022-10-25 01:38:50,057 [INFO] ThirdParty:791 - entering critical section [change project]
2022-10-25 01:38:50,058 [INFO] ThirdParty:981 - CMSIS Pack Vendor :wolfSSL I-CUBE-wolfSSL 5.2.0
2022-10-25 01:38:50,058 [INFO] ThirdParty:981 - CMSIS Pack Vendor :RoweBots I-CUBE-UNISONRTOS 5.5.0-4
2022-10-25 01:38:50,058 [INFO] ThirdParty:981 - CMSIS Pack Vendor :STMicroelectronics X-CUBE-GNSS1 6.0.0
2022-10-25 01:38:50,058 [INFO] ThirdParty:981 - CMSIS Pack Vendor :STMicroelectronics X-CUBE-AZRTOS-H7 2.1.0
2022-10-25 01:38:50,058 [INFO] ThirdParty:981 - CMSIS Pack Vendor :STMicroelectronics USB_HOST 2.0.0
2022-10-25 01:38:50,058 [INFO] ThirdParty:981 - CMSIS Pack Vendor :STMicroelectronics X-CUBE-AZRTOS-F4 1.1.0
2022-10-25 01:38:50,058 [INFO] ThirdParty:981 - CMSIS Pack Vendor :STMicroelectronics LIBJPEG 8.0.0
2022-10-25 01:38:50,058 [INFO] ThirdParty:981 - CMSIS Pack Vendor :STMicroelectronics USB_DEVICE 3.0.0
2022-10-25 01:38:50,058 [INFO] ThirdParty:981 - CMSIS Pack Vendor :STMicroelectronics X-CUBE-BLEMGR 1.0.0
2022-10-25 01:38:50,059 [INFO] ThirdParty:981 - CMSIS Pack Vendor :STMicroelectronics X-CUBE-BLEMGR 1.2.0
2022-10-25 01:38:50,059 [INFO] ThirdParty:981 - CMSIS Pack Vendor :STMicroelectronics X-CUBE-AZRTOS-F7 1.1.0
2022-10-25 01:38:50,059 [INFO] ThirdParty:981 - CMSIS Pack Vendor :STMicroelectronics USB_DEVICE 2.0.0
2022-10-25 01:38:50,060 [INFO] ThirdParty:981 - CMSIS Pack Vendor :STMicroelectronics X-CUBE-AI 7.1.0
2022-10-25 01:38:50,060 [INFO] ThirdParty:981 - CMSIS Pack Vendor :STMicroelectronics X-CUBE-BLE1 6.2.3
2022-10-25 01:38:50,060 [INFO] ThirdParty:981 - CMSIS Pack Vendor :STMicroelectronics X-CUBE-ALGOBUILD 1.3.0
2022-10-25 01:38:50,060 [INFO] ThirdParty:981 - CMSIS Pack Vendor :STMicroelectronics FreeRTOS 0.0.1
2022-10-25 01:38:50,060 [INFO] ThirdParty:981 - CMSIS Pack Vendor :STMicroelectronics X-CUBE-AZRTOS-G0 1.1.0
2022-10-25 01:38:50,060 [INFO] ThirdParty:981 - CMSIS Pack Vendor :STMicroelectronics X-CUBE-SUBG2 5.0.0
2022-10-25 01:38:50,060 [INFO] ThirdParty:981 - CMSIS Pack Vendor :SEGGER I-CUBE-embOS 1.2.0
2022-10-25 01:38:50,060 [INFO] ThirdParty:981 - CMSIS Pack Vendor :STMicroelectronics STM32_WPAN 1.0.0
2022-10-25 01:38:50,060 [INFO] ThirdParty:981 - CMSIS Pack Vendor :STMicroelectronics lwIP 2.0.3
2022-10-25 01:38:50,060 [INFO] ThirdParty:981 - CMSIS Pack Vendor :STMicroelectronics X-CUBE-BLE1 6.2.2
2022-10-25 01:38:50,061 [INFO] ThirdParty:981 - CMSIS Pack Vendor :STMicroelectronics X-CUBE-NFC4 2.0.4
2022-10-25 01:38:50,061 [INFO] ThirdParty:981 - CMSIS Pack Vendor :STMicroelectronics X-CUBE-BLE2 3.2.2
2022-10-25 01:38:50,061 [INFO] ThirdParty:981 - CMSIS Pack Vendor :STMicroelectronics USB_HOST 1.0.0
2022-10-25 01:38:50,061 [INFO] ThirdParty:981 - CMSIS Pack Vendor :STMicroelectronics X-CUBE-NFC4 2.0.3
2022-10-25 01:38:50,061 [INFO] ThirdParty:981 - CMSIS Pack Vendor :STMicroelectronics PDM2PCM 3.1.0
2022-10-25 01:38:50,061 [INFO] ThirdParty:981 - CMSIS Pack Vendor :STMicroelectronics FP-ATR-ASTRA1 1.1.1
2022-10-25 01:38:50,061 [INFO] ThirdParty:981 - CMSIS Pack Vendor :STMicroelectronics PDM2PCM 3.3.0
2022-10-25 01:38:50,061 [INFO] ThirdParty:981 - CMSIS Pack Vendor :STMicroelectronics X-CUBE-TOF1 3.1.0
2022-10-25 01:38:50,061 [INFO] ThirdParty:981 - CMSIS Pack Vendor :STMicroelectronics X-CUBE-SFXS2LP1 3.1.0
2022-10-25 01:38:50,061 [INFO] ThirdParty:981 - CMSIS Pack Vendor :STMicroelectronics X-CUBE-AZRTOS-F4 1.0.0
2022-10-25 01:38:50,061 [INFO] ThirdParty:981 - CMSIS Pack Vendor :STMicroelectronics X-CUBE-AZRTOS-H7 2.0.0
2022-10-25 01:38:50,061 [INFO] ThirdParty:981 - CMSIS Pack Vendor :STMicroelectronics X-CUBE-AZRTOS-G4 1.0.0
2022-10-25 01:38:50,061 [INFO] ThirdParty:981 - CMSIS Pack Vendor :STMicroelectronics FP-ATR-SIGFOX1 3.2.0
2022-10-25 01:38:50,062 [INFO] ThirdParty:981 - CMSIS Pack Vendor :STMicroelectronics X-CUBE-AZRTOS-L4 1.0.0
2022-10-25 01:38:50,062 [INFO] ThirdParty:981 - CMSIS Pack Vendor :STMicroelectronics HAL Drivers 0.0.0
2022-10-25 01:38:50,062 [INFO] ThirdParty:981 - CMSIS Pack Vendor :STMicroelectronics MBEDTLS 2.16.2
2022-10-25 01:38:50,062 [INFO] ThirdParty:981 - CMSIS Pack Vendor :emotas I-CUBE-CANOPEN 1.1.2
2022-10-25 01:38:50,062 [INFO] ThirdParty:981 - CMSIS Pack Vendor :STMicroelectronics X-CUBE-TOUCHGFX 4.20.0
2022-10-25 01:38:50,062 [INFO] ThirdParty:981 - CMSIS Pack Vendor :STMicroelectronics MBEDTLS 2.14.1
2022-10-25 01:38:50,062 [INFO] ThirdParty:981 - CMSIS Pack Vendor :STMicroelectronics X-CUBE-NFC7 1.0.0
2022-10-25 01:38:50,062 [INFO] ThirdParty:981 - CMSIS Pack Vendor :STMicroelectronics X-CUBE-AZRTOS-F7 1.0.0
2022-10-25 01:38:50,062 [INFO] ThirdParty:981 - CMSIS Pack Vendor :STMicroelectronics X-CUBE-AZRTOS-WL 1.0.0
2022-10-25 01:38:50,062 [INFO] ThirdParty:981 - CMSIS Pack Vendor :STMicroelectronics X-CUBE-SUBG2 4.2.0
2022-10-25 01:38:50,062 [INFO] ThirdParty:981 - CMSIS Pack Vendor :STMicroelectronics X-CUBE-MEMS1 9.1.0
2022-10-25 01:38:50,062 [INFO] ThirdParty:981 - CMSIS Pack Vendor :STMicroelectronics X-CUBE-MEMS1 9.3.0
2022-10-25 01:38:50,063 [INFO] ThirdParty:981 - CMSIS Pack Vendor :portGmbH I-Cube-SoM-uGOAL 1.1.0
2022-10-25 01:38:50,063 [INFO] ThirdParty:981 - CMSIS Pack Vendor :STMicroelectronics X-CUBE-ALS 1.0.1
2022-10-25 01:38:50,063 [INFO] ThirdParty:981 - CMSIS Pack Vendor :STMicroelectronics X-CUBE-AI 7.2.0
2022-10-25 01:38:50,063 [INFO] ThirdParty:981 - CMSIS Pack Vendor :STMicroelectronics ThreadX 1.0.0
2022-10-25 01:38:50,063 [INFO] ThirdParty:981 - CMSIS Pack Vendor :STMicroelectronics X-CUBE-AZRTOS-L5 1.0.0
2022-10-25 01:38:50,063 [INFO] ThirdParty:981 - CMSIS Pack Vendor :STMicroelectronics USB_DEVICE 1.0.0
2022-10-25 01:38:50,063 [INFO] ThirdParty:981 - CMSIS Pack Vendor :STMicroelectronics X-CUBE-AZRTOS-G0 1.0.0
2022-10-25 01:38:50,063 [INFO] ThirdParty:981 - CMSIS Pack Vendor :STMicroelectronics X-CUBE-EEPRMA1 3.1.1
2022-10-25 01:38:50,063 [INFO] ThirdParty:981 - CMSIS Pack Vendor :STMicroelectronics X-CUBE-GNSS1 5.2.0
2022-10-25 01:38:50,063 [INFO] ThirdParty:981 - CMSIS Pack Vendor :STMicroelectronics ThreadX 0.0.2
2022-10-25 01:38:50,063 [INFO] ThirdParty:981 - CMSIS Pack Vendor :STMicroelectronics lwIP 2.1.2
2022-10-25 01:38:50,063 [INFO] ThirdParty:981 - CMSIS Pack Vendor :STMicroelectronics X-CUBE-SFXS2LP1 4.0.0
2022-10-25 01:38:50,064 [INFO] ThirdParty:981 - CMSIS Pack Vendor :STMicroelectronics X-CUBE-BLE2 3.3.0
2022-10-25 01:38:50,064 [INFO] ThirdParty:981 - CMSIS Pack Vendor :STMicroelectronics X-CUBE-DISPLAY 2.0.1
2022-10-25 01:38:50,064 [INFO] ThirdParty:981 - CMSIS Pack Vendor :STMicroelectronics X-CUBE-DISPLAY 2.2.0
2022-10-25 01:38:50,064 [INFO] ThirdParty:981 - CMSIS Pack Vendor :STMicroelectronics X-CUBE-TOF1 3.2.0
2022-10-25 01:38:50,064 [INFO] ThirdParty:981 - CMSIS Pack Vendor :STMicroelectronics PDM2PCM 3.2.0
2022-10-25 01:38:50,064 [INFO] ThirdParty:981 - CMSIS Pack Vendor :STMicroelectronics X-CUBE-TOUCHGFX 4.18.1
2022-10-25 01:38:50,064 [INFO] ThirdParty:981 - CMSIS Pack Vendor :STMicroelectronics X-CUBE-TOF1 3.0.0
2022-10-25 01:38:50,064 [INFO] ThirdParty:981 - CMSIS Pack Vendor :STMicroelectronics X-CUBE-ISPU 1.0.0
2022-10-25 01:38:50,064 [INFO] ThirdParty:797 - exiting critical section [change project]
2022-10-25 01:38:50,408 [INFO] PinOutPanel:1468 - setPackage(No Configuration,No Configuration)
2022-10-25 01:38:50,409 [INFO] PinOutPanel:1468 - setPackage(STM32F103C8Tx,LQFP48)
2022-10-25 01:38:50,853 [INFO] UtilMem:74 - Before build in PCC Used Memory: 437627256 Bytes (451936256)
2022-10-25 01:38:51,757 [INFO] UtilMem:74 - After build in PCC Used Memory: 440184432 Bytes (451936256)
2022-10-25 01:38:51,786 [INFO] IPUIPlugin:79 - create IPUIPlugin
2022-10-25 01:38:51,787 [INFO] IPUIPlugin:79 - create IPUIPlugin
2022-10-25 01:38:51,787 [INFO] IPUIPlugin:79 - create IPUIPlugin
2022-10-25 01:38:51,787 [INFO] IPUIPlugin:79 - create IPUIPlugin
2022-10-25 01:38:51,787 [INFO] IPUIPlugin:79 - create IPUIPlugin
2022-10-25 01:38:51,787 [INFO] IPUIPlugin:79 - create IPUIPlugin
2022-10-25 01:38:51,787 [INFO] IPUIPlugin:79 - create IPUIPlugin
2022-10-25 01:38:51,787 [INFO] IPUIPlugin:79 - create IPUIPlugin
2022-10-25 01:38:51,788 [INFO] IPUIPlugin:79 - create IPUIPlugin
2022-10-25 01:38:51,788 [INFO] IPUIPlugin:79 - create IPUIPlugin
2022-10-25 01:38:51,788 [INFO] IPUIPlugin:79 - create IPUIPlugin
2022-10-25 01:38:51,788 [INFO] IPUIPlugin:79 - create IPUIPlugin
2022-10-25 01:38:51,788 [INFO] IPUIPlugin:79 - create IPUIPlugin
2022-10-25 01:38:51,789 [INFO] IPUIPlugin:79 - create IPUIPlugin
2022-10-25 01:38:51,789 [INFO] IPUIPlugin:79 - create IPUIPlugin
2022-10-25 01:38:51,789 [INFO] IPUIPlugin:79 - create IPUIPlugin
2022-10-25 01:38:51,789 [INFO] IPUIPlugin:79 - create IPUIPlugin
2022-10-25 01:38:51,790 [INFO] IPUIPlugin:79 - create IPUIPlugin
2022-10-25 01:38:51,790 [INFO] IPUIPlugin:79 - create IPUIPlugin
2022-10-25 01:38:51,790 [INFO] IPUIPlugin:79 - create IPUIPlugin
2022-10-25 01:38:51,790 [INFO] IPUIPlugin:79 - create IPUIPlugin
2022-10-25 01:38:51,791 [INFO] IPUIPlugin:79 - create IPUIPlugin
2022-10-25 01:38:51,791 [INFO] IPUIPlugin:79 - create IPUIPlugin
2022-10-25 01:38:51,791 [INFO] IPUIPlugin:79 - create IPUIPlugin
2022-10-25 01:38:51,791 [INFO] IPUIPlugin:79 - create IPUIPlugin
2022-10-25 01:38:51,792 [INFO] IPUIPlugin:79 - create IPUIPlugin
2022-10-25 01:38:51,792 [INFO] IPUIPlugin:79 - create IPUIPlugin
2022-10-25 01:38:52,214 [INFO] OpenFileManager:327 - Restore cursor
2022-10-25 01:38:52,610 [INFO] UtilMem:74 - End SaveConfig() Used Memory: 433624464 Bytes (479199232)
2022-10-25 01:38:52,671 [INFO] UtilMem:74 - End SaveConfig() Used Memory: 444211424 Bytes (479199232)
2022-10-25 01:38:53,181 [INFO] BlockDiagram:2753 - set Specific Code input for plugin: NVIC
2022-10-25 01:38:53,181 [INFO] BlockDiagram:2753 - set Specific Code input for plugin: RCC
2022-10-25 01:38:53,182 [INFO] CodeGenerator:690 - code generatio: config db path: C:\ST\STM32CubeIDE_1.9.0\STM32CubeIDE\plugins\com.st.stm32cube.common.mx_6.6.1.202207061420\\db\
2022-10-25 01:38:53,537 [INFO] CodeEngine:245 - oldGeneratedFile, D:\github\mc\stm32\PWM_Timer_ LED\PWM_Timer_ LED\MXTmpFiles\license.tmp_save
2022-10-25 01:38:53,927 [INFO] CodeEngine:269 - Generated code: D:\github\mc\stm32\PWM_Timer_ LED\PWM_Timer_ LED\MXTmpFiles\license.tmp
2022-10-25 01:38:54,068 [INFO] CodeEngine:245 - oldGeneratedFile, D:\github\mc\stm32\PWM_Timer_ LED\PWM_Timer_ LED\Core\Src\stm32f1xx_it.c_save
2022-10-25 01:38:54,283 [INFO] CodeEngine:269 - Generated code: D:\github\mc\stm32\PWM_Timer_ LED\PWM_Timer_ LED\Core\Src\stm32f1xx_it.c
2022-10-25 01:38:54,291 [INFO] CodeEngine:245 - oldGeneratedFile, D:\github\mc\stm32\PWM_Timer_ LED\PWM_Timer_ LED\Core\Inc\stm32f1xx_it.h_save
2022-10-25 01:38:54,379 [INFO] CodeEngine:269 - Generated code: D:\github\mc\stm32\PWM_Timer_ LED\PWM_Timer_ LED\Core\Inc\stm32f1xx_it.h
2022-10-25 01:38:54,451 [INFO] CodeEngine:245 - oldGeneratedFile, D:\github\mc\stm32\PWM_Timer_ LED\PWM_Timer_ LED\Core\Src\stm32f1xx_hal_msp.c_save
2022-10-25 01:38:54,603 [INFO] CodeEngine:269 - Generated code: D:\github\mc\stm32\PWM_Timer_ LED\PWM_Timer_ LED\Core\Src\stm32f1xx_hal_msp.c
2022-10-25 01:38:54,611 [INFO] CodeEngine:245 - oldGeneratedFile, D:\github\mc\stm32\PWM_Timer_ LED\PWM_Timer_ LED\MXTmpFiles\system.tmp_save
2022-10-25 01:38:54,691 [INFO] CodeEngine:269 - Generated code: D:\github\mc\stm32\PWM_Timer_ LED\PWM_Timer_ LED\MXTmpFiles\system.tmp
2022-10-25 01:38:54,698 [INFO] CodeEngine:245 - oldGeneratedFile, D:\github\mc\stm32\PWM_Timer_ LED\PWM_Timer_ LED\Core\Inc\stm32f1xx_hal_conf.h_save
2022-10-25 01:38:54,828 [INFO] CodeEngine:269 - Generated code: D:\github\mc\stm32\PWM_Timer_ LED\PWM_Timer_ LED\Core\Inc\stm32f1xx_hal_conf.h
2022-10-25 01:38:54,876 [INFO] CodeEngine:245 - oldGeneratedFile, D:\github\mc\stm32\PWM_Timer_ LED\PWM_Timer_ LED\Core\Inc\main.h_save
2022-10-25 01:38:55,074 [INFO] CodeEngine:269 - Generated code: D:\github\mc\stm32\PWM_Timer_ LED\PWM_Timer_ LED\Core\Inc\main.h
2022-10-25 01:38:55,079 [INFO] CodeEngine:245 - oldGeneratedFile, D:\github\mc\stm32\PWM_Timer_ LED\PWM_Timer_ LED\Core\Src\main.c_save
2022-10-25 01:38:55,477 [INFO] CodeEngine:269 - Generated code: D:\github\mc\stm32\PWM_Timer_ LED\PWM_Timer_ LED\Core\Src\main.c
2022-10-25 01:38:56,286 [INFO] ProjectBuilder:2919 - Time for Copy HAL[1] : 321mS.
2022-10-25 01:38:56,297 [INFO] ProjectBuilder:4117 - Project Generator version: 3.17.1
2022-10-25 01:38:56,613 [INFO] ConfigFileManager:1394 - The Die is : DIE410
2022-10-25 01:38:56,627 [INFO] ApiDbMcu:505 - Load IP Config File for FATFS
2022-10-25 01:38:56,691 [INFO] ApiDbMcu:505 - Load IP Config File for FREERTOS
2022-10-25 01:38:56,702 [INFO] ApiDbMcu:505 - Load IP Config File for USB_DEVICE
2022-10-25 01:38:59,750 [INFO] ProjectBuilder:4285 - Time for Generating toolchain IDE Files: 3453mS.
2022-10-25 01:38:59,751 [INFO] ProjectBuilder:2790 - Time for Copy CMSIS : 0mS.
2022-10-25 01:38:59,752 [INFO] ProjectBuilder:2790 - Time for Copy CMSIS : 0mS.
2022-10-25 01:39:00,866 [INFO] McuFinderGlobals:57 - Set McuFinderConnectedMode to true
2022-10-25 01:39:00,868 [INFO] ApiDb:443 - Save user favorites file C:\Users\Zver/.stm32cubeide/favorites.mcus.txt: 1 item(s)
2022-10-25 01:39:00,868 [INFO] ApiDb:447 - User favorites MCUs=[STM32F103C8T6]
2022-10-25 01:40:14,233 [INFO] NvicIntPanel:100 - NVIC parent = com.st.microxplorer.plugins.ip.nvic.MultiNvicIntPanel[,0,0,0x0,invalid,layout=javax.swing.BoxLayout,alignmentX=0.0,alignmentY=0.0,border=,flags=9,maximumSize=,minimumSize=,preferredSize=]
2022-10-25 01:40:26,029 [INFO] NvicIntPanel:100 - NVIC parent = com.st.microxplorer.plugins.ip.nvic.MultiNvicIntPanel[,0,0,0x0,invalid,layout=javax.swing.BoxLayout,alignmentX=0.0,alignmentY=0.0,border=,flags=9,maximumSize=,minimumSize=,preferredSize=]
2022-10-25 01:40:30,659 [INFO] NvicIntPanel:100 - NVIC parent = com.st.microxplorer.plugins.ip.nvic.MultiNvicIntPanel[,0,0,0x0,invalid,layout=javax.swing.BoxLayout,alignmentX=0.0,alignmentY=0.0,border=,flags=9,maximumSize=,minimumSize=,preferredSize=]
2022-10-25 01:40:33,748 [INFO] NvicIntPanel:100 - NVIC parent = com.st.microxplorer.plugins.ip.nvic.MultiNvicIntPanel[,0,0,0x0,invalid,layout=javax.swing.BoxLayout,alignmentX=0.0,alignmentY=0.0,border=,flags=9,maximumSize=,minimumSize=,preferredSize=]
2022-10-25 01:40:33,812 [INFO] NvicIntPanel:100 - NVIC parent = com.st.microxplorer.plugins.ip.nvic.MultiNvicIntPanel[,0,0,0x0,invalid,layout=javax.swing.BoxLayout,alignmentX=0.0,alignmentY=0.0,border=,flags=9,maximumSize=,minimumSize=,preferredSize=]
2022-10-25 01:41:22,204 [INFO] NvicIntPanel:100 - NVIC parent = com.st.microxplorer.plugins.ip.nvic.MultiNvicIntPanel[,0,0,0x0,invalid,layout=javax.swing.BoxLayout,alignmentX=0.0,alignmentY=0.0,border=,flags=9,maximumSize=,minimumSize=,preferredSize=]
2022-10-25 01:43:42,093 [INFO] UtilMem:74 - End SaveConfig() Used Memory: 526120888 Bytes (825229312)
2022-10-25 01:43:43,452 [INFO] UtilMem:74 - End SaveConfig() Used Memory: 545407888 Bytes (825229312)
2022-10-25 01:43:45,717 [INFO] UtilMem:74 - End SaveConfig() Used Memory: 624470968 Bytes (825229312)
2022-10-25 01:43:46,001 [INFO] BlockDiagram:2753 - set Specific Code input for plugin: NVIC
2022-10-25 01:43:46,001 [INFO] BlockDiagram:2753 - set Specific Code input for plugin: TIM1_8F1
2022-10-25 01:43:46,001 [INFO] BlockDiagram:2753 - set Specific Code input for plugin: SYS
2022-10-25 01:43:46,002 [INFO] BlockDiagram:2753 - set Specific Code input for plugin: GPIO
2022-10-25 01:43:46,002 [INFO] BlockDiagram:2753 - set Specific Code input for plugin: RCC
2022-10-25 01:43:46,041 [INFO] CodeGenerator:690 - code generatio: config db path: C:\ST\STM32CubeIDE_1.9.0\STM32CubeIDE\plugins\com.st.stm32cube.common.mx_6.6.1.202207061420\\db\
2022-10-25 01:43:46,204 [INFO] CodeEngine:245 - oldGeneratedFile, D:\github\mc\stm32\PWM_Timer_ LED\PWM_Timer_ LED\MXTmpFiles\license.tmp_save
2022-10-25 01:43:46,368 [INFO] CodeEngine:269 - Generated code: D:\github\mc\stm32\PWM_Timer_ LED\PWM_Timer_ LED\MXTmpFiles\license.tmp
2022-10-25 01:43:46,442 [INFO] CodeEngine:245 - oldGeneratedFile, D:\github\mc\stm32\PWM_Timer_ LED\PWM_Timer_ LED\MXTmpFiles\gpio.tmp_save
2022-10-25 01:43:46,631 [INFO] CodeEngine:269 - Generated code: D:\github\mc\stm32\PWM_Timer_ LED\PWM_Timer_ LED\MXTmpFiles\gpio.tmp
2022-10-25 01:43:46,698 [INFO] CodeEngine:245 - oldGeneratedFile, D:\github\mc\stm32\PWM_Timer_ LED\PWM_Timer_ LED\Core\Src\stm32f1xx_it.c_save
2022-10-25 01:43:46,782 [INFO] CodeEngine:269 - Generated code: D:\github\mc\stm32\PWM_Timer_ LED\PWM_Timer_ LED\Core\Src\stm32f1xx_it.c
2022-10-25 01:43:46,788 [INFO] CodeEngine:245 - oldGeneratedFile, D:\github\mc\stm32\PWM_Timer_ LED\PWM_Timer_ LED\Core\Inc\stm32f1xx_it.h_save
2022-10-25 01:43:46,845 [INFO] CodeEngine:269 - Generated code: D:\github\mc\stm32\PWM_Timer_ LED\PWM_Timer_ LED\Core\Inc\stm32f1xx_it.h
2022-10-25 01:43:46,882 [INFO] CodeEngine:245 - oldGeneratedFile, D:\github\mc\stm32\PWM_Timer_ LED\PWM_Timer_ LED\Core\Src\stm32f1xx_hal_msp.c_save
2022-10-25 01:43:47,026 [INFO] CodeEngine:269 - Generated code: D:\github\mc\stm32\PWM_Timer_ LED\PWM_Timer_ LED\Core\Src\stm32f1xx_hal_msp.c
2022-10-25 01:43:47,029 [INFO] CodeEngine:245 - oldGeneratedFile, D:\github\mc\stm32\PWM_Timer_ LED\PWM_Timer_ LED\MXTmpFiles\system.tmp_save
2022-10-25 01:43:47,089 [INFO] CodeEngine:269 - Generated code: D:\github\mc\stm32\PWM_Timer_ LED\PWM_Timer_ LED\MXTmpFiles\system.tmp
2022-10-25 01:43:47,123 [INFO] CodeEngine:245 - oldGeneratedFile, D:\github\mc\stm32\PWM_Timer_ LED\PWM_Timer_ LED\Core\Inc\stm32f1xx_hal_conf.h_save
2022-10-25 01:43:47,259 [INFO] CodeEngine:269 - Generated code: D:\github\mc\stm32\PWM_Timer_ LED\PWM_Timer_ LED\Core\Inc\stm32f1xx_hal_conf.h
2022-10-25 01:43:47,289 [WARN] IPConfigManager:3348 - IP not found : TIM
2022-10-25 01:43:47,290 [WARN] CodeGenerator:3567 - IP not found : null
2022-10-25 01:43:47,312 [INFO] CodeEngine:245 - oldGeneratedFile, D:\github\mc\stm32\PWM_Timer_ LED\PWM_Timer_ LED\Core\Inc\main.h_save
2022-10-25 01:43:47,388 [INFO] CodeEngine:269 - Generated code: D:\github\mc\stm32\PWM_Timer_ LED\PWM_Timer_ LED\Core\Inc\main.h
2022-10-25 01:43:47,421 [INFO] CodeEngine:245 - oldGeneratedFile, D:\github\mc\stm32\PWM_Timer_ LED\PWM_Timer_ LED\Core\Src\main.c_save
2022-10-25 01:43:47,522 [INFO] CodeEngine:269 - Generated code: D:\github\mc\stm32\PWM_Timer_ LED\PWM_Timer_ LED\Core\Src\main.c
2022-10-25 01:43:48,289 [INFO] ProjectBuilder:2919 - Time for Copy HAL[1] : 325mS.
2022-10-25 01:43:48,292 [INFO] ProjectBuilder:4117 - Project Generator version: 3.17.1
2022-10-25 01:43:48,636 [INFO] ConfigFileManager:1394 - The Die is : DIE410
2022-10-25 01:43:49,852 [INFO] ProjectBuilder:4285 - Time for Generating toolchain IDE Files: 1560mS.
2022-10-25 01:43:49,853 [INFO] ProjectBuilder:2790 - Time for Copy CMSIS : 1mS.
2022-10-25 01:43:49,854 [INFO] ProjectBuilder:2790 - Time for Copy CMSIS : 1mS.
