2022-10-27 15:40:18,929 [INFO] Activator:177 - 


2022-10-27 15:40:18,930 [INFO] Activator:178 - !SESSION log4j initialized
2022-10-27 15:40:36,968 [INFO] McuFinderGlobals:44 - Set McuFinder mode to 2 (CubeIDE integrated)
2022-10-27 15:40:37,123 [INFO] ApplicationProperties:181 - Using Application install path: C:\ST\STM32CubeIDE_1.9.0\STM32CubeIDE\plugins\com.st.stm32cube.common.mx_6.6.1.202207061420
2022-10-27 15:40:37,137 [INFO] DbMcusXml:77 - Set database path to: C:\ST\STM32CubeIDE_1.9.0\STM32CubeIDE\plugins\com.st.stm32cube.common.mx_6.6.1.202207061420\\db\/mcu/
2022-10-27 15:40:37,138 [INFO] ApiDb:269 - Set plugin database path to: C:\ST\STM32CubeIDE_1.9.0\STM32CubeIDE\plugins\com.st.stm32cube.common.mx_6.6.1.202207061420\\db\/plugins/boardmanager/
2022-10-27 15:40:37,140 [WARN] ApiDb:254 - Overriding images path with different value:  => C:\ST\STM32CubeIDE_1.9.0\STM32CubeIDE\plugins\com.st.stm32cube.common.mx_6.6.1.202207061420\\db\/plugins/mcufinder/images/
2022-10-27 15:40:37,151 [INFO] ApiDb:249 - Set database path to: C:\Users\Zver\.stmcufinder\plugins\mcufinder//mcu/
2022-10-27 15:40:37,152 [INFO] DbMcusAds:124 - Set database path to: C:\Users\Zver\.stmcufinder\plugins\mcufinder//mcu/
2022-10-27 15:40:37,164 [INFO] CrossReferenceDbSqlite:201 - Set database path to: C:\Users\Zver\.stmcufinder\plugins\mcufinder//mcu/cs/
2022-10-27 15:40:37,252 [INFO] RulesReader:61 - Compatibility file has been processed (282 Rules)
2022-10-27 15:40:37,378 [INFO] DbMcusXml:77 - Set database path to: C:\ST\STM32CubeIDE_1.9.0\STM32CubeIDE\plugins\com.st.stm32cube.common.mx_6.6.1.202207061420\\db\/mcu/
2022-10-27 15:40:37,392 [INFO] ApiDb:269 - Set plugin database path to: C:\ST\STM32CubeIDE_1.9.0\STM32CubeIDE\plugins\com.st.stm32cube.common.mx_6.6.1.202207061420\\db\/plugins/boardmanager/
2022-10-27 15:40:37,393 [INFO] ApiDb:256 - Set plugin images path to: C:\ST\STM32CubeIDE_1.9.0\STM32CubeIDE\plugins\com.st.stm32cube.common.mx_6.6.1.202207061420\\db\/plugins/mcufinder/images/
2022-10-27 15:40:37,393 [WARN] DbFile:40 - Overriding database path with different value: C:\Users\Zver\.stmcufinder\plugins\mcufinder/ => C:\Users\Zver\.stmcufinder\plugins\mcufinder
2022-10-27 15:40:37,393 [INFO] ApiDb:249 - Set database path to: C:\Users\Zver\.stmcufinder\plugins\mcufinder//mcu/
2022-10-27 15:40:37,393 [WARN] DbFile:40 - Overriding database path with different value: C:\Users\Zver\.stmcufinder\plugins\mcufinder/ => C:\Users\Zver\.stmcufinder\plugins\mcufinder
2022-10-27 15:40:37,393 [INFO] DbMcusAds:124 - Set database path to: C:\Users\Zver\.stmcufinder\plugins\mcufinder//mcu/
2022-10-27 15:40:37,394 [WARN] DbFile:40 - Overriding database path with different value: C:\Users\Zver\.stmcufinder\plugins\mcufinder/ => C:\Users\Zver\.stmcufinder\plugins\mcufinder
2022-10-27 15:40:37,394 [WARN] DbFile:40 - Overriding database path with different value: C:\Users\Zver\.stmcufinder\plugins\mcufinder/ => C:\Users\Zver\.stmcufinder\plugins\mcufinder
2022-10-27 15:40:37,394 [INFO] CrossReferenceDbSqlite:201 - Set database path to: C:\Users\Zver\.stmcufinder\plugins\mcufinder//mcu/cs/
2022-10-27 15:40:37,588 [INFO] MainPanel:242 - HeapMemory: 268435456
2022-10-27 15:40:37,650 [INFO] DbMcusXml:77 - Set database path to: C:\ST\STM32CubeIDE_1.9.0\STM32CubeIDE\plugins\com.st.stm32cube.common.mx_6.6.1.202207061420\\db\/mcu/
2022-10-27 15:40:37,651 [INFO] ApiDb:269 - Set plugin database path to: C:\ST\STM32CubeIDE_1.9.0\STM32CubeIDE\plugins\com.st.stm32cube.common.mx_6.6.1.202207061420\\db\/plugins/boardmanager/
2022-10-27 15:40:37,651 [INFO] ApiDb:256 - Set plugin images path to: C:\ST\STM32CubeIDE_1.9.0\STM32CubeIDE\plugins\com.st.stm32cube.common.mx_6.6.1.202207061420\\db\/plugins/mcufinder/images/
2022-10-27 15:40:37,651 [WARN] DbFile:40 - Overriding database path with different value: C:\Users\Zver\.stmcufinder\plugins\mcufinder/ => C:\Users\Zver\.stmcufinder\plugins\mcufinder
2022-10-27 15:40:37,651 [INFO] ApiDb:249 - Set database path to: C:\Users\Zver\.stmcufinder\plugins\mcufinder//mcu/
2022-10-27 15:40:37,652 [WARN] DbFile:40 - Overriding database path with different value: C:\Users\Zver\.stmcufinder\plugins\mcufinder/ => C:\Users\Zver\.stmcufinder\plugins\mcufinder
2022-10-27 15:40:37,652 [INFO] DbMcusAds:124 - Set database path to: C:\Users\Zver\.stmcufinder\plugins\mcufinder//mcu/
2022-10-27 15:40:37,652 [WARN] DbFile:40 - Overriding database path with different value: C:\Users\Zver\.stmcufinder\plugins\mcufinder/ => C:\Users\Zver\.stmcufinder\plugins\mcufinder
2022-10-27 15:40:37,652 [WARN] DbFile:40 - Overriding database path with different value: C:\Users\Zver\.stmcufinder\plugins\mcufinder/ => C:\Users\Zver\.stmcufinder\plugins\mcufinder
2022-10-27 15:40:37,652 [INFO] CrossReferenceDbSqlite:201 - Set database path to: C:\Users\Zver\.stmcufinder\plugins\mcufinder//mcu/cs/
2022-10-27 15:40:37,672 [INFO] ApplicationProperties:181 - Using Application install path: C:\ST\STM32CubeIDE_1.9.0\STM32CubeIDE\plugins\com.st.stm32cube.common.mx_6.6.1.202207061420
2022-10-27 15:40:37,674 [INFO] PluginManage:193 - Search for loadable plugins [exclusion list=, ]
2022-10-27 15:40:37,675 [INFO] PluginManage:307 - Check plugin analytics
2022-10-27 15:40:37,798 [INFO] AnalyticsPlugin:262 - Accepted Software Licenses: 
2022-10-27 15:40:37,799 [INFO] AnalyticsPlugin:264 - Accepted CMSIS Pack Licenses: 
2022-10-27 15:40:37,799 [INFO] AnalyticsPlugin:266 - Accepted Firmware Licenses: 
2022-10-27 15:40:37,805 [INFO] PluginManage:356 - Loaded plugin analytics (category:tool,tabindex:-1)
2022-10-27 15:40:37,805 [INFO] PluginManage:307 - Check plugin cadmodel
2022-10-27 15:40:37,808 [INFO] CADModel:65 - Init CAD model plugin
2022-10-27 15:40:37,808 [INFO] PluginManage:356 - Loaded plugin cadmodel (category:power,tabindex:5)
2022-10-27 15:40:37,808 [INFO] PluginManage:307 - Check plugin clock
2022-10-27 15:40:37,816 [INFO] PluginManage:356 - Loaded plugin clock (category:base,tabindex:2)
2022-10-27 15:40:37,816 [INFO] PluginManage:307 - Check plugin ddr
2022-10-27 15:40:37,818 [INFO] PluginManage:356 - Loaded plugin ddr (category:tool,tabindex:6)
2022-10-27 15:40:37,818 [INFO] PluginManage:307 - Check plugin filemanager
2022-10-27 15:40:37,956 [INFO] PluginManage:356 - Loaded plugin filemanager (category:base,tabindex:10)
2022-10-27 15:40:37,956 [INFO] PluginManage:307 - Check plugin ipmanager
2022-10-27 15:40:37,970 [INFO] PluginManage:356 - Loaded plugin ipmanager (category:base,tabindex:5)
2022-10-27 15:40:37,970 [INFO] PluginManage:307 - Check plugin lpbam
2022-10-27 15:40:37,977 [INFO] PluginManage:356 - Loaded plugin lpbam (category:base,tabindex:0)
2022-10-27 15:40:37,977 [INFO] PluginManage:307 - Check plugin pinoutandconfiguration
2022-10-27 15:40:37,983 [INFO] PluginManage:356 - Loaded plugin pinoutandconfiguration (category:base,tabindex:1)
2022-10-27 15:40:37,983 [INFO] PluginManage:307 - Check plugin pinoutconfig
2022-10-27 15:40:38,009 [INFO] PluginManage:356 - Loaded plugin pinoutconfig (category:base,tabindex:0)
2022-10-27 15:40:38,009 [INFO] PluginManage:307 - Check plugin power
2022-10-27 15:40:38,016 [INFO] PluginManage:356 - Loaded plugin power (category:power,tabindex:4)
2022-10-27 15:40:38,016 [INFO] PluginManage:307 - Check plugin projectmanager
2022-10-27 15:40:38,027 [INFO] PluginManage:356 - Loaded plugin projectmanager (category:projectmanager,tabindex:3)
2022-10-27 15:40:38,027 [INFO] PluginManage:307 - Check plugin thirdparty
2022-10-27 15:40:38,128 [WARN] IntegrityCheckThread:82 - waiting for thirdparty lock release [integrity check]
2022-10-27 15:40:38,128 [INFO] PluginManage:356 - Loaded plugin thirdparty (category:base,tabindex:-1)
2022-10-27 15:40:38,129 [INFO] IntegrityCheckThread:84 - entering critical section [integrity check]
2022-10-27 15:40:38,129 [INFO] PluginManage:307 - Check plugin tools
2022-10-27 15:40:38,131 [INFO] ThirdPartyUpdaterWithRetryManager:70 - Updater plugin not ready yet. [1/15]
2022-10-27 15:40:38,132 [INFO] PluginManage:356 - Loaded plugin tools (category:base,tabindex:7)
2022-10-27 15:40:38,132 [INFO] PluginManage:307 - Check plugin tutovideos
2022-10-27 15:40:38,299 [INFO] PluginManage:356 - Loaded plugin tutovideos (category:base,tabindex:-1)
2022-10-27 15:40:38,299 [INFO] PluginManage:307 - Check plugin updater
2022-10-27 15:40:38,310 [INFO] PluginManage:356 - Loaded plugin updater (category:base,tabindex:12)
2022-10-27 15:40:38,311 [INFO] PluginManage:280 - PluginManage : Loaded plugins [15]
2022-10-27 15:40:38,715 [INFO] PinOutPanel:1468 - setPackage(No Configuration,No Configuration)
2022-10-27 15:40:38,822 [INFO] CADModel:98 - CPN selected for project level
2022-10-27 15:40:38,835 [INFO] IPUIPlugin:79 - create IPUIPlugin
2022-10-27 15:40:38,835 [INFO] PluginManager:217 - loadIPPluginJar : add adc
2022-10-27 15:40:38,837 [INFO] IPUIPlugin:79 - create IPUIPlugin
2022-10-27 15:40:38,837 [INFO] PluginManager:217 - loadIPPluginJar : add aes
2022-10-27 15:40:38,838 [INFO] IPUIPlugin:79 - create IPUIPlugin
2022-10-27 15:40:38,839 [INFO] PluginManager:217 - loadIPPluginJar : add can
2022-10-27 15:40:38,840 [INFO] IPUIPlugin:79 - create IPUIPlugin
2022-10-27 15:40:38,840 [INFO] PluginManager:217 - loadIPPluginJar : add comp
2022-10-27 15:40:38,841 [INFO] IPUIPlugin:79 - create IPUIPlugin
2022-10-27 15:40:38,841 [INFO] PluginManager:217 - loadIPPluginJar : add cryp
2022-10-27 15:40:38,843 [INFO] IPUIPlugin:79 - create IPUIPlugin
2022-10-27 15:40:38,843 [INFO] PluginManager:217 - loadIPPluginJar : add dfsdm
2022-10-27 15:40:38,847 [INFO] IPUIPlugin:79 - create IPUIPlugin
2022-10-27 15:40:38,847 [INFO] PluginManager:217 - loadIPPluginJar : add dma
2022-10-27 15:40:38,849 [INFO] IPUIPlugin:79 - create IPUIPlugin
2022-10-27 15:40:38,849 [INFO] PluginManager:217 - loadIPPluginJar : add dma3
2022-10-27 15:40:38,850 [INFO] IPUIPlugin:79 - create IPUIPlugin
2022-10-27 15:40:38,850 [INFO] PluginManager:217 - loadIPPluginJar : add fatfs
2022-10-27 15:40:38,853 [INFO] IPUIPlugin:79 - create IPUIPlugin
2022-10-27 15:40:38,854 [INFO] PluginManager:217 - loadIPPluginJar : add fmc
2022-10-27 15:40:38,858 [INFO] IPUIPlugin:79 - create IPUIPlugin
2022-10-27 15:40:38,859 [INFO] PluginManager:217 - loadIPPluginJar : add freertos
2022-10-27 15:40:38,860 [INFO] IPUIPlugin:79 - create IPUIPlugin
2022-10-27 15:40:38,860 [INFO] PluginManager:217 - loadIPPluginJar : add genericplugin
2022-10-27 15:40:38,862 [INFO] IPUIPlugin:79 - create IPUIPlugin
2022-10-27 15:40:38,862 [INFO] PluginManager:217 - loadIPPluginJar : add gfxmmu
2022-10-27 15:40:38,865 [INFO] IPUIPlugin:79 - create IPUIPlugin
2022-10-27 15:40:38,865 [INFO] PluginManager:217 - loadIPPluginJar : add gic
2022-10-27 15:40:38,867 [INFO] IPUIPlugin:79 - create IPUIPlugin
2022-10-27 15:40:38,867 [INFO] PluginManager:217 - loadIPPluginJar : add gpio
2022-10-27 15:40:38,869 [INFO] IPUIPlugin:79 - create IPUIPlugin
2022-10-27 15:40:38,869 [INFO] PluginManager:217 - loadIPPluginJar : add gtzc
2022-10-27 15:40:38,871 [INFO] IPUIPlugin:79 - create IPUIPlugin
2022-10-27 15:40:38,871 [INFO] PluginManager:217 - loadIPPluginJar : add hash
2022-10-27 15:40:38,873 [INFO] IPUIPlugin:79 - create IPUIPlugin
2022-10-27 15:40:38,873 [INFO] PluginManager:217 - loadIPPluginJar : add i2c
2022-10-27 15:40:38,875 [INFO] IPUIPlugin:79 - create IPUIPlugin
2022-10-27 15:40:38,875 [INFO] PluginManager:217 - loadIPPluginJar : add i2s
2022-10-27 15:40:38,877 [INFO] IPUIPlugin:79 - create IPUIPlugin
2022-10-27 15:40:38,877 [INFO] PluginManager:217 - loadIPPluginJar : add ipddr
2022-10-27 15:40:38,882 [INFO] IPUIPlugin:79 - create IPUIPlugin
2022-10-27 15:40:38,882 [INFO] PluginManager:217 - loadIPPluginJar : add linkedlist
2022-10-27 15:40:38,884 [INFO] IPUIPlugin:79 - create IPUIPlugin
2022-10-27 15:40:38,884 [INFO] PluginManager:217 - loadIPPluginJar : add lorawan
2022-10-27 15:40:38,885 [INFO] IPUIPlugin:79 - create IPUIPlugin
2022-10-27 15:40:38,885 [INFO] PluginManager:217 - loadIPPluginJar : add ltdc
2022-10-27 15:40:38,890 [INFO] IPUIPlugin:79 - create IPUIPlugin
2022-10-27 15:40:38,890 [INFO] PluginManager:217 - loadIPPluginJar : add mdma
2022-10-27 15:40:38,892 [INFO] IPUIPlugin:79 - create IPUIPlugin
2022-10-27 15:40:38,893 [INFO] PluginManager:217 - loadIPPluginJar : add nvic
2022-10-27 15:40:38,895 [INFO] IPUIPlugin:79 - create IPUIPlugin
2022-10-27 15:40:38,895 [INFO] PluginManager:217 - loadIPPluginJar : add opamp
2022-10-27 15:40:38,897 [INFO] IPUIPlugin:79 - create IPUIPlugin
2022-10-27 15:40:38,898 [INFO] PluginManager:217 - loadIPPluginJar : add openamp
2022-10-27 15:40:38,899 [INFO] IPUIPlugin:79 - create IPUIPlugin
2022-10-27 15:40:38,900 [INFO] PluginManager:217 - loadIPPluginJar : add pdm2pcm
2022-10-27 15:40:38,905 [INFO] IPUIPlugin:79 - create IPUIPlugin
2022-10-27 15:40:38,907 [INFO] PluginManager:217 - loadIPPluginJar : add plateformsettings
2022-10-27 15:40:38,908 [INFO] IPUIPlugin:79 - create IPUIPlugin
2022-10-27 15:40:38,908 [INFO] PluginManager:217 - loadIPPluginJar : add quadspi
2022-10-27 15:40:38,911 [INFO] IPUIPlugin:79 - create IPUIPlugin
2022-10-27 15:40:38,911 [INFO] PluginManager:217 - loadIPPluginJar : add resmgrutility
2022-10-27 15:40:38,913 [INFO] IPUIPlugin:79 - create IPUIPlugin
2022-10-27 15:40:38,913 [INFO] PluginManager:217 - loadIPPluginJar : add sai
2022-10-27 15:40:38,915 [INFO] IPUIPlugin:79 - create IPUIPlugin
2022-10-27 15:40:38,915 [INFO] PluginManager:217 - loadIPPluginJar : add spi
2022-10-27 15:40:38,918 [INFO] IPUIPlugin:79 - create IPUIPlugin
2022-10-27 15:40:38,919 [INFO] PluginManager:217 - loadIPPluginJar : add stm32_wpan
2022-10-27 15:40:38,920 [INFO] IPUIPlugin:79 - create IPUIPlugin
2022-10-27 15:40:38,920 [INFO] PluginManager:217 - loadIPPluginJar : add tim
2022-10-27 15:40:38,922 [INFO] IPUIPlugin:79 - create IPUIPlugin
2022-10-27 15:40:38,923 [INFO] PluginManager:217 - loadIPPluginJar : add touchsensing
2022-10-27 15:40:38,924 [INFO] IPUIPlugin:79 - create IPUIPlugin
2022-10-27 15:40:38,924 [INFO] PluginManager:217 - loadIPPluginJar : add tracer_emb
2022-10-27 15:40:38,926 [INFO] IPUIPlugin:79 - create IPUIPlugin
2022-10-27 15:40:38,926 [INFO] PluginManager:217 - loadIPPluginJar : add ts
2022-10-27 15:40:38,927 [INFO] IPUIPlugin:79 - create IPUIPlugin
2022-10-27 15:40:38,927 [INFO] PluginManager:217 - loadIPPluginJar : add tsc
2022-10-27 15:40:38,929 [INFO] IPUIPlugin:79 - create IPUIPlugin
2022-10-27 15:40:38,929 [INFO] PluginManager:217 - loadIPPluginJar : add ucpd
2022-10-27 15:40:38,931 [INFO] IPUIPlugin:79 - create IPUIPlugin
2022-10-27 15:40:38,931 [INFO] PluginManager:217 - loadIPPluginJar : add usart
2022-10-27 15:40:38,933 [INFO] IPUIPlugin:79 - create IPUIPlugin
2022-10-27 15:40:38,933 [INFO] PluginManager:217 - loadIPPluginJar : add usbx
2022-10-27 15:40:39,174 [FATAL] Updater:301 - Updater called before beeing initialized
2022-10-27 15:40:39,314 [FATAL] Updater:301 - Updater called before beeing initialized
2022-10-27 15:40:39,320 [INFO] DbMcusAds:52 - JSON generation date=Thu Sep 30 09:56:37 MSK 2021 (1632984997303)
2022-10-27 15:40:39,320 [FATAL] Updater:301 - Updater called before beeing initialized
2022-10-27 15:40:39,398 [WARN] DetailPanel:344 - Failed to get advertising image, set to default
2022-10-27 15:40:39,511 [FATAL] Updater:301 - Updater called before beeing initialized
2022-10-27 15:40:39,512 [FATAL] Updater:301 - Updater called before beeing initialized
2022-10-27 15:40:39,512 [FATAL] Updater:301 - Updater called before beeing initialized
2022-10-27 15:40:39,513 [WARN] DetailPanel:344 - Failed to get advertising image, set to default
2022-10-27 15:40:39,513 [FATAL] Updater:301 - Updater called before beeing initialized
2022-10-27 15:40:39,553 [ERROR] Updater:1105 - MainUpdater not yet initialized. External WinMGr cannot be set.
2022-10-27 15:40:39,556 [INFO] Updater:1041 - Updater Version found : 6.6.1
2022-10-27 15:40:39,569 [INFO] ApplicationProperties:181 - Using Application install path: C:\ST\STM32CubeIDE_1.9.0\STM32CubeIDE\plugins\com.st.stm32cube.common.mx_6.6.1.202207061420
2022-10-27 15:40:41,132 [INFO] ThirdPartyUpdaterWithRetryManager:70 - Updater plugin not ready yet. [2/15]
2022-10-27 15:40:41,596 [INFO] MainUpdater:2768 - connection check result : 10
2022-10-27 15:40:41,597 [INFO] MainUpdater:280 - Updater Check For Update Now.
2022-10-27 15:40:41,597 [INFO] MicroXplorer:481 - Change Database Version : DB.6.0.60
2022-10-27 15:40:41,748 [INFO] CheckServerUpdateThread:119 - End of CheckServer Thread
2022-10-27 15:40:41,805 [INFO] MainUpdater:2768 - connection check result : 10
2022-10-27 15:40:41,807 [INFO] McuFinderGlobals:57 - Set McuFinderConnectedMode to true
2022-10-27 15:40:44,000 [INFO] ServerAccessManage:474 - Download File mcusAds.json._tmp_
2022-10-27 15:40:44,133 [WARN] MainUpdater:1184 - Updater busy. Cannot search thirdparties
2022-10-27 15:40:44,133 [INFO] ThirdPartyUpdaterWithRetryManager:96 - Updater plugin is busy. [1/15]
2022-10-27 15:40:44,163 [INFO] LoadUrlFilesThread:150 - End of LoadUrlFiles Thread
2022-10-27 15:40:45,124 [ERROR] LogOutputStream:74 - [STDERR_REDIRECT] SLF4J: Failed to load class "org.slf4j.impl.StaticLoggerBinder".
2022-10-27 15:40:45,125 [ERROR] LogOutputStream:74 - [STDERR_REDIRECT] SLF4J: Defaulting to no-operation (NOP) logger implementation
2022-10-27 15:40:45,126 [ERROR] LogOutputStream:74 - [STDERR_REDIRECT] SLF4J: See http://www.slf4j.org/codes.html#StaticLoggerBinder for further details.
2022-10-27 15:40:45,165 [INFO] ServerAccessManage:474 - Download File cube-finder-db.zip
2022-10-27 15:40:47,133 [WARN] MainUpdater:1184 - Updater busy. Cannot search thirdparties
2022-10-27 15:40:47,133 [INFO] ThirdPartyUpdaterWithRetryManager:96 - Updater plugin is busy. [2/15]
2022-10-27 15:40:50,134 [WARN] MainUpdater:1184 - Updater busy. Cannot search thirdparties
2022-10-27 15:40:50,134 [INFO] ThirdPartyUpdaterWithRetryManager:96 - Updater plugin is busy. [3/15]
2022-10-27 15:40:53,135 [WARN] MainUpdater:1184 - Updater busy. Cannot search thirdparties
2022-10-27 15:40:53,135 [INFO] ThirdPartyUpdaterWithRetryManager:96 - Updater plugin is busy. [4/15]
2022-10-27 15:40:56,136 [WARN] MainUpdater:1184 - Updater busy. Cannot search thirdparties
2022-10-27 15:40:56,136 [INFO] ThirdPartyUpdaterWithRetryManager:96 - Updater plugin is busy. [5/15]
2022-10-27 15:40:59,137 [WARN] MainUpdater:1184 - Updater busy. Cannot search thirdparties
2022-10-27 15:40:59,137 [INFO] ThirdPartyUpdaterWithRetryManager:96 - Updater plugin is busy. [6/15]
2022-10-27 15:41:02,137 [WARN] MainUpdater:1184 - Updater busy. Cannot search thirdparties
2022-10-27 15:41:02,137 [INFO] ThirdPartyUpdaterWithRetryManager:96 - Updater plugin is busy. [7/15]
2022-10-27 15:41:05,137 [WARN] MainUpdater:1184 - Updater busy. Cannot search thirdparties
2022-10-27 15:41:05,137 [INFO] ThirdPartyUpdaterWithRetryManager:96 - Updater plugin is busy. [8/15]
2022-10-27 15:41:08,137 [WARN] MainUpdater:1184 - Updater busy. Cannot search thirdparties
2022-10-27 15:41:08,137 [INFO] ThirdPartyUpdaterWithRetryManager:96 - Updater plugin is busy. [9/15]
2022-10-27 15:41:11,138 [WARN] MainUpdater:1184 - Updater busy. Cannot search thirdparties
2022-10-27 15:41:11,138 [INFO] ThirdPartyUpdaterWithRetryManager:96 - Updater plugin is busy. [10/15]
2022-10-27 15:41:14,138 [WARN] MainUpdater:1184 - Updater busy. Cannot search thirdparties
2022-10-27 15:41:14,138 [INFO] ThirdPartyUpdaterWithRetryManager:96 - Updater plugin is busy. [11/15]
2022-10-27 15:41:17,139 [WARN] MainUpdater:1184 - Updater busy. Cannot search thirdparties
2022-10-27 15:41:17,139 [INFO] ThirdPartyUpdaterWithRetryManager:96 - Updater plugin is busy. [12/15]
2022-10-27 15:41:20,140 [WARN] MainUpdater:1184 - Updater busy. Cannot search thirdparties
2022-10-27 15:41:20,140 [INFO] ThirdPartyUpdaterWithRetryManager:96 - Updater plugin is busy. [13/15]
2022-10-27 15:41:23,141 [WARN] MainUpdater:1184 - Updater busy. Cannot search thirdparties
2022-10-27 15:41:23,141 [INFO] ThirdPartyUpdaterWithRetryManager:96 - Updater plugin is busy. [14/15]
2022-10-27 15:41:26,142 [WARN] MainUpdater:1184 - Updater busy. Cannot search thirdparties
2022-10-27 15:41:26,142 [INFO] ThirdPartyUpdaterWithRetryManager:96 - Updater plugin is busy. [15/15]
2022-10-27 15:41:26,142 [ERROR] IntegrityCheckThread:128 - Cannot retrieve database content from updater: error -1
2022-10-27 15:41:26,142 [INFO] ThirdParty:929 - Integrity check success = false
2022-10-27 15:41:26,142 [INFO] IntegrityCheckThread:98 - exiting critical section [integrity check]
2022-10-27 15:41:26,142 [INFO] IntegrityCheckThread:101 - End integrity checks thread
2022-10-27 15:42:56,045 [INFO] FileExtend:239 - Unzip File : cube-finder-db.zip
2022-10-27 15:42:56,045 [INFO] FileExtend:254 - Standard Zip Deflate
2022-10-27 15:42:56,605 [INFO] LoadUrlFilesThread:150 - End of LoadUrlFiles Thread
2022-10-27 15:42:58,294 [INFO] ServerAccessManage:474 - Download File crdb.zip
2022-10-27 15:43:00,878 [INFO] FileExtend:239 - Unzip File : crdb.zip
2022-10-27 15:43:00,878 [INFO] FileExtend:254 - Standard Zip Deflate
2022-10-27 15:43:01,003 [INFO] LoadUrlFilesThread:150 - End of LoadUrlFiles Thread
2022-10-27 15:43:03,484 [INFO] ServerAccessManage:474 - Download File tutoVideoDB.zip
2022-10-27 15:43:03,936 [INFO] FileExtend:239 - Unzip File : tutoVideoDB.zip
2022-10-27 15:43:03,936 [INFO] FileExtend:254 - Standard Zip Deflate
2022-10-27 15:43:04,045 [INFO] LoadUrlFilesThread:150 - End of LoadUrlFiles Thread
2022-10-27 15:43:04,051 [INFO] JxBrowserEngine:106 - Initiate JxBrowser Engine with user profile folder
2022-10-27 15:43:04,198 [ERROR] JxBrowserEngine:59 - Can't initiate JxBrowser engine com.teamdev.jxbrowser.engine.ChromiumBinariesExtractionException: Failed to extract Chromium binaries into C:\Users\Zver\.stm32cubemx\.jxbrowser\Chromium
2022-10-27 15:43:04,199 [WARN] DbFile:40 - Overriding database path with different value: C:\Users\Zver\.stmcufinder\plugins\mcufinder/ => C:\Users\Zver\.stmcufinder\plugins\mcufinder
2022-10-27 15:43:05,057 [INFO] ServerAccessManage:474 - Download File api_config.json
2022-10-27 15:43:05,163 [INFO] LoadUrlFilesThread:150 - End of LoadUrlFiles Thread
2022-10-27 15:43:05,163 [INFO] DbMcusAds:52 - JSON generation date=Thu Sep 30 09:56:37 MSK 2021 (1632984997303)
2022-10-27 15:43:05,176 [INFO] LoadUrlFilesThread:177 - End of LoadServerUrlFiles without Thread
2022-10-27 15:43:05,176 [INFO] TargetSelectorAdapter:228 - Refresh data is successful
2022-10-27 15:43:05,293 [INFO] ApiDb:576 - Connected to CubeFinder SQLite database (C:\Users\Zver\.stmcufinder\plugins\mcufinder\mcu\cube-finder-db.db)
2022-10-27 15:43:05,315 [INFO] ApiDb:663 - CubeFinder database Data Model version=2.1
2022-10-27 15:43:05,315 [INFO] ApiDb:664 - CubeFinder database Configuration version=3.0.32
2022-10-27 15:43:05,316 [INFO] ApiDb:665 - CubeFinder database generation date=2022-08-05 (1659688109)
2022-10-27 15:43:05,316 [INFO] ApiDb:666 - CubeFinder database FW Pack versions=[STM32Cube_FW_C0_V1.0.0, STM32Cube_FW_F4_V1.27.1, STM32Cube_FW_F7_V1.17.0, STM32Cube_FW_G0_V1.6.1, STM32Cube_FW_G4_V1.5.0, STM32Cube_FW_H7_V1.10.0, STM32Cube_FW_L5_V1.4.0, STM32Cube_FW_U5_V1.1.1, STM32Cube_FW_WB_V1.14.1, STM32Cube_FW_WL_V1.2.0, X-CUBE-ALGOBUILD_V1.3.0, X-CUBE-ALS_V1.0.1, X-CUBE-AZRTOS-F4_V1.1.0, X-CUBE-AZRTOS-F7_V1.1.0, X-CUBE-AZRTOS-G0_V1.1.0, X-CUBE-AZRTOS-G4_V1.0.0, X-CUBE-AZRTOS-H7_V2.1.0, X-CUBE-AZRTOS-L4_V1.0.0, X-CUBE-AZRTOS-L5_V1.0.0, X-CUBE-AZRTOS-WL_V1.0.0, X-CUBE-BLE1_V6.2.3, X-CUBE-BLE2_V3.3.0, X-CUBE-EEPRMA1_V3.1.1, X-CUBE-GNSS1_V6.0.0, X-CUBE-MEMS1_V9.1.0, X-CUBE-MEMS1_V9.3.0, X-CUBE-NFC4_V2.0.4, X-CUBE-NFC7_V1.0.0, X-CUBE-SFXS2LP1_V4.0.0, X-CUBE-SUBG2_V5.0.0]
2022-10-27 15:43:06,777 [INFO] ApiDb:239 - Found 138 in-development CPN: [B-WB1M-WPAN1, NUCLEO-C031C6, STEVAL-STWINBX1, STM320518-EVAL, STM32C0116-DK, STM32C011D6Y3TR, STM32C011D6Y6TR, STM32C011F4P3, STM32C011F4P6, STM32C011F4U3, STM32C011F4U6TR, STM32C011F6P3, STM32C011F6P6, STM32C011F6U3, STM32C011F6U6TR, STM32C011J4M3, STM32C011J4M6, STM32C011J6M3, STM32C011J6M6, STM32C0316-DK, STM32C031C4T3, STM32C031C4T6, STM32C031C4U3, STM32C031C4U6, STM32C031C6T3, STM32C031C6T6, STM32C031C6U3, STM32C031C6U6, STM32C031F4P3, STM32C031F4P6, STM32C031F6P3, STM32C031F6P6, STM32C031G4U3, STM32C031G4U6, STM32C031G6U3, STM32C031G6U6, STM32C031K4T3, STM32C031K4T6, STM32C031K4U3, STM32C031K4U6, STM32C031K6T3, STM32C031K6T6, STM32C031K6U3, STM32C031K6U6, STM32G071K8TXN, STM32G071K8UXN, STM32G081GBU6N, STM32G081KBT6N, STM32G081KBUXN, STM32G0B1CCT6N, STM32G0B1KCT6, STM32G0B1NEY6TR, STM32G0B1RCT6N, STM32G0C1CCT6, STM32G0C1CCT6N, STM32G0C1CCU6N, STM32G0C1CET6N, STM32G0C1CEU6N, STM32G0C1KCT6, STM32G0C1NEY6TR, STM32G0C1RCI6N, STM32G0C1RCT6N, STM32G0C1REI6N, STM32G0C1RET6N, STM32G0C1VCI6, STM32G0C1VEI6, STM32G471CCT6, STM32G471CCU6, STM32G471CET3, STM32G471CET6, STM32G471CEU3, STM32G471CEU6, STM32G471MCT6, STM32G471MET3, STM32G471MET6, STM32G471MEY6TR, STM32G471QCT6, STM32G471QET3, STM32G471RCT6, STM32G471RET3, STM32G471RET6, STM32G471VCH6, STM32G471VCI6, STM32G471VCT6, STM32G471VEH3, STM32G471VEH6, STM32G471VEI3, STM32G471VEI6, STM32G471VET3, STM32G471VET6, STM32G474CCT6, STM32L476VGY6PTR, STM32L4R5QGI6STR, STM32MP131AAE3, STM32MP131AAF3, STM32MP131AAG3, STM32MP131CAE3, STM32MP131CAF3, STM32MP131CAG3, STM32MP131DAE7, STM32MP131DAF7, STM32MP131DAG7, STM32MP131FAE7, STM32MP131FAF7, STM32MP131FAG7, STM32MP133AAE3, STM32MP133AAF3, STM32MP133AAG3, STM32MP133CAE3, STM32MP133CAF3, STM32MP133CAG3, STM32MP133DAE7, STM32MP133DAF7, STM32MP133DAG7, STM32MP133FAE7, STM32MP133FAF7, STM32MP133FAG7, STM32MP135AAE3, STM32MP135AAF3, STM32MP135AAG3, STM32MP135CAE3, STM32MP135CAF3, STM32MP135CAG3, STM32MP135DAE7, STM32MP135DAF7, STM32MP135DAG7, STM32MP135F-DK, STM32MP135FAE7, STM32MP135FAF7, STM32MP135FAG7, STM32U595ZJT6Q, STM32U599BJY6QTR, STM32U599NIH6Q, STM32U599NJH6Q, STM32U5A5ZJT6Q, STM32U5A9BJY6QTR, STM32U5A9NJH6Q, STM32WB1MMCH6]
2022-10-27 15:43:06,781 [INFO] DbMcus:215 - Found 3542 MCUs, 3542 are supported
2022-10-27 15:43:06,784 [INFO] ApiDb:418 - Load user favorites file C:\Users\Zver/.stm32cubeide/favorites.mcus.txt: 1 item(s)
2022-10-27 15:43:06,784 [INFO] ApiDb:422 - User favorites MCUs=[STM32F103C8T6]
2022-10-27 15:43:06,785 [INFO] DbMcus:221 - Set 1 / 1 favorites MCUs
2022-10-27 15:43:06,788 [INFO] ApiDb:663 - CubeFinder database Data Model version=2.1
2022-10-27 15:43:06,788 [INFO] ApiDb:664 - CubeFinder database Configuration version=3.0.32
2022-10-27 15:43:06,788 [INFO] ApiDb:665 - CubeFinder database generation date=2022-08-05 (1659688109)
2022-10-27 15:43:06,788 [INFO] ApiDb:666 - CubeFinder database FW Pack versions=[STM32Cube_FW_C0_V1.0.0, STM32Cube_FW_F4_V1.27.1, STM32Cube_FW_F7_V1.17.0, STM32Cube_FW_G0_V1.6.1, STM32Cube_FW_G4_V1.5.0, STM32Cube_FW_H7_V1.10.0, STM32Cube_FW_L5_V1.4.0, STM32Cube_FW_U5_V1.1.1, STM32Cube_FW_WB_V1.14.1, STM32Cube_FW_WL_V1.2.0, X-CUBE-ALGOBUILD_V1.3.0, X-CUBE-ALS_V1.0.1, X-CUBE-AZRTOS-F4_V1.1.0, X-CUBE-AZRTOS-F7_V1.1.0, X-CUBE-AZRTOS-G0_V1.1.0, X-CUBE-AZRTOS-G4_V1.0.0, X-CUBE-AZRTOS-H7_V2.1.0, X-CUBE-AZRTOS-L4_V1.0.0, X-CUBE-AZRTOS-L5_V1.0.0, X-CUBE-AZRTOS-WL_V1.0.0, X-CUBE-BLE1_V6.2.3, X-CUBE-BLE2_V3.3.0, X-CUBE-EEPRMA1_V3.1.1, X-CUBE-GNSS1_V6.0.0, X-CUBE-MEMS1_V9.1.0, X-CUBE-MEMS1_V9.3.0, X-CUBE-NFC4_V2.0.4, X-CUBE-NFC7_V1.0.0, X-CUBE-SFXS2LP1_V4.0.0, X-CUBE-SUBG2_V5.0.0]
2022-10-27 15:43:06,837 [INFO] DbBoardsSqlite:227 - include board P-NUCLEO-WB55-NUCLEO as a kit item of type 'Nucleo-64'
2022-10-27 15:43:06,837 [INFO] DbBoardsSqlite:227 - include board P-NUCLEO-WB55-USBDONGLE as a kit item of type 'Nucleo USB Dongle'
2022-10-27 15:43:06,838 [INFO] DbBoardsSqlite:227 - include board STEVAL-IDP005V1 as a kit item of type 'Evaluation Board'
2022-10-27 15:43:06,838 [INFO] DbBoardsSqlite:227 - include board STEVAL-IDP005V2 as a kit item of type 'Evaluation Board'
2022-10-27 15:43:06,845 [INFO] ApiDb:239 - Found 138 in-development CPN: [B-WB1M-WPAN1, NUCLEO-C031C6, STEVAL-STWINBX1, STM320518-EVAL, STM32C0116-DK, STM32C011D6Y3TR, STM32C011D6Y6TR, STM32C011F4P3, STM32C011F4P6, STM32C011F4U3, STM32C011F4U6TR, STM32C011F6P3, STM32C011F6P6, STM32C011F6U3, STM32C011F6U6TR, STM32C011J4M3, STM32C011J4M6, STM32C011J6M3, STM32C011J6M6, STM32C0316-DK, STM32C031C4T3, STM32C031C4T6, STM32C031C4U3, STM32C031C4U6, STM32C031C6T3, STM32C031C6T6, STM32C031C6U3, STM32C031C6U6, STM32C031F4P3, STM32C031F4P6, STM32C031F6P3, STM32C031F6P6, STM32C031G4U3, STM32C031G4U6, STM32C031G6U3, STM32C031G6U6, STM32C031K4T3, STM32C031K4T6, STM32C031K4U3, STM32C031K4U6, STM32C031K6T3, STM32C031K6T6, STM32C031K6U3, STM32C031K6U6, STM32G071K8TXN, STM32G071K8UXN, STM32G081GBU6N, STM32G081KBT6N, STM32G081KBUXN, STM32G0B1CCT6N, STM32G0B1KCT6, STM32G0B1NEY6TR, STM32G0B1RCT6N, STM32G0C1CCT6, STM32G0C1CCT6N, STM32G0C1CCU6N, STM32G0C1CET6N, STM32G0C1CEU6N, STM32G0C1KCT6, STM32G0C1NEY6TR, STM32G0C1RCI6N, STM32G0C1RCT6N, STM32G0C1REI6N, STM32G0C1RET6N, STM32G0C1VCI6, STM32G0C1VEI6, STM32G471CCT6, STM32G471CCU6, STM32G471CET3, STM32G471CET6, STM32G471CEU3, STM32G471CEU6, STM32G471MCT6, STM32G471MET3, STM32G471MET6, STM32G471MEY6TR, STM32G471QCT6, STM32G471QET3, STM32G471RCT6, STM32G471RET3, STM32G471RET6, STM32G471VCH6, STM32G471VCI6, STM32G471VCT6, STM32G471VEH3, STM32G471VEH6, STM32G471VEI3, STM32G471VEI6, STM32G471VET3, STM32G471VET6, STM32G474CCT6, STM32L476VGY6PTR, STM32L4R5QGI6STR, STM32MP131AAE3, STM32MP131AAF3, STM32MP131AAG3, STM32MP131CAE3, STM32MP131CAF3, STM32MP131CAG3, STM32MP131DAE7, STM32MP131DAF7, STM32MP131DAG7, STM32MP131FAE7, STM32MP131FAF7, STM32MP131FAG7, STM32MP133AAE3, STM32MP133AAF3, STM32MP133AAG3, STM32MP133CAE3, STM32MP133CAF3, STM32MP133CAG3, STM32MP133DAE7, STM32MP133DAF7, STM32MP133DAG7, STM32MP133FAE7, STM32MP133FAF7, STM32MP133FAG7, STM32MP135AAE3, STM32MP135AAF3, STM32MP135AAG3, STM32MP135CAE3, STM32MP135CAF3, STM32MP135CAG3, STM32MP135DAE7, STM32MP135DAF7, STM32MP135DAG7, STM32MP135F-DK, STM32MP135FAE7, STM32MP135FAF7, STM32MP135FAG7, STM32U595ZJT6Q, STM32U599BJY6QTR, STM32U599NIH6Q, STM32U599NJH6Q, STM32U5A5ZJT6Q, STM32U5A9BJY6QTR, STM32U5A9NJH6Q, STM32WB1MMCH6]
2022-10-27 15:43:06,940 [INFO] BoardInfo:879 - No configuration file found for board P-NUCLEO-WB55
2022-10-27 15:43:06,941 [INFO] DbBoards:156 - Kit is not supported: P-NUCLEO-WB55
2022-10-27 15:43:06,946 [INFO] BoardInfo:879 - No configuration file found for board STEVAL-BFA001V1B
2022-10-27 15:43:06,946 [INFO] DbBoards:156 - Kit is not supported: STEVAL-BFA001V1B
2022-10-27 15:43:06,947 [INFO] BoardInfo:879 - No configuration file found for board STEVAL-BFA001V2B
2022-10-27 15:43:06,947 [INFO] DbBoards:156 - Kit is not supported: STEVAL-BFA001V2B
2022-10-27 15:43:07,056 [INFO] DbBoards:160 - Found 176 boards, 173 are supported
2022-10-27 15:43:07,062 [INFO] ApiDb:418 - Load user favorites file C:\Users\Zver/.stm32cubeide/favorites.boards.txt: 0 item(s)
2022-10-27 15:43:07,063 [INFO] ApiDb:422 - User favorites Boards=[]
2022-10-27 15:43:07,063 [INFO] DbBoards:189 - Set 0 / 0 favorites Boards
2022-10-27 15:43:07,065 [INFO] ApiDb:663 - CubeFinder database Data Model version=2.1
2022-10-27 15:43:07,065 [INFO] ApiDb:664 - CubeFinder database Configuration version=3.0.32
2022-10-27 15:43:07,065 [INFO] ApiDb:665 - CubeFinder database generation date=2022-08-05 (1659688109)
2022-10-27 15:43:07,065 [INFO] ApiDb:666 - CubeFinder database FW Pack versions=[STM32Cube_FW_C0_V1.0.0, STM32Cube_FW_F4_V1.27.1, STM32Cube_FW_F7_V1.17.0, STM32Cube_FW_G0_V1.6.1, STM32Cube_FW_G4_V1.5.0, STM32Cube_FW_H7_V1.10.0, STM32Cube_FW_L5_V1.4.0, STM32Cube_FW_U5_V1.1.1, STM32Cube_FW_WB_V1.14.1, STM32Cube_FW_WL_V1.2.0, X-CUBE-ALGOBUILD_V1.3.0, X-CUBE-ALS_V1.0.1, X-CUBE-AZRTOS-F4_V1.1.0, X-CUBE-AZRTOS-F7_V1.1.0, X-CUBE-AZRTOS-G0_V1.1.0, X-CUBE-AZRTOS-G4_V1.0.0, X-CUBE-AZRTOS-H7_V2.1.0, X-CUBE-AZRTOS-L4_V1.0.0, X-CUBE-AZRTOS-L5_V1.0.0, X-CUBE-AZRTOS-WL_V1.0.0, X-CUBE-BLE1_V6.2.3, X-CUBE-BLE2_V3.3.0, X-CUBE-EEPRMA1_V3.1.1, X-CUBE-GNSS1_V6.0.0, X-CUBE-MEMS1_V9.1.0, X-CUBE-MEMS1_V9.3.0, X-CUBE-NFC4_V2.0.4, X-CUBE-NFC7_V1.0.0, X-CUBE-SFXS2LP1_V4.0.0, X-CUBE-SUBG2_V5.0.0]
2022-10-27 15:43:07,687 [INFO] DbExamplesSqlite:374 - Ignored 31 examples not supported by CubeIDE
2022-10-27 15:43:07,687 [INFO] DbExamplesSqlite:375 - Found 6197 examples active
2022-10-27 15:43:07,687 [INFO] DbExamplesSqlite:376 - Found 89 examples obsolete
2022-10-27 15:43:07,687 [INFO] DbExamplesSqlite:377 - Found 0 examples under development
2022-10-27 15:43:07,687 [INFO] DbExamplesSqlite:378 - Found 76 examples not building
2022-10-27 15:43:07,689 [INFO] DbExamples:124 - Found 6242 examples
2022-10-27 15:43:07,700 [INFO] DbExamples:221 - Found 77 boards with related examples
2022-10-27 15:43:07,702 [INFO] DbExamples:234 - Found 64 MCUs with related examples
2022-10-27 15:43:07,723 [INFO] ApiDb:418 - Load user favorites file C:\Users\Zver/.stm32cubeide/favorites.examples.txt: 0 item(s)
2022-10-27 15:43:07,723 [INFO] ApiDb:422 - User favorites Examples=[]
2022-10-27 15:43:07,723 [INFO] DbExamples:249 - Set 0 / 0 favorites Examples
2022-10-27 15:43:07,878 [INFO] McuFinderGlobals:57 - Set McuFinderConnectedMode to true
2022-10-27 15:43:07,888 [INFO] MultiScanPanel:195 - Auto-refresh data requested => check proxy status ongoing
2022-10-27 15:43:07,892 [INFO] FinderPluginLoader:92 - Searching for filters in installed packs
2022-10-27 15:43:09,321 [INFO] LoadUrlFilesThread:177 - End of LoadServerUrlFiles without Thread
2022-10-27 15:43:09,334 [INFO] DetailPanel:339 - Set advertising image to C:/Users/Zver/STM32Cube/Repository/\en.Prom_NBSTM32U50921.jpg
2022-10-27 15:43:40,623 [INFO] MainUpdater:2768 - connection check result : 10
2022-10-27 15:43:40,623 [INFO] MainUpdater:2768 - connection check result : 10
2022-10-27 15:43:40,635 [INFO] MicroXplorer:451 - Change Database Path : 
2022-10-27 15:43:40,636 [INFO] MicroXplorer:481 - Change Database Version : DB.6.0.60
2022-10-27 15:43:40,636 [WARN] ThirdParty:827 - waiting for thirdparty lock release [close project]
2022-10-27 15:43:40,636 [INFO] ThirdParty:829 - entering critical section [close project]
2022-10-27 15:43:40,639 [INFO] ThirdParty:839 - exiting critical section [close project]
2022-10-27 15:43:40,642 [INFO] PinOutPanel:1468 - setPackage(No Configuration,No Configuration)
2022-10-27 15:43:40,646 [INFO] UtilMem:74 - Begin LoadConfig() Used Memory: 340985424 Bytes (434110464)
2022-10-27 15:43:40,648 [INFO] MicroXplorer:451 - Change Database Path : 
2022-10-27 15:43:40,648 [INFO] MicroXplorer:481 - Change Database Version : DB.6.0.60
2022-10-27 15:43:40,648 [INFO] OpenFileManager:307 - Change cursor
2022-10-27 15:43:40,665 [WARN] IntegrityCheckThread:82 - waiting for thirdparty lock release [integrity check]
2022-10-27 15:43:40,665 [INFO] IntegrityCheckThread:84 - entering critical section [integrity check]
2022-10-27 15:43:40,823 [WARN] PackLoader:242 - Cannot read IP mode file for wolfSSL.I-CUBE-wolfSSL.5.2.0
2022-10-27 15:43:40,840 [WARN] PackLoader:242 - Cannot read IP mode file for STMicroelectronics.X-CUBE-GNSS1.6.0.0
2022-10-27 15:43:40,872 [WARN] PackLoader:242 - Cannot read IP mode file for STMicroelectronics.X-CUBE-AZRTOS-F4.1.1.0
2022-10-27 15:43:40,889 [WARN] PackLoader:242 - Cannot read IP mode file for STMicroelectronics.X-CUBE-BLEMGR.1.2.0
2022-10-27 15:43:40,909 [WARN] PackLoader:242 - Cannot read IP mode file for STMicroelectronics.X-CUBE-AZRTOS-F7.1.1.0
2022-10-27 15:43:40,915 [WARN] PackLoader:242 - Cannot read IP mode file for STMicroelectronics.X-CUBE-AI.7.1.0
2022-10-27 15:43:40,921 [WARN] PackLoader:242 - Cannot read IP mode file for STMicroelectronics.X-CUBE-BLE1.6.2.3
2022-10-27 15:43:40,925 [WARN] PackLoader:242 - Cannot read IP mode file for STMicroelectronics.X-CUBE-BLE1.6.2.2
2022-10-27 15:43:40,929 [WARN] PackLoader:242 - Cannot read IP mode file for STMicroelectronics.X-CUBE-NFC4.2.0.4
2022-10-27 15:43:40,934 [WARN] PackLoader:242 - Cannot read IP mode file for STMicroelectronics.X-CUBE-BLE2.3.2.2
2022-10-27 15:43:40,938 [WARN] PackLoader:242 - Cannot read IP mode file for STMicroelectronics.X-CUBE-NFC4.2.0.3
2022-10-27 15:43:40,947 [WARN] PackLoader:242 - Cannot read IP mode file for STMicroelectronics.X-CUBE-TOF1.3.1.0
2022-10-27 15:43:40,958 [WARN] PackLoader:242 - Cannot read IP mode file for STMicroelectronics.X-CUBE-SFXS2LP1.3.1.0
2022-10-27 15:43:40,975 [WARN] PackLoader:242 - Cannot read IP mode file for STMicroelectronics.X-CUBE-AZRTOS-F4.1.0.0
2022-10-27 15:43:40,981 [WARN] PackLoader:242 - Cannot read IP mode file for STMicroelectronics.X-CUBE-NFC7.1.0.0
2022-10-27 15:43:40,993 [WARN] PackLoader:242 - Cannot read IP mode file for STMicroelectronics.X-CUBE-SUBG2.4.2.0
2022-10-27 15:43:41,039 [WARN] PackLoader:242 - Cannot read IP mode file for STMicroelectronics.X-CUBE-MEMS1.9.3.0
2022-10-27 15:43:41,157 [WARN] PackLoader:242 - Cannot read IP mode file for STMicroelectronics.X-CUBE-AI.7.2.0
2022-10-27 15:43:41,166 [WARN] PackLoader:242 - Cannot read IP mode file for STMicroelectronics.X-CUBE-AZRTOS-G0.1.0.0
2022-10-27 15:43:41,178 [WARN] PackLoader:242 - Cannot read IP mode file for STMicroelectronics.X-CUBE-SFXS2LP1.4.0.0
2022-10-27 15:43:41,182 [WARN] PackLoader:242 - Cannot read IP mode file for STMicroelectronics.X-CUBE-BLE2.3.3.0
2022-10-27 15:43:41,190 [WARN] PackLoader:242 - Cannot read IP mode file for STMicroelectronics.X-CUBE-DISPLAY.2.2.0
2022-10-27 15:43:41,198 [WARN] PackLoader:242 - Cannot read IP mode file for STMicroelectronics.X-CUBE-TOF1.3.2.0
2022-10-27 15:43:41,206 [WARN] PackLoader:242 - Cannot read IP mode file for STMicroelectronics.X-CUBE-TOUCHGFX.4.18.1
2022-10-27 15:43:41,209 [WARN] PackLoader:242 - Cannot read IP mode file for STMicroelectronics.X-CUBE-ISPU.1.0.0
2022-10-27 15:43:41,215 [WARN] PackLoader:242 - Cannot read IP mode file for RoweBots.I-CUBE-UNISONRTOS.5.5.0-4
2022-10-27 15:43:41,229 [WARN] PackLoader:242 - Cannot read IP mode file for STMicroelectronics.X-CUBE-AZRTOS-H7.2.1.0
2022-10-27 15:43:41,236 [WARN] PackLoader:242 - Cannot read IP mode file for STMicroelectronics.X-CUBE-BLEMGR.1.0.0
2022-10-27 15:43:41,241 [WARN] PackLoader:242 - Cannot read IP mode file for STMicroelectronics.X-CUBE-ALGOBUILD.1.3.0
2022-10-27 15:43:41,251 [WARN] PackLoader:242 - Cannot read IP mode file for STMicroelectronics.X-CUBE-AZRTOS-G0.1.1.0
2022-10-27 15:43:41,258 [WARN] PackLoader:242 - Cannot read IP mode file for STMicroelectronics.X-CUBE-SUBG2.5.0.0
2022-10-27 15:43:41,296 [WARN] PackLoader:242 - Cannot read IP mode file for SEGGER.I-CUBE-embOS.1.2.0
2022-10-27 15:43:41,324 [WARN] PackLoader:242 - Cannot read IP mode file for STMicroelectronics.FP-ATR-ASTRA1.1.1.1
2022-10-27 15:43:41,336 [WARN] PackLoader:242 - Cannot read IP mode file for STMicroelectronics.X-CUBE-AZRTOS-H7.2.0.0
2022-10-27 15:43:41,346 [WARN] PackLoader:242 - Cannot read IP mode file for STMicroelectronics.X-CUBE-AZRTOS-G4.1.0.0
2022-10-27 15:43:41,351 [WARN] PackLoader:242 - Cannot read IP mode file for STMicroelectronics.FP-ATR-SIGFOX1.3.2.0
2022-10-27 15:43:41,363 [WARN] PackLoader:242 - Cannot read IP mode file for STMicroelectronics.X-CUBE-AZRTOS-L4.1.0.0
2022-10-27 15:43:41,378 [WARN] PackLoader:242 - Cannot read IP mode file for emotas.I-CUBE-CANOPEN.1.1.2
2022-10-27 15:43:41,381 [WARN] PackLoader:242 - Cannot read IP mode file for STMicroelectronics.X-CUBE-TOUCHGFX.4.20.0
2022-10-27 15:43:41,392 [WARN] PackLoader:242 - Cannot read IP mode file for STMicroelectronics.X-CUBE-AZRTOS-F7.1.0.0
2022-10-27 15:43:41,402 [WARN] PackLoader:242 - Cannot read IP mode file for STMicroelectronics.X-CUBE-AZRTOS-WL.1.0.0
2022-10-27 15:43:41,432 [WARN] PackLoader:242 - Cannot read IP mode file for STMicroelectronics.X-CUBE-MEMS1.9.1.0
2022-10-27 15:43:41,531 [WARN] PackLoader:242 - Cannot read IP mode file for portGmbH.I-Cube-SoM-uGOAL.1.1.0
2022-10-27 15:43:41,534 [WARN] PackLoader:242 - Cannot read IP mode file for STMicroelectronics.X-CUBE-ALS.1.0.1
2022-10-27 15:43:41,543 [WARN] PackLoader:242 - Cannot read IP mode file for STMicroelectronics.X-CUBE-AZRTOS-L5.1.0.0
2022-10-27 15:43:41,548 [WARN] PackLoader:242 - Cannot read IP mode file for STMicroelectronics.X-CUBE-EEPRMA1.3.1.1
2022-10-27 15:43:41,552 [WARN] PackLoader:242 - Cannot read IP mode file for STMicroelectronics.X-CUBE-GNSS1.5.2.0
2022-10-27 15:43:41,556 [WARN] PackLoader:242 - Cannot read IP mode file for STMicroelectronics.X-CUBE-DISPLAY.2.0.1
2022-10-27 15:43:41,560 [WARN] PackLoader:242 - Cannot read IP mode file for STMicroelectronics.X-CUBE-TOF1.3.0.0
2022-10-27 15:43:41,562 [INFO] ThirdParty:929 - Integrity check success = true
2022-10-27 15:43:41,562 [INFO] IntegrityCheckThread:98 - exiting critical section [integrity check]
2022-10-27 15:43:41,562 [INFO] IntegrityCheckThread:101 - End integrity checks thread
2022-10-27 15:43:41,583 [INFO] Mcu:1922 - Initializing MCU STM32F103C8Tx STM32F103C8Tx 
2022-10-27 15:43:41,585 [INFO] Mcu:1935 - No CPN specified => set CPN to STM32F103C8T6
2022-10-27 15:43:42,276 [INFO] Context:654 - Trying to add GPIOservice into a context  which must be forbidden
2022-10-27 15:43:42,474 [INFO] ImportTextPane:193 - (OptionalMessage_ERROR) Unable to find key (Mcu.ThirdPartyNb) in loaded IOC file
2022-10-27 15:43:42,474 [INFO] ImportTextPane:193 - (OptionalMessage_ERROR) Unable to find key (Mcu.PinsNb) in loaded IOC file
2022-10-27 15:43:42,474 [INFO] ImportTextPane:193 - (OptionalMessage_ERROR) Unable to find key (Mcu.IPNb) in loaded IOC file
2022-10-27 15:43:42,525 [WARN] ApiManager:308 - Cannot register API 'Board Extension:GNSS1A1' from pack STMicroelectronics.X-CUBE-GNSS1.6.0.0: no header file found
2022-10-27 15:43:42,525 [WARN] ApiManager:308 - Cannot register API 'Board Support:Custom' from pack STMicroelectronics.X-CUBE-GNSS1.6.0.0: no header file found
2022-10-27 15:43:42,526 [WARN] ApiManager:308 - Cannot register API 'Data Exchange:lib_gnss' from pack STMicroelectronics.X-CUBE-GNSS1.6.0.0: no header file found
2022-10-27 15:43:42,538 [WARN] ApiManager:308 - Cannot register API 'Wireless:BlueNRG-MS' from pack STMicroelectronics.X-CUBE-BLE1.6.2.3: no header file found
2022-10-27 15:43:42,540 [INFO] RtosManager:488 - Registered RTOS mode: class=CMSIS, group=RTOS, mode=CMSIS_V1, owner=FREERTOS
2022-10-27 15:43:42,540 [INFO] RtosManager:488 - Registered RTOS mode: class=CMSIS, group=RTOS2, mode=CMSIS_V2, owner=FREERTOS
2022-10-27 15:43:42,541 [INFO] RtosManager:488 - Registered RTOS mode: class=RTOS, group=Core, mode=CMSIS_V1, owner=FREERTOS
2022-10-27 15:43:42,541 [INFO] RtosManager:488 - Registered RTOS mode: class=RTOS, group=Core, mode=CMSIS_V2, owner=FREERTOS
2022-10-27 15:43:42,541 [WARN] ModelIntegratedComponent:185 - Missing modes for component STMicroelectronics:FreeRTOS:0.0.1:STMicroelectronics:RTOS:FreeRTOS:Core:::10.2.0:
2022-10-27 15:43:42,547 [WARN] ApiManager:308 - Cannot register API 'Board Extension:S2868A1' from pack STMicroelectronics.X-CUBE-SUBG2.5.0.0: no header file found
2022-10-27 15:43:42,547 [WARN] ApiManager:308 - Cannot register API 'Board Extension:S2868A2' from pack STMicroelectronics.X-CUBE-SUBG2.5.0.0: no header file found
2022-10-27 15:43:42,547 [WARN] ApiManager:308 - Cannot register API 'Board Extension:S2915A1' from pack STMicroelectronics.X-CUBE-SUBG2.5.0.0: no header file found
2022-10-27 15:43:42,551 [WARN] ApiManager:308 - Cannot register API 'Wireless:BlueNRG-MS' from pack STMicroelectronics.X-CUBE-BLE1.6.2.2: no header file found
2022-10-27 15:43:42,552 [WARN] ApiManager:308 - Cannot register API 'Board Extension:NFC04A1' from pack STMicroelectronics.X-CUBE-NFC4.2.0.4: no header file found
2022-10-27 15:43:42,552 [WARN] ApiManager:308 - Cannot register API 'Wireless:BlueNRG-2' from pack STMicroelectronics.X-CUBE-BLE2.3.2.2: no header file found
2022-10-27 15:43:42,553 [WARN] ApiManager:308 - Cannot register API 'Board Extension:NFC04A1' from pack STMicroelectronics.X-CUBE-NFC4.2.0.3: no header file found
2022-10-27 15:43:42,556 [WARN] ApiManager:308 - Cannot register API 'Board Extension:S2868A1' from pack STMicroelectronics.X-CUBE-SFXS2LP1.3.1.0: no header file found
2022-10-27 15:43:42,557 [WARN] ApiManager:308 - Cannot register API 'Board Extension:S2868A2' from pack STMicroelectronics.X-CUBE-SFXS2LP1.3.1.0: no header file found
2022-10-27 15:43:42,557 [WARN] ApiManager:308 - Cannot register API 'Board Extension:S2915A1' from pack STMicroelectronics.X-CUBE-SFXS2LP1.3.1.0: no header file found
2022-10-27 15:43:42,565 [WARN] ModelIntegratedComponent:64 - No mode defined for component null
2022-10-27 15:43:42,565 [WARN] ModelIntegratedComponent:64 - No mode defined for component null
2022-10-27 15:43:42,566 [WARN] ModelIntegratedComponent:64 - No mode defined for component null
2022-10-27 15:43:42,566 [WARN] ModelIntegratedComponent:64 - No mode defined for component null
2022-10-27 15:43:42,566 [WARN] ModelIntegratedComponent:64 - No mode defined for component null
2022-10-27 15:43:42,566 [WARN] ModelIntegratedComponent:64 - No mode defined for component null
2022-10-27 15:43:42,566 [WARN] ModelIntegratedComponent:64 - No mode defined for component null
2022-10-27 15:43:42,566 [WARN] ModelIntegratedComponent:64 - No mode defined for component null
2022-10-27 15:43:42,566 [WARN] ModelIntegratedComponent:64 - No mode defined for component null
2022-10-27 15:43:42,566 [WARN] ModelIntegratedComponent:64 - No mode defined for component null
2022-10-27 15:43:42,566 [WARN] ModelIntegratedComponent:64 - No mode defined for component null
2022-10-27 15:43:42,566 [WARN] ModelIntegratedComponent:64 - No mode defined for component null
2022-10-27 15:43:42,566 [WARN] ModelIntegratedComponent:64 - No mode defined for component null
2022-10-27 15:43:42,566 [WARN] ModelIntegratedComponent:64 - No mode defined for component null
2022-10-27 15:43:42,566 [WARN] ModelIntegratedComponent:64 - No mode defined for component null
2022-10-27 15:43:42,566 [WARN] ModelIntegratedComponent:64 - No mode defined for component null
2022-10-27 15:43:42,566 [WARN] ModelIntegratedComponent:64 - No mode defined for component null
2022-10-27 15:43:42,567 [WARN] ModelIntegratedComponent:64 - No mode defined for component null
2022-10-27 15:43:42,567 [WARN] ModelIntegratedComponent:64 - No mode defined for component null
2022-10-27 15:43:42,567 [WARN] ModelIntegratedComponent:64 - No mode defined for component null
2022-10-27 15:43:42,567 [WARN] ModelIntegratedComponent:64 - No mode defined for component null
2022-10-27 15:43:42,567 [WARN] ModelIntegratedComponent:64 - No mode defined for component null
2022-10-27 15:43:42,567 [WARN] ModelIntegratedComponent:64 - No mode defined for component null
2022-10-27 15:43:42,567 [WARN] ModelIntegratedComponent:64 - No mode defined for component null
2022-10-27 15:43:42,567 [WARN] ModelIntegratedComponent:64 - No mode defined for component null
2022-10-27 15:43:42,567 [WARN] ModelIntegratedComponent:64 - No mode defined for component null
2022-10-27 15:43:42,567 [WARN] ModelIntegratedComponent:64 - No mode defined for component null
2022-10-27 15:43:42,567 [WARN] ModelIntegratedComponent:64 - No mode defined for component null
2022-10-27 15:43:42,567 [WARN] ModelIntegratedComponent:64 - No mode defined for component null
2022-10-27 15:43:42,567 [WARN] ModelIntegratedComponent:64 - No mode defined for component null
2022-10-27 15:43:42,567 [WARN] ModelIntegratedComponent:64 - No mode defined for component null
2022-10-27 15:43:42,568 [WARN] ModelIntegratedComponent:64 - No mode defined for component null
2022-10-27 15:43:42,568 [WARN] ModelIntegratedComponent:64 - No mode defined for component null
2022-10-27 15:43:42,570 [WARN] ApiManager:308 - Cannot register API 'Board Extension:NFC07A1' from pack STMicroelectronics.X-CUBE-NFC7.1.0.0: no header file found
2022-10-27 15:43:42,576 [WARN] ApiManager:308 - Cannot register API 'Board Extension:S2868A1' from pack STMicroelectronics.X-CUBE-SUBG2.4.2.0: no header file found
2022-10-27 15:43:42,576 [WARN] ApiManager:308 - Cannot register API 'Board Extension:S2868A2' from pack STMicroelectronics.X-CUBE-SUBG2.4.2.0: no header file found
2022-10-27 15:43:42,576 [WARN] ApiManager:308 - Cannot register API 'Board Extension:S2915A1' from pack STMicroelectronics.X-CUBE-SUBG2.4.2.0: no header file found
2022-10-27 15:43:42,670 [WARN] ApiManager:308 - Cannot register API 'Board Extension:IKS01A3' from pack STMicroelectronics.X-CUBE-MEMS1.9.1.0: no header file found
2022-10-27 15:43:42,670 [WARN] ApiManager:308 - Cannot register API 'Board Extension:IKS01A2' from pack STMicroelectronics.X-CUBE-MEMS1.9.1.0: no header file found
2022-10-27 15:43:42,670 [WARN] ApiManager:308 - Cannot register API 'Board Extension:IKS02A1' from pack STMicroelectronics.X-CUBE-MEMS1.9.1.0: no header file found
2022-10-27 15:43:42,735 [WARN] ApiManager:308 - Cannot register API 'Board Extension:IKS01A3' from pack STMicroelectronics.X-CUBE-MEMS1.9.3.0: no header file found
2022-10-27 15:43:42,736 [WARN] ApiManager:308 - Cannot register API 'Board Extension:IKS01A2' from pack STMicroelectronics.X-CUBE-MEMS1.9.3.0: no header file found
2022-10-27 15:43:42,736 [WARN] ApiManager:308 - Cannot register API 'Board Extension:IKS02A1' from pack STMicroelectronics.X-CUBE-MEMS1.9.3.0: no header file found
2022-10-27 15:43:42,741 [WARN] ApiManager:308 - Cannot register API 'Board Extension:EEPRMA1' from pack STMicroelectronics.X-CUBE-EEPRMA1.3.1.1: no header file found
2022-10-27 15:43:42,741 [WARN] ApiManager:308 - Cannot register API 'Board Extension:EEPRMA2' from pack STMicroelectronics.X-CUBE-EEPRMA1.3.1.1: no header file found
2022-10-27 15:43:42,741 [WARN] ApiManager:308 - Cannot register API 'Board Extension:GNSS1A1' from pack STMicroelectronics.X-CUBE-GNSS1.5.2.0: no header file found
2022-10-27 15:43:42,741 [WARN] ApiManager:308 - Cannot register API 'Board Support:Custom' from pack STMicroelectronics.X-CUBE-GNSS1.5.2.0: no header file found
2022-10-27 15:43:42,741 [WARN] ApiManager:308 - Cannot register API 'Data Exchange:lib_gnss' from pack STMicroelectronics.X-CUBE-GNSS1.5.2.0: no header file found
2022-10-27 15:43:42,742 [WARN] ApiManager:308 - Cannot register API 'Board Extension:S2868A1' from pack STMicroelectronics.X-CUBE-SFXS2LP1.4.0.0: no header file found
2022-10-27 15:43:42,743 [WARN] ApiManager:308 - Cannot register API 'Board Extension:S2868A2' from pack STMicroelectronics.X-CUBE-SFXS2LP1.4.0.0: no header file found
2022-10-27 15:43:42,743 [WARN] ApiManager:308 - Cannot register API 'Board Extension:S2915A1' from pack STMicroelectronics.X-CUBE-SFXS2LP1.4.0.0: no header file found
2022-10-27 15:43:42,743 [WARN] ApiManager:308 - Cannot register API 'Wireless:BlueNRG-2' from pack STMicroelectronics.X-CUBE-BLE2.3.3.0: no header file found
2022-10-27 15:43:42,757 [INFO] ThirdPartyModel:289 - Start build external matchings
2022-10-27 15:43:43,303 [INFO] ThirdPartyModel:302 - End build external matchings
2022-10-27 15:43:43,475 [INFO] UtilMem:74 - End LoadConfig() Used Memory: 341400392 Bytes (434110464)
2022-10-27 15:43:43,491 [WARN] ThirdParty:789 - waiting for thirdparty lock release [change project]
2022-10-27 15:43:43,491 [INFO] ThirdParty:791 - entering critical section [change project]
2022-10-27 15:43:43,491 [INFO] ThirdParty:981 - CMSIS Pack Vendor :wolfSSL I-CUBE-wolfSSL 5.2.0
2022-10-27 15:43:43,491 [INFO] ThirdParty:981 - CMSIS Pack Vendor :RoweBots I-CUBE-UNISONRTOS 5.5.0-4
2022-10-27 15:43:43,491 [INFO] ThirdParty:981 - CMSIS Pack Vendor :STMicroelectronics X-CUBE-GNSS1 6.0.0
2022-10-27 15:43:43,492 [INFO] ThirdParty:981 - CMSIS Pack Vendor :STMicroelectronics X-CUBE-AZRTOS-H7 2.1.0
2022-10-27 15:43:43,492 [INFO] ThirdParty:981 - CMSIS Pack Vendor :STMicroelectronics USB_HOST 2.0.0
2022-10-27 15:43:43,492 [INFO] ThirdParty:981 - CMSIS Pack Vendor :STMicroelectronics X-CUBE-AZRTOS-F4 1.1.0
2022-10-27 15:43:43,492 [INFO] ThirdParty:981 - CMSIS Pack Vendor :STMicroelectronics LIBJPEG 8.0.0
2022-10-27 15:43:43,492 [INFO] ThirdParty:981 - CMSIS Pack Vendor :STMicroelectronics USB_DEVICE 3.0.0
2022-10-27 15:43:43,492 [INFO] ThirdParty:981 - CMSIS Pack Vendor :STMicroelectronics X-CUBE-BLEMGR 1.0.0
2022-10-27 15:43:43,492 [INFO] ThirdParty:981 - CMSIS Pack Vendor :STMicroelectronics X-CUBE-BLEMGR 1.2.0
2022-10-27 15:43:43,492 [INFO] ThirdParty:981 - CMSIS Pack Vendor :STMicroelectronics X-CUBE-AZRTOS-F7 1.1.0
2022-10-27 15:43:43,492 [INFO] ThirdParty:981 - CMSIS Pack Vendor :STMicroelectronics USB_DEVICE 2.0.0
2022-10-27 15:43:43,492 [INFO] ThirdParty:981 - CMSIS Pack Vendor :STMicroelectronics X-CUBE-AI 7.1.0
2022-10-27 15:43:43,492 [INFO] ThirdParty:981 - CMSIS Pack Vendor :STMicroelectronics X-CUBE-BLE1 6.2.3
2022-10-27 15:43:43,492 [INFO] ThirdParty:981 - CMSIS Pack Vendor :STMicroelectronics X-CUBE-ALGOBUILD 1.3.0
2022-10-27 15:43:43,493 [INFO] ThirdParty:981 - CMSIS Pack Vendor :STMicroelectronics FreeRTOS 0.0.1
2022-10-27 15:43:43,493 [INFO] ThirdParty:981 - CMSIS Pack Vendor :STMicroelectronics X-CUBE-AZRTOS-G0 1.1.0
2022-10-27 15:43:43,493 [INFO] ThirdParty:981 - CMSIS Pack Vendor :STMicroelectronics X-CUBE-SUBG2 5.0.0
2022-10-27 15:43:43,493 [INFO] ThirdParty:981 - CMSIS Pack Vendor :SEGGER I-CUBE-embOS 1.2.0
2022-10-27 15:43:43,493 [INFO] ThirdParty:981 - CMSIS Pack Vendor :STMicroelectronics STM32_WPAN 1.0.0
2022-10-27 15:43:43,493 [INFO] ThirdParty:981 - CMSIS Pack Vendor :STMicroelectronics lwIP 2.0.3
2022-10-27 15:43:43,493 [INFO] ThirdParty:981 - CMSIS Pack Vendor :STMicroelectronics X-CUBE-BLE1 6.2.2
2022-10-27 15:43:43,493 [INFO] ThirdParty:981 - CMSIS Pack Vendor :STMicroelectronics X-CUBE-NFC4 2.0.4
2022-10-27 15:43:43,493 [INFO] ThirdParty:981 - CMSIS Pack Vendor :STMicroelectronics X-CUBE-BLE2 3.2.2
2022-10-27 15:43:43,493 [INFO] ThirdParty:981 - CMSIS Pack Vendor :STMicroelectronics USB_HOST 1.0.0
2022-10-27 15:43:43,493 [INFO] ThirdParty:981 - CMSIS Pack Vendor :STMicroelectronics X-CUBE-NFC4 2.0.3
2022-10-27 15:43:43,493 [INFO] ThirdParty:981 - CMSIS Pack Vendor :STMicroelectronics PDM2PCM 3.1.0
2022-10-27 15:43:43,493 [INFO] ThirdParty:981 - CMSIS Pack Vendor :STMicroelectronics FP-ATR-ASTRA1 1.1.1
2022-10-27 15:43:43,494 [INFO] ThirdParty:981 - CMSIS Pack Vendor :STMicroelectronics PDM2PCM 3.3.0
2022-10-27 15:43:43,494 [INFO] ThirdParty:981 - CMSIS Pack Vendor :STMicroelectronics X-CUBE-TOF1 3.1.0
2022-10-27 15:43:43,494 [INFO] ThirdParty:981 - CMSIS Pack Vendor :STMicroelectronics X-CUBE-SFXS2LP1 3.1.0
2022-10-27 15:43:43,494 [INFO] ThirdParty:981 - CMSIS Pack Vendor :STMicroelectronics X-CUBE-AZRTOS-F4 1.0.0
2022-10-27 15:43:43,494 [INFO] ThirdParty:981 - CMSIS Pack Vendor :STMicroelectronics X-CUBE-AZRTOS-H7 2.0.0
2022-10-27 15:43:43,494 [INFO] ThirdParty:981 - CMSIS Pack Vendor :STMicroelectronics X-CUBE-AZRTOS-G4 1.0.0
2022-10-27 15:43:43,494 [INFO] ThirdParty:981 - CMSIS Pack Vendor :STMicroelectronics FP-ATR-SIGFOX1 3.2.0
2022-10-27 15:43:43,494 [INFO] ThirdParty:981 - CMSIS Pack Vendor :STMicroelectronics X-CUBE-AZRTOS-L4 1.0.0
2022-10-27 15:43:43,494 [INFO] ThirdParty:981 - CMSIS Pack Vendor :STMicroelectronics HAL Drivers 0.0.0
2022-10-27 15:43:43,494 [INFO] ThirdParty:981 - CMSIS Pack Vendor :STMicroelectronics MBEDTLS 2.16.2
2022-10-27 15:43:43,494 [INFO] ThirdParty:981 - CMSIS Pack Vendor :emotas I-CUBE-CANOPEN 1.1.2
2022-10-27 15:43:43,494 [INFO] ThirdParty:981 - CMSIS Pack Vendor :STMicroelectronics X-CUBE-TOUCHGFX 4.20.0
2022-10-27 15:43:43,494 [INFO] ThirdParty:981 - CMSIS Pack Vendor :STMicroelectronics MBEDTLS 2.14.1
2022-10-27 15:43:43,494 [INFO] ThirdParty:981 - CMSIS Pack Vendor :STMicroelectronics X-CUBE-NFC7 1.0.0
2022-10-27 15:43:43,494 [INFO] ThirdParty:981 - CMSIS Pack Vendor :STMicroelectronics X-CUBE-AZRTOS-F7 1.0.0
2022-10-27 15:43:43,494 [INFO] ThirdParty:981 - CMSIS Pack Vendor :STMicroelectronics X-CUBE-AZRTOS-WL 1.0.0
2022-10-27 15:43:43,494 [INFO] ThirdParty:981 - CMSIS Pack Vendor :STMicroelectronics X-CUBE-SUBG2 4.2.0
2022-10-27 15:43:43,494 [INFO] ThirdParty:981 - CMSIS Pack Vendor :STMicroelectronics X-CUBE-MEMS1 9.1.0
2022-10-27 15:43:43,494 [INFO] ThirdParty:981 - CMSIS Pack Vendor :STMicroelectronics X-CUBE-MEMS1 9.3.0
2022-10-27 15:43:43,494 [INFO] ThirdParty:981 - CMSIS Pack Vendor :portGmbH I-Cube-SoM-uGOAL 1.1.0
2022-10-27 15:43:43,495 [INFO] ThirdParty:981 - CMSIS Pack Vendor :STMicroelectronics X-CUBE-ALS 1.0.1
2022-10-27 15:43:43,495 [INFO] ThirdParty:981 - CMSIS Pack Vendor :STMicroelectronics X-CUBE-AI 7.2.0
2022-10-27 15:43:43,495 [INFO] ThirdParty:981 - CMSIS Pack Vendor :STMicroelectronics ThreadX 1.0.0
2022-10-27 15:43:43,495 [INFO] ThirdParty:981 - CMSIS Pack Vendor :STMicroelectronics X-CUBE-AZRTOS-L5 1.0.0
2022-10-27 15:43:43,495 [INFO] ThirdParty:981 - CMSIS Pack Vendor :STMicroelectronics USB_DEVICE 1.0.0
2022-10-27 15:43:43,495 [INFO] ThirdParty:981 - CMSIS Pack Vendor :STMicroelectronics X-CUBE-AZRTOS-G0 1.0.0
2022-10-27 15:43:43,495 [INFO] ThirdParty:981 - CMSIS Pack Vendor :STMicroelectronics X-CUBE-EEPRMA1 3.1.1
2022-10-27 15:43:43,495 [INFO] ThirdParty:981 - CMSIS Pack Vendor :STMicroelectronics X-CUBE-GNSS1 5.2.0
2022-10-27 15:43:43,495 [INFO] ThirdParty:981 - CMSIS Pack Vendor :STMicroelectronics ThreadX 0.0.2
2022-10-27 15:43:43,495 [INFO] ThirdParty:981 - CMSIS Pack Vendor :STMicroelectronics lwIP 2.1.2
2022-10-27 15:43:43,495 [INFO] ThirdParty:981 - CMSIS Pack Vendor :STMicroelectronics X-CUBE-SFXS2LP1 4.0.0
2022-10-27 15:43:43,495 [INFO] ThirdParty:981 - CMSIS Pack Vendor :STMicroelectronics X-CUBE-BLE2 3.3.0
2022-10-27 15:43:43,495 [INFO] ThirdParty:981 - CMSIS Pack Vendor :STMicroelectronics X-CUBE-DISPLAY 2.0.1
2022-10-27 15:43:43,495 [INFO] ThirdParty:981 - CMSIS Pack Vendor :STMicroelectronics X-CUBE-DISPLAY 2.2.0
2022-10-27 15:43:43,495 [INFO] ThirdParty:981 - CMSIS Pack Vendor :STMicroelectronics X-CUBE-TOF1 3.2.0
2022-10-27 15:43:43,495 [INFO] ThirdParty:981 - CMSIS Pack Vendor :STMicroelectronics PDM2PCM 3.2.0
2022-10-27 15:43:43,495 [INFO] ThirdParty:981 - CMSIS Pack Vendor :STMicroelectronics X-CUBE-TOUCHGFX 4.18.1
2022-10-27 15:43:43,495 [INFO] ThirdParty:981 - CMSIS Pack Vendor :STMicroelectronics X-CUBE-TOF1 3.0.0
2022-10-27 15:43:43,495 [INFO] ThirdParty:981 - CMSIS Pack Vendor :STMicroelectronics X-CUBE-ISPU 1.0.0
2022-10-27 15:43:43,495 [INFO] ThirdParty:797 - exiting critical section [change project]
2022-10-27 15:43:43,762 [INFO] PinOutPanel:1468 - setPackage(No Configuration,No Configuration)
2022-10-27 15:43:43,764 [INFO] PinOutPanel:1468 - setPackage(STM32F103C8Tx,LQFP48)
2022-10-27 15:43:44,193 [INFO] UtilMem:74 - Before build in PCC Used Memory: 374347640 Bytes (498073600)
2022-10-27 15:43:44,860 [INFO] UtilMem:74 - After build in PCC Used Memory: 365431440 Bytes (498073600)
2022-10-27 15:43:44,881 [INFO] IPUIPlugin:79 - create IPUIPlugin
2022-10-27 15:43:44,882 [INFO] IPUIPlugin:79 - create IPUIPlugin
2022-10-27 15:43:44,882 [INFO] IPUIPlugin:79 - create IPUIPlugin
2022-10-27 15:43:44,882 [INFO] IPUIPlugin:79 - create IPUIPlugin
2022-10-27 15:43:44,882 [INFO] IPUIPlugin:79 - create IPUIPlugin
2022-10-27 15:43:44,882 [INFO] IPUIPlugin:79 - create IPUIPlugin
2022-10-27 15:43:44,882 [INFO] IPUIPlugin:79 - create IPUIPlugin
2022-10-27 15:43:44,882 [INFO] IPUIPlugin:79 - create IPUIPlugin
2022-10-27 15:43:44,883 [INFO] IPUIPlugin:79 - create IPUIPlugin
2022-10-27 15:43:44,883 [INFO] IPUIPlugin:79 - create IPUIPlugin
2022-10-27 15:43:44,883 [INFO] IPUIPlugin:79 - create IPUIPlugin
2022-10-27 15:43:44,883 [INFO] IPUIPlugin:79 - create IPUIPlugin
2022-10-27 15:43:44,883 [INFO] IPUIPlugin:79 - create IPUIPlugin
2022-10-27 15:43:44,884 [INFO] IPUIPlugin:79 - create IPUIPlugin
2022-10-27 15:43:44,884 [INFO] IPUIPlugin:79 - create IPUIPlugin
2022-10-27 15:43:44,884 [INFO] IPUIPlugin:79 - create IPUIPlugin
2022-10-27 15:43:44,884 [INFO] IPUIPlugin:79 - create IPUIPlugin
2022-10-27 15:43:44,885 [INFO] IPUIPlugin:79 - create IPUIPlugin
2022-10-27 15:43:44,885 [INFO] IPUIPlugin:79 - create IPUIPlugin
2022-10-27 15:43:44,885 [INFO] IPUIPlugin:79 - create IPUIPlugin
2022-10-27 15:43:44,886 [INFO] IPUIPlugin:79 - create IPUIPlugin
2022-10-27 15:43:44,886 [INFO] IPUIPlugin:79 - create IPUIPlugin
2022-10-27 15:43:44,886 [INFO] IPUIPlugin:79 - create IPUIPlugin
2022-10-27 15:43:44,886 [INFO] IPUIPlugin:79 - create IPUIPlugin
2022-10-27 15:43:44,886 [INFO] IPUIPlugin:79 - create IPUIPlugin
2022-10-27 15:43:44,886 [INFO] IPUIPlugin:79 - create IPUIPlugin
2022-10-27 15:43:44,887 [INFO] IPUIPlugin:79 - create IPUIPlugin
2022-10-27 15:43:45,087 [INFO] OpenFileManager:327 - Restore cursor
2022-10-27 15:43:45,514 [INFO] UtilMem:74 - End SaveConfig() Used Memory: 371953256 Bytes (498073600)
2022-10-27 15:43:45,561 [INFO] UtilMem:74 - End SaveConfig() Used Memory: 382719272 Bytes (498073600)
2022-10-27 15:43:45,907 [INFO] BlockDiagram:2753 - set Specific Code input for plugin: NVIC
2022-10-27 15:43:45,908 [INFO] BlockDiagram:2753 - set Specific Code input for plugin: RCC
2022-10-27 15:43:45,909 [INFO] CodeGenerator:690 - code generatio: config db path: C:\ST\STM32CubeIDE_1.9.0\STM32CubeIDE\plugins\com.st.stm32cube.common.mx_6.6.1.202207061420\\db\
2022-10-27 15:43:46,194 [INFO] CodeEngine:245 - oldGeneratedFile, D:\github\mc\stm32\Temperature_Humidity_Sensor_DHT11\Temperature_Humidity_Sensor_DHT11\MXTmpFiles\license.tmp_save
2022-10-27 15:43:46,601 [INFO] CodeEngine:269 - Generated code: D:\github\mc\stm32\Temperature_Humidity_Sensor_DHT11\Temperature_Humidity_Sensor_DHT11\MXTmpFiles\license.tmp
2022-10-27 15:43:46,690 [INFO] CodeEngine:245 - oldGeneratedFile, D:\github\mc\stm32\Temperature_Humidity_Sensor_DHT11\Temperature_Humidity_Sensor_DHT11\Core\Src\stm32f1xx_it.c_save
2022-10-27 15:43:46,877 [INFO] CodeEngine:269 - Generated code: D:\github\mc\stm32\Temperature_Humidity_Sensor_DHT11\Temperature_Humidity_Sensor_DHT11\Core\Src\stm32f1xx_it.c
2022-10-27 15:43:46,886 [INFO] CodeEngine:245 - oldGeneratedFile, D:\github\mc\stm32\Temperature_Humidity_Sensor_DHT11\Temperature_Humidity_Sensor_DHT11\Core\Inc\stm32f1xx_it.h_save
2022-10-27 15:43:47,000 [INFO] CodeEngine:269 - Generated code: D:\github\mc\stm32\Temperature_Humidity_Sensor_DHT11\Temperature_Humidity_Sensor_DHT11\Core\Inc\stm32f1xx_it.h
2022-10-27 15:43:47,087 [INFO] CodeEngine:245 - oldGeneratedFile, D:\github\mc\stm32\Temperature_Humidity_Sensor_DHT11\Temperature_Humidity_Sensor_DHT11\Core\Src\stm32f1xx_hal_msp.c_save
2022-10-27 15:43:47,253 [INFO] CodeEngine:269 - Generated code: D:\github\mc\stm32\Temperature_Humidity_Sensor_DHT11\Temperature_Humidity_Sensor_DHT11\Core\Src\stm32f1xx_hal_msp.c
2022-10-27 15:43:47,266 [INFO] CodeEngine:245 - oldGeneratedFile, D:\github\mc\stm32\Temperature_Humidity_Sensor_DHT11\Temperature_Humidity_Sensor_DHT11\MXTmpFiles\system.tmp_save
2022-10-27 15:43:47,337 [INFO] CodeEngine:269 - Generated code: D:\github\mc\stm32\Temperature_Humidity_Sensor_DHT11\Temperature_Humidity_Sensor_DHT11\MXTmpFiles\system.tmp
2022-10-27 15:43:47,350 [INFO] CodeEngine:245 - oldGeneratedFile, D:\github\mc\stm32\Temperature_Humidity_Sensor_DHT11\Temperature_Humidity_Sensor_DHT11\Core\Inc\stm32f1xx_hal_conf.h_save
2022-10-27 15:43:47,510 [INFO] CodeEngine:269 - Generated code: D:\github\mc\stm32\Temperature_Humidity_Sensor_DHT11\Temperature_Humidity_Sensor_DHT11\Core\Inc\stm32f1xx_hal_conf.h
2022-10-27 15:43:47,558 [INFO] CodeEngine:245 - oldGeneratedFile, D:\github\mc\stm32\Temperature_Humidity_Sensor_DHT11\Temperature_Humidity_Sensor_DHT11\Core\Inc\main.h_save
2022-10-27 15:43:47,671 [INFO] CodeEngine:269 - Generated code: D:\github\mc\stm32\Temperature_Humidity_Sensor_DHT11\Temperature_Humidity_Sensor_DHT11\Core\Inc\main.h
2022-10-27 15:43:47,677 [INFO] CodeEngine:245 - oldGeneratedFile, D:\github\mc\stm32\Temperature_Humidity_Sensor_DHT11\Temperature_Humidity_Sensor_DHT11\Core\Src\main.c_save
2022-10-27 15:43:47,823 [INFO] CodeEngine:269 - Generated code: D:\github\mc\stm32\Temperature_Humidity_Sensor_DHT11\Temperature_Humidity_Sensor_DHT11\Core\Src\main.c
2022-10-27 15:43:48,502 [INFO] ProjectBuilder:2919 - Time for Copy HAL[1] : 101mS.
2022-10-27 15:43:48,517 [INFO] ProjectBuilder:4117 - Project Generator version: 3.17.1
2022-10-27 15:43:48,909 [INFO] ConfigFileManager:1394 - The Die is : DIE410
2022-10-27 15:43:48,923 [INFO] ApiDbMcu:505 - Load IP Config File for FATFS
2022-10-27 15:43:48,953 [INFO] ApiDbMcu:505 - Load IP Config File for FREERTOS
2022-10-27 15:43:48,980 [INFO] ApiDbMcu:505 - Load IP Config File for USB_DEVICE
2022-10-27 15:43:51,679 [INFO] ProjectBuilder:4285 - Time for Generating toolchain IDE Files: 3162mS.
2022-10-27 15:43:51,680 [INFO] ProjectBuilder:2790 - Time for Copy CMSIS : 0mS.
2022-10-27 15:43:51,681 [INFO] ProjectBuilder:2790 - Time for Copy CMSIS : 0mS.
2022-10-27 15:43:54,250 [INFO] McuFinderGlobals:57 - Set McuFinderConnectedMode to true
2022-10-27 15:43:54,250 [INFO] ApiDb:443 - Save user favorites file C:\Users\Zver/.stm32cubeide/favorites.mcus.txt: 1 item(s)
2022-10-27 15:43:54,250 [INFO] ApiDb:447 - User favorites MCUs=[STM32F103C8T6]
2022-10-27 15:48:50,568 [INFO] UtilMem:74 - End SaveConfig() Used Memory: 287410320 Bytes (689963008)
2022-10-27 15:48:52,540 [INFO] UtilMem:74 - End SaveConfig() Used Memory: 304794720 Bytes (689963008)
2022-10-27 15:48:54,590 [INFO] UtilMem:74 - End SaveConfig() Used Memory: 424182208 Bytes (689963008)
2022-10-27 15:48:54,819 [INFO] BlockDiagram:2753 - set Specific Code input for plugin: NVIC
2022-10-27 15:48:54,819 [INFO] BlockDiagram:2753 - set Specific Code input for plugin: TIM1_8F1
2022-10-27 15:48:54,819 [INFO] BlockDiagram:2753 - set Specific Code input for plugin: SYS
2022-10-27 15:48:54,819 [INFO] BlockDiagram:2753 - set Specific Code input for plugin: GPIO
2022-10-27 15:48:54,819 [INFO] BlockDiagram:2753 - set Specific Code input for plugin: RCC
2022-10-27 15:48:54,821 [INFO] CodeGenerator:690 - code generatio: config db path: C:\ST\STM32CubeIDE_1.9.0\STM32CubeIDE\plugins\com.st.stm32cube.common.mx_6.6.1.202207061420\\db\
2022-10-27 15:48:54,933 [INFO] CodeEngine:245 - oldGeneratedFile, D:\github\mc\stm32\Temperature_Humidity_Sensor_DHT11\Temperature_Humidity_Sensor_DHT11\MXTmpFiles\license.tmp_save
2022-10-27 15:48:55,033 [INFO] CodeEngine:269 - Generated code: D:\github\mc\stm32\Temperature_Humidity_Sensor_DHT11\Temperature_Humidity_Sensor_DHT11\MXTmpFiles\license.tmp
2022-10-27 15:48:55,069 [INFO] CodeEngine:245 - oldGeneratedFile, D:\github\mc\stm32\Temperature_Humidity_Sensor_DHT11\Temperature_Humidity_Sensor_DHT11\MXTmpFiles\gpio.tmp_save
2022-10-27 15:48:55,173 [INFO] CodeEngine:269 - Generated code: D:\github\mc\stm32\Temperature_Humidity_Sensor_DHT11\Temperature_Humidity_Sensor_DHT11\MXTmpFiles\gpio.tmp
2022-10-27 15:48:55,291 [INFO] CodeEngine:245 - oldGeneratedFile, D:\github\mc\stm32\Temperature_Humidity_Sensor_DHT11\Temperature_Humidity_Sensor_DHT11\Core\Src\stm32f1xx_it.c_save
2022-10-27 15:48:55,563 [INFO] CodeEngine:269 - Generated code: D:\github\mc\stm32\Temperature_Humidity_Sensor_DHT11\Temperature_Humidity_Sensor_DHT11\Core\Src\stm32f1xx_it.c
2022-10-27 15:48:55,569 [INFO] CodeEngine:245 - oldGeneratedFile, D:\github\mc\stm32\Temperature_Humidity_Sensor_DHT11\Temperature_Humidity_Sensor_DHT11\Core\Inc\stm32f1xx_it.h_save
2022-10-27 15:48:55,637 [INFO] CodeEngine:269 - Generated code: D:\github\mc\stm32\Temperature_Humidity_Sensor_DHT11\Temperature_Humidity_Sensor_DHT11\Core\Inc\stm32f1xx_it.h
2022-10-27 15:48:55,678 [INFO] CodeEngine:245 - oldGeneratedFile, D:\github\mc\stm32\Temperature_Humidity_Sensor_DHT11\Temperature_Humidity_Sensor_DHT11\Core\Src\stm32f1xx_hal_msp.c_save
2022-10-27 15:48:55,782 [INFO] CodeEngine:269 - Generated code: D:\github\mc\stm32\Temperature_Humidity_Sensor_DHT11\Temperature_Humidity_Sensor_DHT11\Core\Src\stm32f1xx_hal_msp.c
2022-10-27 15:48:55,785 [INFO] CodeEngine:245 - oldGeneratedFile, D:\github\mc\stm32\Temperature_Humidity_Sensor_DHT11\Temperature_Humidity_Sensor_DHT11\MXTmpFiles\system.tmp_save
2022-10-27 15:48:55,844 [INFO] CodeEngine:269 - Generated code: D:\github\mc\stm32\Temperature_Humidity_Sensor_DHT11\Temperature_Humidity_Sensor_DHT11\MXTmpFiles\system.tmp
2022-10-27 15:48:55,875 [INFO] CodeEngine:245 - oldGeneratedFile, D:\github\mc\stm32\Temperature_Humidity_Sensor_DHT11\Temperature_Humidity_Sensor_DHT11\Core\Inc\stm32f1xx_hal_conf.h_save
2022-10-27 15:48:55,992 [INFO] CodeEngine:269 - Generated code: D:\github\mc\stm32\Temperature_Humidity_Sensor_DHT11\Temperature_Humidity_Sensor_DHT11\Core\Inc\stm32f1xx_hal_conf.h
2022-10-27 15:48:56,027 [WARN] IPConfigManager:3348 - IP not found : TIM
2022-10-27 15:48:56,027 [WARN] CodeGenerator:3567 - IP not found : null
2022-10-27 15:48:56,040 [INFO] CodeEngine:245 - oldGeneratedFile, D:\github\mc\stm32\Temperature_Humidity_Sensor_DHT11\Temperature_Humidity_Sensor_DHT11\Core\Inc\main.h_save
2022-10-27 15:48:56,120 [INFO] CodeEngine:269 - Generated code: D:\github\mc\stm32\Temperature_Humidity_Sensor_DHT11\Temperature_Humidity_Sensor_DHT11\Core\Inc\main.h
2022-10-27 15:48:56,152 [INFO] CodeEngine:245 - oldGeneratedFile, D:\github\mc\stm32\Temperature_Humidity_Sensor_DHT11\Temperature_Humidity_Sensor_DHT11\Core\Src\main.c_save
2022-10-27 15:48:56,253 [INFO] CodeEngine:269 - Generated code: D:\github\mc\stm32\Temperature_Humidity_Sensor_DHT11\Temperature_Humidity_Sensor_DHT11\Core\Src\main.c
2022-10-27 15:48:56,790 [INFO] ProjectBuilder:2919 - Time for Copy HAL[1] : 133mS.
2022-10-27 15:48:56,792 [INFO] ProjectBuilder:4117 - Project Generator version: 3.17.1
2022-10-27 15:48:57,141 [INFO] ConfigFileManager:1394 - The Die is : DIE410
2022-10-27 15:48:58,873 [INFO] ProjectBuilder:4285 - Time for Generating toolchain IDE Files: 2081mS.
2022-10-27 15:48:58,875 [INFO] ProjectBuilder:2790 - Time for Copy CMSIS : 1mS.
2022-10-27 15:48:58,877 [INFO] ProjectBuilder:2790 - Time for Copy CMSIS : 1mS.
2022-10-27 17:34:24,488 [ERROR] LogOutputStream:74 - [STDERR_REDIRECT] 
