2022-10-27 03:45:04,354 [INFO] Activator:177 - 


2022-10-27 03:45:04,355 [INFO] Activator:178 - !SESSION log4j initialized
2022-10-27 03:45:06,588 [INFO] McuFinderGlobals:44 - Set McuFinder mode to 2 (CubeIDE integrated)
2022-10-27 03:45:08,063 [INFO] ApplicationProperties:181 - Using Application install path: C:\ST\STM32CubeIDE_1.9.0\STM32CubeIDE\plugins\com.st.stm32cube.common.mx_6.6.1.202207061420
2022-10-27 03:45:08,082 [INFO] DbMcusXml:77 - Set database path to: C:\ST\STM32CubeIDE_1.9.0\STM32CubeIDE\plugins\com.st.stm32cube.common.mx_6.6.1.202207061420\\db\/mcu/
2022-10-27 03:45:08,082 [INFO] ApiDb:269 - Set plugin database path to: C:\ST\STM32CubeIDE_1.9.0\STM32CubeIDE\plugins\com.st.stm32cube.common.mx_6.6.1.202207061420\\db\/plugins/boardmanager/
2022-10-27 03:45:08,084 [WARN] ApiDb:254 - Overriding images path with different value:  => C:\ST\STM32CubeIDE_1.9.0\STM32CubeIDE\plugins\com.st.stm32cube.common.mx_6.6.1.202207061420\\db\/plugins/mcufinder/images/
2022-10-27 03:45:08,096 [INFO] ApiDb:249 - Set database path to: C:\Users\Zver\.stmcufinder\plugins\mcufinder//mcu/
2022-10-27 03:45:08,098 [INFO] DbMcusAds:124 - Set database path to: C:\Users\Zver\.stmcufinder\plugins\mcufinder//mcu/
2022-10-27 03:45:08,100 [INFO] CrossReferenceDbSqlite:201 - Set database path to: C:\Users\Zver\.stmcufinder\plugins\mcufinder//mcu/cs/
2022-10-27 03:45:08,201 [INFO] RulesReader:61 - Compatibility file has been processed (282 Rules)
2022-10-27 03:45:08,321 [INFO] DbMcusXml:77 - Set database path to: C:\ST\STM32CubeIDE_1.9.0\STM32CubeIDE\plugins\com.st.stm32cube.common.mx_6.6.1.202207061420\\db\/mcu/
2022-10-27 03:45:08,321 [INFO] ApiDb:269 - Set plugin database path to: C:\ST\STM32CubeIDE_1.9.0\STM32CubeIDE\plugins\com.st.stm32cube.common.mx_6.6.1.202207061420\\db\/plugins/boardmanager/
2022-10-27 03:45:08,322 [INFO] ApiDb:256 - Set plugin images path to: C:\ST\STM32CubeIDE_1.9.0\STM32CubeIDE\plugins\com.st.stm32cube.common.mx_6.6.1.202207061420\\db\/plugins/mcufinder/images/
2022-10-27 03:45:08,322 [WARN] DbFile:40 - Overriding database path with different value: C:\Users\Zver\.stmcufinder\plugins\mcufinder/ => C:\Users\Zver\.stmcufinder\plugins\mcufinder
2022-10-27 03:45:08,322 [INFO] ApiDb:249 - Set database path to: C:\Users\Zver\.stmcufinder\plugins\mcufinder//mcu/
2022-10-27 03:45:08,322 [WARN] DbFile:40 - Overriding database path with different value: C:\Users\Zver\.stmcufinder\plugins\mcufinder/ => C:\Users\Zver\.stmcufinder\plugins\mcufinder
2022-10-27 03:45:08,322 [INFO] DbMcusAds:124 - Set database path to: C:\Users\Zver\.stmcufinder\plugins\mcufinder//mcu/
2022-10-27 03:45:08,323 [WARN] DbFile:40 - Overriding database path with different value: C:\Users\Zver\.stmcufinder\plugins\mcufinder/ => C:\Users\Zver\.stmcufinder\plugins\mcufinder
2022-10-27 03:45:08,323 [WARN] DbFile:40 - Overriding database path with different value: C:\Users\Zver\.stmcufinder\plugins\mcufinder/ => C:\Users\Zver\.stmcufinder\plugins\mcufinder
2022-10-27 03:45:08,323 [INFO] CrossReferenceDbSqlite:201 - Set database path to: C:\Users\Zver\.stmcufinder\plugins\mcufinder//mcu/cs/
2022-10-27 03:45:08,411 [INFO] MainPanel:242 - HeapMemory: 268435456
2022-10-27 03:45:08,466 [INFO] DbMcusXml:77 - Set database path to: C:\ST\STM32CubeIDE_1.9.0\STM32CubeIDE\plugins\com.st.stm32cube.common.mx_6.6.1.202207061420\\db\/mcu/
2022-10-27 03:45:08,466 [INFO] ApiDb:269 - Set plugin database path to: C:\ST\STM32CubeIDE_1.9.0\STM32CubeIDE\plugins\com.st.stm32cube.common.mx_6.6.1.202207061420\\db\/plugins/boardmanager/
2022-10-27 03:45:08,466 [INFO] ApiDb:256 - Set plugin images path to: C:\ST\STM32CubeIDE_1.9.0\STM32CubeIDE\plugins\com.st.stm32cube.common.mx_6.6.1.202207061420\\db\/plugins/mcufinder/images/
2022-10-27 03:45:08,467 [WARN] DbFile:40 - Overriding database path with different value: C:\Users\Zver\.stmcufinder\plugins\mcufinder/ => C:\Users\Zver\.stmcufinder\plugins\mcufinder
2022-10-27 03:45:08,467 [INFO] ApiDb:249 - Set database path to: C:\Users\Zver\.stmcufinder\plugins\mcufinder//mcu/
2022-10-27 03:45:08,467 [WARN] DbFile:40 - Overriding database path with different value: C:\Users\Zver\.stmcufinder\plugins\mcufinder/ => C:\Users\Zver\.stmcufinder\plugins\mcufinder
2022-10-27 03:45:08,467 [INFO] DbMcusAds:124 - Set database path to: C:\Users\Zver\.stmcufinder\plugins\mcufinder//mcu/
2022-10-27 03:45:08,467 [WARN] DbFile:40 - Overriding database path with different value: C:\Users\Zver\.stmcufinder\plugins\mcufinder/ => C:\Users\Zver\.stmcufinder\plugins\mcufinder
2022-10-27 03:45:08,468 [WARN] DbFile:40 - Overriding database path with different value: C:\Users\Zver\.stmcufinder\plugins\mcufinder/ => C:\Users\Zver\.stmcufinder\plugins\mcufinder
2022-10-27 03:45:08,468 [INFO] CrossReferenceDbSqlite:201 - Set database path to: C:\Users\Zver\.stmcufinder\plugins\mcufinder//mcu/cs/
2022-10-27 03:45:08,487 [INFO] ApplicationProperties:181 - Using Application install path: C:\ST\STM32CubeIDE_1.9.0\STM32CubeIDE\plugins\com.st.stm32cube.common.mx_6.6.1.202207061420
2022-10-27 03:45:08,489 [INFO] PluginManage:193 - Search for loadable plugins [exclusion list=, ]
2022-10-27 03:45:08,490 [INFO] PluginManage:307 - Check plugin analytics
2022-10-27 03:45:08,623 [INFO] AnalyticsPlugin:262 - Accepted Software Licenses: 
2022-10-27 03:45:08,624 [INFO] AnalyticsPlugin:264 - Accepted CMSIS Pack Licenses: 
2022-10-27 03:45:08,624 [INFO] AnalyticsPlugin:266 - Accepted Firmware Licenses: 
2022-10-27 03:45:08,632 [INFO] PluginManage:356 - Loaded plugin analytics (category:tool,tabindex:-1)
2022-10-27 03:45:08,632 [INFO] PluginManage:307 - Check plugin cadmodel
2022-10-27 03:45:08,635 [INFO] CADModel:65 - Init CAD model plugin
2022-10-27 03:45:08,636 [INFO] PluginManage:356 - Loaded plugin cadmodel (category:power,tabindex:5)
2022-10-27 03:45:08,636 [INFO] PluginManage:307 - Check plugin clock
2022-10-27 03:45:08,644 [INFO] PluginManage:356 - Loaded plugin clock (category:base,tabindex:2)
2022-10-27 03:45:08,645 [INFO] PluginManage:307 - Check plugin ddr
2022-10-27 03:45:08,647 [INFO] PluginManage:356 - Loaded plugin ddr (category:tool,tabindex:6)
2022-10-27 03:45:08,647 [INFO] PluginManage:307 - Check plugin filemanager
2022-10-27 03:45:08,810 [INFO] PluginManage:356 - Loaded plugin filemanager (category:base,tabindex:10)
2022-10-27 03:45:08,810 [INFO] PluginManage:307 - Check plugin ipmanager
2022-10-27 03:45:08,823 [INFO] PluginManage:356 - Loaded plugin ipmanager (category:base,tabindex:5)
2022-10-27 03:45:08,823 [INFO] PluginManage:307 - Check plugin lpbam
2022-10-27 03:45:08,832 [INFO] PluginManage:356 - Loaded plugin lpbam (category:base,tabindex:0)
2022-10-27 03:45:08,832 [INFO] PluginManage:307 - Check plugin pinoutandconfiguration
2022-10-27 03:45:08,839 [INFO] PluginManage:356 - Loaded plugin pinoutandconfiguration (category:base,tabindex:1)
2022-10-27 03:45:08,839 [INFO] PluginManage:307 - Check plugin pinoutconfig
2022-10-27 03:45:08,871 [INFO] PluginManage:356 - Loaded plugin pinoutconfig (category:base,tabindex:0)
2022-10-27 03:45:08,871 [INFO] PluginManage:307 - Check plugin power
2022-10-27 03:45:08,881 [INFO] PluginManage:356 - Loaded plugin power (category:power,tabindex:4)
2022-10-27 03:45:08,882 [INFO] PluginManage:307 - Check plugin projectmanager
2022-10-27 03:45:08,897 [INFO] PluginManage:356 - Loaded plugin projectmanager (category:projectmanager,tabindex:3)
2022-10-27 03:45:08,897 [INFO] PluginManage:307 - Check plugin thirdparty
2022-10-27 03:45:09,014 [WARN] IntegrityCheckThread:82 - waiting for thirdparty lock release [integrity check]
2022-10-27 03:45:09,014 [INFO] PluginManage:356 - Loaded plugin thirdparty (category:base,tabindex:-1)
2022-10-27 03:45:09,015 [INFO] IntegrityCheckThread:84 - entering critical section [integrity check]
2022-10-27 03:45:09,015 [INFO] PluginManage:307 - Check plugin tools
2022-10-27 03:45:09,017 [INFO] ThirdPartyUpdaterWithRetryManager:70 - Updater plugin not ready yet. [1/15]
2022-10-27 03:45:09,018 [INFO] PluginManage:356 - Loaded plugin tools (category:base,tabindex:7)
2022-10-27 03:45:09,018 [INFO] PluginManage:307 - Check plugin tutovideos
2022-10-27 03:45:09,185 [INFO] PluginManage:356 - Loaded plugin tutovideos (category:base,tabindex:-1)
2022-10-27 03:45:09,186 [INFO] PluginManage:307 - Check plugin updater
2022-10-27 03:45:09,199 [INFO] PluginManage:356 - Loaded plugin updater (category:base,tabindex:12)
2022-10-27 03:45:09,200 [INFO] PluginManage:280 - PluginManage : Loaded plugins [15]
2022-10-27 03:45:09,645 [INFO] PinOutPanel:1468 - setPackage(No Configuration,No Configuration)
2022-10-27 03:45:09,742 [INFO] CADModel:98 - CPN selected for project level
2022-10-27 03:45:09,755 [INFO] IPUIPlugin:79 - create IPUIPlugin
2022-10-27 03:45:09,756 [INFO] PluginManager:217 - loadIPPluginJar : add adc
2022-10-27 03:45:09,758 [INFO] IPUIPlugin:79 - create IPUIPlugin
2022-10-27 03:45:09,758 [INFO] PluginManager:217 - loadIPPluginJar : add aes
2022-10-27 03:45:09,760 [INFO] IPUIPlugin:79 - create IPUIPlugin
2022-10-27 03:45:09,760 [INFO] PluginManager:217 - loadIPPluginJar : add can
2022-10-27 03:45:09,761 [INFO] IPUIPlugin:79 - create IPUIPlugin
2022-10-27 03:45:09,762 [INFO] PluginManager:217 - loadIPPluginJar : add comp
2022-10-27 03:45:09,763 [INFO] IPUIPlugin:79 - create IPUIPlugin
2022-10-27 03:45:09,763 [INFO] PluginManager:217 - loadIPPluginJar : add cryp
2022-10-27 03:45:09,768 [INFO] IPUIPlugin:79 - create IPUIPlugin
2022-10-27 03:45:09,768 [INFO] PluginManager:217 - loadIPPluginJar : add dfsdm
2022-10-27 03:45:09,774 [INFO] IPUIPlugin:79 - create IPUIPlugin
2022-10-27 03:45:09,774 [INFO] PluginManager:217 - loadIPPluginJar : add dma
2022-10-27 03:45:09,776 [INFO] IPUIPlugin:79 - create IPUIPlugin
2022-10-27 03:45:09,776 [INFO] PluginManager:217 - loadIPPluginJar : add dma3
2022-10-27 03:45:09,777 [INFO] IPUIPlugin:79 - create IPUIPlugin
2022-10-27 03:45:09,777 [INFO] PluginManager:217 - loadIPPluginJar : add fatfs
2022-10-27 03:45:09,781 [INFO] IPUIPlugin:79 - create IPUIPlugin
2022-10-27 03:45:09,781 [INFO] PluginManager:217 - loadIPPluginJar : add fmc
2022-10-27 03:45:09,785 [INFO] IPUIPlugin:79 - create IPUIPlugin
2022-10-27 03:45:09,785 [INFO] PluginManager:217 - loadIPPluginJar : add freertos
2022-10-27 03:45:09,786 [INFO] IPUIPlugin:79 - create IPUIPlugin
2022-10-27 03:45:09,786 [INFO] PluginManager:217 - loadIPPluginJar : add genericplugin
2022-10-27 03:45:09,788 [INFO] IPUIPlugin:79 - create IPUIPlugin
2022-10-27 03:45:09,788 [INFO] PluginManager:217 - loadIPPluginJar : add gfxmmu
2022-10-27 03:45:09,793 [INFO] IPUIPlugin:79 - create IPUIPlugin
2022-10-27 03:45:09,793 [INFO] PluginManager:217 - loadIPPluginJar : add gic
2022-10-27 03:45:09,796 [INFO] IPUIPlugin:79 - create IPUIPlugin
2022-10-27 03:45:09,796 [INFO] PluginManager:217 - loadIPPluginJar : add gpio
2022-10-27 03:45:09,798 [INFO] IPUIPlugin:79 - create IPUIPlugin
2022-10-27 03:45:09,798 [INFO] PluginManager:217 - loadIPPluginJar : add gtzc
2022-10-27 03:45:09,800 [INFO] IPUIPlugin:79 - create IPUIPlugin
2022-10-27 03:45:09,800 [INFO] PluginManager:217 - loadIPPluginJar : add hash
2022-10-27 03:45:09,802 [INFO] IPUIPlugin:79 - create IPUIPlugin
2022-10-27 03:45:09,803 [INFO] PluginManager:217 - loadIPPluginJar : add i2c
2022-10-27 03:45:09,805 [INFO] IPUIPlugin:79 - create IPUIPlugin
2022-10-27 03:45:09,805 [INFO] PluginManager:217 - loadIPPluginJar : add i2s
2022-10-27 03:45:09,808 [INFO] IPUIPlugin:79 - create IPUIPlugin
2022-10-27 03:45:09,808 [INFO] PluginManager:217 - loadIPPluginJar : add ipddr
2022-10-27 03:45:09,813 [INFO] IPUIPlugin:79 - create IPUIPlugin
2022-10-27 03:45:09,814 [INFO] PluginManager:217 - loadIPPluginJar : add linkedlist
2022-10-27 03:45:09,816 [INFO] IPUIPlugin:79 - create IPUIPlugin
2022-10-27 03:45:09,816 [INFO] PluginManager:217 - loadIPPluginJar : add lorawan
2022-10-27 03:45:09,817 [INFO] IPUIPlugin:79 - create IPUIPlugin
2022-10-27 03:45:09,817 [INFO] PluginManager:217 - loadIPPluginJar : add ltdc
2022-10-27 03:45:09,822 [INFO] IPUIPlugin:79 - create IPUIPlugin
2022-10-27 03:45:09,822 [INFO] PluginManager:217 - loadIPPluginJar : add mdma
2022-10-27 03:45:09,824 [INFO] IPUIPlugin:79 - create IPUIPlugin
2022-10-27 03:45:09,825 [INFO] PluginManager:217 - loadIPPluginJar : add nvic
2022-10-27 03:45:09,827 [INFO] IPUIPlugin:79 - create IPUIPlugin
2022-10-27 03:45:09,827 [INFO] PluginManager:217 - loadIPPluginJar : add opamp
2022-10-27 03:45:09,830 [INFO] IPUIPlugin:79 - create IPUIPlugin
2022-10-27 03:45:09,830 [INFO] PluginManager:217 - loadIPPluginJar : add openamp
2022-10-27 03:45:09,833 [INFO] IPUIPlugin:79 - create IPUIPlugin
2022-10-27 03:45:09,833 [INFO] PluginManager:217 - loadIPPluginJar : add pdm2pcm
2022-10-27 03:45:09,839 [INFO] IPUIPlugin:79 - create IPUIPlugin
2022-10-27 03:45:09,842 [INFO] PluginManager:217 - loadIPPluginJar : add plateformsettings
2022-10-27 03:45:09,843 [INFO] IPUIPlugin:79 - create IPUIPlugin
2022-10-27 03:45:09,843 [INFO] PluginManager:217 - loadIPPluginJar : add quadspi
2022-10-27 03:45:09,846 [INFO] IPUIPlugin:79 - create IPUIPlugin
2022-10-27 03:45:09,846 [INFO] PluginManager:217 - loadIPPluginJar : add resmgrutility
2022-10-27 03:45:09,848 [INFO] IPUIPlugin:79 - create IPUIPlugin
2022-10-27 03:45:09,848 [INFO] PluginManager:217 - loadIPPluginJar : add sai
2022-10-27 03:45:09,851 [INFO] IPUIPlugin:79 - create IPUIPlugin
2022-10-27 03:45:09,851 [INFO] PluginManager:217 - loadIPPluginJar : add spi
2022-10-27 03:45:09,854 [INFO] IPUIPlugin:79 - create IPUIPlugin
2022-10-27 03:45:09,854 [INFO] PluginManager:217 - loadIPPluginJar : add stm32_wpan
2022-10-27 03:45:09,856 [INFO] IPUIPlugin:79 - create IPUIPlugin
2022-10-27 03:45:09,856 [INFO] PluginManager:217 - loadIPPluginJar : add tim
2022-10-27 03:45:09,858 [INFO] IPUIPlugin:79 - create IPUIPlugin
2022-10-27 03:45:09,859 [INFO] PluginManager:217 - loadIPPluginJar : add touchsensing
2022-10-27 03:45:09,860 [INFO] IPUIPlugin:79 - create IPUIPlugin
2022-10-27 03:45:09,860 [INFO] PluginManager:217 - loadIPPluginJar : add tracer_emb
2022-10-27 03:45:09,862 [INFO] IPUIPlugin:79 - create IPUIPlugin
2022-10-27 03:45:09,862 [INFO] PluginManager:217 - loadIPPluginJar : add ts
2022-10-27 03:45:09,864 [INFO] IPUIPlugin:79 - create IPUIPlugin
2022-10-27 03:45:09,864 [INFO] PluginManager:217 - loadIPPluginJar : add tsc
2022-10-27 03:45:09,866 [INFO] IPUIPlugin:79 - create IPUIPlugin
2022-10-27 03:45:09,866 [INFO] PluginManager:217 - loadIPPluginJar : add ucpd
2022-10-27 03:45:09,868 [INFO] IPUIPlugin:79 - create IPUIPlugin
2022-10-27 03:45:09,868 [INFO] PluginManager:217 - loadIPPluginJar : add usart
2022-10-27 03:45:09,870 [INFO] IPUIPlugin:79 - create IPUIPlugin
2022-10-27 03:45:09,871 [INFO] PluginManager:217 - loadIPPluginJar : add usbx
2022-10-27 03:45:10,168 [FATAL] Updater:301 - Updater called before beeing initialized
2022-10-27 03:45:10,288 [FATAL] Updater:301 - Updater called before beeing initialized
2022-10-27 03:45:10,294 [INFO] DbMcusAds:52 - JSON generation date=Thu Sep 30 09:56:37 MSK 2021 (1632984997303)
2022-10-27 03:45:10,294 [FATAL] Updater:301 - Updater called before beeing initialized
2022-10-27 03:45:10,374 [WARN] DetailPanel:344 - Failed to get advertising image, set to default
2022-10-27 03:45:10,515 [FATAL] Updater:301 - Updater called before beeing initialized
2022-10-27 03:45:10,517 [FATAL] Updater:301 - Updater called before beeing initialized
2022-10-27 03:45:10,517 [FATAL] Updater:301 - Updater called before beeing initialized
2022-10-27 03:45:10,517 [WARN] DetailPanel:344 - Failed to get advertising image, set to default
2022-10-27 03:45:10,518 [FATAL] Updater:301 - Updater called before beeing initialized
2022-10-27 03:45:10,558 [ERROR] Updater:1105 - MainUpdater not yet initialized. External WinMGr cannot be set.
2022-10-27 03:45:10,559 [INFO] Updater:1041 - Updater Version found : 6.6.1
2022-10-27 03:45:10,571 [INFO] ApplicationProperties:181 - Using Application install path: C:\ST\STM32CubeIDE_1.9.0\STM32CubeIDE\plugins\com.st.stm32cube.common.mx_6.6.1.202207061420
2022-10-27 03:45:11,124 [INFO] MainUpdater:2768 - connection check result : 10
2022-10-27 03:45:11,124 [INFO] MainUpdater:280 - Updater Check For Update Now.
2022-10-27 03:45:11,124 [INFO] MicroXplorer:481 - Change Database Version : DB.6.0.60
2022-10-27 03:45:11,271 [INFO] CheckServerUpdateThread:119 - End of CheckServer Thread
2022-10-27 03:45:11,331 [INFO] MainUpdater:2768 - connection check result : 10
2022-10-27 03:45:11,535 [INFO] McuFinderGlobals:57 - Set McuFinderConnectedMode to true
2022-10-27 03:45:11,543 [INFO] MultiScanPanel:195 - Auto-refresh data requested => check proxy status ongoing
2022-10-27 03:45:11,546 [INFO] FinderPluginLoader:92 - Searching for filters in installed packs
2022-10-27 03:45:11,665 [INFO] ApiDb:576 - Connected to CubeFinder SQLite database (C:\Users\Zver\.stmcufinder\plugins\mcufinder\mcu\cube-finder-db.db)
2022-10-27 03:45:11,684 [INFO] ApiDb:663 - CubeFinder database Data Model version=2.1
2022-10-27 03:45:11,684 [INFO] ApiDb:664 - CubeFinder database Configuration version=3.0.32
2022-10-27 03:45:11,684 [INFO] ApiDb:665 - CubeFinder database generation date=2022-08-05 (1659688109)
2022-10-27 03:45:11,685 [INFO] ApiDb:666 - CubeFinder database FW Pack versions=[STM32Cube_FW_C0_V1.0.0, STM32Cube_FW_F4_V1.27.1, STM32Cube_FW_F7_V1.17.0, STM32Cube_FW_G0_V1.6.1, STM32Cube_FW_G4_V1.5.0, STM32Cube_FW_H7_V1.10.0, STM32Cube_FW_L5_V1.4.0, STM32Cube_FW_U5_V1.1.1, STM32Cube_FW_WB_V1.14.1, STM32Cube_FW_WL_V1.2.0, X-CUBE-ALGOBUILD_V1.3.0, X-CUBE-ALS_V1.0.1, X-CUBE-AZRTOS-F4_V1.1.0, X-CUBE-AZRTOS-F7_V1.1.0, X-CUBE-AZRTOS-G0_V1.1.0, X-CUBE-AZRTOS-G4_V1.0.0, X-CUBE-AZRTOS-H7_V2.1.0, X-CUBE-AZRTOS-L4_V1.0.0, X-CUBE-AZRTOS-L5_V1.0.0, X-CUBE-AZRTOS-WL_V1.0.0, X-CUBE-BLE1_V6.2.3, X-CUBE-BLE2_V3.3.0, X-CUBE-EEPRMA1_V3.1.1, X-CUBE-GNSS1_V6.0.0, X-CUBE-MEMS1_V9.1.0, X-CUBE-MEMS1_V9.3.0, X-CUBE-NFC4_V2.0.4, X-CUBE-NFC7_V1.0.0, X-CUBE-SFXS2LP1_V4.0.0, X-CUBE-SUBG2_V5.0.0]
2022-10-27 03:45:12,141 [WARN] PackLoader:242 - Cannot read IP mode file for wolfSSL.I-CUBE-wolfSSL.5.2.0
2022-10-27 03:45:12,153 [WARN] PackLoader:242 - Cannot read IP mode file for STMicroelectronics.X-CUBE-GNSS1.6.0.0
2022-10-27 03:45:12,184 [WARN] PackLoader:242 - Cannot read IP mode file for STMicroelectronics.X-CUBE-AZRTOS-F4.1.1.0
2022-10-27 03:45:12,202 [WARN] PackLoader:242 - Cannot read IP mode file for STMicroelectronics.X-CUBE-BLEMGR.1.2.0
2022-10-27 03:45:12,230 [WARN] PackLoader:242 - Cannot read IP mode file for STMicroelectronics.X-CUBE-AZRTOS-F7.1.1.0
2022-10-27 03:45:12,237 [WARN] PackLoader:242 - Cannot read IP mode file for STMicroelectronics.X-CUBE-AI.7.1.0
2022-10-27 03:45:12,243 [WARN] PackLoader:242 - Cannot read IP mode file for STMicroelectronics.X-CUBE-BLE1.6.2.3
2022-10-27 03:45:12,247 [WARN] PackLoader:242 - Cannot read IP mode file for STMicroelectronics.X-CUBE-BLE1.6.2.2
2022-10-27 03:45:12,268 [WARN] PackLoader:242 - Cannot read IP mode file for STMicroelectronics.X-CUBE-NFC4.2.0.4
2022-10-27 03:45:12,277 [WARN] PackLoader:242 - Cannot read IP mode file for STMicroelectronics.X-CUBE-BLE2.3.2.2
2022-10-27 03:45:12,282 [WARN] PackLoader:242 - Cannot read IP mode file for STMicroelectronics.X-CUBE-NFC4.2.0.3
2022-10-27 03:45:12,297 [WARN] PackLoader:242 - Cannot read IP mode file for STMicroelectronics.X-CUBE-TOF1.3.1.0
2022-10-27 03:45:12,316 [WARN] PackLoader:242 - Cannot read IP mode file for STMicroelectronics.X-CUBE-SFXS2LP1.3.1.0
2022-10-27 03:45:12,359 [WARN] PackLoader:242 - Cannot read IP mode file for STMicroelectronics.X-CUBE-AZRTOS-F4.1.0.0
2022-10-27 03:45:12,369 [WARN] PackLoader:242 - Cannot read IP mode file for STMicroelectronics.X-CUBE-NFC7.1.0.0
2022-10-27 03:45:12,381 [WARN] PackLoader:242 - Cannot read IP mode file for STMicroelectronics.X-CUBE-SUBG2.4.2.0
2022-10-27 03:45:12,422 [WARN] PackLoader:242 - Cannot read IP mode file for STMicroelectronics.X-CUBE-MEMS1.9.3.0
2022-10-27 03:45:12,607 [WARN] PackLoader:242 - Cannot read IP mode file for STMicroelectronics.X-CUBE-AI.7.2.0
2022-10-27 03:45:12,620 [WARN] PackLoader:242 - Cannot read IP mode file for STMicroelectronics.X-CUBE-AZRTOS-G0.1.0.0
2022-10-27 03:45:12,627 [WARN] PackLoader:242 - Cannot read IP mode file for STMicroelectronics.X-CUBE-SFXS2LP1.4.0.0
2022-10-27 03:45:12,630 [WARN] PackLoader:242 - Cannot read IP mode file for STMicroelectronics.X-CUBE-BLE2.3.3.0
2022-10-27 03:45:12,641 [WARN] PackLoader:242 - Cannot read IP mode file for STMicroelectronics.X-CUBE-DISPLAY.2.2.0
2022-10-27 03:45:12,652 [WARN] PackLoader:242 - Cannot read IP mode file for STMicroelectronics.X-CUBE-TOF1.3.2.0
2022-10-27 03:45:12,663 [WARN] PackLoader:242 - Cannot read IP mode file for STMicroelectronics.X-CUBE-TOUCHGFX.4.18.1
2022-10-27 03:45:12,666 [WARN] PackLoader:242 - Cannot read IP mode file for STMicroelectronics.X-CUBE-ISPU.1.0.0
2022-10-27 03:45:12,675 [WARN] PackLoader:242 - Cannot read IP mode file for RoweBots.I-CUBE-UNISONRTOS.5.5.0-4
2022-10-27 03:45:12,690 [WARN] PackLoader:242 - Cannot read IP mode file for STMicroelectronics.X-CUBE-AZRTOS-H7.2.1.0
2022-10-27 03:45:12,699 [WARN] PackLoader:242 - Cannot read IP mode file for STMicroelectronics.X-CUBE-BLEMGR.1.0.0
2022-10-27 03:45:12,712 [WARN] PackLoader:242 - Cannot read IP mode file for STMicroelectronics.X-CUBE-ALGOBUILD.1.3.0
2022-10-27 03:45:12,741 [WARN] PackLoader:242 - Cannot read IP mode file for STMicroelectronics.X-CUBE-AZRTOS-G0.1.1.0
2022-10-27 03:45:12,751 [WARN] PackLoader:242 - Cannot read IP mode file for STMicroelectronics.X-CUBE-SUBG2.5.0.0
2022-10-27 03:45:12,793 [WARN] PackLoader:242 - Cannot read IP mode file for SEGGER.I-CUBE-embOS.1.2.0
2022-10-27 03:45:12,823 [WARN] PackLoader:242 - Cannot read IP mode file for STMicroelectronics.FP-ATR-ASTRA1.1.1.1
2022-10-27 03:45:12,841 [WARN] PackLoader:242 - Cannot read IP mode file for STMicroelectronics.X-CUBE-AZRTOS-H7.2.0.0
2022-10-27 03:45:12,854 [WARN] PackLoader:242 - Cannot read IP mode file for STMicroelectronics.X-CUBE-AZRTOS-G4.1.0.0
2022-10-27 03:45:12,860 [WARN] PackLoader:242 - Cannot read IP mode file for STMicroelectronics.FP-ATR-SIGFOX1.3.2.0
2022-10-27 03:45:12,876 [WARN] PackLoader:242 - Cannot read IP mode file for STMicroelectronics.X-CUBE-AZRTOS-L4.1.0.0
2022-10-27 03:45:12,883 [WARN] PackLoader:242 - Cannot read IP mode file for emotas.I-CUBE-CANOPEN.1.1.2
2022-10-27 03:45:12,887 [WARN] PackLoader:242 - Cannot read IP mode file for STMicroelectronics.X-CUBE-TOUCHGFX.4.20.0
2022-10-27 03:45:12,908 [WARN] PackLoader:242 - Cannot read IP mode file for STMicroelectronics.X-CUBE-AZRTOS-F7.1.0.0
2022-10-27 03:45:12,919 [WARN] PackLoader:242 - Cannot read IP mode file for STMicroelectronics.X-CUBE-AZRTOS-WL.1.0.0
2022-10-27 03:45:12,948 [WARN] PackLoader:242 - Cannot read IP mode file for STMicroelectronics.X-CUBE-MEMS1.9.1.0
2022-10-27 03:45:13,035 [WARN] PackLoader:242 - Cannot read IP mode file for portGmbH.I-Cube-SoM-uGOAL.1.1.0
2022-10-27 03:45:13,039 [WARN] PackLoader:242 - Cannot read IP mode file for STMicroelectronics.X-CUBE-ALS.1.0.1
2022-10-27 03:45:13,056 [WARN] PackLoader:242 - Cannot read IP mode file for STMicroelectronics.X-CUBE-AZRTOS-L5.1.0.0
2022-10-27 03:45:13,064 [WARN] PackLoader:242 - Cannot read IP mode file for STMicroelectronics.X-CUBE-EEPRMA1.3.1.1
2022-10-27 03:45:13,069 [WARN] PackLoader:242 - Cannot read IP mode file for STMicroelectronics.X-CUBE-GNSS1.5.2.0
2022-10-27 03:45:13,072 [WARN] PackLoader:242 - Cannot read IP mode file for STMicroelectronics.X-CUBE-DISPLAY.2.0.1
2022-10-27 03:45:13,079 [WARN] PackLoader:242 - Cannot read IP mode file for STMicroelectronics.X-CUBE-TOF1.3.0.0
2022-10-27 03:45:13,082 [INFO] ThirdParty:929 - Integrity check success = true
2022-10-27 03:45:13,082 [INFO] IntegrityCheckThread:98 - exiting critical section [integrity check]
2022-10-27 03:45:13,082 [INFO] IntegrityCheckThread:101 - End integrity checks thread
2022-10-27 03:45:13,471 [INFO] ApiDb:239 - Found 138 in-development CPN: [B-WB1M-WPAN1, NUCLEO-C031C6, STEVAL-STWINBX1, STM320518-EVAL, STM32C0116-DK, STM32C011D6Y3TR, STM32C011D6Y6TR, STM32C011F4P3, STM32C011F4P6, STM32C011F4U3, STM32C011F4U6TR, STM32C011F6P3, STM32C011F6P6, STM32C011F6U3, STM32C011F6U6TR, STM32C011J4M3, STM32C011J4M6, STM32C011J6M3, STM32C011J6M6, STM32C0316-DK, STM32C031C4T3, STM32C031C4T6, STM32C031C4U3, STM32C031C4U6, STM32C031C6T3, STM32C031C6T6, STM32C031C6U3, STM32C031C6U6, STM32C031F4P3, STM32C031F4P6, STM32C031F6P3, STM32C031F6P6, STM32C031G4U3, STM32C031G4U6, STM32C031G6U3, STM32C031G6U6, STM32C031K4T3, STM32C031K4T6, STM32C031K4U3, STM32C031K4U6, STM32C031K6T3, STM32C031K6T6, STM32C031K6U3, STM32C031K6U6, STM32G071K8TXN, STM32G071K8UXN, STM32G081GBU6N, STM32G081KBT6N, STM32G081KBUXN, STM32G0B1CCT6N, STM32G0B1KCT6, STM32G0B1NEY6TR, STM32G0B1RCT6N, STM32G0C1CCT6, STM32G0C1CCT6N, STM32G0C1CCU6N, STM32G0C1CET6N, STM32G0C1CEU6N, STM32G0C1KCT6, STM32G0C1NEY6TR, STM32G0C1RCI6N, STM32G0C1RCT6N, STM32G0C1REI6N, STM32G0C1RET6N, STM32G0C1VCI6, STM32G0C1VEI6, STM32G471CCT6, STM32G471CCU6, STM32G471CET3, STM32G471CET6, STM32G471CEU3, STM32G471CEU6, STM32G471MCT6, STM32G471MET3, STM32G471MET6, STM32G471MEY6TR, STM32G471QCT6, STM32G471QET3, STM32G471RCT6, STM32G471RET3, STM32G471RET6, STM32G471VCH6, STM32G471VCI6, STM32G471VCT6, STM32G471VEH3, STM32G471VEH6, STM32G471VEI3, STM32G471VEI6, STM32G471VET3, STM32G471VET6, STM32G474CCT6, STM32L476VGY6PTR, STM32L4R5QGI6STR, STM32MP131AAE3, STM32MP131AAF3, STM32MP131AAG3, STM32MP131CAE3, STM32MP131CAF3, STM32MP131CAG3, STM32MP131DAE7, STM32MP131DAF7, STM32MP131DAG7, STM32MP131FAE7, STM32MP131FAF7, STM32MP131FAG7, STM32MP133AAE3, STM32MP133AAF3, STM32MP133AAG3, STM32MP133CAE3, STM32MP133CAF3, STM32MP133CAG3, STM32MP133DAE7, STM32MP133DAF7, STM32MP133DAG7, STM32MP133FAE7, STM32MP133FAF7, STM32MP133FAG7, STM32MP135AAE3, STM32MP135AAF3, STM32MP135AAG3, STM32MP135CAE3, STM32MP135CAF3, STM32MP135CAG3, STM32MP135DAE7, STM32MP135DAF7, STM32MP135DAG7, STM32MP135F-DK, STM32MP135FAE7, STM32MP135FAF7, STM32MP135FAG7, STM32U595ZJT6Q, STM32U599BJY6QTR, STM32U599NIH6Q, STM32U599NJH6Q, STM32U5A5ZJT6Q, STM32U5A9BJY6QTR, STM32U5A9NJH6Q, STM32WB1MMCH6]
2022-10-27 03:45:13,475 [INFO] DbMcus:215 - Found 3542 MCUs, 3542 are supported
2022-10-27 03:45:13,477 [INFO] ApiDb:418 - Load user favorites file C:\Users\Zver/.stm32cubeide/favorites.mcus.txt: 1 item(s)
2022-10-27 03:45:13,477 [INFO] ApiDb:422 - User favorites MCUs=[STM32F103C8T6]
2022-10-27 03:45:13,477 [INFO] DbMcus:221 - Set 1 / 1 favorites MCUs
2022-10-27 03:45:14,538 [INFO] LoadUrlFilesThread:177 - End of LoadServerUrlFiles without Thread
2022-10-27 03:45:14,550 [INFO] DetailPanel:339 - Set advertising image to C:/Users/Zver/STM32Cube/Repository/\en.Prom_NBSTM32U50921.jpg
2022-10-27 03:45:15,116 [INFO] MultiScanPanel:778 - Auto Refresh Data is not needed
2022-10-27 03:45:15,123 [INFO] ApiDb:663 - CubeFinder database Data Model version=2.1
2022-10-27 03:45:15,124 [INFO] ApiDb:664 - CubeFinder database Configuration version=3.0.32
2022-10-27 03:45:15,124 [INFO] ApiDb:665 - CubeFinder database generation date=2022-08-05 (1659688109)
2022-10-27 03:45:15,124 [INFO] ApiDb:666 - CubeFinder database FW Pack versions=[STM32Cube_FW_C0_V1.0.0, STM32Cube_FW_F4_V1.27.1, STM32Cube_FW_F7_V1.17.0, STM32Cube_FW_G0_V1.6.1, STM32Cube_FW_G4_V1.5.0, STM32Cube_FW_H7_V1.10.0, STM32Cube_FW_L5_V1.4.0, STM32Cube_FW_U5_V1.1.1, STM32Cube_FW_WB_V1.14.1, STM32Cube_FW_WL_V1.2.0, X-CUBE-ALGOBUILD_V1.3.0, X-CUBE-ALS_V1.0.1, X-CUBE-AZRTOS-F4_V1.1.0, X-CUBE-AZRTOS-F7_V1.1.0, X-CUBE-AZRTOS-G0_V1.1.0, X-CUBE-AZRTOS-G4_V1.0.0, X-CUBE-AZRTOS-H7_V2.1.0, X-CUBE-AZRTOS-L4_V1.0.0, X-CUBE-AZRTOS-L5_V1.0.0, X-CUBE-AZRTOS-WL_V1.0.0, X-CUBE-BLE1_V6.2.3, X-CUBE-BLE2_V3.3.0, X-CUBE-EEPRMA1_V3.1.1, X-CUBE-GNSS1_V6.0.0, X-CUBE-MEMS1_V9.1.0, X-CUBE-MEMS1_V9.3.0, X-CUBE-NFC4_V2.0.4, X-CUBE-NFC7_V1.0.0, X-CUBE-SFXS2LP1_V4.0.0, X-CUBE-SUBG2_V5.0.0]
2022-10-27 03:45:15,169 [INFO] DbBoardsSqlite:227 - include board P-NUCLEO-WB55-NUCLEO as a kit item of type 'Nucleo-64'
2022-10-27 03:45:15,169 [INFO] DbBoardsSqlite:227 - include board P-NUCLEO-WB55-USBDONGLE as a kit item of type 'Nucleo USB Dongle'
2022-10-27 03:45:15,170 [INFO] DbBoardsSqlite:227 - include board STEVAL-IDP005V1 as a kit item of type 'Evaluation Board'
2022-10-27 03:45:15,170 [INFO] DbBoardsSqlite:227 - include board STEVAL-IDP005V2 as a kit item of type 'Evaluation Board'
2022-10-27 03:45:15,177 [INFO] ApiDb:239 - Found 138 in-development CPN: [B-WB1M-WPAN1, NUCLEO-C031C6, STEVAL-STWINBX1, STM320518-EVAL, STM32C0116-DK, STM32C011D6Y3TR, STM32C011D6Y6TR, STM32C011F4P3, STM32C011F4P6, STM32C011F4U3, STM32C011F4U6TR, STM32C011F6P3, STM32C011F6P6, STM32C011F6U3, STM32C011F6U6TR, STM32C011J4M3, STM32C011J4M6, STM32C011J6M3, STM32C011J6M6, STM32C0316-DK, STM32C031C4T3, STM32C031C4T6, STM32C031C4U3, STM32C031C4U6, STM32C031C6T3, STM32C031C6T6, STM32C031C6U3, STM32C031C6U6, STM32C031F4P3, STM32C031F4P6, STM32C031F6P3, STM32C031F6P6, STM32C031G4U3, STM32C031G4U6, STM32C031G6U3, STM32C031G6U6, STM32C031K4T3, STM32C031K4T6, STM32C031K4U3, STM32C031K4U6, STM32C031K6T3, STM32C031K6T6, STM32C031K6U3, STM32C031K6U6, STM32G071K8TXN, STM32G071K8UXN, STM32G081GBU6N, STM32G081KBT6N, STM32G081KBUXN, STM32G0B1CCT6N, STM32G0B1KCT6, STM32G0B1NEY6TR, STM32G0B1RCT6N, STM32G0C1CCT6, STM32G0C1CCT6N, STM32G0C1CCU6N, STM32G0C1CET6N, STM32G0C1CEU6N, STM32G0C1KCT6, STM32G0C1NEY6TR, STM32G0C1RCI6N, STM32G0C1RCT6N, STM32G0C1REI6N, STM32G0C1RET6N, STM32G0C1VCI6, STM32G0C1VEI6, STM32G471CCT6, STM32G471CCU6, STM32G471CET3, STM32G471CET6, STM32G471CEU3, STM32G471CEU6, STM32G471MCT6, STM32G471MET3, STM32G471MET6, STM32G471MEY6TR, STM32G471QCT6, STM32G471QET3, STM32G471RCT6, STM32G471RET3, STM32G471RET6, STM32G471VCH6, STM32G471VCI6, STM32G471VCT6, STM32G471VEH3, STM32G471VEH6, STM32G471VEI3, STM32G471VEI6, STM32G471VET3, STM32G471VET6, STM32G474CCT6, STM32L476VGY6PTR, STM32L4R5QGI6STR, STM32MP131AAE3, STM32MP131AAF3, STM32MP131AAG3, STM32MP131CAE3, STM32MP131CAF3, STM32MP131CAG3, STM32MP131DAE7, STM32MP131DAF7, STM32MP131DAG7, STM32MP131FAE7, STM32MP131FAF7, STM32MP131FAG7, STM32MP133AAE3, STM32MP133AAF3, STM32MP133AAG3, STM32MP133CAE3, STM32MP133CAF3, STM32MP133CAG3, STM32MP133DAE7, STM32MP133DAF7, STM32MP133DAG7, STM32MP133FAE7, STM32MP133FAF7, STM32MP133FAG7, STM32MP135AAE3, STM32MP135AAF3, STM32MP135AAG3, STM32MP135CAE3, STM32MP135CAF3, STM32MP135CAG3, STM32MP135DAE7, STM32MP135DAF7, STM32MP135DAG7, STM32MP135F-DK, STM32MP135FAE7, STM32MP135FAF7, STM32MP135FAG7, STM32U595ZJT6Q, STM32U599BJY6QTR, STM32U599NIH6Q, STM32U599NJH6Q, STM32U5A5ZJT6Q, STM32U5A9BJY6QTR, STM32U5A9NJH6Q, STM32WB1MMCH6]
2022-10-27 03:45:15,281 [INFO] BoardInfo:879 - No configuration file found for board P-NUCLEO-WB55
2022-10-27 03:45:15,281 [INFO] DbBoards:156 - Kit is not supported: P-NUCLEO-WB55
2022-10-27 03:45:15,285 [INFO] BoardInfo:879 - No configuration file found for board STEVAL-BFA001V1B
2022-10-27 03:45:15,285 [INFO] DbBoards:156 - Kit is not supported: STEVAL-BFA001V1B
2022-10-27 03:45:15,286 [INFO] BoardInfo:879 - No configuration file found for board STEVAL-BFA001V2B
2022-10-27 03:45:15,287 [INFO] DbBoards:156 - Kit is not supported: STEVAL-BFA001V2B
2022-10-27 03:45:15,421 [INFO] DbBoards:160 - Found 176 boards, 173 are supported
2022-10-27 03:45:15,425 [INFO] ApiDb:418 - Load user favorites file C:\Users\Zver/.stm32cubeide/favorites.boards.txt: 0 item(s)
2022-10-27 03:45:15,425 [INFO] ApiDb:422 - User favorites Boards=[]
2022-10-27 03:45:15,425 [INFO] DbBoards:189 - Set 0 / 0 favorites Boards
2022-10-27 03:45:28,031 [ERROR] LogOutputStream:74 - [STDERR_REDIRECT] SLF4J: Failed to load class "org.slf4j.impl.StaticLoggerBinder".
2022-10-27 03:45:28,032 [ERROR] LogOutputStream:74 - [STDERR_REDIRECT] SLF4J: Defaulting to no-operation (NOP) logger implementation
2022-10-27 03:45:28,035 [ERROR] LogOutputStream:74 - [STDERR_REDIRECT] SLF4J: See http://www.slf4j.org/codes.html#StaticLoggerBinder for further details.
2022-10-27 03:45:28,718 [INFO] MainUpdater:2768 - connection check result : 10
2022-10-27 03:45:28,719 [INFO] MainUpdater:2768 - connection check result : 10
2022-10-27 03:45:28,736 [INFO] MicroXplorer:451 - Change Database Path : 
2022-10-27 03:45:28,736 [INFO] MicroXplorer:481 - Change Database Version : DB.6.0.60
2022-10-27 03:45:28,738 [WARN] ThirdParty:827 - waiting for thirdparty lock release [close project]
2022-10-27 03:45:28,739 [INFO] ThirdParty:829 - entering critical section [close project]
2022-10-27 03:45:28,740 [INFO] ThirdParty:839 - exiting critical section [close project]
2022-10-27 03:45:28,746 [INFO] PinOutPanel:1468 - setPackage(No Configuration,No Configuration)
2022-10-27 03:45:28,750 [INFO] UtilMem:74 - Begin LoadConfig() Used Memory: 241489184 Bytes (457179136)
2022-10-27 03:45:28,751 [INFO] MicroXplorer:451 - Change Database Path : 
2022-10-27 03:45:28,751 [INFO] MicroXplorer:481 - Change Database Version : DB.6.0.60
2022-10-27 03:45:28,751 [INFO] OpenFileManager:307 - Change cursor
2022-10-27 03:45:28,794 [INFO] Mcu:1922 - Initializing MCU STM32F103C8Tx STM32F103C8Tx 
2022-10-27 03:45:28,795 [INFO] Mcu:1935 - No CPN specified => set CPN to STM32F103C8T6
2022-10-27 03:45:29,523 [INFO] Context:654 - Trying to add GPIOservice into a context  which must be forbidden
2022-10-27 03:45:29,717 [INFO] ImportTextPane:193 - (OptionalMessage_ERROR) Unable to find key (Mcu.ThirdPartyNb) in loaded IOC file
2022-10-27 03:45:29,717 [INFO] ImportTextPane:193 - (OptionalMessage_ERROR) Unable to find key (Mcu.PinsNb) in loaded IOC file
2022-10-27 03:45:29,717 [INFO] ImportTextPane:193 - (OptionalMessage_ERROR) Unable to find key (Mcu.IPNb) in loaded IOC file
2022-10-27 03:45:29,775 [WARN] ApiManager:308 - Cannot register API 'Board Extension:GNSS1A1' from pack STMicroelectronics.X-CUBE-GNSS1.6.0.0: no header file found
2022-10-27 03:45:29,775 [WARN] ApiManager:308 - Cannot register API 'Board Support:Custom' from pack STMicroelectronics.X-CUBE-GNSS1.6.0.0: no header file found
2022-10-27 03:45:29,775 [WARN] ApiManager:308 - Cannot register API 'Data Exchange:lib_gnss' from pack STMicroelectronics.X-CUBE-GNSS1.6.0.0: no header file found
2022-10-27 03:45:29,790 [WARN] ApiManager:308 - Cannot register API 'Wireless:BlueNRG-MS' from pack STMicroelectronics.X-CUBE-BLE1.6.2.3: no header file found
2022-10-27 03:45:29,792 [INFO] RtosManager:488 - Registered RTOS mode: class=CMSIS, group=RTOS, mode=CMSIS_V1, owner=FREERTOS
2022-10-27 03:45:29,792 [INFO] RtosManager:488 - Registered RTOS mode: class=CMSIS, group=RTOS2, mode=CMSIS_V2, owner=FREERTOS
2022-10-27 03:45:29,792 [INFO] RtosManager:488 - Registered RTOS mode: class=RTOS, group=Core, mode=CMSIS_V1, owner=FREERTOS
2022-10-27 03:45:29,792 [INFO] RtosManager:488 - Registered RTOS mode: class=RTOS, group=Core, mode=CMSIS_V2, owner=FREERTOS
2022-10-27 03:45:29,793 [WARN] ModelIntegratedComponent:185 - Missing modes for component STMicroelectronics:FreeRTOS:0.0.1:STMicroelectronics:RTOS:FreeRTOS:Core:::10.2.0:
2022-10-27 03:45:29,798 [WARN] ApiManager:308 - Cannot register API 'Board Extension:S2868A1' from pack STMicroelectronics.X-CUBE-SUBG2.5.0.0: no header file found
2022-10-27 03:45:29,798 [WARN] ApiManager:308 - Cannot register API 'Board Extension:S2868A2' from pack STMicroelectronics.X-CUBE-SUBG2.5.0.0: no header file found
2022-10-27 03:45:29,798 [WARN] ApiManager:308 - Cannot register API 'Board Extension:S2915A1' from pack STMicroelectronics.X-CUBE-SUBG2.5.0.0: no header file found
2022-10-27 03:45:29,803 [WARN] ApiManager:308 - Cannot register API 'Wireless:BlueNRG-MS' from pack STMicroelectronics.X-CUBE-BLE1.6.2.2: no header file found
2022-10-27 03:45:29,804 [WARN] ApiManager:308 - Cannot register API 'Board Extension:NFC04A1' from pack STMicroelectronics.X-CUBE-NFC4.2.0.4: no header file found
2022-10-27 03:45:29,804 [WARN] ApiManager:308 - Cannot register API 'Wireless:BlueNRG-2' from pack STMicroelectronics.X-CUBE-BLE2.3.2.2: no header file found
2022-10-27 03:45:29,805 [WARN] ApiManager:308 - Cannot register API 'Board Extension:NFC04A1' from pack STMicroelectronics.X-CUBE-NFC4.2.0.3: no header file found
2022-10-27 03:45:29,808 [WARN] ApiManager:308 - Cannot register API 'Board Extension:S2868A1' from pack STMicroelectronics.X-CUBE-SFXS2LP1.3.1.0: no header file found
2022-10-27 03:45:29,808 [WARN] ApiManager:308 - Cannot register API 'Board Extension:S2868A2' from pack STMicroelectronics.X-CUBE-SFXS2LP1.3.1.0: no header file found
2022-10-27 03:45:29,808 [WARN] ApiManager:308 - Cannot register API 'Board Extension:S2915A1' from pack STMicroelectronics.X-CUBE-SFXS2LP1.3.1.0: no header file found
2022-10-27 03:45:29,814 [WARN] ModelIntegratedComponent:64 - No mode defined for component null
2022-10-27 03:45:29,814 [WARN] ModelIntegratedComponent:64 - No mode defined for component null
2022-10-27 03:45:29,815 [WARN] ModelIntegratedComponent:64 - No mode defined for component null
2022-10-27 03:45:29,815 [WARN] ModelIntegratedComponent:64 - No mode defined for component null
2022-10-27 03:45:29,815 [WARN] ModelIntegratedComponent:64 - No mode defined for component null
2022-10-27 03:45:29,815 [WARN] ModelIntegratedComponent:64 - No mode defined for component null
2022-10-27 03:45:29,815 [WARN] ModelIntegratedComponent:64 - No mode defined for component null
2022-10-27 03:45:29,815 [WARN] ModelIntegratedComponent:64 - No mode defined for component null
2022-10-27 03:45:29,815 [WARN] ModelIntegratedComponent:64 - No mode defined for component null
2022-10-27 03:45:29,815 [WARN] ModelIntegratedComponent:64 - No mode defined for component null
2022-10-27 03:45:29,815 [WARN] ModelIntegratedComponent:64 - No mode defined for component null
2022-10-27 03:45:29,815 [WARN] ModelIntegratedComponent:64 - No mode defined for component null
2022-10-27 03:45:29,815 [WARN] ModelIntegratedComponent:64 - No mode defined for component null
2022-10-27 03:45:29,815 [WARN] ModelIntegratedComponent:64 - No mode defined for component null
2022-10-27 03:45:29,815 [WARN] ModelIntegratedComponent:64 - No mode defined for component null
2022-10-27 03:45:29,815 [WARN] ModelIntegratedComponent:64 - No mode defined for component null
2022-10-27 03:45:29,815 [WARN] ModelIntegratedComponent:64 - No mode defined for component null
2022-10-27 03:45:29,815 [WARN] ModelIntegratedComponent:64 - No mode defined for component null
2022-10-27 03:45:29,815 [WARN] ModelIntegratedComponent:64 - No mode defined for component null
2022-10-27 03:45:29,815 [WARN] ModelIntegratedComponent:64 - No mode defined for component null
2022-10-27 03:45:29,815 [WARN] ModelIntegratedComponent:64 - No mode defined for component null
2022-10-27 03:45:29,815 [WARN] ModelIntegratedComponent:64 - No mode defined for component null
2022-10-27 03:45:29,816 [WARN] ModelIntegratedComponent:64 - No mode defined for component null
2022-10-27 03:45:29,816 [WARN] ModelIntegratedComponent:64 - No mode defined for component null
2022-10-27 03:45:29,816 [WARN] ModelIntegratedComponent:64 - No mode defined for component null
2022-10-27 03:45:29,816 [WARN] ModelIntegratedComponent:64 - No mode defined for component null
2022-10-27 03:45:29,816 [WARN] ModelIntegratedComponent:64 - No mode defined for component null
2022-10-27 03:45:29,816 [WARN] ModelIntegratedComponent:64 - No mode defined for component null
2022-10-27 03:45:29,816 [WARN] ModelIntegratedComponent:64 - No mode defined for component null
2022-10-27 03:45:29,816 [WARN] ModelIntegratedComponent:64 - No mode defined for component null
2022-10-27 03:45:29,816 [WARN] ModelIntegratedComponent:64 - No mode defined for component null
2022-10-27 03:45:29,816 [WARN] ModelIntegratedComponent:64 - No mode defined for component null
2022-10-27 03:45:29,816 [WARN] ModelIntegratedComponent:64 - No mode defined for component null
2022-10-27 03:45:29,818 [WARN] ApiManager:308 - Cannot register API 'Board Extension:NFC07A1' from pack STMicroelectronics.X-CUBE-NFC7.1.0.0: no header file found
2022-10-27 03:45:29,822 [WARN] ApiManager:308 - Cannot register API 'Board Extension:S2868A1' from pack STMicroelectronics.X-CUBE-SUBG2.4.2.0: no header file found
2022-10-27 03:45:29,822 [WARN] ApiManager:308 - Cannot register API 'Board Extension:S2868A2' from pack STMicroelectronics.X-CUBE-SUBG2.4.2.0: no header file found
2022-10-27 03:45:29,822 [WARN] ApiManager:308 - Cannot register API 'Board Extension:S2915A1' from pack STMicroelectronics.X-CUBE-SUBG2.4.2.0: no header file found
2022-10-27 03:45:29,905 [WARN] ApiManager:308 - Cannot register API 'Board Extension:IKS01A3' from pack STMicroelectronics.X-CUBE-MEMS1.9.1.0: no header file found
2022-10-27 03:45:29,905 [WARN] ApiManager:308 - Cannot register API 'Board Extension:IKS01A2' from pack STMicroelectronics.X-CUBE-MEMS1.9.1.0: no header file found
2022-10-27 03:45:29,905 [WARN] ApiManager:308 - Cannot register API 'Board Extension:IKS02A1' from pack STMicroelectronics.X-CUBE-MEMS1.9.1.0: no header file found
2022-10-27 03:45:29,967 [WARN] ApiManager:308 - Cannot register API 'Board Extension:IKS01A3' from pack STMicroelectronics.X-CUBE-MEMS1.9.3.0: no header file found
2022-10-27 03:45:29,968 [WARN] ApiManager:308 - Cannot register API 'Board Extension:IKS01A2' from pack STMicroelectronics.X-CUBE-MEMS1.9.3.0: no header file found
2022-10-27 03:45:29,968 [WARN] ApiManager:308 - Cannot register API 'Board Extension:IKS02A1' from pack STMicroelectronics.X-CUBE-MEMS1.9.3.0: no header file found
2022-10-27 03:45:29,974 [WARN] ApiManager:308 - Cannot register API 'Board Extension:EEPRMA1' from pack STMicroelectronics.X-CUBE-EEPRMA1.3.1.1: no header file found
2022-10-27 03:45:29,974 [WARN] ApiManager:308 - Cannot register API 'Board Extension:EEPRMA2' from pack STMicroelectronics.X-CUBE-EEPRMA1.3.1.1: no header file found
2022-10-27 03:45:29,975 [WARN] ApiManager:308 - Cannot register API 'Board Extension:GNSS1A1' from pack STMicroelectronics.X-CUBE-GNSS1.5.2.0: no header file found
2022-10-27 03:45:29,975 [WARN] ApiManager:308 - Cannot register API 'Board Support:Custom' from pack STMicroelectronics.X-CUBE-GNSS1.5.2.0: no header file found
2022-10-27 03:45:29,975 [WARN] ApiManager:308 - Cannot register API 'Data Exchange:lib_gnss' from pack STMicroelectronics.X-CUBE-GNSS1.5.2.0: no header file found
2022-10-27 03:45:29,975 [WARN] ApiManager:308 - Cannot register API 'Board Extension:S2868A1' from pack STMicroelectronics.X-CUBE-SFXS2LP1.4.0.0: no header file found
2022-10-27 03:45:29,976 [WARN] ApiManager:308 - Cannot register API 'Board Extension:S2868A2' from pack STMicroelectronics.X-CUBE-SFXS2LP1.4.0.0: no header file found
2022-10-27 03:45:29,976 [WARN] ApiManager:308 - Cannot register API 'Board Extension:S2915A1' from pack STMicroelectronics.X-CUBE-SFXS2LP1.4.0.0: no header file found
2022-10-27 03:45:29,976 [WARN] ApiManager:308 - Cannot register API 'Wireless:BlueNRG-2' from pack STMicroelectronics.X-CUBE-BLE2.3.3.0: no header file found
2022-10-27 03:45:29,988 [INFO] ThirdPartyModel:289 - Start build external matchings
2022-10-27 03:45:30,702 [INFO] ThirdPartyModel:302 - End build external matchings
2022-10-27 03:45:30,854 [INFO] UtilMem:74 - End LoadConfig() Used Memory: 181615712 Bytes (457179136)
2022-10-27 03:45:30,869 [WARN] ThirdParty:789 - waiting for thirdparty lock release [change project]
2022-10-27 03:45:30,870 [INFO] ThirdParty:791 - entering critical section [change project]
2022-10-27 03:45:30,871 [INFO] ThirdParty:981 - CMSIS Pack Vendor :wolfSSL I-CUBE-wolfSSL 5.2.0
2022-10-27 03:45:30,871 [INFO] ThirdParty:981 - CMSIS Pack Vendor :RoweBots I-CUBE-UNISONRTOS 5.5.0-4
2022-10-27 03:45:30,871 [INFO] ThirdParty:981 - CMSIS Pack Vendor :STMicroelectronics X-CUBE-GNSS1 6.0.0
2022-10-27 03:45:30,871 [INFO] ThirdParty:981 - CMSIS Pack Vendor :STMicroelectronics X-CUBE-AZRTOS-H7 2.1.0
2022-10-27 03:45:30,871 [INFO] ThirdParty:981 - CMSIS Pack Vendor :STMicroelectronics USB_HOST 2.0.0
2022-10-27 03:45:30,871 [INFO] ThirdParty:981 - CMSIS Pack Vendor :STMicroelectronics X-CUBE-AZRTOS-F4 1.1.0
2022-10-27 03:45:30,871 [INFO] ThirdParty:981 - CMSIS Pack Vendor :STMicroelectronics LIBJPEG 8.0.0
2022-10-27 03:45:30,871 [INFO] ThirdParty:981 - CMSIS Pack Vendor :STMicroelectronics USB_DEVICE 3.0.0
2022-10-27 03:45:30,872 [INFO] ThirdParty:981 - CMSIS Pack Vendor :STMicroelectronics X-CUBE-BLEMGR 1.0.0
2022-10-27 03:45:30,872 [INFO] ThirdParty:981 - CMSIS Pack Vendor :STMicroelectronics X-CUBE-BLEMGR 1.2.0
2022-10-27 03:45:30,872 [INFO] ThirdParty:981 - CMSIS Pack Vendor :STMicroelectronics X-CUBE-AZRTOS-F7 1.1.0
2022-10-27 03:45:30,872 [INFO] ThirdParty:981 - CMSIS Pack Vendor :STMicroelectronics USB_DEVICE 2.0.0
2022-10-27 03:45:30,872 [INFO] ThirdParty:981 - CMSIS Pack Vendor :STMicroelectronics X-CUBE-AI 7.1.0
2022-10-27 03:45:30,872 [INFO] ThirdParty:981 - CMSIS Pack Vendor :STMicroelectronics X-CUBE-BLE1 6.2.3
2022-10-27 03:45:30,872 [INFO] ThirdParty:981 - CMSIS Pack Vendor :STMicroelectronics X-CUBE-ALGOBUILD 1.3.0
2022-10-27 03:45:30,872 [INFO] ThirdParty:981 - CMSIS Pack Vendor :STMicroelectronics FreeRTOS 0.0.1
2022-10-27 03:45:30,872 [INFO] ThirdParty:981 - CMSIS Pack Vendor :STMicroelectronics X-CUBE-AZRTOS-G0 1.1.0
2022-10-27 03:45:30,872 [INFO] ThirdParty:981 - CMSIS Pack Vendor :STMicroelectronics X-CUBE-SUBG2 5.0.0
2022-10-27 03:45:30,872 [INFO] ThirdParty:981 - CMSIS Pack Vendor :SEGGER I-CUBE-embOS 1.2.0
2022-10-27 03:45:30,873 [INFO] ThirdParty:981 - CMSIS Pack Vendor :STMicroelectronics STM32_WPAN 1.0.0
2022-10-27 03:45:30,873 [INFO] ThirdParty:981 - CMSIS Pack Vendor :STMicroelectronics lwIP 2.0.3
2022-10-27 03:45:30,873 [INFO] ThirdParty:981 - CMSIS Pack Vendor :STMicroelectronics X-CUBE-BLE1 6.2.2
2022-10-27 03:45:30,873 [INFO] ThirdParty:981 - CMSIS Pack Vendor :STMicroelectronics X-CUBE-NFC4 2.0.4
2022-10-27 03:45:30,873 [INFO] ThirdParty:981 - CMSIS Pack Vendor :STMicroelectronics X-CUBE-BLE2 3.2.2
2022-10-27 03:45:30,873 [INFO] ThirdParty:981 - CMSIS Pack Vendor :STMicroelectronics USB_HOST 1.0.0
2022-10-27 03:45:30,873 [INFO] ThirdParty:981 - CMSIS Pack Vendor :STMicroelectronics X-CUBE-NFC4 2.0.3
2022-10-27 03:45:30,873 [INFO] ThirdParty:981 - CMSIS Pack Vendor :STMicroelectronics PDM2PCM 3.1.0
2022-10-27 03:45:30,873 [INFO] ThirdParty:981 - CMSIS Pack Vendor :STMicroelectronics FP-ATR-ASTRA1 1.1.1
2022-10-27 03:45:30,873 [INFO] ThirdParty:981 - CMSIS Pack Vendor :STMicroelectronics PDM2PCM 3.3.0
2022-10-27 03:45:30,873 [INFO] ThirdParty:981 - CMSIS Pack Vendor :STMicroelectronics X-CUBE-TOF1 3.1.0
2022-10-27 03:45:30,874 [INFO] ThirdParty:981 - CMSIS Pack Vendor :STMicroelectronics X-CUBE-SFXS2LP1 3.1.0
2022-10-27 03:45:30,874 [INFO] ThirdParty:981 - CMSIS Pack Vendor :STMicroelectronics X-CUBE-AZRTOS-F4 1.0.0
2022-10-27 03:45:30,874 [INFO] ThirdParty:981 - CMSIS Pack Vendor :STMicroelectronics X-CUBE-AZRTOS-H7 2.0.0
2022-10-27 03:45:30,874 [INFO] ThirdParty:981 - CMSIS Pack Vendor :STMicroelectronics X-CUBE-AZRTOS-G4 1.0.0
2022-10-27 03:45:30,874 [INFO] ThirdParty:981 - CMSIS Pack Vendor :STMicroelectronics FP-ATR-SIGFOX1 3.2.0
2022-10-27 03:45:30,874 [INFO] ThirdParty:981 - CMSIS Pack Vendor :STMicroelectronics X-CUBE-AZRTOS-L4 1.0.0
2022-10-27 03:45:30,874 [INFO] ThirdParty:981 - CMSIS Pack Vendor :STMicroelectronics HAL Drivers 0.0.0
2022-10-27 03:45:30,874 [INFO] ThirdParty:981 - CMSIS Pack Vendor :STMicroelectronics MBEDTLS 2.16.2
2022-10-27 03:45:30,874 [INFO] ThirdParty:981 - CMSIS Pack Vendor :emotas I-CUBE-CANOPEN 1.1.2
2022-10-27 03:45:30,874 [INFO] ThirdParty:981 - CMSIS Pack Vendor :STMicroelectronics X-CUBE-TOUCHGFX 4.20.0
2022-10-27 03:45:30,874 [INFO] ThirdParty:981 - CMSIS Pack Vendor :STMicroelectronics MBEDTLS 2.14.1
2022-10-27 03:45:30,874 [INFO] ThirdParty:981 - CMSIS Pack Vendor :STMicroelectronics X-CUBE-NFC7 1.0.0
2022-10-27 03:45:30,874 [INFO] ThirdParty:981 - CMSIS Pack Vendor :STMicroelectronics X-CUBE-AZRTOS-F7 1.0.0
2022-10-27 03:45:30,875 [INFO] ThirdParty:981 - CMSIS Pack Vendor :STMicroelectronics X-CUBE-AZRTOS-WL 1.0.0
2022-10-27 03:45:30,875 [INFO] ThirdParty:981 - CMSIS Pack Vendor :STMicroelectronics X-CUBE-SUBG2 4.2.0
2022-10-27 03:45:30,875 [INFO] ThirdParty:981 - CMSIS Pack Vendor :STMicroelectronics X-CUBE-MEMS1 9.1.0
2022-10-27 03:45:30,875 [INFO] ThirdParty:981 - CMSIS Pack Vendor :STMicroelectronics X-CUBE-MEMS1 9.3.0
2022-10-27 03:45:30,875 [INFO] ThirdParty:981 - CMSIS Pack Vendor :portGmbH I-Cube-SoM-uGOAL 1.1.0
2022-10-27 03:45:30,875 [INFO] ThirdParty:981 - CMSIS Pack Vendor :STMicroelectronics X-CUBE-ALS 1.0.1
2022-10-27 03:45:30,875 [INFO] ThirdParty:981 - CMSIS Pack Vendor :STMicroelectronics X-CUBE-AI 7.2.0
2022-10-27 03:45:30,875 [INFO] ThirdParty:981 - CMSIS Pack Vendor :STMicroelectronics ThreadX 1.0.0
2022-10-27 03:45:30,875 [INFO] ThirdParty:981 - CMSIS Pack Vendor :STMicroelectronics X-CUBE-AZRTOS-L5 1.0.0
2022-10-27 03:45:30,875 [INFO] ThirdParty:981 - CMSIS Pack Vendor :STMicroelectronics USB_DEVICE 1.0.0
2022-10-27 03:45:30,875 [INFO] ThirdParty:981 - CMSIS Pack Vendor :STMicroelectronics X-CUBE-AZRTOS-G0 1.0.0
2022-10-27 03:45:30,875 [INFO] ThirdParty:981 - CMSIS Pack Vendor :STMicroelectronics X-CUBE-EEPRMA1 3.1.1
2022-10-27 03:45:30,875 [INFO] ThirdParty:981 - CMSIS Pack Vendor :STMicroelectronics X-CUBE-GNSS1 5.2.0
2022-10-27 03:45:30,876 [INFO] ThirdParty:981 - CMSIS Pack Vendor :STMicroelectronics ThreadX 0.0.2
2022-10-27 03:45:30,876 [INFO] ThirdParty:981 - CMSIS Pack Vendor :STMicroelectronics lwIP 2.1.2
2022-10-27 03:45:30,876 [INFO] ThirdParty:981 - CMSIS Pack Vendor :STMicroelectronics X-CUBE-SFXS2LP1 4.0.0
2022-10-27 03:45:30,876 [INFO] ThirdParty:981 - CMSIS Pack Vendor :STMicroelectronics X-CUBE-BLE2 3.3.0
2022-10-27 03:45:30,876 [INFO] ThirdParty:981 - CMSIS Pack Vendor :STMicroelectronics X-CUBE-DISPLAY 2.0.1
2022-10-27 03:45:30,876 [INFO] ThirdParty:981 - CMSIS Pack Vendor :STMicroelectronics X-CUBE-DISPLAY 2.2.0
2022-10-27 03:45:30,876 [INFO] ThirdParty:981 - CMSIS Pack Vendor :STMicroelectronics X-CUBE-TOF1 3.2.0
2022-10-27 03:45:30,876 [INFO] ThirdParty:981 - CMSIS Pack Vendor :STMicroelectronics PDM2PCM 3.2.0
2022-10-27 03:45:30,876 [INFO] ThirdParty:981 - CMSIS Pack Vendor :STMicroelectronics X-CUBE-TOUCHGFX 4.18.1
2022-10-27 03:45:30,876 [INFO] ThirdParty:981 - CMSIS Pack Vendor :STMicroelectronics X-CUBE-TOF1 3.0.0
2022-10-27 03:45:30,876 [INFO] ThirdParty:981 - CMSIS Pack Vendor :STMicroelectronics X-CUBE-ISPU 1.0.0
2022-10-27 03:45:30,877 [INFO] ThirdParty:797 - exiting critical section [change project]
2022-10-27 03:45:31,101 [INFO] PinOutPanel:1468 - setPackage(No Configuration,No Configuration)
2022-10-27 03:45:31,102 [INFO] PinOutPanel:1468 - setPackage(STM32F103C8Tx,LQFP48)
2022-10-27 03:45:31,597 [INFO] UtilMem:74 - Before build in PCC Used Memory: 234557184 Bytes (457179136)
2022-10-27 03:45:32,268 [INFO] UtilMem:74 - After build in PCC Used Memory: 208166104 Bytes (457179136)
2022-10-27 03:45:32,290 [INFO] IPUIPlugin:79 - create IPUIPlugin
2022-10-27 03:45:32,290 [INFO] IPUIPlugin:79 - create IPUIPlugin
2022-10-27 03:45:32,290 [INFO] IPUIPlugin:79 - create IPUIPlugin
2022-10-27 03:45:32,291 [INFO] IPUIPlugin:79 - create IPUIPlugin
2022-10-27 03:45:32,291 [INFO] IPUIPlugin:79 - create IPUIPlugin
2022-10-27 03:45:32,291 [INFO] IPUIPlugin:79 - create IPUIPlugin
2022-10-27 03:45:32,291 [INFO] IPUIPlugin:79 - create IPUIPlugin
2022-10-27 03:45:32,291 [INFO] IPUIPlugin:79 - create IPUIPlugin
2022-10-27 03:45:32,291 [INFO] IPUIPlugin:79 - create IPUIPlugin
2022-10-27 03:45:32,291 [INFO] IPUIPlugin:79 - create IPUIPlugin
2022-10-27 03:45:32,292 [INFO] IPUIPlugin:79 - create IPUIPlugin
2022-10-27 03:45:32,292 [INFO] IPUIPlugin:79 - create IPUIPlugin
2022-10-27 03:45:32,292 [INFO] IPUIPlugin:79 - create IPUIPlugin
2022-10-27 03:45:32,292 [INFO] IPUIPlugin:79 - create IPUIPlugin
2022-10-27 03:45:32,292 [INFO] IPUIPlugin:79 - create IPUIPlugin
2022-10-27 03:45:32,293 [INFO] IPUIPlugin:79 - create IPUIPlugin
2022-10-27 03:45:32,293 [INFO] IPUIPlugin:79 - create IPUIPlugin
2022-10-27 03:45:32,293 [INFO] IPUIPlugin:79 - create IPUIPlugin
2022-10-27 03:45:32,293 [INFO] IPUIPlugin:79 - create IPUIPlugin
2022-10-27 03:45:32,294 [INFO] IPUIPlugin:79 - create IPUIPlugin
2022-10-27 03:45:32,294 [INFO] IPUIPlugin:79 - create IPUIPlugin
2022-10-27 03:45:32,294 [INFO] IPUIPlugin:79 - create IPUIPlugin
2022-10-27 03:45:32,294 [INFO] IPUIPlugin:79 - create IPUIPlugin
2022-10-27 03:45:32,295 [INFO] IPUIPlugin:79 - create IPUIPlugin
2022-10-27 03:45:32,295 [INFO] IPUIPlugin:79 - create IPUIPlugin
2022-10-27 03:45:32,295 [INFO] IPUIPlugin:79 - create IPUIPlugin
2022-10-27 03:45:32,296 [INFO] IPUIPlugin:79 - create IPUIPlugin
2022-10-27 03:45:32,480 [INFO] OpenFileManager:327 - Restore cursor
2022-10-27 03:45:32,971 [INFO] UtilMem:74 - End SaveConfig() Used Memory: 313294840 Bytes (457179136)
2022-10-27 03:45:33,020 [INFO] UtilMem:74 - End SaveConfig() Used Memory: 324889632 Bytes (457179136)
2022-10-27 03:45:33,480 [INFO] BlockDiagram:2753 - set Specific Code input for plugin: NVIC
2022-10-27 03:45:33,480 [INFO] BlockDiagram:2753 - set Specific Code input for plugin: RCC
2022-10-27 03:45:33,483 [INFO] CodeGenerator:690 - code generatio: config db path: C:\ST\STM32CubeIDE_1.9.0\STM32CubeIDE\plugins\com.st.stm32cube.common.mx_6.6.1.202207061420\\db\
2022-10-27 03:45:33,831 [INFO] CodeEngine:245 - oldGeneratedFile, D:\github\mc\stm32\Relay_5V\Relay_5V\MXTmpFiles\license.tmp_save
2022-10-27 03:45:34,252 [INFO] CodeEngine:269 - Generated code: D:\github\mc\stm32\Relay_5V\Relay_5V\MXTmpFiles\license.tmp
2022-10-27 03:45:34,265 [INFO] CodeEngine:245 - oldGeneratedFile, D:\github\mc\stm32\Relay_5V\Relay_5V\Core\Src\stm32f1xx_it.c_save
2022-10-27 03:45:34,449 [INFO] CodeEngine:269 - Generated code: D:\github\mc\stm32\Relay_5V\Relay_5V\Core\Src\stm32f1xx_it.c
2022-10-27 03:45:34,457 [INFO] CodeEngine:245 - oldGeneratedFile, D:\github\mc\stm32\Relay_5V\Relay_5V\Core\Inc\stm32f1xx_it.h_save
2022-10-27 03:45:34,567 [INFO] CodeEngine:269 - Generated code: D:\github\mc\stm32\Relay_5V\Relay_5V\Core\Inc\stm32f1xx_it.h
2022-10-27 03:45:34,656 [INFO] CodeEngine:245 - oldGeneratedFile, D:\github\mc\stm32\Relay_5V\Relay_5V\Core\Src\stm32f1xx_hal_msp.c_save
2022-10-27 03:45:34,816 [INFO] CodeEngine:269 - Generated code: D:\github\mc\stm32\Relay_5V\Relay_5V\Core\Src\stm32f1xx_hal_msp.c
2022-10-27 03:45:34,825 [INFO] CodeEngine:245 - oldGeneratedFile, D:\github\mc\stm32\Relay_5V\Relay_5V\MXTmpFiles\system.tmp_save
2022-10-27 03:45:34,959 [INFO] CodeEngine:269 - Generated code: D:\github\mc\stm32\Relay_5V\Relay_5V\MXTmpFiles\system.tmp
2022-10-27 03:45:34,969 [INFO] CodeEngine:245 - oldGeneratedFile, D:\github\mc\stm32\Relay_5V\Relay_5V\Core\Inc\stm32f1xx_hal_conf.h_save
2022-10-27 03:45:35,143 [INFO] CodeEngine:269 - Generated code: D:\github\mc\stm32\Relay_5V\Relay_5V\Core\Inc\stm32f1xx_hal_conf.h
2022-10-27 03:45:35,191 [INFO] CodeEngine:245 - oldGeneratedFile, D:\github\mc\stm32\Relay_5V\Relay_5V\Core\Inc\main.h_save
2022-10-27 03:45:35,374 [INFO] CodeEngine:269 - Generated code: D:\github\mc\stm32\Relay_5V\Relay_5V\Core\Inc\main.h
2022-10-27 03:45:35,381 [INFO] CodeEngine:245 - oldGeneratedFile, D:\github\mc\stm32\Relay_5V\Relay_5V\Core\Src\main.c_save
2022-10-27 03:45:35,525 [INFO] CodeEngine:269 - Generated code: D:\github\mc\stm32\Relay_5V\Relay_5V\Core\Src\main.c
2022-10-27 03:45:36,265 [INFO] ProjectBuilder:2919 - Time for Copy HAL[1] : 170mS.
2022-10-27 03:45:36,276 [INFO] ProjectBuilder:4117 - Project Generator version: 3.17.1
2022-10-27 03:45:36,631 [INFO] ConfigFileManager:1394 - The Die is : DIE410
2022-10-27 03:45:36,649 [INFO] ApiDbMcu:505 - Load IP Config File for FATFS
2022-10-27 03:45:36,685 [INFO] ApiDbMcu:505 - Load IP Config File for FREERTOS
2022-10-27 03:45:36,711 [INFO] ApiDbMcu:505 - Load IP Config File for USB_DEVICE
2022-10-27 03:45:40,366 [INFO] ProjectBuilder:4285 - Time for Generating toolchain IDE Files: 4090mS.
2022-10-27 03:45:40,368 [INFO] ProjectBuilder:2790 - Time for Copy CMSIS : 0mS.
2022-10-27 03:45:40,369 [INFO] ProjectBuilder:2790 - Time for Copy CMSIS : 0mS.
2022-10-27 03:45:41,539 [INFO] McuFinderGlobals:57 - Set McuFinderConnectedMode to true
2022-10-27 03:45:41,541 [INFO] ApiDb:443 - Save user favorites file C:\Users\Zver/.stm32cubeide/favorites.mcus.txt: 1 item(s)
2022-10-27 03:45:41,542 [INFO] ApiDb:447 - User favorites MCUs=[STM32F103C8T6]
2022-10-27 03:48:08,645 [INFO] UtilMem:74 - End SaveConfig() Used Memory: 492667104 Bytes (672137216)
2022-10-27 03:48:10,225 [INFO] UtilMem:74 - End SaveConfig() Used Memory: 513784192 Bytes (672137216)
2022-10-27 03:48:12,348 [INFO] UtilMem:74 - End SaveConfig() Used Memory: 488407384 Bytes (672137216)
2022-10-27 03:48:12,646 [INFO] BlockDiagram:2753 - set Specific Code input for plugin: NVIC
2022-10-27 03:48:12,646 [INFO] BlockDiagram:2753 - set Specific Code input for plugin: SYS
2022-10-27 03:48:12,646 [INFO] BlockDiagram:2753 - set Specific Code input for plugin: GPIO
2022-10-27 03:48:12,646 [INFO] BlockDiagram:2753 - set Specific Code input for plugin: RCC
2022-10-27 03:48:12,647 [INFO] CodeGenerator:690 - code generatio: config db path: C:\ST\STM32CubeIDE_1.9.0\STM32CubeIDE\plugins\com.st.stm32cube.common.mx_6.6.1.202207061420\\db\
2022-10-27 03:48:12,868 [INFO] CodeEngine:245 - oldGeneratedFile, D:\github\mc\stm32\Relay_5V\Relay_5V\MXTmpFiles\license.tmp_save
2022-10-27 03:48:13,114 [INFO] CodeEngine:269 - Generated code: D:\github\mc\stm32\Relay_5V\Relay_5V\MXTmpFiles\license.tmp
2022-10-27 03:48:13,244 [INFO] CodeEngine:245 - oldGeneratedFile, D:\github\mc\stm32\Relay_5V\Relay_5V\MXTmpFiles\gpio.tmp_save
2022-10-27 03:48:13,334 [INFO] CodeEngine:269 - Generated code: D:\github\mc\stm32\Relay_5V\Relay_5V\MXTmpFiles\gpio.tmp
2022-10-27 03:48:13,370 [INFO] CodeEngine:245 - oldGeneratedFile, D:\github\mc\stm32\Relay_5V\Relay_5V\Core\Src\stm32f1xx_it.c_save
2022-10-27 03:48:13,458 [INFO] CodeEngine:269 - Generated code: D:\github\mc\stm32\Relay_5V\Relay_5V\Core\Src\stm32f1xx_it.c
2022-10-27 03:48:13,464 [INFO] CodeEngine:245 - oldGeneratedFile, D:\github\mc\stm32\Relay_5V\Relay_5V\Core\Inc\stm32f1xx_it.h_save
2022-10-27 03:48:13,658 [INFO] CodeEngine:269 - Generated code: D:\github\mc\stm32\Relay_5V\Relay_5V\Core\Inc\stm32f1xx_it.h
2022-10-27 03:48:13,696 [INFO] CodeEngine:245 - oldGeneratedFile, D:\github\mc\stm32\Relay_5V\Relay_5V\Core\Src\stm32f1xx_hal_msp.c_save
2022-10-27 03:48:13,783 [INFO] CodeEngine:269 - Generated code: D:\github\mc\stm32\Relay_5V\Relay_5V\Core\Src\stm32f1xx_hal_msp.c
2022-10-27 03:48:13,786 [INFO] CodeEngine:245 - oldGeneratedFile, D:\github\mc\stm32\Relay_5V\Relay_5V\MXTmpFiles\system.tmp_save
2022-10-27 03:48:13,833 [INFO] CodeEngine:269 - Generated code: D:\github\mc\stm32\Relay_5V\Relay_5V\MXTmpFiles\system.tmp
2022-10-27 03:48:13,858 [INFO] CodeEngine:245 - oldGeneratedFile, D:\github\mc\stm32\Relay_5V\Relay_5V\Core\Inc\stm32f1xx_hal_conf.h_save
2022-10-27 03:48:13,969 [INFO] CodeEngine:269 - Generated code: D:\github\mc\stm32\Relay_5V\Relay_5V\Core\Inc\stm32f1xx_hal_conf.h
2022-10-27 03:48:14,014 [INFO] CodeEngine:245 - oldGeneratedFile, D:\github\mc\stm32\Relay_5V\Relay_5V\Core\Inc\main.h_save
2022-10-27 03:48:14,095 [INFO] CodeEngine:269 - Generated code: D:\github\mc\stm32\Relay_5V\Relay_5V\Core\Inc\main.h
2022-10-27 03:48:14,135 [INFO] CodeEngine:245 - oldGeneratedFile, D:\github\mc\stm32\Relay_5V\Relay_5V\Core\Src\main.c_save
2022-10-27 03:48:14,347 [INFO] CodeEngine:269 - Generated code: D:\github\mc\stm32\Relay_5V\Relay_5V\Core\Src\main.c
2022-10-27 03:48:14,979 [INFO] ProjectBuilder:2919 - Time for Copy HAL[1] : 105mS.
2022-10-27 03:48:14,982 [INFO] ProjectBuilder:4117 - Project Generator version: 3.17.1
2022-10-27 03:48:15,314 [INFO] ConfigFileManager:1394 - The Die is : DIE410
2022-10-27 03:48:16,851 [INFO] ProjectBuilder:4285 - Time for Generating toolchain IDE Files: 1869mS.
2022-10-27 03:48:16,852 [INFO] ProjectBuilder:2790 - Time for Copy CMSIS : 0mS.
2022-10-27 03:48:16,853 [INFO] ProjectBuilder:2790 - Time for Copy CMSIS : 0mS.
