2022-10-26 04:04:30,769 [INFO] Activator:177 - 


2022-10-26 04:04:30,770 [INFO] Activator:178 - !SESSION log4j initialized
2022-10-26 04:04:33,518 [INFO] McuFinderGlobals:44 - Set McuFinder mode to 2 (CubeIDE integrated)
2022-10-26 04:04:34,682 [INFO] ApplicationProperties:181 - Using Application install path: C:\ST\STM32CubeIDE_1.9.0\STM32CubeIDE\plugins\com.st.stm32cube.common.mx_6.6.1.202207061420
2022-10-26 04:04:34,699 [INFO] DbMcusXml:77 - Set database path to: C:\ST\STM32CubeIDE_1.9.0\STM32CubeIDE\plugins\com.st.stm32cube.common.mx_6.6.1.202207061420\\db\/mcu/
2022-10-26 04:04:34,699 [INFO] ApiDb:269 - Set plugin database path to: C:\ST\STM32CubeIDE_1.9.0\STM32CubeIDE\plugins\com.st.stm32cube.common.mx_6.6.1.202207061420\\db\/plugins/boardmanager/
2022-10-26 04:04:34,701 [WARN] ApiDb:254 - Overriding images path with different value:  => C:\ST\STM32CubeIDE_1.9.0\STM32CubeIDE\plugins\com.st.stm32cube.common.mx_6.6.1.202207061420\\db\/plugins/mcufinder/images/
2022-10-26 04:04:34,716 [INFO] ApiDb:249 - Set database path to: C:\Users\Zver\.stmcufinder\plugins\mcufinder//mcu/
2022-10-26 04:04:34,718 [INFO] DbMcusAds:124 - Set database path to: C:\Users\Zver\.stmcufinder\plugins\mcufinder//mcu/
2022-10-26 04:04:34,722 [INFO] CrossReferenceDbSqlite:201 - Set database path to: C:\Users\Zver\.stmcufinder\plugins\mcufinder//mcu/cs/
2022-10-26 04:04:34,825 [INFO] RulesReader:61 - Compatibility file has been processed (282 Rules)
2022-10-26 04:04:34,970 [INFO] DbMcusXml:77 - Set database path to: C:\ST\STM32CubeIDE_1.9.0\STM32CubeIDE\plugins\com.st.stm32cube.common.mx_6.6.1.202207061420\\db\/mcu/
2022-10-26 04:04:34,970 [INFO] ApiDb:269 - Set plugin database path to: C:\ST\STM32CubeIDE_1.9.0\STM32CubeIDE\plugins\com.st.stm32cube.common.mx_6.6.1.202207061420\\db\/plugins/boardmanager/
2022-10-26 04:04:34,971 [INFO] ApiDb:256 - Set plugin images path to: C:\ST\STM32CubeIDE_1.9.0\STM32CubeIDE\plugins\com.st.stm32cube.common.mx_6.6.1.202207061420\\db\/plugins/mcufinder/images/
2022-10-26 04:04:34,971 [WARN] DbFile:40 - Overriding database path with different value: C:\Users\Zver\.stmcufinder\plugins\mcufinder/ => C:\Users\Zver\.stmcufinder\plugins\mcufinder
2022-10-26 04:04:34,971 [INFO] ApiDb:249 - Set database path to: C:\Users\Zver\.stmcufinder\plugins\mcufinder//mcu/
2022-10-26 04:04:34,971 [WARN] DbFile:40 - Overriding database path with different value: C:\Users\Zver\.stmcufinder\plugins\mcufinder/ => C:\Users\Zver\.stmcufinder\plugins\mcufinder
2022-10-26 04:04:34,971 [INFO] DbMcusAds:124 - Set database path to: C:\Users\Zver\.stmcufinder\plugins\mcufinder//mcu/
2022-10-26 04:04:34,972 [WARN] DbFile:40 - Overriding database path with different value: C:\Users\Zver\.stmcufinder\plugins\mcufinder/ => C:\Users\Zver\.stmcufinder\plugins\mcufinder
2022-10-26 04:04:34,972 [WARN] DbFile:40 - Overriding database path with different value: C:\Users\Zver\.stmcufinder\plugins\mcufinder/ => C:\Users\Zver\.stmcufinder\plugins\mcufinder
2022-10-26 04:04:34,972 [INFO] CrossReferenceDbSqlite:201 - Set database path to: C:\Users\Zver\.stmcufinder\plugins\mcufinder//mcu/cs/
2022-10-26 04:04:35,076 [INFO] MainPanel:242 - HeapMemory: 268435456
2022-10-26 04:04:35,215 [INFO] DbMcusXml:77 - Set database path to: C:\ST\STM32CubeIDE_1.9.0\STM32CubeIDE\plugins\com.st.stm32cube.common.mx_6.6.1.202207061420\\db\/mcu/
2022-10-26 04:04:35,215 [INFO] ApiDb:269 - Set plugin database path to: C:\ST\STM32CubeIDE_1.9.0\STM32CubeIDE\plugins\com.st.stm32cube.common.mx_6.6.1.202207061420\\db\/plugins/boardmanager/
2022-10-26 04:04:35,216 [INFO] ApiDb:256 - Set plugin images path to: C:\ST\STM32CubeIDE_1.9.0\STM32CubeIDE\plugins\com.st.stm32cube.common.mx_6.6.1.202207061420\\db\/plugins/mcufinder/images/
2022-10-26 04:04:35,216 [WARN] DbFile:40 - Overriding database path with different value: C:\Users\Zver\.stmcufinder\plugins\mcufinder/ => C:\Users\Zver\.stmcufinder\plugins\mcufinder
2022-10-26 04:04:35,216 [INFO] ApiDb:249 - Set database path to: C:\Users\Zver\.stmcufinder\plugins\mcufinder//mcu/
2022-10-26 04:04:35,216 [WARN] DbFile:40 - Overriding database path with different value: C:\Users\Zver\.stmcufinder\plugins\mcufinder/ => C:\Users\Zver\.stmcufinder\plugins\mcufinder
2022-10-26 04:04:35,216 [INFO] DbMcusAds:124 - Set database path to: C:\Users\Zver\.stmcufinder\plugins\mcufinder//mcu/
2022-10-26 04:04:35,216 [WARN] DbFile:40 - Overriding database path with different value: C:\Users\Zver\.stmcufinder\plugins\mcufinder/ => C:\Users\Zver\.stmcufinder\plugins\mcufinder
2022-10-26 04:04:35,217 [WARN] DbFile:40 - Overriding database path with different value: C:\Users\Zver\.stmcufinder\plugins\mcufinder/ => C:\Users\Zver\.stmcufinder\plugins\mcufinder
2022-10-26 04:04:35,217 [INFO] CrossReferenceDbSqlite:201 - Set database path to: C:\Users\Zver\.stmcufinder\plugins\mcufinder//mcu/cs/
2022-10-26 04:04:35,252 [INFO] ApplicationProperties:181 - Using Application install path: C:\ST\STM32CubeIDE_1.9.0\STM32CubeIDE\plugins\com.st.stm32cube.common.mx_6.6.1.202207061420
2022-10-26 04:04:35,254 [INFO] PluginManage:193 - Search for loadable plugins [exclusion list=, ]
2022-10-26 04:04:35,258 [INFO] PluginManage:307 - Check plugin analytics
2022-10-26 04:04:35,442 [INFO] AnalyticsPlugin:262 - Accepted Software Licenses: 
2022-10-26 04:04:35,443 [INFO] AnalyticsPlugin:264 - Accepted CMSIS Pack Licenses: 
2022-10-26 04:04:35,443 [INFO] AnalyticsPlugin:266 - Accepted Firmware Licenses: 
2022-10-26 04:04:35,451 [INFO] PluginManage:356 - Loaded plugin analytics (category:tool,tabindex:-1)
2022-10-26 04:04:35,452 [INFO] PluginManage:307 - Check plugin cadmodel
2022-10-26 04:04:35,456 [INFO] CADModel:65 - Init CAD model plugin
2022-10-26 04:04:35,456 [INFO] PluginManage:356 - Loaded plugin cadmodel (category:power,tabindex:5)
2022-10-26 04:04:35,456 [INFO] PluginManage:307 - Check plugin clock
2022-10-26 04:04:35,466 [INFO] PluginManage:356 - Loaded plugin clock (category:base,tabindex:2)
2022-10-26 04:04:35,467 [INFO] PluginManage:307 - Check plugin ddr
2022-10-26 04:04:35,469 [INFO] PluginManage:356 - Loaded plugin ddr (category:tool,tabindex:6)
2022-10-26 04:04:35,470 [INFO] PluginManage:307 - Check plugin filemanager
2022-10-26 04:04:35,685 [INFO] PluginManage:356 - Loaded plugin filemanager (category:base,tabindex:10)
2022-10-26 04:04:35,686 [INFO] PluginManage:307 - Check plugin ipmanager
2022-10-26 04:04:35,711 [INFO] PluginManage:356 - Loaded plugin ipmanager (category:base,tabindex:5)
2022-10-26 04:04:35,711 [INFO] PluginManage:307 - Check plugin lpbam
2022-10-26 04:04:35,719 [INFO] PluginManage:356 - Loaded plugin lpbam (category:base,tabindex:0)
2022-10-26 04:04:35,719 [INFO] PluginManage:307 - Check plugin pinoutandconfiguration
2022-10-26 04:04:35,728 [INFO] PluginManage:356 - Loaded plugin pinoutandconfiguration (category:base,tabindex:1)
2022-10-26 04:04:35,728 [INFO] PluginManage:307 - Check plugin pinoutconfig
2022-10-26 04:04:35,757 [INFO] PluginManage:356 - Loaded plugin pinoutconfig (category:base,tabindex:0)
2022-10-26 04:04:35,757 [INFO] PluginManage:307 - Check plugin power
2022-10-26 04:04:35,765 [INFO] PluginManage:356 - Loaded plugin power (category:power,tabindex:4)
2022-10-26 04:04:35,765 [INFO] PluginManage:307 - Check plugin projectmanager
2022-10-26 04:04:35,775 [INFO] PluginManage:356 - Loaded plugin projectmanager (category:projectmanager,tabindex:3)
2022-10-26 04:04:35,775 [INFO] PluginManage:307 - Check plugin thirdparty
2022-10-26 04:04:35,880 [WARN] IntegrityCheckThread:82 - waiting for thirdparty lock release [integrity check]
2022-10-26 04:04:35,881 [INFO] PluginManage:356 - Loaded plugin thirdparty (category:base,tabindex:-1)
2022-10-26 04:04:35,881 [INFO] IntegrityCheckThread:84 - entering critical section [integrity check]
2022-10-26 04:04:35,881 [INFO] PluginManage:307 - Check plugin tools
2022-10-26 04:04:35,883 [INFO] ThirdPartyUpdaterWithRetryManager:70 - Updater plugin not ready yet. [1/15]
2022-10-26 04:04:35,884 [INFO] PluginManage:356 - Loaded plugin tools (category:base,tabindex:7)
2022-10-26 04:04:35,885 [INFO] PluginManage:307 - Check plugin tutovideos
2022-10-26 04:04:36,071 [INFO] PluginManage:356 - Loaded plugin tutovideos (category:base,tabindex:-1)
2022-10-26 04:04:36,072 [INFO] PluginManage:307 - Check plugin updater
2022-10-26 04:04:36,084 [INFO] PluginManage:356 - Loaded plugin updater (category:base,tabindex:12)
2022-10-26 04:04:36,084 [INFO] PluginManage:280 - PluginManage : Loaded plugins [15]
2022-10-26 04:04:36,578 [INFO] PinOutPanel:1468 - setPackage(No Configuration,No Configuration)
2022-10-26 04:04:36,661 [INFO] CADModel:98 - CPN selected for project level
2022-10-26 04:04:36,674 [INFO] IPUIPlugin:79 - create IPUIPlugin
2022-10-26 04:04:36,674 [INFO] PluginManager:217 - loadIPPluginJar : add adc
2022-10-26 04:04:36,676 [INFO] IPUIPlugin:79 - create IPUIPlugin
2022-10-26 04:04:36,677 [INFO] PluginManager:217 - loadIPPluginJar : add aes
2022-10-26 04:04:36,678 [INFO] IPUIPlugin:79 - create IPUIPlugin
2022-10-26 04:04:36,679 [INFO] PluginManager:217 - loadIPPluginJar : add can
2022-10-26 04:04:36,680 [INFO] IPUIPlugin:79 - create IPUIPlugin
2022-10-26 04:04:36,680 [INFO] PluginManager:217 - loadIPPluginJar : add comp
2022-10-26 04:04:36,682 [INFO] IPUIPlugin:79 - create IPUIPlugin
2022-10-26 04:04:36,682 [INFO] PluginManager:217 - loadIPPluginJar : add cryp
2022-10-26 04:04:36,684 [INFO] IPUIPlugin:79 - create IPUIPlugin
2022-10-26 04:04:36,684 [INFO] PluginManager:217 - loadIPPluginJar : add dfsdm
2022-10-26 04:04:36,688 [INFO] IPUIPlugin:79 - create IPUIPlugin
2022-10-26 04:04:36,689 [INFO] PluginManager:217 - loadIPPluginJar : add dma
2022-10-26 04:04:36,690 [INFO] IPUIPlugin:79 - create IPUIPlugin
2022-10-26 04:04:36,691 [INFO] PluginManager:217 - loadIPPluginJar : add dma3
2022-10-26 04:04:36,692 [INFO] IPUIPlugin:79 - create IPUIPlugin
2022-10-26 04:04:36,693 [INFO] PluginManager:217 - loadIPPluginJar : add fatfs
2022-10-26 04:04:36,698 [INFO] IPUIPlugin:79 - create IPUIPlugin
2022-10-26 04:04:36,698 [INFO] PluginManager:217 - loadIPPluginJar : add fmc
2022-10-26 04:04:36,703 [INFO] IPUIPlugin:79 - create IPUIPlugin
2022-10-26 04:04:36,703 [INFO] PluginManager:217 - loadIPPluginJar : add freertos
2022-10-26 04:04:36,707 [INFO] IPUIPlugin:79 - create IPUIPlugin
2022-10-26 04:04:36,707 [INFO] PluginManager:217 - loadIPPluginJar : add genericplugin
2022-10-26 04:04:36,710 [INFO] IPUIPlugin:79 - create IPUIPlugin
2022-10-26 04:04:36,710 [INFO] PluginManager:217 - loadIPPluginJar : add gfxmmu
2022-10-26 04:04:36,716 [INFO] IPUIPlugin:79 - create IPUIPlugin
2022-10-26 04:04:36,717 [INFO] PluginManager:217 - loadIPPluginJar : add gic
2022-10-26 04:04:36,726 [INFO] IPUIPlugin:79 - create IPUIPlugin
2022-10-26 04:04:36,726 [INFO] PluginManager:217 - loadIPPluginJar : add gpio
2022-10-26 04:04:36,729 [INFO] IPUIPlugin:79 - create IPUIPlugin
2022-10-26 04:04:36,729 [INFO] PluginManager:217 - loadIPPluginJar : add gtzc
2022-10-26 04:04:36,732 [INFO] IPUIPlugin:79 - create IPUIPlugin
2022-10-26 04:04:36,733 [INFO] PluginManager:217 - loadIPPluginJar : add hash
2022-10-26 04:04:36,736 [INFO] IPUIPlugin:79 - create IPUIPlugin
2022-10-26 04:04:36,736 [INFO] PluginManager:217 - loadIPPluginJar : add i2c
2022-10-26 04:04:36,742 [INFO] IPUIPlugin:79 - create IPUIPlugin
2022-10-26 04:04:36,742 [INFO] PluginManager:217 - loadIPPluginJar : add i2s
2022-10-26 04:04:36,745 [INFO] IPUIPlugin:79 - create IPUIPlugin
2022-10-26 04:04:36,746 [INFO] PluginManager:217 - loadIPPluginJar : add ipddr
2022-10-26 04:04:36,754 [INFO] IPUIPlugin:79 - create IPUIPlugin
2022-10-26 04:04:36,755 [INFO] PluginManager:217 - loadIPPluginJar : add linkedlist
2022-10-26 04:04:36,760 [INFO] IPUIPlugin:79 - create IPUIPlugin
2022-10-26 04:04:36,760 [INFO] PluginManager:217 - loadIPPluginJar : add lorawan
2022-10-26 04:04:36,762 [INFO] IPUIPlugin:79 - create IPUIPlugin
2022-10-26 04:04:36,762 [INFO] PluginManager:217 - loadIPPluginJar : add ltdc
2022-10-26 04:04:36,767 [INFO] IPUIPlugin:79 - create IPUIPlugin
2022-10-26 04:04:36,767 [INFO] PluginManager:217 - loadIPPluginJar : add mdma
2022-10-26 04:04:36,771 [INFO] IPUIPlugin:79 - create IPUIPlugin
2022-10-26 04:04:36,771 [INFO] PluginManager:217 - loadIPPluginJar : add nvic
2022-10-26 04:04:36,774 [INFO] IPUIPlugin:79 - create IPUIPlugin
2022-10-26 04:04:36,774 [INFO] PluginManager:217 - loadIPPluginJar : add opamp
2022-10-26 04:04:36,777 [INFO] IPUIPlugin:79 - create IPUIPlugin
2022-10-26 04:04:36,777 [INFO] PluginManager:217 - loadIPPluginJar : add openamp
2022-10-26 04:04:36,779 [INFO] IPUIPlugin:79 - create IPUIPlugin
2022-10-26 04:04:36,780 [INFO] PluginManager:217 - loadIPPluginJar : add pdm2pcm
2022-10-26 04:04:36,785 [INFO] IPUIPlugin:79 - create IPUIPlugin
2022-10-26 04:04:36,789 [INFO] PluginManager:217 - loadIPPluginJar : add plateformsettings
2022-10-26 04:04:36,795 [INFO] IPUIPlugin:79 - create IPUIPlugin
2022-10-26 04:04:36,795 [INFO] PluginManager:217 - loadIPPluginJar : add quadspi
2022-10-26 04:04:36,798 [INFO] IPUIPlugin:79 - create IPUIPlugin
2022-10-26 04:04:36,798 [INFO] PluginManager:217 - loadIPPluginJar : add resmgrutility
2022-10-26 04:04:36,800 [INFO] IPUIPlugin:79 - create IPUIPlugin
2022-10-26 04:04:36,801 [INFO] PluginManager:217 - loadIPPluginJar : add sai
2022-10-26 04:04:36,802 [INFO] IPUIPlugin:79 - create IPUIPlugin
2022-10-26 04:04:36,803 [INFO] PluginManager:217 - loadIPPluginJar : add spi
2022-10-26 04:04:36,810 [INFO] IPUIPlugin:79 - create IPUIPlugin
2022-10-26 04:04:36,811 [INFO] PluginManager:217 - loadIPPluginJar : add stm32_wpan
2022-10-26 04:04:36,812 [INFO] IPUIPlugin:79 - create IPUIPlugin
2022-10-26 04:04:36,812 [INFO] PluginManager:217 - loadIPPluginJar : add tim
2022-10-26 04:04:36,815 [INFO] IPUIPlugin:79 - create IPUIPlugin
2022-10-26 04:04:36,816 [INFO] PluginManager:217 - loadIPPluginJar : add touchsensing
2022-10-26 04:04:36,818 [INFO] IPUIPlugin:79 - create IPUIPlugin
2022-10-26 04:04:36,819 [INFO] PluginManager:217 - loadIPPluginJar : add tracer_emb
2022-10-26 04:04:36,821 [INFO] IPUIPlugin:79 - create IPUIPlugin
2022-10-26 04:04:36,822 [INFO] PluginManager:217 - loadIPPluginJar : add ts
2022-10-26 04:04:36,824 [INFO] IPUIPlugin:79 - create IPUIPlugin
2022-10-26 04:04:36,825 [INFO] PluginManager:217 - loadIPPluginJar : add tsc
2022-10-26 04:04:36,826 [INFO] IPUIPlugin:79 - create IPUIPlugin
2022-10-26 04:04:36,827 [INFO] PluginManager:217 - loadIPPluginJar : add ucpd
2022-10-26 04:04:36,829 [INFO] IPUIPlugin:79 - create IPUIPlugin
2022-10-26 04:04:36,829 [INFO] PluginManager:217 - loadIPPluginJar : add usart
2022-10-26 04:04:36,832 [INFO] IPUIPlugin:79 - create IPUIPlugin
2022-10-26 04:04:36,832 [INFO] PluginManager:217 - loadIPPluginJar : add usbx
2022-10-26 04:04:37,138 [FATAL] Updater:301 - Updater called before beeing initialized
2022-10-26 04:04:37,303 [FATAL] Updater:301 - Updater called before beeing initialized
2022-10-26 04:04:37,309 [INFO] DbMcusAds:52 - JSON generation date=Thu Sep 30 09:56:37 MSK 2021 (1632984997303)
2022-10-26 04:04:37,309 [FATAL] Updater:301 - Updater called before beeing initialized
2022-10-26 04:04:37,402 [WARN] DetailPanel:344 - Failed to get advertising image, set to default
2022-10-26 04:04:37,515 [FATAL] Updater:301 - Updater called before beeing initialized
2022-10-26 04:04:37,517 [FATAL] Updater:301 - Updater called before beeing initialized
2022-10-26 04:04:37,517 [FATAL] Updater:301 - Updater called before beeing initialized
2022-10-26 04:04:37,517 [WARN] DetailPanel:344 - Failed to get advertising image, set to default
2022-10-26 04:04:37,518 [FATAL] Updater:301 - Updater called before beeing initialized
2022-10-26 04:04:37,560 [ERROR] Updater:1105 - MainUpdater not yet initialized. External WinMGr cannot be set.
2022-10-26 04:04:37,562 [INFO] Updater:1041 - Updater Version found : 6.6.1
2022-10-26 04:04:37,574 [INFO] ApplicationProperties:181 - Using Application install path: C:\ST\STM32CubeIDE_1.9.0\STM32CubeIDE\plugins\com.st.stm32cube.common.mx_6.6.1.202207061420
2022-10-26 04:04:37,686 [INFO] MainUpdater:2768 - connection check result : 10
2022-10-26 04:04:37,687 [INFO] MainUpdater:280 - Updater Check For Update Now.
2022-10-26 04:04:37,687 [INFO] MicroXplorer:481 - Change Database Version : DB.6.0.60
2022-10-26 04:04:37,876 [INFO] CheckServerUpdateThread:119 - End of CheckServer Thread
2022-10-26 04:04:37,895 [INFO] MainUpdater:2768 - connection check result : 10
2022-10-26 04:04:38,128 [INFO] McuFinderGlobals:57 - Set McuFinderConnectedMode to true
2022-10-26 04:04:38,135 [INFO] MultiScanPanel:195 - Auto-refresh data requested => check proxy status ongoing
2022-10-26 04:04:38,141 [INFO] FinderPluginLoader:92 - Searching for filters in installed packs
2022-10-26 04:04:38,243 [INFO] ApiDb:576 - Connected to CubeFinder SQLite database (C:\Users\Zver\.stmcufinder\plugins\mcufinder\mcu\cube-finder-db.db)
2022-10-26 04:04:38,284 [INFO] ApiDb:663 - CubeFinder database Data Model version=2.1
2022-10-26 04:04:38,284 [INFO] ApiDb:664 - CubeFinder database Configuration version=3.0.32
2022-10-26 04:04:38,284 [INFO] ApiDb:665 - CubeFinder database generation date=2022-08-05 (1659688109)
2022-10-26 04:04:38,285 [INFO] ApiDb:666 - CubeFinder database FW Pack versions=[STM32Cube_FW_C0_V1.0.0, STM32Cube_FW_F4_V1.27.1, STM32Cube_FW_F7_V1.17.0, STM32Cube_FW_G0_V1.6.1, STM32Cube_FW_G4_V1.5.0, STM32Cube_FW_H7_V1.10.0, STM32Cube_FW_L5_V1.4.0, STM32Cube_FW_U5_V1.1.1, STM32Cube_FW_WB_V1.14.1, STM32Cube_FW_WL_V1.2.0, X-CUBE-ALGOBUILD_V1.3.0, X-CUBE-ALS_V1.0.1, X-CUBE-AZRTOS-F4_V1.1.0, X-CUBE-AZRTOS-F7_V1.1.0, X-CUBE-AZRTOS-G0_V1.1.0, X-CUBE-AZRTOS-G4_V1.0.0, X-CUBE-AZRTOS-H7_V2.1.0, X-CUBE-AZRTOS-L4_V1.0.0, X-CUBE-AZRTOS-L5_V1.0.0, X-CUBE-AZRTOS-WL_V1.0.0, X-CUBE-BLE1_V6.2.3, X-CUBE-BLE2_V3.3.0, X-CUBE-EEPRMA1_V3.1.1, X-CUBE-GNSS1_V6.0.0, X-CUBE-MEMS1_V9.1.0, X-CUBE-MEMS1_V9.3.0, X-CUBE-NFC4_V2.0.4, X-CUBE-NFC7_V1.0.0, X-CUBE-SFXS2LP1_V4.0.0, X-CUBE-SUBG2_V5.0.0]
2022-10-26 04:04:39,006 [WARN] PackLoader:242 - Cannot read IP mode file for wolfSSL.I-CUBE-wolfSSL.5.2.0
2022-10-26 04:04:39,018 [WARN] PackLoader:242 - Cannot read IP mode file for STMicroelectronics.X-CUBE-GNSS1.6.0.0
2022-10-26 04:04:39,062 [WARN] PackLoader:242 - Cannot read IP mode file for STMicroelectronics.X-CUBE-AZRTOS-F4.1.1.0
2022-10-26 04:04:39,081 [WARN] PackLoader:242 - Cannot read IP mode file for STMicroelectronics.X-CUBE-BLEMGR.1.2.0
2022-10-26 04:04:39,111 [WARN] PackLoader:242 - Cannot read IP mode file for STMicroelectronics.X-CUBE-AZRTOS-F7.1.1.0
2022-10-26 04:04:39,120 [WARN] PackLoader:242 - Cannot read IP mode file for STMicroelectronics.X-CUBE-AI.7.1.0
2022-10-26 04:04:39,126 [WARN] PackLoader:242 - Cannot read IP mode file for STMicroelectronics.X-CUBE-BLE1.6.2.3
2022-10-26 04:04:39,131 [WARN] PackLoader:242 - Cannot read IP mode file for STMicroelectronics.X-CUBE-BLE1.6.2.2
2022-10-26 04:04:39,138 [WARN] PackLoader:242 - Cannot read IP mode file for STMicroelectronics.X-CUBE-NFC4.2.0.4
2022-10-26 04:04:39,145 [WARN] PackLoader:242 - Cannot read IP mode file for STMicroelectronics.X-CUBE-BLE2.3.2.2
2022-10-26 04:04:39,149 [WARN] PackLoader:242 - Cannot read IP mode file for STMicroelectronics.X-CUBE-NFC4.2.0.3
2022-10-26 04:04:39,173 [WARN] PackLoader:242 - Cannot read IP mode file for STMicroelectronics.X-CUBE-TOF1.3.1.0
2022-10-26 04:04:39,199 [WARN] PackLoader:242 - Cannot read IP mode file for STMicroelectronics.X-CUBE-SFXS2LP1.3.1.0
2022-10-26 04:04:39,230 [WARN] PackLoader:242 - Cannot read IP mode file for STMicroelectronics.X-CUBE-AZRTOS-F4.1.0.0
2022-10-26 04:04:39,243 [WARN] PackLoader:242 - Cannot read IP mode file for STMicroelectronics.X-CUBE-NFC7.1.0.0
2022-10-26 04:04:39,257 [WARN] PackLoader:242 - Cannot read IP mode file for STMicroelectronics.X-CUBE-SUBG2.4.2.0
2022-10-26 04:04:39,312 [WARN] PackLoader:242 - Cannot read IP mode file for STMicroelectronics.X-CUBE-MEMS1.9.3.0
2022-10-26 04:04:39,472 [WARN] PackLoader:242 - Cannot read IP mode file for STMicroelectronics.X-CUBE-AI.7.2.0
2022-10-26 04:04:39,487 [WARN] PackLoader:242 - Cannot read IP mode file for STMicroelectronics.X-CUBE-AZRTOS-G0.1.0.0
2022-10-26 04:04:39,495 [WARN] PackLoader:242 - Cannot read IP mode file for STMicroelectronics.X-CUBE-SFXS2LP1.4.0.0
2022-10-26 04:04:39,499 [WARN] PackLoader:242 - Cannot read IP mode file for STMicroelectronics.X-CUBE-BLE2.3.3.0
2022-10-26 04:04:39,510 [WARN] PackLoader:242 - Cannot read IP mode file for STMicroelectronics.X-CUBE-DISPLAY.2.2.0
2022-10-26 04:04:39,523 [WARN] PackLoader:242 - Cannot read IP mode file for STMicroelectronics.X-CUBE-TOF1.3.2.0
2022-10-26 04:04:39,534 [WARN] PackLoader:242 - Cannot read IP mode file for STMicroelectronics.X-CUBE-TOUCHGFX.4.18.1
2022-10-26 04:04:39,539 [WARN] PackLoader:242 - Cannot read IP mode file for STMicroelectronics.X-CUBE-ISPU.1.0.0
2022-10-26 04:04:39,547 [WARN] PackLoader:242 - Cannot read IP mode file for RoweBots.I-CUBE-UNISONRTOS.5.5.0-4
2022-10-26 04:04:39,565 [WARN] PackLoader:242 - Cannot read IP mode file for STMicroelectronics.X-CUBE-AZRTOS-H7.2.1.0
2022-10-26 04:04:39,574 [WARN] PackLoader:242 - Cannot read IP mode file for STMicroelectronics.X-CUBE-BLEMGR.1.0.0
2022-10-26 04:04:39,579 [WARN] PackLoader:242 - Cannot read IP mode file for STMicroelectronics.X-CUBE-ALGOBUILD.1.3.0
2022-10-26 04:04:39,591 [WARN] PackLoader:242 - Cannot read IP mode file for STMicroelectronics.X-CUBE-AZRTOS-G0.1.1.0
2022-10-26 04:04:39,599 [WARN] PackLoader:242 - Cannot read IP mode file for STMicroelectronics.X-CUBE-SUBG2.5.0.0
2022-10-26 04:04:39,639 [WARN] PackLoader:242 - Cannot read IP mode file for SEGGER.I-CUBE-embOS.1.2.0
2022-10-26 04:04:39,680 [WARN] PackLoader:242 - Cannot read IP mode file for STMicroelectronics.FP-ATR-ASTRA1.1.1.1
2022-10-26 04:04:39,690 [WARN] PackLoader:242 - Cannot read IP mode file for STMicroelectronics.X-CUBE-AZRTOS-H7.2.0.0
2022-10-26 04:04:39,700 [WARN] PackLoader:242 - Cannot read IP mode file for STMicroelectronics.X-CUBE-AZRTOS-G4.1.0.0
2022-10-26 04:04:39,704 [WARN] PackLoader:242 - Cannot read IP mode file for STMicroelectronics.FP-ATR-SIGFOX1.3.2.0
2022-10-26 04:04:39,716 [WARN] PackLoader:242 - Cannot read IP mode file for STMicroelectronics.X-CUBE-AZRTOS-L4.1.0.0
2022-10-26 04:04:39,722 [WARN] PackLoader:242 - Cannot read IP mode file for emotas.I-CUBE-CANOPEN.1.1.2
2022-10-26 04:04:39,725 [WARN] PackLoader:242 - Cannot read IP mode file for STMicroelectronics.X-CUBE-TOUCHGFX.4.20.0
2022-10-26 04:04:39,737 [WARN] PackLoader:242 - Cannot read IP mode file for STMicroelectronics.X-CUBE-AZRTOS-F7.1.0.0
2022-10-26 04:04:39,750 [WARN] PackLoader:242 - Cannot read IP mode file for STMicroelectronics.X-CUBE-AZRTOS-WL.1.0.0
2022-10-26 04:04:39,781 [WARN] PackLoader:242 - Cannot read IP mode file for STMicroelectronics.X-CUBE-MEMS1.9.1.0
2022-10-26 04:04:39,872 [WARN] PackLoader:242 - Cannot read IP mode file for portGmbH.I-Cube-SoM-uGOAL.1.1.0
2022-10-26 04:04:39,875 [WARN] PackLoader:242 - Cannot read IP mode file for STMicroelectronics.X-CUBE-ALS.1.0.1
2022-10-26 04:04:39,887 [WARN] PackLoader:242 - Cannot read IP mode file for STMicroelectronics.X-CUBE-AZRTOS-L5.1.0.0
2022-10-26 04:04:39,896 [WARN] PackLoader:242 - Cannot read IP mode file for STMicroelectronics.X-CUBE-EEPRMA1.3.1.1
2022-10-26 04:04:39,901 [WARN] PackLoader:242 - Cannot read IP mode file for STMicroelectronics.X-CUBE-GNSS1.5.2.0
2022-10-26 04:04:39,905 [WARN] PackLoader:242 - Cannot read IP mode file for STMicroelectronics.X-CUBE-DISPLAY.2.0.1
2022-10-26 04:04:39,911 [WARN] PackLoader:242 - Cannot read IP mode file for STMicroelectronics.X-CUBE-TOF1.3.0.0
2022-10-26 04:04:39,914 [INFO] ThirdParty:929 - Integrity check success = true
2022-10-26 04:04:39,914 [INFO] IntegrityCheckThread:98 - exiting critical section [integrity check]
2022-10-26 04:04:39,914 [INFO] IntegrityCheckThread:101 - End integrity checks thread
2022-10-26 04:04:40,615 [INFO] ApiDb:239 - Found 138 in-development CPN: [B-WB1M-WPAN1, NUCLEO-C031C6, STEVAL-STWINBX1, STM320518-EVAL, STM32C0116-DK, STM32C011D6Y3TR, STM32C011D6Y6TR, STM32C011F4P3, STM32C011F4P6, STM32C011F4U3, STM32C011F4U6TR, STM32C011F6P3, STM32C011F6P6, STM32C011F6U3, STM32C011F6U6TR, STM32C011J4M3, STM32C011J4M6, STM32C011J6M3, STM32C011J6M6, STM32C0316-DK, STM32C031C4T3, STM32C031C4T6, STM32C031C4U3, STM32C031C4U6, STM32C031C6T3, STM32C031C6T6, STM32C031C6U3, STM32C031C6U6, STM32C031F4P3, STM32C031F4P6, STM32C031F6P3, STM32C031F6P6, STM32C031G4U3, STM32C031G4U6, STM32C031G6U3, STM32C031G6U6, STM32C031K4T3, STM32C031K4T6, STM32C031K4U3, STM32C031K4U6, STM32C031K6T3, STM32C031K6T6, STM32C031K6U3, STM32C031K6U6, STM32G071K8TXN, STM32G071K8UXN, STM32G081GBU6N, STM32G081KBT6N, STM32G081KBUXN, STM32G0B1CCT6N, STM32G0B1KCT6, STM32G0B1NEY6TR, STM32G0B1RCT6N, STM32G0C1CCT6, STM32G0C1CCT6N, STM32G0C1CCU6N, STM32G0C1CET6N, STM32G0C1CEU6N, STM32G0C1KCT6, STM32G0C1NEY6TR, STM32G0C1RCI6N, STM32G0C1RCT6N, STM32G0C1REI6N, STM32G0C1RET6N, STM32G0C1VCI6, STM32G0C1VEI6, STM32G471CCT6, STM32G471CCU6, STM32G471CET3, STM32G471CET6, STM32G471CEU3, STM32G471CEU6, STM32G471MCT6, STM32G471MET3, STM32G471MET6, STM32G471MEY6TR, STM32G471QCT6, STM32G471QET3, STM32G471RCT6, STM32G471RET3, STM32G471RET6, STM32G471VCH6, STM32G471VCI6, STM32G471VCT6, STM32G471VEH3, STM32G471VEH6, STM32G471VEI3, STM32G471VEI6, STM32G471VET3, STM32G471VET6, STM32G474CCT6, STM32L476VGY6PTR, STM32L4R5QGI6STR, STM32MP131AAE3, STM32MP131AAF3, STM32MP131AAG3, STM32MP131CAE3, STM32MP131CAF3, STM32MP131CAG3, STM32MP131DAE7, STM32MP131DAF7, STM32MP131DAG7, STM32MP131FAE7, STM32MP131FAF7, STM32MP131FAG7, STM32MP133AAE3, STM32MP133AAF3, STM32MP133AAG3, STM32MP133CAE3, STM32MP133CAF3, STM32MP133CAG3, STM32MP133DAE7, STM32MP133DAF7, STM32MP133DAG7, STM32MP133FAE7, STM32MP133FAF7, STM32MP133FAG7, STM32MP135AAE3, STM32MP135AAF3, STM32MP135AAG3, STM32MP135CAE3, STM32MP135CAF3, STM32MP135CAG3, STM32MP135DAE7, STM32MP135DAF7, STM32MP135DAG7, STM32MP135F-DK, STM32MP135FAE7, STM32MP135FAF7, STM32MP135FAG7, STM32U595ZJT6Q, STM32U599BJY6QTR, STM32U599NIH6Q, STM32U599NJH6Q, STM32U5A5ZJT6Q, STM32U5A9BJY6QTR, STM32U5A9NJH6Q, STM32WB1MMCH6]
2022-10-26 04:04:40,623 [INFO] DbMcus:215 - Found 3542 MCUs, 3542 are supported
2022-10-26 04:04:40,626 [INFO] ApiDb:418 - Load user favorites file C:\Users\Zver/.stm32cubeide/favorites.mcus.txt: 1 item(s)
2022-10-26 04:04:40,627 [INFO] ApiDb:422 - User favorites MCUs=[STM32F103C8T6]
2022-10-26 04:04:40,627 [INFO] DbMcus:221 - Set 1 / 1 favorites MCUs
2022-10-26 04:04:41,799 [INFO] LoadUrlFilesThread:177 - End of LoadServerUrlFiles without Thread
2022-10-26 04:04:41,822 [INFO] DetailPanel:339 - Set advertising image to C:/Users/Zver/STM32Cube/Repository/\en.Prom_NBSTM32U50921.jpg
2022-10-26 04:04:42,604 [INFO] MultiScanPanel:778 - Auto Refresh Data is not needed
2022-10-26 04:04:42,617 [INFO] ApiDb:663 - CubeFinder database Data Model version=2.1
2022-10-26 04:04:42,617 [INFO] ApiDb:664 - CubeFinder database Configuration version=3.0.32
2022-10-26 04:04:42,618 [INFO] ApiDb:665 - CubeFinder database generation date=2022-08-05 (1659688109)
2022-10-26 04:04:42,618 [INFO] ApiDb:666 - CubeFinder database FW Pack versions=[STM32Cube_FW_C0_V1.0.0, STM32Cube_FW_F4_V1.27.1, STM32Cube_FW_F7_V1.17.0, STM32Cube_FW_G0_V1.6.1, STM32Cube_FW_G4_V1.5.0, STM32Cube_FW_H7_V1.10.0, STM32Cube_FW_L5_V1.4.0, STM32Cube_FW_U5_V1.1.1, STM32Cube_FW_WB_V1.14.1, STM32Cube_FW_WL_V1.2.0, X-CUBE-ALGOBUILD_V1.3.0, X-CUBE-ALS_V1.0.1, X-CUBE-AZRTOS-F4_V1.1.0, X-CUBE-AZRTOS-F7_V1.1.0, X-CUBE-AZRTOS-G0_V1.1.0, X-CUBE-AZRTOS-G4_V1.0.0, X-CUBE-AZRTOS-H7_V2.1.0, X-CUBE-AZRTOS-L4_V1.0.0, X-CUBE-AZRTOS-L5_V1.0.0, X-CUBE-AZRTOS-WL_V1.0.0, X-CUBE-BLE1_V6.2.3, X-CUBE-BLE2_V3.3.0, X-CUBE-EEPRMA1_V3.1.1, X-CUBE-GNSS1_V6.0.0, X-CUBE-MEMS1_V9.1.0, X-CUBE-MEMS1_V9.3.0, X-CUBE-NFC4_V2.0.4, X-CUBE-NFC7_V1.0.0, X-CUBE-SFXS2LP1_V4.0.0, X-CUBE-SUBG2_V5.0.0]
2022-10-26 04:04:42,709 [INFO] DbBoardsSqlite:227 - include board P-NUCLEO-WB55-NUCLEO as a kit item of type 'Nucleo-64'
2022-10-26 04:04:42,709 [INFO] DbBoardsSqlite:227 - include board P-NUCLEO-WB55-USBDONGLE as a kit item of type 'Nucleo USB Dongle'
2022-10-26 04:04:42,710 [INFO] DbBoardsSqlite:227 - include board STEVAL-IDP005V1 as a kit item of type 'Evaluation Board'
2022-10-26 04:04:42,711 [INFO] DbBoardsSqlite:227 - include board STEVAL-IDP005V2 as a kit item of type 'Evaluation Board'
2022-10-26 04:04:42,722 [INFO] ApiDb:239 - Found 138 in-development CPN: [B-WB1M-WPAN1, NUCLEO-C031C6, STEVAL-STWINBX1, STM320518-EVAL, STM32C0116-DK, STM32C011D6Y3TR, STM32C011D6Y6TR, STM32C011F4P3, STM32C011F4P6, STM32C011F4U3, STM32C011F4U6TR, STM32C011F6P3, STM32C011F6P6, STM32C011F6U3, STM32C011F6U6TR, STM32C011J4M3, STM32C011J4M6, STM32C011J6M3, STM32C011J6M6, STM32C0316-DK, STM32C031C4T3, STM32C031C4T6, STM32C031C4U3, STM32C031C4U6, STM32C031C6T3, STM32C031C6T6, STM32C031C6U3, STM32C031C6U6, STM32C031F4P3, STM32C031F4P6, STM32C031F6P3, STM32C031F6P6, STM32C031G4U3, STM32C031G4U6, STM32C031G6U3, STM32C031G6U6, STM32C031K4T3, STM32C031K4T6, STM32C031K4U3, STM32C031K4U6, STM32C031K6T3, STM32C031K6T6, STM32C031K6U3, STM32C031K6U6, STM32G071K8TXN, STM32G071K8UXN, STM32G081GBU6N, STM32G081KBT6N, STM32G081KBUXN, STM32G0B1CCT6N, STM32G0B1KCT6, STM32G0B1NEY6TR, STM32G0B1RCT6N, STM32G0C1CCT6, STM32G0C1CCT6N, STM32G0C1CCU6N, STM32G0C1CET6N, STM32G0C1CEU6N, STM32G0C1KCT6, STM32G0C1NEY6TR, STM32G0C1RCI6N, STM32G0C1RCT6N, STM32G0C1REI6N, STM32G0C1RET6N, STM32G0C1VCI6, STM32G0C1VEI6, STM32G471CCT6, STM32G471CCU6, STM32G471CET3, STM32G471CET6, STM32G471CEU3, STM32G471CEU6, STM32G471MCT6, STM32G471MET3, STM32G471MET6, STM32G471MEY6TR, STM32G471QCT6, STM32G471QET3, STM32G471RCT6, STM32G471RET3, STM32G471RET6, STM32G471VCH6, STM32G471VCI6, STM32G471VCT6, STM32G471VEH3, STM32G471VEH6, STM32G471VEI3, STM32G471VEI6, STM32G471VET3, STM32G471VET6, STM32G474CCT6, STM32L476VGY6PTR, STM32L4R5QGI6STR, STM32MP131AAE3, STM32MP131AAF3, STM32MP131AAG3, STM32MP131CAE3, STM32MP131CAF3, STM32MP131CAG3, STM32MP131DAE7, STM32MP131DAF7, STM32MP131DAG7, STM32MP131FAE7, STM32MP131FAF7, STM32MP131FAG7, STM32MP133AAE3, STM32MP133AAF3, STM32MP133AAG3, STM32MP133CAE3, STM32MP133CAF3, STM32MP133CAG3, STM32MP133DAE7, STM32MP133DAF7, STM32MP133DAG7, STM32MP133FAE7, STM32MP133FAF7, STM32MP133FAG7, STM32MP135AAE3, STM32MP135AAF3, STM32MP135AAG3, STM32MP135CAE3, STM32MP135CAF3, STM32MP135CAG3, STM32MP135DAE7, STM32MP135DAF7, STM32MP135DAG7, STM32MP135F-DK, STM32MP135FAE7, STM32MP135FAF7, STM32MP135FAG7, STM32U595ZJT6Q, STM32U599BJY6QTR, STM32U599NIH6Q, STM32U599NJH6Q, STM32U5A5ZJT6Q, STM32U5A9BJY6QTR, STM32U5A9NJH6Q, STM32WB1MMCH6]
2022-10-26 04:04:42,925 [INFO] BoardInfo:879 - No configuration file found for board P-NUCLEO-WB55
2022-10-26 04:04:42,925 [INFO] DbBoards:156 - Kit is not supported: P-NUCLEO-WB55
2022-10-26 04:04:42,937 [INFO] BoardInfo:879 - No configuration file found for board STEVAL-BFA001V1B
2022-10-26 04:04:42,938 [INFO] DbBoards:156 - Kit is not supported: STEVAL-BFA001V1B
2022-10-26 04:04:42,939 [INFO] BoardInfo:879 - No configuration file found for board STEVAL-BFA001V2B
2022-10-26 04:04:42,939 [INFO] DbBoards:156 - Kit is not supported: STEVAL-BFA001V2B
2022-10-26 04:04:43,113 [INFO] DbBoards:160 - Found 176 boards, 173 are supported
2022-10-26 04:04:43,123 [INFO] ApiDb:418 - Load user favorites file C:\Users\Zver/.stm32cubeide/favorites.boards.txt: 0 item(s)
2022-10-26 04:04:43,124 [INFO] ApiDb:422 - User favorites Boards=[]
2022-10-26 04:04:43,124 [INFO] DbBoards:189 - Set 0 / 0 favorites Boards
2022-10-26 04:04:54,846 [ERROR] LogOutputStream:74 - [STDERR_REDIRECT] SLF4J: Failed to load class "org.slf4j.impl.StaticLoggerBinder".
2022-10-26 04:04:54,847 [ERROR] LogOutputStream:74 - [STDERR_REDIRECT] SLF4J: Defaulting to no-operation (NOP) logger implementation
2022-10-26 04:04:54,849 [ERROR] LogOutputStream:74 - [STDERR_REDIRECT] SLF4J: See http://www.slf4j.org/codes.html#StaticLoggerBinder for further details.
2022-10-26 04:06:30,253 [INFO] MainUpdater:2768 - connection check result : 10
2022-10-26 04:06:30,254 [INFO] MainUpdater:2768 - connection check result : 10
2022-10-26 04:06:30,292 [INFO] MicroXplorer:451 - Change Database Path : 
2022-10-26 04:06:30,292 [INFO] MicroXplorer:481 - Change Database Version : DB.6.0.60
2022-10-26 04:06:30,294 [WARN] ThirdParty:827 - waiting for thirdparty lock release [close project]
2022-10-26 04:06:30,294 [INFO] ThirdParty:829 - entering critical section [close project]
2022-10-26 04:06:30,295 [INFO] ThirdParty:839 - exiting critical section [close project]
2022-10-26 04:06:30,303 [INFO] PinOutPanel:1468 - setPackage(No Configuration,No Configuration)
2022-10-26 04:06:30,311 [INFO] UtilMem:74 - Begin LoadConfig() Used Memory: 407108824 Bytes (471859200)
2022-10-26 04:06:30,312 [INFO] MicroXplorer:451 - Change Database Path : 
2022-10-26 04:06:30,313 [INFO] MicroXplorer:481 - Change Database Version : DB.6.0.60
2022-10-26 04:06:30,313 [INFO] OpenFileManager:307 - Change cursor
2022-10-26 04:06:30,397 [INFO] Mcu:1922 - Initializing MCU STM32F103C8Tx STM32F103C8Tx 
2022-10-26 04:06:30,399 [INFO] Mcu:1935 - No CPN specified => set CPN to STM32F103C8T6
2022-10-26 04:06:31,189 [INFO] Context:654 - Trying to add GPIOservice into a context  which must be forbidden
2022-10-26 04:06:31,441 [INFO] ImportTextPane:193 - (OptionalMessage_ERROR) Unable to find key (Mcu.ThirdPartyNb) in loaded IOC file
2022-10-26 04:06:31,442 [INFO] ImportTextPane:193 - (OptionalMessage_ERROR) Unable to find key (Mcu.PinsNb) in loaded IOC file
2022-10-26 04:06:31,442 [INFO] ImportTextPane:193 - (OptionalMessage_ERROR) Unable to find key (Mcu.IPNb) in loaded IOC file
2022-10-26 04:06:31,510 [WARN] ApiManager:308 - Cannot register API 'Board Extension:GNSS1A1' from pack STMicroelectronics.X-CUBE-GNSS1.6.0.0: no header file found
2022-10-26 04:06:31,510 [WARN] ApiManager:308 - Cannot register API 'Board Support:Custom' from pack STMicroelectronics.X-CUBE-GNSS1.6.0.0: no header file found
2022-10-26 04:06:31,510 [WARN] ApiManager:308 - Cannot register API 'Data Exchange:lib_gnss' from pack STMicroelectronics.X-CUBE-GNSS1.6.0.0: no header file found
2022-10-26 04:06:31,540 [WARN] ApiManager:308 - Cannot register API 'Wireless:BlueNRG-MS' from pack STMicroelectronics.X-CUBE-BLE1.6.2.3: no header file found
2022-10-26 04:06:31,542 [INFO] RtosManager:488 - Registered RTOS mode: class=CMSIS, group=RTOS, mode=CMSIS_V1, owner=FREERTOS
2022-10-26 04:06:31,542 [INFO] RtosManager:488 - Registered RTOS mode: class=CMSIS, group=RTOS2, mode=CMSIS_V2, owner=FREERTOS
2022-10-26 04:06:31,542 [INFO] RtosManager:488 - Registered RTOS mode: class=RTOS, group=Core, mode=CMSIS_V1, owner=FREERTOS
2022-10-26 04:06:31,542 [INFO] RtosManager:488 - Registered RTOS mode: class=RTOS, group=Core, mode=CMSIS_V2, owner=FREERTOS
2022-10-26 04:06:31,543 [WARN] ModelIntegratedComponent:185 - Missing modes for component STMicroelectronics:FreeRTOS:0.0.1:STMicroelectronics:RTOS:FreeRTOS:Core:::10.2.0:
2022-10-26 04:06:31,549 [WARN] ApiManager:308 - Cannot register API 'Board Extension:S2868A1' from pack STMicroelectronics.X-CUBE-SUBG2.5.0.0: no header file found
2022-10-26 04:06:31,549 [WARN] ApiManager:308 - Cannot register API 'Board Extension:S2868A2' from pack STMicroelectronics.X-CUBE-SUBG2.5.0.0: no header file found
2022-10-26 04:06:31,549 [WARN] ApiManager:308 - Cannot register API 'Board Extension:S2915A1' from pack STMicroelectronics.X-CUBE-SUBG2.5.0.0: no header file found
2022-10-26 04:06:31,556 [WARN] ApiManager:308 - Cannot register API 'Wireless:BlueNRG-MS' from pack STMicroelectronics.X-CUBE-BLE1.6.2.2: no header file found
2022-10-26 04:06:31,557 [WARN] ApiManager:308 - Cannot register API 'Board Extension:NFC04A1' from pack STMicroelectronics.X-CUBE-NFC4.2.0.4: no header file found
2022-10-26 04:06:31,557 [WARN] ApiManager:308 - Cannot register API 'Wireless:BlueNRG-2' from pack STMicroelectronics.X-CUBE-BLE2.3.2.2: no header file found
2022-10-26 04:06:31,558 [WARN] ApiManager:308 - Cannot register API 'Board Extension:NFC04A1' from pack STMicroelectronics.X-CUBE-NFC4.2.0.3: no header file found
2022-10-26 04:06:31,570 [WARN] ApiManager:308 - Cannot register API 'Board Extension:S2868A1' from pack STMicroelectronics.X-CUBE-SFXS2LP1.3.1.0: no header file found
2022-10-26 04:06:31,571 [WARN] ApiManager:308 - Cannot register API 'Board Extension:S2868A2' from pack STMicroelectronics.X-CUBE-SFXS2LP1.3.1.0: no header file found
2022-10-26 04:06:31,571 [WARN] ApiManager:308 - Cannot register API 'Board Extension:S2915A1' from pack STMicroelectronics.X-CUBE-SFXS2LP1.3.1.0: no header file found
2022-10-26 04:06:31,578 [WARN] ModelIntegratedComponent:64 - No mode defined for component null
2022-10-26 04:06:31,579 [WARN] ModelIntegratedComponent:64 - No mode defined for component null
2022-10-26 04:06:31,579 [WARN] ModelIntegratedComponent:64 - No mode defined for component null
2022-10-26 04:06:31,579 [WARN] ModelIntegratedComponent:64 - No mode defined for component null
2022-10-26 04:06:31,579 [WARN] ModelIntegratedComponent:64 - No mode defined for component null
2022-10-26 04:06:31,579 [WARN] ModelIntegratedComponent:64 - No mode defined for component null
2022-10-26 04:06:31,579 [WARN] ModelIntegratedComponent:64 - No mode defined for component null
2022-10-26 04:06:31,579 [WARN] ModelIntegratedComponent:64 - No mode defined for component null
2022-10-26 04:06:31,579 [WARN] ModelIntegratedComponent:64 - No mode defined for component null
2022-10-26 04:06:31,579 [WARN] ModelIntegratedComponent:64 - No mode defined for component null
2022-10-26 04:06:31,579 [WARN] ModelIntegratedComponent:64 - No mode defined for component null
2022-10-26 04:06:31,580 [WARN] ModelIntegratedComponent:64 - No mode defined for component null
2022-10-26 04:06:31,580 [WARN] ModelIntegratedComponent:64 - No mode defined for component null
2022-10-26 04:06:31,580 [WARN] ModelIntegratedComponent:64 - No mode defined for component null
2022-10-26 04:06:31,580 [WARN] ModelIntegratedComponent:64 - No mode defined for component null
2022-10-26 04:06:31,580 [WARN] ModelIntegratedComponent:64 - No mode defined for component null
2022-10-26 04:06:31,580 [WARN] ModelIntegratedComponent:64 - No mode defined for component null
2022-10-26 04:06:31,580 [WARN] ModelIntegratedComponent:64 - No mode defined for component null
2022-10-26 04:06:31,580 [WARN] ModelIntegratedComponent:64 - No mode defined for component null
2022-10-26 04:06:31,580 [WARN] ModelIntegratedComponent:64 - No mode defined for component null
2022-10-26 04:06:31,580 [WARN] ModelIntegratedComponent:64 - No mode defined for component null
2022-10-26 04:06:31,581 [WARN] ModelIntegratedComponent:64 - No mode defined for component null
2022-10-26 04:06:31,581 [WARN] ModelIntegratedComponent:64 - No mode defined for component null
2022-10-26 04:06:31,581 [WARN] ModelIntegratedComponent:64 - No mode defined for component null
2022-10-26 04:06:31,581 [WARN] ModelIntegratedComponent:64 - No mode defined for component null
2022-10-26 04:06:31,581 [WARN] ModelIntegratedComponent:64 - No mode defined for component null
2022-10-26 04:06:31,581 [WARN] ModelIntegratedComponent:64 - No mode defined for component null
2022-10-26 04:06:31,581 [WARN] ModelIntegratedComponent:64 - No mode defined for component null
2022-10-26 04:06:31,581 [WARN] ModelIntegratedComponent:64 - No mode defined for component null
2022-10-26 04:06:31,581 [WARN] ModelIntegratedComponent:64 - No mode defined for component null
2022-10-26 04:06:31,581 [WARN] ModelIntegratedComponent:64 - No mode defined for component null
2022-10-26 04:06:31,581 [WARN] ModelIntegratedComponent:64 - No mode defined for component null
2022-10-26 04:06:31,582 [WARN] ModelIntegratedComponent:64 - No mode defined for component null
2022-10-26 04:06:31,584 [WARN] ApiManager:308 - Cannot register API 'Board Extension:NFC07A1' from pack STMicroelectronics.X-CUBE-NFC7.1.0.0: no header file found
2022-10-26 04:06:31,588 [WARN] ApiManager:308 - Cannot register API 'Board Extension:S2868A1' from pack STMicroelectronics.X-CUBE-SUBG2.4.2.0: no header file found
2022-10-26 04:06:31,588 [WARN] ApiManager:308 - Cannot register API 'Board Extension:S2868A2' from pack STMicroelectronics.X-CUBE-SUBG2.4.2.0: no header file found
2022-10-26 04:06:31,588 [WARN] ApiManager:308 - Cannot register API 'Board Extension:S2915A1' from pack STMicroelectronics.X-CUBE-SUBG2.4.2.0: no header file found
2022-10-26 04:06:31,700 [WARN] ApiManager:308 - Cannot register API 'Board Extension:IKS01A3' from pack STMicroelectronics.X-CUBE-MEMS1.9.1.0: no header file found
2022-10-26 04:06:31,700 [WARN] ApiManager:308 - Cannot register API 'Board Extension:IKS01A2' from pack STMicroelectronics.X-CUBE-MEMS1.9.1.0: no header file found
2022-10-26 04:06:31,700 [WARN] ApiManager:308 - Cannot register API 'Board Extension:IKS02A1' from pack STMicroelectronics.X-CUBE-MEMS1.9.1.0: no header file found
2022-10-26 04:06:31,775 [WARN] ApiManager:308 - Cannot register API 'Board Extension:IKS01A3' from pack STMicroelectronics.X-CUBE-MEMS1.9.3.0: no header file found
2022-10-26 04:06:31,775 [WARN] ApiManager:308 - Cannot register API 'Board Extension:IKS01A2' from pack STMicroelectronics.X-CUBE-MEMS1.9.3.0: no header file found
2022-10-26 04:06:31,775 [WARN] ApiManager:308 - Cannot register API 'Board Extension:IKS02A1' from pack STMicroelectronics.X-CUBE-MEMS1.9.3.0: no header file found
2022-10-26 04:06:31,782 [WARN] ApiManager:308 - Cannot register API 'Board Extension:EEPRMA1' from pack STMicroelectronics.X-CUBE-EEPRMA1.3.1.1: no header file found
2022-10-26 04:06:31,783 [WARN] ApiManager:308 - Cannot register API 'Board Extension:EEPRMA2' from pack STMicroelectronics.X-CUBE-EEPRMA1.3.1.1: no header file found
2022-10-26 04:06:31,783 [WARN] ApiManager:308 - Cannot register API 'Board Extension:GNSS1A1' from pack STMicroelectronics.X-CUBE-GNSS1.5.2.0: no header file found
2022-10-26 04:06:31,783 [WARN] ApiManager:308 - Cannot register API 'Board Support:Custom' from pack STMicroelectronics.X-CUBE-GNSS1.5.2.0: no header file found
2022-10-26 04:06:31,783 [WARN] ApiManager:308 - Cannot register API 'Data Exchange:lib_gnss' from pack STMicroelectronics.X-CUBE-GNSS1.5.2.0: no header file found
2022-10-26 04:06:31,784 [WARN] ApiManager:308 - Cannot register API 'Board Extension:S2868A1' from pack STMicroelectronics.X-CUBE-SFXS2LP1.4.0.0: no header file found
2022-10-26 04:06:31,784 [WARN] ApiManager:308 - Cannot register API 'Board Extension:S2868A2' from pack STMicroelectronics.X-CUBE-SFXS2LP1.4.0.0: no header file found
2022-10-26 04:06:31,784 [WARN] ApiManager:308 - Cannot register API 'Board Extension:S2915A1' from pack STMicroelectronics.X-CUBE-SFXS2LP1.4.0.0: no header file found
2022-10-26 04:06:31,784 [WARN] ApiManager:308 - Cannot register API 'Wireless:BlueNRG-2' from pack STMicroelectronics.X-CUBE-BLE2.3.3.0: no header file found
2022-10-26 04:06:31,797 [INFO] ThirdPartyModel:289 - Start build external matchings
2022-10-26 04:06:32,174 [INFO] ThirdPartyModel:302 - End build external matchings
2022-10-26 04:06:32,349 [INFO] UtilMem:74 - End LoadConfig() Used Memory: 438212760 Bytes (495976448)
2022-10-26 04:06:32,366 [WARN] ThirdParty:789 - waiting for thirdparty lock release [change project]
2022-10-26 04:06:32,367 [INFO] ThirdParty:791 - entering critical section [change project]
2022-10-26 04:06:32,368 [INFO] ThirdParty:981 - CMSIS Pack Vendor :wolfSSL I-CUBE-wolfSSL 5.2.0
2022-10-26 04:06:32,368 [INFO] ThirdParty:981 - CMSIS Pack Vendor :RoweBots I-CUBE-UNISONRTOS 5.5.0-4
2022-10-26 04:06:32,368 [INFO] ThirdParty:981 - CMSIS Pack Vendor :STMicroelectronics X-CUBE-GNSS1 6.0.0
2022-10-26 04:06:32,368 [INFO] ThirdParty:981 - CMSIS Pack Vendor :STMicroelectronics X-CUBE-AZRTOS-H7 2.1.0
2022-10-26 04:06:32,368 [INFO] ThirdParty:981 - CMSIS Pack Vendor :STMicroelectronics USB_HOST 2.0.0
2022-10-26 04:06:32,368 [INFO] ThirdParty:981 - CMSIS Pack Vendor :STMicroelectronics X-CUBE-AZRTOS-F4 1.1.0
2022-10-26 04:06:32,368 [INFO] ThirdParty:981 - CMSIS Pack Vendor :STMicroelectronics LIBJPEG 8.0.0
2022-10-26 04:06:32,368 [INFO] ThirdParty:981 - CMSIS Pack Vendor :STMicroelectronics USB_DEVICE 3.0.0
2022-10-26 04:06:32,368 [INFO] ThirdParty:981 - CMSIS Pack Vendor :STMicroelectronics X-CUBE-BLEMGR 1.0.0
2022-10-26 04:06:32,369 [INFO] ThirdParty:981 - CMSIS Pack Vendor :STMicroelectronics X-CUBE-BLEMGR 1.2.0
2022-10-26 04:06:32,369 [INFO] ThirdParty:981 - CMSIS Pack Vendor :STMicroelectronics X-CUBE-AZRTOS-F7 1.1.0
2022-10-26 04:06:32,369 [INFO] ThirdParty:981 - CMSIS Pack Vendor :STMicroelectronics USB_DEVICE 2.0.0
2022-10-26 04:06:32,369 [INFO] ThirdParty:981 - CMSIS Pack Vendor :STMicroelectronics X-CUBE-AI 7.1.0
2022-10-26 04:06:32,369 [INFO] ThirdParty:981 - CMSIS Pack Vendor :STMicroelectronics X-CUBE-BLE1 6.2.3
2022-10-26 04:06:32,369 [INFO] ThirdParty:981 - CMSIS Pack Vendor :STMicroelectronics X-CUBE-ALGOBUILD 1.3.0
2022-10-26 04:06:32,369 [INFO] ThirdParty:981 - CMSIS Pack Vendor :STMicroelectronics FreeRTOS 0.0.1
2022-10-26 04:06:32,369 [INFO] ThirdParty:981 - CMSIS Pack Vendor :STMicroelectronics X-CUBE-AZRTOS-G0 1.1.0
2022-10-26 04:06:32,369 [INFO] ThirdParty:981 - CMSIS Pack Vendor :STMicroelectronics X-CUBE-SUBG2 5.0.0
2022-10-26 04:06:32,369 [INFO] ThirdParty:981 - CMSIS Pack Vendor :SEGGER I-CUBE-embOS 1.2.0
2022-10-26 04:06:32,370 [INFO] ThirdParty:981 - CMSIS Pack Vendor :STMicroelectronics STM32_WPAN 1.0.0
2022-10-26 04:06:32,370 [INFO] ThirdParty:981 - CMSIS Pack Vendor :STMicroelectronics lwIP 2.0.3
2022-10-26 04:06:32,370 [INFO] ThirdParty:981 - CMSIS Pack Vendor :STMicroelectronics X-CUBE-BLE1 6.2.2
2022-10-26 04:06:32,370 [INFO] ThirdParty:981 - CMSIS Pack Vendor :STMicroelectronics X-CUBE-NFC4 2.0.4
2022-10-26 04:06:32,370 [INFO] ThirdParty:981 - CMSIS Pack Vendor :STMicroelectronics X-CUBE-BLE2 3.2.2
2022-10-26 04:06:32,370 [INFO] ThirdParty:981 - CMSIS Pack Vendor :STMicroelectronics USB_HOST 1.0.0
2022-10-26 04:06:32,370 [INFO] ThirdParty:981 - CMSIS Pack Vendor :STMicroelectronics X-CUBE-NFC4 2.0.3
2022-10-26 04:06:32,370 [INFO] ThirdParty:981 - CMSIS Pack Vendor :STMicroelectronics PDM2PCM 3.1.0
2022-10-26 04:06:32,370 [INFO] ThirdParty:981 - CMSIS Pack Vendor :STMicroelectronics FP-ATR-ASTRA1 1.1.1
2022-10-26 04:06:32,370 [INFO] ThirdParty:981 - CMSIS Pack Vendor :STMicroelectronics PDM2PCM 3.3.0
2022-10-26 04:06:32,370 [INFO] ThirdParty:981 - CMSIS Pack Vendor :STMicroelectronics X-CUBE-TOF1 3.1.0
2022-10-26 04:06:32,371 [INFO] ThirdParty:981 - CMSIS Pack Vendor :STMicroelectronics X-CUBE-SFXS2LP1 3.1.0
2022-10-26 04:06:32,371 [INFO] ThirdParty:981 - CMSIS Pack Vendor :STMicroelectronics X-CUBE-AZRTOS-F4 1.0.0
2022-10-26 04:06:32,371 [INFO] ThirdParty:981 - CMSIS Pack Vendor :STMicroelectronics X-CUBE-AZRTOS-H7 2.0.0
2022-10-26 04:06:32,371 [INFO] ThirdParty:981 - CMSIS Pack Vendor :STMicroelectronics X-CUBE-AZRTOS-G4 1.0.0
2022-10-26 04:06:32,371 [INFO] ThirdParty:981 - CMSIS Pack Vendor :STMicroelectronics FP-ATR-SIGFOX1 3.2.0
2022-10-26 04:06:32,371 [INFO] ThirdParty:981 - CMSIS Pack Vendor :STMicroelectronics X-CUBE-AZRTOS-L4 1.0.0
2022-10-26 04:06:32,371 [INFO] ThirdParty:981 - CMSIS Pack Vendor :STMicroelectronics HAL Drivers 0.0.0
2022-10-26 04:06:32,371 [INFO] ThirdParty:981 - CMSIS Pack Vendor :STMicroelectronics MBEDTLS 2.16.2
2022-10-26 04:06:32,371 [INFO] ThirdParty:981 - CMSIS Pack Vendor :emotas I-CUBE-CANOPEN 1.1.2
2022-10-26 04:06:32,371 [INFO] ThirdParty:981 - CMSIS Pack Vendor :STMicroelectronics X-CUBE-TOUCHGFX 4.20.0
2022-10-26 04:06:32,371 [INFO] ThirdParty:981 - CMSIS Pack Vendor :STMicroelectronics MBEDTLS 2.14.1
2022-10-26 04:06:32,371 [INFO] ThirdParty:981 - CMSIS Pack Vendor :STMicroelectronics X-CUBE-NFC7 1.0.0
2022-10-26 04:06:32,371 [INFO] ThirdParty:981 - CMSIS Pack Vendor :STMicroelectronics X-CUBE-AZRTOS-F7 1.0.0
2022-10-26 04:06:32,371 [INFO] ThirdParty:981 - CMSIS Pack Vendor :STMicroelectronics X-CUBE-AZRTOS-WL 1.0.0
2022-10-26 04:06:32,371 [INFO] ThirdParty:981 - CMSIS Pack Vendor :STMicroelectronics X-CUBE-SUBG2 4.2.0
2022-10-26 04:06:32,372 [INFO] ThirdParty:981 - CMSIS Pack Vendor :STMicroelectronics X-CUBE-MEMS1 9.1.0
2022-10-26 04:06:32,372 [INFO] ThirdParty:981 - CMSIS Pack Vendor :STMicroelectronics X-CUBE-MEMS1 9.3.0
2022-10-26 04:06:32,372 [INFO] ThirdParty:981 - CMSIS Pack Vendor :portGmbH I-Cube-SoM-uGOAL 1.1.0
2022-10-26 04:06:32,372 [INFO] ThirdParty:981 - CMSIS Pack Vendor :STMicroelectronics X-CUBE-ALS 1.0.1
2022-10-26 04:06:32,372 [INFO] ThirdParty:981 - CMSIS Pack Vendor :STMicroelectronics X-CUBE-AI 7.2.0
2022-10-26 04:06:32,372 [INFO] ThirdParty:981 - CMSIS Pack Vendor :STMicroelectronics ThreadX 1.0.0
2022-10-26 04:06:32,372 [INFO] ThirdParty:981 - CMSIS Pack Vendor :STMicroelectronics X-CUBE-AZRTOS-L5 1.0.0
2022-10-26 04:06:32,372 [INFO] ThirdParty:981 - CMSIS Pack Vendor :STMicroelectronics USB_DEVICE 1.0.0
2022-10-26 04:06:32,372 [INFO] ThirdParty:981 - CMSIS Pack Vendor :STMicroelectronics X-CUBE-AZRTOS-G0 1.0.0
2022-10-26 04:06:32,372 [INFO] ThirdParty:981 - CMSIS Pack Vendor :STMicroelectronics X-CUBE-EEPRMA1 3.1.1
2022-10-26 04:06:32,372 [INFO] ThirdParty:981 - CMSIS Pack Vendor :STMicroelectronics X-CUBE-GNSS1 5.2.0
2022-10-26 04:06:32,372 [INFO] ThirdParty:981 - CMSIS Pack Vendor :STMicroelectronics ThreadX 0.0.2
2022-10-26 04:06:32,372 [INFO] ThirdParty:981 - CMSIS Pack Vendor :STMicroelectronics lwIP 2.1.2
2022-10-26 04:06:32,372 [INFO] ThirdParty:981 - CMSIS Pack Vendor :STMicroelectronics X-CUBE-SFXS2LP1 4.0.0
2022-10-26 04:06:32,372 [INFO] ThirdParty:981 - CMSIS Pack Vendor :STMicroelectronics X-CUBE-BLE2 3.3.0
2022-10-26 04:06:32,373 [INFO] ThirdParty:981 - CMSIS Pack Vendor :STMicroelectronics X-CUBE-DISPLAY 2.0.1
2022-10-26 04:06:32,373 [INFO] ThirdParty:981 - CMSIS Pack Vendor :STMicroelectronics X-CUBE-DISPLAY 2.2.0
2022-10-26 04:06:32,373 [INFO] ThirdParty:981 - CMSIS Pack Vendor :STMicroelectronics X-CUBE-TOF1 3.2.0
2022-10-26 04:06:32,373 [INFO] ThirdParty:981 - CMSIS Pack Vendor :STMicroelectronics PDM2PCM 3.2.0
2022-10-26 04:06:32,373 [INFO] ThirdParty:981 - CMSIS Pack Vendor :STMicroelectronics X-CUBE-TOUCHGFX 4.18.1
2022-10-26 04:06:32,373 [INFO] ThirdParty:981 - CMSIS Pack Vendor :STMicroelectronics X-CUBE-TOF1 3.0.0
2022-10-26 04:06:32,373 [INFO] ThirdParty:981 - CMSIS Pack Vendor :STMicroelectronics X-CUBE-ISPU 1.0.0
2022-10-26 04:06:32,373 [INFO] ThirdParty:797 - exiting critical section [change project]
2022-10-26 04:06:32,661 [INFO] PinOutPanel:1468 - setPackage(No Configuration,No Configuration)
2022-10-26 04:06:32,663 [INFO] PinOutPanel:1468 - setPackage(STM32F103C8Tx,LQFP48)
2022-10-26 04:06:33,183 [INFO] UtilMem:74 - Before build in PCC Used Memory: 433835008 Bytes (495976448)
2022-10-26 04:06:34,071 [INFO] UtilMem:74 - After build in PCC Used Memory: 439452808 Bytes (495976448)
2022-10-26 04:06:34,095 [INFO] IPUIPlugin:79 - create IPUIPlugin
2022-10-26 04:06:34,096 [INFO] IPUIPlugin:79 - create IPUIPlugin
2022-10-26 04:06:34,096 [INFO] IPUIPlugin:79 - create IPUIPlugin
2022-10-26 04:06:34,096 [INFO] IPUIPlugin:79 - create IPUIPlugin
2022-10-26 04:06:34,096 [INFO] IPUIPlugin:79 - create IPUIPlugin
2022-10-26 04:06:34,097 [INFO] IPUIPlugin:79 - create IPUIPlugin
2022-10-26 04:06:34,097 [INFO] IPUIPlugin:79 - create IPUIPlugin
2022-10-26 04:06:34,097 [INFO] IPUIPlugin:79 - create IPUIPlugin
2022-10-26 04:06:34,097 [INFO] IPUIPlugin:79 - create IPUIPlugin
2022-10-26 04:06:34,097 [INFO] IPUIPlugin:79 - create IPUIPlugin
2022-10-26 04:06:34,097 [INFO] IPUIPlugin:79 - create IPUIPlugin
2022-10-26 04:06:34,098 [INFO] IPUIPlugin:79 - create IPUIPlugin
2022-10-26 04:06:34,098 [INFO] IPUIPlugin:79 - create IPUIPlugin
2022-10-26 04:06:34,098 [INFO] IPUIPlugin:79 - create IPUIPlugin
2022-10-26 04:06:34,098 [INFO] IPUIPlugin:79 - create IPUIPlugin
2022-10-26 04:06:34,099 [INFO] IPUIPlugin:79 - create IPUIPlugin
2022-10-26 04:06:34,099 [INFO] IPUIPlugin:79 - create IPUIPlugin
2022-10-26 04:06:34,099 [INFO] IPUIPlugin:79 - create IPUIPlugin
2022-10-26 04:06:34,100 [INFO] IPUIPlugin:79 - create IPUIPlugin
2022-10-26 04:06:34,100 [INFO] IPUIPlugin:79 - create IPUIPlugin
2022-10-26 04:06:34,100 [INFO] IPUIPlugin:79 - create IPUIPlugin
2022-10-26 04:06:34,100 [INFO] IPUIPlugin:79 - create IPUIPlugin
2022-10-26 04:06:34,101 [INFO] IPUIPlugin:79 - create IPUIPlugin
2022-10-26 04:06:34,101 [INFO] IPUIPlugin:79 - create IPUIPlugin
2022-10-26 04:06:34,102 [INFO] IPUIPlugin:79 - create IPUIPlugin
2022-10-26 04:06:34,102 [INFO] IPUIPlugin:79 - create IPUIPlugin
2022-10-26 04:06:34,102 [INFO] IPUIPlugin:79 - create IPUIPlugin
2022-10-26 04:06:34,335 [INFO] OpenFileManager:327 - Restore cursor
2022-10-26 04:06:35,008 [INFO] UtilMem:74 - End SaveConfig() Used Memory: 450272712 Bytes (495976448)
2022-10-26 04:06:35,098 [INFO] UtilMem:74 - End SaveConfig() Used Memory: 441816288 Bytes (495976448)
2022-10-26 04:06:35,541 [INFO] BlockDiagram:2753 - set Specific Code input for plugin: NVIC
2022-10-26 04:06:35,541 [INFO] BlockDiagram:2753 - set Specific Code input for plugin: RCC
2022-10-26 04:06:35,542 [INFO] CodeGenerator:690 - code generatio: config db path: C:\ST\STM32CubeIDE_1.9.0\STM32CubeIDE\plugins\com.st.stm32cube.common.mx_6.6.1.202207061420\\db\
2022-10-26 04:06:35,996 [INFO] CodeEngine:245 - oldGeneratedFile, D:\github\mc\stm32\PWM_Servo_Motor\PWM_Servo_Motor\MXTmpFiles\license.tmp_save
2022-10-26 04:06:36,370 [INFO] CodeEngine:269 - Generated code: D:\github\mc\stm32\PWM_Servo_Motor\PWM_Servo_Motor\MXTmpFiles\license.tmp
2022-10-26 04:06:36,405 [INFO] CodeEngine:245 - oldGeneratedFile, D:\github\mc\stm32\PWM_Servo_Motor\PWM_Servo_Motor\Core\Src\stm32f1xx_it.c_save
2022-10-26 04:06:36,674 [INFO] CodeEngine:269 - Generated code: D:\github\mc\stm32\PWM_Servo_Motor\PWM_Servo_Motor\Core\Src\stm32f1xx_it.c
2022-10-26 04:06:36,686 [INFO] CodeEngine:245 - oldGeneratedFile, D:\github\mc\stm32\PWM_Servo_Motor\PWM_Servo_Motor\Core\Inc\stm32f1xx_it.h_save
2022-10-26 04:06:36,786 [INFO] CodeEngine:269 - Generated code: D:\github\mc\stm32\PWM_Servo_Motor\PWM_Servo_Motor\Core\Inc\stm32f1xx_it.h
2022-10-26 04:06:36,878 [INFO] CodeEngine:245 - oldGeneratedFile, D:\github\mc\stm32\PWM_Servo_Motor\PWM_Servo_Motor\Core\Src\stm32f1xx_hal_msp.c_save
2022-10-26 04:06:37,049 [INFO] CodeEngine:269 - Generated code: D:\github\mc\stm32\PWM_Servo_Motor\PWM_Servo_Motor\Core\Src\stm32f1xx_hal_msp.c
2022-10-26 04:06:37,076 [INFO] CodeEngine:245 - oldGeneratedFile, D:\github\mc\stm32\PWM_Servo_Motor\PWM_Servo_Motor\MXTmpFiles\system.tmp_save
2022-10-26 04:06:37,163 [INFO] CodeEngine:269 - Generated code: D:\github\mc\stm32\PWM_Servo_Motor\PWM_Servo_Motor\MXTmpFiles\system.tmp
2022-10-26 04:06:37,173 [INFO] CodeEngine:245 - oldGeneratedFile, D:\github\mc\stm32\PWM_Servo_Motor\PWM_Servo_Motor\Core\Inc\stm32f1xx_hal_conf.h_save
2022-10-26 04:06:37,301 [INFO] CodeEngine:269 - Generated code: D:\github\mc\stm32\PWM_Servo_Motor\PWM_Servo_Motor\Core\Inc\stm32f1xx_hal_conf.h
2022-10-26 04:06:37,362 [INFO] CodeEngine:245 - oldGeneratedFile, D:\github\mc\stm32\PWM_Servo_Motor\PWM_Servo_Motor\Core\Inc\main.h_save
2022-10-26 04:06:37,509 [INFO] CodeEngine:269 - Generated code: D:\github\mc\stm32\PWM_Servo_Motor\PWM_Servo_Motor\Core\Inc\main.h
2022-10-26 04:06:37,526 [INFO] CodeEngine:245 - oldGeneratedFile, D:\github\mc\stm32\PWM_Servo_Motor\PWM_Servo_Motor\Core\Src\main.c_save
2022-10-26 04:06:37,773 [INFO] CodeEngine:269 - Generated code: D:\github\mc\stm32\PWM_Servo_Motor\PWM_Servo_Motor\Core\Src\main.c
2022-10-26 04:06:38,698 [INFO] ProjectBuilder:2919 - Time for Copy HAL[1] : 343mS.
2022-10-26 04:06:38,711 [INFO] ProjectBuilder:4117 - Project Generator version: 3.17.1
2022-10-26 04:06:39,086 [INFO] ConfigFileManager:1394 - The Die is : DIE410
2022-10-26 04:06:39,101 [INFO] ApiDbMcu:505 - Load IP Config File for FATFS
2022-10-26 04:06:39,133 [INFO] ApiDbMcu:505 - Load IP Config File for FREERTOS
2022-10-26 04:06:39,160 [INFO] ApiDbMcu:505 - Load IP Config File for USB_DEVICE
2022-10-26 04:06:42,151 [INFO] ProjectBuilder:4285 - Time for Generating toolchain IDE Files: 3440mS.
2022-10-26 04:06:42,152 [INFO] ProjectBuilder:2790 - Time for Copy CMSIS : 0mS.
2022-10-26 04:06:42,154 [INFO] ProjectBuilder:2790 - Time for Copy CMSIS : 0mS.
2022-10-26 04:06:43,168 [INFO] McuFinderGlobals:57 - Set McuFinderConnectedMode to true
2022-10-26 04:06:43,170 [INFO] ApiDb:443 - Save user favorites file C:\Users\Zver/.stm32cubeide/favorites.mcus.txt: 1 item(s)
2022-10-26 04:06:43,171 [INFO] ApiDb:447 - User favorites MCUs=[STM32F103C8T6]
2022-10-26 04:19:15,820 [INFO] UtilMem:74 - End SaveConfig() Used Memory: 518989296 Bytes (812646400)
2022-10-26 04:19:17,371 [INFO] UtilMem:74 - End SaveConfig() Used Memory: 540786848 Bytes (812646400)
2022-10-26 04:19:19,630 [INFO] UtilMem:74 - End SaveConfig() Used Memory: 268540208 Bytes (812646400)
2022-10-26 04:19:19,958 [INFO] BlockDiagram:2753 - set Specific Code input for plugin: NVIC
2022-10-26 04:19:19,959 [INFO] BlockDiagram:2753 - set Specific Code input for plugin: TIM1_8F1
2022-10-26 04:19:19,959 [INFO] BlockDiagram:2753 - set Specific Code input for plugin: SYS
2022-10-26 04:19:19,959 [INFO] BlockDiagram:2753 - set Specific Code input for plugin: GPIO
2022-10-26 04:19:19,959 [INFO] BlockDiagram:2753 - set Specific Code input for plugin: RCC
2022-10-26 04:19:19,960 [INFO] CodeGenerator:690 - code generatio: config db path: C:\ST\STM32CubeIDE_1.9.0\STM32CubeIDE\plugins\com.st.stm32cube.common.mx_6.6.1.202207061420\\db\
2022-10-26 04:19:20,165 [INFO] CodeEngine:245 - oldGeneratedFile, D:\github\mc\stm32\PWM_Servo_Motor\PWM_Servo_Motor\MXTmpFiles\license.tmp_save
2022-10-26 04:19:20,259 [INFO] CodeEngine:269 - Generated code: D:\github\mc\stm32\PWM_Servo_Motor\PWM_Servo_Motor\MXTmpFiles\license.tmp
2022-10-26 04:19:20,275 [INFO] CodeEngine:245 - oldGeneratedFile, D:\github\mc\stm32\PWM_Servo_Motor\PWM_Servo_Motor\MXTmpFiles\gpio.tmp_save
2022-10-26 04:19:20,374 [INFO] CodeEngine:269 - Generated code: D:\github\mc\stm32\PWM_Servo_Motor\PWM_Servo_Motor\MXTmpFiles\gpio.tmp
2022-10-26 04:19:20,471 [INFO] CodeEngine:245 - oldGeneratedFile, D:\github\mc\stm32\PWM_Servo_Motor\PWM_Servo_Motor\Core\Src\stm32f1xx_it.c_save
2022-10-26 04:19:20,575 [INFO] CodeEngine:269 - Generated code: D:\github\mc\stm32\PWM_Servo_Motor\PWM_Servo_Motor\Core\Src\stm32f1xx_it.c
2022-10-26 04:19:20,585 [INFO] CodeEngine:245 - oldGeneratedFile, D:\github\mc\stm32\PWM_Servo_Motor\PWM_Servo_Motor\Core\Inc\stm32f1xx_it.h_save
2022-10-26 04:19:20,650 [INFO] CodeEngine:269 - Generated code: D:\github\mc\stm32\PWM_Servo_Motor\PWM_Servo_Motor\Core\Inc\stm32f1xx_it.h
2022-10-26 04:19:20,698 [INFO] CodeEngine:245 - oldGeneratedFile, D:\github\mc\stm32\PWM_Servo_Motor\PWM_Servo_Motor\Core\Src\stm32f1xx_hal_msp.c_save
2022-10-26 04:19:20,797 [INFO] CodeEngine:269 - Generated code: D:\github\mc\stm32\PWM_Servo_Motor\PWM_Servo_Motor\Core\Src\stm32f1xx_hal_msp.c
2022-10-26 04:19:20,800 [INFO] CodeEngine:245 - oldGeneratedFile, D:\github\mc\stm32\PWM_Servo_Motor\PWM_Servo_Motor\MXTmpFiles\system.tmp_save
2022-10-26 04:19:20,856 [INFO] CodeEngine:269 - Generated code: D:\github\mc\stm32\PWM_Servo_Motor\PWM_Servo_Motor\MXTmpFiles\system.tmp
2022-10-26 04:19:20,883 [INFO] CodeEngine:245 - oldGeneratedFile, D:\github\mc\stm32\PWM_Servo_Motor\PWM_Servo_Motor\Core\Inc\stm32f1xx_hal_conf.h_save
2022-10-26 04:19:20,994 [INFO] CodeEngine:269 - Generated code: D:\github\mc\stm32\PWM_Servo_Motor\PWM_Servo_Motor\Core\Inc\stm32f1xx_hal_conf.h
2022-10-26 04:19:21,026 [WARN] IPConfigManager:3348 - IP not found : TIM
2022-10-26 04:19:21,028 [WARN] CodeGenerator:3567 - IP not found : null
2022-10-26 04:19:21,049 [INFO] CodeEngine:245 - oldGeneratedFile, D:\github\mc\stm32\PWM_Servo_Motor\PWM_Servo_Motor\Core\Inc\main.h_save
2022-10-26 04:19:21,148 [INFO] CodeEngine:269 - Generated code: D:\github\mc\stm32\PWM_Servo_Motor\PWM_Servo_Motor\Core\Inc\main.h
2022-10-26 04:19:21,181 [INFO] CodeEngine:245 - oldGeneratedFile, D:\github\mc\stm32\PWM_Servo_Motor\PWM_Servo_Motor\Core\Src\main.c_save
2022-10-26 04:19:21,297 [INFO] CodeEngine:269 - Generated code: D:\github\mc\stm32\PWM_Servo_Motor\PWM_Servo_Motor\Core\Src\main.c
2022-10-26 04:19:21,822 [INFO] ProjectBuilder:2919 - Time for Copy HAL[1] : 105mS.
2022-10-26 04:19:21,825 [INFO] ProjectBuilder:4117 - Project Generator version: 3.17.1
2022-10-26 04:19:22,083 [INFO] ConfigFileManager:1394 - The Die is : DIE410
2022-10-26 04:19:23,516 [INFO] ProjectBuilder:4285 - Time for Generating toolchain IDE Files: 1691mS.
2022-10-26 04:19:23,517 [INFO] ProjectBuilder:2790 - Time for Copy CMSIS : 0mS.
2022-10-26 04:19:23,518 [INFO] ProjectBuilder:2790 - Time for Copy CMSIS : 0mS.
2022-10-26 04:19:26,357 [INFO] NvicIntPanel:100 - NVIC parent = com.st.microxplorer.plugins.ip.nvic.MultiNvicIntPanel[,0,0,0x0,invalid,layout=javax.swing.BoxLayout,alignmentX=0.0,alignmentY=0.0,border=,flags=9,maximumSize=,minimumSize=,preferredSize=]
2022-10-26 04:21:40,483 [INFO] UtilMem:74 - End SaveConfig() Used Memory: 310552344 Bytes (812646400)
2022-10-26 04:21:42,138 [INFO] UtilMem:74 - End SaveConfig() Used Memory: 331501544 Bytes (812646400)
2022-10-26 04:21:43,832 [INFO] UtilMem:74 - End SaveConfig() Used Memory: 357123704 Bytes (812646400)
2022-10-26 04:21:44,065 [INFO] BlockDiagram:2753 - set Specific Code input for plugin: NVIC
2022-10-26 04:21:44,066 [INFO] BlockDiagram:2753 - set Specific Code input for plugin: TIM1_8F1
2022-10-26 04:21:44,067 [INFO] BlockDiagram:2753 - set Specific Code input for plugin: SYS
2022-10-26 04:21:44,067 [INFO] BlockDiagram:2753 - set Specific Code input for plugin: GPIO
2022-10-26 04:21:44,067 [INFO] BlockDiagram:2753 - set Specific Code input for plugin: RCC
2022-10-26 04:21:44,068 [INFO] CodeGenerator:690 - code generatio: config db path: C:\ST\STM32CubeIDE_1.9.0\STM32CubeIDE\plugins\com.st.stm32cube.common.mx_6.6.1.202207061420\\db\
2022-10-26 04:21:44,246 [INFO] CodeEngine:245 - oldGeneratedFile, D:\github\mc\stm32\PWM_Servo_Motor\PWM_Servo_Motor\MXTmpFiles\license.tmp_save
2022-10-26 04:21:44,321 [INFO] CodeEngine:269 - Generated code: D:\github\mc\stm32\PWM_Servo_Motor\PWM_Servo_Motor\MXTmpFiles\license.tmp
2022-10-26 04:21:44,348 [INFO] CodeEngine:245 - oldGeneratedFile, D:\github\mc\stm32\PWM_Servo_Motor\PWM_Servo_Motor\MXTmpFiles\gpio.tmp_save
2022-10-26 04:21:44,424 [INFO] CodeEngine:269 - Generated code: D:\github\mc\stm32\PWM_Servo_Motor\PWM_Servo_Motor\MXTmpFiles\gpio.tmp
2022-10-26 04:21:44,503 [INFO] CodeEngine:245 - oldGeneratedFile, D:\github\mc\stm32\PWM_Servo_Motor\PWM_Servo_Motor\Core\Src\stm32f1xx_it.c_save
2022-10-26 04:21:44,594 [INFO] CodeEngine:269 - Generated code: D:\github\mc\stm32\PWM_Servo_Motor\PWM_Servo_Motor\Core\Src\stm32f1xx_it.c
2022-10-26 04:21:44,600 [INFO] CodeEngine:245 - oldGeneratedFile, D:\github\mc\stm32\PWM_Servo_Motor\PWM_Servo_Motor\Core\Inc\stm32f1xx_it.h_save
2022-10-26 04:21:44,660 [INFO] CodeEngine:269 - Generated code: D:\github\mc\stm32\PWM_Servo_Motor\PWM_Servo_Motor\Core\Inc\stm32f1xx_it.h
2022-10-26 04:21:44,712 [INFO] CodeEngine:245 - oldGeneratedFile, D:\github\mc\stm32\PWM_Servo_Motor\PWM_Servo_Motor\Core\Src\stm32f1xx_hal_msp.c_save
2022-10-26 04:21:44,802 [INFO] CodeEngine:269 - Generated code: D:\github\mc\stm32\PWM_Servo_Motor\PWM_Servo_Motor\Core\Src\stm32f1xx_hal_msp.c
2022-10-26 04:21:44,805 [INFO] CodeEngine:245 - oldGeneratedFile, D:\github\mc\stm32\PWM_Servo_Motor\PWM_Servo_Motor\MXTmpFiles\system.tmp_save
2022-10-26 04:21:44,853 [INFO] CodeEngine:269 - Generated code: D:\github\mc\stm32\PWM_Servo_Motor\PWM_Servo_Motor\MXTmpFiles\system.tmp
2022-10-26 04:21:44,874 [INFO] CodeEngine:245 - oldGeneratedFile, D:\github\mc\stm32\PWM_Servo_Motor\PWM_Servo_Motor\Core\Inc\stm32f1xx_hal_conf.h_save
2022-10-26 04:21:44,970 [INFO] CodeEngine:269 - Generated code: D:\github\mc\stm32\PWM_Servo_Motor\PWM_Servo_Motor\Core\Inc\stm32f1xx_hal_conf.h
2022-10-26 04:21:44,993 [WARN] IPConfigManager:3348 - IP not found : TIM
2022-10-26 04:21:44,994 [WARN] CodeGenerator:3567 - IP not found : null
2022-10-26 04:21:45,012 [INFO] CodeEngine:245 - oldGeneratedFile, D:\github\mc\stm32\PWM_Servo_Motor\PWM_Servo_Motor\Core\Inc\main.h_save
2022-10-26 04:21:45,120 [INFO] CodeEngine:269 - Generated code: D:\github\mc\stm32\PWM_Servo_Motor\PWM_Servo_Motor\Core\Inc\main.h
2022-10-26 04:21:45,154 [INFO] CodeEngine:245 - oldGeneratedFile, D:\github\mc\stm32\PWM_Servo_Motor\PWM_Servo_Motor\Core\Src\main.c_save
2022-10-26 04:21:45,261 [INFO] CodeEngine:269 - Generated code: D:\github\mc\stm32\PWM_Servo_Motor\PWM_Servo_Motor\Core\Src\main.c
2022-10-26 04:21:45,823 [INFO] ProjectBuilder:2919 - Time for Copy HAL[1] : 126mS.
2022-10-26 04:21:45,826 [INFO] ProjectBuilder:4117 - Project Generator version: 3.17.1
2022-10-26 04:21:46,021 [INFO] ConfigFileManager:1394 - The Die is : DIE410
2022-10-26 04:21:47,463 [INFO] ProjectBuilder:4285 - Time for Generating toolchain IDE Files: 1637mS.
2022-10-26 04:21:47,469 [INFO] ProjectBuilder:2790 - Time for Copy CMSIS : 6mS.
2022-10-26 04:21:47,472 [INFO] ProjectBuilder:2790 - Time for Copy CMSIS : 0mS.
