2022-10-27 03:59:35,368 [INFO] Activator:177 - 


2022-10-27 03:59:35,369 [INFO] Activator:178 - !SESSION log4j initialized
2022-10-27 03:59:37,881 [INFO] McuFinderGlobals:44 - Set McuFinder mode to 2 (CubeIDE integrated)
2022-10-27 03:59:38,890 [INFO] ApplicationProperties:181 - Using Application install path: C:\ST\STM32CubeIDE_1.9.0\STM32CubeIDE\plugins\com.st.stm32cube.common.mx_6.6.1.202207061420
2022-10-27 03:59:38,906 [INFO] DbMcusXml:77 - Set database path to: C:\ST\STM32CubeIDE_1.9.0\STM32CubeIDE\plugins\com.st.stm32cube.common.mx_6.6.1.202207061420\\db\/mcu/
2022-10-27 03:59:38,907 [INFO] ApiDb:269 - Set plugin database path to: C:\ST\STM32CubeIDE_1.9.0\STM32CubeIDE\plugins\com.st.stm32cube.common.mx_6.6.1.202207061420\\db\/plugins/boardmanager/
2022-10-27 03:59:38,910 [WARN] ApiDb:254 - Overriding images path with different value:  => C:\ST\STM32CubeIDE_1.9.0\STM32CubeIDE\plugins\com.st.stm32cube.common.mx_6.6.1.202207061420\\db\/plugins/mcufinder/images/
2022-10-27 03:59:38,923 [INFO] ApiDb:249 - Set database path to: C:\Users\Zver\.stmcufinder\plugins\mcufinder//mcu/
2022-10-27 03:59:38,925 [INFO] DbMcusAds:124 - Set database path to: C:\Users\Zver\.stmcufinder\plugins\mcufinder//mcu/
2022-10-27 03:59:38,927 [INFO] CrossReferenceDbSqlite:201 - Set database path to: C:\Users\Zver\.stmcufinder\plugins\mcufinder//mcu/cs/
2022-10-27 03:59:39,023 [INFO] RulesReader:61 - Compatibility file has been processed (282 Rules)
2022-10-27 03:59:39,126 [INFO] DbMcusXml:77 - Set database path to: C:\ST\STM32CubeIDE_1.9.0\STM32CubeIDE\plugins\com.st.stm32cube.common.mx_6.6.1.202207061420\\db\/mcu/
2022-10-27 03:59:39,126 [INFO] ApiDb:269 - Set plugin database path to: C:\ST\STM32CubeIDE_1.9.0\STM32CubeIDE\plugins\com.st.stm32cube.common.mx_6.6.1.202207061420\\db\/plugins/boardmanager/
2022-10-27 03:59:39,127 [INFO] ApiDb:256 - Set plugin images path to: C:\ST\STM32CubeIDE_1.9.0\STM32CubeIDE\plugins\com.st.stm32cube.common.mx_6.6.1.202207061420\\db\/plugins/mcufinder/images/
2022-10-27 03:59:39,127 [WARN] DbFile:40 - Overriding database path with different value: C:\Users\Zver\.stmcufinder\plugins\mcufinder/ => C:\Users\Zver\.stmcufinder\plugins\mcufinder
2022-10-27 03:59:39,127 [INFO] ApiDb:249 - Set database path to: C:\Users\Zver\.stmcufinder\plugins\mcufinder//mcu/
2022-10-27 03:59:39,127 [WARN] DbFile:40 - Overriding database path with different value: C:\Users\Zver\.stmcufinder\plugins\mcufinder/ => C:\Users\Zver\.stmcufinder\plugins\mcufinder
2022-10-27 03:59:39,127 [INFO] DbMcusAds:124 - Set database path to: C:\Users\Zver\.stmcufinder\plugins\mcufinder//mcu/
2022-10-27 03:59:39,128 [WARN] DbFile:40 - Overriding database path with different value: C:\Users\Zver\.stmcufinder\plugins\mcufinder/ => C:\Users\Zver\.stmcufinder\plugins\mcufinder
2022-10-27 03:59:39,128 [WARN] DbFile:40 - Overriding database path with different value: C:\Users\Zver\.stmcufinder\plugins\mcufinder/ => C:\Users\Zver\.stmcufinder\plugins\mcufinder
2022-10-27 03:59:39,128 [INFO] CrossReferenceDbSqlite:201 - Set database path to: C:\Users\Zver\.stmcufinder\plugins\mcufinder//mcu/cs/
2022-10-27 03:59:39,209 [INFO] MainPanel:242 - HeapMemory: 268435456
2022-10-27 03:59:39,272 [INFO] DbMcusXml:77 - Set database path to: C:\ST\STM32CubeIDE_1.9.0\STM32CubeIDE\plugins\com.st.stm32cube.common.mx_6.6.1.202207061420\\db\/mcu/
2022-10-27 03:59:39,272 [INFO] ApiDb:269 - Set plugin database path to: C:\ST\STM32CubeIDE_1.9.0\STM32CubeIDE\plugins\com.st.stm32cube.common.mx_6.6.1.202207061420\\db\/plugins/boardmanager/
2022-10-27 03:59:39,272 [INFO] ApiDb:256 - Set plugin images path to: C:\ST\STM32CubeIDE_1.9.0\STM32CubeIDE\plugins\com.st.stm32cube.common.mx_6.6.1.202207061420\\db\/plugins/mcufinder/images/
2022-10-27 03:59:39,273 [WARN] DbFile:40 - Overriding database path with different value: C:\Users\Zver\.stmcufinder\plugins\mcufinder/ => C:\Users\Zver\.stmcufinder\plugins\mcufinder
2022-10-27 03:59:39,273 [INFO] ApiDb:249 - Set database path to: C:\Users\Zver\.stmcufinder\plugins\mcufinder//mcu/
2022-10-27 03:59:39,273 [WARN] DbFile:40 - Overriding database path with different value: C:\Users\Zver\.stmcufinder\plugins\mcufinder/ => C:\Users\Zver\.stmcufinder\plugins\mcufinder
2022-10-27 03:59:39,273 [INFO] DbMcusAds:124 - Set database path to: C:\Users\Zver\.stmcufinder\plugins\mcufinder//mcu/
2022-10-27 03:59:39,273 [WARN] DbFile:40 - Overriding database path with different value: C:\Users\Zver\.stmcufinder\plugins\mcufinder/ => C:\Users\Zver\.stmcufinder\plugins\mcufinder
2022-10-27 03:59:39,273 [WARN] DbFile:40 - Overriding database path with different value: C:\Users\Zver\.stmcufinder\plugins\mcufinder/ => C:\Users\Zver\.stmcufinder\plugins\mcufinder
2022-10-27 03:59:39,274 [INFO] CrossReferenceDbSqlite:201 - Set database path to: C:\Users\Zver\.stmcufinder\plugins\mcufinder//mcu/cs/
2022-10-27 03:59:39,291 [INFO] ApplicationProperties:181 - Using Application install path: C:\ST\STM32CubeIDE_1.9.0\STM32CubeIDE\plugins\com.st.stm32cube.common.mx_6.6.1.202207061420
2022-10-27 03:59:39,292 [INFO] PluginManage:193 - Search for loadable plugins [exclusion list=, ]
2022-10-27 03:59:39,293 [INFO] PluginManage:307 - Check plugin analytics
2022-10-27 03:59:39,426 [INFO] AnalyticsPlugin:262 - Accepted Software Licenses: 
2022-10-27 03:59:39,427 [INFO] AnalyticsPlugin:264 - Accepted CMSIS Pack Licenses: 
2022-10-27 03:59:39,427 [INFO] AnalyticsPlugin:266 - Accepted Firmware Licenses: 
2022-10-27 03:59:39,435 [INFO] PluginManage:356 - Loaded plugin analytics (category:tool,tabindex:-1)
2022-10-27 03:59:39,435 [INFO] PluginManage:307 - Check plugin cadmodel
2022-10-27 03:59:39,439 [INFO] CADModel:65 - Init CAD model plugin
2022-10-27 03:59:39,439 [INFO] PluginManage:356 - Loaded plugin cadmodel (category:power,tabindex:5)
2022-10-27 03:59:39,440 [INFO] PluginManage:307 - Check plugin clock
2022-10-27 03:59:39,448 [INFO] PluginManage:356 - Loaded plugin clock (category:base,tabindex:2)
2022-10-27 03:59:39,449 [INFO] PluginManage:307 - Check plugin ddr
2022-10-27 03:59:39,450 [INFO] PluginManage:356 - Loaded plugin ddr (category:tool,tabindex:6)
2022-10-27 03:59:39,451 [INFO] PluginManage:307 - Check plugin filemanager
2022-10-27 03:59:39,655 [INFO] PluginManage:356 - Loaded plugin filemanager (category:base,tabindex:10)
2022-10-27 03:59:39,655 [INFO] PluginManage:307 - Check plugin ipmanager
2022-10-27 03:59:39,667 [INFO] PluginManage:356 - Loaded plugin ipmanager (category:base,tabindex:5)
2022-10-27 03:59:39,667 [INFO] PluginManage:307 - Check plugin lpbam
2022-10-27 03:59:39,674 [INFO] PluginManage:356 - Loaded plugin lpbam (category:base,tabindex:0)
2022-10-27 03:59:39,675 [INFO] PluginManage:307 - Check plugin pinoutandconfiguration
2022-10-27 03:59:39,681 [INFO] PluginManage:356 - Loaded plugin pinoutandconfiguration (category:base,tabindex:1)
2022-10-27 03:59:39,681 [INFO] PluginManage:307 - Check plugin pinoutconfig
2022-10-27 03:59:39,714 [INFO] PluginManage:356 - Loaded plugin pinoutconfig (category:base,tabindex:0)
2022-10-27 03:59:39,715 [INFO] PluginManage:307 - Check plugin power
2022-10-27 03:59:39,721 [INFO] PluginManage:356 - Loaded plugin power (category:power,tabindex:4)
2022-10-27 03:59:39,722 [INFO] PluginManage:307 - Check plugin projectmanager
2022-10-27 03:59:39,733 [INFO] PluginManage:356 - Loaded plugin projectmanager (category:projectmanager,tabindex:3)
2022-10-27 03:59:39,733 [INFO] PluginManage:307 - Check plugin thirdparty
2022-10-27 03:59:39,825 [WARN] IntegrityCheckThread:82 - waiting for thirdparty lock release [integrity check]
2022-10-27 03:59:39,825 [INFO] PluginManage:356 - Loaded plugin thirdparty (category:base,tabindex:-1)
2022-10-27 03:59:39,826 [INFO] IntegrityCheckThread:84 - entering critical section [integrity check]
2022-10-27 03:59:39,826 [INFO] PluginManage:307 - Check plugin tools
2022-10-27 03:59:39,828 [INFO] ThirdPartyUpdaterWithRetryManager:70 - Updater plugin not ready yet. [1/15]
2022-10-27 03:59:39,829 [INFO] PluginManage:356 - Loaded plugin tools (category:base,tabindex:7)
2022-10-27 03:59:39,829 [INFO] PluginManage:307 - Check plugin tutovideos
2022-10-27 03:59:39,976 [INFO] PluginManage:356 - Loaded plugin tutovideos (category:base,tabindex:-1)
2022-10-27 03:59:39,976 [INFO] PluginManage:307 - Check plugin updater
2022-10-27 03:59:39,987 [INFO] PluginManage:356 - Loaded plugin updater (category:base,tabindex:12)
2022-10-27 03:59:39,988 [INFO] PluginManage:280 - PluginManage : Loaded plugins [15]
2022-10-27 03:59:40,430 [INFO] PinOutPanel:1468 - setPackage(No Configuration,No Configuration)
2022-10-27 03:59:40,511 [INFO] CADModel:98 - CPN selected for project level
2022-10-27 03:59:40,522 [INFO] IPUIPlugin:79 - create IPUIPlugin
2022-10-27 03:59:40,523 [INFO] PluginManager:217 - loadIPPluginJar : add adc
2022-10-27 03:59:40,525 [INFO] IPUIPlugin:79 - create IPUIPlugin
2022-10-27 03:59:40,526 [INFO] PluginManager:217 - loadIPPluginJar : add aes
2022-10-27 03:59:40,527 [INFO] IPUIPlugin:79 - create IPUIPlugin
2022-10-27 03:59:40,527 [INFO] PluginManager:217 - loadIPPluginJar : add can
2022-10-27 03:59:40,528 [INFO] IPUIPlugin:79 - create IPUIPlugin
2022-10-27 03:59:40,529 [INFO] PluginManager:217 - loadIPPluginJar : add comp
2022-10-27 03:59:40,530 [INFO] IPUIPlugin:79 - create IPUIPlugin
2022-10-27 03:59:40,530 [INFO] PluginManager:217 - loadIPPluginJar : add cryp
2022-10-27 03:59:40,531 [INFO] IPUIPlugin:79 - create IPUIPlugin
2022-10-27 03:59:40,532 [INFO] PluginManager:217 - loadIPPluginJar : add dfsdm
2022-10-27 03:59:40,535 [INFO] IPUIPlugin:79 - create IPUIPlugin
2022-10-27 03:59:40,536 [INFO] PluginManager:217 - loadIPPluginJar : add dma
2022-10-27 03:59:40,537 [INFO] IPUIPlugin:79 - create IPUIPlugin
2022-10-27 03:59:40,537 [INFO] PluginManager:217 - loadIPPluginJar : add dma3
2022-10-27 03:59:40,538 [INFO] IPUIPlugin:79 - create IPUIPlugin
2022-10-27 03:59:40,538 [INFO] PluginManager:217 - loadIPPluginJar : add fatfs
2022-10-27 03:59:40,541 [INFO] IPUIPlugin:79 - create IPUIPlugin
2022-10-27 03:59:40,541 [INFO] PluginManager:217 - loadIPPluginJar : add fmc
2022-10-27 03:59:40,545 [INFO] IPUIPlugin:79 - create IPUIPlugin
2022-10-27 03:59:40,545 [INFO] PluginManager:217 - loadIPPluginJar : add freertos
2022-10-27 03:59:40,546 [INFO] IPUIPlugin:79 - create IPUIPlugin
2022-10-27 03:59:40,546 [INFO] PluginManager:217 - loadIPPluginJar : add genericplugin
2022-10-27 03:59:40,547 [INFO] IPUIPlugin:79 - create IPUIPlugin
2022-10-27 03:59:40,548 [INFO] PluginManager:217 - loadIPPluginJar : add gfxmmu
2022-10-27 03:59:40,551 [INFO] IPUIPlugin:79 - create IPUIPlugin
2022-10-27 03:59:40,551 [INFO] PluginManager:217 - loadIPPluginJar : add gic
2022-10-27 03:59:40,554 [INFO] IPUIPlugin:79 - create IPUIPlugin
2022-10-27 03:59:40,554 [INFO] PluginManager:217 - loadIPPluginJar : add gpio
2022-10-27 03:59:40,556 [INFO] IPUIPlugin:79 - create IPUIPlugin
2022-10-27 03:59:40,556 [INFO] PluginManager:217 - loadIPPluginJar : add gtzc
2022-10-27 03:59:40,559 [INFO] IPUIPlugin:79 - create IPUIPlugin
2022-10-27 03:59:40,559 [INFO] PluginManager:217 - loadIPPluginJar : add hash
2022-10-27 03:59:40,561 [INFO] IPUIPlugin:79 - create IPUIPlugin
2022-10-27 03:59:40,562 [INFO] PluginManager:217 - loadIPPluginJar : add i2c
2022-10-27 03:59:40,563 [INFO] IPUIPlugin:79 - create IPUIPlugin
2022-10-27 03:59:40,564 [INFO] PluginManager:217 - loadIPPluginJar : add i2s
2022-10-27 03:59:40,566 [INFO] IPUIPlugin:79 - create IPUIPlugin
2022-10-27 03:59:40,567 [INFO] PluginManager:217 - loadIPPluginJar : add ipddr
2022-10-27 03:59:40,572 [INFO] IPUIPlugin:79 - create IPUIPlugin
2022-10-27 03:59:40,572 [INFO] PluginManager:217 - loadIPPluginJar : add linkedlist
2022-10-27 03:59:40,574 [INFO] IPUIPlugin:79 - create IPUIPlugin
2022-10-27 03:59:40,574 [INFO] PluginManager:217 - loadIPPluginJar : add lorawan
2022-10-27 03:59:40,575 [INFO] IPUIPlugin:79 - create IPUIPlugin
2022-10-27 03:59:40,575 [INFO] PluginManager:217 - loadIPPluginJar : add ltdc
2022-10-27 03:59:40,579 [INFO] IPUIPlugin:79 - create IPUIPlugin
2022-10-27 03:59:40,579 [INFO] PluginManager:217 - loadIPPluginJar : add mdma
2022-10-27 03:59:40,581 [INFO] IPUIPlugin:79 - create IPUIPlugin
2022-10-27 03:59:40,581 [INFO] PluginManager:217 - loadIPPluginJar : add nvic
2022-10-27 03:59:40,583 [INFO] IPUIPlugin:79 - create IPUIPlugin
2022-10-27 03:59:40,583 [INFO] PluginManager:217 - loadIPPluginJar : add opamp
2022-10-27 03:59:40,586 [INFO] IPUIPlugin:79 - create IPUIPlugin
2022-10-27 03:59:40,587 [INFO] PluginManager:217 - loadIPPluginJar : add openamp
2022-10-27 03:59:40,589 [INFO] IPUIPlugin:79 - create IPUIPlugin
2022-10-27 03:59:40,589 [INFO] PluginManager:217 - loadIPPluginJar : add pdm2pcm
2022-10-27 03:59:40,595 [INFO] IPUIPlugin:79 - create IPUIPlugin
2022-10-27 03:59:40,597 [INFO] PluginManager:217 - loadIPPluginJar : add plateformsettings
2022-10-27 03:59:40,598 [INFO] IPUIPlugin:79 - create IPUIPlugin
2022-10-27 03:59:40,599 [INFO] PluginManager:217 - loadIPPluginJar : add quadspi
2022-10-27 03:59:40,601 [INFO] IPUIPlugin:79 - create IPUIPlugin
2022-10-27 03:59:40,601 [INFO] PluginManager:217 - loadIPPluginJar : add resmgrutility
2022-10-27 03:59:40,603 [INFO] IPUIPlugin:79 - create IPUIPlugin
2022-10-27 03:59:40,604 [INFO] PluginManager:217 - loadIPPluginJar : add sai
2022-10-27 03:59:40,605 [INFO] IPUIPlugin:79 - create IPUIPlugin
2022-10-27 03:59:40,606 [INFO] PluginManager:217 - loadIPPluginJar : add spi
2022-10-27 03:59:40,609 [INFO] IPUIPlugin:79 - create IPUIPlugin
2022-10-27 03:59:40,610 [INFO] PluginManager:217 - loadIPPluginJar : add stm32_wpan
2022-10-27 03:59:40,611 [INFO] IPUIPlugin:79 - create IPUIPlugin
2022-10-27 03:59:40,611 [INFO] PluginManager:217 - loadIPPluginJar : add tim
2022-10-27 03:59:40,613 [INFO] IPUIPlugin:79 - create IPUIPlugin
2022-10-27 03:59:40,614 [INFO] PluginManager:217 - loadIPPluginJar : add touchsensing
2022-10-27 03:59:40,615 [INFO] IPUIPlugin:79 - create IPUIPlugin
2022-10-27 03:59:40,616 [INFO] PluginManager:217 - loadIPPluginJar : add tracer_emb
2022-10-27 03:59:40,617 [INFO] IPUIPlugin:79 - create IPUIPlugin
2022-10-27 03:59:40,618 [INFO] PluginManager:217 - loadIPPluginJar : add ts
2022-10-27 03:59:40,619 [INFO] IPUIPlugin:79 - create IPUIPlugin
2022-10-27 03:59:40,619 [INFO] PluginManager:217 - loadIPPluginJar : add tsc
2022-10-27 03:59:40,620 [INFO] IPUIPlugin:79 - create IPUIPlugin
2022-10-27 03:59:40,620 [INFO] PluginManager:217 - loadIPPluginJar : add ucpd
2022-10-27 03:59:40,622 [INFO] IPUIPlugin:79 - create IPUIPlugin
2022-10-27 03:59:40,622 [INFO] PluginManager:217 - loadIPPluginJar : add usart
2022-10-27 03:59:40,625 [INFO] IPUIPlugin:79 - create IPUIPlugin
2022-10-27 03:59:40,625 [INFO] PluginManager:217 - loadIPPluginJar : add usbx
2022-10-27 03:59:40,889 [FATAL] Updater:301 - Updater called before beeing initialized
2022-10-27 03:59:41,027 [FATAL] Updater:301 - Updater called before beeing initialized
2022-10-27 03:59:41,033 [INFO] DbMcusAds:52 - JSON generation date=Thu Sep 30 09:56:37 MSK 2021 (1632984997303)
2022-10-27 03:59:41,033 [FATAL] Updater:301 - Updater called before beeing initialized
2022-10-27 03:59:41,064 [WARN] DetailPanel:344 - Failed to get advertising image, set to default
2022-10-27 03:59:41,179 [FATAL] Updater:301 - Updater called before beeing initialized
2022-10-27 03:59:41,181 [FATAL] Updater:301 - Updater called before beeing initialized
2022-10-27 03:59:41,181 [FATAL] Updater:301 - Updater called before beeing initialized
2022-10-27 03:59:41,181 [WARN] DetailPanel:344 - Failed to get advertising image, set to default
2022-10-27 03:59:41,182 [FATAL] Updater:301 - Updater called before beeing initialized
2022-10-27 03:59:41,222 [ERROR] Updater:1105 - MainUpdater not yet initialized. External WinMGr cannot be set.
2022-10-27 03:59:41,223 [INFO] Updater:1041 - Updater Version found : 6.6.1
2022-10-27 03:59:41,235 [INFO] ApplicationProperties:181 - Using Application install path: C:\ST\STM32CubeIDE_1.9.0\STM32CubeIDE\plugins\com.st.stm32cube.common.mx_6.6.1.202207061420
2022-10-27 03:59:41,334 [INFO] MainUpdater:2768 - connection check result : 10
2022-10-27 03:59:41,335 [INFO] MainUpdater:280 - Updater Check For Update Now.
2022-10-27 03:59:41,336 [INFO] MicroXplorer:481 - Change Database Version : DB.6.0.60
2022-10-27 03:59:41,507 [INFO] CheckServerUpdateThread:119 - End of CheckServer Thread
2022-10-27 03:59:41,549 [INFO] MainUpdater:2768 - connection check result : 10
2022-10-27 03:59:41,726 [INFO] McuFinderGlobals:57 - Set McuFinderConnectedMode to true
2022-10-27 03:59:41,732 [INFO] MultiScanPanel:195 - Auto-refresh data requested => check proxy status ongoing
2022-10-27 03:59:41,735 [INFO] FinderPluginLoader:92 - Searching for filters in installed packs
2022-10-27 03:59:41,843 [INFO] ApiDb:576 - Connected to CubeFinder SQLite database (C:\Users\Zver\.stmcufinder\plugins\mcufinder\mcu\cube-finder-db.db)
2022-10-27 03:59:41,869 [INFO] ApiDb:663 - CubeFinder database Data Model version=2.1
2022-10-27 03:59:41,869 [INFO] ApiDb:664 - CubeFinder database Configuration version=3.0.32
2022-10-27 03:59:41,869 [INFO] ApiDb:665 - CubeFinder database generation date=2022-08-05 (1659688109)
2022-10-27 03:59:41,869 [INFO] ApiDb:666 - CubeFinder database FW Pack versions=[STM32Cube_FW_C0_V1.0.0, STM32Cube_FW_F4_V1.27.1, STM32Cube_FW_F7_V1.17.0, STM32Cube_FW_G0_V1.6.1, STM32Cube_FW_G4_V1.5.0, STM32Cube_FW_H7_V1.10.0, STM32Cube_FW_L5_V1.4.0, STM32Cube_FW_U5_V1.1.1, STM32Cube_FW_WB_V1.14.1, STM32Cube_FW_WL_V1.2.0, X-CUBE-ALGOBUILD_V1.3.0, X-CUBE-ALS_V1.0.1, X-CUBE-AZRTOS-F4_V1.1.0, X-CUBE-AZRTOS-F7_V1.1.0, X-CUBE-AZRTOS-G0_V1.1.0, X-CUBE-AZRTOS-G4_V1.0.0, X-CUBE-AZRTOS-H7_V2.1.0, X-CUBE-AZRTOS-L4_V1.0.0, X-CUBE-AZRTOS-L5_V1.0.0, X-CUBE-AZRTOS-WL_V1.0.0, X-CUBE-BLE1_V6.2.3, X-CUBE-BLE2_V3.3.0, X-CUBE-EEPRMA1_V3.1.1, X-CUBE-GNSS1_V6.0.0, X-CUBE-MEMS1_V9.1.0, X-CUBE-MEMS1_V9.3.0, X-CUBE-NFC4_V2.0.4, X-CUBE-NFC7_V1.0.0, X-CUBE-SFXS2LP1_V4.0.0, X-CUBE-SUBG2_V5.0.0]
2022-10-27 03:59:42,929 [WARN] PackLoader:242 - Cannot read IP mode file for wolfSSL.I-CUBE-wolfSSL.5.2.0
2022-10-27 03:59:42,940 [WARN] PackLoader:242 - Cannot read IP mode file for STMicroelectronics.X-CUBE-GNSS1.6.0.0
2022-10-27 03:59:42,964 [WARN] PackLoader:242 - Cannot read IP mode file for STMicroelectronics.X-CUBE-AZRTOS-F4.1.1.0
2022-10-27 03:59:42,980 [WARN] PackLoader:242 - Cannot read IP mode file for STMicroelectronics.X-CUBE-BLEMGR.1.2.0
2022-10-27 03:59:43,009 [WARN] PackLoader:242 - Cannot read IP mode file for STMicroelectronics.X-CUBE-AZRTOS-F7.1.1.0
2022-10-27 03:59:43,016 [WARN] PackLoader:242 - Cannot read IP mode file for STMicroelectronics.X-CUBE-AI.7.1.0
2022-10-27 03:59:43,021 [WARN] PackLoader:242 - Cannot read IP mode file for STMicroelectronics.X-CUBE-BLE1.6.2.3
2022-10-27 03:59:43,027 [WARN] PackLoader:242 - Cannot read IP mode file for STMicroelectronics.X-CUBE-BLE1.6.2.2
2022-10-27 03:59:43,032 [WARN] PackLoader:242 - Cannot read IP mode file for STMicroelectronics.X-CUBE-NFC4.2.0.4
2022-10-27 03:59:43,037 [WARN] PackLoader:242 - Cannot read IP mode file for STMicroelectronics.X-CUBE-BLE2.3.2.2
2022-10-27 03:59:43,044 [WARN] PackLoader:242 - Cannot read IP mode file for STMicroelectronics.X-CUBE-NFC4.2.0.3
2022-10-27 03:59:43,053 [WARN] PackLoader:242 - Cannot read IP mode file for STMicroelectronics.X-CUBE-TOF1.3.1.0
2022-10-27 03:59:43,068 [WARN] PackLoader:242 - Cannot read IP mode file for STMicroelectronics.X-CUBE-SFXS2LP1.3.1.0
2022-10-27 03:59:43,090 [WARN] PackLoader:242 - Cannot read IP mode file for STMicroelectronics.X-CUBE-AZRTOS-F4.1.0.0
2022-10-27 03:59:43,100 [WARN] PackLoader:242 - Cannot read IP mode file for STMicroelectronics.X-CUBE-NFC7.1.0.0
2022-10-27 03:59:43,112 [WARN] PackLoader:242 - Cannot read IP mode file for STMicroelectronics.X-CUBE-SUBG2.4.2.0
2022-10-27 03:59:43,167 [WARN] PackLoader:242 - Cannot read IP mode file for STMicroelectronics.X-CUBE-MEMS1.9.3.0
2022-10-27 03:59:43,282 [WARN] PackLoader:242 - Cannot read IP mode file for STMicroelectronics.X-CUBE-AI.7.2.0
2022-10-27 03:59:43,293 [WARN] PackLoader:242 - Cannot read IP mode file for STMicroelectronics.X-CUBE-AZRTOS-G0.1.0.0
2022-10-27 03:59:43,299 [WARN] PackLoader:242 - Cannot read IP mode file for STMicroelectronics.X-CUBE-SFXS2LP1.4.0.0
2022-10-27 03:59:43,303 [WARN] PackLoader:242 - Cannot read IP mode file for STMicroelectronics.X-CUBE-BLE2.3.3.0
2022-10-27 03:59:43,311 [WARN] PackLoader:242 - Cannot read IP mode file for STMicroelectronics.X-CUBE-DISPLAY.2.2.0
2022-10-27 03:59:43,319 [WARN] PackLoader:242 - Cannot read IP mode file for STMicroelectronics.X-CUBE-TOF1.3.2.0
2022-10-27 03:59:43,327 [WARN] PackLoader:242 - Cannot read IP mode file for STMicroelectronics.X-CUBE-TOUCHGFX.4.18.1
2022-10-27 03:59:43,329 [WARN] PackLoader:242 - Cannot read IP mode file for STMicroelectronics.X-CUBE-ISPU.1.0.0
2022-10-27 03:59:43,337 [WARN] PackLoader:242 - Cannot read IP mode file for RoweBots.I-CUBE-UNISONRTOS.5.5.0-4
2022-10-27 03:59:43,366 [WARN] PackLoader:242 - Cannot read IP mode file for STMicroelectronics.X-CUBE-AZRTOS-H7.2.1.0
2022-10-27 03:59:43,374 [WARN] PackLoader:242 - Cannot read IP mode file for STMicroelectronics.X-CUBE-BLEMGR.1.0.0
2022-10-27 03:59:43,382 [WARN] PackLoader:242 - Cannot read IP mode file for STMicroelectronics.X-CUBE-ALGOBUILD.1.3.0
2022-10-27 03:59:43,398 [WARN] PackLoader:242 - Cannot read IP mode file for STMicroelectronics.X-CUBE-AZRTOS-G0.1.1.0
2022-10-27 03:59:43,409 [WARN] PackLoader:242 - Cannot read IP mode file for STMicroelectronics.X-CUBE-SUBG2.5.0.0
2022-10-27 03:59:43,451 [WARN] PackLoader:242 - Cannot read IP mode file for SEGGER.I-CUBE-embOS.1.2.0
2022-10-27 03:59:43,491 [WARN] PackLoader:242 - Cannot read IP mode file for STMicroelectronics.FP-ATR-ASTRA1.1.1.1
2022-10-27 03:59:43,502 [WARN] PackLoader:242 - Cannot read IP mode file for STMicroelectronics.X-CUBE-AZRTOS-H7.2.0.0
2022-10-27 03:59:43,514 [WARN] PackLoader:242 - Cannot read IP mode file for STMicroelectronics.X-CUBE-AZRTOS-G4.1.0.0
2022-10-27 03:59:43,518 [WARN] PackLoader:242 - Cannot read IP mode file for STMicroelectronics.FP-ATR-SIGFOX1.3.2.0
2022-10-27 03:59:43,526 [INFO] ApiDb:239 - Found 138 in-development CPN: [B-WB1M-WPAN1, NUCLEO-C031C6, STEVAL-STWINBX1, STM320518-EVAL, STM32C0116-DK, STM32C011D6Y3TR, STM32C011D6Y6TR, STM32C011F4P3, STM32C011F4P6, STM32C011F4U3, STM32C011F4U6TR, STM32C011F6P3, STM32C011F6P6, STM32C011F6U3, STM32C011F6U6TR, STM32C011J4M3, STM32C011J4M6, STM32C011J6M3, STM32C011J6M6, STM32C0316-DK, STM32C031C4T3, STM32C031C4T6, STM32C031C4U3, STM32C031C4U6, STM32C031C6T3, STM32C031C6T6, STM32C031C6U3, STM32C031C6U6, STM32C031F4P3, STM32C031F4P6, STM32C031F6P3, STM32C031F6P6, STM32C031G4U3, STM32C031G4U6, STM32C031G6U3, STM32C031G6U6, STM32C031K4T3, STM32C031K4T6, STM32C031K4U3, STM32C031K4U6, STM32C031K6T3, STM32C031K6T6, STM32C031K6U3, STM32C031K6U6, STM32G071K8TXN, STM32G071K8UXN, STM32G081GBU6N, STM32G081KBT6N, STM32G081KBUXN, STM32G0B1CCT6N, STM32G0B1KCT6, STM32G0B1NEY6TR, STM32G0B1RCT6N, STM32G0C1CCT6, STM32G0C1CCT6N, STM32G0C1CCU6N, STM32G0C1CET6N, STM32G0C1CEU6N, STM32G0C1KCT6, STM32G0C1NEY6TR, STM32G0C1RCI6N, STM32G0C1RCT6N, STM32G0C1REI6N, STM32G0C1RET6N, STM32G0C1VCI6, STM32G0C1VEI6, STM32G471CCT6, STM32G471CCU6, STM32G471CET3, STM32G471CET6, STM32G471CEU3, STM32G471CEU6, STM32G471MCT6, STM32G471MET3, STM32G471MET6, STM32G471MEY6TR, STM32G471QCT6, STM32G471QET3, STM32G471RCT6, STM32G471RET3, STM32G471RET6, STM32G471VCH6, STM32G471VCI6, STM32G471VCT6, STM32G471VEH3, STM32G471VEH6, STM32G471VEI3, STM32G471VEI6, STM32G471VET3, STM32G471VET6, STM32G474CCT6, STM32L476VGY6PTR, STM32L4R5QGI6STR, STM32MP131AAE3, STM32MP131AAF3, STM32MP131AAG3, STM32MP131CAE3, STM32MP131CAF3, STM32MP131CAG3, STM32MP131DAE7, STM32MP131DAF7, STM32MP131DAG7, STM32MP131FAE7, STM32MP131FAF7, STM32MP131FAG7, STM32MP133AAE3, STM32MP133AAF3, STM32MP133AAG3, STM32MP133CAE3, STM32MP133CAF3, STM32MP133CAG3, STM32MP133DAE7, STM32MP133DAF7, STM32MP133DAG7, STM32MP133FAE7, STM32MP133FAF7, STM32MP133FAG7, STM32MP135AAE3, STM32MP135AAF3, STM32MP135AAG3, STM32MP135CAE3, STM32MP135CAF3, STM32MP135CAG3, STM32MP135DAE7, STM32MP135DAF7, STM32MP135DAG7, STM32MP135F-DK, STM32MP135FAE7, STM32MP135FAF7, STM32MP135FAG7, STM32U595ZJT6Q, STM32U599BJY6QTR, STM32U599NIH6Q, STM32U599NJH6Q, STM32U5A5ZJT6Q, STM32U5A9BJY6QTR, STM32U5A9NJH6Q, STM32WB1MMCH6]
2022-10-27 03:59:43,531 [INFO] DbMcus:215 - Found 3542 MCUs, 3542 are supported
2022-10-27 03:59:43,533 [WARN] PackLoader:242 - Cannot read IP mode file for STMicroelectronics.X-CUBE-AZRTOS-L4.1.0.0
2022-10-27 03:59:43,535 [INFO] ApiDb:418 - Load user favorites file C:\Users\Zver/.stm32cubeide/favorites.mcus.txt: 1 item(s)
2022-10-27 03:59:43,535 [INFO] ApiDb:422 - User favorites MCUs=[STM32F103C8T6]
2022-10-27 03:59:43,535 [INFO] DbMcus:221 - Set 1 / 1 favorites MCUs
2022-10-27 03:59:43,539 [WARN] PackLoader:242 - Cannot read IP mode file for emotas.I-CUBE-CANOPEN.1.1.2
2022-10-27 03:59:43,543 [WARN] PackLoader:242 - Cannot read IP mode file for STMicroelectronics.X-CUBE-TOUCHGFX.4.20.0
2022-10-27 03:59:43,554 [WARN] PackLoader:242 - Cannot read IP mode file for STMicroelectronics.X-CUBE-AZRTOS-F7.1.0.0
2022-10-27 03:59:43,571 [WARN] PackLoader:242 - Cannot read IP mode file for STMicroelectronics.X-CUBE-AZRTOS-WL.1.0.0
2022-10-27 03:59:43,597 [WARN] PackLoader:242 - Cannot read IP mode file for STMicroelectronics.X-CUBE-MEMS1.9.1.0
2022-10-27 03:59:43,698 [WARN] PackLoader:242 - Cannot read IP mode file for portGmbH.I-Cube-SoM-uGOAL.1.1.0
2022-10-27 03:59:43,702 [WARN] PackLoader:242 - Cannot read IP mode file for STMicroelectronics.X-CUBE-ALS.1.0.1
2022-10-27 03:59:43,717 [WARN] PackLoader:242 - Cannot read IP mode file for STMicroelectronics.X-CUBE-AZRTOS-L5.1.0.0
2022-10-27 03:59:43,725 [WARN] PackLoader:242 - Cannot read IP mode file for STMicroelectronics.X-CUBE-EEPRMA1.3.1.1
2022-10-27 03:59:43,730 [WARN] PackLoader:242 - Cannot read IP mode file for STMicroelectronics.X-CUBE-GNSS1.5.2.0
2022-10-27 03:59:43,734 [WARN] PackLoader:242 - Cannot read IP mode file for STMicroelectronics.X-CUBE-DISPLAY.2.0.1
2022-10-27 03:59:43,739 [WARN] PackLoader:242 - Cannot read IP mode file for STMicroelectronics.X-CUBE-TOF1.3.0.0
2022-10-27 03:59:43,740 [INFO] ThirdParty:929 - Integrity check success = true
2022-10-27 03:59:43,741 [INFO] IntegrityCheckThread:98 - exiting critical section [integrity check]
2022-10-27 03:59:43,741 [INFO] IntegrityCheckThread:101 - End integrity checks thread
2022-10-27 03:59:44,734 [INFO] LoadUrlFilesThread:177 - End of LoadServerUrlFiles without Thread
2022-10-27 03:59:44,758 [INFO] DetailPanel:339 - Set advertising image to C:/Users/Zver/STM32Cube/Repository/\en.Prom_NBSTM32U50921.jpg
2022-10-27 03:59:45,525 [INFO] MultiScanPanel:778 - Auto Refresh Data is not needed
2022-10-27 03:59:45,534 [INFO] ApiDb:663 - CubeFinder database Data Model version=2.1
2022-10-27 03:59:45,534 [INFO] ApiDb:664 - CubeFinder database Configuration version=3.0.32
2022-10-27 03:59:45,534 [INFO] ApiDb:665 - CubeFinder database generation date=2022-08-05 (1659688109)
2022-10-27 03:59:45,534 [INFO] ApiDb:666 - CubeFinder database FW Pack versions=[STM32Cube_FW_C0_V1.0.0, STM32Cube_FW_F4_V1.27.1, STM32Cube_FW_F7_V1.17.0, STM32Cube_FW_G0_V1.6.1, STM32Cube_FW_G4_V1.5.0, STM32Cube_FW_H7_V1.10.0, STM32Cube_FW_L5_V1.4.0, STM32Cube_FW_U5_V1.1.1, STM32Cube_FW_WB_V1.14.1, STM32Cube_FW_WL_V1.2.0, X-CUBE-ALGOBUILD_V1.3.0, X-CUBE-ALS_V1.0.1, X-CUBE-AZRTOS-F4_V1.1.0, X-CUBE-AZRTOS-F7_V1.1.0, X-CUBE-AZRTOS-G0_V1.1.0, X-CUBE-AZRTOS-G4_V1.0.0, X-CUBE-AZRTOS-H7_V2.1.0, X-CUBE-AZRTOS-L4_V1.0.0, X-CUBE-AZRTOS-L5_V1.0.0, X-CUBE-AZRTOS-WL_V1.0.0, X-CUBE-BLE1_V6.2.3, X-CUBE-BLE2_V3.3.0, X-CUBE-EEPRMA1_V3.1.1, X-CUBE-GNSS1_V6.0.0, X-CUBE-MEMS1_V9.1.0, X-CUBE-MEMS1_V9.3.0, X-CUBE-NFC4_V2.0.4, X-CUBE-NFC7_V1.0.0, X-CUBE-SFXS2LP1_V4.0.0, X-CUBE-SUBG2_V5.0.0]
2022-10-27 03:59:45,581 [INFO] DbBoardsSqlite:227 - include board P-NUCLEO-WB55-NUCLEO as a kit item of type 'Nucleo-64'
2022-10-27 03:59:45,581 [INFO] DbBoardsSqlite:227 - include board P-NUCLEO-WB55-USBDONGLE as a kit item of type 'Nucleo USB Dongle'
2022-10-27 03:59:45,581 [INFO] DbBoardsSqlite:227 - include board STEVAL-IDP005V1 as a kit item of type 'Evaluation Board'
2022-10-27 03:59:45,582 [INFO] DbBoardsSqlite:227 - include board STEVAL-IDP005V2 as a kit item of type 'Evaluation Board'
2022-10-27 03:59:45,589 [INFO] ApiDb:239 - Found 138 in-development CPN: [B-WB1M-WPAN1, NUCLEO-C031C6, STEVAL-STWINBX1, STM320518-EVAL, STM32C0116-DK, STM32C011D6Y3TR, STM32C011D6Y6TR, STM32C011F4P3, STM32C011F4P6, STM32C011F4U3, STM32C011F4U6TR, STM32C011F6P3, STM32C011F6P6, STM32C011F6U3, STM32C011F6U6TR, STM32C011J4M3, STM32C011J4M6, STM32C011J6M3, STM32C011J6M6, STM32C0316-DK, STM32C031C4T3, STM32C031C4T6, STM32C031C4U3, STM32C031C4U6, STM32C031C6T3, STM32C031C6T6, STM32C031C6U3, STM32C031C6U6, STM32C031F4P3, STM32C031F4P6, STM32C031F6P3, STM32C031F6P6, STM32C031G4U3, STM32C031G4U6, STM32C031G6U3, STM32C031G6U6, STM32C031K4T3, STM32C031K4T6, STM32C031K4U3, STM32C031K4U6, STM32C031K6T3, STM32C031K6T6, STM32C031K6U3, STM32C031K6U6, STM32G071K8TXN, STM32G071K8UXN, STM32G081GBU6N, STM32G081KBT6N, STM32G081KBUXN, STM32G0B1CCT6N, STM32G0B1KCT6, STM32G0B1NEY6TR, STM32G0B1RCT6N, STM32G0C1CCT6, STM32G0C1CCT6N, STM32G0C1CCU6N, STM32G0C1CET6N, STM32G0C1CEU6N, STM32G0C1KCT6, STM32G0C1NEY6TR, STM32G0C1RCI6N, STM32G0C1RCT6N, STM32G0C1REI6N, STM32G0C1RET6N, STM32G0C1VCI6, STM32G0C1VEI6, STM32G471CCT6, STM32G471CCU6, STM32G471CET3, STM32G471CET6, STM32G471CEU3, STM32G471CEU6, STM32G471MCT6, STM32G471MET3, STM32G471MET6, STM32G471MEY6TR, STM32G471QCT6, STM32G471QET3, STM32G471RCT6, STM32G471RET3, STM32G471RET6, STM32G471VCH6, STM32G471VCI6, STM32G471VCT6, STM32G471VEH3, STM32G471VEH6, STM32G471VEI3, STM32G471VEI6, STM32G471VET3, STM32G471VET6, STM32G474CCT6, STM32L476VGY6PTR, STM32L4R5QGI6STR, STM32MP131AAE3, STM32MP131AAF3, STM32MP131AAG3, STM32MP131CAE3, STM32MP131CAF3, STM32MP131CAG3, STM32MP131DAE7, STM32MP131DAF7, STM32MP131DAG7, STM32MP131FAE7, STM32MP131FAF7, STM32MP131FAG7, STM32MP133AAE3, STM32MP133AAF3, STM32MP133AAG3, STM32MP133CAE3, STM32MP133CAF3, STM32MP133CAG3, STM32MP133DAE7, STM32MP133DAF7, STM32MP133DAG7, STM32MP133FAE7, STM32MP133FAF7, STM32MP133FAG7, STM32MP135AAE3, STM32MP135AAF3, STM32MP135AAG3, STM32MP135CAE3, STM32MP135CAF3, STM32MP135CAG3, STM32MP135DAE7, STM32MP135DAF7, STM32MP135DAG7, STM32MP135F-DK, STM32MP135FAE7, STM32MP135FAF7, STM32MP135FAG7, STM32U595ZJT6Q, STM32U599BJY6QTR, STM32U599NIH6Q, STM32U599NJH6Q, STM32U5A5ZJT6Q, STM32U5A9BJY6QTR, STM32U5A9NJH6Q, STM32WB1MMCH6]
2022-10-27 03:59:45,691 [INFO] BoardInfo:879 - No configuration file found for board P-NUCLEO-WB55
2022-10-27 03:59:45,692 [INFO] DbBoards:156 - Kit is not supported: P-NUCLEO-WB55
2022-10-27 03:59:45,698 [INFO] BoardInfo:879 - No configuration file found for board STEVAL-BFA001V1B
2022-10-27 03:59:45,698 [INFO] DbBoards:156 - Kit is not supported: STEVAL-BFA001V1B
2022-10-27 03:59:45,699 [INFO] BoardInfo:879 - No configuration file found for board STEVAL-BFA001V2B
2022-10-27 03:59:45,699 [INFO] DbBoards:156 - Kit is not supported: STEVAL-BFA001V2B
2022-10-27 03:59:45,820 [INFO] DbBoards:160 - Found 176 boards, 173 are supported
2022-10-27 03:59:45,824 [INFO] ApiDb:418 - Load user favorites file C:\Users\Zver/.stm32cubeide/favorites.boards.txt: 0 item(s)
2022-10-27 03:59:45,824 [INFO] ApiDb:422 - User favorites Boards=[]
2022-10-27 03:59:45,824 [INFO] DbBoards:189 - Set 0 / 0 favorites Boards
2022-10-27 03:59:58,949 [ERROR] LogOutputStream:74 - [STDERR_REDIRECT] SLF4J: Failed to load class "org.slf4j.impl.StaticLoggerBinder".
2022-10-27 03:59:58,950 [ERROR] LogOutputStream:74 - [STDERR_REDIRECT] SLF4J: Defaulting to no-operation (NOP) logger implementation
2022-10-27 03:59:58,952 [ERROR] LogOutputStream:74 - [STDERR_REDIRECT] SLF4J: See http://www.slf4j.org/codes.html#StaticLoggerBinder for further details.
2022-10-27 03:59:59,435 [INFO] MainUpdater:2768 - connection check result : 10
2022-10-27 03:59:59,436 [INFO] MainUpdater:2768 - connection check result : 10
2022-10-27 03:59:59,452 [INFO] MicroXplorer:451 - Change Database Path : 
2022-10-27 03:59:59,452 [INFO] MicroXplorer:481 - Change Database Version : DB.6.0.60
2022-10-27 03:59:59,453 [WARN] ThirdParty:827 - waiting for thirdparty lock release [close project]
2022-10-27 03:59:59,454 [INFO] ThirdParty:829 - entering critical section [close project]
2022-10-27 03:59:59,455 [INFO] ThirdParty:839 - exiting critical section [close project]
2022-10-27 03:59:59,461 [INFO] PinOutPanel:1468 - setPackage(No Configuration,No Configuration)
2022-10-27 03:59:59,466 [INFO] UtilMem:74 - Begin LoadConfig() Used Memory: 188795384 Bytes (407896064)
2022-10-27 03:59:59,467 [INFO] MicroXplorer:451 - Change Database Path : 
2022-10-27 03:59:59,468 [INFO] MicroXplorer:481 - Change Database Version : DB.6.0.60
2022-10-27 03:59:59,468 [INFO] OpenFileManager:307 - Change cursor
2022-10-27 03:59:59,512 [INFO] Mcu:1922 - Initializing MCU STM32F103C8Tx STM32F103C8Tx 
2022-10-27 03:59:59,513 [INFO] Mcu:1935 - No CPN specified => set CPN to STM32F103C8T6
2022-10-27 04:00:00,296 [INFO] Context:654 - Trying to add GPIOservice into a context  which must be forbidden
2022-10-27 04:00:00,503 [INFO] ImportTextPane:193 - (OptionalMessage_ERROR) Unable to find key (Mcu.ThirdPartyNb) in loaded IOC file
2022-10-27 04:00:00,504 [INFO] ImportTextPane:193 - (OptionalMessage_ERROR) Unable to find key (Mcu.PinsNb) in loaded IOC file
2022-10-27 04:00:00,504 [INFO] ImportTextPane:193 - (OptionalMessage_ERROR) Unable to find key (Mcu.IPNb) in loaded IOC file
2022-10-27 04:00:00,556 [WARN] ApiManager:308 - Cannot register API 'Board Extension:GNSS1A1' from pack STMicroelectronics.X-CUBE-GNSS1.6.0.0: no header file found
2022-10-27 04:00:00,556 [WARN] ApiManager:308 - Cannot register API 'Board Support:Custom' from pack STMicroelectronics.X-CUBE-GNSS1.6.0.0: no header file found
2022-10-27 04:00:00,556 [WARN] ApiManager:308 - Cannot register API 'Data Exchange:lib_gnss' from pack STMicroelectronics.X-CUBE-GNSS1.6.0.0: no header file found
2022-10-27 04:00:00,570 [WARN] ApiManager:308 - Cannot register API 'Wireless:BlueNRG-MS' from pack STMicroelectronics.X-CUBE-BLE1.6.2.3: no header file found
2022-10-27 04:00:00,572 [INFO] RtosManager:488 - Registered RTOS mode: class=CMSIS, group=RTOS, mode=CMSIS_V1, owner=FREERTOS
2022-10-27 04:00:00,572 [INFO] RtosManager:488 - Registered RTOS mode: class=CMSIS, group=RTOS2, mode=CMSIS_V2, owner=FREERTOS
2022-10-27 04:00:00,572 [INFO] RtosManager:488 - Registered RTOS mode: class=RTOS, group=Core, mode=CMSIS_V1, owner=FREERTOS
2022-10-27 04:00:00,573 [INFO] RtosManager:488 - Registered RTOS mode: class=RTOS, group=Core, mode=CMSIS_V2, owner=FREERTOS
2022-10-27 04:00:00,573 [WARN] ModelIntegratedComponent:185 - Missing modes for component STMicroelectronics:FreeRTOS:0.0.1:STMicroelectronics:RTOS:FreeRTOS:Core:::10.2.0:
2022-10-27 04:00:00,586 [WARN] ApiManager:308 - Cannot register API 'Board Extension:S2868A1' from pack STMicroelectronics.X-CUBE-SUBG2.5.0.0: no header file found
2022-10-27 04:00:00,587 [WARN] ApiManager:308 - Cannot register API 'Board Extension:S2868A2' from pack STMicroelectronics.X-CUBE-SUBG2.5.0.0: no header file found
2022-10-27 04:00:00,587 [WARN] ApiManager:308 - Cannot register API 'Board Extension:S2915A1' from pack STMicroelectronics.X-CUBE-SUBG2.5.0.0: no header file found
2022-10-27 04:00:00,592 [WARN] ApiManager:308 - Cannot register API 'Wireless:BlueNRG-MS' from pack STMicroelectronics.X-CUBE-BLE1.6.2.2: no header file found
2022-10-27 04:00:00,593 [WARN] ApiManager:308 - Cannot register API 'Board Extension:NFC04A1' from pack STMicroelectronics.X-CUBE-NFC4.2.0.4: no header file found
2022-10-27 04:00:00,594 [WARN] ApiManager:308 - Cannot register API 'Wireless:BlueNRG-2' from pack STMicroelectronics.X-CUBE-BLE2.3.2.2: no header file found
2022-10-27 04:00:00,595 [WARN] ApiManager:308 - Cannot register API 'Board Extension:NFC04A1' from pack STMicroelectronics.X-CUBE-NFC4.2.0.3: no header file found
2022-10-27 04:00:00,599 [WARN] ApiManager:308 - Cannot register API 'Board Extension:S2868A1' from pack STMicroelectronics.X-CUBE-SFXS2LP1.3.1.0: no header file found
2022-10-27 04:00:00,599 [WARN] ApiManager:308 - Cannot register API 'Board Extension:S2868A2' from pack STMicroelectronics.X-CUBE-SFXS2LP1.3.1.0: no header file found
2022-10-27 04:00:00,599 [WARN] ApiManager:308 - Cannot register API 'Board Extension:S2915A1' from pack STMicroelectronics.X-CUBE-SFXS2LP1.3.1.0: no header file found
2022-10-27 04:00:00,606 [WARN] ModelIntegratedComponent:64 - No mode defined for component null
2022-10-27 04:00:00,606 [WARN] ModelIntegratedComponent:64 - No mode defined for component null
2022-10-27 04:00:00,606 [WARN] ModelIntegratedComponent:64 - No mode defined for component null
2022-10-27 04:00:00,606 [WARN] ModelIntegratedComponent:64 - No mode defined for component null
2022-10-27 04:00:00,606 [WARN] ModelIntegratedComponent:64 - No mode defined for component null
2022-10-27 04:00:00,606 [WARN] ModelIntegratedComponent:64 - No mode defined for component null
2022-10-27 04:00:00,606 [WARN] ModelIntegratedComponent:64 - No mode defined for component null
2022-10-27 04:00:00,606 [WARN] ModelIntegratedComponent:64 - No mode defined for component null
2022-10-27 04:00:00,606 [WARN] ModelIntegratedComponent:64 - No mode defined for component null
2022-10-27 04:00:00,606 [WARN] ModelIntegratedComponent:64 - No mode defined for component null
2022-10-27 04:00:00,606 [WARN] ModelIntegratedComponent:64 - No mode defined for component null
2022-10-27 04:00:00,607 [WARN] ModelIntegratedComponent:64 - No mode defined for component null
2022-10-27 04:00:00,607 [WARN] ModelIntegratedComponent:64 - No mode defined for component null
2022-10-27 04:00:00,607 [WARN] ModelIntegratedComponent:64 - No mode defined for component null
2022-10-27 04:00:00,607 [WARN] ModelIntegratedComponent:64 - No mode defined for component null
2022-10-27 04:00:00,607 [WARN] ModelIntegratedComponent:64 - No mode defined for component null
2022-10-27 04:00:00,607 [WARN] ModelIntegratedComponent:64 - No mode defined for component null
2022-10-27 04:00:00,607 [WARN] ModelIntegratedComponent:64 - No mode defined for component null
2022-10-27 04:00:00,607 [WARN] ModelIntegratedComponent:64 - No mode defined for component null
2022-10-27 04:00:00,607 [WARN] ModelIntegratedComponent:64 - No mode defined for component null
2022-10-27 04:00:00,607 [WARN] ModelIntegratedComponent:64 - No mode defined for component null
2022-10-27 04:00:00,607 [WARN] ModelIntegratedComponent:64 - No mode defined for component null
2022-10-27 04:00:00,607 [WARN] ModelIntegratedComponent:64 - No mode defined for component null
2022-10-27 04:00:00,607 [WARN] ModelIntegratedComponent:64 - No mode defined for component null
2022-10-27 04:00:00,607 [WARN] ModelIntegratedComponent:64 - No mode defined for component null
2022-10-27 04:00:00,607 [WARN] ModelIntegratedComponent:64 - No mode defined for component null
2022-10-27 04:00:00,607 [WARN] ModelIntegratedComponent:64 - No mode defined for component null
2022-10-27 04:00:00,607 [WARN] ModelIntegratedComponent:64 - No mode defined for component null
2022-10-27 04:00:00,608 [WARN] ModelIntegratedComponent:64 - No mode defined for component null
2022-10-27 04:00:00,608 [WARN] ModelIntegratedComponent:64 - No mode defined for component null
2022-10-27 04:00:00,608 [WARN] ModelIntegratedComponent:64 - No mode defined for component null
2022-10-27 04:00:00,608 [WARN] ModelIntegratedComponent:64 - No mode defined for component null
2022-10-27 04:00:00,608 [WARN] ModelIntegratedComponent:64 - No mode defined for component null
2022-10-27 04:00:00,610 [WARN] ApiManager:308 - Cannot register API 'Board Extension:NFC07A1' from pack STMicroelectronics.X-CUBE-NFC7.1.0.0: no header file found
2022-10-27 04:00:00,614 [WARN] ApiManager:308 - Cannot register API 'Board Extension:S2868A1' from pack STMicroelectronics.X-CUBE-SUBG2.4.2.0: no header file found
2022-10-27 04:00:00,614 [WARN] ApiManager:308 - Cannot register API 'Board Extension:S2868A2' from pack STMicroelectronics.X-CUBE-SUBG2.4.2.0: no header file found
2022-10-27 04:00:00,615 [WARN] ApiManager:308 - Cannot register API 'Board Extension:S2915A1' from pack STMicroelectronics.X-CUBE-SUBG2.4.2.0: no header file found
2022-10-27 04:00:00,687 [WARN] ApiManager:308 - Cannot register API 'Board Extension:IKS01A3' from pack STMicroelectronics.X-CUBE-MEMS1.9.1.0: no header file found
2022-10-27 04:00:00,687 [WARN] ApiManager:308 - Cannot register API 'Board Extension:IKS01A2' from pack STMicroelectronics.X-CUBE-MEMS1.9.1.0: no header file found
2022-10-27 04:00:00,687 [WARN] ApiManager:308 - Cannot register API 'Board Extension:IKS02A1' from pack STMicroelectronics.X-CUBE-MEMS1.9.1.0: no header file found
2022-10-27 04:00:00,736 [WARN] ApiManager:308 - Cannot register API 'Board Extension:IKS01A3' from pack STMicroelectronics.X-CUBE-MEMS1.9.3.0: no header file found
2022-10-27 04:00:00,736 [WARN] ApiManager:308 - Cannot register API 'Board Extension:IKS01A2' from pack STMicroelectronics.X-CUBE-MEMS1.9.3.0: no header file found
2022-10-27 04:00:00,736 [WARN] ApiManager:308 - Cannot register API 'Board Extension:IKS02A1' from pack STMicroelectronics.X-CUBE-MEMS1.9.3.0: no header file found
2022-10-27 04:00:00,742 [WARN] ApiManager:308 - Cannot register API 'Board Extension:EEPRMA1' from pack STMicroelectronics.X-CUBE-EEPRMA1.3.1.1: no header file found
2022-10-27 04:00:00,742 [WARN] ApiManager:308 - Cannot register API 'Board Extension:EEPRMA2' from pack STMicroelectronics.X-CUBE-EEPRMA1.3.1.1: no header file found
2022-10-27 04:00:00,743 [WARN] ApiManager:308 - Cannot register API 'Board Extension:GNSS1A1' from pack STMicroelectronics.X-CUBE-GNSS1.5.2.0: no header file found
2022-10-27 04:00:00,743 [WARN] ApiManager:308 - Cannot register API 'Board Support:Custom' from pack STMicroelectronics.X-CUBE-GNSS1.5.2.0: no header file found
2022-10-27 04:00:00,743 [WARN] ApiManager:308 - Cannot register API 'Data Exchange:lib_gnss' from pack STMicroelectronics.X-CUBE-GNSS1.5.2.0: no header file found
2022-10-27 04:00:00,744 [WARN] ApiManager:308 - Cannot register API 'Board Extension:S2868A1' from pack STMicroelectronics.X-CUBE-SFXS2LP1.4.0.0: no header file found
2022-10-27 04:00:00,744 [WARN] ApiManager:308 - Cannot register API 'Board Extension:S2868A2' from pack STMicroelectronics.X-CUBE-SFXS2LP1.4.0.0: no header file found
2022-10-27 04:00:00,744 [WARN] ApiManager:308 - Cannot register API 'Board Extension:S2915A1' from pack STMicroelectronics.X-CUBE-SFXS2LP1.4.0.0: no header file found
2022-10-27 04:00:00,744 [WARN] ApiManager:308 - Cannot register API 'Wireless:BlueNRG-2' from pack STMicroelectronics.X-CUBE-BLE2.3.3.0: no header file found
2022-10-27 04:00:00,754 [INFO] ThirdPartyModel:289 - Start build external matchings
2022-10-27 04:00:01,141 [INFO] ThirdPartyModel:302 - End build external matchings
2022-10-27 04:00:01,357 [INFO] UtilMem:74 - End LoadConfig() Used Memory: 234519072 Bytes (407896064)
2022-10-27 04:00:01,391 [WARN] ThirdParty:789 - waiting for thirdparty lock release [change project]
2022-10-27 04:00:01,391 [INFO] ThirdParty:791 - entering critical section [change project]
2022-10-27 04:00:01,392 [INFO] ThirdParty:981 - CMSIS Pack Vendor :wolfSSL I-CUBE-wolfSSL 5.2.0
2022-10-27 04:00:01,392 [INFO] ThirdParty:981 - CMSIS Pack Vendor :RoweBots I-CUBE-UNISONRTOS 5.5.0-4
2022-10-27 04:00:01,392 [INFO] ThirdParty:981 - CMSIS Pack Vendor :STMicroelectronics X-CUBE-GNSS1 6.0.0
2022-10-27 04:00:01,392 [INFO] ThirdParty:981 - CMSIS Pack Vendor :STMicroelectronics X-CUBE-AZRTOS-H7 2.1.0
2022-10-27 04:00:01,392 [INFO] ThirdParty:981 - CMSIS Pack Vendor :STMicroelectronics USB_HOST 2.0.0
2022-10-27 04:00:01,392 [INFO] ThirdParty:981 - CMSIS Pack Vendor :STMicroelectronics X-CUBE-AZRTOS-F4 1.1.0
2022-10-27 04:00:01,393 [INFO] ThirdParty:981 - CMSIS Pack Vendor :STMicroelectronics LIBJPEG 8.0.0
2022-10-27 04:00:01,393 [INFO] ThirdParty:981 - CMSIS Pack Vendor :STMicroelectronics USB_DEVICE 3.0.0
2022-10-27 04:00:01,393 [INFO] ThirdParty:981 - CMSIS Pack Vendor :STMicroelectronics X-CUBE-BLEMGR 1.0.0
2022-10-27 04:00:01,393 [INFO] ThirdParty:981 - CMSIS Pack Vendor :STMicroelectronics X-CUBE-BLEMGR 1.2.0
2022-10-27 04:00:01,393 [INFO] ThirdParty:981 - CMSIS Pack Vendor :STMicroelectronics X-CUBE-AZRTOS-F7 1.1.0
2022-10-27 04:00:01,393 [INFO] ThirdParty:981 - CMSIS Pack Vendor :STMicroelectronics USB_DEVICE 2.0.0
2022-10-27 04:00:01,393 [INFO] ThirdParty:981 - CMSIS Pack Vendor :STMicroelectronics X-CUBE-AI 7.1.0
2022-10-27 04:00:01,393 [INFO] ThirdParty:981 - CMSIS Pack Vendor :STMicroelectronics X-CUBE-BLE1 6.2.3
2022-10-27 04:00:01,393 [INFO] ThirdParty:981 - CMSIS Pack Vendor :STMicroelectronics X-CUBE-ALGOBUILD 1.3.0
2022-10-27 04:00:01,393 [INFO] ThirdParty:981 - CMSIS Pack Vendor :STMicroelectronics FreeRTOS 0.0.1
2022-10-27 04:00:01,393 [INFO] ThirdParty:981 - CMSIS Pack Vendor :STMicroelectronics X-CUBE-AZRTOS-G0 1.1.0
2022-10-27 04:00:01,393 [INFO] ThirdParty:981 - CMSIS Pack Vendor :STMicroelectronics X-CUBE-SUBG2 5.0.0
2022-10-27 04:00:01,394 [INFO] ThirdParty:981 - CMSIS Pack Vendor :SEGGER I-CUBE-embOS 1.2.0
2022-10-27 04:00:01,394 [INFO] ThirdParty:981 - CMSIS Pack Vendor :STMicroelectronics STM32_WPAN 1.0.0
2022-10-27 04:00:01,394 [INFO] ThirdParty:981 - CMSIS Pack Vendor :STMicroelectronics lwIP 2.0.3
2022-10-27 04:00:01,394 [INFO] ThirdParty:981 - CMSIS Pack Vendor :STMicroelectronics X-CUBE-BLE1 6.2.2
2022-10-27 04:00:01,394 [INFO] ThirdParty:981 - CMSIS Pack Vendor :STMicroelectronics X-CUBE-NFC4 2.0.4
2022-10-27 04:00:01,394 [INFO] ThirdParty:981 - CMSIS Pack Vendor :STMicroelectronics X-CUBE-BLE2 3.2.2
2022-10-27 04:00:01,394 [INFO] ThirdParty:981 - CMSIS Pack Vendor :STMicroelectronics USB_HOST 1.0.0
2022-10-27 04:00:01,394 [INFO] ThirdParty:981 - CMSIS Pack Vendor :STMicroelectronics X-CUBE-NFC4 2.0.3
2022-10-27 04:00:01,394 [INFO] ThirdParty:981 - CMSIS Pack Vendor :STMicroelectronics PDM2PCM 3.1.0
2022-10-27 04:00:01,394 [INFO] ThirdParty:981 - CMSIS Pack Vendor :STMicroelectronics FP-ATR-ASTRA1 1.1.1
2022-10-27 04:00:01,394 [INFO] ThirdParty:981 - CMSIS Pack Vendor :STMicroelectronics PDM2PCM 3.3.0
2022-10-27 04:00:01,394 [INFO] ThirdParty:981 - CMSIS Pack Vendor :STMicroelectronics X-CUBE-TOF1 3.1.0
2022-10-27 04:00:01,394 [INFO] ThirdParty:981 - CMSIS Pack Vendor :STMicroelectronics X-CUBE-SFXS2LP1 3.1.0
2022-10-27 04:00:01,394 [INFO] ThirdParty:981 - CMSIS Pack Vendor :STMicroelectronics X-CUBE-AZRTOS-F4 1.0.0
2022-10-27 04:00:01,395 [INFO] ThirdParty:981 - CMSIS Pack Vendor :STMicroelectronics X-CUBE-AZRTOS-H7 2.0.0
2022-10-27 04:00:01,395 [INFO] ThirdParty:981 - CMSIS Pack Vendor :STMicroelectronics X-CUBE-AZRTOS-G4 1.0.0
2022-10-27 04:00:01,395 [INFO] ThirdParty:981 - CMSIS Pack Vendor :STMicroelectronics FP-ATR-SIGFOX1 3.2.0
2022-10-27 04:00:01,395 [INFO] ThirdParty:981 - CMSIS Pack Vendor :STMicroelectronics X-CUBE-AZRTOS-L4 1.0.0
2022-10-27 04:00:01,395 [INFO] ThirdParty:981 - CMSIS Pack Vendor :STMicroelectronics HAL Drivers 0.0.0
2022-10-27 04:00:01,396 [INFO] ThirdParty:981 - CMSIS Pack Vendor :STMicroelectronics MBEDTLS 2.16.2
2022-10-27 04:00:01,396 [INFO] ThirdParty:981 - CMSIS Pack Vendor :emotas I-CUBE-CANOPEN 1.1.2
2022-10-27 04:00:01,396 [INFO] ThirdParty:981 - CMSIS Pack Vendor :STMicroelectronics X-CUBE-TOUCHGFX 4.20.0
2022-10-27 04:00:01,396 [INFO] ThirdParty:981 - CMSIS Pack Vendor :STMicroelectronics MBEDTLS 2.14.1
2022-10-27 04:00:01,397 [INFO] ThirdParty:981 - CMSIS Pack Vendor :STMicroelectronics X-CUBE-NFC7 1.0.0
2022-10-27 04:00:01,397 [INFO] ThirdParty:981 - CMSIS Pack Vendor :STMicroelectronics X-CUBE-AZRTOS-F7 1.0.0
2022-10-27 04:00:01,397 [INFO] ThirdParty:981 - CMSIS Pack Vendor :STMicroelectronics X-CUBE-AZRTOS-WL 1.0.0
2022-10-27 04:00:01,397 [INFO] ThirdParty:981 - CMSIS Pack Vendor :STMicroelectronics X-CUBE-SUBG2 4.2.0
2022-10-27 04:00:01,397 [INFO] ThirdParty:981 - CMSIS Pack Vendor :STMicroelectronics X-CUBE-MEMS1 9.1.0
2022-10-27 04:00:01,397 [INFO] ThirdParty:981 - CMSIS Pack Vendor :STMicroelectronics X-CUBE-MEMS1 9.3.0
2022-10-27 04:00:01,397 [INFO] ThirdParty:981 - CMSIS Pack Vendor :portGmbH I-Cube-SoM-uGOAL 1.1.0
2022-10-27 04:00:01,397 [INFO] ThirdParty:981 - CMSIS Pack Vendor :STMicroelectronics X-CUBE-ALS 1.0.1
2022-10-27 04:00:01,398 [INFO] ThirdParty:981 - CMSIS Pack Vendor :STMicroelectronics X-CUBE-AI 7.2.0
2022-10-27 04:00:01,398 [INFO] ThirdParty:981 - CMSIS Pack Vendor :STMicroelectronics ThreadX 1.0.0
2022-10-27 04:00:01,398 [INFO] ThirdParty:981 - CMSIS Pack Vendor :STMicroelectronics X-CUBE-AZRTOS-L5 1.0.0
2022-10-27 04:00:01,398 [INFO] ThirdParty:981 - CMSIS Pack Vendor :STMicroelectronics USB_DEVICE 1.0.0
2022-10-27 04:00:01,398 [INFO] ThirdParty:981 - CMSIS Pack Vendor :STMicroelectronics X-CUBE-AZRTOS-G0 1.0.0
2022-10-27 04:00:01,398 [INFO] ThirdParty:981 - CMSIS Pack Vendor :STMicroelectronics X-CUBE-EEPRMA1 3.1.1
2022-10-27 04:00:01,398 [INFO] ThirdParty:981 - CMSIS Pack Vendor :STMicroelectronics X-CUBE-GNSS1 5.2.0
2022-10-27 04:00:01,398 [INFO] ThirdParty:981 - CMSIS Pack Vendor :STMicroelectronics ThreadX 0.0.2
2022-10-27 04:00:01,398 [INFO] ThirdParty:981 - CMSIS Pack Vendor :STMicroelectronics lwIP 2.1.2
2022-10-27 04:00:01,398 [INFO] ThirdParty:981 - CMSIS Pack Vendor :STMicroelectronics X-CUBE-SFXS2LP1 4.0.0
2022-10-27 04:00:01,398 [INFO] ThirdParty:981 - CMSIS Pack Vendor :STMicroelectronics X-CUBE-BLE2 3.3.0
2022-10-27 04:00:01,398 [INFO] ThirdParty:981 - CMSIS Pack Vendor :STMicroelectronics X-CUBE-DISPLAY 2.0.1
2022-10-27 04:00:01,398 [INFO] ThirdParty:981 - CMSIS Pack Vendor :STMicroelectronics X-CUBE-DISPLAY 2.2.0
2022-10-27 04:00:01,398 [INFO] ThirdParty:981 - CMSIS Pack Vendor :STMicroelectronics X-CUBE-TOF1 3.2.0
2022-10-27 04:00:01,398 [INFO] ThirdParty:981 - CMSIS Pack Vendor :STMicroelectronics PDM2PCM 3.2.0
2022-10-27 04:00:01,398 [INFO] ThirdParty:981 - CMSIS Pack Vendor :STMicroelectronics X-CUBE-TOUCHGFX 4.18.1
2022-10-27 04:00:01,399 [INFO] ThirdParty:981 - CMSIS Pack Vendor :STMicroelectronics X-CUBE-TOF1 3.0.0
2022-10-27 04:00:01,399 [INFO] ThirdParty:981 - CMSIS Pack Vendor :STMicroelectronics X-CUBE-ISPU 1.0.0
2022-10-27 04:00:01,399 [INFO] ThirdParty:797 - exiting critical section [change project]
2022-10-27 04:00:01,671 [INFO] PinOutPanel:1468 - setPackage(No Configuration,No Configuration)
2022-10-27 04:00:01,672 [INFO] PinOutPanel:1468 - setPackage(STM32F103C8Tx,LQFP48)
2022-10-27 04:00:02,193 [INFO] UtilMem:74 - Before build in PCC Used Memory: 211234816 Bytes (407896064)
2022-10-27 04:00:02,876 [INFO] UtilMem:74 - After build in PCC Used Memory: 247698728 Bytes (407896064)
2022-10-27 04:00:02,897 [INFO] IPUIPlugin:79 - create IPUIPlugin
2022-10-27 04:00:02,897 [INFO] IPUIPlugin:79 - create IPUIPlugin
2022-10-27 04:00:02,897 [INFO] IPUIPlugin:79 - create IPUIPlugin
2022-10-27 04:00:02,897 [INFO] IPUIPlugin:79 - create IPUIPlugin
2022-10-27 04:00:02,897 [INFO] IPUIPlugin:79 - create IPUIPlugin
2022-10-27 04:00:02,897 [INFO] IPUIPlugin:79 - create IPUIPlugin
2022-10-27 04:00:02,898 [INFO] IPUIPlugin:79 - create IPUIPlugin
2022-10-27 04:00:02,898 [INFO] IPUIPlugin:79 - create IPUIPlugin
2022-10-27 04:00:02,898 [INFO] IPUIPlugin:79 - create IPUIPlugin
2022-10-27 04:00:02,898 [INFO] IPUIPlugin:79 - create IPUIPlugin
2022-10-27 04:00:02,898 [INFO] IPUIPlugin:79 - create IPUIPlugin
2022-10-27 04:00:02,899 [INFO] IPUIPlugin:79 - create IPUIPlugin
2022-10-27 04:00:02,899 [INFO] IPUIPlugin:79 - create IPUIPlugin
2022-10-27 04:00:02,899 [INFO] IPUIPlugin:79 - create IPUIPlugin
2022-10-27 04:00:02,899 [INFO] IPUIPlugin:79 - create IPUIPlugin
2022-10-27 04:00:02,899 [INFO] IPUIPlugin:79 - create IPUIPlugin
2022-10-27 04:00:02,900 [INFO] IPUIPlugin:79 - create IPUIPlugin
2022-10-27 04:00:02,900 [INFO] IPUIPlugin:79 - create IPUIPlugin
2022-10-27 04:00:02,900 [INFO] IPUIPlugin:79 - create IPUIPlugin
2022-10-27 04:00:02,900 [INFO] IPUIPlugin:79 - create IPUIPlugin
2022-10-27 04:00:02,900 [INFO] IPUIPlugin:79 - create IPUIPlugin
2022-10-27 04:00:02,901 [INFO] IPUIPlugin:79 - create IPUIPlugin
2022-10-27 04:00:02,901 [INFO] IPUIPlugin:79 - create IPUIPlugin
2022-10-27 04:00:02,901 [INFO] IPUIPlugin:79 - create IPUIPlugin
2022-10-27 04:00:02,901 [INFO] IPUIPlugin:79 - create IPUIPlugin
2022-10-27 04:00:02,902 [INFO] IPUIPlugin:79 - create IPUIPlugin
2022-10-27 04:00:02,902 [INFO] IPUIPlugin:79 - create IPUIPlugin
2022-10-27 04:00:03,140 [INFO] OpenFileManager:327 - Restore cursor
2022-10-27 04:00:03,727 [INFO] UtilMem:74 - End SaveConfig() Used Memory: 233454208 Bytes (407896064)
2022-10-27 04:00:03,830 [INFO] UtilMem:74 - End SaveConfig() Used Memory: 244949192 Bytes (407896064)
2022-10-27 04:00:04,239 [INFO] BlockDiagram:2753 - set Specific Code input for plugin: NVIC
2022-10-27 04:00:04,239 [INFO] BlockDiagram:2753 - set Specific Code input for plugin: RCC
2022-10-27 04:00:04,258 [INFO] CodeGenerator:690 - code generatio: config db path: C:\ST\STM32CubeIDE_1.9.0\STM32CubeIDE\plugins\com.st.stm32cube.common.mx_6.6.1.202207061420\\db\
2022-10-27 04:00:04,505 [INFO] CodeEngine:245 - oldGeneratedFile, D:\github\mc\stm32\Interrupt_Touch_Sensor\Interrupt_Touch_Sensor\MXTmpFiles\license.tmp_save
2022-10-27 04:00:04,835 [INFO] CodeEngine:269 - Generated code: D:\github\mc\stm32\Interrupt_Touch_Sensor\Interrupt_Touch_Sensor\MXTmpFiles\license.tmp
2022-10-27 04:00:04,850 [INFO] CodeEngine:245 - oldGeneratedFile, D:\github\mc\stm32\Interrupt_Touch_Sensor\Interrupt_Touch_Sensor\Core\Src\stm32f1xx_it.c_save
2022-10-27 04:00:05,091 [INFO] CodeEngine:269 - Generated code: D:\github\mc\stm32\Interrupt_Touch_Sensor\Interrupt_Touch_Sensor\Core\Src\stm32f1xx_it.c
2022-10-27 04:00:05,100 [INFO] CodeEngine:245 - oldGeneratedFile, D:\github\mc\stm32\Interrupt_Touch_Sensor\Interrupt_Touch_Sensor\Core\Inc\stm32f1xx_it.h_save
2022-10-27 04:00:05,187 [INFO] CodeEngine:269 - Generated code: D:\github\mc\stm32\Interrupt_Touch_Sensor\Interrupt_Touch_Sensor\Core\Inc\stm32f1xx_it.h
2022-10-27 04:00:05,259 [INFO] CodeEngine:245 - oldGeneratedFile, D:\github\mc\stm32\Interrupt_Touch_Sensor\Interrupt_Touch_Sensor\Core\Src\stm32f1xx_hal_msp.c_save
2022-10-27 04:00:05,432 [INFO] CodeEngine:269 - Generated code: D:\github\mc\stm32\Interrupt_Touch_Sensor\Interrupt_Touch_Sensor\Core\Src\stm32f1xx_hal_msp.c
2022-10-27 04:00:05,441 [INFO] CodeEngine:245 - oldGeneratedFile, D:\github\mc\stm32\Interrupt_Touch_Sensor\Interrupt_Touch_Sensor\MXTmpFiles\system.tmp_save
2022-10-27 04:00:05,521 [INFO] CodeEngine:269 - Generated code: D:\github\mc\stm32\Interrupt_Touch_Sensor\Interrupt_Touch_Sensor\MXTmpFiles\system.tmp
2022-10-27 04:00:05,535 [INFO] CodeEngine:245 - oldGeneratedFile, D:\github\mc\stm32\Interrupt_Touch_Sensor\Interrupt_Touch_Sensor\Core\Inc\stm32f1xx_hal_conf.h_save
2022-10-27 04:00:05,714 [INFO] CodeEngine:269 - Generated code: D:\github\mc\stm32\Interrupt_Touch_Sensor\Interrupt_Touch_Sensor\Core\Inc\stm32f1xx_hal_conf.h
2022-10-27 04:00:05,773 [INFO] CodeEngine:245 - oldGeneratedFile, D:\github\mc\stm32\Interrupt_Touch_Sensor\Interrupt_Touch_Sensor\Core\Inc\main.h_save
2022-10-27 04:00:05,926 [INFO] CodeEngine:269 - Generated code: D:\github\mc\stm32\Interrupt_Touch_Sensor\Interrupt_Touch_Sensor\Core\Inc\main.h
2022-10-27 04:00:05,933 [INFO] CodeEngine:245 - oldGeneratedFile, D:\github\mc\stm32\Interrupt_Touch_Sensor\Interrupt_Touch_Sensor\Core\Src\main.c_save
2022-10-27 04:00:06,134 [INFO] CodeEngine:269 - Generated code: D:\github\mc\stm32\Interrupt_Touch_Sensor\Interrupt_Touch_Sensor\Core\Src\main.c
2022-10-27 04:00:06,879 [INFO] ProjectBuilder:2919 - Time for Copy HAL[1] : 150mS.
2022-10-27 04:00:06,893 [INFO] ProjectBuilder:4117 - Project Generator version: 3.17.1
2022-10-27 04:00:07,255 [INFO] ConfigFileManager:1394 - The Die is : DIE410
2022-10-27 04:00:07,271 [INFO] ApiDbMcu:505 - Load IP Config File for FATFS
2022-10-27 04:00:07,305 [INFO] ApiDbMcu:505 - Load IP Config File for FREERTOS
2022-10-27 04:00:07,327 [INFO] ApiDbMcu:505 - Load IP Config File for USB_DEVICE
2022-10-27 04:00:10,177 [INFO] ProjectBuilder:4285 - Time for Generating toolchain IDE Files: 3284mS.
2022-10-27 04:00:10,178 [INFO] ProjectBuilder:2790 - Time for Copy CMSIS : 1mS.
2022-10-27 04:00:10,179 [INFO] ProjectBuilder:2790 - Time for Copy CMSIS : 0mS.
2022-10-27 04:00:11,431 [INFO] McuFinderGlobals:57 - Set McuFinderConnectedMode to true
2022-10-27 04:00:11,434 [INFO] ApiDb:443 - Save user favorites file C:\Users\Zver/.stm32cubeide/favorites.mcus.txt: 1 item(s)
2022-10-27 04:00:11,435 [INFO] ApiDb:447 - User favorites MCUs=[STM32F103C8T6]
2022-10-27 04:04:22,011 [INFO] UtilMem:74 - End SaveConfig() Used Memory: 563660096 Bytes (638582784)
2022-10-27 04:04:23,369 [INFO] UtilMem:74 - End SaveConfig() Used Memory: 509503592 Bytes (638582784)
2022-10-27 04:04:26,116 [INFO] UtilMem:74 - End SaveConfig() Used Memory: 562100768 Bytes (638582784)
2022-10-27 04:04:26,459 [INFO] BlockDiagram:2753 - set Specific Code input for plugin: NVIC
2022-10-27 04:04:26,459 [INFO] BlockDiagram:2753 - set Specific Code input for plugin: SYS
2022-10-27 04:04:26,460 [INFO] BlockDiagram:2753 - set Specific Code input for plugin: GPIO
2022-10-27 04:04:26,460 [INFO] BlockDiagram:2753 - set Specific Code input for plugin: RCC
2022-10-27 04:04:26,461 [INFO] CodeGenerator:690 - code generatio: config db path: C:\ST\STM32CubeIDE_1.9.0\STM32CubeIDE\plugins\com.st.stm32cube.common.mx_6.6.1.202207061420\\db\
2022-10-27 04:04:26,685 [INFO] CodeEngine:245 - oldGeneratedFile, D:\github\mc\stm32\Interrupt_Touch_Sensor\Interrupt_Touch_Sensor\MXTmpFiles\license.tmp_save
2022-10-27 04:04:26,796 [INFO] CodeEngine:269 - Generated code: D:\github\mc\stm32\Interrupt_Touch_Sensor\Interrupt_Touch_Sensor\MXTmpFiles\license.tmp
2022-10-27 04:04:26,834 [INFO] CodeEngine:245 - oldGeneratedFile, D:\github\mc\stm32\Interrupt_Touch_Sensor\Interrupt_Touch_Sensor\MXTmpFiles\gpio.tmp_save
2022-10-27 04:04:27,034 [INFO] CodeEngine:269 - Generated code: D:\github\mc\stm32\Interrupt_Touch_Sensor\Interrupt_Touch_Sensor\MXTmpFiles\gpio.tmp
2022-10-27 04:04:27,074 [INFO] CodeEngine:245 - oldGeneratedFile, D:\github\mc\stm32\Interrupt_Touch_Sensor\Interrupt_Touch_Sensor\Core\Src\stm32f1xx_it.c_save
2022-10-27 04:04:27,249 [INFO] CodeEngine:269 - Generated code: D:\github\mc\stm32\Interrupt_Touch_Sensor\Interrupt_Touch_Sensor\Core\Src\stm32f1xx_it.c
2022-10-27 04:04:27,256 [INFO] CodeEngine:245 - oldGeneratedFile, D:\github\mc\stm32\Interrupt_Touch_Sensor\Interrupt_Touch_Sensor\Core\Inc\stm32f1xx_it.h_save
2022-10-27 04:04:27,324 [INFO] CodeEngine:269 - Generated code: D:\github\mc\stm32\Interrupt_Touch_Sensor\Interrupt_Touch_Sensor\Core\Inc\stm32f1xx_it.h
2022-10-27 04:04:27,365 [INFO] CodeEngine:245 - oldGeneratedFile, D:\github\mc\stm32\Interrupt_Touch_Sensor\Interrupt_Touch_Sensor\Core\Src\stm32f1xx_hal_msp.c_save
2022-10-27 04:04:27,453 [INFO] CodeEngine:269 - Generated code: D:\github\mc\stm32\Interrupt_Touch_Sensor\Interrupt_Touch_Sensor\Core\Src\stm32f1xx_hal_msp.c
2022-10-27 04:04:27,456 [INFO] CodeEngine:245 - oldGeneratedFile, D:\github\mc\stm32\Interrupt_Touch_Sensor\Interrupt_Touch_Sensor\MXTmpFiles\system.tmp_save
2022-10-27 04:04:27,544 [INFO] CodeEngine:269 - Generated code: D:\github\mc\stm32\Interrupt_Touch_Sensor\Interrupt_Touch_Sensor\MXTmpFiles\system.tmp
2022-10-27 04:04:27,568 [INFO] CodeEngine:245 - oldGeneratedFile, D:\github\mc\stm32\Interrupt_Touch_Sensor\Interrupt_Touch_Sensor\Core\Inc\stm32f1xx_hal_conf.h_save
2022-10-27 04:04:27,670 [INFO] CodeEngine:269 - Generated code: D:\github\mc\stm32\Interrupt_Touch_Sensor\Interrupt_Touch_Sensor\Core\Inc\stm32f1xx_hal_conf.h
2022-10-27 04:04:27,716 [INFO] CodeEngine:245 - oldGeneratedFile, D:\github\mc\stm32\Interrupt_Touch_Sensor\Interrupt_Touch_Sensor\Core\Inc\main.h_save
2022-10-27 04:04:28,075 [INFO] CodeEngine:269 - Generated code: D:\github\mc\stm32\Interrupt_Touch_Sensor\Interrupt_Touch_Sensor\Core\Inc\main.h
2022-10-27 04:04:28,111 [INFO] CodeEngine:245 - oldGeneratedFile, D:\github\mc\stm32\Interrupt_Touch_Sensor\Interrupt_Touch_Sensor\Core\Src\main.c_save
2022-10-27 04:04:28,300 [INFO] CodeEngine:269 - Generated code: D:\github\mc\stm32\Interrupt_Touch_Sensor\Interrupt_Touch_Sensor\Core\Src\main.c
2022-10-27 04:04:29,184 [INFO] ProjectBuilder:2919 - Time for Copy HAL[1] : 368mS.
2022-10-27 04:04:29,188 [INFO] ProjectBuilder:4117 - Project Generator version: 3.17.1
2022-10-27 04:04:29,512 [INFO] ConfigFileManager:1394 - The Die is : DIE410
2022-10-27 04:04:30,974 [INFO] ProjectBuilder:4285 - Time for Generating toolchain IDE Files: 1786mS.
2022-10-27 04:04:30,975 [INFO] ProjectBuilder:2790 - Time for Copy CMSIS : 0mS.
2022-10-27 04:04:30,998 [INFO] ProjectBuilder:2790 - Time for Copy CMSIS : 0mS.
