2022-10-19 18:19:02,334 [INFO] Activator:177 - 


2022-10-19 18:19:02,335 [INFO] Activator:178 - !SESSION log4j initialized
2022-10-19 18:19:04,916 [INFO] McuFinderGlobals:44 - Set McuFinder mode to 2 (CubeIDE integrated)
2022-10-19 18:19:06,223 [INFO] ApplicationProperties:181 - Using Application install path: C:\ST\STM32CubeIDE_1.9.0\STM32CubeIDE\plugins\com.st.stm32cube.common.mx_6.6.1.202207061420
2022-10-19 18:19:06,239 [INFO] DbMcusXml:77 - Set database path to: C:\ST\STM32CubeIDE_1.9.0\STM32CubeIDE\plugins\com.st.stm32cube.common.mx_6.6.1.202207061420\\db\/mcu/
2022-10-19 18:19:06,240 [INFO] ApiDb:269 - Set plugin database path to: C:\ST\STM32CubeIDE_1.9.0\STM32CubeIDE\plugins\com.st.stm32cube.common.mx_6.6.1.202207061420\\db\/plugins/boardmanager/
2022-10-19 18:19:06,243 [WARN] ApiDb:254 - Overriding images path with different value:  => C:\ST\STM32CubeIDE_1.9.0\STM32CubeIDE\plugins\com.st.stm32cube.common.mx_6.6.1.202207061420\\db\/plugins/mcufinder/images/
2022-10-19 18:19:06,260 [INFO] ApiDb:249 - Set database path to: C:\Users\Zver\.stmcufinder\plugins\mcufinder//mcu/
2022-10-19 18:19:06,261 [INFO] DbMcusAds:124 - Set database path to: C:\Users\Zver\.stmcufinder\plugins\mcufinder//mcu/
2022-10-19 18:19:06,264 [INFO] CrossReferenceDbSqlite:201 - Set database path to: C:\Users\Zver\.stmcufinder\plugins\mcufinder//mcu/cs/
2022-10-19 18:19:06,358 [INFO] RulesReader:61 - Compatibility file has been processed (282 Rules)
2022-10-19 18:19:06,481 [INFO] DbMcusXml:77 - Set database path to: C:\ST\STM32CubeIDE_1.9.0\STM32CubeIDE\plugins\com.st.stm32cube.common.mx_6.6.1.202207061420\\db\/mcu/
2022-10-19 18:19:06,481 [INFO] ApiDb:269 - Set plugin database path to: C:\ST\STM32CubeIDE_1.9.0\STM32CubeIDE\plugins\com.st.stm32cube.common.mx_6.6.1.202207061420\\db\/plugins/boardmanager/
2022-10-19 18:19:06,481 [INFO] ApiDb:256 - Set plugin images path to: C:\ST\STM32CubeIDE_1.9.0\STM32CubeIDE\plugins\com.st.stm32cube.common.mx_6.6.1.202207061420\\db\/plugins/mcufinder/images/
2022-10-19 18:19:06,481 [WARN] DbFile:40 - Overriding database path with different value: C:\Users\Zver\.stmcufinder\plugins\mcufinder/ => C:\Users\Zver\.stmcufinder\plugins\mcufinder
2022-10-19 18:19:06,481 [INFO] ApiDb:249 - Set database path to: C:\Users\Zver\.stmcufinder\plugins\mcufinder//mcu/
2022-10-19 18:19:06,482 [WARN] DbFile:40 - Overriding database path with different value: C:\Users\Zver\.stmcufinder\plugins\mcufinder/ => C:\Users\Zver\.stmcufinder\plugins\mcufinder
2022-10-19 18:19:06,482 [INFO] DbMcusAds:124 - Set database path to: C:\Users\Zver\.stmcufinder\plugins\mcufinder//mcu/
2022-10-19 18:19:06,482 [WARN] DbFile:40 - Overriding database path with different value: C:\Users\Zver\.stmcufinder\plugins\mcufinder/ => C:\Users\Zver\.stmcufinder\plugins\mcufinder
2022-10-19 18:19:06,483 [WARN] DbFile:40 - Overriding database path with different value: C:\Users\Zver\.stmcufinder\plugins\mcufinder/ => C:\Users\Zver\.stmcufinder\plugins\mcufinder
2022-10-19 18:19:06,483 [INFO] CrossReferenceDbSqlite:201 - Set database path to: C:\Users\Zver\.stmcufinder\plugins\mcufinder//mcu/cs/
2022-10-19 18:19:06,599 [INFO] MainPanel:242 - HeapMemory: 268435456
2022-10-19 18:19:06,693 [INFO] DbMcusXml:77 - Set database path to: C:\ST\STM32CubeIDE_1.9.0\STM32CubeIDE\plugins\com.st.stm32cube.common.mx_6.6.1.202207061420\\db\/mcu/
2022-10-19 18:19:06,694 [INFO] ApiDb:269 - Set plugin database path to: C:\ST\STM32CubeIDE_1.9.0\STM32CubeIDE\plugins\com.st.stm32cube.common.mx_6.6.1.202207061420\\db\/plugins/boardmanager/
2022-10-19 18:19:06,694 [INFO] ApiDb:256 - Set plugin images path to: C:\ST\STM32CubeIDE_1.9.0\STM32CubeIDE\plugins\com.st.stm32cube.common.mx_6.6.1.202207061420\\db\/plugins/mcufinder/images/
2022-10-19 18:19:06,694 [WARN] DbFile:40 - Overriding database path with different value: C:\Users\Zver\.stmcufinder\plugins\mcufinder/ => C:\Users\Zver\.stmcufinder\plugins\mcufinder
2022-10-19 18:19:06,694 [INFO] ApiDb:249 - Set database path to: C:\Users\Zver\.stmcufinder\plugins\mcufinder//mcu/
2022-10-19 18:19:06,694 [WARN] DbFile:40 - Overriding database path with different value: C:\Users\Zver\.stmcufinder\plugins\mcufinder/ => C:\Users\Zver\.stmcufinder\plugins\mcufinder
2022-10-19 18:19:06,695 [INFO] DbMcusAds:124 - Set database path to: C:\Users\Zver\.stmcufinder\plugins\mcufinder//mcu/
2022-10-19 18:19:06,695 [WARN] DbFile:40 - Overriding database path with different value: C:\Users\Zver\.stmcufinder\plugins\mcufinder/ => C:\Users\Zver\.stmcufinder\plugins\mcufinder
2022-10-19 18:19:06,695 [WARN] DbFile:40 - Overriding database path with different value: C:\Users\Zver\.stmcufinder\plugins\mcufinder/ => C:\Users\Zver\.stmcufinder\plugins\mcufinder
2022-10-19 18:19:06,695 [INFO] CrossReferenceDbSqlite:201 - Set database path to: C:\Users\Zver\.stmcufinder\plugins\mcufinder//mcu/cs/
2022-10-19 18:19:06,716 [INFO] ApplicationProperties:181 - Using Application install path: C:\ST\STM32CubeIDE_1.9.0\STM32CubeIDE\plugins\com.st.stm32cube.common.mx_6.6.1.202207061420
2022-10-19 18:19:06,718 [INFO] PluginManage:193 - Search for loadable plugins [exclusion list=, ]
2022-10-19 18:19:06,719 [INFO] PluginManage:307 - Check plugin analytics
2022-10-19 18:19:06,859 [INFO] AnalyticsPlugin:262 - Accepted Software Licenses: 
2022-10-19 18:19:06,859 [INFO] AnalyticsPlugin:264 - Accepted CMSIS Pack Licenses: 
2022-10-19 18:19:06,859 [INFO] AnalyticsPlugin:266 - Accepted Firmware Licenses: 
2022-10-19 18:19:06,867 [INFO] PluginManage:356 - Loaded plugin analytics (category:tool,tabindex:-1)
2022-10-19 18:19:06,867 [INFO] PluginManage:307 - Check plugin cadmodel
2022-10-19 18:19:06,872 [INFO] CADModel:65 - Init CAD model plugin
2022-10-19 18:19:06,872 [INFO] PluginManage:356 - Loaded plugin cadmodel (category:power,tabindex:5)
2022-10-19 18:19:06,872 [INFO] PluginManage:307 - Check plugin clock
2022-10-19 18:19:06,882 [INFO] PluginManage:356 - Loaded plugin clock (category:base,tabindex:2)
2022-10-19 18:19:06,883 [INFO] PluginManage:307 - Check plugin ddr
2022-10-19 18:19:06,886 [INFO] PluginManage:356 - Loaded plugin ddr (category:tool,tabindex:6)
2022-10-19 18:19:06,887 [INFO] PluginManage:307 - Check plugin filemanager
2022-10-19 18:19:07,108 [INFO] PluginManage:356 - Loaded plugin filemanager (category:base,tabindex:10)
2022-10-19 18:19:07,108 [INFO] PluginManage:307 - Check plugin ipmanager
2022-10-19 18:19:07,121 [INFO] PluginManage:356 - Loaded plugin ipmanager (category:base,tabindex:5)
2022-10-19 18:19:07,121 [INFO] PluginManage:307 - Check plugin lpbam
2022-10-19 18:19:07,130 [INFO] PluginManage:356 - Loaded plugin lpbam (category:base,tabindex:0)
2022-10-19 18:19:07,131 [INFO] PluginManage:307 - Check plugin pinoutandconfiguration
2022-10-19 18:19:07,138 [INFO] PluginManage:356 - Loaded plugin pinoutandconfiguration (category:base,tabindex:1)
2022-10-19 18:19:07,138 [INFO] PluginManage:307 - Check plugin pinoutconfig
2022-10-19 18:19:07,164 [INFO] PluginManage:356 - Loaded plugin pinoutconfig (category:base,tabindex:0)
2022-10-19 18:19:07,165 [INFO] PluginManage:307 - Check plugin power
2022-10-19 18:19:07,174 [INFO] PluginManage:356 - Loaded plugin power (category:power,tabindex:4)
2022-10-19 18:19:07,174 [INFO] PluginManage:307 - Check plugin projectmanager
2022-10-19 18:19:07,185 [INFO] PluginManage:356 - Loaded plugin projectmanager (category:projectmanager,tabindex:3)
2022-10-19 18:19:07,185 [INFO] PluginManage:307 - Check plugin thirdparty
2022-10-19 18:19:07,295 [WARN] IntegrityCheckThread:82 - waiting for thirdparty lock release [integrity check]
2022-10-19 18:19:07,295 [INFO] PluginManage:356 - Loaded plugin thirdparty (category:base,tabindex:-1)
2022-10-19 18:19:07,295 [INFO] IntegrityCheckThread:84 - entering critical section [integrity check]
2022-10-19 18:19:07,296 [INFO] PluginManage:307 - Check plugin tools
2022-10-19 18:19:07,297 [INFO] ThirdPartyUpdaterWithRetryManager:70 - Updater plugin not ready yet. [1/15]
2022-10-19 18:19:07,298 [INFO] PluginManage:356 - Loaded plugin tools (category:base,tabindex:7)
2022-10-19 18:19:07,299 [INFO] PluginManage:307 - Check plugin tutovideos
2022-10-19 18:19:07,471 [INFO] PluginManage:356 - Loaded plugin tutovideos (category:base,tabindex:-1)
2022-10-19 18:19:07,472 [INFO] PluginManage:307 - Check plugin updater
2022-10-19 18:19:07,484 [INFO] PluginManage:356 - Loaded plugin updater (category:base,tabindex:12)
2022-10-19 18:19:07,485 [INFO] PluginManage:280 - PluginManage : Loaded plugins [15]
2022-10-19 18:19:07,894 [INFO] PinOutPanel:1468 - setPackage(No Configuration,No Configuration)
2022-10-19 18:19:07,971 [INFO] CADModel:98 - CPN selected for project level
2022-10-19 18:19:07,985 [INFO] IPUIPlugin:79 - create IPUIPlugin
2022-10-19 18:19:07,985 [INFO] PluginManager:217 - loadIPPluginJar : add adc
2022-10-19 18:19:07,988 [INFO] IPUIPlugin:79 - create IPUIPlugin
2022-10-19 18:19:07,988 [INFO] PluginManager:217 - loadIPPluginJar : add aes
2022-10-19 18:19:07,990 [INFO] IPUIPlugin:79 - create IPUIPlugin
2022-10-19 18:19:07,990 [INFO] PluginManager:217 - loadIPPluginJar : add can
2022-10-19 18:19:07,991 [INFO] IPUIPlugin:79 - create IPUIPlugin
2022-10-19 18:19:07,991 [INFO] PluginManager:217 - loadIPPluginJar : add comp
2022-10-19 18:19:07,993 [INFO] IPUIPlugin:79 - create IPUIPlugin
2022-10-19 18:19:07,993 [INFO] PluginManager:217 - loadIPPluginJar : add cryp
2022-10-19 18:19:07,995 [INFO] IPUIPlugin:79 - create IPUIPlugin
2022-10-19 18:19:07,995 [INFO] PluginManager:217 - loadIPPluginJar : add dfsdm
2022-10-19 18:19:08,000 [INFO] IPUIPlugin:79 - create IPUIPlugin
2022-10-19 18:19:08,000 [INFO] PluginManager:217 - loadIPPluginJar : add dma
2022-10-19 18:19:08,003 [INFO] IPUIPlugin:79 - create IPUIPlugin
2022-10-19 18:19:08,003 [INFO] PluginManager:217 - loadIPPluginJar : add dma3
2022-10-19 18:19:08,004 [INFO] IPUIPlugin:79 - create IPUIPlugin
2022-10-19 18:19:08,005 [INFO] PluginManager:217 - loadIPPluginJar : add fatfs
2022-10-19 18:19:08,008 [INFO] IPUIPlugin:79 - create IPUIPlugin
2022-10-19 18:19:08,009 [INFO] PluginManager:217 - loadIPPluginJar : add fmc
2022-10-19 18:19:08,014 [INFO] IPUIPlugin:79 - create IPUIPlugin
2022-10-19 18:19:08,014 [INFO] PluginManager:217 - loadIPPluginJar : add freertos
2022-10-19 18:19:08,015 [INFO] IPUIPlugin:79 - create IPUIPlugin
2022-10-19 18:19:08,015 [INFO] PluginManager:217 - loadIPPluginJar : add genericplugin
2022-10-19 18:19:08,017 [INFO] IPUIPlugin:79 - create IPUIPlugin
2022-10-19 18:19:08,017 [INFO] PluginManager:217 - loadIPPluginJar : add gfxmmu
2022-10-19 18:19:08,021 [INFO] IPUIPlugin:79 - create IPUIPlugin
2022-10-19 18:19:08,021 [INFO] PluginManager:217 - loadIPPluginJar : add gic
2022-10-19 18:19:08,025 [INFO] IPUIPlugin:79 - create IPUIPlugin
2022-10-19 18:19:08,025 [INFO] PluginManager:217 - loadIPPluginJar : add gpio
2022-10-19 18:19:08,027 [INFO] IPUIPlugin:79 - create IPUIPlugin
2022-10-19 18:19:08,027 [INFO] PluginManager:217 - loadIPPluginJar : add gtzc
2022-10-19 18:19:08,029 [INFO] IPUIPlugin:79 - create IPUIPlugin
2022-10-19 18:19:08,029 [INFO] PluginManager:217 - loadIPPluginJar : add hash
2022-10-19 18:19:08,031 [INFO] IPUIPlugin:79 - create IPUIPlugin
2022-10-19 18:19:08,031 [INFO] PluginManager:217 - loadIPPluginJar : add i2c
2022-10-19 18:19:08,033 [INFO] IPUIPlugin:79 - create IPUIPlugin
2022-10-19 18:19:08,033 [INFO] PluginManager:217 - loadIPPluginJar : add i2s
2022-10-19 18:19:08,036 [INFO] IPUIPlugin:79 - create IPUIPlugin
2022-10-19 18:19:08,036 [INFO] PluginManager:217 - loadIPPluginJar : add ipddr
2022-10-19 18:19:08,042 [INFO] IPUIPlugin:79 - create IPUIPlugin
2022-10-19 18:19:08,042 [INFO] PluginManager:217 - loadIPPluginJar : add linkedlist
2022-10-19 18:19:08,044 [INFO] IPUIPlugin:79 - create IPUIPlugin
2022-10-19 18:19:08,044 [INFO] PluginManager:217 - loadIPPluginJar : add lorawan
2022-10-19 18:19:08,045 [INFO] IPUIPlugin:79 - create IPUIPlugin
2022-10-19 18:19:08,045 [INFO] PluginManager:217 - loadIPPluginJar : add ltdc
2022-10-19 18:19:08,050 [INFO] IPUIPlugin:79 - create IPUIPlugin
2022-10-19 18:19:08,050 [INFO] PluginManager:217 - loadIPPluginJar : add mdma
2022-10-19 18:19:08,053 [INFO] IPUIPlugin:79 - create IPUIPlugin
2022-10-19 18:19:08,053 [INFO] PluginManager:217 - loadIPPluginJar : add nvic
2022-10-19 18:19:08,056 [INFO] IPUIPlugin:79 - create IPUIPlugin
2022-10-19 18:19:08,056 [INFO] PluginManager:217 - loadIPPluginJar : add opamp
2022-10-19 18:19:08,059 [INFO] IPUIPlugin:79 - create IPUIPlugin
2022-10-19 18:19:08,059 [INFO] PluginManager:217 - loadIPPluginJar : add openamp
2022-10-19 18:19:08,062 [INFO] IPUIPlugin:79 - create IPUIPlugin
2022-10-19 18:19:08,062 [INFO] PluginManager:217 - loadIPPluginJar : add pdm2pcm
2022-10-19 18:19:08,069 [INFO] IPUIPlugin:79 - create IPUIPlugin
2022-10-19 18:19:08,071 [INFO] PluginManager:217 - loadIPPluginJar : add plateformsettings
2022-10-19 18:19:08,073 [INFO] IPUIPlugin:79 - create IPUIPlugin
2022-10-19 18:19:08,073 [INFO] PluginManager:217 - loadIPPluginJar : add quadspi
2022-10-19 18:19:08,077 [INFO] IPUIPlugin:79 - create IPUIPlugin
2022-10-19 18:19:08,077 [INFO] PluginManager:217 - loadIPPluginJar : add resmgrutility
2022-10-19 18:19:08,079 [INFO] IPUIPlugin:79 - create IPUIPlugin
2022-10-19 18:19:08,080 [INFO] PluginManager:217 - loadIPPluginJar : add sai
2022-10-19 18:19:08,082 [INFO] IPUIPlugin:79 - create IPUIPlugin
2022-10-19 18:19:08,082 [INFO] PluginManager:217 - loadIPPluginJar : add spi
2022-10-19 18:19:08,087 [INFO] IPUIPlugin:79 - create IPUIPlugin
2022-10-19 18:19:08,087 [INFO] PluginManager:217 - loadIPPluginJar : add stm32_wpan
2022-10-19 18:19:08,089 [INFO] IPUIPlugin:79 - create IPUIPlugin
2022-10-19 18:19:08,089 [INFO] PluginManager:217 - loadIPPluginJar : add tim
2022-10-19 18:19:08,092 [INFO] IPUIPlugin:79 - create IPUIPlugin
2022-10-19 18:19:08,092 [INFO] PluginManager:217 - loadIPPluginJar : add touchsensing
2022-10-19 18:19:08,094 [INFO] IPUIPlugin:79 - create IPUIPlugin
2022-10-19 18:19:08,095 [INFO] PluginManager:217 - loadIPPluginJar : add tracer_emb
2022-10-19 18:19:08,096 [INFO] IPUIPlugin:79 - create IPUIPlugin
2022-10-19 18:19:08,097 [INFO] PluginManager:217 - loadIPPluginJar : add ts
2022-10-19 18:19:08,098 [INFO] IPUIPlugin:79 - create IPUIPlugin
2022-10-19 18:19:08,098 [INFO] PluginManager:217 - loadIPPluginJar : add tsc
2022-10-19 18:19:08,100 [INFO] IPUIPlugin:79 - create IPUIPlugin
2022-10-19 18:19:08,100 [INFO] PluginManager:217 - loadIPPluginJar : add ucpd
2022-10-19 18:19:08,103 [INFO] IPUIPlugin:79 - create IPUIPlugin
2022-10-19 18:19:08,103 [INFO] PluginManager:217 - loadIPPluginJar : add usart
2022-10-19 18:19:08,105 [INFO] IPUIPlugin:79 - create IPUIPlugin
2022-10-19 18:19:08,106 [INFO] PluginManager:217 - loadIPPluginJar : add usbx
2022-10-19 18:19:08,359 [FATAL] Updater:301 - Updater called before beeing initialized
2022-10-19 18:19:08,533 [FATAL] Updater:301 - Updater called before beeing initialized
2022-10-19 18:19:08,539 [INFO] DbMcusAds:52 - JSON generation date=Thu Sep 30 09:55:09 MSK 2021 (1632984909247)
2022-10-19 18:19:08,540 [FATAL] Updater:301 - Updater called before beeing initialized
2022-10-19 18:19:08,628 [WARN] DetailPanel:344 - Failed to get advertising image, set to default
2022-10-19 18:19:08,758 [FATAL] Updater:301 - Updater called before beeing initialized
2022-10-19 18:19:08,760 [FATAL] Updater:301 - Updater called before beeing initialized
2022-10-19 18:19:08,761 [FATAL] Updater:301 - Updater called before beeing initialized
2022-10-19 18:19:08,761 [WARN] DetailPanel:344 - Failed to get advertising image, set to default
2022-10-19 18:19:08,761 [FATAL] Updater:301 - Updater called before beeing initialized
2022-10-19 18:19:08,816 [ERROR] Updater:1105 - MainUpdater not yet initialized. External WinMGr cannot be set.
2022-10-19 18:19:08,818 [INFO] Updater:1041 - Updater Version found : 6.6.1
2022-10-19 18:19:08,832 [INFO] ApplicationProperties:181 - Using Application install path: C:\ST\STM32CubeIDE_1.9.0\STM32CubeIDE\plugins\com.st.stm32cube.common.mx_6.6.1.202207061420
2022-10-19 18:19:09,089 [INFO] MainUpdater:2768 - connection check result : 10
2022-10-19 18:19:09,089 [INFO] MainUpdater:280 - Updater Check For Update Now.
2022-10-19 18:19:09,089 [INFO] MicroXplorer:481 - Change Database Version : DB.6.0.60
2022-10-19 18:19:09,236 [INFO] CheckServerUpdateThread:119 - End of CheckServer Thread
2022-10-19 18:19:09,298 [INFO] MainUpdater:2768 - connection check result : 10
2022-10-19 18:19:09,509 [INFO] McuFinderGlobals:57 - Set McuFinderConnectedMode to true
2022-10-19 18:19:09,516 [INFO] MultiScanPanel:195 - Auto-refresh data requested => check proxy status ongoing
2022-10-19 18:19:09,522 [INFO] FinderPluginLoader:92 - Searching for filters in installed packs
2022-10-19 18:19:09,625 [INFO] ApiDb:576 - Connected to CubeFinder SQLite database (C:\Users\Zver\.stmcufinder\plugins\mcufinder\mcu\cube-finder-db.db)
2022-10-19 18:19:09,662 [INFO] ApiDb:663 - CubeFinder database Data Model version=2.1
2022-10-19 18:19:09,662 [INFO] ApiDb:664 - CubeFinder database Configuration version=3.0.32
2022-10-19 18:19:09,662 [INFO] ApiDb:665 - CubeFinder database generation date=2022-08-05 (1659688109)
2022-10-19 18:19:09,662 [INFO] ApiDb:666 - CubeFinder database FW Pack versions=[STM32Cube_FW_C0_V1.0.0, STM32Cube_FW_F4_V1.27.1, STM32Cube_FW_F7_V1.17.0, STM32Cube_FW_G0_V1.6.1, STM32Cube_FW_G4_V1.5.0, STM32Cube_FW_H7_V1.10.0, STM32Cube_FW_L5_V1.4.0, STM32Cube_FW_U5_V1.1.1, STM32Cube_FW_WB_V1.14.1, STM32Cube_FW_WL_V1.2.0, X-CUBE-ALGOBUILD_V1.3.0, X-CUBE-ALS_V1.0.1, X-CUBE-AZRTOS-F4_V1.1.0, X-CUBE-AZRTOS-F7_V1.1.0, X-CUBE-AZRTOS-G0_V1.1.0, X-CUBE-AZRTOS-G4_V1.0.0, X-CUBE-AZRTOS-H7_V2.1.0, X-CUBE-AZRTOS-L4_V1.0.0, X-CUBE-AZRTOS-L5_V1.0.0, X-CUBE-AZRTOS-WL_V1.0.0, X-CUBE-BLE1_V6.2.3, X-CUBE-BLE2_V3.3.0, X-CUBE-EEPRMA1_V3.1.1, X-CUBE-GNSS1_V6.0.0, X-CUBE-MEMS1_V9.1.0, X-CUBE-MEMS1_V9.3.0, X-CUBE-NFC4_V2.0.4, X-CUBE-NFC7_V1.0.0, X-CUBE-SFXS2LP1_V4.0.0, X-CUBE-SUBG2_V5.0.0]
2022-10-19 18:19:10,432 [WARN] PackLoader:242 - Cannot read IP mode file for wolfSSL.I-CUBE-wolfSSL.5.2.0
2022-10-19 18:19:10,445 [WARN] PackLoader:242 - Cannot read IP mode file for STMicroelectronics.X-CUBE-GNSS1.6.0.0
2022-10-19 18:19:10,489 [WARN] PackLoader:242 - Cannot read IP mode file for STMicroelectronics.X-CUBE-AZRTOS-F4.1.1.0
2022-10-19 18:19:10,522 [WARN] PackLoader:242 - Cannot read IP mode file for STMicroelectronics.X-CUBE-BLEMGR.1.2.0
2022-10-19 18:19:10,554 [WARN] PackLoader:242 - Cannot read IP mode file for STMicroelectronics.X-CUBE-AZRTOS-F7.1.1.0
2022-10-19 18:19:10,561 [WARN] PackLoader:242 - Cannot read IP mode file for STMicroelectronics.X-CUBE-AI.7.1.0
2022-10-19 18:19:10,568 [WARN] PackLoader:242 - Cannot read IP mode file for STMicroelectronics.X-CUBE-BLE1.6.2.3
2022-10-19 18:19:10,574 [WARN] PackLoader:242 - Cannot read IP mode file for STMicroelectronics.X-CUBE-BLE1.6.2.2
2022-10-19 18:19:10,579 [WARN] PackLoader:242 - Cannot read IP mode file for STMicroelectronics.X-CUBE-NFC4.2.0.4
2022-10-19 18:19:10,587 [WARN] PackLoader:242 - Cannot read IP mode file for STMicroelectronics.X-CUBE-BLE2.3.2.2
2022-10-19 18:19:10,592 [WARN] PackLoader:242 - Cannot read IP mode file for STMicroelectronics.X-CUBE-NFC4.2.0.3
2022-10-19 18:19:10,605 [WARN] PackLoader:242 - Cannot read IP mode file for STMicroelectronics.X-CUBE-TOF1.3.1.0
2022-10-19 18:19:10,620 [WARN] PackLoader:242 - Cannot read IP mode file for STMicroelectronics.X-CUBE-SFXS2LP1.3.1.0
2022-10-19 18:19:10,637 [WARN] PackLoader:242 - Cannot read IP mode file for STMicroelectronics.X-CUBE-AZRTOS-F4.1.0.0
2022-10-19 18:19:10,643 [WARN] PackLoader:242 - Cannot read IP mode file for STMicroelectronics.X-CUBE-NFC7.1.0.0
2022-10-19 18:19:10,657 [WARN] PackLoader:242 - Cannot read IP mode file for STMicroelectronics.X-CUBE-SUBG2.4.2.0
2022-10-19 18:19:10,704 [WARN] PackLoader:242 - Cannot read IP mode file for STMicroelectronics.X-CUBE-MEMS1.9.3.0
2022-10-19 18:19:10,869 [WARN] PackLoader:242 - Cannot read IP mode file for STMicroelectronics.X-CUBE-AI.7.2.0
2022-10-19 18:19:10,886 [WARN] PackLoader:242 - Cannot read IP mode file for STMicroelectronics.X-CUBE-AZRTOS-G0.1.0.0
2022-10-19 18:19:10,894 [WARN] PackLoader:242 - Cannot read IP mode file for STMicroelectronics.X-CUBE-SFXS2LP1.4.0.0
2022-10-19 18:19:10,899 [WARN] PackLoader:242 - Cannot read IP mode file for STMicroelectronics.X-CUBE-BLE2.3.3.0
2022-10-19 18:19:10,909 [WARN] PackLoader:242 - Cannot read IP mode file for STMicroelectronics.X-CUBE-DISPLAY.2.2.0
2022-10-19 18:19:10,918 [WARN] PackLoader:242 - Cannot read IP mode file for STMicroelectronics.X-CUBE-TOUCHGFX.4.18.1
2022-10-19 18:19:10,922 [WARN] PackLoader:242 - Cannot read IP mode file for STMicroelectronics.X-CUBE-ISPU.1.0.0
2022-10-19 18:19:10,930 [WARN] PackLoader:242 - Cannot read IP mode file for RoweBots.I-CUBE-UNISONRTOS.5.5.0-4
2022-10-19 18:19:10,948 [WARN] PackLoader:242 - Cannot read IP mode file for STMicroelectronics.X-CUBE-AZRTOS-H7.2.1.0
2022-10-19 18:19:10,959 [WARN] PackLoader:242 - Cannot read IP mode file for STMicroelectronics.X-CUBE-BLEMGR.1.0.0
2022-10-19 18:19:10,964 [WARN] PackLoader:242 - Cannot read IP mode file for STMicroelectronics.X-CUBE-ALGOBUILD.1.3.0
2022-10-19 18:19:10,985 [WARN] PackLoader:242 - Cannot read IP mode file for STMicroelectronics.X-CUBE-AZRTOS-G0.1.1.0
2022-10-19 18:19:10,997 [WARN] PackLoader:242 - Cannot read IP mode file for STMicroelectronics.X-CUBE-SUBG2.5.0.0
2022-10-19 18:19:11,037 [WARN] PackLoader:242 - Cannot read IP mode file for SEGGER.I-CUBE-embOS.1.2.0
2022-10-19 18:19:11,072 [WARN] PackLoader:242 - Cannot read IP mode file for STMicroelectronics.FP-ATR-ASTRA1.1.1.1
2022-10-19 18:19:11,089 [WARN] PackLoader:242 - Cannot read IP mode file for STMicroelectronics.X-CUBE-AZRTOS-H7.2.0.0
2022-10-19 18:19:11,105 [WARN] PackLoader:242 - Cannot read IP mode file for STMicroelectronics.X-CUBE-AZRTOS-G4.1.0.0
2022-10-19 18:19:11,111 [WARN] PackLoader:242 - Cannot read IP mode file for STMicroelectronics.FP-ATR-SIGFOX1.3.2.0
2022-10-19 18:19:11,127 [WARN] PackLoader:242 - Cannot read IP mode file for STMicroelectronics.X-CUBE-AZRTOS-L4.1.0.0
2022-10-19 18:19:11,135 [WARN] PackLoader:242 - Cannot read IP mode file for emotas.I-CUBE-CANOPEN.1.1.2
2022-10-19 18:19:11,137 [WARN] PackLoader:242 - Cannot read IP mode file for STMicroelectronics.X-CUBE-TOUCHGFX.4.20.0
2022-10-19 18:19:11,158 [WARN] PackLoader:242 - Cannot read IP mode file for STMicroelectronics.X-CUBE-AZRTOS-F7.1.0.0
2022-10-19 18:19:11,170 [WARN] PackLoader:242 - Cannot read IP mode file for STMicroelectronics.X-CUBE-AZRTOS-WL.1.0.0
2022-10-19 18:19:11,197 [WARN] PackLoader:242 - Cannot read IP mode file for STMicroelectronics.X-CUBE-MEMS1.9.1.0
2022-10-19 18:19:11,284 [WARN] PackLoader:242 - Cannot read IP mode file for portGmbH.I-Cube-SoM-uGOAL.1.1.0
2022-10-19 18:19:11,289 [WARN] PackLoader:242 - Cannot read IP mode file for STMicroelectronics.X-CUBE-ALS.1.0.1
2022-10-19 18:19:11,304 [WARN] PackLoader:242 - Cannot read IP mode file for STMicroelectronics.X-CUBE-AZRTOS-L5.1.0.0
2022-10-19 18:19:11,312 [WARN] PackLoader:242 - Cannot read IP mode file for STMicroelectronics.X-CUBE-EEPRMA1.3.1.1
2022-10-19 18:19:11,317 [WARN] PackLoader:242 - Cannot read IP mode file for STMicroelectronics.X-CUBE-GNSS1.5.2.0
2022-10-19 18:19:11,327 [WARN] PackLoader:242 - Cannot read IP mode file for STMicroelectronics.X-CUBE-DISPLAY.2.0.1
2022-10-19 18:19:11,333 [WARN] PackLoader:242 - Cannot read IP mode file for STMicroelectronics.X-CUBE-TOF1.3.0.0
2022-10-19 18:19:11,335 [INFO] ThirdParty:929 - Integrity check success = true
2022-10-19 18:19:11,335 [INFO] IntegrityCheckThread:98 - exiting critical section [integrity check]
2022-10-19 18:19:11,335 [INFO] IntegrityCheckThread:101 - End integrity checks thread
2022-10-19 18:19:11,830 [INFO] ApiDb:239 - Found 138 in-development CPN: [B-WB1M-WPAN1, NUCLEO-C031C6, STEVAL-STWINBX1, STM320518-EVAL, STM32C0116-DK, STM32C011D6Y3TR, STM32C011D6Y6TR, STM32C011F4P3, STM32C011F4P6, STM32C011F4U3, STM32C011F4U6TR, STM32C011F6P3, STM32C011F6P6, STM32C011F6U3, STM32C011F6U6TR, STM32C011J4M3, STM32C011J4M6, STM32C011J6M3, STM32C011J6M6, STM32C0316-DK, STM32C031C4T3, STM32C031C4T6, STM32C031C4U3, STM32C031C4U6, STM32C031C6T3, STM32C031C6T6, STM32C031C6U3, STM32C031C6U6, STM32C031F4P3, STM32C031F4P6, STM32C031F6P3, STM32C031F6P6, STM32C031G4U3, STM32C031G4U6, STM32C031G6U3, STM32C031G6U6, STM32C031K4T3, STM32C031K4T6, STM32C031K4U3, STM32C031K4U6, STM32C031K6T3, STM32C031K6T6, STM32C031K6U3, STM32C031K6U6, STM32G071K8TXN, STM32G071K8UXN, STM32G081GBU6N, STM32G081KBT6N, STM32G081KBUXN, STM32G0B1CCT6N, STM32G0B1KCT6, STM32G0B1NEY6TR, STM32G0B1RCT6N, STM32G0C1CCT6, STM32G0C1CCT6N, STM32G0C1CCU6N, STM32G0C1CET6N, STM32G0C1CEU6N, STM32G0C1KCT6, STM32G0C1NEY6TR, STM32G0C1RCI6N, STM32G0C1RCT6N, STM32G0C1REI6N, STM32G0C1RET6N, STM32G0C1VCI6, STM32G0C1VEI6, STM32G471CCT6, STM32G471CCU6, STM32G471CET3, STM32G471CET6, STM32G471CEU3, STM32G471CEU6, STM32G471MCT6, STM32G471MET3, STM32G471MET6, STM32G471MEY6TR, STM32G471QCT6, STM32G471QET3, STM32G471RCT6, STM32G471RET3, STM32G471RET6, STM32G471VCH6, STM32G471VCI6, STM32G471VCT6, STM32G471VEH3, STM32G471VEH6, STM32G471VEI3, STM32G471VEI6, STM32G471VET3, STM32G471VET6, STM32G474CCT6, STM32L476VGY6PTR, STM32L4R5QGI6STR, STM32MP131AAE3, STM32MP131AAF3, STM32MP131AAG3, STM32MP131CAE3, STM32MP131CAF3, STM32MP131CAG3, STM32MP131DAE7, STM32MP131DAF7, STM32MP131DAG7, STM32MP131FAE7, STM32MP131FAF7, STM32MP131FAG7, STM32MP133AAE3, STM32MP133AAF3, STM32MP133AAG3, STM32MP133CAE3, STM32MP133CAF3, STM32MP133CAG3, STM32MP133DAE7, STM32MP133DAF7, STM32MP133DAG7, STM32MP133FAE7, STM32MP133FAF7, STM32MP133FAG7, STM32MP135AAE3, STM32MP135AAF3, STM32MP135AAG3, STM32MP135CAE3, STM32MP135CAF3, STM32MP135CAG3, STM32MP135DAE7, STM32MP135DAF7, STM32MP135DAG7, STM32MP135F-DK, STM32MP135FAE7, STM32MP135FAF7, STM32MP135FAG7, STM32U595ZJT6Q, STM32U599BJY6QTR, STM32U599NIH6Q, STM32U599NJH6Q, STM32U5A5ZJT6Q, STM32U5A9BJY6QTR, STM32U5A9NJH6Q, STM32WB1MMCH6]
2022-10-19 18:19:11,834 [INFO] DbMcus:215 - Found 3542 MCUs, 3542 are supported
2022-10-19 18:19:11,836 [INFO] ApiDb:418 - Load user favorites file C:\Users\Zver/.stm32cubeide/favorites.mcus.txt: 0 item(s)
2022-10-19 18:19:11,836 [INFO] ApiDb:422 - User favorites MCUs=[]
2022-10-19 18:19:11,837 [INFO] DbMcus:221 - Set 0 / 0 favorites MCUs
2022-10-19 18:19:12,921 [INFO] LoadUrlFilesThread:177 - End of LoadServerUrlFiles without Thread
2022-10-19 18:19:12,935 [INFO] DetailPanel:339 - Set advertising image to C:/Users/Zver/STM32Cube/Repository/\en.Prom_NBSTM32U50921.jpg
2022-10-19 18:19:13,676 [INFO] MultiScanPanel:778 - Auto Refresh Data is not needed
2022-10-19 18:19:13,684 [INFO] ApiDb:663 - CubeFinder database Data Model version=2.1
2022-10-19 18:19:13,684 [INFO] ApiDb:664 - CubeFinder database Configuration version=3.0.32
2022-10-19 18:19:13,684 [INFO] ApiDb:665 - CubeFinder database generation date=2022-08-05 (1659688109)
2022-10-19 18:19:13,684 [INFO] ApiDb:666 - CubeFinder database FW Pack versions=[STM32Cube_FW_C0_V1.0.0, STM32Cube_FW_F4_V1.27.1, STM32Cube_FW_F7_V1.17.0, STM32Cube_FW_G0_V1.6.1, STM32Cube_FW_G4_V1.5.0, STM32Cube_FW_H7_V1.10.0, STM32Cube_FW_L5_V1.4.0, STM32Cube_FW_U5_V1.1.1, STM32Cube_FW_WB_V1.14.1, STM32Cube_FW_WL_V1.2.0, X-CUBE-ALGOBUILD_V1.3.0, X-CUBE-ALS_V1.0.1, X-CUBE-AZRTOS-F4_V1.1.0, X-CUBE-AZRTOS-F7_V1.1.0, X-CUBE-AZRTOS-G0_V1.1.0, X-CUBE-AZRTOS-G4_V1.0.0, X-CUBE-AZRTOS-H7_V2.1.0, X-CUBE-AZRTOS-L4_V1.0.0, X-CUBE-AZRTOS-L5_V1.0.0, X-CUBE-AZRTOS-WL_V1.0.0, X-CUBE-BLE1_V6.2.3, X-CUBE-BLE2_V3.3.0, X-CUBE-EEPRMA1_V3.1.1, X-CUBE-GNSS1_V6.0.0, X-CUBE-MEMS1_V9.1.0, X-CUBE-MEMS1_V9.3.0, X-CUBE-NFC4_V2.0.4, X-CUBE-NFC7_V1.0.0, X-CUBE-SFXS2LP1_V4.0.0, X-CUBE-SUBG2_V5.0.0]
2022-10-19 18:19:13,759 [INFO] DbBoardsSqlite:227 - include board P-NUCLEO-WB55-NUCLEO as a kit item of type 'Nucleo-64'
2022-10-19 18:19:13,759 [INFO] DbBoardsSqlite:227 - include board P-NUCLEO-WB55-USBDONGLE as a kit item of type 'Nucleo USB Dongle'
2022-10-19 18:19:13,760 [INFO] DbBoardsSqlite:227 - include board STEVAL-IDP005V1 as a kit item of type 'Evaluation Board'
2022-10-19 18:19:13,760 [INFO] DbBoardsSqlite:227 - include board STEVAL-IDP005V2 as a kit item of type 'Evaluation Board'
2022-10-19 18:19:13,772 [INFO] ApiDb:239 - Found 138 in-development CPN: [B-WB1M-WPAN1, NUCLEO-C031C6, STEVAL-STWINBX1, STM320518-EVAL, STM32C0116-DK, STM32C011D6Y3TR, STM32C011D6Y6TR, STM32C011F4P3, STM32C011F4P6, STM32C011F4U3, STM32C011F4U6TR, STM32C011F6P3, STM32C011F6P6, STM32C011F6U3, STM32C011F6U6TR, STM32C011J4M3, STM32C011J4M6, STM32C011J6M3, STM32C011J6M6, STM32C0316-DK, STM32C031C4T3, STM32C031C4T6, STM32C031C4U3, STM32C031C4U6, STM32C031C6T3, STM32C031C6T6, STM32C031C6U3, STM32C031C6U6, STM32C031F4P3, STM32C031F4P6, STM32C031F6P3, STM32C031F6P6, STM32C031G4U3, STM32C031G4U6, STM32C031G6U3, STM32C031G6U6, STM32C031K4T3, STM32C031K4T6, STM32C031K4U3, STM32C031K4U6, STM32C031K6T3, STM32C031K6T6, STM32C031K6U3, STM32C031K6U6, STM32G071K8TXN, STM32G071K8UXN, STM32G081GBU6N, STM32G081KBT6N, STM32G081KBUXN, STM32G0B1CCT6N, STM32G0B1KCT6, STM32G0B1NEY6TR, STM32G0B1RCT6N, STM32G0C1CCT6, STM32G0C1CCT6N, STM32G0C1CCU6N, STM32G0C1CET6N, STM32G0C1CEU6N, STM32G0C1KCT6, STM32G0C1NEY6TR, STM32G0C1RCI6N, STM32G0C1RCT6N, STM32G0C1REI6N, STM32G0C1RET6N, STM32G0C1VCI6, STM32G0C1VEI6, STM32G471CCT6, STM32G471CCU6, STM32G471CET3, STM32G471CET6, STM32G471CEU3, STM32G471CEU6, STM32G471MCT6, STM32G471MET3, STM32G471MET6, STM32G471MEY6TR, STM32G471QCT6, STM32G471QET3, STM32G471RCT6, STM32G471RET3, STM32G471RET6, STM32G471VCH6, STM32G471VCI6, STM32G471VCT6, STM32G471VEH3, STM32G471VEH6, STM32G471VEI3, STM32G471VEI6, STM32G471VET3, STM32G471VET6, STM32G474CCT6, STM32L476VGY6PTR, STM32L4R5QGI6STR, STM32MP131AAE3, STM32MP131AAF3, STM32MP131AAG3, STM32MP131CAE3, STM32MP131CAF3, STM32MP131CAG3, STM32MP131DAE7, STM32MP131DAF7, STM32MP131DAG7, STM32MP131FAE7, STM32MP131FAF7, STM32MP131FAG7, STM32MP133AAE3, STM32MP133AAF3, STM32MP133AAG3, STM32MP133CAE3, STM32MP133CAF3, STM32MP133CAG3, STM32MP133DAE7, STM32MP133DAF7, STM32MP133DAG7, STM32MP133FAE7, STM32MP133FAF7, STM32MP133FAG7, STM32MP135AAE3, STM32MP135AAF3, STM32MP135AAG3, STM32MP135CAE3, STM32MP135CAF3, STM32MP135CAG3, STM32MP135DAE7, STM32MP135DAF7, STM32MP135DAG7, STM32MP135F-DK, STM32MP135FAE7, STM32MP135FAF7, STM32MP135FAG7, STM32U595ZJT6Q, STM32U599BJY6QTR, STM32U599NIH6Q, STM32U599NJH6Q, STM32U5A5ZJT6Q, STM32U5A9BJY6QTR, STM32U5A9NJH6Q, STM32WB1MMCH6]
2022-10-19 18:19:13,879 [INFO] BoardInfo:879 - No configuration file found for board P-NUCLEO-WB55
2022-10-19 18:19:13,879 [INFO] DbBoards:156 - Kit is not supported: P-NUCLEO-WB55
2022-10-19 18:19:13,883 [INFO] BoardInfo:879 - No configuration file found for board STEVAL-BFA001V1B
2022-10-19 18:19:13,883 [INFO] DbBoards:156 - Kit is not supported: STEVAL-BFA001V1B
2022-10-19 18:19:13,884 [INFO] BoardInfo:879 - No configuration file found for board STEVAL-BFA001V2B
2022-10-19 18:19:13,884 [INFO] DbBoards:156 - Kit is not supported: STEVAL-BFA001V2B
2022-10-19 18:19:14,002 [INFO] DbBoards:160 - Found 176 boards, 173 are supported
2022-10-19 18:19:14,007 [INFO] ApiDb:418 - Load user favorites file C:\Users\Zver/.stm32cubeide/favorites.boards.txt: 0 item(s)
2022-10-19 18:19:14,007 [INFO] ApiDb:422 - User favorites Boards=[]
2022-10-19 18:19:14,007 [INFO] DbBoards:189 - Set 0 / 0 favorites Boards
2022-10-19 18:19:26,210 [ERROR] LogOutputStream:74 - [STDERR_REDIRECT] SLF4J: Failed to load class "org.slf4j.impl.StaticLoggerBinder".
2022-10-19 18:19:26,211 [ERROR] LogOutputStream:74 - [STDERR_REDIRECT] SLF4J: Defaulting to no-operation (NOP) logger implementation
2022-10-19 18:19:26,212 [ERROR] LogOutputStream:74 - [STDERR_REDIRECT] SLF4J: See http://www.slf4j.org/codes.html#StaticLoggerBinder for further details.
2022-10-19 18:20:53,591 [INFO] MainUpdater:2768 - connection check result : 10
2022-10-19 18:20:53,591 [INFO] MainUpdater:2768 - connection check result : 10
2022-10-19 18:20:53,606 [INFO] MicroXplorer:451 - Change Database Path : 
2022-10-19 18:20:53,606 [INFO] MicroXplorer:481 - Change Database Version : DB.6.0.60
2022-10-19 18:20:53,608 [WARN] ThirdParty:827 - waiting for thirdparty lock release [close project]
2022-10-19 18:20:53,608 [INFO] ThirdParty:829 - entering critical section [close project]
2022-10-19 18:20:53,609 [INFO] ThirdParty:839 - exiting critical section [close project]
2022-10-19 18:20:53,614 [INFO] PinOutPanel:1468 - setPackage(No Configuration,No Configuration)
2022-10-19 18:20:53,619 [INFO] UtilMem:74 - Begin LoadConfig() Used Memory: 422656984 Bytes (481296384)
2022-10-19 18:20:53,622 [INFO] MicroXplorer:451 - Change Database Path : 
2022-10-19 18:20:53,622 [INFO] MicroXplorer:481 - Change Database Version : DB.6.0.60
2022-10-19 18:20:53,622 [INFO] OpenFileManager:307 - Change cursor
2022-10-19 18:20:53,740 [INFO] Mcu:1922 - Initializing MCU STM32F103C8Tx STM32F103C8Tx 
2022-10-19 18:20:53,741 [INFO] Mcu:1935 - No CPN specified => set CPN to STM32F103C8T6
2022-10-19 18:20:54,538 [INFO] Context:654 - Trying to add GPIOservice into a context  which must be forbidden
2022-10-19 18:20:54,775 [INFO] ImportTextPane:193 - (OptionalMessage_ERROR) Unable to find key (Mcu.ThirdPartyNb) in loaded IOC file
2022-10-19 18:20:54,775 [INFO] ImportTextPane:193 - (OptionalMessage_ERROR) Unable to find key (Mcu.PinsNb) in loaded IOC file
2022-10-19 18:20:54,775 [INFO] ImportTextPane:193 - (OptionalMessage_ERROR) Unable to find key (Mcu.IPNb) in loaded IOC file
2022-10-19 18:20:54,839 [WARN] ApiManager:308 - Cannot register API 'Board Extension:GNSS1A1' from pack STMicroelectronics.X-CUBE-GNSS1.6.0.0: no header file found
2022-10-19 18:20:54,839 [WARN] ApiManager:308 - Cannot register API 'Board Support:Custom' from pack STMicroelectronics.X-CUBE-GNSS1.6.0.0: no header file found
2022-10-19 18:20:54,840 [WARN] ApiManager:308 - Cannot register API 'Data Exchange:lib_gnss' from pack STMicroelectronics.X-CUBE-GNSS1.6.0.0: no header file found
2022-10-19 18:20:54,855 [WARN] ApiManager:308 - Cannot register API 'Wireless:BlueNRG-MS' from pack STMicroelectronics.X-CUBE-BLE1.6.2.3: no header file found
2022-10-19 18:20:54,857 [INFO] RtosManager:488 - Registered RTOS mode: class=CMSIS, group=RTOS, mode=CMSIS_V1, owner=FREERTOS
2022-10-19 18:20:54,857 [INFO] RtosManager:488 - Registered RTOS mode: class=CMSIS, group=RTOS2, mode=CMSIS_V2, owner=FREERTOS
2022-10-19 18:20:54,857 [INFO] RtosManager:488 - Registered RTOS mode: class=RTOS, group=Core, mode=CMSIS_V1, owner=FREERTOS
2022-10-19 18:20:54,857 [INFO] RtosManager:488 - Registered RTOS mode: class=RTOS, group=Core, mode=CMSIS_V2, owner=FREERTOS
2022-10-19 18:20:54,858 [WARN] ModelIntegratedComponent:185 - Missing modes for component STMicroelectronics:FreeRTOS:0.0.1:STMicroelectronics:RTOS:FreeRTOS:Core:::10.2.0:
2022-10-19 18:20:54,864 [WARN] ApiManager:308 - Cannot register API 'Board Extension:S2868A1' from pack STMicroelectronics.X-CUBE-SUBG2.5.0.0: no header file found
2022-10-19 18:20:54,865 [WARN] ApiManager:308 - Cannot register API 'Board Extension:S2868A2' from pack STMicroelectronics.X-CUBE-SUBG2.5.0.0: no header file found
2022-10-19 18:20:54,865 [WARN] ApiManager:308 - Cannot register API 'Board Extension:S2915A1' from pack STMicroelectronics.X-CUBE-SUBG2.5.0.0: no header file found
2022-10-19 18:20:54,871 [WARN] ApiManager:308 - Cannot register API 'Wireless:BlueNRG-MS' from pack STMicroelectronics.X-CUBE-BLE1.6.2.2: no header file found
2022-10-19 18:20:54,872 [WARN] ApiManager:308 - Cannot register API 'Board Extension:NFC04A1' from pack STMicroelectronics.X-CUBE-NFC4.2.0.4: no header file found
2022-10-19 18:20:54,873 [WARN] ApiManager:308 - Cannot register API 'Wireless:BlueNRG-2' from pack STMicroelectronics.X-CUBE-BLE2.3.2.2: no header file found
2022-10-19 18:20:54,874 [WARN] ApiManager:308 - Cannot register API 'Board Extension:NFC04A1' from pack STMicroelectronics.X-CUBE-NFC4.2.0.3: no header file found
2022-10-19 18:20:54,879 [WARN] ApiManager:308 - Cannot register API 'Board Extension:S2868A1' from pack STMicroelectronics.X-CUBE-SFXS2LP1.3.1.0: no header file found
2022-10-19 18:20:54,880 [WARN] ApiManager:308 - Cannot register API 'Board Extension:S2868A2' from pack STMicroelectronics.X-CUBE-SFXS2LP1.3.1.0: no header file found
2022-10-19 18:20:54,880 [WARN] ApiManager:308 - Cannot register API 'Board Extension:S2915A1' from pack STMicroelectronics.X-CUBE-SFXS2LP1.3.1.0: no header file found
2022-10-19 18:20:54,884 [WARN] ModelIntegratedComponent:64 - No mode defined for component null
2022-10-19 18:20:54,885 [WARN] ModelIntegratedComponent:64 - No mode defined for component null
2022-10-19 18:20:54,885 [WARN] ModelIntegratedComponent:64 - No mode defined for component null
2022-10-19 18:20:54,885 [WARN] ModelIntegratedComponent:64 - No mode defined for component null
2022-10-19 18:20:54,885 [WARN] ModelIntegratedComponent:64 - No mode defined for component null
2022-10-19 18:20:54,885 [WARN] ModelIntegratedComponent:64 - No mode defined for component null
2022-10-19 18:20:54,886 [WARN] ModelIntegratedComponent:64 - No mode defined for component null
2022-10-19 18:20:54,886 [WARN] ModelIntegratedComponent:64 - No mode defined for component null
2022-10-19 18:20:54,886 [WARN] ModelIntegratedComponent:64 - No mode defined for component null
2022-10-19 18:20:54,886 [WARN] ModelIntegratedComponent:64 - No mode defined for component null
2022-10-19 18:20:54,886 [WARN] ModelIntegratedComponent:64 - No mode defined for component null
2022-10-19 18:20:54,886 [WARN] ModelIntegratedComponent:64 - No mode defined for component null
2022-10-19 18:20:54,886 [WARN] ModelIntegratedComponent:64 - No mode defined for component null
2022-10-19 18:20:54,886 [WARN] ModelIntegratedComponent:64 - No mode defined for component null
2022-10-19 18:20:54,886 [WARN] ModelIntegratedComponent:64 - No mode defined for component null
2022-10-19 18:20:54,886 [WARN] ModelIntegratedComponent:64 - No mode defined for component null
2022-10-19 18:20:54,886 [WARN] ModelIntegratedComponent:64 - No mode defined for component null
2022-10-19 18:20:54,887 [WARN] ModelIntegratedComponent:64 - No mode defined for component null
2022-10-19 18:20:54,887 [WARN] ModelIntegratedComponent:64 - No mode defined for component null
2022-10-19 18:20:54,887 [WARN] ModelIntegratedComponent:64 - No mode defined for component null
2022-10-19 18:20:54,887 [WARN] ModelIntegratedComponent:64 - No mode defined for component null
2022-10-19 18:20:54,887 [WARN] ModelIntegratedComponent:64 - No mode defined for component null
2022-10-19 18:20:54,887 [WARN] ModelIntegratedComponent:64 - No mode defined for component null
2022-10-19 18:20:54,887 [WARN] ModelIntegratedComponent:64 - No mode defined for component null
2022-10-19 18:20:54,887 [WARN] ModelIntegratedComponent:64 - No mode defined for component null
2022-10-19 18:20:54,887 [WARN] ModelIntegratedComponent:64 - No mode defined for component null
2022-10-19 18:20:54,887 [WARN] ModelIntegratedComponent:64 - No mode defined for component null
2022-10-19 18:20:54,887 [WARN] ModelIntegratedComponent:64 - No mode defined for component null
2022-10-19 18:20:54,888 [WARN] ModelIntegratedComponent:64 - No mode defined for component null
2022-10-19 18:20:54,888 [WARN] ModelIntegratedComponent:64 - No mode defined for component null
2022-10-19 18:20:54,888 [WARN] ModelIntegratedComponent:64 - No mode defined for component null
2022-10-19 18:20:54,888 [WARN] ModelIntegratedComponent:64 - No mode defined for component null
2022-10-19 18:20:54,888 [WARN] ModelIntegratedComponent:64 - No mode defined for component null
2022-10-19 18:20:54,891 [WARN] ApiManager:308 - Cannot register API 'Board Extension:NFC07A1' from pack STMicroelectronics.X-CUBE-NFC7.1.0.0: no header file found
2022-10-19 18:20:54,894 [WARN] ApiManager:308 - Cannot register API 'Board Extension:S2868A1' from pack STMicroelectronics.X-CUBE-SUBG2.4.2.0: no header file found
2022-10-19 18:20:54,895 [WARN] ApiManager:308 - Cannot register API 'Board Extension:S2868A2' from pack STMicroelectronics.X-CUBE-SUBG2.4.2.0: no header file found
2022-10-19 18:20:54,895 [WARN] ApiManager:308 - Cannot register API 'Board Extension:S2915A1' from pack STMicroelectronics.X-CUBE-SUBG2.4.2.0: no header file found
2022-10-19 18:20:54,993 [WARN] ApiManager:308 - Cannot register API 'Board Extension:IKS01A3' from pack STMicroelectronics.X-CUBE-MEMS1.9.1.0: no header file found
2022-10-19 18:20:54,993 [WARN] ApiManager:308 - Cannot register API 'Board Extension:IKS01A2' from pack STMicroelectronics.X-CUBE-MEMS1.9.1.0: no header file found
2022-10-19 18:20:54,993 [WARN] ApiManager:308 - Cannot register API 'Board Extension:IKS02A1' from pack STMicroelectronics.X-CUBE-MEMS1.9.1.0: no header file found
2022-10-19 18:20:55,079 [WARN] ApiManager:308 - Cannot register API 'Board Extension:IKS01A3' from pack STMicroelectronics.X-CUBE-MEMS1.9.3.0: no header file found
2022-10-19 18:20:55,079 [WARN] ApiManager:308 - Cannot register API 'Board Extension:IKS01A2' from pack STMicroelectronics.X-CUBE-MEMS1.9.3.0: no header file found
2022-10-19 18:20:55,080 [WARN] ApiManager:308 - Cannot register API 'Board Extension:IKS02A1' from pack STMicroelectronics.X-CUBE-MEMS1.9.3.0: no header file found
2022-10-19 18:20:55,088 [WARN] ApiManager:308 - Cannot register API 'Board Extension:EEPRMA1' from pack STMicroelectronics.X-CUBE-EEPRMA1.3.1.1: no header file found
2022-10-19 18:20:55,088 [WARN] ApiManager:308 - Cannot register API 'Board Extension:EEPRMA2' from pack STMicroelectronics.X-CUBE-EEPRMA1.3.1.1: no header file found
2022-10-19 18:20:55,089 [WARN] ApiManager:308 - Cannot register API 'Board Extension:GNSS1A1' from pack STMicroelectronics.X-CUBE-GNSS1.5.2.0: no header file found
2022-10-19 18:20:55,089 [WARN] ApiManager:308 - Cannot register API 'Board Support:Custom' from pack STMicroelectronics.X-CUBE-GNSS1.5.2.0: no header file found
2022-10-19 18:20:55,089 [WARN] ApiManager:308 - Cannot register API 'Data Exchange:lib_gnss' from pack STMicroelectronics.X-CUBE-GNSS1.5.2.0: no header file found
2022-10-19 18:20:55,090 [WARN] ApiManager:308 - Cannot register API 'Board Extension:S2868A1' from pack STMicroelectronics.X-CUBE-SFXS2LP1.4.0.0: no header file found
2022-10-19 18:20:55,090 [WARN] ApiManager:308 - Cannot register API 'Board Extension:S2868A2' from pack STMicroelectronics.X-CUBE-SFXS2LP1.4.0.0: no header file found
2022-10-19 18:20:55,090 [WARN] ApiManager:308 - Cannot register API 'Board Extension:S2915A1' from pack STMicroelectronics.X-CUBE-SFXS2LP1.4.0.0: no header file found
2022-10-19 18:20:55,091 [WARN] ApiManager:308 - Cannot register API 'Wireless:BlueNRG-2' from pack STMicroelectronics.X-CUBE-BLE2.3.3.0: no header file found
2022-10-19 18:20:55,103 [INFO] ThirdPartyModel:289 - Start build external matchings
2022-10-19 18:20:55,851 [INFO] ThirdPartyModel:302 - End build external matchings
2022-10-19 18:20:56,019 [INFO] UtilMem:74 - End LoadConfig() Used Memory: 445340192 Bytes (562036736)
2022-10-19 18:20:56,037 [WARN] ThirdParty:789 - waiting for thirdparty lock release [change project]
2022-10-19 18:20:56,037 [INFO] ThirdParty:791 - entering critical section [change project]
2022-10-19 18:20:56,038 [INFO] ThirdParty:981 - CMSIS Pack Vendor :wolfSSL I-CUBE-wolfSSL 5.2.0
2022-10-19 18:20:56,038 [INFO] ThirdParty:981 - CMSIS Pack Vendor :RoweBots I-CUBE-UNISONRTOS 5.5.0-4
2022-10-19 18:20:56,038 [INFO] ThirdParty:981 - CMSIS Pack Vendor :STMicroelectronics X-CUBE-GNSS1 6.0.0
2022-10-19 18:20:56,038 [INFO] ThirdParty:981 - CMSIS Pack Vendor :STMicroelectronics X-CUBE-AZRTOS-H7 2.1.0
2022-10-19 18:20:56,038 [INFO] ThirdParty:981 - CMSIS Pack Vendor :STMicroelectronics USB_HOST 2.0.0
2022-10-19 18:20:56,038 [INFO] ThirdParty:981 - CMSIS Pack Vendor :STMicroelectronics X-CUBE-AZRTOS-F4 1.1.0
2022-10-19 18:20:56,038 [INFO] ThirdParty:981 - CMSIS Pack Vendor :STMicroelectronics LIBJPEG 8.0.0
2022-10-19 18:20:56,038 [INFO] ThirdParty:981 - CMSIS Pack Vendor :STMicroelectronics USB_DEVICE 3.0.0
2022-10-19 18:20:56,038 [INFO] ThirdParty:981 - CMSIS Pack Vendor :STMicroelectronics X-CUBE-BLEMGR 1.0.0
2022-10-19 18:20:56,039 [INFO] ThirdParty:981 - CMSIS Pack Vendor :STMicroelectronics X-CUBE-BLEMGR 1.2.0
2022-10-19 18:20:56,039 [INFO] ThirdParty:981 - CMSIS Pack Vendor :STMicroelectronics X-CUBE-AZRTOS-F7 1.1.0
2022-10-19 18:20:56,039 [INFO] ThirdParty:981 - CMSIS Pack Vendor :STMicroelectronics USB_DEVICE 2.0.0
2022-10-19 18:20:56,039 [INFO] ThirdParty:981 - CMSIS Pack Vendor :STMicroelectronics X-CUBE-AI 7.1.0
2022-10-19 18:20:56,039 [INFO] ThirdParty:981 - CMSIS Pack Vendor :STMicroelectronics X-CUBE-BLE1 6.2.3
2022-10-19 18:20:56,039 [INFO] ThirdParty:981 - CMSIS Pack Vendor :STMicroelectronics X-CUBE-ALGOBUILD 1.3.0
2022-10-19 18:20:56,039 [INFO] ThirdParty:981 - CMSIS Pack Vendor :STMicroelectronics FreeRTOS 0.0.1
2022-10-19 18:20:56,039 [INFO] ThirdParty:981 - CMSIS Pack Vendor :STMicroelectronics X-CUBE-AZRTOS-G0 1.1.0
2022-10-19 18:20:56,039 [INFO] ThirdParty:981 - CMSIS Pack Vendor :STMicroelectronics X-CUBE-SUBG2 5.0.0
2022-10-19 18:20:56,039 [INFO] ThirdParty:981 - CMSIS Pack Vendor :SEGGER I-CUBE-embOS 1.2.0
2022-10-19 18:20:56,039 [INFO] ThirdParty:981 - CMSIS Pack Vendor :STMicroelectronics STM32_WPAN 1.0.0
2022-10-19 18:20:56,039 [INFO] ThirdParty:981 - CMSIS Pack Vendor :STMicroelectronics lwIP 2.0.3
2022-10-19 18:20:56,039 [INFO] ThirdParty:981 - CMSIS Pack Vendor :STMicroelectronics X-CUBE-BLE1 6.2.2
2022-10-19 18:20:56,039 [INFO] ThirdParty:981 - CMSIS Pack Vendor :STMicroelectronics X-CUBE-NFC4 2.0.4
2022-10-19 18:20:56,040 [INFO] ThirdParty:981 - CMSIS Pack Vendor :STMicroelectronics X-CUBE-BLE2 3.2.2
2022-10-19 18:20:56,040 [INFO] ThirdParty:981 - CMSIS Pack Vendor :STMicroelectronics USB_HOST 1.0.0
2022-10-19 18:20:56,040 [INFO] ThirdParty:981 - CMSIS Pack Vendor :STMicroelectronics X-CUBE-NFC4 2.0.3
2022-10-19 18:20:56,040 [INFO] ThirdParty:981 - CMSIS Pack Vendor :STMicroelectronics PDM2PCM 3.1.0
2022-10-19 18:20:56,040 [INFO] ThirdParty:981 - CMSIS Pack Vendor :STMicroelectronics FP-ATR-ASTRA1 1.1.1
2022-10-19 18:20:56,040 [INFO] ThirdParty:981 - CMSIS Pack Vendor :STMicroelectronics PDM2PCM 3.3.0
2022-10-19 18:20:56,040 [INFO] ThirdParty:981 - CMSIS Pack Vendor :STMicroelectronics X-CUBE-TOF1 3.1.0
2022-10-19 18:20:56,041 [INFO] ThirdParty:981 - CMSIS Pack Vendor :STMicroelectronics X-CUBE-SFXS2LP1 3.1.0
2022-10-19 18:20:56,041 [INFO] ThirdParty:981 - CMSIS Pack Vendor :STMicroelectronics X-CUBE-AZRTOS-F4 1.0.0
2022-10-19 18:20:56,041 [INFO] ThirdParty:981 - CMSIS Pack Vendor :STMicroelectronics X-CUBE-AZRTOS-H7 2.0.0
2022-10-19 18:20:56,041 [INFO] ThirdParty:981 - CMSIS Pack Vendor :STMicroelectronics X-CUBE-AZRTOS-G4 1.0.0
2022-10-19 18:20:56,043 [INFO] ThirdParty:981 - CMSIS Pack Vendor :STMicroelectronics FP-ATR-SIGFOX1 3.2.0
2022-10-19 18:20:56,043 [INFO] ThirdParty:981 - CMSIS Pack Vendor :STMicroelectronics X-CUBE-AZRTOS-L4 1.0.0
2022-10-19 18:20:56,043 [INFO] ThirdParty:981 - CMSIS Pack Vendor :STMicroelectronics HAL Drivers 0.0.0
2022-10-19 18:20:56,043 [INFO] ThirdParty:981 - CMSIS Pack Vendor :STMicroelectronics MBEDTLS 2.16.2
2022-10-19 18:20:56,043 [INFO] ThirdParty:981 - CMSIS Pack Vendor :emotas I-CUBE-CANOPEN 1.1.2
2022-10-19 18:20:56,043 [INFO] ThirdParty:981 - CMSIS Pack Vendor :STMicroelectronics X-CUBE-TOUCHGFX 4.20.0
2022-10-19 18:20:56,044 [INFO] ThirdParty:981 - CMSIS Pack Vendor :STMicroelectronics MBEDTLS 2.14.1
2022-10-19 18:20:56,044 [INFO] ThirdParty:981 - CMSIS Pack Vendor :STMicroelectronics X-CUBE-NFC7 1.0.0
2022-10-19 18:20:56,044 [INFO] ThirdParty:981 - CMSIS Pack Vendor :STMicroelectronics X-CUBE-AZRTOS-F7 1.0.0
2022-10-19 18:20:56,044 [INFO] ThirdParty:981 - CMSIS Pack Vendor :STMicroelectronics X-CUBE-AZRTOS-WL 1.0.0
2022-10-19 18:20:56,044 [INFO] ThirdParty:981 - CMSIS Pack Vendor :STMicroelectronics X-CUBE-SUBG2 4.2.0
2022-10-19 18:20:56,044 [INFO] ThirdParty:981 - CMSIS Pack Vendor :STMicroelectronics X-CUBE-MEMS1 9.1.0
2022-10-19 18:20:56,046 [INFO] ThirdParty:981 - CMSIS Pack Vendor :STMicroelectronics X-CUBE-MEMS1 9.3.0
2022-10-19 18:20:56,046 [INFO] ThirdParty:981 - CMSIS Pack Vendor :portGmbH I-Cube-SoM-uGOAL 1.1.0
2022-10-19 18:20:56,046 [INFO] ThirdParty:981 - CMSIS Pack Vendor :STMicroelectronics X-CUBE-ALS 1.0.1
2022-10-19 18:20:56,046 [INFO] ThirdParty:981 - CMSIS Pack Vendor :STMicroelectronics X-CUBE-AI 7.2.0
2022-10-19 18:20:56,046 [INFO] ThirdParty:981 - CMSIS Pack Vendor :STMicroelectronics ThreadX 1.0.0
2022-10-19 18:20:56,046 [INFO] ThirdParty:981 - CMSIS Pack Vendor :STMicroelectronics X-CUBE-AZRTOS-L5 1.0.0
2022-10-19 18:20:56,046 [INFO] ThirdParty:981 - CMSIS Pack Vendor :STMicroelectronics USB_DEVICE 1.0.0
2022-10-19 18:20:56,046 [INFO] ThirdParty:981 - CMSIS Pack Vendor :STMicroelectronics X-CUBE-AZRTOS-G0 1.0.0
2022-10-19 18:20:56,047 [INFO] ThirdParty:981 - CMSIS Pack Vendor :STMicroelectronics X-CUBE-EEPRMA1 3.1.1
2022-10-19 18:20:56,047 [INFO] ThirdParty:981 - CMSIS Pack Vendor :STMicroelectronics X-CUBE-GNSS1 5.2.0
2022-10-19 18:20:56,047 [INFO] ThirdParty:981 - CMSIS Pack Vendor :STMicroelectronics ThreadX 0.0.2
2022-10-19 18:20:56,047 [INFO] ThirdParty:981 - CMSIS Pack Vendor :STMicroelectronics lwIP 2.1.2
2022-10-19 18:20:56,047 [INFO] ThirdParty:981 - CMSIS Pack Vendor :STMicroelectronics X-CUBE-SFXS2LP1 4.0.0
2022-10-19 18:20:56,047 [INFO] ThirdParty:981 - CMSIS Pack Vendor :STMicroelectronics X-CUBE-BLE2 3.3.0
2022-10-19 18:20:56,047 [INFO] ThirdParty:981 - CMSIS Pack Vendor :STMicroelectronics X-CUBE-DISPLAY 2.0.1
2022-10-19 18:20:56,047 [INFO] ThirdParty:981 - CMSIS Pack Vendor :STMicroelectronics X-CUBE-DISPLAY 2.2.0
2022-10-19 18:20:56,047 [INFO] ThirdParty:981 - CMSIS Pack Vendor :STMicroelectronics PDM2PCM 3.2.0
2022-10-19 18:20:56,047 [INFO] ThirdParty:981 - CMSIS Pack Vendor :STMicroelectronics X-CUBE-TOUCHGFX 4.18.1
2022-10-19 18:20:56,047 [INFO] ThirdParty:981 - CMSIS Pack Vendor :STMicroelectronics X-CUBE-TOF1 3.0.0
2022-10-19 18:20:56,047 [INFO] ThirdParty:981 - CMSIS Pack Vendor :STMicroelectronics X-CUBE-ISPU 1.0.0
2022-10-19 18:20:56,047 [INFO] ThirdParty:797 - exiting critical section [change project]
2022-10-19 18:20:56,335 [INFO] PinOutPanel:1468 - setPackage(No Configuration,No Configuration)
2022-10-19 18:20:56,337 [INFO] PinOutPanel:1468 - setPackage(STM32F103C8Tx,LQFP48)
2022-10-19 18:20:56,740 [INFO] UtilMem:74 - Before build in PCC Used Memory: 452697312 Bytes (562036736)
2022-10-19 18:20:57,626 [INFO] UtilMem:74 - After build in PCC Used Memory: 452732184 Bytes (562036736)
2022-10-19 18:20:57,649 [INFO] IPUIPlugin:79 - create IPUIPlugin
2022-10-19 18:20:57,649 [INFO] IPUIPlugin:79 - create IPUIPlugin
2022-10-19 18:20:57,650 [INFO] IPUIPlugin:79 - create IPUIPlugin
2022-10-19 18:20:57,650 [INFO] IPUIPlugin:79 - create IPUIPlugin
2022-10-19 18:20:57,650 [INFO] IPUIPlugin:79 - create IPUIPlugin
2022-10-19 18:20:57,650 [INFO] IPUIPlugin:79 - create IPUIPlugin
2022-10-19 18:20:57,650 [INFO] IPUIPlugin:79 - create IPUIPlugin
2022-10-19 18:20:57,650 [INFO] IPUIPlugin:79 - create IPUIPlugin
2022-10-19 18:20:57,650 [INFO] IPUIPlugin:79 - create IPUIPlugin
2022-10-19 18:20:57,650 [INFO] IPUIPlugin:79 - create IPUIPlugin
2022-10-19 18:20:57,650 [INFO] IPUIPlugin:79 - create IPUIPlugin
2022-10-19 18:20:57,651 [INFO] IPUIPlugin:79 - create IPUIPlugin
2022-10-19 18:20:57,651 [INFO] IPUIPlugin:79 - create IPUIPlugin
2022-10-19 18:20:57,651 [INFO] IPUIPlugin:79 - create IPUIPlugin
2022-10-19 18:20:57,651 [INFO] IPUIPlugin:79 - create IPUIPlugin
2022-10-19 18:20:57,651 [INFO] IPUIPlugin:79 - create IPUIPlugin
2022-10-19 18:20:57,652 [INFO] IPUIPlugin:79 - create IPUIPlugin
2022-10-19 18:20:57,652 [INFO] IPUIPlugin:79 - create IPUIPlugin
2022-10-19 18:20:57,652 [INFO] IPUIPlugin:79 - create IPUIPlugin
2022-10-19 18:20:57,652 [INFO] IPUIPlugin:79 - create IPUIPlugin
2022-10-19 18:20:57,653 [INFO] IPUIPlugin:79 - create IPUIPlugin
2022-10-19 18:20:57,653 [INFO] IPUIPlugin:79 - create IPUIPlugin
2022-10-19 18:20:57,653 [INFO] IPUIPlugin:79 - create IPUIPlugin
2022-10-19 18:20:57,653 [INFO] IPUIPlugin:79 - create IPUIPlugin
2022-10-19 18:20:57,654 [INFO] IPUIPlugin:79 - create IPUIPlugin
2022-10-19 18:20:57,654 [INFO] IPUIPlugin:79 - create IPUIPlugin
2022-10-19 18:20:57,654 [INFO] IPUIPlugin:79 - create IPUIPlugin
2022-10-19 18:20:57,964 [INFO] OpenFileManager:327 - Restore cursor
2022-10-19 18:20:58,663 [INFO] UtilMem:74 - End SaveConfig() Used Memory: 451079232 Bytes (562036736)
2022-10-19 18:20:58,700 [INFO] UtilMem:74 - End SaveConfig() Used Memory: 461256408 Bytes (562036736)
2022-10-19 18:20:59,156 [INFO] BlockDiagram:2753 - set Specific Code input for plugin: NVIC
2022-10-19 18:20:59,157 [INFO] BlockDiagram:2753 - set Specific Code input for plugin: RCC
2022-10-19 18:20:59,192 [INFO] CodeGenerator:690 - code generatio: config db path: C:\ST\STM32CubeIDE_1.9.0\STM32CubeIDE\plugins\com.st.stm32cube.common.mx_6.6.1.202207061420\\db\
2022-10-19 18:20:59,686 [INFO] CodeEngine:245 - oldGeneratedFile, D:\github\mc\stm32\Button_contacts_rattle\Button_contacts_rattle\MXTmpFiles\license.tmp_save
2022-10-19 18:21:00,093 [INFO] CodeEngine:269 - Generated code: D:\github\mc\stm32\Button_contacts_rattle\Button_contacts_rattle\MXTmpFiles\license.tmp
2022-10-19 18:21:00,109 [INFO] CodeEngine:245 - oldGeneratedFile, D:\github\mc\stm32\Button_contacts_rattle\Button_contacts_rattle\Core\Src\stm32f1xx_it.c_save
2022-10-19 18:21:00,368 [INFO] CodeEngine:269 - Generated code: D:\github\mc\stm32\Button_contacts_rattle\Button_contacts_rattle\Core\Src\stm32f1xx_it.c
2022-10-19 18:21:00,376 [INFO] CodeEngine:245 - oldGeneratedFile, D:\github\mc\stm32\Button_contacts_rattle\Button_contacts_rattle\Core\Inc\stm32f1xx_it.h_save
2022-10-19 18:21:00,458 [INFO] CodeEngine:269 - Generated code: D:\github\mc\stm32\Button_contacts_rattle\Button_contacts_rattle\Core\Inc\stm32f1xx_it.h
2022-10-19 18:21:00,530 [INFO] CodeEngine:245 - oldGeneratedFile, D:\github\mc\stm32\Button_contacts_rattle\Button_contacts_rattle\Core\Src\stm32f1xx_hal_msp.c_save
2022-10-19 18:21:00,698 [INFO] CodeEngine:269 - Generated code: D:\github\mc\stm32\Button_contacts_rattle\Button_contacts_rattle\Core\Src\stm32f1xx_hal_msp.c
2022-10-19 18:21:00,716 [INFO] CodeEngine:245 - oldGeneratedFile, D:\github\mc\stm32\Button_contacts_rattle\Button_contacts_rattle\MXTmpFiles\system.tmp_save
2022-10-19 18:21:00,792 [INFO] CodeEngine:269 - Generated code: D:\github\mc\stm32\Button_contacts_rattle\Button_contacts_rattle\MXTmpFiles\system.tmp
2022-10-19 18:21:00,802 [INFO] CodeEngine:245 - oldGeneratedFile, D:\github\mc\stm32\Button_contacts_rattle\Button_contacts_rattle\Core\Inc\stm32f1xx_hal_conf.h_save
2022-10-19 18:21:01,046 [INFO] CodeEngine:269 - Generated code: D:\github\mc\stm32\Button_contacts_rattle\Button_contacts_rattle\Core\Inc\stm32f1xx_hal_conf.h
2022-10-19 18:21:01,142 [INFO] CodeEngine:245 - oldGeneratedFile, D:\github\mc\stm32\Button_contacts_rattle\Button_contacts_rattle\Core\Inc\main.h_save
2022-10-19 18:21:01,458 [INFO] CodeEngine:269 - Generated code: D:\github\mc\stm32\Button_contacts_rattle\Button_contacts_rattle\Core\Inc\main.h
2022-10-19 18:21:01,469 [INFO] CodeEngine:245 - oldGeneratedFile, D:\github\mc\stm32\Button_contacts_rattle\Button_contacts_rattle\Core\Src\main.c_save
2022-10-19 18:21:01,652 [INFO] CodeEngine:269 - Generated code: D:\github\mc\stm32\Button_contacts_rattle\Button_contacts_rattle\Core\Src\main.c
2022-10-19 18:21:02,581 [INFO] ProjectBuilder:2919 - Time for Copy HAL[1] : 284mS.
2022-10-19 18:21:02,591 [INFO] ProjectBuilder:4117 - Project Generator version: 3.17.1
2022-10-19 18:21:02,932 [INFO] ConfigFileManager:1394 - The Die is : DIE410
2022-10-19 18:21:02,948 [INFO] ApiDbMcu:505 - Load IP Config File for FATFS
2022-10-19 18:21:02,981 [INFO] ApiDbMcu:505 - Load IP Config File for FREERTOS
2022-10-19 18:21:03,035 [INFO] ApiDbMcu:505 - Load IP Config File for USB_DEVICE
2022-10-19 18:21:06,161 [INFO] ProjectBuilder:4285 - Time for Generating toolchain IDE Files: 3570mS.
2022-10-19 18:21:06,162 [INFO] ProjectBuilder:2790 - Time for Copy CMSIS : 0mS.
2022-10-19 18:21:06,163 [INFO] ProjectBuilder:2790 - Time for Copy CMSIS : 0mS.
2022-10-19 18:21:07,189 [INFO] McuFinderGlobals:57 - Set McuFinderConnectedMode to true
2022-10-19 18:21:07,192 [INFO] ApiDb:443 - Save user favorites file C:\Users\Zver/.stm32cubeide/favorites.mcus.txt: 0 item(s)
2022-10-19 18:21:07,192 [INFO] ApiDb:447 - User favorites MCUs=[]
2022-10-19 18:33:00,518 [INFO] UtilMem:74 - End SaveConfig() Used Memory: 299112448 Bytes (851443712)
2022-10-19 18:33:02,264 [INFO] UtilMem:74 - End SaveConfig() Used Memory: 319541768 Bytes (851443712)
2022-10-19 18:33:04,385 [INFO] UtilMem:74 - End SaveConfig() Used Memory: 405540864 Bytes (851443712)
2022-10-19 18:33:04,632 [INFO] BlockDiagram:2753 - set Specific Code input for plugin: NVIC
2022-10-19 18:33:04,632 [INFO] BlockDiagram:2753 - set Specific Code input for plugin: SYS
2022-10-19 18:33:04,633 [INFO] BlockDiagram:2753 - set Specific Code input for plugin: GPIO
2022-10-19 18:33:04,633 [INFO] BlockDiagram:2753 - set Specific Code input for plugin: RCC
2022-10-19 18:33:04,634 [INFO] CodeGenerator:690 - code generatio: config db path: C:\ST\STM32CubeIDE_1.9.0\STM32CubeIDE\plugins\com.st.stm32cube.common.mx_6.6.1.202207061420\\db\
2022-10-19 18:33:04,753 [INFO] CodeEngine:245 - oldGeneratedFile, D:\github\mc\stm32\Button_contacts_rattle\Button_contacts_rattle\MXTmpFiles\license.tmp_save
2022-10-19 18:33:04,861 [INFO] CodeEngine:269 - Generated code: D:\github\mc\stm32\Button_contacts_rattle\Button_contacts_rattle\MXTmpFiles\license.tmp
2022-10-19 18:33:04,897 [INFO] CodeEngine:245 - oldGeneratedFile, D:\github\mc\stm32\Button_contacts_rattle\Button_contacts_rattle\MXTmpFiles\gpio.tmp_save
2022-10-19 18:33:04,998 [INFO] CodeEngine:269 - Generated code: D:\github\mc\stm32\Button_contacts_rattle\Button_contacts_rattle\MXTmpFiles\gpio.tmp
2022-10-19 18:33:05,023 [INFO] CodeEngine:245 - oldGeneratedFile, D:\github\mc\stm32\Button_contacts_rattle\Button_contacts_rattle\Core\Src\stm32f1xx_it.c_save
2022-10-19 18:33:05,122 [INFO] CodeEngine:269 - Generated code: D:\github\mc\stm32\Button_contacts_rattle\Button_contacts_rattle\Core\Src\stm32f1xx_it.c
2022-10-19 18:33:05,128 [INFO] CodeEngine:245 - oldGeneratedFile, D:\github\mc\stm32\Button_contacts_rattle\Button_contacts_rattle\Core\Inc\stm32f1xx_it.h_save
2022-10-19 18:33:05,229 [INFO] CodeEngine:269 - Generated code: D:\github\mc\stm32\Button_contacts_rattle\Button_contacts_rattle\Core\Inc\stm32f1xx_it.h
2022-10-19 18:33:05,265 [INFO] CodeEngine:245 - oldGeneratedFile, D:\github\mc\stm32\Button_contacts_rattle\Button_contacts_rattle\Core\Src\stm32f1xx_hal_msp.c_save
2022-10-19 18:33:05,414 [INFO] CodeEngine:269 - Generated code: D:\github\mc\stm32\Button_contacts_rattle\Button_contacts_rattle\Core\Src\stm32f1xx_hal_msp.c
2022-10-19 18:33:05,416 [INFO] CodeEngine:245 - oldGeneratedFile, D:\github\mc\stm32\Button_contacts_rattle\Button_contacts_rattle\MXTmpFiles\system.tmp_save
2022-10-19 18:33:05,468 [INFO] CodeEngine:269 - Generated code: D:\github\mc\stm32\Button_contacts_rattle\Button_contacts_rattle\MXTmpFiles\system.tmp
2022-10-19 18:33:05,485 [INFO] CodeEngine:245 - oldGeneratedFile, D:\github\mc\stm32\Button_contacts_rattle\Button_contacts_rattle\Core\Inc\stm32f1xx_hal_conf.h_save
2022-10-19 18:33:05,591 [INFO] CodeEngine:269 - Generated code: D:\github\mc\stm32\Button_contacts_rattle\Button_contacts_rattle\Core\Inc\stm32f1xx_hal_conf.h
2022-10-19 18:33:05,806 [INFO] CodeEngine:245 - oldGeneratedFile, D:\github\mc\stm32\Button_contacts_rattle\Button_contacts_rattle\Core\Inc\main.h_save
2022-10-19 18:33:05,904 [INFO] CodeEngine:269 - Generated code: D:\github\mc\stm32\Button_contacts_rattle\Button_contacts_rattle\Core\Inc\main.h
2022-10-19 18:33:05,936 [INFO] CodeEngine:245 - oldGeneratedFile, D:\github\mc\stm32\Button_contacts_rattle\Button_contacts_rattle\Core\Src\main.c_save
2022-10-19 18:33:06,027 [INFO] CodeEngine:269 - Generated code: D:\github\mc\stm32\Button_contacts_rattle\Button_contacts_rattle\Core\Src\main.c
2022-10-19 18:33:06,494 [INFO] ProjectBuilder:2919 - Time for Copy HAL[1] : 161mS.
2022-10-19 18:33:06,497 [INFO] ProjectBuilder:4117 - Project Generator version: 3.17.1
2022-10-19 18:33:06,784 [INFO] ConfigFileManager:1394 - The Die is : DIE410
2022-10-19 18:33:08,107 [INFO] ProjectBuilder:4285 - Time for Generating toolchain IDE Files: 1611mS.
2022-10-19 18:33:08,107 [INFO] ProjectBuilder:2790 - Time for Copy CMSIS : 0mS.
2022-10-19 18:33:08,108 [INFO] ProjectBuilder:2790 - Time for Copy CMSIS : 0mS.
2022-10-19 18:39:24,788 [INFO] Gpio:272 - dependency for GPIO [SYS]
2022-10-19 18:48:46,135 [INFO] UtilMem:74 - End SaveConfig() Used Memory: 390380904 Bytes (851443712)
2022-10-19 18:48:48,382 [INFO] UtilMem:74 - End SaveConfig() Used Memory: 430705792 Bytes (851443712)
2022-10-19 18:48:49,947 [INFO] UtilMem:74 - End SaveConfig() Used Memory: 503012176 Bytes (851443712)
2022-10-19 18:48:50,173 [INFO] BlockDiagram:2753 - set Specific Code input for plugin: NVIC
2022-10-19 18:48:50,174 [INFO] BlockDiagram:2753 - set Specific Code input for plugin: SYS
2022-10-19 18:48:50,174 [INFO] BlockDiagram:2753 - set Specific Code input for plugin: GPIO
2022-10-19 18:48:50,174 [INFO] BlockDiagram:2753 - set Specific Code input for plugin: RCC
2022-10-19 18:48:50,175 [INFO] CodeGenerator:690 - code generatio: config db path: C:\ST\STM32CubeIDE_1.9.0\STM32CubeIDE\plugins\com.st.stm32cube.common.mx_6.6.1.202207061420\\db\
2022-10-19 18:48:50,361 [INFO] CodeEngine:245 - oldGeneratedFile, D:\github\mc\stm32\Button_contacts_rattle\Button_contacts_rattle\MXTmpFiles\license.tmp_save
2022-10-19 18:48:50,474 [INFO] CodeEngine:269 - Generated code: D:\github\mc\stm32\Button_contacts_rattle\Button_contacts_rattle\MXTmpFiles\license.tmp
2022-10-19 18:48:50,491 [INFO] CodeEngine:245 - oldGeneratedFile, D:\github\mc\stm32\Button_contacts_rattle\Button_contacts_rattle\MXTmpFiles\gpio.tmp_save
2022-10-19 18:48:50,613 [INFO] CodeEngine:269 - Generated code: D:\github\mc\stm32\Button_contacts_rattle\Button_contacts_rattle\MXTmpFiles\gpio.tmp
2022-10-19 18:48:50,640 [INFO] CodeEngine:245 - oldGeneratedFile, D:\github\mc\stm32\Button_contacts_rattle\Button_contacts_rattle\Core\Src\stm32f1xx_it.c_save
2022-10-19 18:48:50,804 [INFO] CodeEngine:269 - Generated code: D:\github\mc\stm32\Button_contacts_rattle\Button_contacts_rattle\Core\Src\stm32f1xx_it.c
2022-10-19 18:48:50,810 [INFO] CodeEngine:245 - oldGeneratedFile, D:\github\mc\stm32\Button_contacts_rattle\Button_contacts_rattle\Core\Inc\stm32f1xx_it.h_save
2022-10-19 18:48:50,869 [INFO] CodeEngine:269 - Generated code: D:\github\mc\stm32\Button_contacts_rattle\Button_contacts_rattle\Core\Inc\stm32f1xx_it.h
2022-10-19 18:48:50,904 [INFO] CodeEngine:245 - oldGeneratedFile, D:\github\mc\stm32\Button_contacts_rattle\Button_contacts_rattle\Core\Src\stm32f1xx_hal_msp.c_save
2022-10-19 18:48:50,975 [INFO] CodeEngine:269 - Generated code: D:\github\mc\stm32\Button_contacts_rattle\Button_contacts_rattle\Core\Src\stm32f1xx_hal_msp.c
2022-10-19 18:48:50,977 [INFO] CodeEngine:245 - oldGeneratedFile, D:\github\mc\stm32\Button_contacts_rattle\Button_contacts_rattle\MXTmpFiles\system.tmp_save
2022-10-19 18:48:51,025 [INFO] CodeEngine:269 - Generated code: D:\github\mc\stm32\Button_contacts_rattle\Button_contacts_rattle\MXTmpFiles\system.tmp
2022-10-19 18:48:51,042 [INFO] CodeEngine:245 - oldGeneratedFile, D:\github\mc\stm32\Button_contacts_rattle\Button_contacts_rattle\Core\Inc\stm32f1xx_hal_conf.h_save
2022-10-19 18:48:51,176 [INFO] CodeEngine:269 - Generated code: D:\github\mc\stm32\Button_contacts_rattle\Button_contacts_rattle\Core\Inc\stm32f1xx_hal_conf.h
2022-10-19 18:48:51,211 [INFO] CodeEngine:245 - oldGeneratedFile, D:\github\mc\stm32\Button_contacts_rattle\Button_contacts_rattle\Core\Inc\main.h_save
2022-10-19 18:48:51,288 [INFO] CodeEngine:269 - Generated code: D:\github\mc\stm32\Button_contacts_rattle\Button_contacts_rattle\Core\Inc\main.h
2022-10-19 18:48:51,320 [INFO] CodeEngine:245 - oldGeneratedFile, D:\github\mc\stm32\Button_contacts_rattle\Button_contacts_rattle\Core\Src\main.c_save
2022-10-19 18:48:51,488 [INFO] CodeEngine:269 - Generated code: D:\github\mc\stm32\Button_contacts_rattle\Button_contacts_rattle\Core\Src\main.c
2022-10-19 18:48:51,951 [INFO] ProjectBuilder:2919 - Time for Copy HAL[1] : 112mS.
2022-10-19 18:48:51,954 [INFO] ProjectBuilder:4117 - Project Generator version: 3.17.1
2022-10-19 18:48:52,206 [INFO] ConfigFileManager:1394 - The Die is : DIE410
2022-10-19 18:48:53,495 [INFO] ProjectBuilder:4285 - Time for Generating toolchain IDE Files: 1541mS.
2022-10-19 18:48:53,495 [INFO] ProjectBuilder:2790 - Time for Copy CMSIS : 0mS.
2022-10-19 18:48:53,497 [INFO] ProjectBuilder:2790 - Time for Copy CMSIS : 0mS.
