2022-10-21 02:11:06,397 [INFO] Activator:177 - 


2022-10-21 02:11:06,398 [INFO] Activator:178 - !SESSION log4j initialized
2022-10-21 02:11:09,120 [INFO] McuFinderGlobals:44 - Set McuFinder mode to 2 (CubeIDE integrated)
2022-10-21 02:11:10,289 [INFO] ApplicationProperties:181 - Using Application install path: C:\ST\STM32CubeIDE_1.9.0\STM32CubeIDE\plugins\com.st.stm32cube.common.mx_6.6.1.202207061420
2022-10-21 02:11:10,311 [INFO] DbMcusXml:77 - Set database path to: C:\ST\STM32CubeIDE_1.9.0\STM32CubeIDE\plugins\com.st.stm32cube.common.mx_6.6.1.202207061420\\db\/mcu/
2022-10-21 02:11:10,312 [INFO] ApiDb:269 - Set plugin database path to: C:\ST\STM32CubeIDE_1.9.0\STM32CubeIDE\plugins\com.st.stm32cube.common.mx_6.6.1.202207061420\\db\/plugins/boardmanager/
2022-10-21 02:11:10,318 [WARN] ApiDb:254 - Overriding images path with different value:  => C:\ST\STM32CubeIDE_1.9.0\STM32CubeIDE\plugins\com.st.stm32cube.common.mx_6.6.1.202207061420\\db\/plugins/mcufinder/images/
2022-10-21 02:11:10,336 [INFO] ApiDb:249 - Set database path to: C:\Users\Zver\.stmcufinder\plugins\mcufinder//mcu/
2022-10-21 02:11:10,337 [INFO] DbMcusAds:124 - Set database path to: C:\Users\Zver\.stmcufinder\plugins\mcufinder//mcu/
2022-10-21 02:11:10,341 [INFO] CrossReferenceDbSqlite:201 - Set database path to: C:\Users\Zver\.stmcufinder\plugins\mcufinder//mcu/cs/
2022-10-21 02:11:10,438 [INFO] RulesReader:61 - Compatibility file has been processed (282 Rules)
2022-10-21 02:11:10,591 [INFO] DbMcusXml:77 - Set database path to: C:\ST\STM32CubeIDE_1.9.0\STM32CubeIDE\plugins\com.st.stm32cube.common.mx_6.6.1.202207061420\\db\/mcu/
2022-10-21 02:11:10,591 [INFO] ApiDb:269 - Set plugin database path to: C:\ST\STM32CubeIDE_1.9.0\STM32CubeIDE\plugins\com.st.stm32cube.common.mx_6.6.1.202207061420\\db\/plugins/boardmanager/
2022-10-21 02:11:10,591 [INFO] ApiDb:256 - Set plugin images path to: C:\ST\STM32CubeIDE_1.9.0\STM32CubeIDE\plugins\com.st.stm32cube.common.mx_6.6.1.202207061420\\db\/plugins/mcufinder/images/
2022-10-21 02:11:10,591 [WARN] DbFile:40 - Overriding database path with different value: C:\Users\Zver\.stmcufinder\plugins\mcufinder/ => C:\Users\Zver\.stmcufinder\plugins\mcufinder
2022-10-21 02:11:10,592 [INFO] ApiDb:249 - Set database path to: C:\Users\Zver\.stmcufinder\plugins\mcufinder//mcu/
2022-10-21 02:11:10,592 [WARN] DbFile:40 - Overriding database path with different value: C:\Users\Zver\.stmcufinder\plugins\mcufinder/ => C:\Users\Zver\.stmcufinder\plugins\mcufinder
2022-10-21 02:11:10,592 [INFO] DbMcusAds:124 - Set database path to: C:\Users\Zver\.stmcufinder\plugins\mcufinder//mcu/
2022-10-21 02:11:10,592 [WARN] DbFile:40 - Overriding database path with different value: C:\Users\Zver\.stmcufinder\plugins\mcufinder/ => C:\Users\Zver\.stmcufinder\plugins\mcufinder
2022-10-21 02:11:10,593 [WARN] DbFile:40 - Overriding database path with different value: C:\Users\Zver\.stmcufinder\plugins\mcufinder/ => C:\Users\Zver\.stmcufinder\plugins\mcufinder
2022-10-21 02:11:10,593 [INFO] CrossReferenceDbSqlite:201 - Set database path to: C:\Users\Zver\.stmcufinder\plugins\mcufinder//mcu/cs/
2022-10-21 02:11:10,748 [INFO] MainPanel:242 - HeapMemory: 268435456
2022-10-21 02:11:10,835 [INFO] DbMcusXml:77 - Set database path to: C:\ST\STM32CubeIDE_1.9.0\STM32CubeIDE\plugins\com.st.stm32cube.common.mx_6.6.1.202207061420\\db\/mcu/
2022-10-21 02:11:10,835 [INFO] ApiDb:269 - Set plugin database path to: C:\ST\STM32CubeIDE_1.9.0\STM32CubeIDE\plugins\com.st.stm32cube.common.mx_6.6.1.202207061420\\db\/plugins/boardmanager/
2022-10-21 02:11:10,835 [INFO] ApiDb:256 - Set plugin images path to: C:\ST\STM32CubeIDE_1.9.0\STM32CubeIDE\plugins\com.st.stm32cube.common.mx_6.6.1.202207061420\\db\/plugins/mcufinder/images/
2022-10-21 02:11:10,835 [WARN] DbFile:40 - Overriding database path with different value: C:\Users\Zver\.stmcufinder\plugins\mcufinder/ => C:\Users\Zver\.stmcufinder\plugins\mcufinder
2022-10-21 02:11:10,836 [INFO] ApiDb:249 - Set database path to: C:\Users\Zver\.stmcufinder\plugins\mcufinder//mcu/
2022-10-21 02:11:10,836 [WARN] DbFile:40 - Overriding database path with different value: C:\Users\Zver\.stmcufinder\plugins\mcufinder/ => C:\Users\Zver\.stmcufinder\plugins\mcufinder
2022-10-21 02:11:10,836 [INFO] DbMcusAds:124 - Set database path to: C:\Users\Zver\.stmcufinder\plugins\mcufinder//mcu/
2022-10-21 02:11:10,836 [WARN] DbFile:40 - Overriding database path with different value: C:\Users\Zver\.stmcufinder\plugins\mcufinder/ => C:\Users\Zver\.stmcufinder\plugins\mcufinder
2022-10-21 02:11:10,836 [WARN] DbFile:40 - Overriding database path with different value: C:\Users\Zver\.stmcufinder\plugins\mcufinder/ => C:\Users\Zver\.stmcufinder\plugins\mcufinder
2022-10-21 02:11:10,836 [INFO] CrossReferenceDbSqlite:201 - Set database path to: C:\Users\Zver\.stmcufinder\plugins\mcufinder//mcu/cs/
2022-10-21 02:11:10,856 [INFO] ApplicationProperties:181 - Using Application install path: C:\ST\STM32CubeIDE_1.9.0\STM32CubeIDE\plugins\com.st.stm32cube.common.mx_6.6.1.202207061420
2022-10-21 02:11:10,857 [INFO] PluginManage:193 - Search for loadable plugins [exclusion list=, ]
2022-10-21 02:11:10,859 [INFO] PluginManage:307 - Check plugin analytics
2022-10-21 02:11:10,986 [INFO] AnalyticsPlugin:262 - Accepted Software Licenses: 
2022-10-21 02:11:10,987 [INFO] AnalyticsPlugin:264 - Accepted CMSIS Pack Licenses: 
2022-10-21 02:11:10,988 [INFO] AnalyticsPlugin:266 - Accepted Firmware Licenses: 
2022-10-21 02:11:10,995 [INFO] PluginManage:356 - Loaded plugin analytics (category:tool,tabindex:-1)
2022-10-21 02:11:10,995 [INFO] PluginManage:307 - Check plugin cadmodel
2022-10-21 02:11:11,000 [INFO] CADModel:65 - Init CAD model plugin
2022-10-21 02:11:11,000 [INFO] PluginManage:356 - Loaded plugin cadmodel (category:power,tabindex:5)
2022-10-21 02:11:11,001 [INFO] PluginManage:307 - Check plugin clock
2022-10-21 02:11:11,010 [INFO] PluginManage:356 - Loaded plugin clock (category:base,tabindex:2)
2022-10-21 02:11:11,010 [INFO] PluginManage:307 - Check plugin ddr
2022-10-21 02:11:11,013 [INFO] PluginManage:356 - Loaded plugin ddr (category:tool,tabindex:6)
2022-10-21 02:11:11,013 [INFO] PluginManage:307 - Check plugin filemanager
2022-10-21 02:11:11,214 [INFO] PluginManage:356 - Loaded plugin filemanager (category:base,tabindex:10)
2022-10-21 02:11:11,214 [INFO] PluginManage:307 - Check plugin ipmanager
2022-10-21 02:11:11,230 [INFO] PluginManage:356 - Loaded plugin ipmanager (category:base,tabindex:5)
2022-10-21 02:11:11,231 [INFO] PluginManage:307 - Check plugin lpbam
2022-10-21 02:11:11,239 [INFO] PluginManage:356 - Loaded plugin lpbam (category:base,tabindex:0)
2022-10-21 02:11:11,239 [INFO] PluginManage:307 - Check plugin pinoutandconfiguration
2022-10-21 02:11:11,247 [INFO] PluginManage:356 - Loaded plugin pinoutandconfiguration (category:base,tabindex:1)
2022-10-21 02:11:11,247 [INFO] PluginManage:307 - Check plugin pinoutconfig
2022-10-21 02:11:11,277 [INFO] PluginManage:356 - Loaded plugin pinoutconfig (category:base,tabindex:0)
2022-10-21 02:11:11,278 [INFO] PluginManage:307 - Check plugin power
2022-10-21 02:11:11,287 [INFO] PluginManage:356 - Loaded plugin power (category:power,tabindex:4)
2022-10-21 02:11:11,287 [INFO] PluginManage:307 - Check plugin projectmanager
2022-10-21 02:11:11,299 [INFO] PluginManage:356 - Loaded plugin projectmanager (category:projectmanager,tabindex:3)
2022-10-21 02:11:11,299 [INFO] PluginManage:307 - Check plugin thirdparty
2022-10-21 02:11:11,416 [WARN] IntegrityCheckThread:82 - waiting for thirdparty lock release [integrity check]
2022-10-21 02:11:11,416 [INFO] PluginManage:356 - Loaded plugin thirdparty (category:base,tabindex:-1)
2022-10-21 02:11:11,416 [INFO] IntegrityCheckThread:84 - entering critical section [integrity check]
2022-10-21 02:11:11,416 [INFO] PluginManage:307 - Check plugin tools
2022-10-21 02:11:11,418 [INFO] ThirdPartyUpdaterWithRetryManager:70 - Updater plugin not ready yet. [1/15]
2022-10-21 02:11:11,419 [INFO] PluginManage:356 - Loaded plugin tools (category:base,tabindex:7)
2022-10-21 02:11:11,419 [INFO] PluginManage:307 - Check plugin tutovideos
2022-10-21 02:11:11,598 [INFO] PluginManage:356 - Loaded plugin tutovideos (category:base,tabindex:-1)
2022-10-21 02:11:11,598 [INFO] PluginManage:307 - Check plugin updater
2022-10-21 02:11:11,611 [INFO] PluginManage:356 - Loaded plugin updater (category:base,tabindex:12)
2022-10-21 02:11:11,612 [INFO] PluginManage:280 - PluginManage : Loaded plugins [15]
2022-10-21 02:11:12,001 [INFO] PinOutPanel:1468 - setPackage(No Configuration,No Configuration)
2022-10-21 02:11:12,080 [INFO] CADModel:98 - CPN selected for project level
2022-10-21 02:11:12,093 [INFO] IPUIPlugin:79 - create IPUIPlugin
2022-10-21 02:11:12,093 [INFO] PluginManager:217 - loadIPPluginJar : add adc
2022-10-21 02:11:12,096 [INFO] IPUIPlugin:79 - create IPUIPlugin
2022-10-21 02:11:12,096 [INFO] PluginManager:217 - loadIPPluginJar : add aes
2022-10-21 02:11:12,098 [INFO] IPUIPlugin:79 - create IPUIPlugin
2022-10-21 02:11:12,098 [INFO] PluginManager:217 - loadIPPluginJar : add can
2022-10-21 02:11:12,099 [INFO] IPUIPlugin:79 - create IPUIPlugin
2022-10-21 02:11:12,099 [INFO] PluginManager:217 - loadIPPluginJar : add comp
2022-10-21 02:11:12,101 [INFO] IPUIPlugin:79 - create IPUIPlugin
2022-10-21 02:11:12,101 [INFO] PluginManager:217 - loadIPPluginJar : add cryp
2022-10-21 02:11:12,103 [INFO] IPUIPlugin:79 - create IPUIPlugin
2022-10-21 02:11:12,103 [INFO] PluginManager:217 - loadIPPluginJar : add dfsdm
2022-10-21 02:11:12,107 [INFO] IPUIPlugin:79 - create IPUIPlugin
2022-10-21 02:11:12,108 [INFO] PluginManager:217 - loadIPPluginJar : add dma
2022-10-21 02:11:12,109 [INFO] IPUIPlugin:79 - create IPUIPlugin
2022-10-21 02:11:12,110 [INFO] PluginManager:217 - loadIPPluginJar : add dma3
2022-10-21 02:11:12,111 [INFO] IPUIPlugin:79 - create IPUIPlugin
2022-10-21 02:11:12,111 [INFO] PluginManager:217 - loadIPPluginJar : add fatfs
2022-10-21 02:11:12,114 [INFO] IPUIPlugin:79 - create IPUIPlugin
2022-10-21 02:11:12,114 [INFO] PluginManager:217 - loadIPPluginJar : add fmc
2022-10-21 02:11:12,119 [INFO] IPUIPlugin:79 - create IPUIPlugin
2022-10-21 02:11:12,119 [INFO] PluginManager:217 - loadIPPluginJar : add freertos
2022-10-21 02:11:12,121 [INFO] IPUIPlugin:79 - create IPUIPlugin
2022-10-21 02:11:12,121 [INFO] PluginManager:217 - loadIPPluginJar : add genericplugin
2022-10-21 02:11:12,123 [INFO] IPUIPlugin:79 - create IPUIPlugin
2022-10-21 02:11:12,123 [INFO] PluginManager:217 - loadIPPluginJar : add gfxmmu
2022-10-21 02:11:12,128 [INFO] IPUIPlugin:79 - create IPUIPlugin
2022-10-21 02:11:12,128 [INFO] PluginManager:217 - loadIPPluginJar : add gic
2022-10-21 02:11:12,132 [INFO] IPUIPlugin:79 - create IPUIPlugin
2022-10-21 02:11:12,132 [INFO] PluginManager:217 - loadIPPluginJar : add gpio
2022-10-21 02:11:12,134 [INFO] IPUIPlugin:79 - create IPUIPlugin
2022-10-21 02:11:12,135 [INFO] PluginManager:217 - loadIPPluginJar : add gtzc
2022-10-21 02:11:12,137 [INFO] IPUIPlugin:79 - create IPUIPlugin
2022-10-21 02:11:12,137 [INFO] PluginManager:217 - loadIPPluginJar : add hash
2022-10-21 02:11:12,139 [INFO] IPUIPlugin:79 - create IPUIPlugin
2022-10-21 02:11:12,139 [INFO] PluginManager:217 - loadIPPluginJar : add i2c
2022-10-21 02:11:12,141 [INFO] IPUIPlugin:79 - create IPUIPlugin
2022-10-21 02:11:12,141 [INFO] PluginManager:217 - loadIPPluginJar : add i2s
2022-10-21 02:11:12,144 [INFO] IPUIPlugin:79 - create IPUIPlugin
2022-10-21 02:11:12,145 [INFO] PluginManager:217 - loadIPPluginJar : add ipddr
2022-10-21 02:11:12,150 [INFO] IPUIPlugin:79 - create IPUIPlugin
2022-10-21 02:11:12,150 [INFO] PluginManager:217 - loadIPPluginJar : add linkedlist
2022-10-21 02:11:12,152 [INFO] IPUIPlugin:79 - create IPUIPlugin
2022-10-21 02:11:12,152 [INFO] PluginManager:217 - loadIPPluginJar : add lorawan
2022-10-21 02:11:12,153 [INFO] IPUIPlugin:79 - create IPUIPlugin
2022-10-21 02:11:12,154 [INFO] PluginManager:217 - loadIPPluginJar : add ltdc
2022-10-21 02:11:12,158 [INFO] IPUIPlugin:79 - create IPUIPlugin
2022-10-21 02:11:12,158 [INFO] PluginManager:217 - loadIPPluginJar : add mdma
2022-10-21 02:11:12,160 [INFO] IPUIPlugin:79 - create IPUIPlugin
2022-10-21 02:11:12,160 [INFO] PluginManager:217 - loadIPPluginJar : add nvic
2022-10-21 02:11:12,162 [INFO] IPUIPlugin:79 - create IPUIPlugin
2022-10-21 02:11:12,162 [INFO] PluginManager:217 - loadIPPluginJar : add opamp
2022-10-21 02:11:12,165 [INFO] IPUIPlugin:79 - create IPUIPlugin
2022-10-21 02:11:12,165 [INFO] PluginManager:217 - loadIPPluginJar : add openamp
2022-10-21 02:11:12,167 [INFO] IPUIPlugin:79 - create IPUIPlugin
2022-10-21 02:11:12,167 [INFO] PluginManager:217 - loadIPPluginJar : add pdm2pcm
2022-10-21 02:11:12,173 [INFO] IPUIPlugin:79 - create IPUIPlugin
2022-10-21 02:11:12,175 [INFO] PluginManager:217 - loadIPPluginJar : add plateformsettings
2022-10-21 02:11:12,177 [INFO] IPUIPlugin:79 - create IPUIPlugin
2022-10-21 02:11:12,177 [INFO] PluginManager:217 - loadIPPluginJar : add quadspi
2022-10-21 02:11:12,181 [INFO] IPUIPlugin:79 - create IPUIPlugin
2022-10-21 02:11:12,181 [INFO] PluginManager:217 - loadIPPluginJar : add resmgrutility
2022-10-21 02:11:12,184 [INFO] IPUIPlugin:79 - create IPUIPlugin
2022-10-21 02:11:12,184 [INFO] PluginManager:217 - loadIPPluginJar : add sai
2022-10-21 02:11:12,186 [INFO] IPUIPlugin:79 - create IPUIPlugin
2022-10-21 02:11:12,186 [INFO] PluginManager:217 - loadIPPluginJar : add spi
2022-10-21 02:11:12,191 [INFO] IPUIPlugin:79 - create IPUIPlugin
2022-10-21 02:11:12,192 [INFO] PluginManager:217 - loadIPPluginJar : add stm32_wpan
2022-10-21 02:11:12,193 [INFO] IPUIPlugin:79 - create IPUIPlugin
2022-10-21 02:11:12,193 [INFO] PluginManager:217 - loadIPPluginJar : add tim
2022-10-21 02:11:12,196 [INFO] IPUIPlugin:79 - create IPUIPlugin
2022-10-21 02:11:12,196 [INFO] PluginManager:217 - loadIPPluginJar : add touchsensing
2022-10-21 02:11:12,199 [INFO] IPUIPlugin:79 - create IPUIPlugin
2022-10-21 02:11:12,199 [INFO] PluginManager:217 - loadIPPluginJar : add tracer_emb
2022-10-21 02:11:12,201 [INFO] IPUIPlugin:79 - create IPUIPlugin
2022-10-21 02:11:12,202 [INFO] PluginManager:217 - loadIPPluginJar : add ts
2022-10-21 02:11:12,204 [INFO] IPUIPlugin:79 - create IPUIPlugin
2022-10-21 02:11:12,204 [INFO] PluginManager:217 - loadIPPluginJar : add tsc
2022-10-21 02:11:12,206 [INFO] IPUIPlugin:79 - create IPUIPlugin
2022-10-21 02:11:12,206 [INFO] PluginManager:217 - loadIPPluginJar : add ucpd
2022-10-21 02:11:12,209 [INFO] IPUIPlugin:79 - create IPUIPlugin
2022-10-21 02:11:12,209 [INFO] PluginManager:217 - loadIPPluginJar : add usart
2022-10-21 02:11:12,212 [INFO] IPUIPlugin:79 - create IPUIPlugin
2022-10-21 02:11:12,212 [INFO] PluginManager:217 - loadIPPluginJar : add usbx
2022-10-21 02:11:12,482 [FATAL] Updater:301 - Updater called before beeing initialized
2022-10-21 02:11:12,654 [FATAL] Updater:301 - Updater called before beeing initialized
2022-10-21 02:11:12,659 [INFO] DbMcusAds:52 - JSON generation date=Thu Sep 30 09:55:09 MSK 2021 (1632984909247)
2022-10-21 02:11:12,660 [FATAL] Updater:301 - Updater called before beeing initialized
2022-10-21 02:11:12,745 [WARN] DetailPanel:344 - Failed to get advertising image, set to default
2022-10-21 02:11:12,858 [FATAL] Updater:301 - Updater called before beeing initialized
2022-10-21 02:11:12,860 [FATAL] Updater:301 - Updater called before beeing initialized
2022-10-21 02:11:12,860 [FATAL] Updater:301 - Updater called before beeing initialized
2022-10-21 02:11:12,861 [WARN] DetailPanel:344 - Failed to get advertising image, set to default
2022-10-21 02:11:12,861 [FATAL] Updater:301 - Updater called before beeing initialized
2022-10-21 02:11:12,904 [ERROR] Updater:1105 - MainUpdater not yet initialized. External WinMGr cannot be set.
2022-10-21 02:11:12,906 [INFO] Updater:1041 - Updater Version found : 6.6.1
2022-10-21 02:11:12,920 [INFO] ApplicationProperties:181 - Using Application install path: C:\ST\STM32CubeIDE_1.9.0\STM32CubeIDE\plugins\com.st.stm32cube.common.mx_6.6.1.202207061420
2022-10-21 02:11:13,180 [INFO] MainUpdater:2768 - connection check result : 10
2022-10-21 02:11:13,180 [INFO] MainUpdater:280 - Updater Check For Update Now.
2022-10-21 02:11:13,181 [INFO] MicroXplorer:481 - Change Database Version : DB.6.0.60
2022-10-21 02:11:13,329 [INFO] CheckServerUpdateThread:119 - End of CheckServer Thread
2022-10-21 02:11:13,389 [INFO] MainUpdater:2768 - connection check result : 10
2022-10-21 02:11:13,606 [INFO] McuFinderGlobals:57 - Set McuFinderConnectedMode to true
2022-10-21 02:11:13,613 [INFO] MultiScanPanel:195 - Auto-refresh data requested => check proxy status ongoing
2022-10-21 02:11:13,616 [INFO] FinderPluginLoader:92 - Searching for filters in installed packs
2022-10-21 02:11:13,751 [INFO] ApiDb:576 - Connected to CubeFinder SQLite database (C:\Users\Zver\.stmcufinder\plugins\mcufinder\mcu\cube-finder-db.db)
2022-10-21 02:11:13,791 [INFO] ApiDb:663 - CubeFinder database Data Model version=2.1
2022-10-21 02:11:13,791 [INFO] ApiDb:664 - CubeFinder database Configuration version=3.0.32
2022-10-21 02:11:13,792 [INFO] ApiDb:665 - CubeFinder database generation date=2022-08-05 (1659688109)
2022-10-21 02:11:13,792 [INFO] ApiDb:666 - CubeFinder database FW Pack versions=[STM32Cube_FW_C0_V1.0.0, STM32Cube_FW_F4_V1.27.1, STM32Cube_FW_F7_V1.17.0, STM32Cube_FW_G0_V1.6.1, STM32Cube_FW_G4_V1.5.0, STM32Cube_FW_H7_V1.10.0, STM32Cube_FW_L5_V1.4.0, STM32Cube_FW_U5_V1.1.1, STM32Cube_FW_WB_V1.14.1, STM32Cube_FW_WL_V1.2.0, X-CUBE-ALGOBUILD_V1.3.0, X-CUBE-ALS_V1.0.1, X-CUBE-AZRTOS-F4_V1.1.0, X-CUBE-AZRTOS-F7_V1.1.0, X-CUBE-AZRTOS-G0_V1.1.0, X-CUBE-AZRTOS-G4_V1.0.0, X-CUBE-AZRTOS-H7_V2.1.0, X-CUBE-AZRTOS-L4_V1.0.0, X-CUBE-AZRTOS-L5_V1.0.0, X-CUBE-AZRTOS-WL_V1.0.0, X-CUBE-BLE1_V6.2.3, X-CUBE-BLE2_V3.3.0, X-CUBE-EEPRMA1_V3.1.1, X-CUBE-GNSS1_V6.0.0, X-CUBE-MEMS1_V9.1.0, X-CUBE-MEMS1_V9.3.0, X-CUBE-NFC4_V2.0.4, X-CUBE-NFC7_V1.0.0, X-CUBE-SFXS2LP1_V4.0.0, X-CUBE-SUBG2_V5.0.0]
2022-10-21 02:11:14,547 [WARN] PackLoader:242 - Cannot read IP mode file for wolfSSL.I-CUBE-wolfSSL.5.2.0
2022-10-21 02:11:14,556 [WARN] PackLoader:242 - Cannot read IP mode file for STMicroelectronics.X-CUBE-GNSS1.6.0.0
2022-10-21 02:11:14,589 [WARN] PackLoader:242 - Cannot read IP mode file for STMicroelectronics.X-CUBE-AZRTOS-F4.1.1.0
2022-10-21 02:11:14,604 [WARN] PackLoader:242 - Cannot read IP mode file for STMicroelectronics.X-CUBE-BLEMGR.1.2.0
2022-10-21 02:11:14,658 [WARN] PackLoader:242 - Cannot read IP mode file for STMicroelectronics.X-CUBE-AZRTOS-F7.1.1.0
2022-10-21 02:11:14,673 [WARN] PackLoader:242 - Cannot read IP mode file for STMicroelectronics.X-CUBE-AI.7.1.0
2022-10-21 02:11:14,689 [WARN] PackLoader:242 - Cannot read IP mode file for STMicroelectronics.X-CUBE-BLE1.6.2.3
2022-10-21 02:11:14,694 [WARN] PackLoader:242 - Cannot read IP mode file for STMicroelectronics.X-CUBE-BLE1.6.2.2
2022-10-21 02:11:14,701 [WARN] PackLoader:242 - Cannot read IP mode file for STMicroelectronics.X-CUBE-NFC4.2.0.4
2022-10-21 02:11:14,707 [WARN] PackLoader:242 - Cannot read IP mode file for STMicroelectronics.X-CUBE-BLE2.3.2.2
2022-10-21 02:11:14,713 [WARN] PackLoader:242 - Cannot read IP mode file for STMicroelectronics.X-CUBE-NFC4.2.0.3
2022-10-21 02:11:14,724 [WARN] PackLoader:242 - Cannot read IP mode file for STMicroelectronics.X-CUBE-TOF1.3.1.0
2022-10-21 02:11:14,737 [WARN] PackLoader:242 - Cannot read IP mode file for STMicroelectronics.X-CUBE-SFXS2LP1.3.1.0
2022-10-21 02:11:14,758 [WARN] PackLoader:242 - Cannot read IP mode file for STMicroelectronics.X-CUBE-AZRTOS-F4.1.0.0
2022-10-21 02:11:14,768 [WARN] PackLoader:242 - Cannot read IP mode file for STMicroelectronics.X-CUBE-NFC7.1.0.0
2022-10-21 02:11:14,781 [WARN] PackLoader:242 - Cannot read IP mode file for STMicroelectronics.X-CUBE-SUBG2.4.2.0
2022-10-21 02:11:14,831 [WARN] PackLoader:242 - Cannot read IP mode file for STMicroelectronics.X-CUBE-MEMS1.9.3.0
2022-10-21 02:11:14,960 [WARN] PackLoader:242 - Cannot read IP mode file for STMicroelectronics.X-CUBE-AI.7.2.0
2022-10-21 02:11:14,993 [WARN] PackLoader:242 - Cannot read IP mode file for STMicroelectronics.X-CUBE-AZRTOS-G0.1.0.0
2022-10-21 02:11:15,003 [WARN] PackLoader:242 - Cannot read IP mode file for STMicroelectronics.X-CUBE-SFXS2LP1.4.0.0
2022-10-21 02:11:15,008 [WARN] PackLoader:242 - Cannot read IP mode file for STMicroelectronics.X-CUBE-BLE2.3.3.0
2022-10-21 02:11:15,018 [WARN] PackLoader:242 - Cannot read IP mode file for STMicroelectronics.X-CUBE-DISPLAY.2.2.0
2022-10-21 02:11:15,025 [WARN] PackLoader:242 - Cannot read IP mode file for STMicroelectronics.X-CUBE-TOUCHGFX.4.18.1
2022-10-21 02:11:15,029 [WARN] PackLoader:242 - Cannot read IP mode file for STMicroelectronics.X-CUBE-ISPU.1.0.0
2022-10-21 02:11:15,039 [WARN] PackLoader:242 - Cannot read IP mode file for RoweBots.I-CUBE-UNISONRTOS.5.5.0-4
2022-10-21 02:11:15,058 [WARN] PackLoader:242 - Cannot read IP mode file for STMicroelectronics.X-CUBE-AZRTOS-H7.2.1.0
2022-10-21 02:11:15,067 [WARN] PackLoader:242 - Cannot read IP mode file for STMicroelectronics.X-CUBE-BLEMGR.1.0.0
2022-10-21 02:11:15,072 [WARN] PackLoader:242 - Cannot read IP mode file for STMicroelectronics.X-CUBE-ALGOBUILD.1.3.0
2022-10-21 02:11:15,087 [WARN] PackLoader:242 - Cannot read IP mode file for STMicroelectronics.X-CUBE-AZRTOS-G0.1.1.0
2022-10-21 02:11:15,097 [WARN] PackLoader:242 - Cannot read IP mode file for STMicroelectronics.X-CUBE-SUBG2.5.0.0
2022-10-21 02:11:15,129 [WARN] PackLoader:242 - Cannot read IP mode file for SEGGER.I-CUBE-embOS.1.2.0
2022-10-21 02:11:15,169 [WARN] PackLoader:242 - Cannot read IP mode file for STMicroelectronics.FP-ATR-ASTRA1.1.1.1
2022-10-21 02:11:15,187 [WARN] PackLoader:242 - Cannot read IP mode file for STMicroelectronics.X-CUBE-AZRTOS-H7.2.0.0
2022-10-21 02:11:15,198 [WARN] PackLoader:242 - Cannot read IP mode file for STMicroelectronics.X-CUBE-AZRTOS-G4.1.0.0
2022-10-21 02:11:15,203 [WARN] PackLoader:242 - Cannot read IP mode file for STMicroelectronics.FP-ATR-SIGFOX1.3.2.0
2022-10-21 02:11:15,216 [WARN] PackLoader:242 - Cannot read IP mode file for STMicroelectronics.X-CUBE-AZRTOS-L4.1.0.0
2022-10-21 02:11:15,224 [WARN] PackLoader:242 - Cannot read IP mode file for emotas.I-CUBE-CANOPEN.1.1.2
2022-10-21 02:11:15,228 [WARN] PackLoader:242 - Cannot read IP mode file for STMicroelectronics.X-CUBE-TOUCHGFX.4.20.0
2022-10-21 02:11:15,244 [WARN] PackLoader:242 - Cannot read IP mode file for STMicroelectronics.X-CUBE-AZRTOS-F7.1.0.0
2022-10-21 02:11:15,257 [WARN] PackLoader:242 - Cannot read IP mode file for STMicroelectronics.X-CUBE-AZRTOS-WL.1.0.0
2022-10-21 02:11:15,293 [WARN] PackLoader:242 - Cannot read IP mode file for STMicroelectronics.X-CUBE-MEMS1.9.1.0
2022-10-21 02:11:15,385 [WARN] PackLoader:242 - Cannot read IP mode file for portGmbH.I-Cube-SoM-uGOAL.1.1.0
2022-10-21 02:11:15,389 [WARN] PackLoader:242 - Cannot read IP mode file for STMicroelectronics.X-CUBE-ALS.1.0.1
2022-10-21 02:11:15,405 [WARN] PackLoader:242 - Cannot read IP mode file for STMicroelectronics.X-CUBE-AZRTOS-L5.1.0.0
2022-10-21 02:11:15,413 [WARN] PackLoader:242 - Cannot read IP mode file for STMicroelectronics.X-CUBE-EEPRMA1.3.1.1
2022-10-21 02:11:15,418 [WARN] PackLoader:242 - Cannot read IP mode file for STMicroelectronics.X-CUBE-GNSS1.5.2.0
2022-10-21 02:11:15,422 [WARN] PackLoader:242 - Cannot read IP mode file for STMicroelectronics.X-CUBE-DISPLAY.2.0.1
2022-10-21 02:11:15,427 [WARN] PackLoader:242 - Cannot read IP mode file for STMicroelectronics.X-CUBE-TOF1.3.0.0
2022-10-21 02:11:15,429 [INFO] ThirdParty:929 - Integrity check success = true
2022-10-21 02:11:15,429 [INFO] IntegrityCheckThread:98 - exiting critical section [integrity check]
2022-10-21 02:11:15,429 [INFO] IntegrityCheckThread:101 - End integrity checks thread
2022-10-21 02:11:15,977 [INFO] ApiDb:239 - Found 138 in-development CPN: [B-WB1M-WPAN1, NUCLEO-C031C6, STEVAL-STWINBX1, STM320518-EVAL, STM32C0116-DK, STM32C011D6Y3TR, STM32C011D6Y6TR, STM32C011F4P3, STM32C011F4P6, STM32C011F4U3, STM32C011F4U6TR, STM32C011F6P3, STM32C011F6P6, STM32C011F6U3, STM32C011F6U6TR, STM32C011J4M3, STM32C011J4M6, STM32C011J6M3, STM32C011J6M6, STM32C0316-DK, STM32C031C4T3, STM32C031C4T6, STM32C031C4U3, STM32C031C4U6, STM32C031C6T3, STM32C031C6T6, STM32C031C6U3, STM32C031C6U6, STM32C031F4P3, STM32C031F4P6, STM32C031F6P3, STM32C031F6P6, STM32C031G4U3, STM32C031G4U6, STM32C031G6U3, STM32C031G6U6, STM32C031K4T3, STM32C031K4T6, STM32C031K4U3, STM32C031K4U6, STM32C031K6T3, STM32C031K6T6, STM32C031K6U3, STM32C031K6U6, STM32G071K8TXN, STM32G071K8UXN, STM32G081GBU6N, STM32G081KBT6N, STM32G081KBUXN, STM32G0B1CCT6N, STM32G0B1KCT6, STM32G0B1NEY6TR, STM32G0B1RCT6N, STM32G0C1CCT6, STM32G0C1CCT6N, STM32G0C1CCU6N, STM32G0C1CET6N, STM32G0C1CEU6N, STM32G0C1KCT6, STM32G0C1NEY6TR, STM32G0C1RCI6N, STM32G0C1RCT6N, STM32G0C1REI6N, STM32G0C1RET6N, STM32G0C1VCI6, STM32G0C1VEI6, STM32G471CCT6, STM32G471CCU6, STM32G471CET3, STM32G471CET6, STM32G471CEU3, STM32G471CEU6, STM32G471MCT6, STM32G471MET3, STM32G471MET6, STM32G471MEY6TR, STM32G471QCT6, STM32G471QET3, STM32G471RCT6, STM32G471RET3, STM32G471RET6, STM32G471VCH6, STM32G471VCI6, STM32G471VCT6, STM32G471VEH3, STM32G471VEH6, STM32G471VEI3, STM32G471VEI6, STM32G471VET3, STM32G471VET6, STM32G474CCT6, STM32L476VGY6PTR, STM32L4R5QGI6STR, STM32MP131AAE3, STM32MP131AAF3, STM32MP131AAG3, STM32MP131CAE3, STM32MP131CAF3, STM32MP131CAG3, STM32MP131DAE7, STM32MP131DAF7, STM32MP131DAG7, STM32MP131FAE7, STM32MP131FAF7, STM32MP131FAG7, STM32MP133AAE3, STM32MP133AAF3, STM32MP133AAG3, STM32MP133CAE3, STM32MP133CAF3, STM32MP133CAG3, STM32MP133DAE7, STM32MP133DAF7, STM32MP133DAG7, STM32MP133FAE7, STM32MP133FAF7, STM32MP133FAG7, STM32MP135AAE3, STM32MP135AAF3, STM32MP135AAG3, STM32MP135CAE3, STM32MP135CAF3, STM32MP135CAG3, STM32MP135DAE7, STM32MP135DAF7, STM32MP135DAG7, STM32MP135F-DK, STM32MP135FAE7, STM32MP135FAF7, STM32MP135FAG7, STM32U595ZJT6Q, STM32U599BJY6QTR, STM32U599NIH6Q, STM32U599NJH6Q, STM32U5A5ZJT6Q, STM32U5A9BJY6QTR, STM32U5A9NJH6Q, STM32WB1MMCH6]
2022-10-21 02:11:15,981 [INFO] DbMcus:215 - Found 3542 MCUs, 3542 are supported
2022-10-21 02:11:15,983 [INFO] ApiDb:418 - Load user favorites file C:\Users\Zver/.stm32cubeide/favorites.mcus.txt: 0 item(s)
2022-10-21 02:11:15,983 [INFO] ApiDb:422 - User favorites MCUs=[]
2022-10-21 02:11:15,984 [INFO] DbMcus:221 - Set 0 / 0 favorites MCUs
2022-10-21 02:11:17,113 [INFO] LoadUrlFilesThread:177 - End of LoadServerUrlFiles without Thread
2022-10-21 02:11:17,140 [INFO] DetailPanel:339 - Set advertising image to C:/Users/Zver/STM32Cube/Repository/\en.Prom_NBSTM32U50921.jpg
2022-10-21 02:11:17,840 [INFO] MultiScanPanel:778 - Auto Refresh Data is not needed
2022-10-21 02:11:17,848 [INFO] ApiDb:663 - CubeFinder database Data Model version=2.1
2022-10-21 02:11:17,848 [INFO] ApiDb:664 - CubeFinder database Configuration version=3.0.32
2022-10-21 02:11:17,848 [INFO] ApiDb:665 - CubeFinder database generation date=2022-08-05 (1659688109)
2022-10-21 02:11:17,848 [INFO] ApiDb:666 - CubeFinder database FW Pack versions=[STM32Cube_FW_C0_V1.0.0, STM32Cube_FW_F4_V1.27.1, STM32Cube_FW_F7_V1.17.0, STM32Cube_FW_G0_V1.6.1, STM32Cube_FW_G4_V1.5.0, STM32Cube_FW_H7_V1.10.0, STM32Cube_FW_L5_V1.4.0, STM32Cube_FW_U5_V1.1.1, STM32Cube_FW_WB_V1.14.1, STM32Cube_FW_WL_V1.2.0, X-CUBE-ALGOBUILD_V1.3.0, X-CUBE-ALS_V1.0.1, X-CUBE-AZRTOS-F4_V1.1.0, X-CUBE-AZRTOS-F7_V1.1.0, X-CUBE-AZRTOS-G0_V1.1.0, X-CUBE-AZRTOS-G4_V1.0.0, X-CUBE-AZRTOS-H7_V2.1.0, X-CUBE-AZRTOS-L4_V1.0.0, X-CUBE-AZRTOS-L5_V1.0.0, X-CUBE-AZRTOS-WL_V1.0.0, X-CUBE-BLE1_V6.2.3, X-CUBE-BLE2_V3.3.0, X-CUBE-EEPRMA1_V3.1.1, X-CUBE-GNSS1_V6.0.0, X-CUBE-MEMS1_V9.1.0, X-CUBE-MEMS1_V9.3.0, X-CUBE-NFC4_V2.0.4, X-CUBE-NFC7_V1.0.0, X-CUBE-SFXS2LP1_V4.0.0, X-CUBE-SUBG2_V5.0.0]
2022-10-21 02:11:17,926 [INFO] DbBoardsSqlite:227 - include board P-NUCLEO-WB55-NUCLEO as a kit item of type 'Nucleo-64'
2022-10-21 02:11:17,926 [INFO] DbBoardsSqlite:227 - include board P-NUCLEO-WB55-USBDONGLE as a kit item of type 'Nucleo USB Dongle'
2022-10-21 02:11:17,927 [INFO] DbBoardsSqlite:227 - include board STEVAL-IDP005V1 as a kit item of type 'Evaluation Board'
2022-10-21 02:11:17,927 [INFO] DbBoardsSqlite:227 - include board STEVAL-IDP005V2 as a kit item of type 'Evaluation Board'
2022-10-21 02:11:17,938 [INFO] ApiDb:239 - Found 138 in-development CPN: [B-WB1M-WPAN1, NUCLEO-C031C6, STEVAL-STWINBX1, STM320518-EVAL, STM32C0116-DK, STM32C011D6Y3TR, STM32C011D6Y6TR, STM32C011F4P3, STM32C011F4P6, STM32C011F4U3, STM32C011F4U6TR, STM32C011F6P3, STM32C011F6P6, STM32C011F6U3, STM32C011F6U6TR, STM32C011J4M3, STM32C011J4M6, STM32C011J6M3, STM32C011J6M6, STM32C0316-DK, STM32C031C4T3, STM32C031C4T6, STM32C031C4U3, STM32C031C4U6, STM32C031C6T3, STM32C031C6T6, STM32C031C6U3, STM32C031C6U6, STM32C031F4P3, STM32C031F4P6, STM32C031F6P3, STM32C031F6P6, STM32C031G4U3, STM32C031G4U6, STM32C031G6U3, STM32C031G6U6, STM32C031K4T3, STM32C031K4T6, STM32C031K4U3, STM32C031K4U6, STM32C031K6T3, STM32C031K6T6, STM32C031K6U3, STM32C031K6U6, STM32G071K8TXN, STM32G071K8UXN, STM32G081GBU6N, STM32G081KBT6N, STM32G081KBUXN, STM32G0B1CCT6N, STM32G0B1KCT6, STM32G0B1NEY6TR, STM32G0B1RCT6N, STM32G0C1CCT6, STM32G0C1CCT6N, STM32G0C1CCU6N, STM32G0C1CET6N, STM32G0C1CEU6N, STM32G0C1KCT6, STM32G0C1NEY6TR, STM32G0C1RCI6N, STM32G0C1RCT6N, STM32G0C1REI6N, STM32G0C1RET6N, STM32G0C1VCI6, STM32G0C1VEI6, STM32G471CCT6, STM32G471CCU6, STM32G471CET3, STM32G471CET6, STM32G471CEU3, STM32G471CEU6, STM32G471MCT6, STM32G471MET3, STM32G471MET6, STM32G471MEY6TR, STM32G471QCT6, STM32G471QET3, STM32G471RCT6, STM32G471RET3, STM32G471RET6, STM32G471VCH6, STM32G471VCI6, STM32G471VCT6, STM32G471VEH3, STM32G471VEH6, STM32G471VEI3, STM32G471VEI6, STM32G471VET3, STM32G471VET6, STM32G474CCT6, STM32L476VGY6PTR, STM32L4R5QGI6STR, STM32MP131AAE3, STM32MP131AAF3, STM32MP131AAG3, STM32MP131CAE3, STM32MP131CAF3, STM32MP131CAG3, STM32MP131DAE7, STM32MP131DAF7, STM32MP131DAG7, STM32MP131FAE7, STM32MP131FAF7, STM32MP131FAG7, STM32MP133AAE3, STM32MP133AAF3, STM32MP133AAG3, STM32MP133CAE3, STM32MP133CAF3, STM32MP133CAG3, STM32MP133DAE7, STM32MP133DAF7, STM32MP133DAG7, STM32MP133FAE7, STM32MP133FAF7, STM32MP133FAG7, STM32MP135AAE3, STM32MP135AAF3, STM32MP135AAG3, STM32MP135CAE3, STM32MP135CAF3, STM32MP135CAG3, STM32MP135DAE7, STM32MP135DAF7, STM32MP135DAG7, STM32MP135F-DK, STM32MP135FAE7, STM32MP135FAF7, STM32MP135FAG7, STM32U595ZJT6Q, STM32U599BJY6QTR, STM32U599NIH6Q, STM32U599NJH6Q, STM32U5A5ZJT6Q, STM32U5A9BJY6QTR, STM32U5A9NJH6Q, STM32WB1MMCH6]
2022-10-21 02:11:18,040 [INFO] BoardInfo:879 - No configuration file found for board P-NUCLEO-WB55
2022-10-21 02:11:18,040 [INFO] DbBoards:156 - Kit is not supported: P-NUCLEO-WB55
2022-10-21 02:11:18,044 [INFO] BoardInfo:879 - No configuration file found for board STEVAL-BFA001V1B
2022-10-21 02:11:18,044 [INFO] DbBoards:156 - Kit is not supported: STEVAL-BFA001V1B
2022-10-21 02:11:18,045 [INFO] BoardInfo:879 - No configuration file found for board STEVAL-BFA001V2B
2022-10-21 02:11:18,045 [INFO] DbBoards:156 - Kit is not supported: STEVAL-BFA001V2B
2022-10-21 02:11:18,145 [INFO] DbBoards:160 - Found 176 boards, 173 are supported
2022-10-21 02:11:18,152 [INFO] ApiDb:418 - Load user favorites file C:\Users\Zver/.stm32cubeide/favorites.boards.txt: 0 item(s)
2022-10-21 02:11:18,152 [INFO] ApiDb:422 - User favorites Boards=[]
2022-10-21 02:11:18,152 [INFO] DbBoards:189 - Set 0 / 0 favorites Boards
2022-10-21 02:11:30,440 [ERROR] LogOutputStream:74 - [STDERR_REDIRECT] SLF4J: Failed to load class "org.slf4j.impl.StaticLoggerBinder".
2022-10-21 02:11:30,441 [ERROR] LogOutputStream:74 - [STDERR_REDIRECT] SLF4J: Defaulting to no-operation (NOP) logger implementation
2022-10-21 02:11:30,442 [ERROR] LogOutputStream:74 - [STDERR_REDIRECT] SLF4J: See http://www.slf4j.org/codes.html#StaticLoggerBinder for further details.
2022-10-21 02:12:25,049 [INFO] MainUpdater:2768 - connection check result : 10
2022-10-21 02:12:25,050 [INFO] MainUpdater:2768 - connection check result : 10
2022-10-21 02:12:25,068 [INFO] MicroXplorer:451 - Change Database Path : 
2022-10-21 02:12:25,070 [INFO] MicroXplorer:481 - Change Database Version : DB.6.0.60
2022-10-21 02:12:25,071 [WARN] ThirdParty:827 - waiting for thirdparty lock release [close project]
2022-10-21 02:12:25,071 [INFO] ThirdParty:829 - entering critical section [close project]
2022-10-21 02:12:25,072 [INFO] ThirdParty:839 - exiting critical section [close project]
2022-10-21 02:12:25,077 [INFO] PinOutPanel:1468 - setPackage(No Configuration,No Configuration)
2022-10-21 02:12:25,083 [INFO] UtilMem:74 - Begin LoadConfig() Used Memory: 433026488 Bytes (585105408)
2022-10-21 02:12:25,085 [INFO] MicroXplorer:451 - Change Database Path : 
2022-10-21 02:12:25,085 [INFO] MicroXplorer:481 - Change Database Version : DB.6.0.60
2022-10-21 02:12:25,085 [INFO] OpenFileManager:307 - Change cursor
2022-10-21 02:12:25,166 [INFO] Mcu:1922 - Initializing MCU STM32F103C8Tx STM32F103C8Tx 
2022-10-21 02:12:25,167 [INFO] Mcu:1935 - No CPN specified => set CPN to STM32F103C8T6
2022-10-21 02:12:25,918 [INFO] Context:654 - Trying to add GPIOservice into a context  which must be forbidden
2022-10-21 02:12:26,163 [INFO] ImportTextPane:193 - (OptionalMessage_ERROR) Unable to find key (Mcu.ThirdPartyNb) in loaded IOC file
2022-10-21 02:12:26,165 [INFO] ImportTextPane:193 - (OptionalMessage_ERROR) Unable to find key (Mcu.PinsNb) in loaded IOC file
2022-10-21 02:12:26,165 [INFO] ImportTextPane:193 - (OptionalMessage_ERROR) Unable to find key (Mcu.IPNb) in loaded IOC file
2022-10-21 02:12:26,216 [WARN] ApiManager:308 - Cannot register API 'Board Extension:GNSS1A1' from pack STMicroelectronics.X-CUBE-GNSS1.6.0.0: no header file found
2022-10-21 02:12:26,216 [WARN] ApiManager:308 - Cannot register API 'Board Support:Custom' from pack STMicroelectronics.X-CUBE-GNSS1.6.0.0: no header file found
2022-10-21 02:12:26,216 [WARN] ApiManager:308 - Cannot register API 'Data Exchange:lib_gnss' from pack STMicroelectronics.X-CUBE-GNSS1.6.0.0: no header file found
2022-10-21 02:12:26,228 [WARN] ApiManager:308 - Cannot register API 'Wireless:BlueNRG-MS' from pack STMicroelectronics.X-CUBE-BLE1.6.2.3: no header file found
2022-10-21 02:12:26,230 [INFO] RtosManager:488 - Registered RTOS mode: class=CMSIS, group=RTOS, mode=CMSIS_V1, owner=FREERTOS
2022-10-21 02:12:26,230 [INFO] RtosManager:488 - Registered RTOS mode: class=CMSIS, group=RTOS2, mode=CMSIS_V2, owner=FREERTOS
2022-10-21 02:12:26,230 [INFO] RtosManager:488 - Registered RTOS mode: class=RTOS, group=Core, mode=CMSIS_V1, owner=FREERTOS
2022-10-21 02:12:26,230 [INFO] RtosManager:488 - Registered RTOS mode: class=RTOS, group=Core, mode=CMSIS_V2, owner=FREERTOS
2022-10-21 02:12:26,230 [WARN] ModelIntegratedComponent:185 - Missing modes for component STMicroelectronics:FreeRTOS:0.0.1:STMicroelectronics:RTOS:FreeRTOS:Core:::10.2.0:
2022-10-21 02:12:26,235 [WARN] ApiManager:308 - Cannot register API 'Board Extension:S2868A1' from pack STMicroelectronics.X-CUBE-SUBG2.5.0.0: no header file found
2022-10-21 02:12:26,236 [WARN] ApiManager:308 - Cannot register API 'Board Extension:S2868A2' from pack STMicroelectronics.X-CUBE-SUBG2.5.0.0: no header file found
2022-10-21 02:12:26,236 [WARN] ApiManager:308 - Cannot register API 'Board Extension:S2915A1' from pack STMicroelectronics.X-CUBE-SUBG2.5.0.0: no header file found
2022-10-21 02:12:26,240 [WARN] ApiManager:308 - Cannot register API 'Wireless:BlueNRG-MS' from pack STMicroelectronics.X-CUBE-BLE1.6.2.2: no header file found
2022-10-21 02:12:26,241 [WARN] ApiManager:308 - Cannot register API 'Board Extension:NFC04A1' from pack STMicroelectronics.X-CUBE-NFC4.2.0.4: no header file found
2022-10-21 02:12:26,242 [WARN] ApiManager:308 - Cannot register API 'Wireless:BlueNRG-2' from pack STMicroelectronics.X-CUBE-BLE2.3.2.2: no header file found
2022-10-21 02:12:26,242 [WARN] ApiManager:308 - Cannot register API 'Board Extension:NFC04A1' from pack STMicroelectronics.X-CUBE-NFC4.2.0.3: no header file found
2022-10-21 02:12:26,246 [WARN] ApiManager:308 - Cannot register API 'Board Extension:S2868A1' from pack STMicroelectronics.X-CUBE-SFXS2LP1.3.1.0: no header file found
2022-10-21 02:12:26,246 [WARN] ApiManager:308 - Cannot register API 'Board Extension:S2868A2' from pack STMicroelectronics.X-CUBE-SFXS2LP1.3.1.0: no header file found
2022-10-21 02:12:26,246 [WARN] ApiManager:308 - Cannot register API 'Board Extension:S2915A1' from pack STMicroelectronics.X-CUBE-SFXS2LP1.3.1.0: no header file found
2022-10-21 02:12:26,252 [WARN] ModelIntegratedComponent:64 - No mode defined for component null
2022-10-21 02:12:26,252 [WARN] ModelIntegratedComponent:64 - No mode defined for component null
2022-10-21 02:12:26,252 [WARN] ModelIntegratedComponent:64 - No mode defined for component null
2022-10-21 02:12:26,252 [WARN] ModelIntegratedComponent:64 - No mode defined for component null
2022-10-21 02:12:26,252 [WARN] ModelIntegratedComponent:64 - No mode defined for component null
2022-10-21 02:12:26,252 [WARN] ModelIntegratedComponent:64 - No mode defined for component null
2022-10-21 02:12:26,252 [WARN] ModelIntegratedComponent:64 - No mode defined for component null
2022-10-21 02:12:26,252 [WARN] ModelIntegratedComponent:64 - No mode defined for component null
2022-10-21 02:12:26,252 [WARN] ModelIntegratedComponent:64 - No mode defined for component null
2022-10-21 02:12:26,252 [WARN] ModelIntegratedComponent:64 - No mode defined for component null
2022-10-21 02:12:26,252 [WARN] ModelIntegratedComponent:64 - No mode defined for component null
2022-10-21 02:12:26,253 [WARN] ModelIntegratedComponent:64 - No mode defined for component null
2022-10-21 02:12:26,253 [WARN] ModelIntegratedComponent:64 - No mode defined for component null
2022-10-21 02:12:26,253 [WARN] ModelIntegratedComponent:64 - No mode defined for component null
2022-10-21 02:12:26,253 [WARN] ModelIntegratedComponent:64 - No mode defined for component null
2022-10-21 02:12:26,253 [WARN] ModelIntegratedComponent:64 - No mode defined for component null
2022-10-21 02:12:26,253 [WARN] ModelIntegratedComponent:64 - No mode defined for component null
2022-10-21 02:12:26,253 [WARN] ModelIntegratedComponent:64 - No mode defined for component null
2022-10-21 02:12:26,253 [WARN] ModelIntegratedComponent:64 - No mode defined for component null
2022-10-21 02:12:26,253 [WARN] ModelIntegratedComponent:64 - No mode defined for component null
2022-10-21 02:12:26,253 [WARN] ModelIntegratedComponent:64 - No mode defined for component null
2022-10-21 02:12:26,253 [WARN] ModelIntegratedComponent:64 - No mode defined for component null
2022-10-21 02:12:26,253 [WARN] ModelIntegratedComponent:64 - No mode defined for component null
2022-10-21 02:12:26,253 [WARN] ModelIntegratedComponent:64 - No mode defined for component null
2022-10-21 02:12:26,254 [WARN] ModelIntegratedComponent:64 - No mode defined for component null
2022-10-21 02:12:26,254 [WARN] ModelIntegratedComponent:64 - No mode defined for component null
2022-10-21 02:12:26,254 [WARN] ModelIntegratedComponent:64 - No mode defined for component null
2022-10-21 02:12:26,254 [WARN] ModelIntegratedComponent:64 - No mode defined for component null
2022-10-21 02:12:26,254 [WARN] ModelIntegratedComponent:64 - No mode defined for component null
2022-10-21 02:12:26,254 [WARN] ModelIntegratedComponent:64 - No mode defined for component null
2022-10-21 02:12:26,254 [WARN] ModelIntegratedComponent:64 - No mode defined for component null
2022-10-21 02:12:26,254 [WARN] ModelIntegratedComponent:64 - No mode defined for component null
2022-10-21 02:12:26,254 [WARN] ModelIntegratedComponent:64 - No mode defined for component null
2022-10-21 02:12:26,256 [WARN] ApiManager:308 - Cannot register API 'Board Extension:NFC07A1' from pack STMicroelectronics.X-CUBE-NFC7.1.0.0: no header file found
2022-10-21 02:12:26,259 [WARN] ApiManager:308 - Cannot register API 'Board Extension:S2868A1' from pack STMicroelectronics.X-CUBE-SUBG2.4.2.0: no header file found
2022-10-21 02:12:26,260 [WARN] ApiManager:308 - Cannot register API 'Board Extension:S2868A2' from pack STMicroelectronics.X-CUBE-SUBG2.4.2.0: no header file found
2022-10-21 02:12:26,260 [WARN] ApiManager:308 - Cannot register API 'Board Extension:S2915A1' from pack STMicroelectronics.X-CUBE-SUBG2.4.2.0: no header file found
2022-10-21 02:12:26,352 [WARN] ApiManager:308 - Cannot register API 'Board Extension:IKS01A3' from pack STMicroelectronics.X-CUBE-MEMS1.9.1.0: no header file found
2022-10-21 02:12:26,352 [WARN] ApiManager:308 - Cannot register API 'Board Extension:IKS01A2' from pack STMicroelectronics.X-CUBE-MEMS1.9.1.0: no header file found
2022-10-21 02:12:26,352 [WARN] ApiManager:308 - Cannot register API 'Board Extension:IKS02A1' from pack STMicroelectronics.X-CUBE-MEMS1.9.1.0: no header file found
2022-10-21 02:12:26,404 [WARN] ApiManager:308 - Cannot register API 'Board Extension:IKS01A3' from pack STMicroelectronics.X-CUBE-MEMS1.9.3.0: no header file found
2022-10-21 02:12:26,404 [WARN] ApiManager:308 - Cannot register API 'Board Extension:IKS01A2' from pack STMicroelectronics.X-CUBE-MEMS1.9.3.0: no header file found
2022-10-21 02:12:26,404 [WARN] ApiManager:308 - Cannot register API 'Board Extension:IKS02A1' from pack STMicroelectronics.X-CUBE-MEMS1.9.3.0: no header file found
2022-10-21 02:12:26,409 [WARN] ApiManager:308 - Cannot register API 'Board Extension:EEPRMA1' from pack STMicroelectronics.X-CUBE-EEPRMA1.3.1.1: no header file found
2022-10-21 02:12:26,409 [WARN] ApiManager:308 - Cannot register API 'Board Extension:EEPRMA2' from pack STMicroelectronics.X-CUBE-EEPRMA1.3.1.1: no header file found
2022-10-21 02:12:26,410 [WARN] ApiManager:308 - Cannot register API 'Board Extension:GNSS1A1' from pack STMicroelectronics.X-CUBE-GNSS1.5.2.0: no header file found
2022-10-21 02:12:26,410 [WARN] ApiManager:308 - Cannot register API 'Board Support:Custom' from pack STMicroelectronics.X-CUBE-GNSS1.5.2.0: no header file found
2022-10-21 02:12:26,410 [WARN] ApiManager:308 - Cannot register API 'Data Exchange:lib_gnss' from pack STMicroelectronics.X-CUBE-GNSS1.5.2.0: no header file found
2022-10-21 02:12:26,411 [WARN] ApiManager:308 - Cannot register API 'Board Extension:S2868A1' from pack STMicroelectronics.X-CUBE-SFXS2LP1.4.0.0: no header file found
2022-10-21 02:12:26,411 [WARN] ApiManager:308 - Cannot register API 'Board Extension:S2868A2' from pack STMicroelectronics.X-CUBE-SFXS2LP1.4.0.0: no header file found
2022-10-21 02:12:26,411 [WARN] ApiManager:308 - Cannot register API 'Board Extension:S2915A1' from pack STMicroelectronics.X-CUBE-SFXS2LP1.4.0.0: no header file found
2022-10-21 02:12:26,411 [WARN] ApiManager:308 - Cannot register API 'Wireless:BlueNRG-2' from pack STMicroelectronics.X-CUBE-BLE2.3.3.0: no header file found
2022-10-21 02:12:26,420 [INFO] ThirdPartyModel:289 - Start build external matchings
2022-10-21 02:12:27,027 [INFO] ThirdPartyModel:302 - End build external matchings
2022-10-21 02:12:27,191 [INFO] UtilMem:74 - End LoadConfig() Used Memory: 489315776 Bytes (585105408)
2022-10-21 02:12:27,210 [WARN] ThirdParty:789 - waiting for thirdparty lock release [change project]
2022-10-21 02:12:27,211 [INFO] ThirdParty:791 - entering critical section [change project]
2022-10-21 02:12:27,211 [INFO] ThirdParty:981 - CMSIS Pack Vendor :wolfSSL I-CUBE-wolfSSL 5.2.0
2022-10-21 02:12:27,211 [INFO] ThirdParty:981 - CMSIS Pack Vendor :RoweBots I-CUBE-UNISONRTOS 5.5.0-4
2022-10-21 02:12:27,211 [INFO] ThirdParty:981 - CMSIS Pack Vendor :STMicroelectronics X-CUBE-GNSS1 6.0.0
2022-10-21 02:12:27,211 [INFO] ThirdParty:981 - CMSIS Pack Vendor :STMicroelectronics X-CUBE-AZRTOS-H7 2.1.0
2022-10-21 02:12:27,211 [INFO] ThirdParty:981 - CMSIS Pack Vendor :STMicroelectronics USB_HOST 2.0.0
2022-10-21 02:12:27,211 [INFO] ThirdParty:981 - CMSIS Pack Vendor :STMicroelectronics X-CUBE-AZRTOS-F4 1.1.0
2022-10-21 02:12:27,211 [INFO] ThirdParty:981 - CMSIS Pack Vendor :STMicroelectronics LIBJPEG 8.0.0
2022-10-21 02:12:27,211 [INFO] ThirdParty:981 - CMSIS Pack Vendor :STMicroelectronics USB_DEVICE 3.0.0
2022-10-21 02:12:27,212 [INFO] ThirdParty:981 - CMSIS Pack Vendor :STMicroelectronics X-CUBE-BLEMGR 1.0.0
2022-10-21 02:12:27,212 [INFO] ThirdParty:981 - CMSIS Pack Vendor :STMicroelectronics X-CUBE-BLEMGR 1.2.0
2022-10-21 02:12:27,212 [INFO] ThirdParty:981 - CMSIS Pack Vendor :STMicroelectronics X-CUBE-AZRTOS-F7 1.1.0
2022-10-21 02:12:27,212 [INFO] ThirdParty:981 - CMSIS Pack Vendor :STMicroelectronics USB_DEVICE 2.0.0
2022-10-21 02:12:27,212 [INFO] ThirdParty:981 - CMSIS Pack Vendor :STMicroelectronics X-CUBE-AI 7.1.0
2022-10-21 02:12:27,212 [INFO] ThirdParty:981 - CMSIS Pack Vendor :STMicroelectronics X-CUBE-BLE1 6.2.3
2022-10-21 02:12:27,212 [INFO] ThirdParty:981 - CMSIS Pack Vendor :STMicroelectronics X-CUBE-ALGOBUILD 1.3.0
2022-10-21 02:12:27,212 [INFO] ThirdParty:981 - CMSIS Pack Vendor :STMicroelectronics FreeRTOS 0.0.1
2022-10-21 02:12:27,212 [INFO] ThirdParty:981 - CMSIS Pack Vendor :STMicroelectronics X-CUBE-AZRTOS-G0 1.1.0
2022-10-21 02:12:27,212 [INFO] ThirdParty:981 - CMSIS Pack Vendor :STMicroelectronics X-CUBE-SUBG2 5.0.0
2022-10-21 02:12:27,212 [INFO] ThirdParty:981 - CMSIS Pack Vendor :SEGGER I-CUBE-embOS 1.2.0
2022-10-21 02:12:27,212 [INFO] ThirdParty:981 - CMSIS Pack Vendor :STMicroelectronics STM32_WPAN 1.0.0
2022-10-21 02:12:27,212 [INFO] ThirdParty:981 - CMSIS Pack Vendor :STMicroelectronics lwIP 2.0.3
2022-10-21 02:12:27,212 [INFO] ThirdParty:981 - CMSIS Pack Vendor :STMicroelectronics X-CUBE-BLE1 6.2.2
2022-10-21 02:12:27,212 [INFO] ThirdParty:981 - CMSIS Pack Vendor :STMicroelectronics X-CUBE-NFC4 2.0.4
2022-10-21 02:12:27,212 [INFO] ThirdParty:981 - CMSIS Pack Vendor :STMicroelectronics X-CUBE-BLE2 3.2.2
2022-10-21 02:12:27,212 [INFO] ThirdParty:981 - CMSIS Pack Vendor :STMicroelectronics USB_HOST 1.0.0
2022-10-21 02:12:27,213 [INFO] ThirdParty:981 - CMSIS Pack Vendor :STMicroelectronics X-CUBE-NFC4 2.0.3
2022-10-21 02:12:27,213 [INFO] ThirdParty:981 - CMSIS Pack Vendor :STMicroelectronics PDM2PCM 3.1.0
2022-10-21 02:12:27,213 [INFO] ThirdParty:981 - CMSIS Pack Vendor :STMicroelectronics FP-ATR-ASTRA1 1.1.1
2022-10-21 02:12:27,213 [INFO] ThirdParty:981 - CMSIS Pack Vendor :STMicroelectronics PDM2PCM 3.3.0
2022-10-21 02:12:27,213 [INFO] ThirdParty:981 - CMSIS Pack Vendor :STMicroelectronics X-CUBE-TOF1 3.1.0
2022-10-21 02:12:27,213 [INFO] ThirdParty:981 - CMSIS Pack Vendor :STMicroelectronics X-CUBE-SFXS2LP1 3.1.0
2022-10-21 02:12:27,213 [INFO] ThirdParty:981 - CMSIS Pack Vendor :STMicroelectronics X-CUBE-AZRTOS-F4 1.0.0
2022-10-21 02:12:27,213 [INFO] ThirdParty:981 - CMSIS Pack Vendor :STMicroelectronics X-CUBE-AZRTOS-H7 2.0.0
2022-10-21 02:12:27,213 [INFO] ThirdParty:981 - CMSIS Pack Vendor :STMicroelectronics X-CUBE-AZRTOS-G4 1.0.0
2022-10-21 02:12:27,213 [INFO] ThirdParty:981 - CMSIS Pack Vendor :STMicroelectronics FP-ATR-SIGFOX1 3.2.0
2022-10-21 02:12:27,213 [INFO] ThirdParty:981 - CMSIS Pack Vendor :STMicroelectronics X-CUBE-AZRTOS-L4 1.0.0
2022-10-21 02:12:27,213 [INFO] ThirdParty:981 - CMSIS Pack Vendor :STMicroelectronics HAL Drivers 0.0.0
2022-10-21 02:12:27,214 [INFO] ThirdParty:981 - CMSIS Pack Vendor :STMicroelectronics MBEDTLS 2.16.2
2022-10-21 02:12:27,214 [INFO] ThirdParty:981 - CMSIS Pack Vendor :emotas I-CUBE-CANOPEN 1.1.2
2022-10-21 02:12:27,214 [INFO] ThirdParty:981 - CMSIS Pack Vendor :STMicroelectronics X-CUBE-TOUCHGFX 4.20.0
2022-10-21 02:12:27,214 [INFO] ThirdParty:981 - CMSIS Pack Vendor :STMicroelectronics MBEDTLS 2.14.1
2022-10-21 02:12:27,214 [INFO] ThirdParty:981 - CMSIS Pack Vendor :STMicroelectronics X-CUBE-NFC7 1.0.0
2022-10-21 02:12:27,214 [INFO] ThirdParty:981 - CMSIS Pack Vendor :STMicroelectronics X-CUBE-AZRTOS-F7 1.0.0
2022-10-21 02:12:27,214 [INFO] ThirdParty:981 - CMSIS Pack Vendor :STMicroelectronics X-CUBE-AZRTOS-WL 1.0.0
2022-10-21 02:12:27,214 [INFO] ThirdParty:981 - CMSIS Pack Vendor :STMicroelectronics X-CUBE-SUBG2 4.2.0
2022-10-21 02:12:27,214 [INFO] ThirdParty:981 - CMSIS Pack Vendor :STMicroelectronics X-CUBE-MEMS1 9.1.0
2022-10-21 02:12:27,214 [INFO] ThirdParty:981 - CMSIS Pack Vendor :STMicroelectronics X-CUBE-MEMS1 9.3.0
2022-10-21 02:12:27,214 [INFO] ThirdParty:981 - CMSIS Pack Vendor :portGmbH I-Cube-SoM-uGOAL 1.1.0
2022-10-21 02:12:27,214 [INFO] ThirdParty:981 - CMSIS Pack Vendor :STMicroelectronics X-CUBE-ALS 1.0.1
2022-10-21 02:12:27,215 [INFO] ThirdParty:981 - CMSIS Pack Vendor :STMicroelectronics X-CUBE-AI 7.2.0
2022-10-21 02:12:27,215 [INFO] ThirdParty:981 - CMSIS Pack Vendor :STMicroelectronics ThreadX 1.0.0
2022-10-21 02:12:27,215 [INFO] ThirdParty:981 - CMSIS Pack Vendor :STMicroelectronics X-CUBE-AZRTOS-L5 1.0.0
2022-10-21 02:12:27,215 [INFO] ThirdParty:981 - CMSIS Pack Vendor :STMicroelectronics USB_DEVICE 1.0.0
2022-10-21 02:12:27,215 [INFO] ThirdParty:981 - CMSIS Pack Vendor :STMicroelectronics X-CUBE-AZRTOS-G0 1.0.0
2022-10-21 02:12:27,215 [INFO] ThirdParty:981 - CMSIS Pack Vendor :STMicroelectronics X-CUBE-EEPRMA1 3.1.1
2022-10-21 02:12:27,215 [INFO] ThirdParty:981 - CMSIS Pack Vendor :STMicroelectronics X-CUBE-GNSS1 5.2.0
2022-10-21 02:12:27,215 [INFO] ThirdParty:981 - CMSIS Pack Vendor :STMicroelectronics ThreadX 0.0.2
2022-10-21 02:12:27,216 [INFO] ThirdParty:981 - CMSIS Pack Vendor :STMicroelectronics lwIP 2.1.2
2022-10-21 02:12:27,216 [INFO] ThirdParty:981 - CMSIS Pack Vendor :STMicroelectronics X-CUBE-SFXS2LP1 4.0.0
2022-10-21 02:12:27,216 [INFO] ThirdParty:981 - CMSIS Pack Vendor :STMicroelectronics X-CUBE-BLE2 3.3.0
2022-10-21 02:12:27,216 [INFO] ThirdParty:981 - CMSIS Pack Vendor :STMicroelectronics X-CUBE-DISPLAY 2.0.1
2022-10-21 02:12:27,216 [INFO] ThirdParty:981 - CMSIS Pack Vendor :STMicroelectronics X-CUBE-DISPLAY 2.2.0
2022-10-21 02:12:27,217 [INFO] ThirdParty:981 - CMSIS Pack Vendor :STMicroelectronics PDM2PCM 3.2.0
2022-10-21 02:12:27,217 [INFO] ThirdParty:981 - CMSIS Pack Vendor :STMicroelectronics X-CUBE-TOUCHGFX 4.18.1
2022-10-21 02:12:27,217 [INFO] ThirdParty:981 - CMSIS Pack Vendor :STMicroelectronics X-CUBE-TOF1 3.0.0
2022-10-21 02:12:27,217 [INFO] ThirdParty:981 - CMSIS Pack Vendor :STMicroelectronics X-CUBE-ISPU 1.0.0
2022-10-21 02:12:27,217 [INFO] ThirdParty:797 - exiting critical section [change project]
2022-10-21 02:12:27,454 [INFO] PinOutPanel:1468 - setPackage(No Configuration,No Configuration)
2022-10-21 02:12:27,455 [INFO] PinOutPanel:1468 - setPackage(STM32F103C8Tx,LQFP48)
2022-10-21 02:12:27,893 [INFO] UtilMem:74 - Before build in PCC Used Memory: 452359320 Bytes (585105408)
2022-10-21 02:12:28,706 [INFO] UtilMem:74 - After build in PCC Used Memory: 478129240 Bytes (585105408)
2022-10-21 02:12:28,727 [INFO] IPUIPlugin:79 - create IPUIPlugin
2022-10-21 02:12:28,727 [INFO] IPUIPlugin:79 - create IPUIPlugin
2022-10-21 02:12:28,727 [INFO] IPUIPlugin:79 - create IPUIPlugin
2022-10-21 02:12:28,728 [INFO] IPUIPlugin:79 - create IPUIPlugin
2022-10-21 02:12:28,728 [INFO] IPUIPlugin:79 - create IPUIPlugin
2022-10-21 02:12:28,728 [INFO] IPUIPlugin:79 - create IPUIPlugin
2022-10-21 02:12:28,728 [INFO] IPUIPlugin:79 - create IPUIPlugin
2022-10-21 02:12:28,728 [INFO] IPUIPlugin:79 - create IPUIPlugin
2022-10-21 02:12:28,728 [INFO] IPUIPlugin:79 - create IPUIPlugin
2022-10-21 02:12:28,728 [INFO] IPUIPlugin:79 - create IPUIPlugin
2022-10-21 02:12:28,728 [INFO] IPUIPlugin:79 - create IPUIPlugin
2022-10-21 02:12:28,729 [INFO] IPUIPlugin:79 - create IPUIPlugin
2022-10-21 02:12:28,729 [INFO] IPUIPlugin:79 - create IPUIPlugin
2022-10-21 02:12:28,729 [INFO] IPUIPlugin:79 - create IPUIPlugin
2022-10-21 02:12:28,729 [INFO] IPUIPlugin:79 - create IPUIPlugin
2022-10-21 02:12:28,729 [INFO] IPUIPlugin:79 - create IPUIPlugin
2022-10-21 02:12:28,730 [INFO] IPUIPlugin:79 - create IPUIPlugin
2022-10-21 02:12:28,730 [INFO] IPUIPlugin:79 - create IPUIPlugin
2022-10-21 02:12:28,730 [INFO] IPUIPlugin:79 - create IPUIPlugin
2022-10-21 02:12:28,730 [INFO] IPUIPlugin:79 - create IPUIPlugin
2022-10-21 02:12:28,730 [INFO] IPUIPlugin:79 - create IPUIPlugin
2022-10-21 02:12:28,731 [INFO] IPUIPlugin:79 - create IPUIPlugin
2022-10-21 02:12:28,731 [INFO] IPUIPlugin:79 - create IPUIPlugin
2022-10-21 02:12:28,731 [INFO] IPUIPlugin:79 - create IPUIPlugin
2022-10-21 02:12:28,732 [INFO] IPUIPlugin:79 - create IPUIPlugin
2022-10-21 02:12:28,732 [INFO] IPUIPlugin:79 - create IPUIPlugin
2022-10-21 02:12:28,732 [INFO] IPUIPlugin:79 - create IPUIPlugin
2022-10-21 02:12:28,987 [INFO] OpenFileManager:327 - Restore cursor
2022-10-21 02:12:29,447 [INFO] UtilMem:74 - End SaveConfig() Used Memory: 488939424 Bytes (585105408)
2022-10-21 02:12:29,558 [INFO] UtilMem:74 - End SaveConfig() Used Memory: 499951520 Bytes (585105408)
2022-10-21 02:12:29,991 [INFO] BlockDiagram:2753 - set Specific Code input for plugin: NVIC
2022-10-21 02:12:29,991 [INFO] BlockDiagram:2753 - set Specific Code input for plugin: RCC
2022-10-21 02:12:29,992 [INFO] CodeGenerator:690 - code generatio: config db path: C:\ST\STM32CubeIDE_1.9.0\STM32CubeIDE\plugins\com.st.stm32cube.common.mx_6.6.1.202207061420\\db\
2022-10-21 02:12:30,446 [INFO] CodeEngine:245 - oldGeneratedFile, D:\github\mc\stm32\ADC\ADC\MXTmpFiles\license.tmp_save
2022-10-21 02:12:31,052 [INFO] CodeEngine:269 - Generated code: D:\github\mc\stm32\ADC\ADC\MXTmpFiles\license.tmp
2022-10-21 02:12:31,112 [INFO] CodeEngine:245 - oldGeneratedFile, D:\github\mc\stm32\ADC\ADC\Core\Src\stm32f1xx_it.c_save
2022-10-21 02:12:31,284 [INFO] CodeEngine:269 - Generated code: D:\github\mc\stm32\ADC\ADC\Core\Src\stm32f1xx_it.c
2022-10-21 02:12:31,292 [INFO] CodeEngine:245 - oldGeneratedFile, D:\github\mc\stm32\ADC\ADC\Core\Inc\stm32f1xx_it.h_save
2022-10-21 02:12:31,401 [INFO] CodeEngine:269 - Generated code: D:\github\mc\stm32\ADC\ADC\Core\Inc\stm32f1xx_it.h
2022-10-21 02:12:31,477 [INFO] CodeEngine:245 - oldGeneratedFile, D:\github\mc\stm32\ADC\ADC\Core\Src\stm32f1xx_hal_msp.c_save
2022-10-21 02:12:31,678 [INFO] CodeEngine:269 - Generated code: D:\github\mc\stm32\ADC\ADC\Core\Src\stm32f1xx_hal_msp.c
2022-10-21 02:12:31,689 [INFO] CodeEngine:245 - oldGeneratedFile, D:\github\mc\stm32\ADC\ADC\MXTmpFiles\system.tmp_save
2022-10-21 02:12:31,921 [INFO] CodeEngine:269 - Generated code: D:\github\mc\stm32\ADC\ADC\MXTmpFiles\system.tmp
2022-10-21 02:12:31,930 [INFO] CodeEngine:245 - oldGeneratedFile, D:\github\mc\stm32\ADC\ADC\Core\Inc\stm32f1xx_hal_conf.h_save
2022-10-21 02:12:32,260 [INFO] CodeEngine:269 - Generated code: D:\github\mc\stm32\ADC\ADC\Core\Inc\stm32f1xx_hal_conf.h
2022-10-21 02:12:32,318 [INFO] CodeEngine:245 - oldGeneratedFile, D:\github\mc\stm32\ADC\ADC\Core\Inc\main.h_save
2022-10-21 02:12:32,420 [INFO] CodeEngine:269 - Generated code: D:\github\mc\stm32\ADC\ADC\Core\Inc\main.h
2022-10-21 02:12:32,428 [INFO] CodeEngine:245 - oldGeneratedFile, D:\github\mc\stm32\ADC\ADC\Core\Src\main.c_save
2022-10-21 02:12:32,647 [INFO] CodeEngine:269 - Generated code: D:\github\mc\stm32\ADC\ADC\Core\Src\main.c
2022-10-21 02:12:33,689 [INFO] ProjectBuilder:2919 - Time for Copy HAL[1] : 413mS.
2022-10-21 02:12:33,699 [INFO] ProjectBuilder:4117 - Project Generator version: 3.17.1
2022-10-21 02:12:34,071 [INFO] ConfigFileManager:1394 - The Die is : DIE410
2022-10-21 02:12:34,088 [INFO] ApiDbMcu:505 - Load IP Config File for FATFS
2022-10-21 02:12:34,121 [INFO] ApiDbMcu:505 - Load IP Config File for FREERTOS
2022-10-21 02:12:34,148 [INFO] ApiDbMcu:505 - Load IP Config File for USB_DEVICE
2022-10-21 02:12:38,140 [INFO] ProjectBuilder:4285 - Time for Generating toolchain IDE Files: 4440mS.
2022-10-21 02:12:38,140 [INFO] ProjectBuilder:2790 - Time for Copy CMSIS : 0mS.
2022-10-21 02:12:38,141 [INFO] ProjectBuilder:2790 - Time for Copy CMSIS : 0mS.
2022-10-21 02:12:39,277 [INFO] McuFinderGlobals:57 - Set McuFinderConnectedMode to true
2022-10-21 02:12:39,279 [INFO] ApiDb:443 - Save user favorites file C:\Users\Zver/.stm32cubeide/favorites.mcus.txt: 0 item(s)
2022-10-21 02:12:39,279 [INFO] ApiDb:447 - User favorites MCUs=[]
2022-10-21 02:13:17,615 [INFO] ADCParametersView:113 -                Rank 1 : false
2022-10-21 02:13:17,695 [INFO] ADCParametersView:113 -                Rank 1 : false
2022-10-21 02:13:17,696 [INFO] ADCParametersView:113 -                Rank 1 : false
2022-10-21 02:13:17,696 [INFO] ADCParametersView:113 -                Rank 1 : false
2022-10-21 02:13:17,696 [INFO] ADCParametersView:113 -                Rank 1 : false
2022-10-21 02:13:17,696 [INFO] ADCParametersView:113 -                Rank 1 : false
2022-10-21 02:13:17,696 [INFO] ADCParametersView:113 -                Rank 1 : false
2022-10-21 02:13:17,696 [INFO] ADCParametersView:113 -                Rank 1 : false
2022-10-21 02:13:17,697 [INFO] ADCParametersView:113 -                Rank 1 : false
2022-10-21 02:13:17,697 [INFO] ADCParametersView:113 -                Rank 1 : false
2022-10-21 02:13:17,697 [INFO] ADCParametersView:113 -                Rank 1 : false
2022-10-21 02:13:17,703 [INFO] ADCParametersView:113 -                Rank 1 : false
2022-10-21 02:13:17,759 [INFO] NvicIntPanel:100 - NVIC parent = com.st.microxplorer.plugins.ip.nvic.MultiNvicIntPanel[,0,0,0x0,invalid,layout=javax.swing.BoxLayout,alignmentX=0.0,alignmentY=0.0,border=,flags=9,maximumSize=,minimumSize=,preferredSize=]
2022-10-21 02:13:17,808 [INFO] NvicIntPanel:100 - NVIC parent = com.st.microxplorer.plugins.ip.nvic.MultiNvicIntPanel[,0,0,0x0,invalid,layout=javax.swing.BoxLayout,alignmentX=0.0,alignmentY=0.0,border=,flags=9,maximumSize=,minimumSize=,preferredSize=]
2022-10-21 02:13:17,860 [INFO] NvicIntPanel:100 - NVIC parent = com.st.microxplorer.plugins.ip.nvic.MultiNvicIntPanel[,0,0,0x0,invalid,layout=javax.swing.BoxLayout,alignmentX=0.0,alignmentY=0.0,border=,flags=9,maximumSize=,minimumSize=,preferredSize=]
2022-10-21 02:13:17,916 [INFO] ADCParametersView:113 -                Rank 1 : false
2022-10-21 02:13:17,917 [INFO] ADCParametersView:113 -                Rank 1 : false
2022-10-21 02:13:17,917 [INFO] ADCParametersView:113 -                Rank 1 : false
2022-10-21 02:13:17,917 [INFO] ADCParametersView:113 -                Rank 1 : false
2022-10-21 02:13:17,917 [INFO] ADCParametersView:113 -                Rank 1 : false
2022-10-21 02:13:17,917 [INFO] ADCParametersView:113 -                Rank 1 : false
2022-10-21 02:13:17,918 [INFO] ADCParametersView:113 -                Rank 1 : false
2022-10-21 02:13:17,918 [INFO] ADCParametersView:113 -                Rank 1 : false
2022-10-21 02:13:17,918 [INFO] ADCParametersView:113 -                Rank 1 : false
2022-10-21 02:13:17,918 [INFO] ADCParametersView:113 -                Rank 1 : false
2022-10-21 02:13:17,923 [INFO] ADCParametersView:113 -                Rank 1 : false
2022-10-21 02:13:17,937 [INFO] ADCParametersView:113 -                Rank 1 : false
2022-10-21 02:13:17,937 [INFO] ADCParametersView:113 -                Rank 1 : false
2022-10-21 02:13:17,938 [INFO] ADCParametersView:113 -                Rank 1 : false
2022-10-21 02:13:17,938 [INFO] ADCParametersView:113 -                Rank 1 : false
2022-10-21 02:13:17,938 [INFO] ADCParametersView:113 -                Rank 1 : false
2022-10-21 02:13:17,938 [INFO] ADCParametersView:113 -                Rank 1 : false
2022-10-21 02:13:17,938 [INFO] ADCParametersView:113 -                Rank 1 : false
2022-10-21 02:13:17,938 [INFO] ADCParametersView:113 -                Rank 1 : false
2022-10-21 02:13:17,939 [INFO] ADCParametersView:113 -                Rank 1 : false
2022-10-21 02:13:17,939 [INFO] ADCParametersView:113 -                Rank 1 : false
2022-10-21 02:13:17,943 [INFO] ADCParametersView:113 -                Rank 1 : false
2022-10-21 02:13:18,560 [INFO] ADCParametersView:113 -                Rank 1 : false
2022-10-21 02:13:18,561 [INFO] ADCParametersView:113 -                Rank 1 : false
2022-10-21 02:13:18,561 [INFO] ADCParametersView:113 -                Rank 1 : false
2022-10-21 02:13:18,561 [INFO] ADCParametersView:113 -                Rank 1 : false
2022-10-21 02:13:18,561 [INFO] ADCParametersView:113 -                Rank 1 : false
2022-10-21 02:13:18,562 [INFO] ADCParametersView:113 -                Rank 1 : false
2022-10-21 02:13:18,562 [INFO] ADCParametersView:113 -                Rank 1 : false
2022-10-21 02:13:18,562 [INFO] ADCParametersView:113 -                Rank 1 : false
2022-10-21 02:13:18,562 [INFO] ADCParametersView:113 -                Rank 1 : false
2022-10-21 02:13:18,562 [INFO] ADCParametersView:113 -                Rank 1 : false
2022-10-21 02:13:18,569 [INFO] ADCParametersView:113 -                Rank 1 : false
2022-10-21 02:13:18,590 [INFO] ADCParametersView:113 -                Rank 1 : false
2022-10-21 02:13:18,591 [INFO] ADCParametersView:113 -                Rank 1 : false
2022-10-21 02:13:18,591 [INFO] ADCParametersView:113 -                Rank 1 : false
2022-10-21 02:13:18,591 [INFO] ADCParametersView:113 -                Rank 1 : false
2022-10-21 02:13:18,591 [INFO] ADCParametersView:113 -                Rank 1 : false
2022-10-21 02:13:18,592 [INFO] ADCParametersView:113 -                Rank 1 : false
2022-10-21 02:13:18,592 [INFO] ADCParametersView:113 -                Rank 1 : false
2022-10-21 02:13:18,592 [INFO] ADCParametersView:113 -                Rank 1 : false
2022-10-21 02:13:18,592 [INFO] ADCParametersView:113 -                Rank 1 : false
2022-10-21 02:13:18,593 [INFO] ADCParametersView:113 -                Rank 1 : false
2022-10-21 02:13:18,600 [INFO] ADCParametersView:113 -                Rank 1 : false
2022-10-21 02:13:18,625 [INFO] ADCParametersView:113 -                Rank 1 : false
2022-10-21 02:13:18,626 [INFO] ADCParametersView:113 -                Rank 1 : false
2022-10-21 02:13:18,626 [INFO] ADCParametersView:113 -                Rank 1 : false
2022-10-21 02:13:18,626 [INFO] ADCParametersView:113 -                Rank 1 : false
2022-10-21 02:13:18,626 [INFO] ADCParametersView:113 -                Rank 1 : false
2022-10-21 02:13:18,626 [INFO] ADCParametersView:113 -                Rank 1 : false
2022-10-21 02:13:18,627 [INFO] ADCParametersView:113 -                Rank 1 : false
2022-10-21 02:13:18,627 [INFO] ADCParametersView:113 -                Rank 1 : false
2022-10-21 02:13:18,627 [INFO] ADCParametersView:113 -                Rank 1 : false
2022-10-21 02:13:18,627 [INFO] ADCParametersView:113 -                Rank 1 : false
2022-10-21 02:13:18,632 [INFO] ADCParametersView:113 -                Rank 1 : false
2022-10-21 02:13:18,646 [INFO] ADCParametersView:113 -                Rank 1 : false
2022-10-21 02:13:18,647 [INFO] ADCParametersView:113 -                Rank 1 : false
2022-10-21 02:13:18,647 [INFO] ADCParametersView:113 -                Rank 1 : false
2022-10-21 02:13:18,647 [INFO] ADCParametersView:113 -                Rank 1 : false
2022-10-21 02:13:18,647 [INFO] ADCParametersView:113 -                Rank 1 : false
2022-10-21 02:13:18,648 [INFO] ADCParametersView:113 -                Rank 1 : false
2022-10-21 02:13:18,648 [INFO] ADCParametersView:113 -                Rank 1 : false
2022-10-21 02:13:18,648 [INFO] ADCParametersView:113 -                Rank 1 : false
2022-10-21 02:13:18,648 [INFO] ADCParametersView:113 -                Rank 1 : false
2022-10-21 02:13:18,648 [INFO] ADCParametersView:113 -                Rank 1 : false
2022-10-21 02:13:18,653 [INFO] ADCParametersView:113 -                Rank 1 : false
2022-10-21 02:13:18,711 [INFO] ADCParametersView:113 -                Rank 1 : false
2022-10-21 02:13:18,712 [INFO] ADCParametersView:113 -                Rank 1 : false
2022-10-21 02:13:18,712 [INFO] ADCParametersView:113 -                Rank 1 : false
2022-10-21 02:13:18,712 [INFO] ADCParametersView:113 -                Rank 1 : false
2022-10-21 02:13:18,712 [INFO] ADCParametersView:113 -                Rank 1 : false
2022-10-21 02:13:18,712 [INFO] ADCParametersView:113 -                Rank 1 : false
2022-10-21 02:13:18,712 [INFO] ADCParametersView:113 -                Rank 1 : false
2022-10-21 02:13:18,712 [INFO] ADCParametersView:113 -                Rank 1 : false
2022-10-21 02:13:18,712 [INFO] ADCParametersView:113 -                Rank 1 : false
2022-10-21 02:13:18,712 [INFO] ADCParametersView:113 -                Rank 1 : false
2022-10-21 02:13:18,716 [INFO] ADCParametersView:113 -                Rank 1 : false
2022-10-21 02:13:18,731 [INFO] ADCParametersView:113 -                Rank 1 : false
2022-10-21 02:13:18,731 [INFO] ADCParametersView:113 -                Rank 1 : false
2022-10-21 02:13:18,731 [INFO] ADCParametersView:113 -                Rank 1 : false
2022-10-21 02:13:18,731 [INFO] ADCParametersView:113 -                Rank 1 : false
2022-10-21 02:13:18,731 [INFO] ADCParametersView:113 -                Rank 1 : false
2022-10-21 02:13:18,731 [INFO] ADCParametersView:113 -                Rank 1 : false
2022-10-21 02:13:18,731 [INFO] ADCParametersView:113 -                Rank 1 : false
2022-10-21 02:13:18,732 [INFO] ADCParametersView:113 -                Rank 1 : false
2022-10-21 02:13:18,732 [INFO] ADCParametersView:113 -                Rank 1 : false
2022-10-21 02:13:18,732 [INFO] ADCParametersView:113 -                Rank 1 : false
2022-10-21 02:13:18,736 [INFO] ADCParametersView:113 -                Rank 1 : false
2022-10-21 02:13:19,354 [INFO] ADCParametersView:113 -                Rank 1 : false
2022-10-21 02:13:19,355 [INFO] ADCParametersView:113 -                Rank 1 : false
2022-10-21 02:13:19,355 [INFO] ADCParametersView:113 -                Rank 1 : false
2022-10-21 02:13:19,355 [INFO] ADCParametersView:113 -                Rank 1 : false
2022-10-21 02:13:19,355 [INFO] ADCParametersView:113 -                Rank 1 : false
2022-10-21 02:13:19,355 [INFO] ADCParametersView:113 -                Rank 1 : false
2022-10-21 02:13:19,355 [INFO] ADCParametersView:113 -                Rank 1 : false
2022-10-21 02:13:19,355 [INFO] ADCParametersView:113 -                Rank 1 : false
2022-10-21 02:13:19,356 [INFO] ADCParametersView:113 -                Rank 1 : false
2022-10-21 02:13:19,356 [INFO] ADCParametersView:113 -                Rank 1 : false
2022-10-21 02:13:19,360 [INFO] ADCParametersView:113 -                Rank 1 : false
2022-10-21 02:13:19,374 [INFO] ADCParametersView:113 -                Rank 1 : false
2022-10-21 02:13:19,374 [INFO] ADCParametersView:113 -                Rank 1 : false
2022-10-21 02:13:19,374 [INFO] ADCParametersView:113 -                Rank 1 : false
2022-10-21 02:13:19,374 [INFO] ADCParametersView:113 -                Rank 1 : false
2022-10-21 02:13:19,375 [INFO] ADCParametersView:113 -                Rank 1 : false
2022-10-21 02:13:19,375 [INFO] ADCParametersView:113 -                Rank 1 : false
2022-10-21 02:13:19,375 [INFO] ADCParametersView:113 -                Rank 1 : false
2022-10-21 02:13:19,375 [INFO] ADCParametersView:113 -                Rank 1 : false
2022-10-21 02:13:19,375 [INFO] ADCParametersView:113 -                Rank 1 : false
2022-10-21 02:13:19,375 [INFO] ADCParametersView:113 -                Rank 1 : false
2022-10-21 02:13:19,380 [INFO] ADCParametersView:113 -                Rank 1 : false
2022-10-21 02:13:19,403 [INFO] ADCParametersView:113 -                Rank 1 : false
2022-10-21 02:13:19,403 [INFO] ADCParametersView:113 -                Rank 1 : false
2022-10-21 02:13:19,404 [INFO] ADCParametersView:113 -                Rank 1 : false
2022-10-21 02:13:19,404 [INFO] ADCParametersView:113 -                Rank 1 : false
2022-10-21 02:13:19,404 [INFO] ADCParametersView:113 -                Rank 1 : false
2022-10-21 02:13:19,404 [INFO] ADCParametersView:113 -                Rank 1 : false
2022-10-21 02:13:19,404 [INFO] ADCParametersView:113 -                Rank 1 : false
2022-10-21 02:13:19,404 [INFO] ADCParametersView:113 -                Rank 1 : false
2022-10-21 02:13:19,404 [INFO] ADCParametersView:113 -                Rank 1 : false
2022-10-21 02:13:19,404 [INFO] ADCParametersView:113 -                Rank 1 : false
2022-10-21 02:13:19,408 [INFO] ADCParametersView:113 -                Rank 1 : false
2022-10-21 02:13:19,422 [INFO] ADCParametersView:113 -                Rank 1 : false
2022-10-21 02:13:19,422 [INFO] ADCParametersView:113 -                Rank 1 : false
2022-10-21 02:13:19,422 [INFO] ADCParametersView:113 -                Rank 1 : false
2022-10-21 02:13:19,423 [INFO] ADCParametersView:113 -                Rank 1 : false
2022-10-21 02:13:19,423 [INFO] ADCParametersView:113 -                Rank 1 : false
2022-10-21 02:13:19,423 [INFO] ADCParametersView:113 -                Rank 1 : false
2022-10-21 02:13:19,423 [INFO] ADCParametersView:113 -                Rank 1 : false
2022-10-21 02:13:19,423 [INFO] ADCParametersView:113 -                Rank 1 : false
2022-10-21 02:13:19,423 [INFO] ADCParametersView:113 -                Rank 1 : false
2022-10-21 02:13:19,423 [INFO] ADCParametersView:113 -                Rank 1 : false
2022-10-21 02:13:19,427 [INFO] ADCParametersView:113 -                Rank 1 : false
2022-10-21 02:13:19,484 [INFO] ADCParametersView:113 -                Rank 1 : false
2022-10-21 02:13:19,485 [INFO] ADCParametersView:113 -                Rank 1 : false
2022-10-21 02:13:19,485 [INFO] ADCParametersView:113 -                Rank 1 : false
2022-10-21 02:13:19,485 [INFO] ADCParametersView:113 -                Rank 1 : false
2022-10-21 02:13:19,485 [INFO] ADCParametersView:113 -                Rank 1 : false
2022-10-21 02:13:19,485 [INFO] ADCParametersView:113 -                Rank 1 : false
2022-10-21 02:13:19,485 [INFO] ADCParametersView:113 -                Rank 1 : false
2022-10-21 02:13:19,485 [INFO] ADCParametersView:113 -                Rank 1 : false
2022-10-21 02:13:19,486 [INFO] ADCParametersView:113 -                Rank 1 : false
2022-10-21 02:13:19,486 [INFO] ADCParametersView:113 -                Rank 1 : false
2022-10-21 02:13:19,490 [INFO] ADCParametersView:113 -                Rank 1 : false
2022-10-21 02:13:19,502 [INFO] ADCParametersView:113 -                Rank 1 : false
2022-10-21 02:13:19,503 [INFO] ADCParametersView:113 -                Rank 1 : false
2022-10-21 02:13:19,503 [INFO] ADCParametersView:113 -                Rank 1 : false
2022-10-21 02:13:19,503 [INFO] ADCParametersView:113 -                Rank 1 : false
2022-10-21 02:13:19,503 [INFO] ADCParametersView:113 -                Rank 1 : false
2022-10-21 02:13:19,503 [INFO] ADCParametersView:113 -                Rank 1 : false
2022-10-21 02:13:19,503 [INFO] ADCParametersView:113 -                Rank 1 : false
2022-10-21 02:13:19,504 [INFO] ADCParametersView:113 -                Rank 1 : false
2022-10-21 02:13:19,504 [INFO] ADCParametersView:113 -                Rank 1 : false
2022-10-21 02:13:19,504 [INFO] ADCParametersView:113 -                Rank 1 : false
2022-10-21 02:13:19,508 [INFO] ADCParametersView:113 -                Rank 1 : false
2022-10-21 02:13:20,220 [INFO] ADCParametersView:113 -                Rank 1 : false
2022-10-21 02:13:20,220 [INFO] ADCParametersView:113 -                Rank 1 : false
2022-10-21 02:13:20,220 [INFO] ADCParametersView:113 -                Rank 1 : false
2022-10-21 02:13:20,220 [INFO] ADCParametersView:113 -                Rank 1 : false
2022-10-21 02:13:20,220 [INFO] ADCParametersView:113 -                Rank 1 : false
2022-10-21 02:13:20,220 [INFO] ADCParametersView:113 -                Rank 1 : false
2022-10-21 02:13:20,220 [INFO] ADCParametersView:113 -                Rank 1 : false
2022-10-21 02:13:20,221 [INFO] ADCParametersView:113 -                Rank 1 : false
2022-10-21 02:13:20,221 [INFO] ADCParametersView:113 -                Rank 1 : false
2022-10-21 02:13:20,221 [INFO] ADCParametersView:113 -                Rank 1 : false
2022-10-21 02:13:20,224 [INFO] ADCParametersView:113 -                Rank 1 : false
2022-10-21 02:13:20,236 [INFO] ADCParametersView:113 -                Rank 1 : false
2022-10-21 02:13:20,236 [INFO] ADCParametersView:113 -                Rank 1 : false
2022-10-21 02:13:20,236 [INFO] ADCParametersView:113 -                Rank 1 : false
2022-10-21 02:13:20,236 [INFO] ADCParametersView:113 -                Rank 1 : false
2022-10-21 02:13:20,236 [INFO] ADCParametersView:113 -                Rank 1 : false
2022-10-21 02:13:20,236 [INFO] ADCParametersView:113 -                Rank 1 : false
2022-10-21 02:13:20,236 [INFO] ADCParametersView:113 -                Rank 1 : false
2022-10-21 02:13:20,237 [INFO] ADCParametersView:113 -                Rank 1 : false
2022-10-21 02:13:20,237 [INFO] ADCParametersView:113 -                Rank 1 : false
2022-10-21 02:13:20,237 [INFO] ADCParametersView:113 -                Rank 1 : false
2022-10-21 02:13:20,240 [INFO] ADCParametersView:113 -                Rank 1 : false
2022-10-21 02:13:20,262 [INFO] ADCParametersView:113 -                Rank 1 : false
2022-10-21 02:13:20,263 [INFO] ADCParametersView:113 -                Rank 1 : false
2022-10-21 02:13:20,263 [INFO] ADCParametersView:113 -                Rank 1 : false
2022-10-21 02:13:20,263 [INFO] ADCParametersView:113 -                Rank 1 : false
2022-10-21 02:13:20,263 [INFO] ADCParametersView:113 -                Rank 1 : false
2022-10-21 02:13:20,263 [INFO] ADCParametersView:113 -                Rank 1 : false
2022-10-21 02:13:20,263 [INFO] ADCParametersView:113 -                Rank 1 : false
2022-10-21 02:13:20,264 [INFO] ADCParametersView:113 -                Rank 1 : false
2022-10-21 02:13:20,264 [INFO] ADCParametersView:113 -                Rank 1 : false
2022-10-21 02:13:20,264 [INFO] ADCParametersView:113 -                Rank 1 : false
2022-10-21 02:13:20,269 [INFO] ADCParametersView:113 -                Rank 1 : false
2022-10-21 02:13:20,283 [INFO] ADCParametersView:113 -                Rank 1 : false
2022-10-21 02:13:20,283 [INFO] ADCParametersView:113 -                Rank 1 : false
2022-10-21 02:13:20,283 [INFO] ADCParametersView:113 -                Rank 1 : false
2022-10-21 02:13:20,283 [INFO] ADCParametersView:113 -                Rank 1 : false
2022-10-21 02:13:20,283 [INFO] ADCParametersView:113 -                Rank 1 : false
2022-10-21 02:13:20,284 [INFO] ADCParametersView:113 -                Rank 1 : false
2022-10-21 02:13:20,284 [INFO] ADCParametersView:113 -                Rank 1 : false
2022-10-21 02:13:20,284 [INFO] ADCParametersView:113 -                Rank 1 : false
2022-10-21 02:13:20,284 [INFO] ADCParametersView:113 -                Rank 1 : false
2022-10-21 02:13:20,284 [INFO] ADCParametersView:113 -                Rank 1 : false
2022-10-21 02:13:20,287 [INFO] ADCParametersView:113 -                Rank 1 : false
2022-10-21 02:13:20,335 [INFO] ADCParametersView:113 -                Rank 1 : false
2022-10-21 02:13:20,336 [INFO] ADCParametersView:113 -                Rank 1 : false
2022-10-21 02:13:20,336 [INFO] ADCParametersView:113 -                Rank 1 : false
2022-10-21 02:13:20,336 [INFO] ADCParametersView:113 -                Rank 1 : false
2022-10-21 02:13:20,336 [INFO] ADCParametersView:113 -                Rank 1 : false
2022-10-21 02:13:20,336 [INFO] ADCParametersView:113 -                Rank 1 : false
2022-10-21 02:13:20,336 [INFO] ADCParametersView:113 -                Rank 1 : false
2022-10-21 02:13:20,336 [INFO] ADCParametersView:113 -                Rank 1 : false
2022-10-21 02:13:20,337 [INFO] ADCParametersView:113 -                Rank 1 : false
2022-10-21 02:13:20,337 [INFO] ADCParametersView:113 -                Rank 1 : false
2022-10-21 02:13:20,340 [INFO] ADCParametersView:113 -                Rank 1 : false
2022-10-21 02:13:20,352 [INFO] ADCParametersView:113 -                Rank 1 : false
2022-10-21 02:13:20,352 [INFO] ADCParametersView:113 -                Rank 1 : false
2022-10-21 02:13:20,352 [INFO] ADCParametersView:113 -                Rank 1 : false
2022-10-21 02:13:20,352 [INFO] ADCParametersView:113 -                Rank 1 : false
2022-10-21 02:13:20,352 [INFO] ADCParametersView:113 -                Rank 1 : false
2022-10-21 02:13:20,352 [INFO] ADCParametersView:113 -                Rank 1 : false
2022-10-21 02:13:20,352 [INFO] ADCParametersView:113 -                Rank 1 : false
2022-10-21 02:13:20,352 [INFO] ADCParametersView:113 -                Rank 1 : false
2022-10-21 02:13:20,353 [INFO] ADCParametersView:113 -                Rank 1 : false
2022-10-21 02:13:20,353 [INFO] ADCParametersView:113 -                Rank 1 : false
2022-10-21 02:13:20,356 [INFO] ADCParametersView:113 -                Rank 1 : false
2022-10-21 02:17:56,246 [INFO] ADCParametersView:113 -                Rank 1 : false
2022-10-21 02:17:56,246 [INFO] ADCParametersView:113 -                Rank 1 : false
2022-10-21 02:17:56,247 [INFO] ADCParametersView:113 -                Rank 1 : false
2022-10-21 02:17:56,247 [INFO] ADCParametersView:113 -                Rank 1 : false
2022-10-21 02:17:56,247 [INFO] ADCParametersView:113 -                Rank 1 : false
2022-10-21 02:17:56,247 [INFO] ADCParametersView:113 -                Rank 1 : false
2022-10-21 02:17:56,247 [INFO] ADCParametersView:113 -                Rank 1 : false
2022-10-21 02:17:56,247 [INFO] ADCParametersView:113 -                Rank 1 : false
2022-10-21 02:17:56,247 [INFO] ADCParametersView:113 -                Rank 1 : false
2022-10-21 02:17:56,247 [INFO] ADCParametersView:113 -                Rank 1 : false
2022-10-21 02:17:56,253 [INFO] ADCParametersView:113 -                Rank 1 : false
2022-10-21 02:17:56,266 [INFO] ADCParametersView:113 -                Rank 1 : false
2022-10-21 02:17:56,267 [INFO] ADCParametersView:113 -                Rank 1 : false
2022-10-21 02:17:56,267 [INFO] ADCParametersView:113 -                Rank 1 : false
2022-10-21 02:17:56,267 [INFO] ADCParametersView:113 -                Rank 1 : false
2022-10-21 02:17:56,267 [INFO] ADCParametersView:113 -                Rank 1 : false
2022-10-21 02:17:56,267 [INFO] ADCParametersView:113 -                Rank 1 : false
2022-10-21 02:17:56,267 [INFO] ADCParametersView:113 -                Rank 1 : false
2022-10-21 02:17:56,267 [INFO] ADCParametersView:113 -                Rank 1 : false
2022-10-21 02:17:56,267 [INFO] ADCParametersView:113 -                Rank 1 : false
2022-10-21 02:17:56,267 [INFO] ADCParametersView:113 -                Rank 1 : false
2022-10-21 02:17:56,271 [INFO] ADCParametersView:113 -                Rank 1 : false
2022-10-21 02:22:43,382 [INFO] ADCParametersView:113 -                Rank 1 : false
2022-10-21 02:22:43,383 [INFO] ADCParametersView:113 -                Rank 1 : false
2022-10-21 02:22:43,383 [INFO] ADCParametersView:113 -                Rank 1 : false
2022-10-21 02:22:43,383 [INFO] ADCParametersView:113 -                Rank 1 : false
2022-10-21 02:22:43,383 [INFO] ADCParametersView:113 -                Rank 1 : false
2022-10-21 02:22:43,383 [INFO] ADCParametersView:113 -                Rank 1 : false
2022-10-21 02:22:43,384 [INFO] ADCParametersView:113 -                Rank 1 : false
2022-10-21 02:22:43,384 [INFO] ADCParametersView:113 -                Rank 1 : false
2022-10-21 02:22:43,384 [INFO] ADCParametersView:113 -                Rank 1 : false
2022-10-21 02:22:43,384 [INFO] ADCParametersView:113 -                Rank 1 : false
2022-10-21 02:22:43,390 [INFO] ADCParametersView:113 -                Rank 1 : false
2022-10-21 02:22:43,402 [INFO] ADCParametersView:113 -                Rank 1 : false
2022-10-21 02:22:43,403 [INFO] ADCParametersView:113 -                Rank 1 : false
2022-10-21 02:22:43,403 [INFO] ADCParametersView:113 -                Rank 1 : false
2022-10-21 02:22:43,403 [INFO] ADCParametersView:113 -                Rank 1 : false
2022-10-21 02:22:43,403 [INFO] ADCParametersView:113 -                Rank 1 : false
2022-10-21 02:22:43,403 [INFO] ADCParametersView:113 -                Rank 1 : false
2022-10-21 02:22:43,403 [INFO] ADCParametersView:113 -                Rank 1 : false
2022-10-21 02:22:43,403 [INFO] ADCParametersView:113 -                Rank 1 : false
2022-10-21 02:22:43,403 [INFO] ADCParametersView:113 -                Rank 1 : false
2022-10-21 02:22:43,403 [INFO] ADCParametersView:113 -                Rank 1 : false
2022-10-21 02:22:43,407 [INFO] ADCParametersView:113 -                Rank 1 : false
2022-10-21 02:28:07,923 [INFO] NvicIntPanel:100 - NVIC parent = com.st.microxplorer.plugins.ip.nvic.MultiNvicIntPanel[,0,0,0x0,invalid,layout=javax.swing.BoxLayout,alignmentX=0.0,alignmentY=0.0,border=,flags=9,maximumSize=,minimumSize=,preferredSize=]
2022-10-21 02:28:07,941 [INFO] ADCParametersView:113 -                Rank 1 : false
2022-10-21 02:28:07,943 [INFO] ADCParametersView:113 -                Rank 1 : false
2022-10-21 02:28:07,944 [INFO] ADCParametersView:113 -                Rank 1 : false
2022-10-21 02:28:07,944 [INFO] ADCParametersView:113 -                Rank 1 : false
2022-10-21 02:28:07,944 [INFO] ADCParametersView:113 -                Rank 1 : false
2022-10-21 02:28:07,944 [INFO] ADCParametersView:113 -                Rank 1 : false
2022-10-21 02:28:07,944 [INFO] ADCParametersView:113 -                Rank 1 : false
2022-10-21 02:28:07,944 [INFO] ADCParametersView:113 -                Rank 1 : false
2022-10-21 02:28:07,944 [INFO] ADCParametersView:113 -                Rank 1 : false
2022-10-21 02:28:07,944 [INFO] ADCParametersView:113 -                Rank 1 : false
2022-10-21 02:28:07,951 [INFO] ADCParametersView:113 -                Rank 1 : false
2022-10-21 02:28:12,279 [INFO] SpinnerEditor:79 - is string kkkk
2022-10-21 02:29:05,301 [INFO] NvicIntPanel:100 - NVIC parent = com.st.microxplorer.plugins.ip.nvic.MultiNvicIntPanel[,0,0,0x0,invalid,layout=javax.swing.BoxLayout,alignmentX=0.0,alignmentY=0.0,border=,flags=9,maximumSize=,minimumSize=,preferredSize=]
2022-10-21 02:29:05,339 [INFO] NvicIntPanel:100 - NVIC parent = com.st.microxplorer.plugins.ip.nvic.MultiNvicIntPanel[,0,0,0x0,invalid,layout=javax.swing.BoxLayout,alignmentX=0.0,alignmentY=0.0,border=,flags=9,maximumSize=,minimumSize=,preferredSize=]
2022-10-21 02:29:05,384 [INFO] NvicIntPanel:100 - NVIC parent = com.st.microxplorer.plugins.ip.nvic.MultiNvicIntPanel[,0,0,0x0,invalid,layout=javax.swing.BoxLayout,alignmentX=0.0,alignmentY=0.0,border=,flags=9,maximumSize=,minimumSize=,preferredSize=]
2022-10-21 02:29:05,427 [INFO] NvicIntPanel:100 - NVIC parent = com.st.microxplorer.plugins.ip.nvic.MultiNvicIntPanel[,0,0,0x0,invalid,layout=javax.swing.BoxLayout,alignmentX=0.0,alignmentY=0.0,border=,flags=9,maximumSize=,minimumSize=,preferredSize=]
2022-10-21 02:29:05,466 [INFO] NvicIntPanel:100 - NVIC parent = com.st.microxplorer.plugins.ip.nvic.MultiNvicIntPanel[,0,0,0x0,invalid,layout=javax.swing.BoxLayout,alignmentX=0.0,alignmentY=0.0,border=,flags=9,maximumSize=,minimumSize=,preferredSize=]
2022-10-21 02:29:05,482 [INFO] ADCParametersView:113 -                Rank 1 : false
2022-10-21 02:29:05,484 [INFO] ADCParametersView:113 -                Rank 1 : false
2022-10-21 02:29:05,484 [INFO] ADCParametersView:113 -                Rank 1 : false
2022-10-21 02:29:05,485 [INFO] ADCParametersView:113 -                Rank 1 : false
2022-10-21 02:29:05,485 [INFO] ADCParametersView:113 -                Rank 1 : false
2022-10-21 02:29:05,485 [INFO] ADCParametersView:113 -                Rank 1 : false
2022-10-21 02:29:05,485 [INFO] ADCParametersView:113 -                Rank 1 : false
2022-10-21 02:29:05,485 [INFO] ADCParametersView:113 -                Rank 1 : false
2022-10-21 02:29:05,485 [INFO] ADCParametersView:113 -                Rank 1 : false
2022-10-21 02:29:05,486 [INFO] ADCParametersView:113 -                Rank 1 : false
2022-10-21 02:29:05,486 [INFO] ADCParametersView:113 -                Rank 1 : false
2022-10-21 02:29:05,492 [INFO] ADCParametersView:113 -                Rank 1 : false
2022-10-21 02:29:05,504 [INFO] ADCParametersView:113 -                Rank 1 : false
2022-10-21 02:29:05,504 [INFO] ADCParametersView:113 -        *      Rank 1 : false
2022-10-21 02:32:02,429 [INFO] ADCParametersView:113 -                Rank 1 : false
2022-10-21 02:32:02,429 [INFO] ADCParametersView:113 -        *      Rank 1 : false
2022-10-21 02:32:10,613 [INFO] ADCParametersView:113 -                Rank 1 : false
2022-10-21 02:32:10,613 [INFO] ADCParametersView:113 -        *      Rank 1 : false
2022-10-21 02:32:15,395 [INFO] ADCParametersView:113 -                Rank 1 : false
2022-10-21 02:32:15,395 [INFO] ADCParametersView:113 -        *      Rank 1 : false
2022-10-21 02:32:41,350 [INFO] ADCParametersView:113 -                Rank 1 : false
2022-10-21 02:32:41,350 [INFO] ADCParametersView:113 -        *      Rank 1 : false
2022-10-21 02:32:43,204 [INFO] ADCParametersView:113 -                Rank 1 : false
2022-10-21 02:32:43,204 [INFO] ADCParametersView:113 -        *      Rank 1 : false
2022-10-21 02:32:45,587 [INFO] ADCParametersView:113 -                Rank 1 : false
2022-10-21 02:32:45,587 [INFO] ADCParametersView:113 -        *      Rank 1 : false
2022-10-21 02:33:23,878 [INFO] ADCParametersView:113 -                Rank 1 : false
2022-10-21 02:33:23,878 [INFO] ADCParametersView:113 -        *      Rank 1 : false
2022-10-21 02:34:27,198 [INFO] NvicIntPanel:100 - NVIC parent = com.st.microxplorer.plugins.ip.nvic.MultiNvicIntPanel[,0,0,0x0,invalid,layout=javax.swing.BoxLayout,alignmentX=0.0,alignmentY=0.0,border=,flags=9,maximumSize=,minimumSize=,preferredSize=]
2022-10-21 02:34:27,217 [INFO] ADCParametersView:113 -                Rank 1 : false
2022-10-21 02:34:27,217 [INFO] ADCParametersView:113 -        *      Rank 1 : false
2022-10-21 02:34:27,219 [INFO] ADCParametersView:113 -                Rank 1 : false
2022-10-21 02:34:27,219 [INFO] ADCParametersView:113 -        *      Rank 1 : false
2022-10-21 02:34:27,219 [INFO] ADCParametersView:113 -                Rank 1 : false
2022-10-21 02:34:27,219 [INFO] ADCParametersView:113 -        *      Rank 1 : false
2022-10-21 02:34:27,219 [INFO] ADCParametersView:113 -                Rank 1 : false
2022-10-21 02:34:27,220 [INFO] ADCParametersView:113 -        *      Rank 1 : false
2022-10-21 02:34:27,220 [INFO] ADCParametersView:113 -                Rank 1 : false
2022-10-21 02:34:27,220 [INFO] ADCParametersView:113 -        *      Rank 1 : false
2022-10-21 02:34:27,220 [INFO] ADCParametersView:113 -                Rank 1 : false
2022-10-21 02:34:27,220 [INFO] ADCParametersView:113 -        *      Rank 1 : false
2022-10-21 02:34:27,220 [INFO] ADCParametersView:113 -                Rank 1 : false
2022-10-21 02:34:27,220 [INFO] ADCParametersView:113 -        *      Rank 1 : false
2022-10-21 02:34:27,220 [INFO] ADCParametersView:113 -        *      Rank 1 : false
2022-10-21 02:34:27,220 [INFO] ADCParametersView:113 -                Rank 1 : false
2022-10-21 02:34:27,220 [INFO] ADCParametersView:113 -        *      Rank 1 : false
2022-10-21 02:34:27,220 [INFO] ADCParametersView:113 -                Rank 1 : false
2022-10-21 02:34:27,221 [INFO] ADCParametersView:113 -        *      Rank 1 : false
2022-10-21 02:34:27,221 [INFO] ADCParametersView:113 -                Rank 1 : false
2022-10-21 02:34:27,221 [INFO] ADCParametersView:113 -        *      Rank 1 : false
2022-10-21 02:34:27,221 [INFO] ADCParametersView:113 -                Rank 1 : false
2022-10-21 02:34:27,221 [INFO] ADCParametersView:113 -                Rank 1 : false
2022-10-21 02:34:27,221 [INFO] ADCParametersView:113 -        *      Rank 1 : false
2022-10-21 02:34:27,221 [INFO] ADCParametersView:113 -                Rank 1 : false
2022-10-21 02:34:27,221 [INFO] ADCParametersView:113 -        *      Rank 1 : false
2022-10-21 02:34:27,222 [INFO] ADCParametersView:113 -        *      Rank 1 : false
2022-10-21 02:34:27,231 [INFO] ADCParametersView:113 -                Rank 1 : false
2022-10-21 02:34:27,232 [INFO] ADCParametersView:113 -                Rank 1 : false
2022-10-21 02:34:27,232 [INFO] ADCParametersView:113 -                Rank 1 : false
2022-10-21 02:35:07,954 [INFO] NvicIntPanel:100 - NVIC parent = com.st.microxplorer.plugins.ip.nvic.MultiNvicIntPanel[,0,0,0x0,invalid,layout=javax.swing.BoxLayout,alignmentX=0.0,alignmentY=0.0,border=,flags=9,maximumSize=,minimumSize=,preferredSize=]
2022-10-21 02:35:07,973 [INFO] ADCParametersView:113 -                Rank 1 : false
2022-10-21 02:35:07,973 [INFO] ADCParametersView:113 -                Rank 1 : false
2022-10-21 02:35:07,975 [INFO] ADCParametersView:113 -                Rank 1 : false
2022-10-21 02:35:07,975 [INFO] ADCParametersView:113 -                Rank 1 : false
2022-10-21 02:35:07,975 [INFO] ADCParametersView:113 -                Rank 1 : false
2022-10-21 02:35:07,976 [INFO] ADCParametersView:113 -                Rank 1 : false
2022-10-21 02:35:07,976 [INFO] ADCParametersView:113 -                Rank 1 : false
2022-10-21 02:35:07,976 [INFO] ADCParametersView:113 -                Rank 1 : false
2022-10-21 02:35:07,976 [INFO] ADCParametersView:113 -                Rank 1 : false
2022-10-21 02:35:07,976 [INFO] ADCParametersView:113 -                Rank 1 : false
2022-10-21 02:35:07,977 [INFO] ADCParametersView:113 -                Rank 1 : false
2022-10-21 02:35:07,977 [INFO] ADCParametersView:113 -                Rank 1 : false
2022-10-21 02:35:07,977 [INFO] ADCParametersView:113 -                Rank 1 : false
2022-10-21 02:35:07,977 [INFO] ADCParametersView:113 -                Rank 1 : false
2022-10-21 02:35:07,977 [INFO] ADCParametersView:113 -                Rank 1 : false
2022-10-21 02:35:07,977 [INFO] ADCParametersView:113 -                Rank 1 : false
2022-10-21 02:35:07,978 [INFO] ADCParametersView:113 -                Rank 1 : false
2022-10-21 02:35:07,978 [INFO] ADCParametersView:113 -                Rank 1 : false
2022-10-21 02:35:07,978 [INFO] ADCParametersView:113 -                Rank 1 : false
2022-10-21 02:35:07,978 [INFO] ADCParametersView:113 -                Rank 1 : false
2022-10-21 02:35:07,978 [INFO] ADCParametersView:113 -                Rank 1 : false
2022-10-21 02:35:07,978 [INFO] ADCParametersView:113 -                Rank 1 : false
2022-10-21 02:35:07,978 [INFO] ADCParametersView:113 -                Rank 1 : false
2022-10-21 02:35:07,979 [INFO] ADCParametersView:113 -                Rank 1 : false
2022-10-21 02:35:07,979 [INFO] ADCParametersView:113 -                Rank 1 : false
2022-10-21 02:35:07,979 [INFO] ADCParametersView:113 -                Rank 1 : false
2022-10-21 02:35:07,979 [INFO] ADCParametersView:113 -                Rank 1 : false
2022-10-21 02:35:07,979 [INFO] ADCParametersView:113 -                Rank 1 : false
2022-10-21 02:35:07,979 [INFO] ADCParametersView:113 -                Rank 1 : false
2022-10-21 02:35:07,979 [INFO] ADCParametersView:113 -                Rank 1 : false
2022-10-21 02:35:07,979 [INFO] ADCParametersView:113 -                Rank 1 : false
2022-10-21 02:35:07,979 [INFO] ADCParametersView:113 -                Rank 1 : false
2022-10-21 02:35:07,979 [INFO] ADCParametersView:113 -                Rank 1 : false
2022-10-21 02:35:07,979 [INFO] ADCParametersView:113 -                Rank 1 : false
2022-10-21 02:35:07,980 [INFO] ADCParametersView:113 -                Rank 1 : false
2022-10-21 02:35:07,980 [INFO] ADCParametersView:113 -                Rank 1 : false
2022-10-21 02:35:07,980 [INFO] ADCParametersView:113 -                Rank 1 : false
2022-10-21 02:35:07,987 [INFO] ADCParametersView:113 -                Rank 1 : false
2022-10-21 02:35:07,988 [INFO] ADCParametersView:113 -                Rank 1 : false
2022-10-21 02:35:07,988 [INFO] ADCParametersView:113 -                Rank 1 : false
2022-10-21 02:38:33,486 [INFO] UtilMem:74 - End SaveConfig() Used Memory: 212401088 Bytes (618659840)
2022-10-21 02:38:35,369 [INFO] UtilMem:74 - End SaveConfig() Used Memory: 232136744 Bytes (618659840)
2022-10-21 02:38:37,685 [INFO] UtilMem:74 - End SaveConfig() Used Memory: 310140344 Bytes (618659840)
2022-10-21 02:38:37,959 [INFO] BlockDiagram:2753 - set Specific Code input for plugin: NVIC
2022-10-21 02:38:37,960 [INFO] BlockDiagram:2753 - set Specific Code input for plugin: USART
2022-10-21 02:38:37,960 [INFO] BlockDiagram:2753 - set Specific Code input for plugin: GPIO
2022-10-21 02:38:37,960 [INFO] BlockDiagram:2753 - set Specific Code input for plugin: ADC
2022-10-21 02:38:37,960 [INFO] BlockDiagram:2753 - set Specific Code input for plugin: RCC
2022-10-21 02:38:37,960 [INFO] CodeGenerator:690 - code generatio: config db path: C:\ST\STM32CubeIDE_1.9.0\STM32CubeIDE\plugins\com.st.stm32cube.common.mx_6.6.1.202207061420\\db\
2022-10-21 02:38:38,138 [INFO] CodeEngine:245 - oldGeneratedFile, D:\github\mc\stm32\ADC\ADC\MXTmpFiles\license.tmp_save
2022-10-21 02:38:38,221 [INFO] CodeEngine:269 - Generated code: D:\github\mc\stm32\ADC\ADC\MXTmpFiles\license.tmp
2022-10-21 02:38:38,256 [INFO] CodeEngine:245 - oldGeneratedFile, D:\github\mc\stm32\ADC\ADC\MXTmpFiles\gpio.tmp_save
2022-10-21 02:38:38,363 [INFO] CodeEngine:269 - Generated code: D:\github\mc\stm32\ADC\ADC\MXTmpFiles\gpio.tmp
2022-10-21 02:38:38,452 [INFO] CodeEngine:245 - oldGeneratedFile, D:\github\mc\stm32\ADC\ADC\Core\Src\stm32f1xx_it.c_save
2022-10-21 02:38:38,623 [INFO] CodeEngine:269 - Generated code: D:\github\mc\stm32\ADC\ADC\Core\Src\stm32f1xx_it.c
2022-10-21 02:38:38,700 [INFO] CodeEngine:245 - oldGeneratedFile, D:\github\mc\stm32\ADC\ADC\Core\Inc\stm32f1xx_it.h_save
2022-10-21 02:38:38,790 [INFO] CodeEngine:269 - Generated code: D:\github\mc\stm32\ADC\ADC\Core\Inc\stm32f1xx_it.h
2022-10-21 02:38:38,857 [INFO] CodeEngine:245 - oldGeneratedFile, D:\github\mc\stm32\ADC\ADC\Core\Src\stm32f1xx_hal_msp.c_save
2022-10-21 02:38:38,982 [INFO] CodeEngine:269 - Generated code: D:\github\mc\stm32\ADC\ADC\Core\Src\stm32f1xx_hal_msp.c
2022-10-21 02:38:38,985 [INFO] CodeEngine:245 - oldGeneratedFile, D:\github\mc\stm32\ADC\ADC\MXTmpFiles\system.tmp_save
2022-10-21 02:38:39,035 [INFO] CodeEngine:269 - Generated code: D:\github\mc\stm32\ADC\ADC\MXTmpFiles\system.tmp
2022-10-21 02:38:39,062 [INFO] CodeEngine:245 - oldGeneratedFile, D:\github\mc\stm32\ADC\ADC\Core\Inc\stm32f1xx_hal_conf.h_save
2022-10-21 02:38:39,170 [INFO] CodeEngine:269 - Generated code: D:\github\mc\stm32\ADC\ADC\Core\Inc\stm32f1xx_hal_conf.h
2022-10-21 02:38:39,219 [INFO] CodeEngine:245 - oldGeneratedFile, D:\github\mc\stm32\ADC\ADC\Core\Inc\main.h_save
2022-10-21 02:38:39,292 [INFO] CodeEngine:269 - Generated code: D:\github\mc\stm32\ADC\ADC\Core\Inc\main.h
2022-10-21 02:38:39,325 [INFO] CodeEngine:245 - oldGeneratedFile, D:\github\mc\stm32\ADC\ADC\Core\Src\main.c_save
2022-10-21 02:38:39,490 [INFO] CodeEngine:269 - Generated code: D:\github\mc\stm32\ADC\ADC\Core\Src\main.c
2022-10-21 02:38:39,955 [INFO] ProjectBuilder:2919 - Time for Copy HAL[1] : 150mS.
2022-10-21 02:38:39,957 [INFO] ProjectBuilder:4117 - Project Generator version: 3.17.1
2022-10-21 02:38:40,393 [INFO] ConfigFileManager:1394 - The Die is : DIE410
2022-10-21 02:38:41,783 [INFO] ProjectBuilder:4285 - Time for Generating toolchain IDE Files: 1826mS.
2022-10-21 02:38:41,783 [INFO] ProjectBuilder:2790 - Time for Copy CMSIS : 0mS.
2022-10-21 02:38:41,784 [INFO] ProjectBuilder:2790 - Time for Copy CMSIS : 0mS.
