2022-11-05 16:52:06,491 [INFO] Activator:177 - 


2022-11-05 16:52:06,492 [INFO] Activator:178 - !SESSION log4j initialized
2022-11-05 16:52:11,879 [INFO] McuFinderGlobals:44 - Set McuFinder mode to 2 (CubeIDE integrated)
2022-11-05 16:52:12,007 [INFO] ApplicationProperties:181 - Using Application install path: C:\ST\STM32CubeIDE_1.9.0\STM32CubeIDE\plugins\com.st.stm32cube.common.mx_6.6.1.202207061420
2022-11-05 16:52:12,024 [INFO] DbMcusXml:77 - Set database path to: C:\ST\STM32CubeIDE_1.9.0\STM32CubeIDE\plugins\com.st.stm32cube.common.mx_6.6.1.202207061420\\db\/mcu/
2022-11-05 16:52:12,025 [INFO] ApiDb:269 - Set plugin database path to: C:\ST\STM32CubeIDE_1.9.0\STM32CubeIDE\plugins\com.st.stm32cube.common.mx_6.6.1.202207061420\\db\/plugins/boardmanager/
2022-11-05 16:52:12,055 [WARN] ApiDb:254 - Overriding images path with different value:  => C:\ST\STM32CubeIDE_1.9.0\STM32CubeIDE\plugins\com.st.stm32cube.common.mx_6.6.1.202207061420\\db\/plugins/mcufinder/images/
2022-11-05 16:52:12,070 [INFO] ApiDb:249 - Set database path to: C:\Users\Zver\.stmcufinder\plugins\mcufinder//mcu/
2022-11-05 16:52:12,071 [INFO] DbMcusAds:124 - Set database path to: C:\Users\Zver\.stmcufinder\plugins\mcufinder//mcu/
2022-11-05 16:52:12,074 [INFO] CrossReferenceDbSqlite:201 - Set database path to: C:\Users\Zver\.stmcufinder\plugins\mcufinder//mcu/cs/
2022-11-05 16:52:12,191 [INFO] RulesReader:61 - Compatibility file has been processed (282 Rules)
2022-11-05 16:52:12,354 [INFO] DbMcusXml:77 - Set database path to: C:\ST\STM32CubeIDE_1.9.0\STM32CubeIDE\plugins\com.st.stm32cube.common.mx_6.6.1.202207061420\\db\/mcu/
2022-11-05 16:52:12,355 [INFO] ApiDb:269 - Set plugin database path to: C:\ST\STM32CubeIDE_1.9.0\STM32CubeIDE\plugins\com.st.stm32cube.common.mx_6.6.1.202207061420\\db\/plugins/boardmanager/
2022-11-05 16:52:12,355 [INFO] ApiDb:256 - Set plugin images path to: C:\ST\STM32CubeIDE_1.9.0\STM32CubeIDE\plugins\com.st.stm32cube.common.mx_6.6.1.202207061420\\db\/plugins/mcufinder/images/
2022-11-05 16:52:12,355 [WARN] DbFile:40 - Overriding database path with different value: C:\Users\Zver\.stmcufinder\plugins\mcufinder/ => C:\Users\Zver\.stmcufinder\plugins\mcufinder
2022-11-05 16:52:12,356 [INFO] ApiDb:249 - Set database path to: C:\Users\Zver\.stmcufinder\plugins\mcufinder//mcu/
2022-11-05 16:52:12,356 [WARN] DbFile:40 - Overriding database path with different value: C:\Users\Zver\.stmcufinder\plugins\mcufinder/ => C:\Users\Zver\.stmcufinder\plugins\mcufinder
2022-11-05 16:52:12,356 [INFO] DbMcusAds:124 - Set database path to: C:\Users\Zver\.stmcufinder\plugins\mcufinder//mcu/
2022-11-05 16:52:12,357 [WARN] DbFile:40 - Overriding database path with different value: C:\Users\Zver\.stmcufinder\plugins\mcufinder/ => C:\Users\Zver\.stmcufinder\plugins\mcufinder
2022-11-05 16:52:12,357 [WARN] DbFile:40 - Overriding database path with different value: C:\Users\Zver\.stmcufinder\plugins\mcufinder/ => C:\Users\Zver\.stmcufinder\plugins\mcufinder
2022-11-05 16:52:12,357 [INFO] CrossReferenceDbSqlite:201 - Set database path to: C:\Users\Zver\.stmcufinder\plugins\mcufinder//mcu/cs/
2022-11-05 16:52:12,443 [INFO] MainPanel:242 - HeapMemory: 268435456
2022-11-05 16:52:12,527 [INFO] DbMcusXml:77 - Set database path to: C:\ST\STM32CubeIDE_1.9.0\STM32CubeIDE\plugins\com.st.stm32cube.common.mx_6.6.1.202207061420\\db\/mcu/
2022-11-05 16:52:12,527 [INFO] ApiDb:269 - Set plugin database path to: C:\ST\STM32CubeIDE_1.9.0\STM32CubeIDE\plugins\com.st.stm32cube.common.mx_6.6.1.202207061420\\db\/plugins/boardmanager/
2022-11-05 16:52:12,527 [INFO] ApiDb:256 - Set plugin images path to: C:\ST\STM32CubeIDE_1.9.0\STM32CubeIDE\plugins\com.st.stm32cube.common.mx_6.6.1.202207061420\\db\/plugins/mcufinder/images/
2022-11-05 16:52:12,528 [WARN] DbFile:40 - Overriding database path with different value: C:\Users\Zver\.stmcufinder\plugins\mcufinder/ => C:\Users\Zver\.stmcufinder\plugins\mcufinder
2022-11-05 16:52:12,528 [INFO] ApiDb:249 - Set database path to: C:\Users\Zver\.stmcufinder\plugins\mcufinder//mcu/
2022-11-05 16:52:12,528 [WARN] DbFile:40 - Overriding database path with different value: C:\Users\Zver\.stmcufinder\plugins\mcufinder/ => C:\Users\Zver\.stmcufinder\plugins\mcufinder
2022-11-05 16:52:12,612 [INFO] DbMcusAds:124 - Set database path to: C:\Users\Zver\.stmcufinder\plugins\mcufinder//mcu/
2022-11-05 16:52:12,612 [WARN] DbFile:40 - Overriding database path with different value: C:\Users\Zver\.stmcufinder\plugins\mcufinder/ => C:\Users\Zver\.stmcufinder\plugins\mcufinder
2022-11-05 16:52:12,613 [WARN] DbFile:40 - Overriding database path with different value: C:\Users\Zver\.stmcufinder\plugins\mcufinder/ => C:\Users\Zver\.stmcufinder\plugins\mcufinder
2022-11-05 16:52:12,613 [INFO] CrossReferenceDbSqlite:201 - Set database path to: C:\Users\Zver\.stmcufinder\plugins\mcufinder//mcu/cs/
2022-11-05 16:52:12,651 [INFO] ApplicationProperties:181 - Using Application install path: C:\ST\STM32CubeIDE_1.9.0\STM32CubeIDE\plugins\com.st.stm32cube.common.mx_6.6.1.202207061420
2022-11-05 16:52:12,652 [INFO] PluginManage:193 - Search for loadable plugins [exclusion list=, ]
2022-11-05 16:52:12,653 [INFO] PluginManage:307 - Check plugin analytics
2022-11-05 16:52:12,792 [INFO] AnalyticsPlugin:262 - Accepted Software Licenses: 
2022-11-05 16:52:12,793 [INFO] AnalyticsPlugin:264 - Accepted CMSIS Pack Licenses: 
2022-11-05 16:52:12,794 [INFO] AnalyticsPlugin:266 - Accepted Firmware Licenses: 
2022-11-05 16:52:12,802 [INFO] PluginManage:356 - Loaded plugin analytics (category:tool,tabindex:-1)
2022-11-05 16:52:12,802 [INFO] PluginManage:307 - Check plugin cadmodel
2022-11-05 16:52:12,806 [INFO] CADModel:65 - Init CAD model plugin
2022-11-05 16:52:12,806 [INFO] PluginManage:356 - Loaded plugin cadmodel (category:power,tabindex:5)
2022-11-05 16:52:12,807 [INFO] PluginManage:307 - Check plugin clock
2022-11-05 16:52:12,818 [INFO] PluginManage:356 - Loaded plugin clock (category:base,tabindex:2)
2022-11-05 16:52:12,818 [INFO] PluginManage:307 - Check plugin ddr
2022-11-05 16:52:12,821 [INFO] PluginManage:356 - Loaded plugin ddr (category:tool,tabindex:6)
2022-11-05 16:52:12,822 [INFO] PluginManage:307 - Check plugin filemanager
2022-11-05 16:52:12,941 [INFO] PluginManage:356 - Loaded plugin filemanager (category:base,tabindex:10)
2022-11-05 16:52:12,941 [INFO] PluginManage:307 - Check plugin ipmanager
2022-11-05 16:52:12,955 [INFO] PluginManage:356 - Loaded plugin ipmanager (category:base,tabindex:5)
2022-11-05 16:52:12,955 [INFO] PluginManage:307 - Check plugin lpbam
2022-11-05 16:52:12,963 [INFO] PluginManage:356 - Loaded plugin lpbam (category:base,tabindex:0)
2022-11-05 16:52:12,963 [INFO] PluginManage:307 - Check plugin pinoutandconfiguration
2022-11-05 16:52:12,969 [INFO] PluginManage:356 - Loaded plugin pinoutandconfiguration (category:base,tabindex:1)
2022-11-05 16:52:12,969 [INFO] PluginManage:307 - Check plugin pinoutconfig
2022-11-05 16:52:13,002 [INFO] PluginManage:356 - Loaded plugin pinoutconfig (category:base,tabindex:0)
2022-11-05 16:52:13,002 [INFO] PluginManage:307 - Check plugin power
2022-11-05 16:52:13,009 [INFO] PluginManage:356 - Loaded plugin power (category:power,tabindex:4)
2022-11-05 16:52:13,009 [INFO] PluginManage:307 - Check plugin projectmanager
2022-11-05 16:52:13,020 [INFO] PluginManage:356 - Loaded plugin projectmanager (category:projectmanager,tabindex:3)
2022-11-05 16:52:13,021 [INFO] PluginManage:307 - Check plugin thirdparty
2022-11-05 16:52:13,121 [WARN] IntegrityCheckThread:82 - waiting for thirdparty lock release [integrity check]
2022-11-05 16:52:13,122 [INFO] PluginManage:356 - Loaded plugin thirdparty (category:base,tabindex:-1)
2022-11-05 16:52:13,122 [INFO] IntegrityCheckThread:84 - entering critical section [integrity check]
2022-11-05 16:52:13,122 [INFO] PluginManage:307 - Check plugin tools
2022-11-05 16:52:13,124 [INFO] ThirdPartyUpdaterWithRetryManager:70 - Updater plugin not ready yet. [1/15]
2022-11-05 16:52:13,125 [INFO] PluginManage:356 - Loaded plugin tools (category:base,tabindex:7)
2022-11-05 16:52:13,125 [INFO] PluginManage:307 - Check plugin tutovideos
2022-11-05 16:52:13,284 [INFO] PluginManage:356 - Loaded plugin tutovideos (category:base,tabindex:-1)
2022-11-05 16:52:13,311 [INFO] PluginManage:307 - Check plugin updater
2022-11-05 16:52:13,321 [INFO] PluginManage:356 - Loaded plugin updater (category:base,tabindex:12)
2022-11-05 16:52:13,322 [INFO] PluginManage:280 - PluginManage : Loaded plugins [15]
2022-11-05 16:52:13,659 [INFO] PinOutPanel:1468 - setPackage(No Configuration,No Configuration)
2022-11-05 16:52:13,743 [INFO] CADModel:98 - CPN selected for project level
2022-11-05 16:52:13,754 [INFO] IPUIPlugin:79 - create IPUIPlugin
2022-11-05 16:52:13,754 [INFO] PluginManager:217 - loadIPPluginJar : add adc
2022-11-05 16:52:13,757 [INFO] IPUIPlugin:79 - create IPUIPlugin
2022-11-05 16:52:13,757 [INFO] PluginManager:217 - loadIPPluginJar : add aes
2022-11-05 16:52:13,761 [INFO] IPUIPlugin:79 - create IPUIPlugin
2022-11-05 16:52:13,762 [INFO] PluginManager:217 - loadIPPluginJar : add can
2022-11-05 16:52:13,763 [INFO] IPUIPlugin:79 - create IPUIPlugin
2022-11-05 16:52:13,763 [INFO] PluginManager:217 - loadIPPluginJar : add comp
2022-11-05 16:52:13,765 [INFO] IPUIPlugin:79 - create IPUIPlugin
2022-11-05 16:52:13,765 [INFO] PluginManager:217 - loadIPPluginJar : add cryp
2022-11-05 16:52:13,767 [INFO] IPUIPlugin:79 - create IPUIPlugin
2022-11-05 16:52:13,767 [INFO] PluginManager:217 - loadIPPluginJar : add dfsdm
2022-11-05 16:52:13,772 [INFO] IPUIPlugin:79 - create IPUIPlugin
2022-11-05 16:52:13,772 [INFO] PluginManager:217 - loadIPPluginJar : add dma
2022-11-05 16:52:13,774 [INFO] IPUIPlugin:79 - create IPUIPlugin
2022-11-05 16:52:13,774 [INFO] PluginManager:217 - loadIPPluginJar : add dma3
2022-11-05 16:52:13,775 [INFO] IPUIPlugin:79 - create IPUIPlugin
2022-11-05 16:52:13,775 [INFO] PluginManager:217 - loadIPPluginJar : add fatfs
2022-11-05 16:52:13,778 [INFO] IPUIPlugin:79 - create IPUIPlugin
2022-11-05 16:52:13,778 [INFO] PluginManager:217 - loadIPPluginJar : add fmc
2022-11-05 16:52:13,782 [INFO] IPUIPlugin:79 - create IPUIPlugin
2022-11-05 16:52:13,783 [INFO] PluginManager:217 - loadIPPluginJar : add freertos
2022-11-05 16:52:13,784 [INFO] IPUIPlugin:79 - create IPUIPlugin
2022-11-05 16:52:13,784 [INFO] PluginManager:217 - loadIPPluginJar : add genericplugin
2022-11-05 16:52:13,785 [INFO] IPUIPlugin:79 - create IPUIPlugin
2022-11-05 16:52:13,785 [INFO] PluginManager:217 - loadIPPluginJar : add gfxmmu
2022-11-05 16:52:13,789 [INFO] IPUIPlugin:79 - create IPUIPlugin
2022-11-05 16:52:13,789 [INFO] PluginManager:217 - loadIPPluginJar : add gic
2022-11-05 16:52:13,792 [INFO] IPUIPlugin:79 - create IPUIPlugin
2022-11-05 16:52:13,792 [INFO] PluginManager:217 - loadIPPluginJar : add gpio
2022-11-05 16:52:13,794 [INFO] IPUIPlugin:79 - create IPUIPlugin
2022-11-05 16:52:13,794 [INFO] PluginManager:217 - loadIPPluginJar : add gtzc
2022-11-05 16:52:13,796 [INFO] IPUIPlugin:79 - create IPUIPlugin
2022-11-05 16:52:13,796 [INFO] PluginManager:217 - loadIPPluginJar : add hash
2022-11-05 16:52:13,798 [INFO] IPUIPlugin:79 - create IPUIPlugin
2022-11-05 16:52:13,798 [INFO] PluginManager:217 - loadIPPluginJar : add i2c
2022-11-05 16:52:13,800 [INFO] IPUIPlugin:79 - create IPUIPlugin
2022-11-05 16:52:13,801 [INFO] PluginManager:217 - loadIPPluginJar : add i2s
2022-11-05 16:52:13,804 [INFO] IPUIPlugin:79 - create IPUIPlugin
2022-11-05 16:52:13,804 [INFO] PluginManager:217 - loadIPPluginJar : add ipddr
2022-11-05 16:52:13,810 [INFO] IPUIPlugin:79 - create IPUIPlugin
2022-11-05 16:52:13,810 [INFO] PluginManager:217 - loadIPPluginJar : add linkedlist
2022-11-05 16:52:13,813 [INFO] IPUIPlugin:79 - create IPUIPlugin
2022-11-05 16:52:13,813 [INFO] PluginManager:217 - loadIPPluginJar : add lorawan
2022-11-05 16:52:13,814 [INFO] IPUIPlugin:79 - create IPUIPlugin
2022-11-05 16:52:13,814 [INFO] PluginManager:217 - loadIPPluginJar : add ltdc
2022-11-05 16:52:13,818 [INFO] IPUIPlugin:79 - create IPUIPlugin
2022-11-05 16:52:13,818 [INFO] PluginManager:217 - loadIPPluginJar : add mdma
2022-11-05 16:52:13,821 [INFO] IPUIPlugin:79 - create IPUIPlugin
2022-11-05 16:52:13,821 [INFO] PluginManager:217 - loadIPPluginJar : add nvic
2022-11-05 16:52:13,823 [INFO] IPUIPlugin:79 - create IPUIPlugin
2022-11-05 16:52:13,823 [INFO] PluginManager:217 - loadIPPluginJar : add opamp
2022-11-05 16:52:13,826 [INFO] IPUIPlugin:79 - create IPUIPlugin
2022-11-05 16:52:13,826 [INFO] PluginManager:217 - loadIPPluginJar : add openamp
2022-11-05 16:52:13,829 [INFO] IPUIPlugin:79 - create IPUIPlugin
2022-11-05 16:52:13,829 [INFO] PluginManager:217 - loadIPPluginJar : add pdm2pcm
2022-11-05 16:52:13,835 [INFO] IPUIPlugin:79 - create IPUIPlugin
2022-11-05 16:52:13,838 [INFO] PluginManager:217 - loadIPPluginJar : add plateformsettings
2022-11-05 16:52:13,839 [INFO] IPUIPlugin:79 - create IPUIPlugin
2022-11-05 16:52:13,840 [INFO] PluginManager:217 - loadIPPluginJar : add quadspi
2022-11-05 16:52:13,842 [INFO] IPUIPlugin:79 - create IPUIPlugin
2022-11-05 16:52:13,842 [INFO] PluginManager:217 - loadIPPluginJar : add resmgrutility
2022-11-05 16:52:13,846 [INFO] IPUIPlugin:79 - create IPUIPlugin
2022-11-05 16:52:13,846 [INFO] PluginManager:217 - loadIPPluginJar : add sai
2022-11-05 16:52:13,849 [INFO] IPUIPlugin:79 - create IPUIPlugin
2022-11-05 16:52:13,849 [INFO] PluginManager:217 - loadIPPluginJar : add spi
2022-11-05 16:52:13,855 [INFO] IPUIPlugin:79 - create IPUIPlugin
2022-11-05 16:52:13,855 [INFO] PluginManager:217 - loadIPPluginJar : add stm32_wpan
2022-11-05 16:52:13,857 [INFO] IPUIPlugin:79 - create IPUIPlugin
2022-11-05 16:52:13,858 [INFO] PluginManager:217 - loadIPPluginJar : add tim
2022-11-05 16:52:13,860 [INFO] IPUIPlugin:79 - create IPUIPlugin
2022-11-05 16:52:13,860 [INFO] PluginManager:217 - loadIPPluginJar : add touchsensing
2022-11-05 16:52:13,863 [INFO] IPUIPlugin:79 - create IPUIPlugin
2022-11-05 16:52:13,863 [INFO] PluginManager:217 - loadIPPluginJar : add tracer_emb
2022-11-05 16:52:13,865 [INFO] IPUIPlugin:79 - create IPUIPlugin
2022-11-05 16:52:13,865 [INFO] PluginManager:217 - loadIPPluginJar : add ts
2022-11-05 16:52:13,867 [INFO] IPUIPlugin:79 - create IPUIPlugin
2022-11-05 16:52:13,868 [INFO] PluginManager:217 - loadIPPluginJar : add tsc
2022-11-05 16:52:13,869 [INFO] IPUIPlugin:79 - create IPUIPlugin
2022-11-05 16:52:13,869 [INFO] PluginManager:217 - loadIPPluginJar : add ucpd
2022-11-05 16:52:13,872 [INFO] IPUIPlugin:79 - create IPUIPlugin
2022-11-05 16:52:13,872 [INFO] PluginManager:217 - loadIPPluginJar : add usart
2022-11-05 16:52:13,875 [INFO] IPUIPlugin:79 - create IPUIPlugin
2022-11-05 16:52:13,875 [INFO] PluginManager:217 - loadIPPluginJar : add usbx
2022-11-05 16:52:14,161 [FATAL] Updater:301 - Updater called before beeing initialized
2022-11-05 16:52:14,310 [FATAL] Updater:301 - Updater called before beeing initialized
2022-11-05 16:52:14,316 [INFO] DbMcusAds:52 - JSON generation date=Thu Sep 30 09:56:37 MSK 2021 (1632984997303)
2022-11-05 16:52:14,316 [FATAL] Updater:301 - Updater called before beeing initialized
2022-11-05 16:52:14,352 [WARN] DetailPanel:344 - Failed to get advertising image, set to default
2022-11-05 16:52:14,470 [FATAL] Updater:301 - Updater called before beeing initialized
2022-11-05 16:52:14,472 [FATAL] Updater:301 - Updater called before beeing initialized
2022-11-05 16:52:14,472 [FATAL] Updater:301 - Updater called before beeing initialized
2022-11-05 16:52:14,472 [WARN] DetailPanel:344 - Failed to get advertising image, set to default
2022-11-05 16:52:14,473 [FATAL] Updater:301 - Updater called before beeing initialized
2022-11-05 16:52:14,516 [ERROR] Updater:1105 - MainUpdater not yet initialized. External WinMGr cannot be set.
2022-11-05 16:52:14,518 [INFO] Updater:1041 - Updater Version found : 6.6.1
2022-11-05 16:52:14,531 [INFO] ApplicationProperties:181 - Using Application install path: C:\ST\STM32CubeIDE_1.9.0\STM32CubeIDE\plugins\com.st.stm32cube.common.mx_6.6.1.202207061420
2022-11-05 16:52:14,608 [INFO] MainUpdater:2768 - connection check result : 10
2022-11-05 16:52:14,609 [INFO] MainUpdater:280 - Updater Check For Update Now.
2022-11-05 16:52:14,609 [INFO] MicroXplorer:481 - Change Database Version : DB.6.0.60
2022-11-05 16:52:14,759 [INFO] CheckServerUpdateThread:119 - End of CheckServer Thread
2022-11-05 16:52:14,817 [INFO] MainUpdater:2768 - connection check result : 10
2022-11-05 16:52:15,035 [INFO] McuFinderGlobals:57 - Set McuFinderConnectedMode to true
2022-11-05 16:52:15,042 [INFO] MultiScanPanel:195 - Auto-refresh data requested => check proxy status ongoing
2022-11-05 16:52:15,045 [INFO] FinderPluginLoader:92 - Searching for filters in installed packs
2022-11-05 16:52:15,144 [INFO] ApiDb:576 - Connected to CubeFinder SQLite database (C:\Users\Zver\.stmcufinder\plugins\mcufinder\mcu\cube-finder-db.db)
2022-11-05 16:52:15,164 [INFO] ApiDb:663 - CubeFinder database Data Model version=2.1
2022-11-05 16:52:15,164 [INFO] ApiDb:664 - CubeFinder database Configuration version=3.0.32
2022-11-05 16:52:15,165 [INFO] ApiDb:665 - CubeFinder database generation date=2022-08-05 (1659688109)
2022-11-05 16:52:15,165 [INFO] ApiDb:666 - CubeFinder database FW Pack versions=[STM32Cube_FW_C0_V1.0.0, STM32Cube_FW_F4_V1.27.1, STM32Cube_FW_F7_V1.17.0, STM32Cube_FW_G0_V1.6.1, STM32Cube_FW_G4_V1.5.0, STM32Cube_FW_H7_V1.10.0, STM32Cube_FW_L5_V1.4.0, STM32Cube_FW_U5_V1.1.1, STM32Cube_FW_WB_V1.14.1, STM32Cube_FW_WL_V1.2.0, X-CUBE-ALGOBUILD_V1.3.0, X-CUBE-ALS_V1.0.1, X-CUBE-AZRTOS-F4_V1.1.0, X-CUBE-AZRTOS-F7_V1.1.0, X-CUBE-AZRTOS-G0_V1.1.0, X-CUBE-AZRTOS-G4_V1.0.0, X-CUBE-AZRTOS-H7_V2.1.0, X-CUBE-AZRTOS-L4_V1.0.0, X-CUBE-AZRTOS-L5_V1.0.0, X-CUBE-AZRTOS-WL_V1.0.0, X-CUBE-BLE1_V6.2.3, X-CUBE-BLE2_V3.3.0, X-CUBE-EEPRMA1_V3.1.1, X-CUBE-GNSS1_V6.0.0, X-CUBE-MEMS1_V9.1.0, X-CUBE-MEMS1_V9.3.0, X-CUBE-NFC4_V2.0.4, X-CUBE-NFC7_V1.0.0, X-CUBE-SFXS2LP1_V4.0.0, X-CUBE-SUBG2_V5.0.0]
2022-11-05 16:52:16,229 [WARN] PackLoader:242 - Cannot read IP mode file for wolfSSL.I-CUBE-wolfSSL.5.2.0
2022-11-05 16:52:16,240 [WARN] PackLoader:242 - Cannot read IP mode file for STMicroelectronics.X-CUBE-GNSS1.6.0.0
2022-11-05 16:52:16,270 [WARN] PackLoader:242 - Cannot read IP mode file for STMicroelectronics.X-CUBE-AZRTOS-F4.1.1.0
2022-11-05 16:52:16,287 [WARN] PackLoader:242 - Cannot read IP mode file for STMicroelectronics.X-CUBE-BLEMGR.1.2.0
2022-11-05 16:52:16,316 [WARN] PackLoader:242 - Cannot read IP mode file for STMicroelectronics.X-CUBE-AZRTOS-F7.1.1.0
2022-11-05 16:52:16,324 [WARN] PackLoader:242 - Cannot read IP mode file for STMicroelectronics.X-CUBE-AI.7.1.0
2022-11-05 16:52:16,330 [WARN] PackLoader:242 - Cannot read IP mode file for STMicroelectronics.X-CUBE-BLE1.6.2.3
2022-11-05 16:52:16,336 [WARN] PackLoader:242 - Cannot read IP mode file for STMicroelectronics.X-CUBE-BLE1.6.2.2
2022-11-05 16:52:16,355 [WARN] PackLoader:242 - Cannot read IP mode file for STMicroelectronics.X-CUBE-NFC4.2.0.4
2022-11-05 16:52:16,362 [WARN] PackLoader:242 - Cannot read IP mode file for STMicroelectronics.X-CUBE-BLE2.3.2.2
2022-11-05 16:52:16,368 [WARN] PackLoader:242 - Cannot read IP mode file for STMicroelectronics.X-CUBE-NFC4.2.0.3
2022-11-05 16:52:16,382 [WARN] PackLoader:242 - Cannot read IP mode file for STMicroelectronics.X-CUBE-TOF1.3.1.0
2022-11-05 16:52:16,397 [WARN] PackLoader:242 - Cannot read IP mode file for STMicroelectronics.X-CUBE-SFXS2LP1.3.1.0
2022-11-05 16:52:16,420 [WARN] PackLoader:242 - Cannot read IP mode file for STMicroelectronics.X-CUBE-AZRTOS-F4.1.0.0
2022-11-05 16:52:16,431 [WARN] PackLoader:242 - Cannot read IP mode file for STMicroelectronics.X-CUBE-NFC7.1.0.0
2022-11-05 16:52:16,445 [WARN] PackLoader:242 - Cannot read IP mode file for STMicroelectronics.X-CUBE-SUBG2.4.2.0
2022-11-05 16:52:16,500 [WARN] PackLoader:242 - Cannot read IP mode file for STMicroelectronics.X-CUBE-MEMS1.9.3.0
2022-11-05 16:52:16,631 [WARN] PackLoader:242 - Cannot read IP mode file for STMicroelectronics.X-CUBE-AI.7.2.0
2022-11-05 16:52:16,646 [WARN] PackLoader:242 - Cannot read IP mode file for STMicroelectronics.X-CUBE-AZRTOS-G0.1.0.0
2022-11-05 16:52:16,655 [WARN] PackLoader:242 - Cannot read IP mode file for STMicroelectronics.X-CUBE-SFXS2LP1.4.0.0
2022-11-05 16:52:16,659 [WARN] PackLoader:242 - Cannot read IP mode file for STMicroelectronics.X-CUBE-BLE2.3.3.0
2022-11-05 16:52:16,668 [WARN] PackLoader:242 - Cannot read IP mode file for STMicroelectronics.X-CUBE-DISPLAY.2.2.0
2022-11-05 16:52:16,680 [WARN] PackLoader:242 - Cannot read IP mode file for STMicroelectronics.X-CUBE-TOF1.3.2.0
2022-11-05 16:52:16,688 [WARN] PackLoader:242 - Cannot read IP mode file for STMicroelectronics.X-CUBE-TOUCHGFX.4.18.1
2022-11-05 16:52:16,692 [WARN] PackLoader:242 - Cannot read IP mode file for STMicroelectronics.X-CUBE-ISPU.1.0.0
2022-11-05 16:52:16,701 [WARN] PackLoader:242 - Cannot read IP mode file for RoweBots.I-CUBE-UNISONRTOS.5.5.0-4
2022-11-05 16:52:16,731 [WARN] PackLoader:242 - Cannot read IP mode file for STMicroelectronics.X-CUBE-AZRTOS-H7.2.1.0
2022-11-05 16:52:16,740 [WARN] PackLoader:242 - Cannot read IP mode file for STMicroelectronics.X-CUBE-BLEMGR.1.0.0
2022-11-05 16:52:16,748 [WARN] PackLoader:242 - Cannot read IP mode file for STMicroelectronics.X-CUBE-ALGOBUILD.1.3.0
2022-11-05 16:52:16,780 [WARN] PackLoader:242 - Cannot read IP mode file for STMicroelectronics.X-CUBE-AZRTOS-G0.1.1.0
2022-11-05 16:52:16,788 [INFO] ApiDb:239 - Found 138 in-development CPN: [B-WB1M-WPAN1, NUCLEO-C031C6, STEVAL-STWINBX1, STM320518-EVAL, STM32C0116-DK, STM32C011D6Y3TR, STM32C011D6Y6TR, STM32C011F4P3, STM32C011F4P6, STM32C011F4U3, STM32C011F4U6TR, STM32C011F6P3, STM32C011F6P6, STM32C011F6U3, STM32C011F6U6TR, STM32C011J4M3, STM32C011J4M6, STM32C011J6M3, STM32C011J6M6, STM32C0316-DK, STM32C031C4T3, STM32C031C4T6, STM32C031C4U3, STM32C031C4U6, STM32C031C6T3, STM32C031C6T6, STM32C031C6U3, STM32C031C6U6, STM32C031F4P3, STM32C031F4P6, STM32C031F6P3, STM32C031F6P6, STM32C031G4U3, STM32C031G4U6, STM32C031G6U3, STM32C031G6U6, STM32C031K4T3, STM32C031K4T6, STM32C031K4U3, STM32C031K4U6, STM32C031K6T3, STM32C031K6T6, STM32C031K6U3, STM32C031K6U6, STM32G071K8TXN, STM32G071K8UXN, STM32G081GBU6N, STM32G081KBT6N, STM32G081KBUXN, STM32G0B1CCT6N, STM32G0B1KCT6, STM32G0B1NEY6TR, STM32G0B1RCT6N, STM32G0C1CCT6, STM32G0C1CCT6N, STM32G0C1CCU6N, STM32G0C1CET6N, STM32G0C1CEU6N, STM32G0C1KCT6, STM32G0C1NEY6TR, STM32G0C1RCI6N, STM32G0C1RCT6N, STM32G0C1REI6N, STM32G0C1RET6N, STM32G0C1VCI6, STM32G0C1VEI6, STM32G471CCT6, STM32G471CCU6, STM32G471CET3, STM32G471CET6, STM32G471CEU3, STM32G471CEU6, STM32G471MCT6, STM32G471MET3, STM32G471MET6, STM32G471MEY6TR, STM32G471QCT6, STM32G471QET3, STM32G471RCT6, STM32G471RET3, STM32G471RET6, STM32G471VCH6, STM32G471VCI6, STM32G471VCT6, STM32G471VEH3, STM32G471VEH6, STM32G471VEI3, STM32G471VEI6, STM32G471VET3, STM32G471VET6, STM32G474CCT6, STM32L476VGY6PTR, STM32L4R5QGI6STR, STM32MP131AAE3, STM32MP131AAF3, STM32MP131AAG3, STM32MP131CAE3, STM32MP131CAF3, STM32MP131CAG3, STM32MP131DAE7, STM32MP131DAF7, STM32MP131DAG7, STM32MP131FAE7, STM32MP131FAF7, STM32MP131FAG7, STM32MP133AAE3, STM32MP133AAF3, STM32MP133AAG3, STM32MP133CAE3, STM32MP133CAF3, STM32MP133CAG3, STM32MP133DAE7, STM32MP133DAF7, STM32MP133DAG7, STM32MP133FAE7, STM32MP133FAF7, STM32MP133FAG7, STM32MP135AAE3, STM32MP135AAF3, STM32MP135AAG3, STM32MP135CAE3, STM32MP135CAF3, STM32MP135CAG3, STM32MP135DAE7, STM32MP135DAF7, STM32MP135DAG7, STM32MP135F-DK, STM32MP135FAE7, STM32MP135FAF7, STM32MP135FAG7, STM32U595ZJT6Q, STM32U599BJY6QTR, STM32U599NIH6Q, STM32U599NJH6Q, STM32U5A5ZJT6Q, STM32U5A9BJY6QTR, STM32U5A9NJH6Q, STM32WB1MMCH6]
2022-11-05 16:52:16,815 [WARN] PackLoader:242 - Cannot read IP mode file for STMicroelectronics.X-CUBE-SUBG2.5.0.0
2022-11-05 16:52:16,815 [INFO] DbMcus:215 - Found 3542 MCUs, 3542 are supported
2022-11-05 16:52:16,819 [INFO] ApiDb:418 - Load user favorites file C:\Users\Zver/.stm32cubeide/favorites.mcus.txt: 1 item(s)
2022-11-05 16:52:16,820 [INFO] ApiDb:422 - User favorites MCUs=[STM32F103C8T6]
2022-11-05 16:52:16,820 [INFO] DbMcus:221 - Set 1 / 1 favorites MCUs
2022-11-05 16:52:16,859 [WARN] PackLoader:242 - Cannot read IP mode file for SEGGER.I-CUBE-embOS.1.2.0
2022-11-05 16:52:16,909 [WARN] PackLoader:242 - Cannot read IP mode file for STMicroelectronics.FP-ATR-ASTRA1.1.1.1
2022-11-05 16:52:16,934 [WARN] PackLoader:242 - Cannot read IP mode file for STMicroelectronics.X-CUBE-AZRTOS-H7.2.0.0
2022-11-05 16:52:16,951 [WARN] PackLoader:242 - Cannot read IP mode file for STMicroelectronics.X-CUBE-AZRTOS-G4.1.0.0
2022-11-05 16:52:16,955 [WARN] PackLoader:242 - Cannot read IP mode file for STMicroelectronics.FP-ATR-SIGFOX1.3.2.0
2022-11-05 16:52:16,970 [WARN] PackLoader:242 - Cannot read IP mode file for STMicroelectronics.X-CUBE-AZRTOS-L4.1.0.0
2022-11-05 16:52:16,978 [WARN] PackLoader:242 - Cannot read IP mode file for emotas.I-CUBE-CANOPEN.1.1.2
2022-11-05 16:52:16,982 [WARN] PackLoader:242 - Cannot read IP mode file for STMicroelectronics.X-CUBE-TOUCHGFX.4.20.0
2022-11-05 16:52:16,995 [WARN] PackLoader:242 - Cannot read IP mode file for STMicroelectronics.X-CUBE-AZRTOS-F7.1.0.0
2022-11-05 16:52:17,005 [WARN] PackLoader:242 - Cannot read IP mode file for STMicroelectronics.X-CUBE-AZRTOS-WL.1.0.0
2022-11-05 16:52:17,038 [WARN] PackLoader:242 - Cannot read IP mode file for STMicroelectronics.X-CUBE-MEMS1.9.1.0
2022-11-05 16:52:17,134 [WARN] PackLoader:242 - Cannot read IP mode file for portGmbH.I-Cube-SoM-uGOAL.1.1.0
2022-11-05 16:52:17,137 [WARN] PackLoader:242 - Cannot read IP mode file for STMicroelectronics.X-CUBE-ALS.1.0.1
2022-11-05 16:52:17,147 [WARN] PackLoader:242 - Cannot read IP mode file for STMicroelectronics.X-CUBE-AZRTOS-L5.1.0.0
2022-11-05 16:52:17,153 [WARN] PackLoader:242 - Cannot read IP mode file for STMicroelectronics.X-CUBE-EEPRMA1.3.1.1
2022-11-05 16:52:17,157 [WARN] PackLoader:242 - Cannot read IP mode file for STMicroelectronics.X-CUBE-GNSS1.5.2.0
2022-11-05 16:52:17,161 [WARN] PackLoader:242 - Cannot read IP mode file for STMicroelectronics.X-CUBE-DISPLAY.2.0.1
2022-11-05 16:52:17,167 [WARN] PackLoader:242 - Cannot read IP mode file for STMicroelectronics.X-CUBE-TOF1.3.0.0
2022-11-05 16:52:17,168 [INFO] ThirdParty:929 - Integrity check success = true
2022-11-05 16:52:17,169 [INFO] IntegrityCheckThread:98 - exiting critical section [integrity check]
2022-11-05 16:52:17,169 [INFO] IntegrityCheckThread:101 - End integrity checks thread
2022-11-05 16:52:18,084 [INFO] LoadUrlFilesThread:177 - End of LoadServerUrlFiles without Thread
2022-11-05 16:52:18,108 [INFO] DetailPanel:339 - Set advertising image to C:/Users/Zver/STM32Cube/Repository/\en.Prom_NBSTM32U50921.jpg
2022-11-05 16:52:18,791 [INFO] MultiScanPanel:778 - Auto Refresh Data is not needed
2022-11-05 16:52:18,801 [INFO] ApiDb:663 - CubeFinder database Data Model version=2.1
2022-11-05 16:52:18,801 [INFO] ApiDb:664 - CubeFinder database Configuration version=3.0.32
2022-11-05 16:52:18,801 [INFO] ApiDb:665 - CubeFinder database generation date=2022-08-05 (1659688109)
2022-11-05 16:52:18,801 [INFO] ApiDb:666 - CubeFinder database FW Pack versions=[STM32Cube_FW_C0_V1.0.0, STM32Cube_FW_F4_V1.27.1, STM32Cube_FW_F7_V1.17.0, STM32Cube_FW_G0_V1.6.1, STM32Cube_FW_G4_V1.5.0, STM32Cube_FW_H7_V1.10.0, STM32Cube_FW_L5_V1.4.0, STM32Cube_FW_U5_V1.1.1, STM32Cube_FW_WB_V1.14.1, STM32Cube_FW_WL_V1.2.0, X-CUBE-ALGOBUILD_V1.3.0, X-CUBE-ALS_V1.0.1, X-CUBE-AZRTOS-F4_V1.1.0, X-CUBE-AZRTOS-F7_V1.1.0, X-CUBE-AZRTOS-G0_V1.1.0, X-CUBE-AZRTOS-G4_V1.0.0, X-CUBE-AZRTOS-H7_V2.1.0, X-CUBE-AZRTOS-L4_V1.0.0, X-CUBE-AZRTOS-L5_V1.0.0, X-CUBE-AZRTOS-WL_V1.0.0, X-CUBE-BLE1_V6.2.3, X-CUBE-BLE2_V3.3.0, X-CUBE-EEPRMA1_V3.1.1, X-CUBE-GNSS1_V6.0.0, X-CUBE-MEMS1_V9.1.0, X-CUBE-MEMS1_V9.3.0, X-CUBE-NFC4_V2.0.4, X-CUBE-NFC7_V1.0.0, X-CUBE-SFXS2LP1_V4.0.0, X-CUBE-SUBG2_V5.0.0]
2022-11-05 16:52:18,877 [INFO] DbBoardsSqlite:227 - include board P-NUCLEO-WB55-NUCLEO as a kit item of type 'Nucleo-64'
2022-11-05 16:52:18,878 [INFO] DbBoardsSqlite:227 - include board P-NUCLEO-WB55-USBDONGLE as a kit item of type 'Nucleo USB Dongle'
2022-11-05 16:52:18,878 [INFO] DbBoardsSqlite:227 - include board STEVAL-IDP005V1 as a kit item of type 'Evaluation Board'
2022-11-05 16:52:18,879 [INFO] DbBoardsSqlite:227 - include board STEVAL-IDP005V2 as a kit item of type 'Evaluation Board'
2022-11-05 16:52:18,891 [INFO] ApiDb:239 - Found 138 in-development CPN: [B-WB1M-WPAN1, NUCLEO-C031C6, STEVAL-STWINBX1, STM320518-EVAL, STM32C0116-DK, STM32C011D6Y3TR, STM32C011D6Y6TR, STM32C011F4P3, STM32C011F4P6, STM32C011F4U3, STM32C011F4U6TR, STM32C011F6P3, STM32C011F6P6, STM32C011F6U3, STM32C011F6U6TR, STM32C011J4M3, STM32C011J4M6, STM32C011J6M3, STM32C011J6M6, STM32C0316-DK, STM32C031C4T3, STM32C031C4T6, STM32C031C4U3, STM32C031C4U6, STM32C031C6T3, STM32C031C6T6, STM32C031C6U3, STM32C031C6U6, STM32C031F4P3, STM32C031F4P6, STM32C031F6P3, STM32C031F6P6, STM32C031G4U3, STM32C031G4U6, STM32C031G6U3, STM32C031G6U6, STM32C031K4T3, STM32C031K4T6, STM32C031K4U3, STM32C031K4U6, STM32C031K6T3, STM32C031K6T6, STM32C031K6U3, STM32C031K6U6, STM32G071K8TXN, STM32G071K8UXN, STM32G081GBU6N, STM32G081KBT6N, STM32G081KBUXN, STM32G0B1CCT6N, STM32G0B1KCT6, STM32G0B1NEY6TR, STM32G0B1RCT6N, STM32G0C1CCT6, STM32G0C1CCT6N, STM32G0C1CCU6N, STM32G0C1CET6N, STM32G0C1CEU6N, STM32G0C1KCT6, STM32G0C1NEY6TR, STM32G0C1RCI6N, STM32G0C1RCT6N, STM32G0C1REI6N, STM32G0C1RET6N, STM32G0C1VCI6, STM32G0C1VEI6, STM32G471CCT6, STM32G471CCU6, STM32G471CET3, STM32G471CET6, STM32G471CEU3, STM32G471CEU6, STM32G471MCT6, STM32G471MET3, STM32G471MET6, STM32G471MEY6TR, STM32G471QCT6, STM32G471QET3, STM32G471RCT6, STM32G471RET3, STM32G471RET6, STM32G471VCH6, STM32G471VCI6, STM32G471VCT6, STM32G471VEH3, STM32G471VEH6, STM32G471VEI3, STM32G471VEI6, STM32G471VET3, STM32G471VET6, STM32G474CCT6, STM32L476VGY6PTR, STM32L4R5QGI6STR, STM32MP131AAE3, STM32MP131AAF3, STM32MP131AAG3, STM32MP131CAE3, STM32MP131CAF3, STM32MP131CAG3, STM32MP131DAE7, STM32MP131DAF7, STM32MP131DAG7, STM32MP131FAE7, STM32MP131FAF7, STM32MP131FAG7, STM32MP133AAE3, STM32MP133AAF3, STM32MP133AAG3, STM32MP133CAE3, STM32MP133CAF3, STM32MP133CAG3, STM32MP133DAE7, STM32MP133DAF7, STM32MP133DAG7, STM32MP133FAE7, STM32MP133FAF7, STM32MP133FAG7, STM32MP135AAE3, STM32MP135AAF3, STM32MP135AAG3, STM32MP135CAE3, STM32MP135CAF3, STM32MP135CAG3, STM32MP135DAE7, STM32MP135DAF7, STM32MP135DAG7, STM32MP135F-DK, STM32MP135FAE7, STM32MP135FAF7, STM32MP135FAG7, STM32U595ZJT6Q, STM32U599BJY6QTR, STM32U599NIH6Q, STM32U599NJH6Q, STM32U5A5ZJT6Q, STM32U5A9BJY6QTR, STM32U5A9NJH6Q, STM32WB1MMCH6]
2022-11-05 16:52:19,000 [INFO] BoardInfo:879 - No configuration file found for board P-NUCLEO-WB55
2022-11-05 16:52:19,000 [INFO] DbBoards:156 - Kit is not supported: P-NUCLEO-WB55
2022-11-05 16:52:19,004 [INFO] BoardInfo:879 - No configuration file found for board STEVAL-BFA001V1B
2022-11-05 16:52:19,004 [INFO] DbBoards:156 - Kit is not supported: STEVAL-BFA001V1B
2022-11-05 16:52:19,005 [INFO] BoardInfo:879 - No configuration file found for board STEVAL-BFA001V2B
2022-11-05 16:52:19,005 [INFO] DbBoards:156 - Kit is not supported: STEVAL-BFA001V2B
2022-11-05 16:52:19,114 [INFO] DbBoards:160 - Found 176 boards, 173 are supported
2022-11-05 16:52:19,119 [INFO] ApiDb:418 - Load user favorites file C:\Users\Zver/.stm32cubeide/favorites.boards.txt: 0 item(s)
2022-11-05 16:52:19,119 [INFO] ApiDb:422 - User favorites Boards=[]
2022-11-05 16:52:19,119 [INFO] DbBoards:189 - Set 0 / 0 favorites Boards
2022-11-05 16:52:30,101 [ERROR] LogOutputStream:74 - [STDERR_REDIRECT] SLF4J: Failed to load class "org.slf4j.impl.StaticLoggerBinder".
2022-11-05 16:52:30,102 [ERROR] LogOutputStream:74 - [STDERR_REDIRECT] SLF4J: Defaulting to no-operation (NOP) logger implementation
2022-11-05 16:52:30,104 [ERROR] LogOutputStream:74 - [STDERR_REDIRECT] SLF4J: See http://www.slf4j.org/codes.html#StaticLoggerBinder for further details.
2022-11-05 16:52:37,164 [INFO] MainUpdater:2768 - connection check result : 10
2022-11-05 16:52:37,165 [INFO] MainUpdater:2768 - connection check result : 10
2022-11-05 16:52:37,187 [INFO] MicroXplorer:451 - Change Database Path : 
2022-11-05 16:52:37,187 [INFO] MicroXplorer:481 - Change Database Version : DB.6.0.60
2022-11-05 16:52:37,188 [WARN] ThirdParty:827 - waiting for thirdparty lock release [close project]
2022-11-05 16:52:37,188 [INFO] ThirdParty:829 - entering critical section [close project]
2022-11-05 16:52:37,189 [INFO] ThirdParty:839 - exiting critical section [close project]
2022-11-05 16:52:37,194 [INFO] PinOutPanel:1468 - setPackage(No Configuration,No Configuration)
2022-11-05 16:52:37,201 [INFO] UtilMem:74 - Begin LoadConfig() Used Memory: 244808624 Bytes (399507456)
2022-11-05 16:52:37,202 [INFO] MicroXplorer:451 - Change Database Path : 
2022-11-05 16:52:37,202 [INFO] MicroXplorer:481 - Change Database Version : DB.6.0.60
2022-11-05 16:52:37,202 [INFO] OpenFileManager:307 - Change cursor
2022-11-05 16:52:37,319 [INFO] Mcu:1922 - Initializing MCU STM32F103C8Tx STM32F103C8Tx 
2022-11-05 16:52:37,320 [INFO] Mcu:1935 - No CPN specified => set CPN to STM32F103C8T6
2022-11-05 16:52:38,031 [INFO] Context:654 - Trying to add GPIOservice into a context  which must be forbidden
2022-11-05 16:52:38,215 [INFO] ImportTextPane:193 - (OptionalMessage_ERROR) Unable to find key (Mcu.ThirdPartyNb) in loaded IOC file
2022-11-05 16:52:38,215 [INFO] ImportTextPane:193 - (OptionalMessage_ERROR) Unable to find key (Mcu.PinsNb) in loaded IOC file
2022-11-05 16:52:38,215 [INFO] ImportTextPane:193 - (OptionalMessage_ERROR) Unable to find key (Mcu.IPNb) in loaded IOC file
2022-11-05 16:52:38,271 [WARN] ApiManager:308 - Cannot register API 'Board Extension:GNSS1A1' from pack STMicroelectronics.X-CUBE-GNSS1.6.0.0: no header file found
2022-11-05 16:52:38,272 [WARN] ApiManager:308 - Cannot register API 'Board Support:Custom' from pack STMicroelectronics.X-CUBE-GNSS1.6.0.0: no header file found
2022-11-05 16:52:38,272 [WARN] ApiManager:308 - Cannot register API 'Data Exchange:lib_gnss' from pack STMicroelectronics.X-CUBE-GNSS1.6.0.0: no header file found
2022-11-05 16:52:38,284 [WARN] ApiManager:308 - Cannot register API 'Wireless:BlueNRG-MS' from pack STMicroelectronics.X-CUBE-BLE1.6.2.3: no header file found
2022-11-05 16:52:38,286 [INFO] RtosManager:488 - Registered RTOS mode: class=CMSIS, group=RTOS, mode=CMSIS_V1, owner=FREERTOS
2022-11-05 16:52:38,286 [INFO] RtosManager:488 - Registered RTOS mode: class=CMSIS, group=RTOS2, mode=CMSIS_V2, owner=FREERTOS
2022-11-05 16:52:38,286 [INFO] RtosManager:488 - Registered RTOS mode: class=RTOS, group=Core, mode=CMSIS_V1, owner=FREERTOS
2022-11-05 16:52:38,286 [INFO] RtosManager:488 - Registered RTOS mode: class=RTOS, group=Core, mode=CMSIS_V2, owner=FREERTOS
2022-11-05 16:52:38,286 [WARN] ModelIntegratedComponent:185 - Missing modes for component STMicroelectronics:FreeRTOS:0.0.1:STMicroelectronics:RTOS:FreeRTOS:Core:::10.2.0:
2022-11-05 16:52:38,291 [WARN] ApiManager:308 - Cannot register API 'Board Extension:S2868A1' from pack STMicroelectronics.X-CUBE-SUBG2.5.0.0: no header file found
2022-11-05 16:52:38,291 [WARN] ApiManager:308 - Cannot register API 'Board Extension:S2868A2' from pack STMicroelectronics.X-CUBE-SUBG2.5.0.0: no header file found
2022-11-05 16:52:38,291 [WARN] ApiManager:308 - Cannot register API 'Board Extension:S2915A1' from pack STMicroelectronics.X-CUBE-SUBG2.5.0.0: no header file found
2022-11-05 16:52:38,296 [WARN] ApiManager:308 - Cannot register API 'Wireless:BlueNRG-MS' from pack STMicroelectronics.X-CUBE-BLE1.6.2.2: no header file found
2022-11-05 16:52:38,297 [WARN] ApiManager:308 - Cannot register API 'Board Extension:NFC04A1' from pack STMicroelectronics.X-CUBE-NFC4.2.0.4: no header file found
2022-11-05 16:52:38,297 [WARN] ApiManager:308 - Cannot register API 'Wireless:BlueNRG-2' from pack STMicroelectronics.X-CUBE-BLE2.3.2.2: no header file found
2022-11-05 16:52:38,298 [WARN] ApiManager:308 - Cannot register API 'Board Extension:NFC04A1' from pack STMicroelectronics.X-CUBE-NFC4.2.0.3: no header file found
2022-11-05 16:52:38,302 [WARN] ApiManager:308 - Cannot register API 'Board Extension:S2868A1' from pack STMicroelectronics.X-CUBE-SFXS2LP1.3.1.0: no header file found
2022-11-05 16:52:38,302 [WARN] ApiManager:308 - Cannot register API 'Board Extension:S2868A2' from pack STMicroelectronics.X-CUBE-SFXS2LP1.3.1.0: no header file found
2022-11-05 16:52:38,302 [WARN] ApiManager:308 - Cannot register API 'Board Extension:S2915A1' from pack STMicroelectronics.X-CUBE-SFXS2LP1.3.1.0: no header file found
2022-11-05 16:52:38,310 [WARN] ModelIntegratedComponent:64 - No mode defined for component null
2022-11-05 16:52:38,310 [WARN] ModelIntegratedComponent:64 - No mode defined for component null
2022-11-05 16:52:38,310 [WARN] ModelIntegratedComponent:64 - No mode defined for component null
2022-11-05 16:52:38,310 [WARN] ModelIntegratedComponent:64 - No mode defined for component null
2022-11-05 16:52:38,310 [WARN] ModelIntegratedComponent:64 - No mode defined for component null
2022-11-05 16:52:38,310 [WARN] ModelIntegratedComponent:64 - No mode defined for component null
2022-11-05 16:52:38,310 [WARN] ModelIntegratedComponent:64 - No mode defined for component null
2022-11-05 16:52:38,310 [WARN] ModelIntegratedComponent:64 - No mode defined for component null
2022-11-05 16:52:38,311 [WARN] ModelIntegratedComponent:64 - No mode defined for component null
2022-11-05 16:52:38,311 [WARN] ModelIntegratedComponent:64 - No mode defined for component null
2022-11-05 16:52:38,311 [WARN] ModelIntegratedComponent:64 - No mode defined for component null
2022-11-05 16:52:38,311 [WARN] ModelIntegratedComponent:64 - No mode defined for component null
2022-11-05 16:52:38,311 [WARN] ModelIntegratedComponent:64 - No mode defined for component null
2022-11-05 16:52:38,311 [WARN] ModelIntegratedComponent:64 - No mode defined for component null
2022-11-05 16:52:38,311 [WARN] ModelIntegratedComponent:64 - No mode defined for component null
2022-11-05 16:52:38,311 [WARN] ModelIntegratedComponent:64 - No mode defined for component null
2022-11-05 16:52:38,311 [WARN] ModelIntegratedComponent:64 - No mode defined for component null
2022-11-05 16:52:38,311 [WARN] ModelIntegratedComponent:64 - No mode defined for component null
2022-11-05 16:52:38,311 [WARN] ModelIntegratedComponent:64 - No mode defined for component null
2022-11-05 16:52:38,311 [WARN] ModelIntegratedComponent:64 - No mode defined for component null
2022-11-05 16:52:38,312 [WARN] ModelIntegratedComponent:64 - No mode defined for component null
2022-11-05 16:52:38,312 [WARN] ModelIntegratedComponent:64 - No mode defined for component null
2022-11-05 16:52:38,312 [WARN] ModelIntegratedComponent:64 - No mode defined for component null
2022-11-05 16:52:38,312 [WARN] ModelIntegratedComponent:64 - No mode defined for component null
2022-11-05 16:52:38,312 [WARN] ModelIntegratedComponent:64 - No mode defined for component null
2022-11-05 16:52:38,312 [WARN] ModelIntegratedComponent:64 - No mode defined for component null
2022-11-05 16:52:38,312 [WARN] ModelIntegratedComponent:64 - No mode defined for component null
2022-11-05 16:52:38,312 [WARN] ModelIntegratedComponent:64 - No mode defined for component null
2022-11-05 16:52:38,312 [WARN] ModelIntegratedComponent:64 - No mode defined for component null
2022-11-05 16:52:38,312 [WARN] ModelIntegratedComponent:64 - No mode defined for component null
2022-11-05 16:52:38,312 [WARN] ModelIntegratedComponent:64 - No mode defined for component null
2022-11-05 16:52:38,312 [WARN] ModelIntegratedComponent:64 - No mode defined for component null
2022-11-05 16:52:38,312 [WARN] ModelIntegratedComponent:64 - No mode defined for component null
2022-11-05 16:52:38,315 [WARN] ApiManager:308 - Cannot register API 'Board Extension:NFC07A1' from pack STMicroelectronics.X-CUBE-NFC7.1.0.0: no header file found
2022-11-05 16:52:38,318 [WARN] ApiManager:308 - Cannot register API 'Board Extension:S2868A1' from pack STMicroelectronics.X-CUBE-SUBG2.4.2.0: no header file found
2022-11-05 16:52:38,320 [WARN] ApiManager:308 - Cannot register API 'Board Extension:S2868A2' from pack STMicroelectronics.X-CUBE-SUBG2.4.2.0: no header file found
2022-11-05 16:52:38,320 [WARN] ApiManager:308 - Cannot register API 'Board Extension:S2915A1' from pack STMicroelectronics.X-CUBE-SUBG2.4.2.0: no header file found
2022-11-05 16:52:38,417 [WARN] ApiManager:308 - Cannot register API 'Board Extension:IKS01A3' from pack STMicroelectronics.X-CUBE-MEMS1.9.1.0: no header file found
2022-11-05 16:52:38,417 [WARN] ApiManager:308 - Cannot register API 'Board Extension:IKS01A2' from pack STMicroelectronics.X-CUBE-MEMS1.9.1.0: no header file found
2022-11-05 16:52:38,417 [WARN] ApiManager:308 - Cannot register API 'Board Extension:IKS02A1' from pack STMicroelectronics.X-CUBE-MEMS1.9.1.0: no header file found
2022-11-05 16:52:38,480 [WARN] ApiManager:308 - Cannot register API 'Board Extension:IKS01A3' from pack STMicroelectronics.X-CUBE-MEMS1.9.3.0: no header file found
2022-11-05 16:52:38,480 [WARN] ApiManager:308 - Cannot register API 'Board Extension:IKS01A2' from pack STMicroelectronics.X-CUBE-MEMS1.9.3.0: no header file found
2022-11-05 16:52:38,480 [WARN] ApiManager:308 - Cannot register API 'Board Extension:IKS02A1' from pack STMicroelectronics.X-CUBE-MEMS1.9.3.0: no header file found
2022-11-05 16:52:38,486 [WARN] ApiManager:308 - Cannot register API 'Board Extension:EEPRMA1' from pack STMicroelectronics.X-CUBE-EEPRMA1.3.1.1: no header file found
2022-11-05 16:52:38,486 [WARN] ApiManager:308 - Cannot register API 'Board Extension:EEPRMA2' from pack STMicroelectronics.X-CUBE-EEPRMA1.3.1.1: no header file found
2022-11-05 16:52:38,487 [WARN] ApiManager:308 - Cannot register API 'Board Extension:GNSS1A1' from pack STMicroelectronics.X-CUBE-GNSS1.5.2.0: no header file found
2022-11-05 16:52:38,487 [WARN] ApiManager:308 - Cannot register API 'Board Support:Custom' from pack STMicroelectronics.X-CUBE-GNSS1.5.2.0: no header file found
2022-11-05 16:52:38,487 [WARN] ApiManager:308 - Cannot register API 'Data Exchange:lib_gnss' from pack STMicroelectronics.X-CUBE-GNSS1.5.2.0: no header file found
2022-11-05 16:52:38,487 [WARN] ApiManager:308 - Cannot register API 'Board Extension:S2868A1' from pack STMicroelectronics.X-CUBE-SFXS2LP1.4.0.0: no header file found
2022-11-05 16:52:38,487 [WARN] ApiManager:308 - Cannot register API 'Board Extension:S2868A2' from pack STMicroelectronics.X-CUBE-SFXS2LP1.4.0.0: no header file found
2022-11-05 16:52:38,488 [WARN] ApiManager:308 - Cannot register API 'Board Extension:S2915A1' from pack STMicroelectronics.X-CUBE-SFXS2LP1.4.0.0: no header file found
2022-11-05 16:52:38,488 [WARN] ApiManager:308 - Cannot register API 'Wireless:BlueNRG-2' from pack STMicroelectronics.X-CUBE-BLE2.3.3.0: no header file found
2022-11-05 16:52:38,502 [INFO] ThirdPartyModel:289 - Start build external matchings
2022-11-05 16:52:39,079 [INFO] ThirdPartyModel:302 - End build external matchings
2022-11-05 16:52:39,253 [INFO] UtilMem:74 - End LoadConfig() Used Memory: 263426376 Bytes (399507456)
2022-11-05 16:52:39,270 [WARN] ThirdParty:789 - waiting for thirdparty lock release [change project]
2022-11-05 16:52:39,270 [INFO] ThirdParty:791 - entering critical section [change project]
2022-11-05 16:52:39,270 [INFO] ThirdParty:981 - CMSIS Pack Vendor :wolfSSL I-CUBE-wolfSSL 5.2.0
2022-11-05 16:52:39,271 [INFO] ThirdParty:981 - CMSIS Pack Vendor :RoweBots I-CUBE-UNISONRTOS 5.5.0-4
2022-11-05 16:52:39,271 [INFO] ThirdParty:981 - CMSIS Pack Vendor :STMicroelectronics X-CUBE-GNSS1 6.0.0
2022-11-05 16:52:39,271 [INFO] ThirdParty:981 - CMSIS Pack Vendor :STMicroelectronics X-CUBE-AZRTOS-H7 2.1.0
2022-11-05 16:52:39,271 [INFO] ThirdParty:981 - CMSIS Pack Vendor :STMicroelectronics USB_HOST 2.0.0
2022-11-05 16:52:39,271 [INFO] ThirdParty:981 - CMSIS Pack Vendor :STMicroelectronics X-CUBE-AZRTOS-F4 1.1.0
2022-11-05 16:52:39,271 [INFO] ThirdParty:981 - CMSIS Pack Vendor :STMicroelectronics LIBJPEG 8.0.0
2022-11-05 16:52:39,271 [INFO] ThirdParty:981 - CMSIS Pack Vendor :STMicroelectronics USB_DEVICE 3.0.0
2022-11-05 16:52:39,271 [INFO] ThirdParty:981 - CMSIS Pack Vendor :STMicroelectronics X-CUBE-BLEMGR 1.0.0
2022-11-05 16:52:39,271 [INFO] ThirdParty:981 - CMSIS Pack Vendor :STMicroelectronics X-CUBE-BLEMGR 1.2.0
2022-11-05 16:52:39,271 [INFO] ThirdParty:981 - CMSIS Pack Vendor :STMicroelectronics X-CUBE-AZRTOS-F7 1.1.0
2022-11-05 16:52:39,271 [INFO] ThirdParty:981 - CMSIS Pack Vendor :STMicroelectronics USB_DEVICE 2.0.0
2022-11-05 16:52:39,272 [INFO] ThirdParty:981 - CMSIS Pack Vendor :STMicroelectronics X-CUBE-AI 7.1.0
2022-11-05 16:52:39,272 [INFO] ThirdParty:981 - CMSIS Pack Vendor :STMicroelectronics X-CUBE-BLE1 6.2.3
2022-11-05 16:52:39,272 [INFO] ThirdParty:981 - CMSIS Pack Vendor :STMicroelectronics X-CUBE-ALGOBUILD 1.3.0
2022-11-05 16:52:39,272 [INFO] ThirdParty:981 - CMSIS Pack Vendor :STMicroelectronics FreeRTOS 0.0.1
2022-11-05 16:52:39,272 [INFO] ThirdParty:981 - CMSIS Pack Vendor :STMicroelectronics X-CUBE-AZRTOS-G0 1.1.0
2022-11-05 16:52:39,272 [INFO] ThirdParty:981 - CMSIS Pack Vendor :STMicroelectronics X-CUBE-SUBG2 5.0.0
2022-11-05 16:52:39,272 [INFO] ThirdParty:981 - CMSIS Pack Vendor :SEGGER I-CUBE-embOS 1.2.0
2022-11-05 16:52:39,272 [INFO] ThirdParty:981 - CMSIS Pack Vendor :STMicroelectronics STM32_WPAN 1.0.0
2022-11-05 16:52:39,272 [INFO] ThirdParty:981 - CMSIS Pack Vendor :STMicroelectronics lwIP 2.0.3
2022-11-05 16:52:39,272 [INFO] ThirdParty:981 - CMSIS Pack Vendor :STMicroelectronics X-CUBE-BLE1 6.2.2
2022-11-05 16:52:39,272 [INFO] ThirdParty:981 - CMSIS Pack Vendor :STMicroelectronics X-CUBE-NFC4 2.0.4
2022-11-05 16:52:39,272 [INFO] ThirdParty:981 - CMSIS Pack Vendor :STMicroelectronics X-CUBE-BLE2 3.2.2
2022-11-05 16:52:39,273 [INFO] ThirdParty:981 - CMSIS Pack Vendor :STMicroelectronics USB_HOST 1.0.0
2022-11-05 16:52:39,273 [INFO] ThirdParty:981 - CMSIS Pack Vendor :STMicroelectronics X-CUBE-NFC4 2.0.3
2022-11-05 16:52:39,273 [INFO] ThirdParty:981 - CMSIS Pack Vendor :STMicroelectronics PDM2PCM 3.1.0
2022-11-05 16:52:39,273 [INFO] ThirdParty:981 - CMSIS Pack Vendor :STMicroelectronics FP-ATR-ASTRA1 1.1.1
2022-11-05 16:52:39,273 [INFO] ThirdParty:981 - CMSIS Pack Vendor :STMicroelectronics PDM2PCM 3.3.0
2022-11-05 16:52:39,273 [INFO] ThirdParty:981 - CMSIS Pack Vendor :STMicroelectronics X-CUBE-TOF1 3.1.0
2022-11-05 16:52:39,273 [INFO] ThirdParty:981 - CMSIS Pack Vendor :STMicroelectronics X-CUBE-SFXS2LP1 3.1.0
2022-11-05 16:52:39,273 [INFO] ThirdParty:981 - CMSIS Pack Vendor :STMicroelectronics X-CUBE-AZRTOS-F4 1.0.0
2022-11-05 16:52:39,274 [INFO] ThirdParty:981 - CMSIS Pack Vendor :STMicroelectronics X-CUBE-AZRTOS-H7 2.0.0
2022-11-05 16:52:39,274 [INFO] ThirdParty:981 - CMSIS Pack Vendor :STMicroelectronics X-CUBE-AZRTOS-G4 1.0.0
2022-11-05 16:52:39,274 [INFO] ThirdParty:981 - CMSIS Pack Vendor :STMicroelectronics FP-ATR-SIGFOX1 3.2.0
2022-11-05 16:52:39,274 [INFO] ThirdParty:981 - CMSIS Pack Vendor :STMicroelectronics X-CUBE-AZRTOS-L4 1.0.0
2022-11-05 16:52:39,275 [INFO] ThirdParty:981 - CMSIS Pack Vendor :STMicroelectronics HAL Drivers 0.0.0
2022-11-05 16:52:39,275 [INFO] ThirdParty:981 - CMSIS Pack Vendor :STMicroelectronics MBEDTLS 2.16.2
2022-11-05 16:52:39,275 [INFO] ThirdParty:981 - CMSIS Pack Vendor :emotas I-CUBE-CANOPEN 1.1.2
2022-11-05 16:52:39,275 [INFO] ThirdParty:981 - CMSIS Pack Vendor :STMicroelectronics X-CUBE-TOUCHGFX 4.20.0
2022-11-05 16:52:39,275 [INFO] ThirdParty:981 - CMSIS Pack Vendor :STMicroelectronics MBEDTLS 2.14.1
2022-11-05 16:52:39,275 [INFO] ThirdParty:981 - CMSIS Pack Vendor :STMicroelectronics X-CUBE-NFC7 1.0.0
2022-11-05 16:52:39,275 [INFO] ThirdParty:981 - CMSIS Pack Vendor :STMicroelectronics X-CUBE-AZRTOS-F7 1.0.0
2022-11-05 16:52:39,275 [INFO] ThirdParty:981 - CMSIS Pack Vendor :STMicroelectronics X-CUBE-AZRTOS-WL 1.0.0
2022-11-05 16:52:39,275 [INFO] ThirdParty:981 - CMSIS Pack Vendor :STMicroelectronics X-CUBE-SUBG2 4.2.0
2022-11-05 16:52:39,276 [INFO] ThirdParty:981 - CMSIS Pack Vendor :STMicroelectronics X-CUBE-MEMS1 9.1.0
2022-11-05 16:52:39,276 [INFO] ThirdParty:981 - CMSIS Pack Vendor :STMicroelectronics X-CUBE-MEMS1 9.3.0
2022-11-05 16:52:39,276 [INFO] ThirdParty:981 - CMSIS Pack Vendor :portGmbH I-Cube-SoM-uGOAL 1.1.0
2022-11-05 16:52:39,276 [INFO] ThirdParty:981 - CMSIS Pack Vendor :STMicroelectronics X-CUBE-ALS 1.0.1
2022-11-05 16:52:39,276 [INFO] ThirdParty:981 - CMSIS Pack Vendor :STMicroelectronics X-CUBE-AI 7.2.0
2022-11-05 16:52:39,276 [INFO] ThirdParty:981 - CMSIS Pack Vendor :STMicroelectronics ThreadX 1.0.0
2022-11-05 16:52:39,277 [INFO] ThirdParty:981 - CMSIS Pack Vendor :STMicroelectronics X-CUBE-AZRTOS-L5 1.0.0
2022-11-05 16:52:39,277 [INFO] ThirdParty:981 - CMSIS Pack Vendor :STMicroelectronics USB_DEVICE 1.0.0
2022-11-05 16:52:39,277 [INFO] ThirdParty:981 - CMSIS Pack Vendor :STMicroelectronics X-CUBE-AZRTOS-G0 1.0.0
2022-11-05 16:52:39,277 [INFO] ThirdParty:981 - CMSIS Pack Vendor :STMicroelectronics X-CUBE-EEPRMA1 3.1.1
2022-11-05 16:52:39,277 [INFO] ThirdParty:981 - CMSIS Pack Vendor :STMicroelectronics X-CUBE-GNSS1 5.2.0
2022-11-05 16:52:39,277 [INFO] ThirdParty:981 - CMSIS Pack Vendor :STMicroelectronics ThreadX 0.0.2
2022-11-05 16:52:39,277 [INFO] ThirdParty:981 - CMSIS Pack Vendor :STMicroelectronics lwIP 2.1.2
2022-11-05 16:52:39,277 [INFO] ThirdParty:981 - CMSIS Pack Vendor :STMicroelectronics X-CUBE-SFXS2LP1 4.0.0
2022-11-05 16:52:39,277 [INFO] ThirdParty:981 - CMSIS Pack Vendor :STMicroelectronics X-CUBE-BLE2 3.3.0
2022-11-05 16:52:39,278 [INFO] ThirdParty:981 - CMSIS Pack Vendor :STMicroelectronics X-CUBE-DISPLAY 2.0.1
2022-11-05 16:52:39,278 [INFO] ThirdParty:981 - CMSIS Pack Vendor :STMicroelectronics X-CUBE-DISPLAY 2.2.0
2022-11-05 16:52:39,278 [INFO] ThirdParty:981 - CMSIS Pack Vendor :STMicroelectronics X-CUBE-TOF1 3.2.0
2022-11-05 16:52:39,278 [INFO] ThirdParty:981 - CMSIS Pack Vendor :STMicroelectronics PDM2PCM 3.2.0
2022-11-05 16:52:39,278 [INFO] ThirdParty:981 - CMSIS Pack Vendor :STMicroelectronics X-CUBE-TOUCHGFX 4.18.1
2022-11-05 16:52:39,278 [INFO] ThirdParty:981 - CMSIS Pack Vendor :STMicroelectronics X-CUBE-TOF1 3.0.0
2022-11-05 16:52:39,278 [INFO] ThirdParty:981 - CMSIS Pack Vendor :STMicroelectronics X-CUBE-ISPU 1.0.0
2022-11-05 16:52:39,278 [INFO] ThirdParty:797 - exiting critical section [change project]
2022-11-05 16:52:39,531 [INFO] PinOutPanel:1468 - setPackage(No Configuration,No Configuration)
2022-11-05 16:52:39,532 [INFO] PinOutPanel:1468 - setPackage(STM32F103C8Tx,LQFP48)
2022-11-05 16:52:40,006 [INFO] UtilMem:74 - Before build in PCC Used Memory: 250958584 Bytes (399507456)
2022-11-05 16:52:40,914 [INFO] UtilMem:74 - After build in PCC Used Memory: 276387344 Bytes (399507456)
2022-11-05 16:52:40,938 [INFO] IPUIPlugin:79 - create IPUIPlugin
2022-11-05 16:52:40,938 [INFO] IPUIPlugin:79 - create IPUIPlugin
2022-11-05 16:52:40,939 [INFO] IPUIPlugin:79 - create IPUIPlugin
2022-11-05 16:52:40,939 [INFO] IPUIPlugin:79 - create IPUIPlugin
2022-11-05 16:52:40,939 [INFO] IPUIPlugin:79 - create IPUIPlugin
2022-11-05 16:52:40,939 [INFO] IPUIPlugin:79 - create IPUIPlugin
2022-11-05 16:52:40,939 [INFO] IPUIPlugin:79 - create IPUIPlugin
2022-11-05 16:52:40,939 [INFO] IPUIPlugin:79 - create IPUIPlugin
2022-11-05 16:52:40,939 [INFO] IPUIPlugin:79 - create IPUIPlugin
2022-11-05 16:52:40,940 [INFO] IPUIPlugin:79 - create IPUIPlugin
2022-11-05 16:52:40,940 [INFO] IPUIPlugin:79 - create IPUIPlugin
2022-11-05 16:52:40,940 [INFO] IPUIPlugin:79 - create IPUIPlugin
2022-11-05 16:52:40,940 [INFO] IPUIPlugin:79 - create IPUIPlugin
2022-11-05 16:52:40,941 [INFO] IPUIPlugin:79 - create IPUIPlugin
2022-11-05 16:52:40,941 [INFO] IPUIPlugin:79 - create IPUIPlugin
2022-11-05 16:52:40,941 [INFO] IPUIPlugin:79 - create IPUIPlugin
2022-11-05 16:52:40,941 [INFO] IPUIPlugin:79 - create IPUIPlugin
2022-11-05 16:52:40,941 [INFO] IPUIPlugin:79 - create IPUIPlugin
2022-11-05 16:52:40,942 [INFO] IPUIPlugin:79 - create IPUIPlugin
2022-11-05 16:52:40,942 [INFO] IPUIPlugin:79 - create IPUIPlugin
2022-11-05 16:52:40,942 [INFO] IPUIPlugin:79 - create IPUIPlugin
2022-11-05 16:52:40,942 [INFO] IPUIPlugin:79 - create IPUIPlugin
2022-11-05 16:52:40,943 [INFO] IPUIPlugin:79 - create IPUIPlugin
2022-11-05 16:52:40,943 [INFO] IPUIPlugin:79 - create IPUIPlugin
2022-11-05 16:52:40,943 [INFO] IPUIPlugin:79 - create IPUIPlugin
2022-11-05 16:52:40,943 [INFO] IPUIPlugin:79 - create IPUIPlugin
2022-11-05 16:52:40,944 [INFO] IPUIPlugin:79 - create IPUIPlugin
2022-11-05 16:52:41,177 [INFO] OpenFileManager:327 - Restore cursor
2022-11-05 16:52:41,880 [INFO] UtilMem:74 - End SaveConfig() Used Memory: 255632896 Bytes (399507456)
2022-11-05 16:52:42,000 [INFO] UtilMem:74 - End SaveConfig() Used Memory: 267712936 Bytes (399507456)
2022-11-05 16:52:42,483 [INFO] BlockDiagram:2753 - set Specific Code input for plugin: NVIC
2022-11-05 16:52:42,484 [INFO] BlockDiagram:2753 - set Specific Code input for plugin: RCC
2022-11-05 16:52:42,485 [INFO] CodeGenerator:690 - code generatio: config db path: C:\ST\STM32CubeIDE_1.9.0\STM32CubeIDE\plugins\com.st.stm32cube.common.mx_6.6.1.202207061420\\db\
2022-11-05 16:52:42,931 [INFO] CodeEngine:245 - oldGeneratedFile, D:\github\mc\stm32\SWO\SWO\MXTmpFiles\license.tmp_save
2022-11-05 16:52:43,357 [INFO] CodeEngine:269 - Generated code: D:\github\mc\stm32\SWO\SWO\MXTmpFiles\license.tmp
2022-11-05 16:52:43,491 [INFO] CodeEngine:245 - oldGeneratedFile, D:\github\mc\stm32\SWO\SWO\Core\Src\stm32f1xx_it.c_save
2022-11-05 16:52:43,805 [INFO] CodeEngine:269 - Generated code: D:\github\mc\stm32\SWO\SWO\Core\Src\stm32f1xx_it.c
2022-11-05 16:52:43,815 [INFO] CodeEngine:245 - oldGeneratedFile, D:\github\mc\stm32\SWO\SWO\Core\Inc\stm32f1xx_it.h_save
2022-11-05 16:52:43,927 [INFO] CodeEngine:269 - Generated code: D:\github\mc\stm32\SWO\SWO\Core\Inc\stm32f1xx_it.h
2022-11-05 16:52:44,054 [INFO] CodeEngine:245 - oldGeneratedFile, D:\github\mc\stm32\SWO\SWO\Core\Src\stm32f1xx_hal_msp.c_save
2022-11-05 16:52:44,266 [INFO] CodeEngine:269 - Generated code: D:\github\mc\stm32\SWO\SWO\Core\Src\stm32f1xx_hal_msp.c
2022-11-05 16:52:44,275 [INFO] CodeEngine:245 - oldGeneratedFile, D:\github\mc\stm32\SWO\SWO\MXTmpFiles\system.tmp_save
2022-11-05 16:52:44,374 [INFO] CodeEngine:269 - Generated code: D:\github\mc\stm32\SWO\SWO\MXTmpFiles\system.tmp
2022-11-05 16:52:44,402 [INFO] CodeEngine:245 - oldGeneratedFile, D:\github\mc\stm32\SWO\SWO\Core\Inc\stm32f1xx_hal_conf.h_save
2022-11-05 16:52:44,546 [INFO] CodeEngine:269 - Generated code: D:\github\mc\stm32\SWO\SWO\Core\Inc\stm32f1xx_hal_conf.h
2022-11-05 16:52:44,608 [INFO] CodeEngine:245 - oldGeneratedFile, D:\github\mc\stm32\SWO\SWO\Core\Inc\main.h_save
2022-11-05 16:52:44,787 [INFO] CodeEngine:269 - Generated code: D:\github\mc\stm32\SWO\SWO\Core\Inc\main.h
2022-11-05 16:52:44,879 [INFO] CodeEngine:245 - oldGeneratedFile, D:\github\mc\stm32\SWO\SWO\Core\Src\main.c_save
2022-11-05 16:52:45,129 [INFO] CodeEngine:269 - Generated code: D:\github\mc\stm32\SWO\SWO\Core\Src\main.c
2022-11-05 16:52:46,435 [INFO] ProjectBuilder:2919 - Time for Copy HAL[1] : 596mS.
2022-11-05 16:52:46,450 [INFO] ProjectBuilder:4117 - Project Generator version: 3.17.1
2022-11-05 16:52:46,893 [INFO] ConfigFileManager:1394 - The Die is : DIE410
2022-11-05 16:52:46,912 [INFO] ApiDbMcu:505 - Load IP Config File for FATFS
2022-11-05 16:52:46,952 [INFO] ApiDbMcu:505 - Load IP Config File for FREERTOS
2022-11-05 16:52:46,983 [INFO] ApiDbMcu:505 - Load IP Config File for USB_DEVICE
2022-11-05 16:52:50,606 [INFO] ProjectBuilder:4285 - Time for Generating toolchain IDE Files: 4157mS.
2022-11-05 16:52:50,607 [INFO] ProjectBuilder:2790 - Time for Copy CMSIS : 0mS.
2022-11-05 16:52:50,609 [INFO] ProjectBuilder:2790 - Time for Copy CMSIS : 0mS.
2022-11-05 16:52:51,598 [INFO] McuFinderGlobals:57 - Set McuFinderConnectedMode to true
2022-11-05 16:52:51,600 [INFO] ApiDb:443 - Save user favorites file C:\Users\Zver/.stm32cubeide/favorites.mcus.txt: 1 item(s)
2022-11-05 16:52:51,601 [INFO] ApiDb:447 - User favorites MCUs=[STM32F103C8T6]
2022-11-05 16:55:39,740 [INFO] UtilMem:74 - End SaveConfig() Used Memory: 587359832 Bytes (1073741824)
2022-11-05 16:55:52,718 [INFO] UtilMem:74 - End SaveConfig() Used Memory: 608925048 Bytes (1073741824)
2022-11-05 16:55:59,293 [INFO] UtilMem:74 - End SaveConfig() Used Memory: 697015560 Bytes (1073741824)
2022-11-05 16:55:59,669 [INFO] BlockDiagram:2753 - set Specific Code input for plugin: NVIC
2022-11-05 16:55:59,669 [INFO] BlockDiagram:2753 - set Specific Code input for plugin: SYS
2022-11-05 16:55:59,669 [INFO] BlockDiagram:2753 - set Specific Code input for plugin: GPIO
2022-11-05 16:55:59,669 [INFO] BlockDiagram:2753 - set Specific Code input for plugin: RCC
2022-11-05 16:55:59,670 [INFO] CodeGenerator:690 - code generatio: config db path: C:\ST\STM32CubeIDE_1.9.0\STM32CubeIDE\plugins\com.st.stm32cube.common.mx_6.6.1.202207061420\\db\
2022-11-05 16:55:59,832 [INFO] CodeEngine:245 - oldGeneratedFile, D:\github\mc\stm32\SWO\SWO\MXTmpFiles\license.tmp_save
2022-11-05 16:55:59,939 [INFO] CodeEngine:269 - Generated code: D:\github\mc\stm32\SWO\SWO\MXTmpFiles\license.tmp
2022-11-05 16:55:59,980 [INFO] CodeEngine:245 - oldGeneratedFile, D:\github\mc\stm32\SWO\SWO\MXTmpFiles\gpio.tmp_save
2022-11-05 16:56:00,120 [INFO] CodeEngine:269 - Generated code: D:\github\mc\stm32\SWO\SWO\MXTmpFiles\gpio.tmp
2022-11-05 16:56:00,244 [INFO] CodeEngine:245 - oldGeneratedFile, D:\github\mc\stm32\SWO\SWO\Core\Src\stm32f1xx_it.c_save
2022-11-05 16:56:00,422 [INFO] CodeEngine:269 - Generated code: D:\github\mc\stm32\SWO\SWO\Core\Src\stm32f1xx_it.c
2022-11-05 16:56:00,428 [INFO] CodeEngine:245 - oldGeneratedFile, D:\github\mc\stm32\SWO\SWO\Core\Inc\stm32f1xx_it.h_save
2022-11-05 16:56:00,513 [INFO] CodeEngine:269 - Generated code: D:\github\mc\stm32\SWO\SWO\Core\Inc\stm32f1xx_it.h
2022-11-05 16:56:00,576 [INFO] CodeEngine:245 - oldGeneratedFile, D:\github\mc\stm32\SWO\SWO\Core\Src\stm32f1xx_hal_msp.c_save
2022-11-05 16:56:00,687 [INFO] CodeEngine:269 - Generated code: D:\github\mc\stm32\SWO\SWO\Core\Src\stm32f1xx_hal_msp.c
2022-11-05 16:56:00,700 [INFO] CodeEngine:245 - oldGeneratedFile, D:\github\mc\stm32\SWO\SWO\MXTmpFiles\system.tmp_save
2022-11-05 16:56:00,759 [INFO] CodeEngine:269 - Generated code: D:\github\mc\stm32\SWO\SWO\MXTmpFiles\system.tmp
2022-11-05 16:56:00,816 [INFO] CodeEngine:245 - oldGeneratedFile, D:\github\mc\stm32\SWO\SWO\Core\Inc\stm32f1xx_hal_conf.h_save
2022-11-05 16:56:00,958 [INFO] CodeEngine:269 - Generated code: D:\github\mc\stm32\SWO\SWO\Core\Inc\stm32f1xx_hal_conf.h
2022-11-05 16:56:01,043 [INFO] CodeEngine:245 - oldGeneratedFile, D:\github\mc\stm32\SWO\SWO\Core\Inc\main.h_save
2022-11-05 16:56:01,148 [INFO] CodeEngine:269 - Generated code: D:\github\mc\stm32\SWO\SWO\Core\Inc\main.h
2022-11-05 16:56:01,214 [INFO] CodeEngine:245 - oldGeneratedFile, D:\github\mc\stm32\SWO\SWO\Core\Src\main.c_save
2022-11-05 16:56:01,315 [INFO] CodeEngine:269 - Generated code: D:\github\mc\stm32\SWO\SWO\Core\Src\main.c
2022-11-05 16:56:01,902 [INFO] ProjectBuilder:2919 - Time for Copy HAL[1] : 196mS.
2022-11-05 16:56:01,904 [INFO] ProjectBuilder:4117 - Project Generator version: 3.17.1
2022-11-05 16:56:02,141 [INFO] ConfigFileManager:1394 - The Die is : DIE410
2022-11-05 16:56:03,705 [INFO] ProjectBuilder:4285 - Time for Generating toolchain IDE Files: 1801mS.
2022-11-05 16:56:03,706 [INFO] ProjectBuilder:2790 - Time for Copy CMSIS : 0mS.
2022-11-05 16:56:03,707 [INFO] ProjectBuilder:2790 - Time for Copy CMSIS : 0mS.
2022-11-05 16:58:26,061 [INFO] UtilMem:74 - End SaveConfig() Used Memory: 623638912 Bytes (1073741824)
2022-11-05 16:58:27,224 [INFO] UtilMem:74 - End SaveConfig() Used Memory: 642513280 Bytes (1073741824)
2022-11-05 16:58:30,114 [INFO] UtilMem:74 - End SaveConfig() Used Memory: 701233536 Bytes (1073741824)
2022-11-05 16:58:30,290 [INFO] BlockDiagram:2753 - set Specific Code input for plugin: NVIC
2022-11-05 16:58:30,290 [INFO] BlockDiagram:2753 - set Specific Code input for plugin: SYS
2022-11-05 16:58:30,291 [INFO] BlockDiagram:2753 - set Specific Code input for plugin: GPIO
2022-11-05 16:58:30,291 [INFO] BlockDiagram:2753 - set Specific Code input for plugin: RCC
2022-11-05 16:58:30,291 [INFO] CodeGenerator:690 - code generatio: config db path: C:\ST\STM32CubeIDE_1.9.0\STM32CubeIDE\plugins\com.st.stm32cube.common.mx_6.6.1.202207061420\\db\
2022-11-05 16:58:30,431 [INFO] CodeEngine:245 - oldGeneratedFile, D:\github\mc\stm32\SWO\SWO\MXTmpFiles\license.tmp_save
2022-11-05 16:58:30,507 [INFO] CodeEngine:269 - Generated code: D:\github\mc\stm32\SWO\SWO\MXTmpFiles\license.tmp
2022-11-05 16:58:30,529 [INFO] CodeEngine:245 - oldGeneratedFile, D:\github\mc\stm32\SWO\SWO\MXTmpFiles\gpio.tmp_save
2022-11-05 16:58:30,658 [INFO] CodeEngine:269 - Generated code: D:\github\mc\stm32\SWO\SWO\MXTmpFiles\gpio.tmp
2022-11-05 16:58:30,684 [INFO] CodeEngine:245 - oldGeneratedFile, D:\github\mc\stm32\SWO\SWO\Core\Src\stm32f1xx_it.c_save
2022-11-05 16:58:30,771 [INFO] CodeEngine:269 - Generated code: D:\github\mc\stm32\SWO\SWO\Core\Src\stm32f1xx_it.c
2022-11-05 16:58:30,777 [INFO] CodeEngine:245 - oldGeneratedFile, D:\github\mc\stm32\SWO\SWO\Core\Inc\stm32f1xx_it.h_save
2022-11-05 16:58:30,877 [INFO] CodeEngine:269 - Generated code: D:\github\mc\stm32\SWO\SWO\Core\Inc\stm32f1xx_it.h
2022-11-05 16:58:30,938 [INFO] CodeEngine:245 - oldGeneratedFile, D:\github\mc\stm32\SWO\SWO\Core\Src\stm32f1xx_hal_msp.c_save
2022-11-05 16:58:31,040 [INFO] CodeEngine:269 - Generated code: D:\github\mc\stm32\SWO\SWO\Core\Src\stm32f1xx_hal_msp.c
2022-11-05 16:58:31,042 [INFO] CodeEngine:245 - oldGeneratedFile, D:\github\mc\stm32\SWO\SWO\MXTmpFiles\system.tmp_save
2022-11-05 16:58:31,090 [INFO] CodeEngine:269 - Generated code: D:\github\mc\stm32\SWO\SWO\MXTmpFiles\system.tmp
2022-11-05 16:58:31,114 [INFO] CodeEngine:245 - oldGeneratedFile, D:\github\mc\stm32\SWO\SWO\Core\Inc\stm32f1xx_hal_conf.h_save
2022-11-05 16:58:31,233 [INFO] CodeEngine:269 - Generated code: D:\github\mc\stm32\SWO\SWO\Core\Inc\stm32f1xx_hal_conf.h
2022-11-05 16:58:31,271 [INFO] CodeEngine:245 - oldGeneratedFile, D:\github\mc\stm32\SWO\SWO\Core\Inc\main.h_save
2022-11-05 16:58:31,345 [INFO] CodeEngine:269 - Generated code: D:\github\mc\stm32\SWO\SWO\Core\Inc\main.h
2022-11-05 16:58:31,378 [INFO] CodeEngine:245 - oldGeneratedFile, D:\github\mc\stm32\SWO\SWO\Core\Src\main.c_save
2022-11-05 16:58:31,467 [INFO] CodeEngine:269 - Generated code: D:\github\mc\stm32\SWO\SWO\Core\Src\main.c
2022-11-05 16:58:31,995 [INFO] ProjectBuilder:2919 - Time for Copy HAL[1] : 114mS.
2022-11-05 16:58:31,997 [INFO] ProjectBuilder:4117 - Project Generator version: 3.17.1
2022-11-05 16:58:32,192 [INFO] ConfigFileManager:1394 - The Die is : DIE410
2022-11-05 16:58:33,150 [INFO] ProjectBuilder:4285 - Time for Generating toolchain IDE Files: 1153mS.
2022-11-05 16:58:33,150 [INFO] ProjectBuilder:2790 - Time for Copy CMSIS : 0mS.
2022-11-05 16:58:33,151 [INFO] ProjectBuilder:2790 - Time for Copy CMSIS : 0mS.
