2022-11-07 23:37:18,105 [INFO] Activator:177 - 


2022-11-07 23:37:18,106 [INFO] Activator:178 - !SESSION log4j initialized
2022-11-07 23:37:24,357 [INFO] McuFinderGlobals:44 - Set McuFinder mode to 2 (CubeIDE integrated)
2022-11-07 23:37:24,496 [INFO] ApplicationProperties:181 - Using Application install path: C:\ST\STM32CubeIDE_1.9.0\STM32CubeIDE\plugins\com.st.stm32cube.common.mx_6.6.1.202207061420
2022-11-07 23:37:24,512 [INFO] DbMcusXml:77 - Set database path to: C:\ST\STM32CubeIDE_1.9.0\STM32CubeIDE\plugins\com.st.stm32cube.common.mx_6.6.1.202207061420\\db\/mcu/
2022-11-07 23:37:24,513 [INFO] ApiDb:269 - Set plugin database path to: C:\ST\STM32CubeIDE_1.9.0\STM32CubeIDE\plugins\com.st.stm32cube.common.mx_6.6.1.202207061420\\db\/plugins/boardmanager/
2022-11-07 23:37:24,515 [WARN] ApiDb:254 - Overriding images path with different value:  => C:\ST\STM32CubeIDE_1.9.0\STM32CubeIDE\plugins\com.st.stm32cube.common.mx_6.6.1.202207061420\\db\/plugins/mcufinder/images/
2022-11-07 23:37:24,529 [INFO] ApiDb:249 - Set database path to: C:\Users\Zver\.stmcufinder\plugins\mcufinder//mcu/
2022-11-07 23:37:24,530 [INFO] DbMcusAds:124 - Set database path to: C:\Users\Zver\.stmcufinder\plugins\mcufinder//mcu/
2022-11-07 23:37:24,533 [INFO] CrossReferenceDbSqlite:201 - Set database path to: C:\Users\Zver\.stmcufinder\plugins\mcufinder//mcu/cs/
2022-11-07 23:37:24,626 [INFO] RulesReader:61 - Compatibility file has been processed (282 Rules)
2022-11-07 23:37:24,751 [INFO] DbMcusXml:77 - Set database path to: C:\ST\STM32CubeIDE_1.9.0\STM32CubeIDE\plugins\com.st.stm32cube.common.mx_6.6.1.202207061420\\db\/mcu/
2022-11-07 23:37:24,751 [INFO] ApiDb:269 - Set plugin database path to: C:\ST\STM32CubeIDE_1.9.0\STM32CubeIDE\plugins\com.st.stm32cube.common.mx_6.6.1.202207061420\\db\/plugins/boardmanager/
2022-11-07 23:37:24,752 [INFO] ApiDb:256 - Set plugin images path to: C:\ST\STM32CubeIDE_1.9.0\STM32CubeIDE\plugins\com.st.stm32cube.common.mx_6.6.1.202207061420\\db\/plugins/mcufinder/images/
2022-11-07 23:37:24,752 [WARN] DbFile:40 - Overriding database path with different value: C:\Users\Zver\.stmcufinder\plugins\mcufinder/ => C:\Users\Zver\.stmcufinder\plugins\mcufinder
2022-11-07 23:37:24,752 [INFO] ApiDb:249 - Set database path to: C:\Users\Zver\.stmcufinder\plugins\mcufinder//mcu/
2022-11-07 23:37:24,752 [WARN] DbFile:40 - Overriding database path with different value: C:\Users\Zver\.stmcufinder\plugins\mcufinder/ => C:\Users\Zver\.stmcufinder\plugins\mcufinder
2022-11-07 23:37:24,752 [INFO] DbMcusAds:124 - Set database path to: C:\Users\Zver\.stmcufinder\plugins\mcufinder//mcu/
2022-11-07 23:37:24,753 [WARN] DbFile:40 - Overriding database path with different value: C:\Users\Zver\.stmcufinder\plugins\mcufinder/ => C:\Users\Zver\.stmcufinder\plugins\mcufinder
2022-11-07 23:37:24,753 [WARN] DbFile:40 - Overriding database path with different value: C:\Users\Zver\.stmcufinder\plugins\mcufinder/ => C:\Users\Zver\.stmcufinder\plugins\mcufinder
2022-11-07 23:37:24,753 [INFO] CrossReferenceDbSqlite:201 - Set database path to: C:\Users\Zver\.stmcufinder\plugins\mcufinder//mcu/cs/
2022-11-07 23:37:24,844 [INFO] MainPanel:242 - HeapMemory: 268435456
2022-11-07 23:37:24,928 [INFO] DbMcusXml:77 - Set database path to: C:\ST\STM32CubeIDE_1.9.0\STM32CubeIDE\plugins\com.st.stm32cube.common.mx_6.6.1.202207061420\\db\/mcu/
2022-11-07 23:37:24,929 [INFO] ApiDb:269 - Set plugin database path to: C:\ST\STM32CubeIDE_1.9.0\STM32CubeIDE\plugins\com.st.stm32cube.common.mx_6.6.1.202207061420\\db\/plugins/boardmanager/
2022-11-07 23:37:24,929 [INFO] ApiDb:256 - Set plugin images path to: C:\ST\STM32CubeIDE_1.9.0\STM32CubeIDE\plugins\com.st.stm32cube.common.mx_6.6.1.202207061420\\db\/plugins/mcufinder/images/
2022-11-07 23:37:24,929 [WARN] DbFile:40 - Overriding database path with different value: C:\Users\Zver\.stmcufinder\plugins\mcufinder/ => C:\Users\Zver\.stmcufinder\plugins\mcufinder
2022-11-07 23:37:24,929 [INFO] ApiDb:249 - Set database path to: C:\Users\Zver\.stmcufinder\plugins\mcufinder//mcu/
2022-11-07 23:37:24,930 [WARN] DbFile:40 - Overriding database path with different value: C:\Users\Zver\.stmcufinder\plugins\mcufinder/ => C:\Users\Zver\.stmcufinder\plugins\mcufinder
2022-11-07 23:37:24,930 [INFO] DbMcusAds:124 - Set database path to: C:\Users\Zver\.stmcufinder\plugins\mcufinder//mcu/
2022-11-07 23:37:24,930 [WARN] DbFile:40 - Overriding database path with different value: C:\Users\Zver\.stmcufinder\plugins\mcufinder/ => C:\Users\Zver\.stmcufinder\plugins\mcufinder
2022-11-07 23:37:24,930 [WARN] DbFile:40 - Overriding database path with different value: C:\Users\Zver\.stmcufinder\plugins\mcufinder/ => C:\Users\Zver\.stmcufinder\plugins\mcufinder
2022-11-07 23:37:24,930 [INFO] CrossReferenceDbSqlite:201 - Set database path to: C:\Users\Zver\.stmcufinder\plugins\mcufinder//mcu/cs/
2022-11-07 23:37:24,952 [INFO] ApplicationProperties:181 - Using Application install path: C:\ST\STM32CubeIDE_1.9.0\STM32CubeIDE\plugins\com.st.stm32cube.common.mx_6.6.1.202207061420
2022-11-07 23:37:24,953 [INFO] PluginManage:193 - Search for loadable plugins [exclusion list=, ]
2022-11-07 23:37:24,955 [INFO] PluginManage:307 - Check plugin analytics
2022-11-07 23:37:25,098 [INFO] AnalyticsPlugin:262 - Accepted Software Licenses: 
2022-11-07 23:37:25,099 [INFO] AnalyticsPlugin:264 - Accepted CMSIS Pack Licenses: 
2022-11-07 23:37:25,099 [INFO] AnalyticsPlugin:266 - Accepted Firmware Licenses: 
2022-11-07 23:37:25,109 [INFO] PluginManage:356 - Loaded plugin analytics (category:tool,tabindex:-1)
2022-11-07 23:37:25,109 [INFO] PluginManage:307 - Check plugin cadmodel
2022-11-07 23:37:25,115 [INFO] CADModel:65 - Init CAD model plugin
2022-11-07 23:37:25,116 [INFO] PluginManage:356 - Loaded plugin cadmodel (category:power,tabindex:5)
2022-11-07 23:37:25,116 [INFO] PluginManage:307 - Check plugin clock
2022-11-07 23:37:25,128 [INFO] PluginManage:356 - Loaded plugin clock (category:base,tabindex:2)
2022-11-07 23:37:25,128 [INFO] PluginManage:307 - Check plugin ddr
2022-11-07 23:37:25,132 [INFO] PluginManage:356 - Loaded plugin ddr (category:tool,tabindex:6)
2022-11-07 23:37:25,132 [INFO] PluginManage:307 - Check plugin filemanager
2022-11-07 23:37:25,423 [INFO] PluginManage:356 - Loaded plugin filemanager (category:base,tabindex:10)
2022-11-07 23:37:25,423 [INFO] PluginManage:307 - Check plugin ipmanager
2022-11-07 23:37:25,435 [INFO] PluginManage:356 - Loaded plugin ipmanager (category:base,tabindex:5)
2022-11-07 23:37:25,435 [INFO] PluginManage:307 - Check plugin lpbam
2022-11-07 23:37:25,443 [INFO] PluginManage:356 - Loaded plugin lpbam (category:base,tabindex:0)
2022-11-07 23:37:25,443 [INFO] PluginManage:307 - Check plugin pinoutandconfiguration
2022-11-07 23:37:25,450 [INFO] PluginManage:356 - Loaded plugin pinoutandconfiguration (category:base,tabindex:1)
2022-11-07 23:37:25,451 [INFO] PluginManage:307 - Check plugin pinoutconfig
2022-11-07 23:37:25,487 [INFO] PluginManage:356 - Loaded plugin pinoutconfig (category:base,tabindex:0)
2022-11-07 23:37:25,487 [INFO] PluginManage:307 - Check plugin power
2022-11-07 23:37:25,496 [INFO] PluginManage:356 - Loaded plugin power (category:power,tabindex:4)
2022-11-07 23:37:25,496 [INFO] PluginManage:307 - Check plugin projectmanager
2022-11-07 23:37:25,508 [INFO] PluginManage:356 - Loaded plugin projectmanager (category:projectmanager,tabindex:3)
2022-11-07 23:37:25,508 [INFO] PluginManage:307 - Check plugin thirdparty
2022-11-07 23:37:25,619 [WARN] IntegrityCheckThread:82 - waiting for thirdparty lock release [integrity check]
2022-11-07 23:37:25,619 [INFO] PluginManage:356 - Loaded plugin thirdparty (category:base,tabindex:-1)
2022-11-07 23:37:25,620 [INFO] IntegrityCheckThread:84 - entering critical section [integrity check]
2022-11-07 23:37:25,620 [INFO] PluginManage:307 - Check plugin tools
2022-11-07 23:37:25,622 [INFO] ThirdPartyUpdaterWithRetryManager:70 - Updater plugin not ready yet. [1/15]
2022-11-07 23:37:25,622 [INFO] PluginManage:356 - Loaded plugin tools (category:base,tabindex:7)
2022-11-07 23:37:25,622 [INFO] PluginManage:307 - Check plugin tutovideos
2022-11-07 23:37:25,786 [INFO] PluginManage:356 - Loaded plugin tutovideos (category:base,tabindex:-1)
2022-11-07 23:37:25,786 [INFO] PluginManage:307 - Check plugin updater
2022-11-07 23:37:25,797 [INFO] PluginManage:356 - Loaded plugin updater (category:base,tabindex:12)
2022-11-07 23:37:25,798 [INFO] PluginManage:280 - PluginManage : Loaded plugins [15]
2022-11-07 23:37:26,241 [INFO] PinOutPanel:1468 - setPackage(No Configuration,No Configuration)
2022-11-07 23:37:26,341 [INFO] CADModel:98 - CPN selected for project level
2022-11-07 23:37:26,359 [INFO] IPUIPlugin:79 - create IPUIPlugin
2022-11-07 23:37:26,359 [INFO] PluginManager:217 - loadIPPluginJar : add adc
2022-11-07 23:37:26,361 [INFO] IPUIPlugin:79 - create IPUIPlugin
2022-11-07 23:37:26,362 [INFO] PluginManager:217 - loadIPPluginJar : add aes
2022-11-07 23:37:26,364 [INFO] IPUIPlugin:79 - create IPUIPlugin
2022-11-07 23:37:26,364 [INFO] PluginManager:217 - loadIPPluginJar : add can
2022-11-07 23:37:26,366 [INFO] IPUIPlugin:79 - create IPUIPlugin
2022-11-07 23:37:26,366 [INFO] PluginManager:217 - loadIPPluginJar : add comp
2022-11-07 23:37:26,368 [INFO] IPUIPlugin:79 - create IPUIPlugin
2022-11-07 23:37:26,368 [INFO] PluginManager:217 - loadIPPluginJar : add cryp
2022-11-07 23:37:26,370 [INFO] IPUIPlugin:79 - create IPUIPlugin
2022-11-07 23:37:26,371 [INFO] PluginManager:217 - loadIPPluginJar : add dfsdm
2022-11-07 23:37:26,376 [INFO] IPUIPlugin:79 - create IPUIPlugin
2022-11-07 23:37:26,377 [INFO] PluginManager:217 - loadIPPluginJar : add dma
2022-11-07 23:37:26,380 [INFO] IPUIPlugin:79 - create IPUIPlugin
2022-11-07 23:37:26,380 [INFO] PluginManager:217 - loadIPPluginJar : add dma3
2022-11-07 23:37:26,382 [INFO] IPUIPlugin:79 - create IPUIPlugin
2022-11-07 23:37:26,382 [INFO] PluginManager:217 - loadIPPluginJar : add fatfs
2022-11-07 23:37:26,388 [INFO] IPUIPlugin:79 - create IPUIPlugin
2022-11-07 23:37:26,388 [INFO] PluginManager:217 - loadIPPluginJar : add fmc
2022-11-07 23:37:26,394 [INFO] IPUIPlugin:79 - create IPUIPlugin
2022-11-07 23:37:26,394 [INFO] PluginManager:217 - loadIPPluginJar : add freertos
2022-11-07 23:37:26,395 [INFO] IPUIPlugin:79 - create IPUIPlugin
2022-11-07 23:37:26,395 [INFO] PluginManager:217 - loadIPPluginJar : add genericplugin
2022-11-07 23:37:26,397 [INFO] IPUIPlugin:79 - create IPUIPlugin
2022-11-07 23:37:26,398 [INFO] PluginManager:217 - loadIPPluginJar : add gfxmmu
2022-11-07 23:37:26,402 [INFO] IPUIPlugin:79 - create IPUIPlugin
2022-11-07 23:37:26,402 [INFO] PluginManager:217 - loadIPPluginJar : add gic
2022-11-07 23:37:26,405 [INFO] IPUIPlugin:79 - create IPUIPlugin
2022-11-07 23:37:26,405 [INFO] PluginManager:217 - loadIPPluginJar : add gpio
2022-11-07 23:37:26,407 [INFO] IPUIPlugin:79 - create IPUIPlugin
2022-11-07 23:37:26,408 [INFO] PluginManager:217 - loadIPPluginJar : add gtzc
2022-11-07 23:37:26,409 [INFO] IPUIPlugin:79 - create IPUIPlugin
2022-11-07 23:37:26,410 [INFO] PluginManager:217 - loadIPPluginJar : add hash
2022-11-07 23:37:26,412 [INFO] IPUIPlugin:79 - create IPUIPlugin
2022-11-07 23:37:26,412 [INFO] PluginManager:217 - loadIPPluginJar : add i2c
2022-11-07 23:37:26,414 [INFO] IPUIPlugin:79 - create IPUIPlugin
2022-11-07 23:37:26,414 [INFO] PluginManager:217 - loadIPPluginJar : add i2s
2022-11-07 23:37:26,417 [INFO] IPUIPlugin:79 - create IPUIPlugin
2022-11-07 23:37:26,418 [INFO] PluginManager:217 - loadIPPluginJar : add ipddr
2022-11-07 23:37:26,423 [INFO] IPUIPlugin:79 - create IPUIPlugin
2022-11-07 23:37:26,423 [INFO] PluginManager:217 - loadIPPluginJar : add linkedlist
2022-11-07 23:37:26,425 [INFO] IPUIPlugin:79 - create IPUIPlugin
2022-11-07 23:37:26,426 [INFO] PluginManager:217 - loadIPPluginJar : add lorawan
2022-11-07 23:37:26,427 [INFO] IPUIPlugin:79 - create IPUIPlugin
2022-11-07 23:37:26,428 [INFO] PluginManager:217 - loadIPPluginJar : add ltdc
2022-11-07 23:37:26,432 [INFO] IPUIPlugin:79 - create IPUIPlugin
2022-11-07 23:37:26,433 [INFO] PluginManager:217 - loadIPPluginJar : add mdma
2022-11-07 23:37:26,436 [INFO] IPUIPlugin:79 - create IPUIPlugin
2022-11-07 23:37:26,436 [INFO] PluginManager:217 - loadIPPluginJar : add nvic
2022-11-07 23:37:26,438 [INFO] IPUIPlugin:79 - create IPUIPlugin
2022-11-07 23:37:26,439 [INFO] PluginManager:217 - loadIPPluginJar : add opamp
2022-11-07 23:37:26,441 [INFO] IPUIPlugin:79 - create IPUIPlugin
2022-11-07 23:37:26,441 [INFO] PluginManager:217 - loadIPPluginJar : add openamp
2022-11-07 23:37:26,444 [INFO] IPUIPlugin:79 - create IPUIPlugin
2022-11-07 23:37:26,444 [INFO] PluginManager:217 - loadIPPluginJar : add pdm2pcm
2022-11-07 23:37:26,449 [INFO] IPUIPlugin:79 - create IPUIPlugin
2022-11-07 23:37:26,451 [INFO] PluginManager:217 - loadIPPluginJar : add plateformsettings
2022-11-07 23:37:26,453 [INFO] IPUIPlugin:79 - create IPUIPlugin
2022-11-07 23:37:26,453 [INFO] PluginManager:217 - loadIPPluginJar : add quadspi
2022-11-07 23:37:26,456 [INFO] IPUIPlugin:79 - create IPUIPlugin
2022-11-07 23:37:26,457 [INFO] PluginManager:217 - loadIPPluginJar : add resmgrutility
2022-11-07 23:37:26,459 [INFO] IPUIPlugin:79 - create IPUIPlugin
2022-11-07 23:37:26,459 [INFO] PluginManager:217 - loadIPPluginJar : add sai
2022-11-07 23:37:26,461 [INFO] IPUIPlugin:79 - create IPUIPlugin
2022-11-07 23:37:26,461 [INFO] PluginManager:217 - loadIPPluginJar : add spi
2022-11-07 23:37:26,466 [INFO] IPUIPlugin:79 - create IPUIPlugin
2022-11-07 23:37:26,467 [INFO] PluginManager:217 - loadIPPluginJar : add stm32_wpan
2022-11-07 23:37:26,469 [INFO] IPUIPlugin:79 - create IPUIPlugin
2022-11-07 23:37:26,470 [INFO] PluginManager:217 - loadIPPluginJar : add tim
2022-11-07 23:37:26,474 [INFO] IPUIPlugin:79 - create IPUIPlugin
2022-11-07 23:37:26,474 [INFO] PluginManager:217 - loadIPPluginJar : add touchsensing
2022-11-07 23:37:26,477 [INFO] IPUIPlugin:79 - create IPUIPlugin
2022-11-07 23:37:26,477 [INFO] PluginManager:217 - loadIPPluginJar : add tracer_emb
2022-11-07 23:37:26,479 [INFO] IPUIPlugin:79 - create IPUIPlugin
2022-11-07 23:37:26,480 [INFO] PluginManager:217 - loadIPPluginJar : add ts
2022-11-07 23:37:26,481 [INFO] IPUIPlugin:79 - create IPUIPlugin
2022-11-07 23:37:26,482 [INFO] PluginManager:217 - loadIPPluginJar : add tsc
2022-11-07 23:37:26,483 [INFO] IPUIPlugin:79 - create IPUIPlugin
2022-11-07 23:37:26,484 [INFO] PluginManager:217 - loadIPPluginJar : add ucpd
2022-11-07 23:37:26,486 [INFO] IPUIPlugin:79 - create IPUIPlugin
2022-11-07 23:37:26,487 [INFO] PluginManager:217 - loadIPPluginJar : add usart
2022-11-07 23:37:26,489 [INFO] IPUIPlugin:79 - create IPUIPlugin
2022-11-07 23:37:26,490 [INFO] PluginManager:217 - loadIPPluginJar : add usbx
2022-11-07 23:37:26,752 [FATAL] Updater:301 - Updater called before beeing initialized
2022-11-07 23:37:26,903 [FATAL] Updater:301 - Updater called before beeing initialized
2022-11-07 23:37:26,908 [INFO] DbMcusAds:52 - JSON generation date=Thu Sep 30 09:56:37 MSK 2021 (1632984997303)
2022-11-07 23:37:26,909 [FATAL] Updater:301 - Updater called before beeing initialized
2022-11-07 23:37:26,946 [WARN] DetailPanel:344 - Failed to get advertising image, set to default
2022-11-07 23:37:27,062 [FATAL] Updater:301 - Updater called before beeing initialized
2022-11-07 23:37:27,064 [FATAL] Updater:301 - Updater called before beeing initialized
2022-11-07 23:37:27,064 [FATAL] Updater:301 - Updater called before beeing initialized
2022-11-07 23:37:27,064 [WARN] DetailPanel:344 - Failed to get advertising image, set to default
2022-11-07 23:37:27,065 [FATAL] Updater:301 - Updater called before beeing initialized
2022-11-07 23:37:27,105 [ERROR] Updater:1105 - MainUpdater not yet initialized. External WinMGr cannot be set.
2022-11-07 23:37:27,107 [INFO] Updater:1041 - Updater Version found : 6.6.1
2022-11-07 23:37:27,120 [INFO] ApplicationProperties:181 - Using Application install path: C:\ST\STM32CubeIDE_1.9.0\STM32CubeIDE\plugins\com.st.stm32cube.common.mx_6.6.1.202207061420
2022-11-07 23:37:27,257 [INFO] MainUpdater:2768 - connection check result : 10
2022-11-07 23:37:27,258 [INFO] MainUpdater:280 - Updater Check For Update Now.
2022-11-07 23:37:27,258 [INFO] MicroXplorer:481 - Change Database Version : DB.6.0.60
2022-11-07 23:37:27,408 [INFO] CheckServerUpdateThread:119 - End of CheckServer Thread
2022-11-07 23:37:27,466 [INFO] MainUpdater:2768 - connection check result : 10
2022-11-07 23:37:27,650 [INFO] McuFinderGlobals:57 - Set McuFinderConnectedMode to true
2022-11-07 23:37:27,657 [INFO] MultiScanPanel:195 - Auto-refresh data requested => check proxy status ongoing
2022-11-07 23:37:27,660 [INFO] FinderPluginLoader:92 - Searching for filters in installed packs
2022-11-07 23:37:27,766 [INFO] ApiDb:576 - Connected to CubeFinder SQLite database (C:\Users\Zver\.stmcufinder\plugins\mcufinder\mcu\cube-finder-db.db)
2022-11-07 23:37:27,803 [INFO] ApiDb:663 - CubeFinder database Data Model version=2.1
2022-11-07 23:37:27,803 [INFO] ApiDb:664 - CubeFinder database Configuration version=3.0.32
2022-11-07 23:37:27,803 [INFO] ApiDb:665 - CubeFinder database generation date=2022-08-05 (1659688109)
2022-11-07 23:37:27,803 [INFO] ApiDb:666 - CubeFinder database FW Pack versions=[STM32Cube_FW_C0_V1.0.0, STM32Cube_FW_F4_V1.27.1, STM32Cube_FW_F7_V1.17.0, STM32Cube_FW_G0_V1.6.1, STM32Cube_FW_G4_V1.5.0, STM32Cube_FW_H7_V1.10.0, STM32Cube_FW_L5_V1.4.0, STM32Cube_FW_U5_V1.1.1, STM32Cube_FW_WB_V1.14.1, STM32Cube_FW_WL_V1.2.0, X-CUBE-ALGOBUILD_V1.3.0, X-CUBE-ALS_V1.0.1, X-CUBE-AZRTOS-F4_V1.1.0, X-CUBE-AZRTOS-F7_V1.1.0, X-CUBE-AZRTOS-G0_V1.1.0, X-CUBE-AZRTOS-G4_V1.0.0, X-CUBE-AZRTOS-H7_V2.1.0, X-CUBE-AZRTOS-L4_V1.0.0, X-CUBE-AZRTOS-L5_V1.0.0, X-CUBE-AZRTOS-WL_V1.0.0, X-CUBE-BLE1_V6.2.3, X-CUBE-BLE2_V3.3.0, X-CUBE-EEPRMA1_V3.1.1, X-CUBE-GNSS1_V6.0.0, X-CUBE-MEMS1_V9.1.0, X-CUBE-MEMS1_V9.3.0, X-CUBE-NFC4_V2.0.4, X-CUBE-NFC7_V1.0.0, X-CUBE-SFXS2LP1_V4.0.0, X-CUBE-SUBG2_V5.0.0]
2022-11-07 23:37:28,750 [WARN] PackLoader:242 - Cannot read IP mode file for wolfSSL.I-CUBE-wolfSSL.5.2.0
2022-11-07 23:37:28,760 [WARN] PackLoader:242 - Cannot read IP mode file for STMicroelectronics.X-CUBE-GNSS1.6.0.0
2022-11-07 23:37:28,785 [WARN] PackLoader:242 - Cannot read IP mode file for STMicroelectronics.X-CUBE-AZRTOS-F4.1.1.0
2022-11-07 23:37:28,795 [WARN] PackLoader:242 - Cannot read IP mode file for STMicroelectronics.X-CUBE-BLEMGR.1.2.0
2022-11-07 23:37:28,820 [WARN] PackLoader:242 - Cannot read IP mode file for STMicroelectronics.X-CUBE-AZRTOS-F7.1.1.0
2022-11-07 23:37:28,828 [WARN] PackLoader:242 - Cannot read IP mode file for STMicroelectronics.X-CUBE-AI.7.1.0
2022-11-07 23:37:28,833 [WARN] PackLoader:242 - Cannot read IP mode file for STMicroelectronics.X-CUBE-BLE1.6.2.3
2022-11-07 23:37:28,838 [WARN] PackLoader:242 - Cannot read IP mode file for STMicroelectronics.X-CUBE-BLE1.6.2.2
2022-11-07 23:37:28,843 [WARN] PackLoader:242 - Cannot read IP mode file for STMicroelectronics.X-CUBE-NFC4.2.0.4
2022-11-07 23:37:28,849 [WARN] PackLoader:242 - Cannot read IP mode file for STMicroelectronics.X-CUBE-BLE2.3.2.2
2022-11-07 23:37:28,855 [WARN] PackLoader:242 - Cannot read IP mode file for STMicroelectronics.X-CUBE-NFC4.2.0.3
2022-11-07 23:37:28,867 [WARN] PackLoader:242 - Cannot read IP mode file for STMicroelectronics.X-CUBE-TOF1.3.1.0
2022-11-07 23:37:28,879 [WARN] PackLoader:242 - Cannot read IP mode file for STMicroelectronics.X-CUBE-SFXS2LP1.3.1.0
2022-11-07 23:37:28,899 [WARN] PackLoader:242 - Cannot read IP mode file for STMicroelectronics.X-CUBE-AZRTOS-F4.1.0.0
2022-11-07 23:37:28,906 [WARN] PackLoader:242 - Cannot read IP mode file for STMicroelectronics.X-CUBE-NFC7.1.0.0
2022-11-07 23:37:28,919 [WARN] PackLoader:242 - Cannot read IP mode file for STMicroelectronics.X-CUBE-SUBG2.4.2.0
2022-11-07 23:37:28,971 [WARN] PackLoader:242 - Cannot read IP mode file for STMicroelectronics.X-CUBE-MEMS1.9.3.0
2022-11-07 23:37:29,114 [WARN] PackLoader:242 - Cannot read IP mode file for STMicroelectronics.X-CUBE-AI.7.2.0
2022-11-07 23:37:29,126 [WARN] PackLoader:242 - Cannot read IP mode file for STMicroelectronics.X-CUBE-AZRTOS-G0.1.0.0
2022-11-07 23:37:29,134 [WARN] PackLoader:242 - Cannot read IP mode file for STMicroelectronics.X-CUBE-SFXS2LP1.4.0.0
2022-11-07 23:37:29,140 [WARN] PackLoader:242 - Cannot read IP mode file for STMicroelectronics.X-CUBE-BLE2.3.3.0
2022-11-07 23:37:29,149 [WARN] PackLoader:242 - Cannot read IP mode file for STMicroelectronics.X-CUBE-DISPLAY.2.2.0
2022-11-07 23:37:29,157 [WARN] PackLoader:242 - Cannot read IP mode file for STMicroelectronics.X-CUBE-TOF1.3.2.0
2022-11-07 23:37:29,163 [WARN] PackLoader:242 - Cannot read IP mode file for STMicroelectronics.X-CUBE-TOUCHGFX.4.18.1
2022-11-07 23:37:29,167 [WARN] PackLoader:242 - Cannot read IP mode file for STMicroelectronics.X-CUBE-ISPU.1.0.0
2022-11-07 23:37:29,173 [WARN] PackLoader:242 - Cannot read IP mode file for RoweBots.I-CUBE-UNISONRTOS.5.5.0-4
2022-11-07 23:37:29,190 [WARN] PackLoader:242 - Cannot read IP mode file for STMicroelectronics.X-CUBE-AZRTOS-H7.2.1.0
2022-11-07 23:37:29,197 [WARN] PackLoader:242 - Cannot read IP mode file for STMicroelectronics.X-CUBE-BLEMGR.1.0.0
2022-11-07 23:37:29,203 [WARN] PackLoader:242 - Cannot read IP mode file for STMicroelectronics.X-CUBE-ALGOBUILD.1.3.0
2022-11-07 23:37:29,215 [WARN] PackLoader:242 - Cannot read IP mode file for STMicroelectronics.X-CUBE-AZRTOS-G0.1.1.0
2022-11-07 23:37:29,224 [WARN] PackLoader:242 - Cannot read IP mode file for STMicroelectronics.X-CUBE-SUBG2.5.0.0
2022-11-07 23:37:29,281 [WARN] PackLoader:242 - Cannot read IP mode file for SEGGER.I-CUBE-embOS.1.2.0
2022-11-07 23:37:29,309 [WARN] PackLoader:242 - Cannot read IP mode file for STMicroelectronics.FP-ATR-ASTRA1.1.1.1
2022-11-07 23:37:29,322 [WARN] PackLoader:242 - Cannot read IP mode file for STMicroelectronics.X-CUBE-AZRTOS-H7.2.0.0
2022-11-07 23:37:29,336 [WARN] PackLoader:242 - Cannot read IP mode file for STMicroelectronics.X-CUBE-AZRTOS-G4.1.0.0
2022-11-07 23:37:29,340 [WARN] PackLoader:242 - Cannot read IP mode file for STMicroelectronics.FP-ATR-SIGFOX1.3.2.0
2022-11-07 23:37:29,352 [WARN] PackLoader:242 - Cannot read IP mode file for STMicroelectronics.X-CUBE-AZRTOS-L4.1.0.0
2022-11-07 23:37:29,358 [WARN] PackLoader:242 - Cannot read IP mode file for emotas.I-CUBE-CANOPEN.1.1.2
2022-11-07 23:37:29,360 [WARN] PackLoader:242 - Cannot read IP mode file for STMicroelectronics.X-CUBE-TOUCHGFX.4.20.0
2022-11-07 23:37:29,373 [WARN] PackLoader:242 - Cannot read IP mode file for STMicroelectronics.X-CUBE-AZRTOS-F7.1.0.0
2022-11-07 23:37:29,387 [WARN] PackLoader:242 - Cannot read IP mode file for STMicroelectronics.X-CUBE-AZRTOS-WL.1.0.0
2022-11-07 23:37:29,421 [WARN] PackLoader:242 - Cannot read IP mode file for STMicroelectronics.X-CUBE-MEMS1.9.1.0
2022-11-07 23:37:29,523 [WARN] PackLoader:242 - Cannot read IP mode file for portGmbH.I-Cube-SoM-uGOAL.1.1.0
2022-11-07 23:37:29,527 [WARN] PackLoader:242 - Cannot read IP mode file for STMicroelectronics.X-CUBE-ALS.1.0.1
2022-11-07 23:37:29,538 [WARN] PackLoader:242 - Cannot read IP mode file for STMicroelectronics.X-CUBE-AZRTOS-L5.1.0.0
2022-11-07 23:37:29,547 [WARN] PackLoader:242 - Cannot read IP mode file for STMicroelectronics.X-CUBE-EEPRMA1.3.1.1
2022-11-07 23:37:29,552 [WARN] PackLoader:242 - Cannot read IP mode file for STMicroelectronics.X-CUBE-GNSS1.5.2.0
2022-11-07 23:37:29,556 [WARN] PackLoader:242 - Cannot read IP mode file for STMicroelectronics.X-CUBE-DISPLAY.2.0.1
2022-11-07 23:37:29,563 [WARN] PackLoader:242 - Cannot read IP mode file for STMicroelectronics.X-CUBE-TOF1.3.0.0
2022-11-07 23:37:29,566 [INFO] ThirdParty:929 - Integrity check success = true
2022-11-07 23:37:29,567 [INFO] IntegrityCheckThread:98 - exiting critical section [integrity check]
2022-11-07 23:37:29,567 [INFO] IntegrityCheckThread:101 - End integrity checks thread
2022-11-07 23:37:30,106 [INFO] ApiDb:239 - Found 138 in-development CPN: [B-WB1M-WPAN1, NUCLEO-C031C6, STEVAL-STWINBX1, STM320518-EVAL, STM32C0116-DK, STM32C011D6Y3TR, STM32C011D6Y6TR, STM32C011F4P3, STM32C011F4P6, STM32C011F4U3, STM32C011F4U6TR, STM32C011F6P3, STM32C011F6P6, STM32C011F6U3, STM32C011F6U6TR, STM32C011J4M3, STM32C011J4M6, STM32C011J6M3, STM32C011J6M6, STM32C0316-DK, STM32C031C4T3, STM32C031C4T6, STM32C031C4U3, STM32C031C4U6, STM32C031C6T3, STM32C031C6T6, STM32C031C6U3, STM32C031C6U6, STM32C031F4P3, STM32C031F4P6, STM32C031F6P3, STM32C031F6P6, STM32C031G4U3, STM32C031G4U6, STM32C031G6U3, STM32C031G6U6, STM32C031K4T3, STM32C031K4T6, STM32C031K4U3, STM32C031K4U6, STM32C031K6T3, STM32C031K6T6, STM32C031K6U3, STM32C031K6U6, STM32G071K8TXN, STM32G071K8UXN, STM32G081GBU6N, STM32G081KBT6N, STM32G081KBUXN, STM32G0B1CCT6N, STM32G0B1KCT6, STM32G0B1NEY6TR, STM32G0B1RCT6N, STM32G0C1CCT6, STM32G0C1CCT6N, STM32G0C1CCU6N, STM32G0C1CET6N, STM32G0C1CEU6N, STM32G0C1KCT6, STM32G0C1NEY6TR, STM32G0C1RCI6N, STM32G0C1RCT6N, STM32G0C1REI6N, STM32G0C1RET6N, STM32G0C1VCI6, STM32G0C1VEI6, STM32G471CCT6, STM32G471CCU6, STM32G471CET3, STM32G471CET6, STM32G471CEU3, STM32G471CEU6, STM32G471MCT6, STM32G471MET3, STM32G471MET6, STM32G471MEY6TR, STM32G471QCT6, STM32G471QET3, STM32G471RCT6, STM32G471RET3, STM32G471RET6, STM32G471VCH6, STM32G471VCI6, STM32G471VCT6, STM32G471VEH3, STM32G471VEH6, STM32G471VEI3, STM32G471VEI6, STM32G471VET3, STM32G471VET6, STM32G474CCT6, STM32L476VGY6PTR, STM32L4R5QGI6STR, STM32MP131AAE3, STM32MP131AAF3, STM32MP131AAG3, STM32MP131CAE3, STM32MP131CAF3, STM32MP131CAG3, STM32MP131DAE7, STM32MP131DAF7, STM32MP131DAG7, STM32MP131FAE7, STM32MP131FAF7, STM32MP131FAG7, STM32MP133AAE3, STM32MP133AAF3, STM32MP133AAG3, STM32MP133CAE3, STM32MP133CAF3, STM32MP133CAG3, STM32MP133DAE7, STM32MP133DAF7, STM32MP133DAG7, STM32MP133FAE7, STM32MP133FAF7, STM32MP133FAG7, STM32MP135AAE3, STM32MP135AAF3, STM32MP135AAG3, STM32MP135CAE3, STM32MP135CAF3, STM32MP135CAG3, STM32MP135DAE7, STM32MP135DAF7, STM32MP135DAG7, STM32MP135F-DK, STM32MP135FAE7, STM32MP135FAF7, STM32MP135FAG7, STM32U595ZJT6Q, STM32U599BJY6QTR, STM32U599NIH6Q, STM32U599NJH6Q, STM32U5A5ZJT6Q, STM32U5A9BJY6QTR, STM32U5A9NJH6Q, STM32WB1MMCH6]
2022-11-07 23:37:30,109 [INFO] DbMcus:215 - Found 3542 MCUs, 3542 are supported
2022-11-07 23:37:30,112 [INFO] ApiDb:418 - Load user favorites file C:\Users\Zver/.stm32cubeide/favorites.mcus.txt: 1 item(s)
2022-11-07 23:37:30,112 [INFO] ApiDb:422 - User favorites MCUs=[STM32F103C8T6]
2022-11-07 23:37:30,113 [INFO] DbMcus:221 - Set 1 / 1 favorites MCUs
2022-11-07 23:37:31,215 [INFO] LoadUrlFilesThread:177 - End of LoadServerUrlFiles without Thread
2022-11-07 23:37:31,241 [INFO] DetailPanel:339 - Set advertising image to C:/Users/Zver/STM32Cube/Repository/\en.Prom_NBSTM32U50921.jpg
2022-11-07 23:37:31,904 [INFO] MultiScanPanel:778 - Auto Refresh Data is not needed
2022-11-07 23:37:31,912 [INFO] ApiDb:663 - CubeFinder database Data Model version=2.1
2022-11-07 23:37:31,913 [INFO] ApiDb:664 - CubeFinder database Configuration version=3.0.32
2022-11-07 23:37:31,913 [INFO] ApiDb:665 - CubeFinder database generation date=2022-08-05 (1659688109)
2022-11-07 23:37:31,913 [INFO] ApiDb:666 - CubeFinder database FW Pack versions=[STM32Cube_FW_C0_V1.0.0, STM32Cube_FW_F4_V1.27.1, STM32Cube_FW_F7_V1.17.0, STM32Cube_FW_G0_V1.6.1, STM32Cube_FW_G4_V1.5.0, STM32Cube_FW_H7_V1.10.0, STM32Cube_FW_L5_V1.4.0, STM32Cube_FW_U5_V1.1.1, STM32Cube_FW_WB_V1.14.1, STM32Cube_FW_WL_V1.2.0, X-CUBE-ALGOBUILD_V1.3.0, X-CUBE-ALS_V1.0.1, X-CUBE-AZRTOS-F4_V1.1.0, X-CUBE-AZRTOS-F7_V1.1.0, X-CUBE-AZRTOS-G0_V1.1.0, X-CUBE-AZRTOS-G4_V1.0.0, X-CUBE-AZRTOS-H7_V2.1.0, X-CUBE-AZRTOS-L4_V1.0.0, X-CUBE-AZRTOS-L5_V1.0.0, X-CUBE-AZRTOS-WL_V1.0.0, X-CUBE-BLE1_V6.2.3, X-CUBE-BLE2_V3.3.0, X-CUBE-EEPRMA1_V3.1.1, X-CUBE-GNSS1_V6.0.0, X-CUBE-MEMS1_V9.1.0, X-CUBE-MEMS1_V9.3.0, X-CUBE-NFC4_V2.0.4, X-CUBE-NFC7_V1.0.0, X-CUBE-SFXS2LP1_V4.0.0, X-CUBE-SUBG2_V5.0.0]
2022-11-07 23:37:31,981 [INFO] DbBoardsSqlite:227 - include board P-NUCLEO-WB55-NUCLEO as a kit item of type 'Nucleo-64'
2022-11-07 23:37:31,982 [INFO] DbBoardsSqlite:227 - include board P-NUCLEO-WB55-USBDONGLE as a kit item of type 'Nucleo USB Dongle'
2022-11-07 23:37:31,982 [INFO] DbBoardsSqlite:227 - include board STEVAL-IDP005V1 as a kit item of type 'Evaluation Board'
2022-11-07 23:37:31,983 [INFO] DbBoardsSqlite:227 - include board STEVAL-IDP005V2 as a kit item of type 'Evaluation Board'
2022-11-07 23:37:31,994 [INFO] ApiDb:239 - Found 138 in-development CPN: [B-WB1M-WPAN1, NUCLEO-C031C6, STEVAL-STWINBX1, STM320518-EVAL, STM32C0116-DK, STM32C011D6Y3TR, STM32C011D6Y6TR, STM32C011F4P3, STM32C011F4P6, STM32C011F4U3, STM32C011F4U6TR, STM32C011F6P3, STM32C011F6P6, STM32C011F6U3, STM32C011F6U6TR, STM32C011J4M3, STM32C011J4M6, STM32C011J6M3, STM32C011J6M6, STM32C0316-DK, STM32C031C4T3, STM32C031C4T6, STM32C031C4U3, STM32C031C4U6, STM32C031C6T3, STM32C031C6T6, STM32C031C6U3, STM32C031C6U6, STM32C031F4P3, STM32C031F4P6, STM32C031F6P3, STM32C031F6P6, STM32C031G4U3, STM32C031G4U6, STM32C031G6U3, STM32C031G6U6, STM32C031K4T3, STM32C031K4T6, STM32C031K4U3, STM32C031K4U6, STM32C031K6T3, STM32C031K6T6, STM32C031K6U3, STM32C031K6U6, STM32G071K8TXN, STM32G071K8UXN, STM32G081GBU6N, STM32G081KBT6N, STM32G081KBUXN, STM32G0B1CCT6N, STM32G0B1KCT6, STM32G0B1NEY6TR, STM32G0B1RCT6N, STM32G0C1CCT6, STM32G0C1CCT6N, STM32G0C1CCU6N, STM32G0C1CET6N, STM32G0C1CEU6N, STM32G0C1KCT6, STM32G0C1NEY6TR, STM32G0C1RCI6N, STM32G0C1RCT6N, STM32G0C1REI6N, STM32G0C1RET6N, STM32G0C1VCI6, STM32G0C1VEI6, STM32G471CCT6, STM32G471CCU6, STM32G471CET3, STM32G471CET6, STM32G471CEU3, STM32G471CEU6, STM32G471MCT6, STM32G471MET3, STM32G471MET6, STM32G471MEY6TR, STM32G471QCT6, STM32G471QET3, STM32G471RCT6, STM32G471RET3, STM32G471RET6, STM32G471VCH6, STM32G471VCI6, STM32G471VCT6, STM32G471VEH3, STM32G471VEH6, STM32G471VEI3, STM32G471VEI6, STM32G471VET3, STM32G471VET6, STM32G474CCT6, STM32L476VGY6PTR, STM32L4R5QGI6STR, STM32MP131AAE3, STM32MP131AAF3, STM32MP131AAG3, STM32MP131CAE3, STM32MP131CAF3, STM32MP131CAG3, STM32MP131DAE7, STM32MP131DAF7, STM32MP131DAG7, STM32MP131FAE7, STM32MP131FAF7, STM32MP131FAG7, STM32MP133AAE3, STM32MP133AAF3, STM32MP133AAG3, STM32MP133CAE3, STM32MP133CAF3, STM32MP133CAG3, STM32MP133DAE7, STM32MP133DAF7, STM32MP133DAG7, STM32MP133FAE7, STM32MP133FAF7, STM32MP133FAG7, STM32MP135AAE3, STM32MP135AAF3, STM32MP135AAG3, STM32MP135CAE3, STM32MP135CAF3, STM32MP135CAG3, STM32MP135DAE7, STM32MP135DAF7, STM32MP135DAG7, STM32MP135F-DK, STM32MP135FAE7, STM32MP135FAF7, STM32MP135FAG7, STM32U595ZJT6Q, STM32U599BJY6QTR, STM32U599NIH6Q, STM32U599NJH6Q, STM32U5A5ZJT6Q, STM32U5A9BJY6QTR, STM32U5A9NJH6Q, STM32WB1MMCH6]
2022-11-07 23:37:32,127 [INFO] BoardInfo:879 - No configuration file found for board P-NUCLEO-WB55
2022-11-07 23:37:32,128 [INFO] DbBoards:156 - Kit is not supported: P-NUCLEO-WB55
2022-11-07 23:37:32,135 [INFO] BoardInfo:879 - No configuration file found for board STEVAL-BFA001V1B
2022-11-07 23:37:32,135 [INFO] DbBoards:156 - Kit is not supported: STEVAL-BFA001V1B
2022-11-07 23:37:32,136 [INFO] BoardInfo:879 - No configuration file found for board STEVAL-BFA001V2B
2022-11-07 23:37:32,137 [INFO] DbBoards:156 - Kit is not supported: STEVAL-BFA001V2B
2022-11-07 23:37:32,244 [INFO] DbBoards:160 - Found 176 boards, 173 are supported
2022-11-07 23:37:32,252 [INFO] ApiDb:418 - Load user favorites file C:\Users\Zver/.stm32cubeide/favorites.boards.txt: 0 item(s)
2022-11-07 23:37:32,252 [INFO] ApiDb:422 - User favorites Boards=[]
2022-11-07 23:37:32,253 [INFO] DbBoards:189 - Set 0 / 0 favorites Boards
2022-11-07 23:37:35,218 [INFO] McuFinderGlobals:57 - Set McuFinderConnectedMode to true
2022-11-07 23:37:35,883 [INFO] ApiDb:443 - Save user favorites file C:\Users\Zver/.stm32cubeide/favorites.mcus.txt: 1 item(s)
2022-11-07 23:37:35,883 [INFO] ApiDb:447 - User favorites MCUs=[STM32F103C8T6]
2022-11-07 23:37:42,235 [ERROR] LogOutputStream:74 - [STDERR_REDIRECT] SLF4J: Failed to load class "org.slf4j.impl.StaticLoggerBinder".
2022-11-07 23:37:42,235 [ERROR] LogOutputStream:74 - [STDERR_REDIRECT] SLF4J: Defaulting to no-operation (NOP) logger implementation
2022-11-07 23:37:42,237 [ERROR] LogOutputStream:74 - [STDERR_REDIRECT] SLF4J: See http://www.slf4j.org/codes.html#StaticLoggerBinder for further details.
