2022-10-27 04:53:59,979 [INFO] Activator:177 - 


2022-10-27 04:53:59,980 [INFO] Activator:178 - !SESSION log4j initialized
2022-10-27 04:54:02,180 [INFO] McuFinderGlobals:44 - Set McuFinder mode to 2 (CubeIDE integrated)
2022-10-27 04:54:03,498 [INFO] ApplicationProperties:181 - Using Application install path: C:\ST\STM32CubeIDE_1.9.0\STM32CubeIDE\plugins\com.st.stm32cube.common.mx_6.6.1.202207061420
2022-10-27 04:54:03,511 [INFO] DbMcusXml:77 - Set database path to: C:\ST\STM32CubeIDE_1.9.0\STM32CubeIDE\plugins\com.st.stm32cube.common.mx_6.6.1.202207061420\\db\/mcu/
2022-10-27 04:54:03,512 [INFO] ApiDb:269 - Set plugin database path to: C:\ST\STM32CubeIDE_1.9.0\STM32CubeIDE\plugins\com.st.stm32cube.common.mx_6.6.1.202207061420\\db\/plugins/boardmanager/
2022-10-27 04:54:03,514 [WARN] ApiDb:254 - Overriding images path with different value:  => C:\ST\STM32CubeIDE_1.9.0\STM32CubeIDE\plugins\com.st.stm32cube.common.mx_6.6.1.202207061420\\db\/plugins/mcufinder/images/
2022-10-27 04:54:03,524 [INFO] ApiDb:249 - Set database path to: C:\Users\Zver\.stmcufinder\plugins\mcufinder//mcu/
2022-10-27 04:54:03,526 [INFO] DbMcusAds:124 - Set database path to: C:\Users\Zver\.stmcufinder\plugins\mcufinder//mcu/
2022-10-27 04:54:03,528 [INFO] CrossReferenceDbSqlite:201 - Set database path to: C:\Users\Zver\.stmcufinder\plugins\mcufinder//mcu/cs/
2022-10-27 04:54:03,616 [INFO] RulesReader:61 - Compatibility file has been processed (282 Rules)
2022-10-27 04:54:03,735 [INFO] DbMcusXml:77 - Set database path to: C:\ST\STM32CubeIDE_1.9.0\STM32CubeIDE\plugins\com.st.stm32cube.common.mx_6.6.1.202207061420\\db\/mcu/
2022-10-27 04:54:03,735 [INFO] ApiDb:269 - Set plugin database path to: C:\ST\STM32CubeIDE_1.9.0\STM32CubeIDE\plugins\com.st.stm32cube.common.mx_6.6.1.202207061420\\db\/plugins/boardmanager/
2022-10-27 04:54:03,735 [INFO] ApiDb:256 - Set plugin images path to: C:\ST\STM32CubeIDE_1.9.0\STM32CubeIDE\plugins\com.st.stm32cube.common.mx_6.6.1.202207061420\\db\/plugins/mcufinder/images/
2022-10-27 04:54:03,736 [WARN] DbFile:40 - Overriding database path with different value: C:\Users\Zver\.stmcufinder\plugins\mcufinder/ => C:\Users\Zver\.stmcufinder\plugins\mcufinder
2022-10-27 04:54:03,736 [INFO] ApiDb:249 - Set database path to: C:\Users\Zver\.stmcufinder\plugins\mcufinder//mcu/
2022-10-27 04:54:03,736 [WARN] DbFile:40 - Overriding database path with different value: C:\Users\Zver\.stmcufinder\plugins\mcufinder/ => C:\Users\Zver\.stmcufinder\plugins\mcufinder
2022-10-27 04:54:03,736 [INFO] DbMcusAds:124 - Set database path to: C:\Users\Zver\.stmcufinder\plugins\mcufinder//mcu/
2022-10-27 04:54:03,737 [WARN] DbFile:40 - Overriding database path with different value: C:\Users\Zver\.stmcufinder\plugins\mcufinder/ => C:\Users\Zver\.stmcufinder\plugins\mcufinder
2022-10-27 04:54:03,737 [WARN] DbFile:40 - Overriding database path with different value: C:\Users\Zver\.stmcufinder\plugins\mcufinder/ => C:\Users\Zver\.stmcufinder\plugins\mcufinder
2022-10-27 04:54:03,737 [INFO] CrossReferenceDbSqlite:201 - Set database path to: C:\Users\Zver\.stmcufinder\plugins\mcufinder//mcu/cs/
2022-10-27 04:54:03,820 [INFO] MainPanel:242 - HeapMemory: 268435456
2022-10-27 04:54:03,884 [INFO] DbMcusXml:77 - Set database path to: C:\ST\STM32CubeIDE_1.9.0\STM32CubeIDE\plugins\com.st.stm32cube.common.mx_6.6.1.202207061420\\db\/mcu/
2022-10-27 04:54:03,884 [INFO] ApiDb:269 - Set plugin database path to: C:\ST\STM32CubeIDE_1.9.0\STM32CubeIDE\plugins\com.st.stm32cube.common.mx_6.6.1.202207061420\\db\/plugins/boardmanager/
2022-10-27 04:54:03,885 [INFO] ApiDb:256 - Set plugin images path to: C:\ST\STM32CubeIDE_1.9.0\STM32CubeIDE\plugins\com.st.stm32cube.common.mx_6.6.1.202207061420\\db\/plugins/mcufinder/images/
2022-10-27 04:54:03,885 [WARN] DbFile:40 - Overriding database path with different value: C:\Users\Zver\.stmcufinder\plugins\mcufinder/ => C:\Users\Zver\.stmcufinder\plugins\mcufinder
2022-10-27 04:54:03,885 [INFO] ApiDb:249 - Set database path to: C:\Users\Zver\.stmcufinder\plugins\mcufinder//mcu/
2022-10-27 04:54:03,885 [WARN] DbFile:40 - Overriding database path with different value: C:\Users\Zver\.stmcufinder\plugins\mcufinder/ => C:\Users\Zver\.stmcufinder\plugins\mcufinder
2022-10-27 04:54:03,885 [INFO] DbMcusAds:124 - Set database path to: C:\Users\Zver\.stmcufinder\plugins\mcufinder//mcu/
2022-10-27 04:54:03,886 [WARN] DbFile:40 - Overriding database path with different value: C:\Users\Zver\.stmcufinder\plugins\mcufinder/ => C:\Users\Zver\.stmcufinder\plugins\mcufinder
2022-10-27 04:54:03,886 [WARN] DbFile:40 - Overriding database path with different value: C:\Users\Zver\.stmcufinder\plugins\mcufinder/ => C:\Users\Zver\.stmcufinder\plugins\mcufinder
2022-10-27 04:54:03,886 [INFO] CrossReferenceDbSqlite:201 - Set database path to: C:\Users\Zver\.stmcufinder\plugins\mcufinder//mcu/cs/
2022-10-27 04:54:03,969 [INFO] ApplicationProperties:181 - Using Application install path: C:\ST\STM32CubeIDE_1.9.0\STM32CubeIDE\plugins\com.st.stm32cube.common.mx_6.6.1.202207061420
2022-10-27 04:54:03,970 [INFO] PluginManage:193 - Search for loadable plugins [exclusion list=, ]
2022-10-27 04:54:03,971 [INFO] PluginManage:307 - Check plugin analytics
2022-10-27 04:54:04,097 [INFO] AnalyticsPlugin:262 - Accepted Software Licenses: 
2022-10-27 04:54:04,098 [INFO] AnalyticsPlugin:264 - Accepted CMSIS Pack Licenses: 
2022-10-27 04:54:04,098 [INFO] AnalyticsPlugin:266 - Accepted Firmware Licenses: 
2022-10-27 04:54:04,107 [INFO] PluginManage:356 - Loaded plugin analytics (category:tool,tabindex:-1)
2022-10-27 04:54:04,107 [INFO] PluginManage:307 - Check plugin cadmodel
2022-10-27 04:54:04,110 [INFO] CADModel:65 - Init CAD model plugin
2022-10-27 04:54:04,111 [INFO] PluginManage:356 - Loaded plugin cadmodel (category:power,tabindex:5)
2022-10-27 04:54:04,111 [INFO] PluginManage:307 - Check plugin clock
2022-10-27 04:54:04,120 [INFO] PluginManage:356 - Loaded plugin clock (category:base,tabindex:2)
2022-10-27 04:54:04,120 [INFO] PluginManage:307 - Check plugin ddr
2022-10-27 04:54:04,122 [INFO] PluginManage:356 - Loaded plugin ddr (category:tool,tabindex:6)
2022-10-27 04:54:04,122 [INFO] PluginManage:307 - Check plugin filemanager
2022-10-27 04:54:04,244 [INFO] PluginManage:356 - Loaded plugin filemanager (category:base,tabindex:10)
2022-10-27 04:54:04,245 [INFO] PluginManage:307 - Check plugin ipmanager
2022-10-27 04:54:04,283 [INFO] PluginManage:356 - Loaded plugin ipmanager (category:base,tabindex:5)
2022-10-27 04:54:04,283 [INFO] PluginManage:307 - Check plugin lpbam
2022-10-27 04:54:04,292 [INFO] PluginManage:356 - Loaded plugin lpbam (category:base,tabindex:0)
2022-10-27 04:54:04,292 [INFO] PluginManage:307 - Check plugin pinoutandconfiguration
2022-10-27 04:54:04,309 [INFO] PluginManage:356 - Loaded plugin pinoutandconfiguration (category:base,tabindex:1)
2022-10-27 04:54:04,309 [INFO] PluginManage:307 - Check plugin pinoutconfig
2022-10-27 04:54:04,337 [INFO] PluginManage:356 - Loaded plugin pinoutconfig (category:base,tabindex:0)
2022-10-27 04:54:04,338 [INFO] PluginManage:307 - Check plugin power
2022-10-27 04:54:04,345 [INFO] PluginManage:356 - Loaded plugin power (category:power,tabindex:4)
2022-10-27 04:54:04,345 [INFO] PluginManage:307 - Check plugin projectmanager
2022-10-27 04:54:04,357 [INFO] PluginManage:356 - Loaded plugin projectmanager (category:projectmanager,tabindex:3)
2022-10-27 04:54:04,357 [INFO] PluginManage:307 - Check plugin thirdparty
2022-10-27 04:54:04,450 [WARN] IntegrityCheckThread:82 - waiting for thirdparty lock release [integrity check]
2022-10-27 04:54:04,450 [INFO] PluginManage:356 - Loaded plugin thirdparty (category:base,tabindex:-1)
2022-10-27 04:54:04,450 [INFO] IntegrityCheckThread:84 - entering critical section [integrity check]
2022-10-27 04:54:04,451 [INFO] PluginManage:307 - Check plugin tools
2022-10-27 04:54:04,453 [INFO] ThirdPartyUpdaterWithRetryManager:70 - Updater plugin not ready yet. [1/15]
2022-10-27 04:54:04,454 [INFO] PluginManage:356 - Loaded plugin tools (category:base,tabindex:7)
2022-10-27 04:54:04,454 [INFO] PluginManage:307 - Check plugin tutovideos
2022-10-27 04:54:04,613 [INFO] PluginManage:356 - Loaded plugin tutovideos (category:base,tabindex:-1)
2022-10-27 04:54:04,613 [INFO] PluginManage:307 - Check plugin updater
2022-10-27 04:54:04,627 [INFO] PluginManage:356 - Loaded plugin updater (category:base,tabindex:12)
2022-10-27 04:54:04,627 [INFO] PluginManage:280 - PluginManage : Loaded plugins [15]
2022-10-27 04:54:05,014 [INFO] PinOutPanel:1468 - setPackage(No Configuration,No Configuration)
2022-10-27 04:54:05,093 [INFO] CADModel:98 - CPN selected for project level
2022-10-27 04:54:05,106 [INFO] IPUIPlugin:79 - create IPUIPlugin
2022-10-27 04:54:05,106 [INFO] PluginManager:217 - loadIPPluginJar : add adc
2022-10-27 04:54:05,108 [INFO] IPUIPlugin:79 - create IPUIPlugin
2022-10-27 04:54:05,108 [INFO] PluginManager:217 - loadIPPluginJar : add aes
2022-10-27 04:54:05,110 [INFO] IPUIPlugin:79 - create IPUIPlugin
2022-10-27 04:54:05,110 [INFO] PluginManager:217 - loadIPPluginJar : add can
2022-10-27 04:54:05,111 [INFO] IPUIPlugin:79 - create IPUIPlugin
2022-10-27 04:54:05,111 [INFO] PluginManager:217 - loadIPPluginJar : add comp
2022-10-27 04:54:05,113 [INFO] IPUIPlugin:79 - create IPUIPlugin
2022-10-27 04:54:05,113 [INFO] PluginManager:217 - loadIPPluginJar : add cryp
2022-10-27 04:54:05,115 [INFO] IPUIPlugin:79 - create IPUIPlugin
2022-10-27 04:54:05,115 [INFO] PluginManager:217 - loadIPPluginJar : add dfsdm
2022-10-27 04:54:05,120 [INFO] IPUIPlugin:79 - create IPUIPlugin
2022-10-27 04:54:05,120 [INFO] PluginManager:217 - loadIPPluginJar : add dma
2022-10-27 04:54:05,122 [INFO] IPUIPlugin:79 - create IPUIPlugin
2022-10-27 04:54:05,123 [INFO] PluginManager:217 - loadIPPluginJar : add dma3
2022-10-27 04:54:05,124 [INFO] IPUIPlugin:79 - create IPUIPlugin
2022-10-27 04:54:05,124 [INFO] PluginManager:217 - loadIPPluginJar : add fatfs
2022-10-27 04:54:05,127 [INFO] IPUIPlugin:79 - create IPUIPlugin
2022-10-27 04:54:05,127 [INFO] PluginManager:217 - loadIPPluginJar : add fmc
2022-10-27 04:54:05,131 [INFO] IPUIPlugin:79 - create IPUIPlugin
2022-10-27 04:54:05,131 [INFO] PluginManager:217 - loadIPPluginJar : add freertos
2022-10-27 04:54:05,132 [INFO] IPUIPlugin:79 - create IPUIPlugin
2022-10-27 04:54:05,132 [INFO] PluginManager:217 - loadIPPluginJar : add genericplugin
2022-10-27 04:54:05,134 [INFO] IPUIPlugin:79 - create IPUIPlugin
2022-10-27 04:54:05,134 [INFO] PluginManager:217 - loadIPPluginJar : add gfxmmu
2022-10-27 04:54:05,137 [INFO] IPUIPlugin:79 - create IPUIPlugin
2022-10-27 04:54:05,137 [INFO] PluginManager:217 - loadIPPluginJar : add gic
2022-10-27 04:54:05,140 [INFO] IPUIPlugin:79 - create IPUIPlugin
2022-10-27 04:54:05,140 [INFO] PluginManager:217 - loadIPPluginJar : add gpio
2022-10-27 04:54:05,141 [INFO] IPUIPlugin:79 - create IPUIPlugin
2022-10-27 04:54:05,142 [INFO] PluginManager:217 - loadIPPluginJar : add gtzc
2022-10-27 04:54:05,143 [INFO] IPUIPlugin:79 - create IPUIPlugin
2022-10-27 04:54:05,143 [INFO] PluginManager:217 - loadIPPluginJar : add hash
2022-10-27 04:54:05,145 [INFO] IPUIPlugin:79 - create IPUIPlugin
2022-10-27 04:54:05,145 [INFO] PluginManager:217 - loadIPPluginJar : add i2c
2022-10-27 04:54:05,147 [INFO] IPUIPlugin:79 - create IPUIPlugin
2022-10-27 04:54:05,147 [INFO] PluginManager:217 - loadIPPluginJar : add i2s
2022-10-27 04:54:05,149 [INFO] IPUIPlugin:79 - create IPUIPlugin
2022-10-27 04:54:05,149 [INFO] PluginManager:217 - loadIPPluginJar : add ipddr
2022-10-27 04:54:05,154 [INFO] IPUIPlugin:79 - create IPUIPlugin
2022-10-27 04:54:05,155 [INFO] PluginManager:217 - loadIPPluginJar : add linkedlist
2022-10-27 04:54:05,156 [INFO] IPUIPlugin:79 - create IPUIPlugin
2022-10-27 04:54:05,157 [INFO] PluginManager:217 - loadIPPluginJar : add lorawan
2022-10-27 04:54:05,157 [INFO] IPUIPlugin:79 - create IPUIPlugin
2022-10-27 04:54:05,158 [INFO] PluginManager:217 - loadIPPluginJar : add ltdc
2022-10-27 04:54:05,161 [INFO] IPUIPlugin:79 - create IPUIPlugin
2022-10-27 04:54:05,162 [INFO] PluginManager:217 - loadIPPluginJar : add mdma
2022-10-27 04:54:05,164 [INFO] IPUIPlugin:79 - create IPUIPlugin
2022-10-27 04:54:05,164 [INFO] PluginManager:217 - loadIPPluginJar : add nvic
2022-10-27 04:54:05,166 [INFO] IPUIPlugin:79 - create IPUIPlugin
2022-10-27 04:54:05,166 [INFO] PluginManager:217 - loadIPPluginJar : add opamp
2022-10-27 04:54:05,168 [INFO] IPUIPlugin:79 - create IPUIPlugin
2022-10-27 04:54:05,168 [INFO] PluginManager:217 - loadIPPluginJar : add openamp
2022-10-27 04:54:05,170 [INFO] IPUIPlugin:79 - create IPUIPlugin
2022-10-27 04:54:05,170 [INFO] PluginManager:217 - loadIPPluginJar : add pdm2pcm
2022-10-27 04:54:05,175 [INFO] IPUIPlugin:79 - create IPUIPlugin
2022-10-27 04:54:05,177 [INFO] PluginManager:217 - loadIPPluginJar : add plateformsettings
2022-10-27 04:54:05,178 [INFO] IPUIPlugin:79 - create IPUIPlugin
2022-10-27 04:54:05,178 [INFO] PluginManager:217 - loadIPPluginJar : add quadspi
2022-10-27 04:54:05,181 [INFO] IPUIPlugin:79 - create IPUIPlugin
2022-10-27 04:54:05,181 [INFO] PluginManager:217 - loadIPPluginJar : add resmgrutility
2022-10-27 04:54:05,183 [INFO] IPUIPlugin:79 - create IPUIPlugin
2022-10-27 04:54:05,183 [INFO] PluginManager:217 - loadIPPluginJar : add sai
2022-10-27 04:54:05,185 [INFO] IPUIPlugin:79 - create IPUIPlugin
2022-10-27 04:54:05,185 [INFO] PluginManager:217 - loadIPPluginJar : add spi
2022-10-27 04:54:05,188 [INFO] IPUIPlugin:79 - create IPUIPlugin
2022-10-27 04:54:05,189 [INFO] PluginManager:217 - loadIPPluginJar : add stm32_wpan
2022-10-27 04:54:05,190 [INFO] IPUIPlugin:79 - create IPUIPlugin
2022-10-27 04:54:05,190 [INFO] PluginManager:217 - loadIPPluginJar : add tim
2022-10-27 04:54:05,193 [INFO] IPUIPlugin:79 - create IPUIPlugin
2022-10-27 04:54:05,193 [INFO] PluginManager:217 - loadIPPluginJar : add touchsensing
2022-10-27 04:54:05,196 [INFO] IPUIPlugin:79 - create IPUIPlugin
2022-10-27 04:54:05,196 [INFO] PluginManager:217 - loadIPPluginJar : add tracer_emb
2022-10-27 04:54:05,198 [INFO] IPUIPlugin:79 - create IPUIPlugin
2022-10-27 04:54:05,198 [INFO] PluginManager:217 - loadIPPluginJar : add ts
2022-10-27 04:54:05,200 [INFO] IPUIPlugin:79 - create IPUIPlugin
2022-10-27 04:54:05,200 [INFO] PluginManager:217 - loadIPPluginJar : add tsc
2022-10-27 04:54:05,201 [INFO] IPUIPlugin:79 - create IPUIPlugin
2022-10-27 04:54:05,201 [INFO] PluginManager:217 - loadIPPluginJar : add ucpd
2022-10-27 04:54:05,203 [INFO] IPUIPlugin:79 - create IPUIPlugin
2022-10-27 04:54:05,204 [INFO] PluginManager:217 - loadIPPluginJar : add usart
2022-10-27 04:54:05,206 [INFO] IPUIPlugin:79 - create IPUIPlugin
2022-10-27 04:54:05,206 [INFO] PluginManager:217 - loadIPPluginJar : add usbx
2022-10-27 04:54:05,478 [FATAL] Updater:301 - Updater called before beeing initialized
2022-10-27 04:54:05,642 [FATAL] Updater:301 - Updater called before beeing initialized
2022-10-27 04:54:05,648 [INFO] DbMcusAds:52 - JSON generation date=Thu Sep 30 09:56:37 MSK 2021 (1632984997303)
2022-10-27 04:54:05,648 [FATAL] Updater:301 - Updater called before beeing initialized
2022-10-27 04:54:05,725 [WARN] DetailPanel:344 - Failed to get advertising image, set to default
2022-10-27 04:54:05,844 [FATAL] Updater:301 - Updater called before beeing initialized
2022-10-27 04:54:05,846 [FATAL] Updater:301 - Updater called before beeing initialized
2022-10-27 04:54:05,846 [FATAL] Updater:301 - Updater called before beeing initialized
2022-10-27 04:54:05,846 [WARN] DetailPanel:344 - Failed to get advertising image, set to default
2022-10-27 04:54:05,846 [FATAL] Updater:301 - Updater called before beeing initialized
2022-10-27 04:54:05,885 [ERROR] Updater:1105 - MainUpdater not yet initialized. External WinMGr cannot be set.
2022-10-27 04:54:05,887 [INFO] Updater:1041 - Updater Version found : 6.6.1
2022-10-27 04:54:05,900 [INFO] ApplicationProperties:181 - Using Application install path: C:\ST\STM32CubeIDE_1.9.0\STM32CubeIDE\plugins\com.st.stm32cube.common.mx_6.6.1.202207061420
2022-10-27 04:54:06,301 [INFO] MainUpdater:2768 - connection check result : 10
2022-10-27 04:54:06,301 [INFO] MainUpdater:280 - Updater Check For Update Now.
2022-10-27 04:54:06,302 [INFO] MicroXplorer:481 - Change Database Version : DB.6.0.60
2022-10-27 04:54:06,450 [INFO] CheckServerUpdateThread:119 - End of CheckServer Thread
2022-10-27 04:54:06,508 [INFO] MainUpdater:2768 - connection check result : 10
2022-10-27 04:54:06,721 [INFO] McuFinderGlobals:57 - Set McuFinderConnectedMode to true
2022-10-27 04:54:06,731 [INFO] MultiScanPanel:195 - Auto-refresh data requested => check proxy status ongoing
2022-10-27 04:54:06,734 [INFO] FinderPluginLoader:92 - Searching for filters in installed packs
2022-10-27 04:54:06,895 [INFO] ApiDb:576 - Connected to CubeFinder SQLite database (C:\Users\Zver\.stmcufinder\plugins\mcufinder\mcu\cube-finder-db.db)
2022-10-27 04:54:06,919 [INFO] ApiDb:663 - CubeFinder database Data Model version=2.1
2022-10-27 04:54:06,919 [INFO] ApiDb:664 - CubeFinder database Configuration version=3.0.32
2022-10-27 04:54:06,919 [INFO] ApiDb:665 - CubeFinder database generation date=2022-08-05 (1659688109)
2022-10-27 04:54:06,920 [INFO] ApiDb:666 - CubeFinder database FW Pack versions=[STM32Cube_FW_C0_V1.0.0, STM32Cube_FW_F4_V1.27.1, STM32Cube_FW_F7_V1.17.0, STM32Cube_FW_G0_V1.6.1, STM32Cube_FW_G4_V1.5.0, STM32Cube_FW_H7_V1.10.0, STM32Cube_FW_L5_V1.4.0, STM32Cube_FW_U5_V1.1.1, STM32Cube_FW_WB_V1.14.1, STM32Cube_FW_WL_V1.2.0, X-CUBE-ALGOBUILD_V1.3.0, X-CUBE-ALS_V1.0.1, X-CUBE-AZRTOS-F4_V1.1.0, X-CUBE-AZRTOS-F7_V1.1.0, X-CUBE-AZRTOS-G0_V1.1.0, X-CUBE-AZRTOS-G4_V1.0.0, X-CUBE-AZRTOS-H7_V2.1.0, X-CUBE-AZRTOS-L4_V1.0.0, X-CUBE-AZRTOS-L5_V1.0.0, X-CUBE-AZRTOS-WL_V1.0.0, X-CUBE-BLE1_V6.2.3, X-CUBE-BLE2_V3.3.0, X-CUBE-EEPRMA1_V3.1.1, X-CUBE-GNSS1_V6.0.0, X-CUBE-MEMS1_V9.1.0, X-CUBE-MEMS1_V9.3.0, X-CUBE-NFC4_V2.0.4, X-CUBE-NFC7_V1.0.0, X-CUBE-SFXS2LP1_V4.0.0, X-CUBE-SUBG2_V5.0.0]
2022-10-27 04:54:07,569 [WARN] PackLoader:242 - Cannot read IP mode file for wolfSSL.I-CUBE-wolfSSL.5.2.0
2022-10-27 04:54:07,583 [WARN] PackLoader:242 - Cannot read IP mode file for STMicroelectronics.X-CUBE-GNSS1.6.0.0
2022-10-27 04:54:07,608 [WARN] PackLoader:242 - Cannot read IP mode file for STMicroelectronics.X-CUBE-AZRTOS-F4.1.1.0
2022-10-27 04:54:07,620 [WARN] PackLoader:242 - Cannot read IP mode file for STMicroelectronics.X-CUBE-BLEMGR.1.2.0
2022-10-27 04:54:07,646 [WARN] PackLoader:242 - Cannot read IP mode file for STMicroelectronics.X-CUBE-AZRTOS-F7.1.1.0
2022-10-27 04:54:07,654 [WARN] PackLoader:242 - Cannot read IP mode file for STMicroelectronics.X-CUBE-AI.7.1.0
2022-10-27 04:54:07,661 [WARN] PackLoader:242 - Cannot read IP mode file for STMicroelectronics.X-CUBE-BLE1.6.2.3
2022-10-27 04:54:07,666 [WARN] PackLoader:242 - Cannot read IP mode file for STMicroelectronics.X-CUBE-BLE1.6.2.2
2022-10-27 04:54:07,673 [WARN] PackLoader:242 - Cannot read IP mode file for STMicroelectronics.X-CUBE-NFC4.2.0.4
2022-10-27 04:54:07,699 [WARN] PackLoader:242 - Cannot read IP mode file for STMicroelectronics.X-CUBE-BLE2.3.2.2
2022-10-27 04:54:07,705 [WARN] PackLoader:242 - Cannot read IP mode file for STMicroelectronics.X-CUBE-NFC4.2.0.3
2022-10-27 04:54:07,720 [WARN] PackLoader:242 - Cannot read IP mode file for STMicroelectronics.X-CUBE-TOF1.3.1.0
2022-10-27 04:54:07,740 [WARN] PackLoader:242 - Cannot read IP mode file for STMicroelectronics.X-CUBE-SFXS2LP1.3.1.0
2022-10-27 04:54:07,791 [WARN] PackLoader:242 - Cannot read IP mode file for STMicroelectronics.X-CUBE-AZRTOS-F4.1.0.0
2022-10-27 04:54:07,804 [WARN] PackLoader:242 - Cannot read IP mode file for STMicroelectronics.X-CUBE-NFC7.1.0.0
2022-10-27 04:54:07,817 [WARN] PackLoader:242 - Cannot read IP mode file for STMicroelectronics.X-CUBE-SUBG2.4.2.0
2022-10-27 04:54:07,865 [WARN] PackLoader:242 - Cannot read IP mode file for STMicroelectronics.X-CUBE-MEMS1.9.3.0
2022-10-27 04:54:07,999 [WARN] PackLoader:242 - Cannot read IP mode file for STMicroelectronics.X-CUBE-AI.7.2.0
2022-10-27 04:54:08,015 [WARN] PackLoader:242 - Cannot read IP mode file for STMicroelectronics.X-CUBE-AZRTOS-G0.1.0.0
2022-10-27 04:54:08,024 [WARN] PackLoader:242 - Cannot read IP mode file for STMicroelectronics.X-CUBE-SFXS2LP1.4.0.0
2022-10-27 04:54:08,028 [WARN] PackLoader:242 - Cannot read IP mode file for STMicroelectronics.X-CUBE-BLE2.3.3.0
2022-10-27 04:54:08,036 [WARN] PackLoader:242 - Cannot read IP mode file for STMicroelectronics.X-CUBE-DISPLAY.2.2.0
2022-10-27 04:54:08,049 [WARN] PackLoader:242 - Cannot read IP mode file for STMicroelectronics.X-CUBE-TOF1.3.2.0
2022-10-27 04:54:08,060 [WARN] PackLoader:242 - Cannot read IP mode file for STMicroelectronics.X-CUBE-TOUCHGFX.4.18.1
2022-10-27 04:54:08,064 [WARN] PackLoader:242 - Cannot read IP mode file for STMicroelectronics.X-CUBE-ISPU.1.0.0
2022-10-27 04:54:08,071 [WARN] PackLoader:242 - Cannot read IP mode file for RoweBots.I-CUBE-UNISONRTOS.5.5.0-4
2022-10-27 04:54:08,086 [WARN] PackLoader:242 - Cannot read IP mode file for STMicroelectronics.X-CUBE-AZRTOS-H7.2.1.0
2022-10-27 04:54:08,096 [WARN] PackLoader:242 - Cannot read IP mode file for STMicroelectronics.X-CUBE-BLEMGR.1.0.0
2022-10-27 04:54:08,106 [WARN] PackLoader:242 - Cannot read IP mode file for STMicroelectronics.X-CUBE-ALGOBUILD.1.3.0
2022-10-27 04:54:08,121 [WARN] PackLoader:242 - Cannot read IP mode file for STMicroelectronics.X-CUBE-AZRTOS-G0.1.1.0
2022-10-27 04:54:08,131 [WARN] PackLoader:242 - Cannot read IP mode file for STMicroelectronics.X-CUBE-SUBG2.5.0.0
2022-10-27 04:54:08,203 [WARN] PackLoader:242 - Cannot read IP mode file for SEGGER.I-CUBE-embOS.1.2.0
2022-10-27 04:54:08,239 [WARN] PackLoader:242 - Cannot read IP mode file for STMicroelectronics.FP-ATR-ASTRA1.1.1.1
2022-10-27 04:54:08,255 [WARN] PackLoader:242 - Cannot read IP mode file for STMicroelectronics.X-CUBE-AZRTOS-H7.2.0.0
2022-10-27 04:54:08,272 [WARN] PackLoader:242 - Cannot read IP mode file for STMicroelectronics.X-CUBE-AZRTOS-G4.1.0.0
2022-10-27 04:54:08,277 [WARN] PackLoader:242 - Cannot read IP mode file for STMicroelectronics.FP-ATR-SIGFOX1.3.2.0
2022-10-27 04:54:08,291 [WARN] PackLoader:242 - Cannot read IP mode file for STMicroelectronics.X-CUBE-AZRTOS-L4.1.0.0
2022-10-27 04:54:08,297 [WARN] PackLoader:242 - Cannot read IP mode file for emotas.I-CUBE-CANOPEN.1.1.2
2022-10-27 04:54:08,299 [WARN] PackLoader:242 - Cannot read IP mode file for STMicroelectronics.X-CUBE-TOUCHGFX.4.20.0
2022-10-27 04:54:08,310 [WARN] PackLoader:242 - Cannot read IP mode file for STMicroelectronics.X-CUBE-AZRTOS-F7.1.0.0
2022-10-27 04:54:08,326 [WARN] PackLoader:242 - Cannot read IP mode file for STMicroelectronics.X-CUBE-AZRTOS-WL.1.0.0
2022-10-27 04:54:08,358 [WARN] PackLoader:242 - Cannot read IP mode file for STMicroelectronics.X-CUBE-MEMS1.9.1.0
2022-10-27 04:54:08,430 [WARN] PackLoader:242 - Cannot read IP mode file for portGmbH.I-Cube-SoM-uGOAL.1.1.0
2022-10-27 04:54:08,433 [WARN] PackLoader:242 - Cannot read IP mode file for STMicroelectronics.X-CUBE-ALS.1.0.1
2022-10-27 04:54:08,447 [WARN] PackLoader:242 - Cannot read IP mode file for STMicroelectronics.X-CUBE-AZRTOS-L5.1.0.0
2022-10-27 04:54:08,456 [WARN] PackLoader:242 - Cannot read IP mode file for STMicroelectronics.X-CUBE-EEPRMA1.3.1.1
2022-10-27 04:54:08,464 [WARN] PackLoader:242 - Cannot read IP mode file for STMicroelectronics.X-CUBE-GNSS1.5.2.0
2022-10-27 04:54:08,470 [WARN] PackLoader:242 - Cannot read IP mode file for STMicroelectronics.X-CUBE-DISPLAY.2.0.1
2022-10-27 04:54:08,481 [WARN] PackLoader:242 - Cannot read IP mode file for STMicroelectronics.X-CUBE-TOF1.3.0.0
2022-10-27 04:54:08,484 [INFO] ThirdParty:929 - Integrity check success = true
2022-10-27 04:54:08,484 [INFO] IntegrityCheckThread:98 - exiting critical section [integrity check]
2022-10-27 04:54:08,484 [INFO] IntegrityCheckThread:101 - End integrity checks thread
2022-10-27 04:54:08,716 [INFO] ApiDb:239 - Found 138 in-development CPN: [B-WB1M-WPAN1, NUCLEO-C031C6, STEVAL-STWINBX1, STM320518-EVAL, STM32C0116-DK, STM32C011D6Y3TR, STM32C011D6Y6TR, STM32C011F4P3, STM32C011F4P6, STM32C011F4U3, STM32C011F4U6TR, STM32C011F6P3, STM32C011F6P6, STM32C011F6U3, STM32C011F6U6TR, STM32C011J4M3, STM32C011J4M6, STM32C011J6M3, STM32C011J6M6, STM32C0316-DK, STM32C031C4T3, STM32C031C4T6, STM32C031C4U3, STM32C031C4U6, STM32C031C6T3, STM32C031C6T6, STM32C031C6U3, STM32C031C6U6, STM32C031F4P3, STM32C031F4P6, STM32C031F6P3, STM32C031F6P6, STM32C031G4U3, STM32C031G4U6, STM32C031G6U3, STM32C031G6U6, STM32C031K4T3, STM32C031K4T6, STM32C031K4U3, STM32C031K4U6, STM32C031K6T3, STM32C031K6T6, STM32C031K6U3, STM32C031K6U6, STM32G071K8TXN, STM32G071K8UXN, STM32G081GBU6N, STM32G081KBT6N, STM32G081KBUXN, STM32G0B1CCT6N, STM32G0B1KCT6, STM32G0B1NEY6TR, STM32G0B1RCT6N, STM32G0C1CCT6, STM32G0C1CCT6N, STM32G0C1CCU6N, STM32G0C1CET6N, STM32G0C1CEU6N, STM32G0C1KCT6, STM32G0C1NEY6TR, STM32G0C1RCI6N, STM32G0C1RCT6N, STM32G0C1REI6N, STM32G0C1RET6N, STM32G0C1VCI6, STM32G0C1VEI6, STM32G471CCT6, STM32G471CCU6, STM32G471CET3, STM32G471CET6, STM32G471CEU3, STM32G471CEU6, STM32G471MCT6, STM32G471MET3, STM32G471MET6, STM32G471MEY6TR, STM32G471QCT6, STM32G471QET3, STM32G471RCT6, STM32G471RET3, STM32G471RET6, STM32G471VCH6, STM32G471VCI6, STM32G471VCT6, STM32G471VEH3, STM32G471VEH6, STM32G471VEI3, STM32G471VEI6, STM32G471VET3, STM32G471VET6, STM32G474CCT6, STM32L476VGY6PTR, STM32L4R5QGI6STR, STM32MP131AAE3, STM32MP131AAF3, STM32MP131AAG3, STM32MP131CAE3, STM32MP131CAF3, STM32MP131CAG3, STM32MP131DAE7, STM32MP131DAF7, STM32MP131DAG7, STM32MP131FAE7, STM32MP131FAF7, STM32MP131FAG7, STM32MP133AAE3, STM32MP133AAF3, STM32MP133AAG3, STM32MP133CAE3, STM32MP133CAF3, STM32MP133CAG3, STM32MP133DAE7, STM32MP133DAF7, STM32MP133DAG7, STM32MP133FAE7, STM32MP133FAF7, STM32MP133FAG7, STM32MP135AAE3, STM32MP135AAF3, STM32MP135AAG3, STM32MP135CAE3, STM32MP135CAF3, STM32MP135CAG3, STM32MP135DAE7, STM32MP135DAF7, STM32MP135DAG7, STM32MP135F-DK, STM32MP135FAE7, STM32MP135FAF7, STM32MP135FAG7, STM32U595ZJT6Q, STM32U599BJY6QTR, STM32U599NIH6Q, STM32U599NJH6Q, STM32U5A5ZJT6Q, STM32U5A9BJY6QTR, STM32U5A9NJH6Q, STM32WB1MMCH6]
2022-10-27 04:54:08,722 [INFO] DbMcus:215 - Found 3542 MCUs, 3542 are supported
2022-10-27 04:54:08,724 [INFO] ApiDb:418 - Load user favorites file C:\Users\Zver/.stm32cubeide/favorites.mcus.txt: 1 item(s)
2022-10-27 04:54:08,724 [INFO] ApiDb:422 - User favorites MCUs=[STM32F103C8T6]
2022-10-27 04:54:08,725 [INFO] DbMcus:221 - Set 1 / 1 favorites MCUs
2022-10-27 04:54:09,907 [INFO] LoadUrlFilesThread:177 - End of LoadServerUrlFiles without Thread
2022-10-27 04:54:09,922 [INFO] DetailPanel:339 - Set advertising image to C:/Users/Zver/STM32Cube/Repository/\en.Prom_NBSTM32U50921.jpg
2022-10-27 04:54:10,647 [INFO] MultiScanPanel:778 - Auto Refresh Data is not needed
2022-10-27 04:54:10,658 [INFO] ApiDb:663 - CubeFinder database Data Model version=2.1
2022-10-27 04:54:10,659 [INFO] ApiDb:664 - CubeFinder database Configuration version=3.0.32
2022-10-27 04:54:10,659 [INFO] ApiDb:665 - CubeFinder database generation date=2022-08-05 (1659688109)
2022-10-27 04:54:10,659 [INFO] ApiDb:666 - CubeFinder database FW Pack versions=[STM32Cube_FW_C0_V1.0.0, STM32Cube_FW_F4_V1.27.1, STM32Cube_FW_F7_V1.17.0, STM32Cube_FW_G0_V1.6.1, STM32Cube_FW_G4_V1.5.0, STM32Cube_FW_H7_V1.10.0, STM32Cube_FW_L5_V1.4.0, STM32Cube_FW_U5_V1.1.1, STM32Cube_FW_WB_V1.14.1, STM32Cube_FW_WL_V1.2.0, X-CUBE-ALGOBUILD_V1.3.0, X-CUBE-ALS_V1.0.1, X-CUBE-AZRTOS-F4_V1.1.0, X-CUBE-AZRTOS-F7_V1.1.0, X-CUBE-AZRTOS-G0_V1.1.0, X-CUBE-AZRTOS-G4_V1.0.0, X-CUBE-AZRTOS-H7_V2.1.0, X-CUBE-AZRTOS-L4_V1.0.0, X-CUBE-AZRTOS-L5_V1.0.0, X-CUBE-AZRTOS-WL_V1.0.0, X-CUBE-BLE1_V6.2.3, X-CUBE-BLE2_V3.3.0, X-CUBE-EEPRMA1_V3.1.1, X-CUBE-GNSS1_V6.0.0, X-CUBE-MEMS1_V9.1.0, X-CUBE-MEMS1_V9.3.0, X-CUBE-NFC4_V2.0.4, X-CUBE-NFC7_V1.0.0, X-CUBE-SFXS2LP1_V4.0.0, X-CUBE-SUBG2_V5.0.0]
2022-10-27 04:54:10,722 [INFO] DbBoardsSqlite:227 - include board P-NUCLEO-WB55-NUCLEO as a kit item of type 'Nucleo-64'
2022-10-27 04:54:10,723 [INFO] DbBoardsSqlite:227 - include board P-NUCLEO-WB55-USBDONGLE as a kit item of type 'Nucleo USB Dongle'
2022-10-27 04:54:10,723 [INFO] DbBoardsSqlite:227 - include board STEVAL-IDP005V1 as a kit item of type 'Evaluation Board'
2022-10-27 04:54:10,723 [INFO] DbBoardsSqlite:227 - include board STEVAL-IDP005V2 as a kit item of type 'Evaluation Board'
2022-10-27 04:54:10,731 [INFO] ApiDb:239 - Found 138 in-development CPN: [B-WB1M-WPAN1, NUCLEO-C031C6, STEVAL-STWINBX1, STM320518-EVAL, STM32C0116-DK, STM32C011D6Y3TR, STM32C011D6Y6TR, STM32C011F4P3, STM32C011F4P6, STM32C011F4U3, STM32C011F4U6TR, STM32C011F6P3, STM32C011F6P6, STM32C011F6U3, STM32C011F6U6TR, STM32C011J4M3, STM32C011J4M6, STM32C011J6M3, STM32C011J6M6, STM32C0316-DK, STM32C031C4T3, STM32C031C4T6, STM32C031C4U3, STM32C031C4U6, STM32C031C6T3, STM32C031C6T6, STM32C031C6U3, STM32C031C6U6, STM32C031F4P3, STM32C031F4P6, STM32C031F6P3, STM32C031F6P6, STM32C031G4U3, STM32C031G4U6, STM32C031G6U3, STM32C031G6U6, STM32C031K4T3, STM32C031K4T6, STM32C031K4U3, STM32C031K4U6, STM32C031K6T3, STM32C031K6T6, STM32C031K6U3, STM32C031K6U6, STM32G071K8TXN, STM32G071K8UXN, STM32G081GBU6N, STM32G081KBT6N, STM32G081KBUXN, STM32G0B1CCT6N, STM32G0B1KCT6, STM32G0B1NEY6TR, STM32G0B1RCT6N, STM32G0C1CCT6, STM32G0C1CCT6N, STM32G0C1CCU6N, STM32G0C1CET6N, STM32G0C1CEU6N, STM32G0C1KCT6, STM32G0C1NEY6TR, STM32G0C1RCI6N, STM32G0C1RCT6N, STM32G0C1REI6N, STM32G0C1RET6N, STM32G0C1VCI6, STM32G0C1VEI6, STM32G471CCT6, STM32G471CCU6, STM32G471CET3, STM32G471CET6, STM32G471CEU3, STM32G471CEU6, STM32G471MCT6, STM32G471MET3, STM32G471MET6, STM32G471MEY6TR, STM32G471QCT6, STM32G471QET3, STM32G471RCT6, STM32G471RET3, STM32G471RET6, STM32G471VCH6, STM32G471VCI6, STM32G471VCT6, STM32G471VEH3, STM32G471VEH6, STM32G471VEI3, STM32G471VEI6, STM32G471VET3, STM32G471VET6, STM32G474CCT6, STM32L476VGY6PTR, STM32L4R5QGI6STR, STM32MP131AAE3, STM32MP131AAF3, STM32MP131AAG3, STM32MP131CAE3, STM32MP131CAF3, STM32MP131CAG3, STM32MP131DAE7, STM32MP131DAF7, STM32MP131DAG7, STM32MP131FAE7, STM32MP131FAF7, STM32MP131FAG7, STM32MP133AAE3, STM32MP133AAF3, STM32MP133AAG3, STM32MP133CAE3, STM32MP133CAF3, STM32MP133CAG3, STM32MP133DAE7, STM32MP133DAF7, STM32MP133DAG7, STM32MP133FAE7, STM32MP133FAF7, STM32MP133FAG7, STM32MP135AAE3, STM32MP135AAF3, STM32MP135AAG3, STM32MP135CAE3, STM32MP135CAF3, STM32MP135CAG3, STM32MP135DAE7, STM32MP135DAF7, STM32MP135DAG7, STM32MP135F-DK, STM32MP135FAE7, STM32MP135FAF7, STM32MP135FAG7, STM32U595ZJT6Q, STM32U599BJY6QTR, STM32U599NIH6Q, STM32U599NJH6Q, STM32U5A5ZJT6Q, STM32U5A9BJY6QTR, STM32U5A9NJH6Q, STM32WB1MMCH6]
2022-10-27 04:54:10,856 [INFO] BoardInfo:879 - No configuration file found for board P-NUCLEO-WB55
2022-10-27 04:54:10,856 [INFO] DbBoards:156 - Kit is not supported: P-NUCLEO-WB55
2022-10-27 04:54:10,863 [INFO] BoardInfo:879 - No configuration file found for board STEVAL-BFA001V1B
2022-10-27 04:54:10,864 [INFO] DbBoards:156 - Kit is not supported: STEVAL-BFA001V1B
2022-10-27 04:54:10,866 [INFO] BoardInfo:879 - No configuration file found for board STEVAL-BFA001V2B
2022-10-27 04:54:10,866 [INFO] DbBoards:156 - Kit is not supported: STEVAL-BFA001V2B
2022-10-27 04:54:10,988 [INFO] DbBoards:160 - Found 176 boards, 173 are supported
2022-10-27 04:54:10,992 [INFO] ApiDb:418 - Load user favorites file C:\Users\Zver/.stm32cubeide/favorites.boards.txt: 0 item(s)
2022-10-27 04:54:10,993 [INFO] ApiDb:422 - User favorites Boards=[]
2022-10-27 04:54:10,993 [INFO] DbBoards:189 - Set 0 / 0 favorites Boards
2022-10-27 04:54:23,436 [ERROR] LogOutputStream:74 - [STDERR_REDIRECT] SLF4J: Failed to load class "org.slf4j.impl.StaticLoggerBinder".
2022-10-27 04:54:23,436 [ERROR] LogOutputStream:74 - [STDERR_REDIRECT] SLF4J: Defaulting to no-operation (NOP) logger implementation
2022-10-27 04:54:23,438 [ERROR] LogOutputStream:74 - [STDERR_REDIRECT] SLF4J: See http://www.slf4j.org/codes.html#StaticLoggerBinder for further details.
2022-10-27 04:54:34,680 [INFO] MainUpdater:2768 - connection check result : 10
2022-10-27 04:54:34,681 [INFO] MainUpdater:2768 - connection check result : 10
2022-10-27 04:54:34,697 [INFO] MicroXplorer:451 - Change Database Path : 
2022-10-27 04:54:34,697 [INFO] MicroXplorer:481 - Change Database Version : DB.6.0.60
2022-10-27 04:54:34,698 [WARN] ThirdParty:827 - waiting for thirdparty lock release [close project]
2022-10-27 04:54:34,699 [INFO] ThirdParty:829 - entering critical section [close project]
2022-10-27 04:54:34,701 [INFO] ThirdParty:839 - exiting critical section [close project]
2022-10-27 04:54:34,706 [INFO] PinOutPanel:1468 - setPackage(No Configuration,No Configuration)
2022-10-27 04:54:34,712 [INFO] UtilMem:74 - Begin LoadConfig() Used Memory: 222060448 Bytes (372244480)
2022-10-27 04:54:34,713 [INFO] MicroXplorer:451 - Change Database Path : 
2022-10-27 04:54:34,714 [INFO] MicroXplorer:481 - Change Database Version : DB.6.0.60
2022-10-27 04:54:34,714 [INFO] OpenFileManager:307 - Change cursor
2022-10-27 04:54:34,753 [INFO] Mcu:1922 - Initializing MCU STM32F103C8Tx STM32F103C8Tx 
2022-10-27 04:54:34,753 [INFO] Mcu:1935 - No CPN specified => set CPN to STM32F103C8T6
2022-10-27 04:54:35,554 [INFO] Context:654 - Trying to add GPIOservice into a context  which must be forbidden
2022-10-27 04:54:35,756 [INFO] ImportTextPane:193 - (OptionalMessage_ERROR) Unable to find key (Mcu.ThirdPartyNb) in loaded IOC file
2022-10-27 04:54:35,756 [INFO] ImportTextPane:193 - (OptionalMessage_ERROR) Unable to find key (Mcu.PinsNb) in loaded IOC file
2022-10-27 04:54:35,756 [INFO] ImportTextPane:193 - (OptionalMessage_ERROR) Unable to find key (Mcu.IPNb) in loaded IOC file
2022-10-27 04:54:35,808 [WARN] ApiManager:308 - Cannot register API 'Board Extension:GNSS1A1' from pack STMicroelectronics.X-CUBE-GNSS1.6.0.0: no header file found
2022-10-27 04:54:35,808 [WARN] ApiManager:308 - Cannot register API 'Board Support:Custom' from pack STMicroelectronics.X-CUBE-GNSS1.6.0.0: no header file found
2022-10-27 04:54:35,808 [WARN] ApiManager:308 - Cannot register API 'Data Exchange:lib_gnss' from pack STMicroelectronics.X-CUBE-GNSS1.6.0.0: no header file found
2022-10-27 04:54:35,819 [WARN] ApiManager:308 - Cannot register API 'Wireless:BlueNRG-MS' from pack STMicroelectronics.X-CUBE-BLE1.6.2.3: no header file found
2022-10-27 04:54:35,821 [INFO] RtosManager:488 - Registered RTOS mode: class=CMSIS, group=RTOS, mode=CMSIS_V1, owner=FREERTOS
2022-10-27 04:54:35,821 [INFO] RtosManager:488 - Registered RTOS mode: class=CMSIS, group=RTOS2, mode=CMSIS_V2, owner=FREERTOS
2022-10-27 04:54:35,821 [INFO] RtosManager:488 - Registered RTOS mode: class=RTOS, group=Core, mode=CMSIS_V1, owner=FREERTOS
2022-10-27 04:54:35,821 [INFO] RtosManager:488 - Registered RTOS mode: class=RTOS, group=Core, mode=CMSIS_V2, owner=FREERTOS
2022-10-27 04:54:35,821 [WARN] ModelIntegratedComponent:185 - Missing modes for component STMicroelectronics:FreeRTOS:0.0.1:STMicroelectronics:RTOS:FreeRTOS:Core:::10.2.0:
2022-10-27 04:54:35,825 [WARN] ApiManager:308 - Cannot register API 'Board Extension:S2868A1' from pack STMicroelectronics.X-CUBE-SUBG2.5.0.0: no header file found
2022-10-27 04:54:35,826 [WARN] ApiManager:308 - Cannot register API 'Board Extension:S2868A2' from pack STMicroelectronics.X-CUBE-SUBG2.5.0.0: no header file found
2022-10-27 04:54:35,826 [WARN] ApiManager:308 - Cannot register API 'Board Extension:S2915A1' from pack STMicroelectronics.X-CUBE-SUBG2.5.0.0: no header file found
2022-10-27 04:54:35,830 [WARN] ApiManager:308 - Cannot register API 'Wireless:BlueNRG-MS' from pack STMicroelectronics.X-CUBE-BLE1.6.2.2: no header file found
2022-10-27 04:54:35,831 [WARN] ApiManager:308 - Cannot register API 'Board Extension:NFC04A1' from pack STMicroelectronics.X-CUBE-NFC4.2.0.4: no header file found
2022-10-27 04:54:35,832 [WARN] ApiManager:308 - Cannot register API 'Wireless:BlueNRG-2' from pack STMicroelectronics.X-CUBE-BLE2.3.2.2: no header file found
2022-10-27 04:54:35,832 [WARN] ApiManager:308 - Cannot register API 'Board Extension:NFC04A1' from pack STMicroelectronics.X-CUBE-NFC4.2.0.3: no header file found
2022-10-27 04:54:35,835 [WARN] ApiManager:308 - Cannot register API 'Board Extension:S2868A1' from pack STMicroelectronics.X-CUBE-SFXS2LP1.3.1.0: no header file found
2022-10-27 04:54:35,835 [WARN] ApiManager:308 - Cannot register API 'Board Extension:S2868A2' from pack STMicroelectronics.X-CUBE-SFXS2LP1.3.1.0: no header file found
2022-10-27 04:54:35,835 [WARN] ApiManager:308 - Cannot register API 'Board Extension:S2915A1' from pack STMicroelectronics.X-CUBE-SFXS2LP1.3.1.0: no header file found
2022-10-27 04:54:35,842 [WARN] ModelIntegratedComponent:64 - No mode defined for component null
2022-10-27 04:54:35,842 [WARN] ModelIntegratedComponent:64 - No mode defined for component null
2022-10-27 04:54:35,842 [WARN] ModelIntegratedComponent:64 - No mode defined for component null
2022-10-27 04:54:35,842 [WARN] ModelIntegratedComponent:64 - No mode defined for component null
2022-10-27 04:54:35,842 [WARN] ModelIntegratedComponent:64 - No mode defined for component null
2022-10-27 04:54:35,842 [WARN] ModelIntegratedComponent:64 - No mode defined for component null
2022-10-27 04:54:35,842 [WARN] ModelIntegratedComponent:64 - No mode defined for component null
2022-10-27 04:54:35,842 [WARN] ModelIntegratedComponent:64 - No mode defined for component null
2022-10-27 04:54:35,842 [WARN] ModelIntegratedComponent:64 - No mode defined for component null
2022-10-27 04:54:35,842 [WARN] ModelIntegratedComponent:64 - No mode defined for component null
2022-10-27 04:54:35,842 [WARN] ModelIntegratedComponent:64 - No mode defined for component null
2022-10-27 04:54:35,842 [WARN] ModelIntegratedComponent:64 - No mode defined for component null
2022-10-27 04:54:35,842 [WARN] ModelIntegratedComponent:64 - No mode defined for component null
2022-10-27 04:54:35,842 [WARN] ModelIntegratedComponent:64 - No mode defined for component null
2022-10-27 04:54:35,843 [WARN] ModelIntegratedComponent:64 - No mode defined for component null
2022-10-27 04:54:35,843 [WARN] ModelIntegratedComponent:64 - No mode defined for component null
2022-10-27 04:54:35,843 [WARN] ModelIntegratedComponent:64 - No mode defined for component null
2022-10-27 04:54:35,843 [WARN] ModelIntegratedComponent:64 - No mode defined for component null
2022-10-27 04:54:35,843 [WARN] ModelIntegratedComponent:64 - No mode defined for component null
2022-10-27 04:54:35,843 [WARN] ModelIntegratedComponent:64 - No mode defined for component null
2022-10-27 04:54:35,843 [WARN] ModelIntegratedComponent:64 - No mode defined for component null
2022-10-27 04:54:35,843 [WARN] ModelIntegratedComponent:64 - No mode defined for component null
2022-10-27 04:54:35,843 [WARN] ModelIntegratedComponent:64 - No mode defined for component null
2022-10-27 04:54:35,843 [WARN] ModelIntegratedComponent:64 - No mode defined for component null
2022-10-27 04:54:35,843 [WARN] ModelIntegratedComponent:64 - No mode defined for component null
2022-10-27 04:54:35,843 [WARN] ModelIntegratedComponent:64 - No mode defined for component null
2022-10-27 04:54:35,843 [WARN] ModelIntegratedComponent:64 - No mode defined for component null
2022-10-27 04:54:35,843 [WARN] ModelIntegratedComponent:64 - No mode defined for component null
2022-10-27 04:54:35,843 [WARN] ModelIntegratedComponent:64 - No mode defined for component null
2022-10-27 04:54:35,843 [WARN] ModelIntegratedComponent:64 - No mode defined for component null
2022-10-27 04:54:35,844 [WARN] ModelIntegratedComponent:64 - No mode defined for component null
2022-10-27 04:54:35,844 [WARN] ModelIntegratedComponent:64 - No mode defined for component null
2022-10-27 04:54:35,844 [WARN] ModelIntegratedComponent:64 - No mode defined for component null
2022-10-27 04:54:35,845 [WARN] ApiManager:308 - Cannot register API 'Board Extension:NFC07A1' from pack STMicroelectronics.X-CUBE-NFC7.1.0.0: no header file found
2022-10-27 04:54:35,848 [WARN] ApiManager:308 - Cannot register API 'Board Extension:S2868A1' from pack STMicroelectronics.X-CUBE-SUBG2.4.2.0: no header file found
2022-10-27 04:54:35,848 [WARN] ApiManager:308 - Cannot register API 'Board Extension:S2868A2' from pack STMicroelectronics.X-CUBE-SUBG2.4.2.0: no header file found
2022-10-27 04:54:35,848 [WARN] ApiManager:308 - Cannot register API 'Board Extension:S2915A1' from pack STMicroelectronics.X-CUBE-SUBG2.4.2.0: no header file found
2022-10-27 04:54:35,939 [WARN] ApiManager:308 - Cannot register API 'Board Extension:IKS01A3' from pack STMicroelectronics.X-CUBE-MEMS1.9.1.0: no header file found
2022-10-27 04:54:35,940 [WARN] ApiManager:308 - Cannot register API 'Board Extension:IKS01A2' from pack STMicroelectronics.X-CUBE-MEMS1.9.1.0: no header file found
2022-10-27 04:54:35,940 [WARN] ApiManager:308 - Cannot register API 'Board Extension:IKS02A1' from pack STMicroelectronics.X-CUBE-MEMS1.9.1.0: no header file found
2022-10-27 04:54:36,048 [WARN] ApiManager:308 - Cannot register API 'Board Extension:IKS01A3' from pack STMicroelectronics.X-CUBE-MEMS1.9.3.0: no header file found
2022-10-27 04:54:36,048 [WARN] ApiManager:308 - Cannot register API 'Board Extension:IKS01A2' from pack STMicroelectronics.X-CUBE-MEMS1.9.3.0: no header file found
2022-10-27 04:54:36,048 [WARN] ApiManager:308 - Cannot register API 'Board Extension:IKS02A1' from pack STMicroelectronics.X-CUBE-MEMS1.9.3.0: no header file found
2022-10-27 04:54:36,055 [WARN] ApiManager:308 - Cannot register API 'Board Extension:EEPRMA1' from pack STMicroelectronics.X-CUBE-EEPRMA1.3.1.1: no header file found
2022-10-27 04:54:36,056 [WARN] ApiManager:308 - Cannot register API 'Board Extension:EEPRMA2' from pack STMicroelectronics.X-CUBE-EEPRMA1.3.1.1: no header file found
2022-10-27 04:54:36,056 [WARN] ApiManager:308 - Cannot register API 'Board Extension:GNSS1A1' from pack STMicroelectronics.X-CUBE-GNSS1.5.2.0: no header file found
2022-10-27 04:54:36,056 [WARN] ApiManager:308 - Cannot register API 'Board Support:Custom' from pack STMicroelectronics.X-CUBE-GNSS1.5.2.0: no header file found
2022-10-27 04:54:36,056 [WARN] ApiManager:308 - Cannot register API 'Data Exchange:lib_gnss' from pack STMicroelectronics.X-CUBE-GNSS1.5.2.0: no header file found
2022-10-27 04:54:36,057 [WARN] ApiManager:308 - Cannot register API 'Board Extension:S2868A1' from pack STMicroelectronics.X-CUBE-SFXS2LP1.4.0.0: no header file found
2022-10-27 04:54:36,057 [WARN] ApiManager:308 - Cannot register API 'Board Extension:S2868A2' from pack STMicroelectronics.X-CUBE-SFXS2LP1.4.0.0: no header file found
2022-10-27 04:54:36,057 [WARN] ApiManager:308 - Cannot register API 'Board Extension:S2915A1' from pack STMicroelectronics.X-CUBE-SFXS2LP1.4.0.0: no header file found
2022-10-27 04:54:36,058 [WARN] ApiManager:308 - Cannot register API 'Wireless:BlueNRG-2' from pack STMicroelectronics.X-CUBE-BLE2.3.3.0: no header file found
2022-10-27 04:54:36,075 [INFO] ThirdPartyModel:289 - Start build external matchings
2022-10-27 04:54:36,786 [INFO] ThirdPartyModel:302 - End build external matchings
2022-10-27 04:54:36,961 [INFO] UtilMem:74 - End LoadConfig() Used Memory: 223138848 Bytes (372244480)
2022-10-27 04:54:36,982 [WARN] ThirdParty:789 - waiting for thirdparty lock release [change project]
2022-10-27 04:54:36,983 [INFO] ThirdParty:791 - entering critical section [change project]
2022-10-27 04:54:36,983 [INFO] ThirdParty:981 - CMSIS Pack Vendor :wolfSSL I-CUBE-wolfSSL 5.2.0
2022-10-27 04:54:36,983 [INFO] ThirdParty:981 - CMSIS Pack Vendor :RoweBots I-CUBE-UNISONRTOS 5.5.0-4
2022-10-27 04:54:36,984 [INFO] ThirdParty:981 - CMSIS Pack Vendor :STMicroelectronics X-CUBE-GNSS1 6.0.0
2022-10-27 04:54:36,984 [INFO] ThirdParty:981 - CMSIS Pack Vendor :STMicroelectronics X-CUBE-AZRTOS-H7 2.1.0
2022-10-27 04:54:36,984 [INFO] ThirdParty:981 - CMSIS Pack Vendor :STMicroelectronics USB_HOST 2.0.0
2022-10-27 04:54:36,984 [INFO] ThirdParty:981 - CMSIS Pack Vendor :STMicroelectronics X-CUBE-AZRTOS-F4 1.1.0
2022-10-27 04:54:36,984 [INFO] ThirdParty:981 - CMSIS Pack Vendor :STMicroelectronics LIBJPEG 8.0.0
2022-10-27 04:54:36,984 [INFO] ThirdParty:981 - CMSIS Pack Vendor :STMicroelectronics USB_DEVICE 3.0.0
2022-10-27 04:54:36,984 [INFO] ThirdParty:981 - CMSIS Pack Vendor :STMicroelectronics X-CUBE-BLEMGR 1.0.0
2022-10-27 04:54:36,985 [INFO] ThirdParty:981 - CMSIS Pack Vendor :STMicroelectronics X-CUBE-BLEMGR 1.2.0
2022-10-27 04:54:36,985 [INFO] ThirdParty:981 - CMSIS Pack Vendor :STMicroelectronics X-CUBE-AZRTOS-F7 1.1.0
2022-10-27 04:54:36,985 [INFO] ThirdParty:981 - CMSIS Pack Vendor :STMicroelectronics USB_DEVICE 2.0.0
2022-10-27 04:54:36,985 [INFO] ThirdParty:981 - CMSIS Pack Vendor :STMicroelectronics X-CUBE-AI 7.1.0
2022-10-27 04:54:36,985 [INFO] ThirdParty:981 - CMSIS Pack Vendor :STMicroelectronics X-CUBE-BLE1 6.2.3
2022-10-27 04:54:36,985 [INFO] ThirdParty:981 - CMSIS Pack Vendor :STMicroelectronics X-CUBE-ALGOBUILD 1.3.0
2022-10-27 04:54:36,985 [INFO] ThirdParty:981 - CMSIS Pack Vendor :STMicroelectronics FreeRTOS 0.0.1
2022-10-27 04:54:36,985 [INFO] ThirdParty:981 - CMSIS Pack Vendor :STMicroelectronics X-CUBE-AZRTOS-G0 1.1.0
2022-10-27 04:54:36,985 [INFO] ThirdParty:981 - CMSIS Pack Vendor :STMicroelectronics X-CUBE-SUBG2 5.0.0
2022-10-27 04:54:36,985 [INFO] ThirdParty:981 - CMSIS Pack Vendor :SEGGER I-CUBE-embOS 1.2.0
2022-10-27 04:54:36,985 [INFO] ThirdParty:981 - CMSIS Pack Vendor :STMicroelectronics STM32_WPAN 1.0.0
2022-10-27 04:54:36,985 [INFO] ThirdParty:981 - CMSIS Pack Vendor :STMicroelectronics lwIP 2.0.3
2022-10-27 04:54:36,986 [INFO] ThirdParty:981 - CMSIS Pack Vendor :STMicroelectronics X-CUBE-BLE1 6.2.2
2022-10-27 04:54:36,986 [INFO] ThirdParty:981 - CMSIS Pack Vendor :STMicroelectronics X-CUBE-NFC4 2.0.4
2022-10-27 04:54:36,986 [INFO] ThirdParty:981 - CMSIS Pack Vendor :STMicroelectronics X-CUBE-BLE2 3.2.2
2022-10-27 04:54:36,986 [INFO] ThirdParty:981 - CMSIS Pack Vendor :STMicroelectronics USB_HOST 1.0.0
2022-10-27 04:54:36,986 [INFO] ThirdParty:981 - CMSIS Pack Vendor :STMicroelectronics X-CUBE-NFC4 2.0.3
2022-10-27 04:54:36,986 [INFO] ThirdParty:981 - CMSIS Pack Vendor :STMicroelectronics PDM2PCM 3.1.0
2022-10-27 04:54:36,986 [INFO] ThirdParty:981 - CMSIS Pack Vendor :STMicroelectronics FP-ATR-ASTRA1 1.1.1
2022-10-27 04:54:36,986 [INFO] ThirdParty:981 - CMSIS Pack Vendor :STMicroelectronics PDM2PCM 3.3.0
2022-10-27 04:54:36,986 [INFO] ThirdParty:981 - CMSIS Pack Vendor :STMicroelectronics X-CUBE-TOF1 3.1.0
2022-10-27 04:54:36,986 [INFO] ThirdParty:981 - CMSIS Pack Vendor :STMicroelectronics X-CUBE-SFXS2LP1 3.1.0
2022-10-27 04:54:36,986 [INFO] ThirdParty:981 - CMSIS Pack Vendor :STMicroelectronics X-CUBE-AZRTOS-F4 1.0.0
2022-10-27 04:54:36,986 [INFO] ThirdParty:981 - CMSIS Pack Vendor :STMicroelectronics X-CUBE-AZRTOS-H7 2.0.0
2022-10-27 04:54:36,986 [INFO] ThirdParty:981 - CMSIS Pack Vendor :STMicroelectronics X-CUBE-AZRTOS-G4 1.0.0
2022-10-27 04:54:36,986 [INFO] ThirdParty:981 - CMSIS Pack Vendor :STMicroelectronics FP-ATR-SIGFOX1 3.2.0
2022-10-27 04:54:36,987 [INFO] ThirdParty:981 - CMSIS Pack Vendor :STMicroelectronics X-CUBE-AZRTOS-L4 1.0.0
2022-10-27 04:54:36,987 [INFO] ThirdParty:981 - CMSIS Pack Vendor :STMicroelectronics HAL Drivers 0.0.0
2022-10-27 04:54:36,987 [INFO] ThirdParty:981 - CMSIS Pack Vendor :STMicroelectronics MBEDTLS 2.16.2
2022-10-27 04:54:36,987 [INFO] ThirdParty:981 - CMSIS Pack Vendor :emotas I-CUBE-CANOPEN 1.1.2
2022-10-27 04:54:36,987 [INFO] ThirdParty:981 - CMSIS Pack Vendor :STMicroelectronics X-CUBE-TOUCHGFX 4.20.0
2022-10-27 04:54:36,987 [INFO] ThirdParty:981 - CMSIS Pack Vendor :STMicroelectronics MBEDTLS 2.14.1
2022-10-27 04:54:36,987 [INFO] ThirdParty:981 - CMSIS Pack Vendor :STMicroelectronics X-CUBE-NFC7 1.0.0
2022-10-27 04:54:36,987 [INFO] ThirdParty:981 - CMSIS Pack Vendor :STMicroelectronics X-CUBE-AZRTOS-F7 1.0.0
2022-10-27 04:54:36,987 [INFO] ThirdParty:981 - CMSIS Pack Vendor :STMicroelectronics X-CUBE-AZRTOS-WL 1.0.0
2022-10-27 04:54:36,987 [INFO] ThirdParty:981 - CMSIS Pack Vendor :STMicroelectronics X-CUBE-SUBG2 4.2.0
2022-10-27 04:54:36,987 [INFO] ThirdParty:981 - CMSIS Pack Vendor :STMicroelectronics X-CUBE-MEMS1 9.1.0
2022-10-27 04:54:36,987 [INFO] ThirdParty:981 - CMSIS Pack Vendor :STMicroelectronics X-CUBE-MEMS1 9.3.0
2022-10-27 04:54:36,987 [INFO] ThirdParty:981 - CMSIS Pack Vendor :portGmbH I-Cube-SoM-uGOAL 1.1.0
2022-10-27 04:54:36,987 [INFO] ThirdParty:981 - CMSIS Pack Vendor :STMicroelectronics X-CUBE-ALS 1.0.1
2022-10-27 04:54:36,987 [INFO] ThirdParty:981 - CMSIS Pack Vendor :STMicroelectronics X-CUBE-AI 7.2.0
2022-10-27 04:54:36,988 [INFO] ThirdParty:981 - CMSIS Pack Vendor :STMicroelectronics ThreadX 1.0.0
2022-10-27 04:54:36,988 [INFO] ThirdParty:981 - CMSIS Pack Vendor :STMicroelectronics X-CUBE-AZRTOS-L5 1.0.0
2022-10-27 04:54:36,988 [INFO] ThirdParty:981 - CMSIS Pack Vendor :STMicroelectronics USB_DEVICE 1.0.0
2022-10-27 04:54:36,988 [INFO] ThirdParty:981 - CMSIS Pack Vendor :STMicroelectronics X-CUBE-AZRTOS-G0 1.0.0
2022-10-27 04:54:36,988 [INFO] ThirdParty:981 - CMSIS Pack Vendor :STMicroelectronics X-CUBE-EEPRMA1 3.1.1
2022-10-27 04:54:36,988 [INFO] ThirdParty:981 - CMSIS Pack Vendor :STMicroelectronics X-CUBE-GNSS1 5.2.0
2022-10-27 04:54:36,988 [INFO] ThirdParty:981 - CMSIS Pack Vendor :STMicroelectronics ThreadX 0.0.2
2022-10-27 04:54:36,988 [INFO] ThirdParty:981 - CMSIS Pack Vendor :STMicroelectronics lwIP 2.1.2
2022-10-27 04:54:36,988 [INFO] ThirdParty:981 - CMSIS Pack Vendor :STMicroelectronics X-CUBE-SFXS2LP1 4.0.0
2022-10-27 04:54:36,988 [INFO] ThirdParty:981 - CMSIS Pack Vendor :STMicroelectronics X-CUBE-BLE2 3.3.0
2022-10-27 04:54:36,988 [INFO] ThirdParty:981 - CMSIS Pack Vendor :STMicroelectronics X-CUBE-DISPLAY 2.0.1
2022-10-27 04:54:36,988 [INFO] ThirdParty:981 - CMSIS Pack Vendor :STMicroelectronics X-CUBE-DISPLAY 2.2.0
2022-10-27 04:54:36,988 [INFO] ThirdParty:981 - CMSIS Pack Vendor :STMicroelectronics X-CUBE-TOF1 3.2.0
2022-10-27 04:54:36,988 [INFO] ThirdParty:981 - CMSIS Pack Vendor :STMicroelectronics PDM2PCM 3.2.0
2022-10-27 04:54:36,989 [INFO] ThirdParty:981 - CMSIS Pack Vendor :STMicroelectronics X-CUBE-TOUCHGFX 4.18.1
2022-10-27 04:54:36,989 [INFO] ThirdParty:981 - CMSIS Pack Vendor :STMicroelectronics X-CUBE-TOF1 3.0.0
2022-10-27 04:54:36,989 [INFO] ThirdParty:981 - CMSIS Pack Vendor :STMicroelectronics X-CUBE-ISPU 1.0.0
2022-10-27 04:54:36,989 [INFO] ThirdParty:797 - exiting critical section [change project]
2022-10-27 04:54:37,308 [INFO] PinOutPanel:1468 - setPackage(No Configuration,No Configuration)
2022-10-27 04:54:37,309 [INFO] PinOutPanel:1468 - setPackage(STM32F103C8Tx,LQFP48)
2022-10-27 04:54:37,758 [INFO] UtilMem:74 - Before build in PCC Used Memory: 239302472 Bytes (372244480)
2022-10-27 04:54:38,406 [INFO] UtilMem:74 - After build in PCC Used Memory: 312270656 Bytes (424673280)
2022-10-27 04:54:38,424 [INFO] IPUIPlugin:79 - create IPUIPlugin
2022-10-27 04:54:38,424 [INFO] IPUIPlugin:79 - create IPUIPlugin
2022-10-27 04:54:38,424 [INFO] IPUIPlugin:79 - create IPUIPlugin
2022-10-27 04:54:38,424 [INFO] IPUIPlugin:79 - create IPUIPlugin
2022-10-27 04:54:38,425 [INFO] IPUIPlugin:79 - create IPUIPlugin
2022-10-27 04:54:38,425 [INFO] IPUIPlugin:79 - create IPUIPlugin
2022-10-27 04:54:38,425 [INFO] IPUIPlugin:79 - create IPUIPlugin
2022-10-27 04:54:38,425 [INFO] IPUIPlugin:79 - create IPUIPlugin
2022-10-27 04:54:38,425 [INFO] IPUIPlugin:79 - create IPUIPlugin
2022-10-27 04:54:38,425 [INFO] IPUIPlugin:79 - create IPUIPlugin
2022-10-27 04:54:38,425 [INFO] IPUIPlugin:79 - create IPUIPlugin
2022-10-27 04:54:38,426 [INFO] IPUIPlugin:79 - create IPUIPlugin
2022-10-27 04:54:38,426 [INFO] IPUIPlugin:79 - create IPUIPlugin
2022-10-27 04:54:38,426 [INFO] IPUIPlugin:79 - create IPUIPlugin
2022-10-27 04:54:38,426 [INFO] IPUIPlugin:79 - create IPUIPlugin
2022-10-27 04:54:38,427 [INFO] IPUIPlugin:79 - create IPUIPlugin
2022-10-27 04:54:38,427 [INFO] IPUIPlugin:79 - create IPUIPlugin
2022-10-27 04:54:38,427 [INFO] IPUIPlugin:79 - create IPUIPlugin
2022-10-27 04:54:38,427 [INFO] IPUIPlugin:79 - create IPUIPlugin
2022-10-27 04:54:38,427 [INFO] IPUIPlugin:79 - create IPUIPlugin
2022-10-27 04:54:38,427 [INFO] IPUIPlugin:79 - create IPUIPlugin
2022-10-27 04:54:38,427 [INFO] IPUIPlugin:79 - create IPUIPlugin
2022-10-27 04:54:38,428 [INFO] IPUIPlugin:79 - create IPUIPlugin
2022-10-27 04:54:38,428 [INFO] IPUIPlugin:79 - create IPUIPlugin
2022-10-27 04:54:38,428 [INFO] IPUIPlugin:79 - create IPUIPlugin
2022-10-27 04:54:38,428 [INFO] IPUIPlugin:79 - create IPUIPlugin
2022-10-27 04:54:38,428 [INFO] IPUIPlugin:79 - create IPUIPlugin
2022-10-27 04:54:38,667 [INFO] OpenFileManager:327 - Restore cursor
2022-10-27 04:54:39,097 [INFO] UtilMem:74 - End SaveConfig() Used Memory: 288143864 Bytes (424673280)
2022-10-27 04:54:39,136 [INFO] UtilMem:74 - End SaveConfig() Used Memory: 298530504 Bytes (424673280)
2022-10-27 04:54:39,549 [INFO] BlockDiagram:2753 - set Specific Code input for plugin: NVIC
2022-10-27 04:54:39,550 [INFO] BlockDiagram:2753 - set Specific Code input for plugin: RCC
2022-10-27 04:54:39,551 [INFO] CodeGenerator:690 - code generatio: config db path: C:\ST\STM32CubeIDE_1.9.0\STM32CubeIDE\plugins\com.st.stm32cube.common.mx_6.6.1.202207061420\\db\
2022-10-27 04:54:39,931 [INFO] CodeEngine:245 - oldGeneratedFile, D:\github\mc\stm32\ADC_Internal_temperature_sensor\ADC_Internal_temperature_sensor\MXTmpFiles\license.tmp_save
2022-10-27 04:54:40,284 [INFO] CodeEngine:269 - Generated code: D:\github\mc\stm32\ADC_Internal_temperature_sensor\ADC_Internal_temperature_sensor\MXTmpFiles\license.tmp
2022-10-27 04:54:40,298 [INFO] CodeEngine:245 - oldGeneratedFile, D:\github\mc\stm32\ADC_Internal_temperature_sensor\ADC_Internal_temperature_sensor\Core\Src\stm32f1xx_it.c_save
2022-10-27 04:54:40,455 [INFO] CodeEngine:269 - Generated code: D:\github\mc\stm32\ADC_Internal_temperature_sensor\ADC_Internal_temperature_sensor\Core\Src\stm32f1xx_it.c
2022-10-27 04:54:40,462 [INFO] CodeEngine:245 - oldGeneratedFile, D:\github\mc\stm32\ADC_Internal_temperature_sensor\ADC_Internal_temperature_sensor\Core\Inc\stm32f1xx_it.h_save
2022-10-27 04:54:40,573 [INFO] CodeEngine:269 - Generated code: D:\github\mc\stm32\ADC_Internal_temperature_sensor\ADC_Internal_temperature_sensor\Core\Inc\stm32f1xx_it.h
2022-10-27 04:54:40,655 [INFO] CodeEngine:245 - oldGeneratedFile, D:\github\mc\stm32\ADC_Internal_temperature_sensor\ADC_Internal_temperature_sensor\Core\Src\stm32f1xx_hal_msp.c_save
2022-10-27 04:54:40,894 [INFO] CodeEngine:269 - Generated code: D:\github\mc\stm32\ADC_Internal_temperature_sensor\ADC_Internal_temperature_sensor\Core\Src\stm32f1xx_hal_msp.c
2022-10-27 04:54:40,902 [INFO] CodeEngine:245 - oldGeneratedFile, D:\github\mc\stm32\ADC_Internal_temperature_sensor\ADC_Internal_temperature_sensor\MXTmpFiles\system.tmp_save
2022-10-27 04:54:40,975 [INFO] CodeEngine:269 - Generated code: D:\github\mc\stm32\ADC_Internal_temperature_sensor\ADC_Internal_temperature_sensor\MXTmpFiles\system.tmp
2022-10-27 04:54:40,982 [INFO] CodeEngine:245 - oldGeneratedFile, D:\github\mc\stm32\ADC_Internal_temperature_sensor\ADC_Internal_temperature_sensor\Core\Inc\stm32f1xx_hal_conf.h_save
2022-10-27 04:54:41,132 [INFO] CodeEngine:269 - Generated code: D:\github\mc\stm32\ADC_Internal_temperature_sensor\ADC_Internal_temperature_sensor\Core\Inc\stm32f1xx_hal_conf.h
2022-10-27 04:54:41,181 [INFO] CodeEngine:245 - oldGeneratedFile, D:\github\mc\stm32\ADC_Internal_temperature_sensor\ADC_Internal_temperature_sensor\Core\Inc\main.h_save
2022-10-27 04:54:41,323 [INFO] CodeEngine:269 - Generated code: D:\github\mc\stm32\ADC_Internal_temperature_sensor\ADC_Internal_temperature_sensor\Core\Inc\main.h
2022-10-27 04:54:41,329 [INFO] CodeEngine:245 - oldGeneratedFile, D:\github\mc\stm32\ADC_Internal_temperature_sensor\ADC_Internal_temperature_sensor\Core\Src\main.c_save
2022-10-27 04:54:41,491 [INFO] CodeEngine:269 - Generated code: D:\github\mc\stm32\ADC_Internal_temperature_sensor\ADC_Internal_temperature_sensor\Core\Src\main.c
2022-10-27 04:54:42,283 [INFO] ProjectBuilder:2919 - Time for Copy HAL[1] : 241mS.
2022-10-27 04:54:42,298 [INFO] ProjectBuilder:4117 - Project Generator version: 3.17.1
2022-10-27 04:54:42,684 [INFO] ConfigFileManager:1394 - The Die is : DIE410
2022-10-27 04:54:42,697 [INFO] ApiDbMcu:505 - Load IP Config File for FATFS
2022-10-27 04:54:42,733 [INFO] ApiDbMcu:505 - Load IP Config File for FREERTOS
2022-10-27 04:54:42,765 [INFO] ApiDbMcu:505 - Load IP Config File for USB_DEVICE
2022-10-27 04:54:46,029 [INFO] ProjectBuilder:4285 - Time for Generating toolchain IDE Files: 3731mS.
2022-10-27 04:54:46,031 [INFO] ProjectBuilder:2790 - Time for Copy CMSIS : 1mS.
2022-10-27 04:54:46,043 [INFO] ProjectBuilder:2790 - Time for Copy CMSIS : 0mS.
2022-10-27 04:54:47,183 [INFO] McuFinderGlobals:57 - Set McuFinderConnectedMode to true
2022-10-27 04:54:47,185 [INFO] ApiDb:443 - Save user favorites file C:\Users\Zver/.stm32cubeide/favorites.mcus.txt: 1 item(s)
2022-10-27 04:54:47,186 [INFO] ApiDb:447 - User favorites MCUs=[STM32F103C8T6]
2022-10-27 04:56:17,285 [INFO] ParamManager:829 - [Generic UI] PropertyChangeEvent: TAB_STATUS_CHANGED , "dont care", "never mind"
2022-10-27 04:56:17,302 [INFO] ParamManager:829 - [Generic UI] PropertyChangeEvent: TAB_STATUS_CHANGED , "dont care", "never mind"
2022-10-27 04:56:17,314 [INFO] ADCParametersView:113 -                Rank 1 : false
2022-10-27 04:56:17,375 [INFO] ADCParametersView:113 -                Rank 1 : false
2022-10-27 04:56:17,375 [INFO] ADCParametersView:113 -                Rank 1 : false
2022-10-27 04:56:17,375 [INFO] ADCParametersView:113 -                Rank 1 : false
2022-10-27 04:56:17,375 [INFO] ADCParametersView:113 -                Rank 1 : false
2022-10-27 04:56:17,376 [INFO] ADCParametersView:113 -                Rank 1 : false
2022-10-27 04:56:17,376 [INFO] ADCParametersView:113 -                Rank 1 : false
2022-10-27 04:56:17,376 [INFO] ADCParametersView:113 -                Rank 1 : false
2022-10-27 04:56:17,376 [INFO] ADCParametersView:113 -                Rank 1 : false
2022-10-27 04:56:17,376 [INFO] ADCParametersView:113 -                Rank 1 : false
2022-10-27 04:56:17,377 [INFO] ADCParametersView:113 -                Rank 1 : false
2022-10-27 04:56:17,382 [INFO] ADCParametersView:113 -                Rank 1 : false
2022-10-27 04:56:17,433 [INFO] NvicIntPanel:100 - NVIC parent = com.st.microxplorer.plugins.ip.nvic.MultiNvicIntPanel[,0,0,0x0,invalid,layout=javax.swing.BoxLayout,alignmentX=0.0,alignmentY=0.0,border=,flags=9,maximumSize=,minimumSize=,preferredSize=]
2022-10-27 04:56:17,472 [INFO] NvicIntPanel:100 - NVIC parent = com.st.microxplorer.plugins.ip.nvic.MultiNvicIntPanel[,0,0,0x0,invalid,layout=javax.swing.BoxLayout,alignmentX=0.0,alignmentY=0.0,border=,flags=9,maximumSize=,minimumSize=,preferredSize=]
2022-10-27 04:56:17,518 [INFO] ADCParametersView:113 -                Rank 1 : false
2022-10-27 04:56:17,519 [INFO] ADCParametersView:113 -                Rank 1 : false
2022-10-27 04:56:17,519 [INFO] ADCParametersView:113 -                Rank 1 : false
2022-10-27 04:56:17,519 [INFO] ADCParametersView:113 -                Rank 1 : false
2022-10-27 04:56:17,519 [INFO] ADCParametersView:113 -                Rank 1 : false
2022-10-27 04:56:17,519 [INFO] ADCParametersView:113 -                Rank 1 : false
2022-10-27 04:56:17,519 [INFO] ADCParametersView:113 -                Rank 1 : false
2022-10-27 04:56:17,520 [INFO] ADCParametersView:113 -                Rank 1 : false
2022-10-27 04:56:17,520 [INFO] ADCParametersView:113 -                Rank 1 : false
2022-10-27 04:56:17,520 [INFO] ADCParametersView:113 -                Rank 1 : false
2022-10-27 04:56:17,527 [INFO] ADCParametersView:113 -                Rank 1 : false
2022-10-27 04:56:17,536 [INFO] ADCParametersView:113 -                Rank 1 : false
2022-10-27 04:56:17,537 [INFO] ADCParametersView:113 -                Rank 1 : false
2022-10-27 04:56:17,537 [INFO] ADCParametersView:113 -                Rank 1 : false
2022-10-27 04:56:17,537 [INFO] ADCParametersView:113 -                Rank 1 : false
2022-10-27 04:56:17,537 [INFO] ADCParametersView:113 -                Rank 1 : false
2022-10-27 04:56:17,537 [INFO] ADCParametersView:113 -                Rank 1 : false
2022-10-27 04:56:17,537 [INFO] ADCParametersView:113 -                Rank 1 : false
2022-10-27 04:56:17,538 [INFO] ADCParametersView:113 -                Rank 1 : false
2022-10-27 04:56:17,538 [INFO] ADCParametersView:113 -                Rank 1 : false
2022-10-27 04:56:17,538 [INFO] ADCParametersView:113 -                Rank 1 : false
2022-10-27 04:56:17,543 [INFO] ADCParametersView:113 -                Rank 1 : false
2022-10-27 04:58:07,211 [INFO] ADCParametersView:113 -                Rank 1 : false
2022-10-27 04:58:07,215 [INFO] ADCParametersView:113 -                Rank 1 : false
2022-10-27 04:58:07,216 [INFO] ADCParametersView:113 -                Rank 1 : false
2022-10-27 04:58:07,216 [INFO] ADCParametersView:113 -                Rank 1 : false
2022-10-27 04:58:07,216 [INFO] ADCParametersView:113 -                Rank 1 : false
2022-10-27 04:58:07,216 [INFO] ADCParametersView:113 -                Rank 1 : false
2022-10-27 04:58:07,217 [INFO] ADCParametersView:113 -                Rank 1 : false
2022-10-27 04:58:07,217 [INFO] ADCParametersView:113 -                Rank 1 : false
2022-10-27 04:58:07,217 [INFO] ADCParametersView:113 -                Rank 1 : false
2022-10-27 04:58:07,217 [INFO] ADCParametersView:113 -                Rank 1 : false
2022-10-27 04:58:07,221 [INFO] ADCParametersView:113 -                Rank 1 : false
2022-10-27 04:58:07,235 [INFO] ADCParametersView:113 -                Rank 1 : false
2022-10-27 04:58:07,237 [INFO] ADCParametersView:113 -                Rank 1 : false
2022-10-27 04:58:07,237 [INFO] ADCParametersView:113 -                Rank 1 : false
2022-10-27 04:58:07,237 [INFO] ADCParametersView:113 -                Rank 1 : false
2022-10-27 04:58:07,237 [INFO] ADCParametersView:113 -                Rank 1 : false
2022-10-27 04:58:07,238 [INFO] ADCParametersView:113 -                Rank 1 : false
2022-10-27 04:58:07,238 [INFO] ADCParametersView:113 -                Rank 1 : false
2022-10-27 04:58:07,238 [INFO] ADCParametersView:113 -                Rank 1 : false
2022-10-27 04:58:07,238 [INFO] ADCParametersView:113 -                Rank 1 : false
2022-10-27 04:58:07,239 [INFO] ADCParametersView:113 -                Rank 1 : false
2022-10-27 04:58:07,243 [INFO] ADCParametersView:113 -                Rank 1 : false
2022-10-27 04:58:07,260 [INFO] ADCParametersView:113 -                Rank 1 : false
2022-10-27 04:58:07,261 [INFO] ADCParametersView:113 -                Rank 1 : false
2022-10-27 04:58:07,261 [INFO] ADCParametersView:113 -                Rank 1 : false
2022-10-27 04:58:07,261 [INFO] ADCParametersView:113 -                Rank 1 : false
2022-10-27 04:58:07,262 [INFO] ADCParametersView:113 -                Rank 1 : false
2022-10-27 04:58:07,262 [INFO] ADCParametersView:113 -                Rank 1 : false
2022-10-27 04:58:07,262 [INFO] ADCParametersView:113 -                Rank 1 : false
2022-10-27 04:58:07,262 [INFO] ADCParametersView:113 -                Rank 1 : false
2022-10-27 04:58:07,262 [INFO] ADCParametersView:113 -                Rank 1 : false
2022-10-27 04:58:07,262 [INFO] ADCParametersView:113 -                Rank 1 : false
2022-10-27 04:58:07,266 [INFO] ADCParametersView:113 -                Rank 1 : false
2022-10-27 04:58:25,837 [INFO] ADCParametersView:113 -                Rank 1 : true
2022-10-27 04:58:29,578 [INFO] NvicIntPanel:100 - NVIC parent = com.st.microxplorer.plugins.ip.nvic.MultiNvicIntPanel[,0,0,0x0,invalid,layout=javax.swing.BoxLayout,alignmentX=0.0,alignmentY=0.0,border=,flags=9,maximumSize=,minimumSize=,preferredSize=]
2022-10-27 04:58:29,594 [INFO] ADCParametersView:113 -                Rank 1 : true
2022-10-27 04:58:29,596 [INFO] ADCParametersView:113 -                Rank 1 : true
2022-10-27 04:58:29,596 [INFO] ADCParametersView:113 -                Rank 1 : true
2022-10-27 04:58:29,596 [INFO] ADCParametersView:113 -                Rank 1 : true
2022-10-27 04:58:29,596 [INFO] ADCParametersView:113 -                Rank 1 : true
2022-10-27 04:58:29,596 [INFO] ADCParametersView:113 -                Rank 1 : true
2022-10-27 04:58:29,596 [INFO] ADCParametersView:113 -                Rank 1 : true
2022-10-27 04:58:29,596 [INFO] ADCParametersView:113 -                Rank 1 : true
2022-10-27 04:58:29,597 [INFO] ADCParametersView:113 -                Rank 1 : true
2022-10-27 04:58:29,597 [INFO] ADCParametersView:113 -                Rank 1 : true
2022-10-27 04:58:29,600 [INFO] ADCParametersView:113 -                Rank 1 : true
2022-10-27 04:59:49,681 [INFO] UtilMem:74 - End SaveConfig() Used Memory: 525702872 Bytes (745537536)
2022-10-27 04:59:51,165 [INFO] UtilMem:74 - End SaveConfig() Used Memory: 546468448 Bytes (745537536)
2022-10-27 04:59:53,076 [INFO] UtilMem:74 - End SaveConfig() Used Memory: 633570296 Bytes (745537536)
2022-10-27 04:59:53,317 [INFO] BlockDiagram:2753 - set Specific Code input for plugin: NVIC
2022-10-27 04:59:53,317 [INFO] BlockDiagram:2753 - set Specific Code input for plugin: SYS
2022-10-27 04:59:53,318 [INFO] BlockDiagram:2753 - set Specific Code input for plugin: GPIO
2022-10-27 04:59:53,319 [INFO] BlockDiagram:2753 - set Specific Code input for plugin: ADC
2022-10-27 04:59:53,319 [INFO] BlockDiagram:2753 - set Specific Code input for plugin: RCC
2022-10-27 04:59:53,320 [INFO] CodeGenerator:690 - code generatio: config db path: C:\ST\STM32CubeIDE_1.9.0\STM32CubeIDE\plugins\com.st.stm32cube.common.mx_6.6.1.202207061420\\db\
2022-10-27 04:59:53,439 [INFO] CodeEngine:245 - oldGeneratedFile, D:\github\mc\stm32\ADC_Internal_temperature_sensor\ADC_Internal_temperature_sensor\MXTmpFiles\license.tmp_save
2022-10-27 04:59:53,604 [INFO] CodeEngine:269 - Generated code: D:\github\mc\stm32\ADC_Internal_temperature_sensor\ADC_Internal_temperature_sensor\MXTmpFiles\license.tmp
2022-10-27 04:59:53,651 [INFO] CodeEngine:245 - oldGeneratedFile, D:\github\mc\stm32\ADC_Internal_temperature_sensor\ADC_Internal_temperature_sensor\MXTmpFiles\gpio.tmp_save
2022-10-27 04:59:53,742 [INFO] CodeEngine:269 - Generated code: D:\github\mc\stm32\ADC_Internal_temperature_sensor\ADC_Internal_temperature_sensor\MXTmpFiles\gpio.tmp
2022-10-27 04:59:53,831 [INFO] CodeEngine:245 - oldGeneratedFile, D:\github\mc\stm32\ADC_Internal_temperature_sensor\ADC_Internal_temperature_sensor\Core\Src\stm32f1xx_it.c_save
2022-10-27 04:59:53,932 [INFO] CodeEngine:269 - Generated code: D:\github\mc\stm32\ADC_Internal_temperature_sensor\ADC_Internal_temperature_sensor\Core\Src\stm32f1xx_it.c
2022-10-27 04:59:53,939 [INFO] CodeEngine:245 - oldGeneratedFile, D:\github\mc\stm32\ADC_Internal_temperature_sensor\ADC_Internal_temperature_sensor\Core\Inc\stm32f1xx_it.h_save
2022-10-27 04:59:54,013 [INFO] CodeEngine:269 - Generated code: D:\github\mc\stm32\ADC_Internal_temperature_sensor\ADC_Internal_temperature_sensor\Core\Inc\stm32f1xx_it.h
2022-10-27 04:59:54,064 [INFO] CodeEngine:245 - oldGeneratedFile, D:\github\mc\stm32\ADC_Internal_temperature_sensor\ADC_Internal_temperature_sensor\Core\Src\stm32f1xx_hal_msp.c_save
2022-10-27 04:59:54,159 [INFO] CodeEngine:269 - Generated code: D:\github\mc\stm32\ADC_Internal_temperature_sensor\ADC_Internal_temperature_sensor\Core\Src\stm32f1xx_hal_msp.c
2022-10-27 04:59:54,161 [INFO] CodeEngine:245 - oldGeneratedFile, D:\github\mc\stm32\ADC_Internal_temperature_sensor\ADC_Internal_temperature_sensor\MXTmpFiles\system.tmp_save
2022-10-27 04:59:54,216 [INFO] CodeEngine:269 - Generated code: D:\github\mc\stm32\ADC_Internal_temperature_sensor\ADC_Internal_temperature_sensor\MXTmpFiles\system.tmp
2022-10-27 04:59:54,251 [INFO] CodeEngine:245 - oldGeneratedFile, D:\github\mc\stm32\ADC_Internal_temperature_sensor\ADC_Internal_temperature_sensor\Core\Inc\stm32f1xx_hal_conf.h_save
2022-10-27 04:59:54,824 [INFO] CodeEngine:269 - Generated code: D:\github\mc\stm32\ADC_Internal_temperature_sensor\ADC_Internal_temperature_sensor\Core\Inc\stm32f1xx_hal_conf.h
2022-10-27 04:59:54,871 [INFO] CodeEngine:245 - oldGeneratedFile, D:\github\mc\stm32\ADC_Internal_temperature_sensor\ADC_Internal_temperature_sensor\Core\Inc\main.h_save
2022-10-27 04:59:55,021 [INFO] CodeEngine:269 - Generated code: D:\github\mc\stm32\ADC_Internal_temperature_sensor\ADC_Internal_temperature_sensor\Core\Inc\main.h
2022-10-27 04:59:55,054 [INFO] CodeEngine:245 - oldGeneratedFile, D:\github\mc\stm32\ADC_Internal_temperature_sensor\ADC_Internal_temperature_sensor\Core\Src\main.c_save
2022-10-27 04:59:55,166 [INFO] CodeEngine:269 - Generated code: D:\github\mc\stm32\ADC_Internal_temperature_sensor\ADC_Internal_temperature_sensor\Core\Src\main.c
2022-10-27 04:59:56,138 [INFO] ProjectBuilder:2919 - Time for Copy HAL[1] : 533mS.
2022-10-27 04:59:56,141 [INFO] ProjectBuilder:4117 - Project Generator version: 3.17.1
2022-10-27 04:59:56,418 [INFO] ConfigFileManager:1394 - The Die is : DIE410
2022-10-27 04:59:57,736 [INFO] ProjectBuilder:4285 - Time for Generating toolchain IDE Files: 1595mS.
2022-10-27 04:59:57,737 [INFO] ProjectBuilder:2790 - Time for Copy CMSIS : 0mS.
2022-10-27 04:59:57,738 [INFO] ProjectBuilder:2790 - Time for Copy CMSIS : 0mS.
