2022-10-29 14:31:44,380 [INFO] Activator:177 - 


2022-10-29 14:31:44,382 [INFO] Activator:178 - !SESSION log4j initialized
2022-10-29 14:31:46,885 [INFO] McuFinderGlobals:44 - Set McuFinder mode to 2 (CubeIDE integrated)
2022-10-29 14:31:48,179 [INFO] ApplicationProperties:181 - Using Application install path: C:\ST\STM32CubeIDE_1.9.0\STM32CubeIDE\plugins\com.st.stm32cube.common.mx_6.6.1.202207061420
2022-10-29 14:31:48,200 [INFO] DbMcusXml:77 - Set database path to: C:\ST\STM32CubeIDE_1.9.0\STM32CubeIDE\plugins\com.st.stm32cube.common.mx_6.6.1.202207061420\\db\/mcu/
2022-10-29 14:31:48,201 [INFO] ApiDb:269 - Set plugin database path to: C:\ST\STM32CubeIDE_1.9.0\STM32CubeIDE\plugins\com.st.stm32cube.common.mx_6.6.1.202207061420\\db\/plugins/boardmanager/
2022-10-29 14:31:48,203 [WARN] ApiDb:254 - Overriding images path with different value:  => C:\ST\STM32CubeIDE_1.9.0\STM32CubeIDE\plugins\com.st.stm32cube.common.mx_6.6.1.202207061420\\db\/plugins/mcufinder/images/
2022-10-29 14:31:48,218 [INFO] ApiDb:249 - Set database path to: C:\Users\Zver\.stmcufinder\plugins\mcufinder//mcu/
2022-10-29 14:31:48,220 [INFO] DbMcusAds:124 - Set database path to: C:\Users\Zver\.stmcufinder\plugins\mcufinder//mcu/
2022-10-29 14:31:48,223 [INFO] CrossReferenceDbSqlite:201 - Set database path to: C:\Users\Zver\.stmcufinder\plugins\mcufinder//mcu/cs/
2022-10-29 14:31:48,334 [INFO] RulesReader:61 - Compatibility file has been processed (282 Rules)
2022-10-29 14:31:48,506 [INFO] DbMcusXml:77 - Set database path to: C:\ST\STM32CubeIDE_1.9.0\STM32CubeIDE\plugins\com.st.stm32cube.common.mx_6.6.1.202207061420\\db\/mcu/
2022-10-29 14:31:48,506 [INFO] ApiDb:269 - Set plugin database path to: C:\ST\STM32CubeIDE_1.9.0\STM32CubeIDE\plugins\com.st.stm32cube.common.mx_6.6.1.202207061420\\db\/plugins/boardmanager/
2022-10-29 14:31:48,507 [INFO] ApiDb:256 - Set plugin images path to: C:\ST\STM32CubeIDE_1.9.0\STM32CubeIDE\plugins\com.st.stm32cube.common.mx_6.6.1.202207061420\\db\/plugins/mcufinder/images/
2022-10-29 14:31:48,507 [WARN] DbFile:40 - Overriding database path with different value: C:\Users\Zver\.stmcufinder\plugins\mcufinder/ => C:\Users\Zver\.stmcufinder\plugins\mcufinder
2022-10-29 14:31:48,507 [INFO] ApiDb:249 - Set database path to: C:\Users\Zver\.stmcufinder\plugins\mcufinder//mcu/
2022-10-29 14:31:48,507 [WARN] DbFile:40 - Overriding database path with different value: C:\Users\Zver\.stmcufinder\plugins\mcufinder/ => C:\Users\Zver\.stmcufinder\plugins\mcufinder
2022-10-29 14:31:48,507 [INFO] DbMcusAds:124 - Set database path to: C:\Users\Zver\.stmcufinder\plugins\mcufinder//mcu/
2022-10-29 14:31:48,508 [WARN] DbFile:40 - Overriding database path with different value: C:\Users\Zver\.stmcufinder\plugins\mcufinder/ => C:\Users\Zver\.stmcufinder\plugins\mcufinder
2022-10-29 14:31:48,508 [WARN] DbFile:40 - Overriding database path with different value: C:\Users\Zver\.stmcufinder\plugins\mcufinder/ => C:\Users\Zver\.stmcufinder\plugins\mcufinder
2022-10-29 14:31:48,508 [INFO] CrossReferenceDbSqlite:201 - Set database path to: C:\Users\Zver\.stmcufinder\plugins\mcufinder//mcu/cs/
2022-10-29 14:31:48,607 [INFO] MainPanel:242 - HeapMemory: 268435456
2022-10-29 14:31:48,714 [INFO] DbMcusXml:77 - Set database path to: C:\ST\STM32CubeIDE_1.9.0\STM32CubeIDE\plugins\com.st.stm32cube.common.mx_6.6.1.202207061420\\db\/mcu/
2022-10-29 14:31:48,714 [INFO] ApiDb:269 - Set plugin database path to: C:\ST\STM32CubeIDE_1.9.0\STM32CubeIDE\plugins\com.st.stm32cube.common.mx_6.6.1.202207061420\\db\/plugins/boardmanager/
2022-10-29 14:31:48,715 [INFO] ApiDb:256 - Set plugin images path to: C:\ST\STM32CubeIDE_1.9.0\STM32CubeIDE\plugins\com.st.stm32cube.common.mx_6.6.1.202207061420\\db\/plugins/mcufinder/images/
2022-10-29 14:31:48,715 [WARN] DbFile:40 - Overriding database path with different value: C:\Users\Zver\.stmcufinder\plugins\mcufinder/ => C:\Users\Zver\.stmcufinder\plugins\mcufinder
2022-10-29 14:31:48,715 [INFO] ApiDb:249 - Set database path to: C:\Users\Zver\.stmcufinder\plugins\mcufinder//mcu/
2022-10-29 14:31:48,716 [WARN] DbFile:40 - Overriding database path with different value: C:\Users\Zver\.stmcufinder\plugins\mcufinder/ => C:\Users\Zver\.stmcufinder\plugins\mcufinder
2022-10-29 14:31:48,716 [INFO] DbMcusAds:124 - Set database path to: C:\Users\Zver\.stmcufinder\plugins\mcufinder//mcu/
2022-10-29 14:31:48,716 [WARN] DbFile:40 - Overriding database path with different value: C:\Users\Zver\.stmcufinder\plugins\mcufinder/ => C:\Users\Zver\.stmcufinder\plugins\mcufinder
2022-10-29 14:31:48,716 [WARN] DbFile:40 - Overriding database path with different value: C:\Users\Zver\.stmcufinder\plugins\mcufinder/ => C:\Users\Zver\.stmcufinder\plugins\mcufinder
2022-10-29 14:31:48,716 [INFO] CrossReferenceDbSqlite:201 - Set database path to: C:\Users\Zver\.stmcufinder\plugins\mcufinder//mcu/cs/
2022-10-29 14:31:48,742 [INFO] ApplicationProperties:181 - Using Application install path: C:\ST\STM32CubeIDE_1.9.0\STM32CubeIDE\plugins\com.st.stm32cube.common.mx_6.6.1.202207061420
2022-10-29 14:31:48,743 [INFO] PluginManage:193 - Search for loadable plugins [exclusion list=, ]
2022-10-29 14:31:48,744 [INFO] PluginManage:307 - Check plugin analytics
2022-10-29 14:31:48,898 [INFO] AnalyticsPlugin:262 - Accepted Software Licenses: 
2022-10-29 14:31:48,899 [INFO] AnalyticsPlugin:264 - Accepted CMSIS Pack Licenses: 
2022-10-29 14:31:48,899 [INFO] AnalyticsPlugin:266 - Accepted Firmware Licenses: 
2022-10-29 14:31:48,907 [INFO] PluginManage:356 - Loaded plugin analytics (category:tool,tabindex:-1)
2022-10-29 14:31:48,908 [INFO] PluginManage:307 - Check plugin cadmodel
2022-10-29 14:31:48,913 [INFO] CADModel:65 - Init CAD model plugin
2022-10-29 14:31:48,913 [INFO] PluginManage:356 - Loaded plugin cadmodel (category:power,tabindex:5)
2022-10-29 14:31:48,914 [INFO] PluginManage:307 - Check plugin clock
2022-10-29 14:31:48,925 [INFO] PluginManage:356 - Loaded plugin clock (category:base,tabindex:2)
2022-10-29 14:31:48,926 [INFO] PluginManage:307 - Check plugin ddr
2022-10-29 14:31:48,929 [INFO] PluginManage:356 - Loaded plugin ddr (category:tool,tabindex:6)
2022-10-29 14:31:48,929 [INFO] PluginManage:307 - Check plugin filemanager
2022-10-29 14:31:49,066 [INFO] PluginManage:356 - Loaded plugin filemanager (category:base,tabindex:10)
2022-10-29 14:31:49,066 [INFO] PluginManage:307 - Check plugin ipmanager
2022-10-29 14:31:49,086 [INFO] PluginManage:356 - Loaded plugin ipmanager (category:base,tabindex:5)
2022-10-29 14:31:49,087 [INFO] PluginManage:307 - Check plugin lpbam
2022-10-29 14:31:49,120 [INFO] PluginManage:356 - Loaded plugin lpbam (category:base,tabindex:0)
2022-10-29 14:31:49,121 [INFO] PluginManage:307 - Check plugin pinoutandconfiguration
2022-10-29 14:31:49,131 [INFO] PluginManage:356 - Loaded plugin pinoutandconfiguration (category:base,tabindex:1)
2022-10-29 14:31:49,131 [INFO] PluginManage:307 - Check plugin pinoutconfig
2022-10-29 14:31:49,198 [INFO] PluginManage:356 - Loaded plugin pinoutconfig (category:base,tabindex:0)
2022-10-29 14:31:49,199 [INFO] PluginManage:307 - Check plugin power
2022-10-29 14:31:49,210 [INFO] PluginManage:356 - Loaded plugin power (category:power,tabindex:4)
2022-10-29 14:31:49,211 [INFO] PluginManage:307 - Check plugin projectmanager
2022-10-29 14:31:49,228 [INFO] PluginManage:356 - Loaded plugin projectmanager (category:projectmanager,tabindex:3)
2022-10-29 14:31:49,228 [INFO] PluginManage:307 - Check plugin thirdparty
2022-10-29 14:31:49,365 [WARN] IntegrityCheckThread:82 - waiting for thirdparty lock release [integrity check]
2022-10-29 14:31:49,366 [INFO] PluginManage:356 - Loaded plugin thirdparty (category:base,tabindex:-1)
2022-10-29 14:31:49,366 [INFO] IntegrityCheckThread:84 - entering critical section [integrity check]
2022-10-29 14:31:49,366 [INFO] PluginManage:307 - Check plugin tools
2022-10-29 14:31:49,368 [INFO] ThirdPartyUpdaterWithRetryManager:70 - Updater plugin not ready yet. [1/15]
2022-10-29 14:31:49,370 [INFO] PluginManage:356 - Loaded plugin tools (category:base,tabindex:7)
2022-10-29 14:31:49,370 [INFO] PluginManage:307 - Check plugin tutovideos
2022-10-29 14:31:49,567 [INFO] PluginManage:356 - Loaded plugin tutovideos (category:base,tabindex:-1)
2022-10-29 14:31:49,567 [INFO] PluginManage:307 - Check plugin updater
2022-10-29 14:31:49,581 [INFO] PluginManage:356 - Loaded plugin updater (category:base,tabindex:12)
2022-10-29 14:31:49,581 [INFO] PluginManage:280 - PluginManage : Loaded plugins [15]
2022-10-29 14:31:49,953 [INFO] PinOutPanel:1468 - setPackage(No Configuration,No Configuration)
2022-10-29 14:31:50,052 [INFO] CADModel:98 - CPN selected for project level
2022-10-29 14:31:50,067 [INFO] IPUIPlugin:79 - create IPUIPlugin
2022-10-29 14:31:50,067 [INFO] PluginManager:217 - loadIPPluginJar : add adc
2022-10-29 14:31:50,071 [INFO] IPUIPlugin:79 - create IPUIPlugin
2022-10-29 14:31:50,071 [INFO] PluginManager:217 - loadIPPluginJar : add aes
2022-10-29 14:31:50,074 [INFO] IPUIPlugin:79 - create IPUIPlugin
2022-10-29 14:31:50,074 [INFO] PluginManager:217 - loadIPPluginJar : add can
2022-10-29 14:31:50,076 [INFO] IPUIPlugin:79 - create IPUIPlugin
2022-10-29 14:31:50,076 [INFO] PluginManager:217 - loadIPPluginJar : add comp
2022-10-29 14:31:50,078 [INFO] IPUIPlugin:79 - create IPUIPlugin
2022-10-29 14:31:50,078 [INFO] PluginManager:217 - loadIPPluginJar : add cryp
2022-10-29 14:31:50,080 [INFO] IPUIPlugin:79 - create IPUIPlugin
2022-10-29 14:31:50,081 [INFO] PluginManager:217 - loadIPPluginJar : add dfsdm
2022-10-29 14:31:50,085 [INFO] IPUIPlugin:79 - create IPUIPlugin
2022-10-29 14:31:50,086 [INFO] PluginManager:217 - loadIPPluginJar : add dma
2022-10-29 14:31:50,088 [INFO] IPUIPlugin:79 - create IPUIPlugin
2022-10-29 14:31:50,088 [INFO] PluginManager:217 - loadIPPluginJar : add dma3
2022-10-29 14:31:50,090 [INFO] IPUIPlugin:79 - create IPUIPlugin
2022-10-29 14:31:50,090 [INFO] PluginManager:217 - loadIPPluginJar : add fatfs
2022-10-29 14:31:50,095 [INFO] IPUIPlugin:79 - create IPUIPlugin
2022-10-29 14:31:50,095 [INFO] PluginManager:217 - loadIPPluginJar : add fmc
2022-10-29 14:31:50,101 [INFO] IPUIPlugin:79 - create IPUIPlugin
2022-10-29 14:31:50,101 [INFO] PluginManager:217 - loadIPPluginJar : add freertos
2022-10-29 14:31:50,102 [INFO] IPUIPlugin:79 - create IPUIPlugin
2022-10-29 14:31:50,103 [INFO] PluginManager:217 - loadIPPluginJar : add genericplugin
2022-10-29 14:31:50,105 [INFO] IPUIPlugin:79 - create IPUIPlugin
2022-10-29 14:31:50,105 [INFO] PluginManager:217 - loadIPPluginJar : add gfxmmu
2022-10-29 14:31:50,110 [INFO] IPUIPlugin:79 - create IPUIPlugin
2022-10-29 14:31:50,111 [INFO] PluginManager:217 - loadIPPluginJar : add gic
2022-10-29 14:31:50,115 [INFO] IPUIPlugin:79 - create IPUIPlugin
2022-10-29 14:31:50,115 [INFO] PluginManager:217 - loadIPPluginJar : add gpio
2022-10-29 14:31:50,117 [INFO] IPUIPlugin:79 - create IPUIPlugin
2022-10-29 14:31:50,118 [INFO] PluginManager:217 - loadIPPluginJar : add gtzc
2022-10-29 14:31:50,120 [INFO] IPUIPlugin:79 - create IPUIPlugin
2022-10-29 14:31:50,120 [INFO] PluginManager:217 - loadIPPluginJar : add hash
2022-10-29 14:31:50,123 [INFO] IPUIPlugin:79 - create IPUIPlugin
2022-10-29 14:31:50,123 [INFO] PluginManager:217 - loadIPPluginJar : add i2c
2022-10-29 14:31:50,125 [INFO] IPUIPlugin:79 - create IPUIPlugin
2022-10-29 14:31:50,126 [INFO] PluginManager:217 - loadIPPluginJar : add i2s
2022-10-29 14:31:50,129 [INFO] IPUIPlugin:79 - create IPUIPlugin
2022-10-29 14:31:50,130 [INFO] PluginManager:217 - loadIPPluginJar : add ipddr
2022-10-29 14:31:50,135 [INFO] IPUIPlugin:79 - create IPUIPlugin
2022-10-29 14:31:50,135 [INFO] PluginManager:217 - loadIPPluginJar : add linkedlist
2022-10-29 14:31:50,138 [INFO] IPUIPlugin:79 - create IPUIPlugin
2022-10-29 14:31:50,138 [INFO] PluginManager:217 - loadIPPluginJar : add lorawan
2022-10-29 14:31:50,139 [INFO] IPUIPlugin:79 - create IPUIPlugin
2022-10-29 14:31:50,139 [INFO] PluginManager:217 - loadIPPluginJar : add ltdc
2022-10-29 14:31:50,144 [INFO] IPUIPlugin:79 - create IPUIPlugin
2022-10-29 14:31:50,144 [INFO] PluginManager:217 - loadIPPluginJar : add mdma
2022-10-29 14:31:50,147 [INFO] IPUIPlugin:79 - create IPUIPlugin
2022-10-29 14:31:50,147 [INFO] PluginManager:217 - loadIPPluginJar : add nvic
2022-10-29 14:31:50,150 [INFO] IPUIPlugin:79 - create IPUIPlugin
2022-10-29 14:31:50,150 [INFO] PluginManager:217 - loadIPPluginJar : add opamp
2022-10-29 14:31:50,152 [INFO] IPUIPlugin:79 - create IPUIPlugin
2022-10-29 14:31:50,153 [INFO] PluginManager:217 - loadIPPluginJar : add openamp
2022-10-29 14:31:50,155 [INFO] IPUIPlugin:79 - create IPUIPlugin
2022-10-29 14:31:50,155 [INFO] PluginManager:217 - loadIPPluginJar : add pdm2pcm
2022-10-29 14:31:50,161 [INFO] IPUIPlugin:79 - create IPUIPlugin
2022-10-29 14:31:50,164 [INFO] PluginManager:217 - loadIPPluginJar : add plateformsettings
2022-10-29 14:31:50,166 [INFO] IPUIPlugin:79 - create IPUIPlugin
2022-10-29 14:31:50,166 [INFO] PluginManager:217 - loadIPPluginJar : add quadspi
2022-10-29 14:31:50,170 [INFO] IPUIPlugin:79 - create IPUIPlugin
2022-10-29 14:31:50,171 [INFO] PluginManager:217 - loadIPPluginJar : add resmgrutility
2022-10-29 14:31:50,173 [INFO] IPUIPlugin:79 - create IPUIPlugin
2022-10-29 14:31:50,173 [INFO] PluginManager:217 - loadIPPluginJar : add sai
2022-10-29 14:31:50,176 [INFO] IPUIPlugin:79 - create IPUIPlugin
2022-10-29 14:31:50,176 [INFO] PluginManager:217 - loadIPPluginJar : add spi
2022-10-29 14:31:50,181 [INFO] IPUIPlugin:79 - create IPUIPlugin
2022-10-29 14:31:50,181 [INFO] PluginManager:217 - loadIPPluginJar : add stm32_wpan
2022-10-29 14:31:50,183 [INFO] IPUIPlugin:79 - create IPUIPlugin
2022-10-29 14:31:50,183 [INFO] PluginManager:217 - loadIPPluginJar : add tim
2022-10-29 14:31:50,186 [INFO] IPUIPlugin:79 - create IPUIPlugin
2022-10-29 14:31:50,186 [INFO] PluginManager:217 - loadIPPluginJar : add touchsensing
2022-10-29 14:31:50,188 [INFO] IPUIPlugin:79 - create IPUIPlugin
2022-10-29 14:31:50,189 [INFO] PluginManager:217 - loadIPPluginJar : add tracer_emb
2022-10-29 14:31:50,191 [INFO] IPUIPlugin:79 - create IPUIPlugin
2022-10-29 14:31:50,191 [INFO] PluginManager:217 - loadIPPluginJar : add ts
2022-10-29 14:31:50,193 [INFO] IPUIPlugin:79 - create IPUIPlugin
2022-10-29 14:31:50,193 [INFO] PluginManager:217 - loadIPPluginJar : add tsc
2022-10-29 14:31:50,195 [INFO] IPUIPlugin:79 - create IPUIPlugin
2022-10-29 14:31:50,195 [INFO] PluginManager:217 - loadIPPluginJar : add ucpd
2022-10-29 14:31:50,198 [INFO] IPUIPlugin:79 - create IPUIPlugin
2022-10-29 14:31:50,198 [INFO] PluginManager:217 - loadIPPluginJar : add usart
2022-10-29 14:31:50,202 [INFO] IPUIPlugin:79 - create IPUIPlugin
2022-10-29 14:31:50,203 [INFO] PluginManager:217 - loadIPPluginJar : add usbx
2022-10-29 14:31:50,462 [FATAL] Updater:301 - Updater called before beeing initialized
2022-10-29 14:31:50,617 [FATAL] Updater:301 - Updater called before beeing initialized
2022-10-29 14:31:50,623 [INFO] DbMcusAds:52 - JSON generation date=Thu Sep 30 09:56:37 MSK 2021 (1632984997303)
2022-10-29 14:31:50,623 [FATAL] Updater:301 - Updater called before beeing initialized
2022-10-29 14:31:50,710 [WARN] DetailPanel:344 - Failed to get advertising image, set to default
2022-10-29 14:31:50,827 [FATAL] Updater:301 - Updater called before beeing initialized
2022-10-29 14:31:50,829 [FATAL] Updater:301 - Updater called before beeing initialized
2022-10-29 14:31:50,829 [FATAL] Updater:301 - Updater called before beeing initialized
2022-10-29 14:31:50,829 [WARN] DetailPanel:344 - Failed to get advertising image, set to default
2022-10-29 14:31:50,830 [FATAL] Updater:301 - Updater called before beeing initialized
2022-10-29 14:31:50,869 [ERROR] Updater:1105 - MainUpdater not yet initialized. External WinMGr cannot be set.
2022-10-29 14:31:50,871 [INFO] Updater:1041 - Updater Version found : 6.6.1
2022-10-29 14:31:50,886 [INFO] ApplicationProperties:181 - Using Application install path: C:\ST\STM32CubeIDE_1.9.0\STM32CubeIDE\plugins\com.st.stm32cube.common.mx_6.6.1.202207061420
2022-10-29 14:31:50,962 [INFO] MainUpdater:2768 - connection check result : 10
2022-10-29 14:31:50,962 [INFO] MainUpdater:280 - Updater Check For Update Now.
2022-10-29 14:31:50,962 [INFO] MicroXplorer:481 - Change Database Version : DB.6.0.60
2022-10-29 14:31:51,115 [INFO] CheckServerUpdateThread:119 - End of CheckServer Thread
2022-10-29 14:31:51,171 [INFO] MainUpdater:2768 - connection check result : 10
2022-10-29 14:31:51,409 [INFO] McuFinderGlobals:57 - Set McuFinderConnectedMode to true
2022-10-29 14:31:51,419 [INFO] MultiScanPanel:195 - Auto-refresh data requested => check proxy status ongoing
2022-10-29 14:31:51,424 [INFO] FinderPluginLoader:92 - Searching for filters in installed packs
2022-10-29 14:31:51,537 [INFO] ApiDb:576 - Connected to CubeFinder SQLite database (C:\Users\Zver\.stmcufinder\plugins\mcufinder\mcu\cube-finder-db.db)
2022-10-29 14:31:51,579 [INFO] ApiDb:663 - CubeFinder database Data Model version=2.1
2022-10-29 14:31:51,579 [INFO] ApiDb:664 - CubeFinder database Configuration version=3.0.32
2022-10-29 14:31:51,580 [INFO] ApiDb:665 - CubeFinder database generation date=2022-08-05 (1659688109)
2022-10-29 14:31:51,580 [INFO] ApiDb:666 - CubeFinder database FW Pack versions=[STM32Cube_FW_C0_V1.0.0, STM32Cube_FW_F4_V1.27.1, STM32Cube_FW_F7_V1.17.0, STM32Cube_FW_G0_V1.6.1, STM32Cube_FW_G4_V1.5.0, STM32Cube_FW_H7_V1.10.0, STM32Cube_FW_L5_V1.4.0, STM32Cube_FW_U5_V1.1.1, STM32Cube_FW_WB_V1.14.1, STM32Cube_FW_WL_V1.2.0, X-CUBE-ALGOBUILD_V1.3.0, X-CUBE-ALS_V1.0.1, X-CUBE-AZRTOS-F4_V1.1.0, X-CUBE-AZRTOS-F7_V1.1.0, X-CUBE-AZRTOS-G0_V1.1.0, X-CUBE-AZRTOS-G4_V1.0.0, X-CUBE-AZRTOS-H7_V2.1.0, X-CUBE-AZRTOS-L4_V1.0.0, X-CUBE-AZRTOS-L5_V1.0.0, X-CUBE-AZRTOS-WL_V1.0.0, X-CUBE-BLE1_V6.2.3, X-CUBE-BLE2_V3.3.0, X-CUBE-EEPRMA1_V3.1.1, X-CUBE-GNSS1_V6.0.0, X-CUBE-MEMS1_V9.1.0, X-CUBE-MEMS1_V9.3.0, X-CUBE-NFC4_V2.0.4, X-CUBE-NFC7_V1.0.0, X-CUBE-SFXS2LP1_V4.0.0, X-CUBE-SUBG2_V5.0.0]
2022-10-29 14:31:52,525 [WARN] PackLoader:242 - Cannot read IP mode file for wolfSSL.I-CUBE-wolfSSL.5.2.0
2022-10-29 14:31:52,539 [WARN] PackLoader:242 - Cannot read IP mode file for STMicroelectronics.X-CUBE-GNSS1.6.0.0
2022-10-29 14:31:52,568 [WARN] PackLoader:242 - Cannot read IP mode file for STMicroelectronics.X-CUBE-AZRTOS-F4.1.1.0
2022-10-29 14:31:52,585 [WARN] PackLoader:242 - Cannot read IP mode file for STMicroelectronics.X-CUBE-BLEMGR.1.2.0
2022-10-29 14:31:52,612 [WARN] PackLoader:242 - Cannot read IP mode file for STMicroelectronics.X-CUBE-AZRTOS-F7.1.1.0
2022-10-29 14:31:52,621 [WARN] PackLoader:242 - Cannot read IP mode file for STMicroelectronics.X-CUBE-AI.7.1.0
2022-10-29 14:31:52,629 [WARN] PackLoader:242 - Cannot read IP mode file for STMicroelectronics.X-CUBE-BLE1.6.2.3
2022-10-29 14:31:52,636 [WARN] PackLoader:242 - Cannot read IP mode file for STMicroelectronics.X-CUBE-BLE1.6.2.2
2022-10-29 14:31:52,644 [WARN] PackLoader:242 - Cannot read IP mode file for STMicroelectronics.X-CUBE-NFC4.2.0.4
2022-10-29 14:31:52,650 [WARN] PackLoader:242 - Cannot read IP mode file for STMicroelectronics.X-CUBE-BLE2.3.2.2
2022-10-29 14:31:52,655 [WARN] PackLoader:242 - Cannot read IP mode file for STMicroelectronics.X-CUBE-NFC4.2.0.3
2022-10-29 14:31:52,667 [WARN] PackLoader:242 - Cannot read IP mode file for STMicroelectronics.X-CUBE-TOF1.3.1.0
2022-10-29 14:31:52,685 [WARN] PackLoader:242 - Cannot read IP mode file for STMicroelectronics.X-CUBE-SFXS2LP1.3.1.0
2022-10-29 14:31:52,707 [WARN] PackLoader:242 - Cannot read IP mode file for STMicroelectronics.X-CUBE-AZRTOS-F4.1.0.0
2022-10-29 14:31:52,720 [WARN] PackLoader:242 - Cannot read IP mode file for STMicroelectronics.X-CUBE-NFC7.1.0.0
2022-10-29 14:31:52,732 [WARN] PackLoader:242 - Cannot read IP mode file for STMicroelectronics.X-CUBE-SUBG2.4.2.0
2022-10-29 14:31:52,792 [WARN] PackLoader:242 - Cannot read IP mode file for STMicroelectronics.X-CUBE-MEMS1.9.3.0
2022-10-29 14:31:52,956 [WARN] PackLoader:242 - Cannot read IP mode file for STMicroelectronics.X-CUBE-AI.7.2.0
2022-10-29 14:31:52,973 [WARN] PackLoader:242 - Cannot read IP mode file for STMicroelectronics.X-CUBE-AZRTOS-G0.1.0.0
2022-10-29 14:31:52,983 [WARN] PackLoader:242 - Cannot read IP mode file for STMicroelectronics.X-CUBE-SFXS2LP1.4.0.0
2022-10-29 14:31:52,990 [WARN] PackLoader:242 - Cannot read IP mode file for STMicroelectronics.X-CUBE-BLE2.3.3.0
2022-10-29 14:31:53,000 [WARN] PackLoader:242 - Cannot read IP mode file for STMicroelectronics.X-CUBE-DISPLAY.2.2.0
2022-10-29 14:31:53,015 [WARN] PackLoader:242 - Cannot read IP mode file for STMicroelectronics.X-CUBE-TOF1.3.2.0
2022-10-29 14:31:53,027 [WARN] PackLoader:242 - Cannot read IP mode file for STMicroelectronics.X-CUBE-TOUCHGFX.4.18.1
2022-10-29 14:31:53,030 [WARN] PackLoader:242 - Cannot read IP mode file for STMicroelectronics.X-CUBE-ISPU.1.0.0
2022-10-29 14:31:53,038 [WARN] PackLoader:242 - Cannot read IP mode file for RoweBots.I-CUBE-UNISONRTOS.5.5.0-4
2022-10-29 14:31:53,057 [WARN] PackLoader:242 - Cannot read IP mode file for STMicroelectronics.X-CUBE-AZRTOS-H7.2.1.0
2022-10-29 14:31:53,068 [WARN] PackLoader:242 - Cannot read IP mode file for STMicroelectronics.X-CUBE-BLEMGR.1.0.0
2022-10-29 14:31:53,076 [WARN] PackLoader:242 - Cannot read IP mode file for STMicroelectronics.X-CUBE-ALGOBUILD.1.3.0
2022-10-29 14:31:53,088 [WARN] PackLoader:242 - Cannot read IP mode file for STMicroelectronics.X-CUBE-AZRTOS-G0.1.1.0
2022-10-29 14:31:53,099 [WARN] PackLoader:242 - Cannot read IP mode file for STMicroelectronics.X-CUBE-SUBG2.5.0.0
2022-10-29 14:31:53,155 [WARN] PackLoader:242 - Cannot read IP mode file for SEGGER.I-CUBE-embOS.1.2.0
2022-10-29 14:31:53,181 [WARN] PackLoader:242 - Cannot read IP mode file for STMicroelectronics.FP-ATR-ASTRA1.1.1.1
2022-10-29 14:31:53,198 [WARN] PackLoader:242 - Cannot read IP mode file for STMicroelectronics.X-CUBE-AZRTOS-H7.2.0.0
2022-10-29 14:31:53,215 [WARN] PackLoader:242 - Cannot read IP mode file for STMicroelectronics.X-CUBE-AZRTOS-G4.1.0.0
2022-10-29 14:31:53,220 [WARN] PackLoader:242 - Cannot read IP mode file for STMicroelectronics.FP-ATR-SIGFOX1.3.2.0
2022-10-29 14:31:53,230 [WARN] PackLoader:242 - Cannot read IP mode file for STMicroelectronics.X-CUBE-AZRTOS-L4.1.0.0
2022-10-29 14:31:53,237 [WARN] PackLoader:242 - Cannot read IP mode file for emotas.I-CUBE-CANOPEN.1.1.2
2022-10-29 14:31:53,239 [WARN] PackLoader:242 - Cannot read IP mode file for STMicroelectronics.X-CUBE-TOUCHGFX.4.20.0
2022-10-29 14:31:53,249 [WARN] PackLoader:242 - Cannot read IP mode file for STMicroelectronics.X-CUBE-AZRTOS-F7.1.0.0
2022-10-29 14:31:53,261 [WARN] PackLoader:242 - Cannot read IP mode file for STMicroelectronics.X-CUBE-AZRTOS-WL.1.0.0
2022-10-29 14:31:53,308 [WARN] PackLoader:242 - Cannot read IP mode file for STMicroelectronics.X-CUBE-MEMS1.9.1.0
2022-10-29 14:31:53,400 [WARN] PackLoader:242 - Cannot read IP mode file for portGmbH.I-Cube-SoM-uGOAL.1.1.0
2022-10-29 14:31:53,404 [WARN] PackLoader:242 - Cannot read IP mode file for STMicroelectronics.X-CUBE-ALS.1.0.1
2022-10-29 14:31:53,415 [WARN] PackLoader:242 - Cannot read IP mode file for STMicroelectronics.X-CUBE-AZRTOS-L5.1.0.0
2022-10-29 14:31:53,424 [WARN] PackLoader:242 - Cannot read IP mode file for STMicroelectronics.X-CUBE-EEPRMA1.3.1.1
2022-10-29 14:31:53,429 [WARN] PackLoader:242 - Cannot read IP mode file for STMicroelectronics.X-CUBE-GNSS1.5.2.0
2022-10-29 14:31:53,435 [WARN] PackLoader:242 - Cannot read IP mode file for STMicroelectronics.X-CUBE-DISPLAY.2.0.1
2022-10-29 14:31:53,441 [WARN] PackLoader:242 - Cannot read IP mode file for STMicroelectronics.X-CUBE-TOF1.3.0.0
2022-10-29 14:31:53,444 [INFO] ThirdParty:929 - Integrity check success = true
2022-10-29 14:31:53,444 [INFO] IntegrityCheckThread:98 - exiting critical section [integrity check]
2022-10-29 14:31:53,444 [INFO] IntegrityCheckThread:101 - End integrity checks thread
2022-10-29 14:31:53,886 [INFO] ApiDb:239 - Found 138 in-development CPN: [B-WB1M-WPAN1, NUCLEO-C031C6, STEVAL-STWINBX1, STM320518-EVAL, STM32C0116-DK, STM32C011D6Y3TR, STM32C011D6Y6TR, STM32C011F4P3, STM32C011F4P6, STM32C011F4U3, STM32C011F4U6TR, STM32C011F6P3, STM32C011F6P6, STM32C011F6U3, STM32C011F6U6TR, STM32C011J4M3, STM32C011J4M6, STM32C011J6M3, STM32C011J6M6, STM32C0316-DK, STM32C031C4T3, STM32C031C4T6, STM32C031C4U3, STM32C031C4U6, STM32C031C6T3, STM32C031C6T6, STM32C031C6U3, STM32C031C6U6, STM32C031F4P3, STM32C031F4P6, STM32C031F6P3, STM32C031F6P6, STM32C031G4U3, STM32C031G4U6, STM32C031G6U3, STM32C031G6U6, STM32C031K4T3, STM32C031K4T6, STM32C031K4U3, STM32C031K4U6, STM32C031K6T3, STM32C031K6T6, STM32C031K6U3, STM32C031K6U6, STM32G071K8TXN, STM32G071K8UXN, STM32G081GBU6N, STM32G081KBT6N, STM32G081KBUXN, STM32G0B1CCT6N, STM32G0B1KCT6, STM32G0B1NEY6TR, STM32G0B1RCT6N, STM32G0C1CCT6, STM32G0C1CCT6N, STM32G0C1CCU6N, STM32G0C1CET6N, STM32G0C1CEU6N, STM32G0C1KCT6, STM32G0C1NEY6TR, STM32G0C1RCI6N, STM32G0C1RCT6N, STM32G0C1REI6N, STM32G0C1RET6N, STM32G0C1VCI6, STM32G0C1VEI6, STM32G471CCT6, STM32G471CCU6, STM32G471CET3, STM32G471CET6, STM32G471CEU3, STM32G471CEU6, STM32G471MCT6, STM32G471MET3, STM32G471MET6, STM32G471MEY6TR, STM32G471QCT6, STM32G471QET3, STM32G471RCT6, STM32G471RET3, STM32G471RET6, STM32G471VCH6, STM32G471VCI6, STM32G471VCT6, STM32G471VEH3, STM32G471VEH6, STM32G471VEI3, STM32G471VEI6, STM32G471VET3, STM32G471VET6, STM32G474CCT6, STM32L476VGY6PTR, STM32L4R5QGI6STR, STM32MP131AAE3, STM32MP131AAF3, STM32MP131AAG3, STM32MP131CAE3, STM32MP131CAF3, STM32MP131CAG3, STM32MP131DAE7, STM32MP131DAF7, STM32MP131DAG7, STM32MP131FAE7, STM32MP131FAF7, STM32MP131FAG7, STM32MP133AAE3, STM32MP133AAF3, STM32MP133AAG3, STM32MP133CAE3, STM32MP133CAF3, STM32MP133CAG3, STM32MP133DAE7, STM32MP133DAF7, STM32MP133DAG7, STM32MP133FAE7, STM32MP133FAF7, STM32MP133FAG7, STM32MP135AAE3, STM32MP135AAF3, STM32MP135AAG3, STM32MP135CAE3, STM32MP135CAF3, STM32MP135CAG3, STM32MP135DAE7, STM32MP135DAF7, STM32MP135DAG7, STM32MP135F-DK, STM32MP135FAE7, STM32MP135FAF7, STM32MP135FAG7, STM32U595ZJT6Q, STM32U599BJY6QTR, STM32U599NIH6Q, STM32U599NJH6Q, STM32U5A5ZJT6Q, STM32U5A9BJY6QTR, STM32U5A9NJH6Q, STM32WB1MMCH6]
2022-10-29 14:31:53,890 [INFO] DbMcus:215 - Found 3542 MCUs, 3542 are supported
2022-10-29 14:31:53,892 [INFO] ApiDb:418 - Load user favorites file C:\Users\Zver/.stm32cubeide/favorites.mcus.txt: 1 item(s)
2022-10-29 14:31:53,892 [INFO] ApiDb:422 - User favorites MCUs=[STM32F103C8T6]
2022-10-29 14:31:53,892 [INFO] DbMcus:221 - Set 1 / 1 favorites MCUs
2022-10-29 14:31:55,040 [INFO] LoadUrlFilesThread:177 - End of LoadServerUrlFiles without Thread
2022-10-29 14:31:55,067 [INFO] DetailPanel:339 - Set advertising image to C:/Users/Zver/STM32Cube/Repository/\en.Prom_NBSTM32U50921.jpg
2022-10-29 14:31:55,806 [INFO] MultiScanPanel:778 - Auto Refresh Data is not needed
2022-10-29 14:31:55,815 [INFO] ApiDb:663 - CubeFinder database Data Model version=2.1
2022-10-29 14:31:55,815 [INFO] ApiDb:664 - CubeFinder database Configuration version=3.0.32
2022-10-29 14:31:55,815 [INFO] ApiDb:665 - CubeFinder database generation date=2022-08-05 (1659688109)
2022-10-29 14:31:55,815 [INFO] ApiDb:666 - CubeFinder database FW Pack versions=[STM32Cube_FW_C0_V1.0.0, STM32Cube_FW_F4_V1.27.1, STM32Cube_FW_F7_V1.17.0, STM32Cube_FW_G0_V1.6.1, STM32Cube_FW_G4_V1.5.0, STM32Cube_FW_H7_V1.10.0, STM32Cube_FW_L5_V1.4.0, STM32Cube_FW_U5_V1.1.1, STM32Cube_FW_WB_V1.14.1, STM32Cube_FW_WL_V1.2.0, X-CUBE-ALGOBUILD_V1.3.0, X-CUBE-ALS_V1.0.1, X-CUBE-AZRTOS-F4_V1.1.0, X-CUBE-AZRTOS-F7_V1.1.0, X-CUBE-AZRTOS-G0_V1.1.0, X-CUBE-AZRTOS-G4_V1.0.0, X-CUBE-AZRTOS-H7_V2.1.0, X-CUBE-AZRTOS-L4_V1.0.0, X-CUBE-AZRTOS-L5_V1.0.0, X-CUBE-AZRTOS-WL_V1.0.0, X-CUBE-BLE1_V6.2.3, X-CUBE-BLE2_V3.3.0, X-CUBE-EEPRMA1_V3.1.1, X-CUBE-GNSS1_V6.0.0, X-CUBE-MEMS1_V9.1.0, X-CUBE-MEMS1_V9.3.0, X-CUBE-NFC4_V2.0.4, X-CUBE-NFC7_V1.0.0, X-CUBE-SFXS2LP1_V4.0.0, X-CUBE-SUBG2_V5.0.0]
2022-10-29 14:31:55,889 [INFO] DbBoardsSqlite:227 - include board P-NUCLEO-WB55-NUCLEO as a kit item of type 'Nucleo-64'
2022-10-29 14:31:55,890 [INFO] DbBoardsSqlite:227 - include board P-NUCLEO-WB55-USBDONGLE as a kit item of type 'Nucleo USB Dongle'
2022-10-29 14:31:55,890 [INFO] DbBoardsSqlite:227 - include board STEVAL-IDP005V1 as a kit item of type 'Evaluation Board'
2022-10-29 14:31:55,890 [INFO] DbBoardsSqlite:227 - include board STEVAL-IDP005V2 as a kit item of type 'Evaluation Board'
2022-10-29 14:31:55,902 [INFO] ApiDb:239 - Found 138 in-development CPN: [B-WB1M-WPAN1, NUCLEO-C031C6, STEVAL-STWINBX1, STM320518-EVAL, STM32C0116-DK, STM32C011D6Y3TR, STM32C011D6Y6TR, STM32C011F4P3, STM32C011F4P6, STM32C011F4U3, STM32C011F4U6TR, STM32C011F6P3, STM32C011F6P6, STM32C011F6U3, STM32C011F6U6TR, STM32C011J4M3, STM32C011J4M6, STM32C011J6M3, STM32C011J6M6, STM32C0316-DK, STM32C031C4T3, STM32C031C4T6, STM32C031C4U3, STM32C031C4U6, STM32C031C6T3, STM32C031C6T6, STM32C031C6U3, STM32C031C6U6, STM32C031F4P3, STM32C031F4P6, STM32C031F6P3, STM32C031F6P6, STM32C031G4U3, STM32C031G4U6, STM32C031G6U3, STM32C031G6U6, STM32C031K4T3, STM32C031K4T6, STM32C031K4U3, STM32C031K4U6, STM32C031K6T3, STM32C031K6T6, STM32C031K6U3, STM32C031K6U6, STM32G071K8TXN, STM32G071K8UXN, STM32G081GBU6N, STM32G081KBT6N, STM32G081KBUXN, STM32G0B1CCT6N, STM32G0B1KCT6, STM32G0B1NEY6TR, STM32G0B1RCT6N, STM32G0C1CCT6, STM32G0C1CCT6N, STM32G0C1CCU6N, STM32G0C1CET6N, STM32G0C1CEU6N, STM32G0C1KCT6, STM32G0C1NEY6TR, STM32G0C1RCI6N, STM32G0C1RCT6N, STM32G0C1REI6N, STM32G0C1RET6N, STM32G0C1VCI6, STM32G0C1VEI6, STM32G471CCT6, STM32G471CCU6, STM32G471CET3, STM32G471CET6, STM32G471CEU3, STM32G471CEU6, STM32G471MCT6, STM32G471MET3, STM32G471MET6, STM32G471MEY6TR, STM32G471QCT6, STM32G471QET3, STM32G471RCT6, STM32G471RET3, STM32G471RET6, STM32G471VCH6, STM32G471VCI6, STM32G471VCT6, STM32G471VEH3, STM32G471VEH6, STM32G471VEI3, STM32G471VEI6, STM32G471VET3, STM32G471VET6, STM32G474CCT6, STM32L476VGY6PTR, STM32L4R5QGI6STR, STM32MP131AAE3, STM32MP131AAF3, STM32MP131AAG3, STM32MP131CAE3, STM32MP131CAF3, STM32MP131CAG3, STM32MP131DAE7, STM32MP131DAF7, STM32MP131DAG7, STM32MP131FAE7, STM32MP131FAF7, STM32MP131FAG7, STM32MP133AAE3, STM32MP133AAF3, STM32MP133AAG3, STM32MP133CAE3, STM32MP133CAF3, STM32MP133CAG3, STM32MP133DAE7, STM32MP133DAF7, STM32MP133DAG7, STM32MP133FAE7, STM32MP133FAF7, STM32MP133FAG7, STM32MP135AAE3, STM32MP135AAF3, STM32MP135AAG3, STM32MP135CAE3, STM32MP135CAF3, STM32MP135CAG3, STM32MP135DAE7, STM32MP135DAF7, STM32MP135DAG7, STM32MP135F-DK, STM32MP135FAE7, STM32MP135FAF7, STM32MP135FAG7, STM32U595ZJT6Q, STM32U599BJY6QTR, STM32U599NIH6Q, STM32U599NJH6Q, STM32U5A5ZJT6Q, STM32U5A9BJY6QTR, STM32U5A9NJH6Q, STM32WB1MMCH6]
2022-10-29 14:31:56,020 [INFO] BoardInfo:879 - No configuration file found for board P-NUCLEO-WB55
2022-10-29 14:31:56,020 [INFO] DbBoards:156 - Kit is not supported: P-NUCLEO-WB55
2022-10-29 14:31:56,027 [INFO] BoardInfo:879 - No configuration file found for board STEVAL-BFA001V1B
2022-10-29 14:31:56,028 [INFO] DbBoards:156 - Kit is not supported: STEVAL-BFA001V1B
2022-10-29 14:31:56,029 [INFO] BoardInfo:879 - No configuration file found for board STEVAL-BFA001V2B
2022-10-29 14:31:56,029 [INFO] DbBoards:156 - Kit is not supported: STEVAL-BFA001V2B
2022-10-29 14:31:56,146 [INFO] DbBoards:160 - Found 176 boards, 173 are supported
2022-10-29 14:31:56,151 [INFO] ApiDb:418 - Load user favorites file C:\Users\Zver/.stm32cubeide/favorites.boards.txt: 0 item(s)
2022-10-29 14:31:56,151 [INFO] ApiDb:422 - User favorites Boards=[]
2022-10-29 14:31:56,152 [INFO] DbBoards:189 - Set 0 / 0 favorites Boards
2022-10-29 14:32:08,552 [ERROR] LogOutputStream:74 - [STDERR_REDIRECT] SLF4J: Failed to load class "org.slf4j.impl.StaticLoggerBinder".
2022-10-29 14:32:08,553 [ERROR] LogOutputStream:74 - [STDERR_REDIRECT] SLF4J: Defaulting to no-operation (NOP) logger implementation
2022-10-29 14:32:08,554 [ERROR] LogOutputStream:74 - [STDERR_REDIRECT] SLF4J: See http://www.slf4j.org/codes.html#StaticLoggerBinder for further details.
2022-10-29 14:32:12,167 [INFO] MainUpdater:2768 - connection check result : 10
2022-10-29 14:32:12,167 [INFO] MainUpdater:2768 - connection check result : 10
2022-10-29 14:32:12,184 [INFO] MicroXplorer:451 - Change Database Path : 
2022-10-29 14:32:12,184 [INFO] MicroXplorer:481 - Change Database Version : DB.6.0.60
2022-10-29 14:32:12,185 [WARN] ThirdParty:827 - waiting for thirdparty lock release [close project]
2022-10-29 14:32:12,185 [INFO] ThirdParty:829 - entering critical section [close project]
2022-10-29 14:32:12,186 [INFO] ThirdParty:839 - exiting critical section [close project]
2022-10-29 14:32:12,191 [INFO] PinOutPanel:1468 - setPackage(No Configuration,No Configuration)
2022-10-29 14:32:12,198 [INFO] UtilMem:74 - Begin LoadConfig() Used Memory: 250745816 Bytes (379584512)
2022-10-29 14:32:12,199 [INFO] MicroXplorer:451 - Change Database Path : 
2022-10-29 14:32:12,200 [INFO] MicroXplorer:481 - Change Database Version : DB.6.0.60
2022-10-29 14:32:12,200 [INFO] OpenFileManager:307 - Change cursor
2022-10-29 14:32:12,328 [INFO] Mcu:1922 - Initializing MCU STM32F103C8Tx STM32F103C8Tx 
2022-10-29 14:32:12,329 [INFO] Mcu:1935 - No CPN specified => set CPN to STM32F103C8T6
2022-10-29 14:32:13,205 [INFO] Context:654 - Trying to add GPIOservice into a context  which must be forbidden
2022-10-29 14:32:13,446 [INFO] ImportTextPane:193 - (OptionalMessage_ERROR) Unable to find key (Mcu.ThirdPartyNb) in loaded IOC file
2022-10-29 14:32:13,446 [INFO] ImportTextPane:193 - (OptionalMessage_ERROR) Unable to find key (Mcu.PinsNb) in loaded IOC file
2022-10-29 14:32:13,446 [INFO] ImportTextPane:193 - (OptionalMessage_ERROR) Unable to find key (Mcu.IPNb) in loaded IOC file
2022-10-29 14:32:13,501 [WARN] ApiManager:308 - Cannot register API 'Board Extension:GNSS1A1' from pack STMicroelectronics.X-CUBE-GNSS1.6.0.0: no header file found
2022-10-29 14:32:13,501 [WARN] ApiManager:308 - Cannot register API 'Board Support:Custom' from pack STMicroelectronics.X-CUBE-GNSS1.6.0.0: no header file found
2022-10-29 14:32:13,501 [WARN] ApiManager:308 - Cannot register API 'Data Exchange:lib_gnss' from pack STMicroelectronics.X-CUBE-GNSS1.6.0.0: no header file found
2022-10-29 14:32:13,514 [WARN] ApiManager:308 - Cannot register API 'Wireless:BlueNRG-MS' from pack STMicroelectronics.X-CUBE-BLE1.6.2.3: no header file found
2022-10-29 14:32:13,516 [INFO] RtosManager:488 - Registered RTOS mode: class=CMSIS, group=RTOS, mode=CMSIS_V1, owner=FREERTOS
2022-10-29 14:32:13,516 [INFO] RtosManager:488 - Registered RTOS mode: class=CMSIS, group=RTOS2, mode=CMSIS_V2, owner=FREERTOS
2022-10-29 14:32:13,516 [INFO] RtosManager:488 - Registered RTOS mode: class=RTOS, group=Core, mode=CMSIS_V1, owner=FREERTOS
2022-10-29 14:32:13,516 [INFO] RtosManager:488 - Registered RTOS mode: class=RTOS, group=Core, mode=CMSIS_V2, owner=FREERTOS
2022-10-29 14:32:13,516 [WARN] ModelIntegratedComponent:185 - Missing modes for component STMicroelectronics:FreeRTOS:0.0.1:STMicroelectronics:RTOS:FreeRTOS:Core:::10.2.0:
2022-10-29 14:32:13,520 [WARN] ApiManager:308 - Cannot register API 'Board Extension:S2868A1' from pack STMicroelectronics.X-CUBE-SUBG2.5.0.0: no header file found
2022-10-29 14:32:13,521 [WARN] ApiManager:308 - Cannot register API 'Board Extension:S2868A2' from pack STMicroelectronics.X-CUBE-SUBG2.5.0.0: no header file found
2022-10-29 14:32:13,521 [WARN] ApiManager:308 - Cannot register API 'Board Extension:S2915A1' from pack STMicroelectronics.X-CUBE-SUBG2.5.0.0: no header file found
2022-10-29 14:32:13,527 [WARN] ApiManager:308 - Cannot register API 'Wireless:BlueNRG-MS' from pack STMicroelectronics.X-CUBE-BLE1.6.2.2: no header file found
2022-10-29 14:32:13,528 [WARN] ApiManager:308 - Cannot register API 'Board Extension:NFC04A1' from pack STMicroelectronics.X-CUBE-NFC4.2.0.4: no header file found
2022-10-29 14:32:13,529 [WARN] ApiManager:308 - Cannot register API 'Wireless:BlueNRG-2' from pack STMicroelectronics.X-CUBE-BLE2.3.2.2: no header file found
2022-10-29 14:32:13,529 [WARN] ApiManager:308 - Cannot register API 'Board Extension:NFC04A1' from pack STMicroelectronics.X-CUBE-NFC4.2.0.3: no header file found
2022-10-29 14:32:13,532 [WARN] ApiManager:308 - Cannot register API 'Board Extension:S2868A1' from pack STMicroelectronics.X-CUBE-SFXS2LP1.3.1.0: no header file found
2022-10-29 14:32:13,536 [WARN] ApiManager:308 - Cannot register API 'Board Extension:S2868A2' from pack STMicroelectronics.X-CUBE-SFXS2LP1.3.1.0: no header file found
2022-10-29 14:32:13,536 [WARN] ApiManager:308 - Cannot register API 'Board Extension:S2915A1' from pack STMicroelectronics.X-CUBE-SFXS2LP1.3.1.0: no header file found
2022-10-29 14:32:13,542 [WARN] ModelIntegratedComponent:64 - No mode defined for component null
2022-10-29 14:32:13,543 [WARN] ModelIntegratedComponent:64 - No mode defined for component null
2022-10-29 14:32:13,543 [WARN] ModelIntegratedComponent:64 - No mode defined for component null
2022-10-29 14:32:13,543 [WARN] ModelIntegratedComponent:64 - No mode defined for component null
2022-10-29 14:32:13,543 [WARN] ModelIntegratedComponent:64 - No mode defined for component null
2022-10-29 14:32:13,543 [WARN] ModelIntegratedComponent:64 - No mode defined for component null
2022-10-29 14:32:13,543 [WARN] ModelIntegratedComponent:64 - No mode defined for component null
2022-10-29 14:32:13,543 [WARN] ModelIntegratedComponent:64 - No mode defined for component null
2022-10-29 14:32:13,543 [WARN] ModelIntegratedComponent:64 - No mode defined for component null
2022-10-29 14:32:13,543 [WARN] ModelIntegratedComponent:64 - No mode defined for component null
2022-10-29 14:32:13,543 [WARN] ModelIntegratedComponent:64 - No mode defined for component null
2022-10-29 14:32:13,543 [WARN] ModelIntegratedComponent:64 - No mode defined for component null
2022-10-29 14:32:13,543 [WARN] ModelIntegratedComponent:64 - No mode defined for component null
2022-10-29 14:32:13,543 [WARN] ModelIntegratedComponent:64 - No mode defined for component null
2022-10-29 14:32:13,544 [WARN] ModelIntegratedComponent:64 - No mode defined for component null
2022-10-29 14:32:13,544 [WARN] ModelIntegratedComponent:64 - No mode defined for component null
2022-10-29 14:32:13,544 [WARN] ModelIntegratedComponent:64 - No mode defined for component null
2022-10-29 14:32:13,544 [WARN] ModelIntegratedComponent:64 - No mode defined for component null
2022-10-29 14:32:13,544 [WARN] ModelIntegratedComponent:64 - No mode defined for component null
2022-10-29 14:32:13,544 [WARN] ModelIntegratedComponent:64 - No mode defined for component null
2022-10-29 14:32:13,544 [WARN] ModelIntegratedComponent:64 - No mode defined for component null
2022-10-29 14:32:13,544 [WARN] ModelIntegratedComponent:64 - No mode defined for component null
2022-10-29 14:32:13,544 [WARN] ModelIntegratedComponent:64 - No mode defined for component null
2022-10-29 14:32:13,544 [WARN] ModelIntegratedComponent:64 - No mode defined for component null
2022-10-29 14:32:13,544 [WARN] ModelIntegratedComponent:64 - No mode defined for component null
2022-10-29 14:32:13,544 [WARN] ModelIntegratedComponent:64 - No mode defined for component null
2022-10-29 14:32:13,544 [WARN] ModelIntegratedComponent:64 - No mode defined for component null
2022-10-29 14:32:13,544 [WARN] ModelIntegratedComponent:64 - No mode defined for component null
2022-10-29 14:32:13,544 [WARN] ModelIntegratedComponent:64 - No mode defined for component null
2022-10-29 14:32:13,544 [WARN] ModelIntegratedComponent:64 - No mode defined for component null
2022-10-29 14:32:13,545 [WARN] ModelIntegratedComponent:64 - No mode defined for component null
2022-10-29 14:32:13,545 [WARN] ModelIntegratedComponent:64 - No mode defined for component null
2022-10-29 14:32:13,545 [WARN] ModelIntegratedComponent:64 - No mode defined for component null
2022-10-29 14:32:13,546 [WARN] ApiManager:308 - Cannot register API 'Board Extension:NFC07A1' from pack STMicroelectronics.X-CUBE-NFC7.1.0.0: no header file found
2022-10-29 14:32:13,550 [WARN] ApiManager:308 - Cannot register API 'Board Extension:S2868A1' from pack STMicroelectronics.X-CUBE-SUBG2.4.2.0: no header file found
2022-10-29 14:32:13,550 [WARN] ApiManager:308 - Cannot register API 'Board Extension:S2868A2' from pack STMicroelectronics.X-CUBE-SUBG2.4.2.0: no header file found
2022-10-29 14:32:13,551 [WARN] ApiManager:308 - Cannot register API 'Board Extension:S2915A1' from pack STMicroelectronics.X-CUBE-SUBG2.4.2.0: no header file found
2022-10-29 14:32:13,644 [WARN] ApiManager:308 - Cannot register API 'Board Extension:IKS01A3' from pack STMicroelectronics.X-CUBE-MEMS1.9.1.0: no header file found
2022-10-29 14:32:13,644 [WARN] ApiManager:308 - Cannot register API 'Board Extension:IKS01A2' from pack STMicroelectronics.X-CUBE-MEMS1.9.1.0: no header file found
2022-10-29 14:32:13,644 [WARN] ApiManager:308 - Cannot register API 'Board Extension:IKS02A1' from pack STMicroelectronics.X-CUBE-MEMS1.9.1.0: no header file found
2022-10-29 14:32:13,702 [WARN] ApiManager:308 - Cannot register API 'Board Extension:IKS01A3' from pack STMicroelectronics.X-CUBE-MEMS1.9.3.0: no header file found
2022-10-29 14:32:13,702 [WARN] ApiManager:308 - Cannot register API 'Board Extension:IKS01A2' from pack STMicroelectronics.X-CUBE-MEMS1.9.3.0: no header file found
2022-10-29 14:32:13,702 [WARN] ApiManager:308 - Cannot register API 'Board Extension:IKS02A1' from pack STMicroelectronics.X-CUBE-MEMS1.9.3.0: no header file found
2022-10-29 14:32:13,708 [WARN] ApiManager:308 - Cannot register API 'Board Extension:EEPRMA1' from pack STMicroelectronics.X-CUBE-EEPRMA1.3.1.1: no header file found
2022-10-29 14:32:13,708 [WARN] ApiManager:308 - Cannot register API 'Board Extension:EEPRMA2' from pack STMicroelectronics.X-CUBE-EEPRMA1.3.1.1: no header file found
2022-10-29 14:32:13,709 [WARN] ApiManager:308 - Cannot register API 'Board Extension:GNSS1A1' from pack STMicroelectronics.X-CUBE-GNSS1.5.2.0: no header file found
2022-10-29 14:32:13,709 [WARN] ApiManager:308 - Cannot register API 'Board Support:Custom' from pack STMicroelectronics.X-CUBE-GNSS1.5.2.0: no header file found
2022-10-29 14:32:13,709 [WARN] ApiManager:308 - Cannot register API 'Data Exchange:lib_gnss' from pack STMicroelectronics.X-CUBE-GNSS1.5.2.0: no header file found
2022-10-29 14:32:13,710 [WARN] ApiManager:308 - Cannot register API 'Board Extension:S2868A1' from pack STMicroelectronics.X-CUBE-SFXS2LP1.4.0.0: no header file found
2022-10-29 14:32:13,711 [WARN] ApiManager:308 - Cannot register API 'Board Extension:S2868A2' from pack STMicroelectronics.X-CUBE-SFXS2LP1.4.0.0: no header file found
2022-10-29 14:32:13,711 [WARN] ApiManager:308 - Cannot register API 'Board Extension:S2915A1' from pack STMicroelectronics.X-CUBE-SFXS2LP1.4.0.0: no header file found
2022-10-29 14:32:13,711 [WARN] ApiManager:308 - Cannot register API 'Wireless:BlueNRG-2' from pack STMicroelectronics.X-CUBE-BLE2.3.3.0: no header file found
2022-10-29 14:32:13,722 [INFO] ThirdPartyModel:289 - Start build external matchings
2022-10-29 14:32:14,396 [INFO] ThirdPartyModel:302 - End build external matchings
2022-10-29 14:32:14,567 [INFO] UtilMem:74 - End LoadConfig() Used Memory: 183045880 Bytes (379584512)
2022-10-29 14:32:14,586 [WARN] ThirdParty:789 - waiting for thirdparty lock release [change project]
2022-10-29 14:32:14,586 [INFO] ThirdParty:791 - entering critical section [change project]
2022-10-29 14:32:14,587 [INFO] ThirdParty:981 - CMSIS Pack Vendor :wolfSSL I-CUBE-wolfSSL 5.2.0
2022-10-29 14:32:14,587 [INFO] ThirdParty:981 - CMSIS Pack Vendor :RoweBots I-CUBE-UNISONRTOS 5.5.0-4
2022-10-29 14:32:14,587 [INFO] ThirdParty:981 - CMSIS Pack Vendor :STMicroelectronics X-CUBE-GNSS1 6.0.0
2022-10-29 14:32:14,587 [INFO] ThirdParty:981 - CMSIS Pack Vendor :STMicroelectronics X-CUBE-AZRTOS-H7 2.1.0
2022-10-29 14:32:14,587 [INFO] ThirdParty:981 - CMSIS Pack Vendor :STMicroelectronics USB_HOST 2.0.0
2022-10-29 14:32:14,587 [INFO] ThirdParty:981 - CMSIS Pack Vendor :STMicroelectronics X-CUBE-AZRTOS-F4 1.1.0
2022-10-29 14:32:14,587 [INFO] ThirdParty:981 - CMSIS Pack Vendor :STMicroelectronics LIBJPEG 8.0.0
2022-10-29 14:32:14,587 [INFO] ThirdParty:981 - CMSIS Pack Vendor :STMicroelectronics USB_DEVICE 3.0.0
2022-10-29 14:32:14,587 [INFO] ThirdParty:981 - CMSIS Pack Vendor :STMicroelectronics X-CUBE-BLEMGR 1.0.0
2022-10-29 14:32:14,588 [INFO] ThirdParty:981 - CMSIS Pack Vendor :STMicroelectronics X-CUBE-BLEMGR 1.2.0
2022-10-29 14:32:14,588 [INFO] ThirdParty:981 - CMSIS Pack Vendor :STMicroelectronics X-CUBE-AZRTOS-F7 1.1.0
2022-10-29 14:32:14,588 [INFO] ThirdParty:981 - CMSIS Pack Vendor :STMicroelectronics USB_DEVICE 2.0.0
2022-10-29 14:32:14,588 [INFO] ThirdParty:981 - CMSIS Pack Vendor :STMicroelectronics X-CUBE-AI 7.1.0
2022-10-29 14:32:14,588 [INFO] ThirdParty:981 - CMSIS Pack Vendor :STMicroelectronics X-CUBE-BLE1 6.2.3
2022-10-29 14:32:14,588 [INFO] ThirdParty:981 - CMSIS Pack Vendor :STMicroelectronics X-CUBE-ALGOBUILD 1.3.0
2022-10-29 14:32:14,589 [INFO] ThirdParty:981 - CMSIS Pack Vendor :STMicroelectronics FreeRTOS 0.0.1
2022-10-29 14:32:14,589 [INFO] ThirdParty:981 - CMSIS Pack Vendor :STMicroelectronics X-CUBE-AZRTOS-G0 1.1.0
2022-10-29 14:32:14,589 [INFO] ThirdParty:981 - CMSIS Pack Vendor :STMicroelectronics X-CUBE-SUBG2 5.0.0
2022-10-29 14:32:14,589 [INFO] ThirdParty:981 - CMSIS Pack Vendor :SEGGER I-CUBE-embOS 1.2.0
2022-10-29 14:32:14,589 [INFO] ThirdParty:981 - CMSIS Pack Vendor :STMicroelectronics STM32_WPAN 1.0.0
2022-10-29 14:32:14,589 [INFO] ThirdParty:981 - CMSIS Pack Vendor :STMicroelectronics lwIP 2.0.3
2022-10-29 14:32:14,589 [INFO] ThirdParty:981 - CMSIS Pack Vendor :STMicroelectronics X-CUBE-BLE1 6.2.2
2022-10-29 14:32:14,589 [INFO] ThirdParty:981 - CMSIS Pack Vendor :STMicroelectronics X-CUBE-NFC4 2.0.4
2022-10-29 14:32:14,589 [INFO] ThirdParty:981 - CMSIS Pack Vendor :STMicroelectronics X-CUBE-BLE2 3.2.2
2022-10-29 14:32:14,589 [INFO] ThirdParty:981 - CMSIS Pack Vendor :STMicroelectronics USB_HOST 1.0.0
2022-10-29 14:32:14,589 [INFO] ThirdParty:981 - CMSIS Pack Vendor :STMicroelectronics X-CUBE-NFC4 2.0.3
2022-10-29 14:32:14,589 [INFO] ThirdParty:981 - CMSIS Pack Vendor :STMicroelectronics PDM2PCM 3.1.0
2022-10-29 14:32:14,589 [INFO] ThirdParty:981 - CMSIS Pack Vendor :STMicroelectronics FP-ATR-ASTRA1 1.1.1
2022-10-29 14:32:14,589 [INFO] ThirdParty:981 - CMSIS Pack Vendor :STMicroelectronics PDM2PCM 3.3.0
2022-10-29 14:32:14,590 [INFO] ThirdParty:981 - CMSIS Pack Vendor :STMicroelectronics X-CUBE-TOF1 3.1.0
2022-10-29 14:32:14,590 [INFO] ThirdParty:981 - CMSIS Pack Vendor :STMicroelectronics X-CUBE-SFXS2LP1 3.1.0
2022-10-29 14:32:14,590 [INFO] ThirdParty:981 - CMSIS Pack Vendor :STMicroelectronics X-CUBE-AZRTOS-F4 1.0.0
2022-10-29 14:32:14,590 [INFO] ThirdParty:981 - CMSIS Pack Vendor :STMicroelectronics X-CUBE-AZRTOS-H7 2.0.0
2022-10-29 14:32:14,591 [INFO] ThirdParty:981 - CMSIS Pack Vendor :STMicroelectronics X-CUBE-AZRTOS-G4 1.0.0
2022-10-29 14:32:14,591 [INFO] ThirdParty:981 - CMSIS Pack Vendor :STMicroelectronics FP-ATR-SIGFOX1 3.2.0
2022-10-29 14:32:14,591 [INFO] ThirdParty:981 - CMSIS Pack Vendor :STMicroelectronics X-CUBE-AZRTOS-L4 1.0.0
2022-10-29 14:32:14,592 [INFO] ThirdParty:981 - CMSIS Pack Vendor :STMicroelectronics HAL Drivers 0.0.0
2022-10-29 14:32:14,592 [INFO] ThirdParty:981 - CMSIS Pack Vendor :STMicroelectronics MBEDTLS 2.16.2
2022-10-29 14:32:14,592 [INFO] ThirdParty:981 - CMSIS Pack Vendor :emotas I-CUBE-CANOPEN 1.1.2
2022-10-29 14:32:14,592 [INFO] ThirdParty:981 - CMSIS Pack Vendor :STMicroelectronics X-CUBE-TOUCHGFX 4.20.0
2022-10-29 14:32:14,592 [INFO] ThirdParty:981 - CMSIS Pack Vendor :STMicroelectronics MBEDTLS 2.14.1
2022-10-29 14:32:14,592 [INFO] ThirdParty:981 - CMSIS Pack Vendor :STMicroelectronics X-CUBE-NFC7 1.0.0
2022-10-29 14:32:14,592 [INFO] ThirdParty:981 - CMSIS Pack Vendor :STMicroelectronics X-CUBE-AZRTOS-F7 1.0.0
2022-10-29 14:32:14,592 [INFO] ThirdParty:981 - CMSIS Pack Vendor :STMicroelectronics X-CUBE-AZRTOS-WL 1.0.0
2022-10-29 14:32:14,592 [INFO] ThirdParty:981 - CMSIS Pack Vendor :STMicroelectronics X-CUBE-SUBG2 4.2.0
2022-10-29 14:32:14,593 [INFO] ThirdParty:981 - CMSIS Pack Vendor :STMicroelectronics X-CUBE-MEMS1 9.1.0
2022-10-29 14:32:14,593 [INFO] ThirdParty:981 - CMSIS Pack Vendor :STMicroelectronics X-CUBE-MEMS1 9.3.0
2022-10-29 14:32:14,593 [INFO] ThirdParty:981 - CMSIS Pack Vendor :portGmbH I-Cube-SoM-uGOAL 1.1.0
2022-10-29 14:32:14,593 [INFO] ThirdParty:981 - CMSIS Pack Vendor :STMicroelectronics X-CUBE-ALS 1.0.1
2022-10-29 14:32:14,593 [INFO] ThirdParty:981 - CMSIS Pack Vendor :STMicroelectronics X-CUBE-AI 7.2.0
2022-10-29 14:32:14,593 [INFO] ThirdParty:981 - CMSIS Pack Vendor :STMicroelectronics ThreadX 1.0.0
2022-10-29 14:32:14,593 [INFO] ThirdParty:981 - CMSIS Pack Vendor :STMicroelectronics X-CUBE-AZRTOS-L5 1.0.0
2022-10-29 14:32:14,593 [INFO] ThirdParty:981 - CMSIS Pack Vendor :STMicroelectronics USB_DEVICE 1.0.0
2022-10-29 14:32:14,593 [INFO] ThirdParty:981 - CMSIS Pack Vendor :STMicroelectronics X-CUBE-AZRTOS-G0 1.0.0
2022-10-29 14:32:14,593 [INFO] ThirdParty:981 - CMSIS Pack Vendor :STMicroelectronics X-CUBE-EEPRMA1 3.1.1
2022-10-29 14:32:14,593 [INFO] ThirdParty:981 - CMSIS Pack Vendor :STMicroelectronics X-CUBE-GNSS1 5.2.0
2022-10-29 14:32:14,594 [INFO] ThirdParty:981 - CMSIS Pack Vendor :STMicroelectronics ThreadX 0.0.2
2022-10-29 14:32:14,594 [INFO] ThirdParty:981 - CMSIS Pack Vendor :STMicroelectronics lwIP 2.1.2
2022-10-29 14:32:14,594 [INFO] ThirdParty:981 - CMSIS Pack Vendor :STMicroelectronics X-CUBE-SFXS2LP1 4.0.0
2022-10-29 14:32:14,594 [INFO] ThirdParty:981 - CMSIS Pack Vendor :STMicroelectronics X-CUBE-BLE2 3.3.0
2022-10-29 14:32:14,594 [INFO] ThirdParty:981 - CMSIS Pack Vendor :STMicroelectronics X-CUBE-DISPLAY 2.0.1
2022-10-29 14:32:14,594 [INFO] ThirdParty:981 - CMSIS Pack Vendor :STMicroelectronics X-CUBE-DISPLAY 2.2.0
2022-10-29 14:32:14,594 [INFO] ThirdParty:981 - CMSIS Pack Vendor :STMicroelectronics X-CUBE-TOF1 3.2.0
2022-10-29 14:32:14,594 [INFO] ThirdParty:981 - CMSIS Pack Vendor :STMicroelectronics PDM2PCM 3.2.0
2022-10-29 14:32:14,594 [INFO] ThirdParty:981 - CMSIS Pack Vendor :STMicroelectronics X-CUBE-TOUCHGFX 4.18.1
2022-10-29 14:32:14,594 [INFO] ThirdParty:981 - CMSIS Pack Vendor :STMicroelectronics X-CUBE-TOF1 3.0.0
2022-10-29 14:32:14,594 [INFO] ThirdParty:981 - CMSIS Pack Vendor :STMicroelectronics X-CUBE-ISPU 1.0.0
2022-10-29 14:32:14,594 [INFO] ThirdParty:797 - exiting critical section [change project]
2022-10-29 14:32:14,844 [INFO] PinOutPanel:1468 - setPackage(No Configuration,No Configuration)
2022-10-29 14:32:14,845 [INFO] PinOutPanel:1468 - setPackage(STM32F103C8Tx,LQFP48)
2022-10-29 14:32:15,339 [INFO] UtilMem:74 - Before build in PCC Used Memory: 208906648 Bytes (379584512)
2022-10-29 14:32:16,018 [INFO] UtilMem:74 - After build in PCC Used Memory: 253107712 Bytes (379584512)
2022-10-29 14:32:16,044 [INFO] IPUIPlugin:79 - create IPUIPlugin
2022-10-29 14:32:16,044 [INFO] IPUIPlugin:79 - create IPUIPlugin
2022-10-29 14:32:16,044 [INFO] IPUIPlugin:79 - create IPUIPlugin
2022-10-29 14:32:16,045 [INFO] IPUIPlugin:79 - create IPUIPlugin
2022-10-29 14:32:16,045 [INFO] IPUIPlugin:79 - create IPUIPlugin
2022-10-29 14:32:16,045 [INFO] IPUIPlugin:79 - create IPUIPlugin
2022-10-29 14:32:16,045 [INFO] IPUIPlugin:79 - create IPUIPlugin
2022-10-29 14:32:16,045 [INFO] IPUIPlugin:79 - create IPUIPlugin
2022-10-29 14:32:16,045 [INFO] IPUIPlugin:79 - create IPUIPlugin
2022-10-29 14:32:16,045 [INFO] IPUIPlugin:79 - create IPUIPlugin
2022-10-29 14:32:16,045 [INFO] IPUIPlugin:79 - create IPUIPlugin
2022-10-29 14:32:16,046 [INFO] IPUIPlugin:79 - create IPUIPlugin
2022-10-29 14:32:16,046 [INFO] IPUIPlugin:79 - create IPUIPlugin
2022-10-29 14:32:16,046 [INFO] IPUIPlugin:79 - create IPUIPlugin
2022-10-29 14:32:16,046 [INFO] IPUIPlugin:79 - create IPUIPlugin
2022-10-29 14:32:16,046 [INFO] IPUIPlugin:79 - create IPUIPlugin
2022-10-29 14:32:16,047 [INFO] IPUIPlugin:79 - create IPUIPlugin
2022-10-29 14:32:16,047 [INFO] IPUIPlugin:79 - create IPUIPlugin
2022-10-29 14:32:16,047 [INFO] IPUIPlugin:79 - create IPUIPlugin
2022-10-29 14:32:16,047 [INFO] IPUIPlugin:79 - create IPUIPlugin
2022-10-29 14:32:16,048 [INFO] IPUIPlugin:79 - create IPUIPlugin
2022-10-29 14:32:16,048 [INFO] IPUIPlugin:79 - create IPUIPlugin
2022-10-29 14:32:16,048 [INFO] IPUIPlugin:79 - create IPUIPlugin
2022-10-29 14:32:16,048 [INFO] IPUIPlugin:79 - create IPUIPlugin
2022-10-29 14:32:16,049 [INFO] IPUIPlugin:79 - create IPUIPlugin
2022-10-29 14:32:16,049 [INFO] IPUIPlugin:79 - create IPUIPlugin
2022-10-29 14:32:16,049 [INFO] IPUIPlugin:79 - create IPUIPlugin
2022-10-29 14:32:16,269 [INFO] OpenFileManager:327 - Restore cursor
2022-10-29 14:32:16,978 [INFO] UtilMem:74 - End SaveConfig() Used Memory: 235306848 Bytes (379584512)
2022-10-29 14:32:17,080 [INFO] UtilMem:74 - End SaveConfig() Used Memory: 246327048 Bytes (379584512)
2022-10-29 14:32:17,526 [INFO] BlockDiagram:2753 - set Specific Code input for plugin: NVIC
2022-10-29 14:32:17,527 [INFO] BlockDiagram:2753 - set Specific Code input for plugin: RCC
2022-10-29 14:32:17,528 [INFO] CodeGenerator:690 - code generatio: config db path: C:\ST\STM32CubeIDE_1.9.0\STM32CubeIDE\plugins\com.st.stm32cube.common.mx_6.6.1.202207061420\\db\
2022-10-29 14:32:17,843 [INFO] CodeEngine:245 - oldGeneratedFile, D:\github\mc\stm32\I2C_OLED_Display\I2C_OLED_Display\MXTmpFiles\license.tmp_save
2022-10-29 14:32:18,460 [INFO] CodeEngine:269 - Generated code: D:\github\mc\stm32\I2C_OLED_Display\I2C_OLED_Display\MXTmpFiles\license.tmp
2022-10-29 14:32:18,481 [INFO] CodeEngine:245 - oldGeneratedFile, D:\github\mc\stm32\I2C_OLED_Display\I2C_OLED_Display\Core\Src\stm32f1xx_it.c_save
2022-10-29 14:32:18,812 [INFO] CodeEngine:269 - Generated code: D:\github\mc\stm32\I2C_OLED_Display\I2C_OLED_Display\Core\Src\stm32f1xx_it.c
2022-10-29 14:32:18,821 [INFO] CodeEngine:245 - oldGeneratedFile, D:\github\mc\stm32\I2C_OLED_Display\I2C_OLED_Display\Core\Inc\stm32f1xx_it.h_save
2022-10-29 14:32:18,943 [INFO] CodeEngine:269 - Generated code: D:\github\mc\stm32\I2C_OLED_Display\I2C_OLED_Display\Core\Inc\stm32f1xx_it.h
2022-10-29 14:32:19,027 [INFO] CodeEngine:245 - oldGeneratedFile, D:\github\mc\stm32\I2C_OLED_Display\I2C_OLED_Display\Core\Src\stm32f1xx_hal_msp.c_save
2022-10-29 14:32:19,298 [INFO] CodeEngine:269 - Generated code: D:\github\mc\stm32\I2C_OLED_Display\I2C_OLED_Display\Core\Src\stm32f1xx_hal_msp.c
2022-10-29 14:32:19,310 [INFO] CodeEngine:245 - oldGeneratedFile, D:\github\mc\stm32\I2C_OLED_Display\I2C_OLED_Display\MXTmpFiles\system.tmp_save
2022-10-29 14:32:19,452 [INFO] CodeEngine:269 - Generated code: D:\github\mc\stm32\I2C_OLED_Display\I2C_OLED_Display\MXTmpFiles\system.tmp
2022-10-29 14:32:19,468 [INFO] CodeEngine:245 - oldGeneratedFile, D:\github\mc\stm32\I2C_OLED_Display\I2C_OLED_Display\Core\Inc\stm32f1xx_hal_conf.h_save
2022-10-29 14:32:19,626 [INFO] CodeEngine:269 - Generated code: D:\github\mc\stm32\I2C_OLED_Display\I2C_OLED_Display\Core\Inc\stm32f1xx_hal_conf.h
2022-10-29 14:32:19,680 [INFO] CodeEngine:245 - oldGeneratedFile, D:\github\mc\stm32\I2C_OLED_Display\I2C_OLED_Display\Core\Inc\main.h_save
2022-10-29 14:32:19,798 [INFO] CodeEngine:269 - Generated code: D:\github\mc\stm32\I2C_OLED_Display\I2C_OLED_Display\Core\Inc\main.h
2022-10-29 14:32:19,805 [INFO] CodeEngine:245 - oldGeneratedFile, D:\github\mc\stm32\I2C_OLED_Display\I2C_OLED_Display\Core\Src\main.c_save
2022-10-29 14:32:20,063 [INFO] CodeEngine:269 - Generated code: D:\github\mc\stm32\I2C_OLED_Display\I2C_OLED_Display\Core\Src\main.c
2022-10-29 14:32:21,102 [INFO] ProjectBuilder:2919 - Time for Copy HAL[1] : 284mS.
2022-10-29 14:32:21,118 [INFO] ProjectBuilder:4117 - Project Generator version: 3.17.1
2022-10-29 14:32:21,554 [INFO] ConfigFileManager:1394 - The Die is : DIE410
2022-10-29 14:32:21,572 [INFO] ApiDbMcu:505 - Load IP Config File for FATFS
2022-10-29 14:32:21,609 [INFO] ApiDbMcu:505 - Load IP Config File for FREERTOS
2022-10-29 14:32:21,636 [INFO] ApiDbMcu:505 - Load IP Config File for USB_DEVICE
2022-10-29 14:32:26,216 [INFO] ProjectBuilder:4285 - Time for Generating toolchain IDE Files: 5097mS.
2022-10-29 14:32:26,218 [INFO] ProjectBuilder:2790 - Time for Copy CMSIS : 1mS.
2022-10-29 14:32:26,220 [INFO] ProjectBuilder:2790 - Time for Copy CMSIS : 0mS.
2022-10-29 14:32:27,701 [INFO] McuFinderGlobals:57 - Set McuFinderConnectedMode to true
2022-10-29 14:32:27,703 [INFO] ApiDb:443 - Save user favorites file C:\Users\Zver/.stm32cubeide/favorites.mcus.txt: 1 item(s)
2022-10-29 14:32:27,703 [INFO] ApiDb:447 - User favorites MCUs=[STM32F103C8T6]
2022-10-29 14:33:40,845 [WARN] IP:2111 - I2C_Coeff_DF not found: check if there is a RefParameter without a condition.
2022-10-29 14:33:40,845 [WARN] IP:2111 - Analog_Filter not found: check if there is a RefParameter without a condition.
2022-10-29 14:33:40,854 [WARN] IP:2111 - I2C_Coeff_DF not found: check if there is a RefParameter without a condition.
2022-10-29 14:33:40,855 [WARN] IP:2111 - Analog_Filter not found: check if there is a RefParameter without a condition.
2022-10-29 14:33:40,855 [WARN] IP:2111 - I2C_Coeff_DF not found: check if there is a RefParameter without a condition.
2022-10-29 14:33:40,856 [WARN] IP:2111 - Analog_Filter not found: check if there is a RefParameter without a condition.
2022-10-29 14:33:40,865 [WARN] IP:2111 - I2C_Coeff_DF not found: check if there is a RefParameter without a condition.
2022-10-29 14:33:40,866 [WARN] IP:2111 - Analog_Filter not found: check if there is a RefParameter without a condition.
2022-10-29 14:33:40,866 [WARN] IP:2111 - I2C_Coeff_DF not found: check if there is a RefParameter without a condition.
2022-10-29 14:33:40,866 [WARN] IP:2111 - Analog_Filter not found: check if there is a RefParameter without a condition.
2022-10-29 14:33:40,875 [WARN] IP:2111 - I2C_Coeff_DF not found: check if there is a RefParameter without a condition.
2022-10-29 14:33:40,875 [WARN] IP:2111 - Analog_Filter not found: check if there is a RefParameter without a condition.
2022-10-29 14:33:40,876 [WARN] IP:2111 - I2C_Coeff_DF not found: check if there is a RefParameter without a condition.
2022-10-29 14:33:40,876 [WARN] IP:2111 - Analog_Filter not found: check if there is a RefParameter without a condition.
2022-10-29 14:33:40,993 [WARN] IP:2111 - I2C_Coeff_DF not found: check if there is a RefParameter without a condition.
2022-10-29 14:33:40,994 [WARN] IP:2111 - Analog_Filter not found: check if there is a RefParameter without a condition.
2022-10-29 14:33:40,997 [WARN] IP:2111 - I2C_Coeff_DF not found: check if there is a RefParameter without a condition.
2022-10-29 14:33:40,998 [WARN] IP:2111 - Analog_Filter not found: check if there is a RefParameter without a condition.
2022-10-29 14:33:41,003 [WARN] IP:2111 - I2C_Coeff_DF not found: check if there is a RefParameter without a condition.
2022-10-29 14:33:41,004 [WARN] IP:2111 - Analog_Filter not found: check if there is a RefParameter without a condition.
2022-10-29 14:33:49,504 [WARN] IP:2111 - I2C_Coeff_DF not found: check if there is a RefParameter without a condition.
2022-10-29 14:33:49,505 [WARN] IP:2111 - Analog_Filter not found: check if there is a RefParameter without a condition.
2022-10-29 14:33:49,505 [WARN] IP:2111 - I2C_Coeff_DF not found: check if there is a RefParameter without a condition.
2022-10-29 14:33:49,505 [WARN] IP:2111 - Analog_Filter not found: check if there is a RefParameter without a condition.
2022-10-29 14:33:49,547 [WARN] IP:2111 - I2C_Coeff_DF not found: check if there is a RefParameter without a condition.
2022-10-29 14:33:49,547 [WARN] IP:2111 - Analog_Filter not found: check if there is a RefParameter without a condition.
2022-10-29 14:33:49,553 [WARN] IP:2111 - I2C_Coeff_DF not found: check if there is a RefParameter without a condition.
2022-10-29 14:33:49,554 [WARN] IP:2111 - Analog_Filter not found: check if there is a RefParameter without a condition.
2022-10-29 14:33:49,572 [WARN] IP:2111 - I2C_Coeff_DF not found: check if there is a RefParameter without a condition.
2022-10-29 14:33:49,572 [WARN] IP:2111 - Analog_Filter not found: check if there is a RefParameter without a condition.
2022-10-29 14:33:49,576 [WARN] IP:2111 - I2C_Coeff_DF not found: check if there is a RefParameter without a condition.
2022-10-29 14:33:49,576 [WARN] IP:2111 - Analog_Filter not found: check if there is a RefParameter without a condition.
2022-10-29 14:33:49,581 [WARN] IP:2111 - I2C_Coeff_DF not found: check if there is a RefParameter without a condition.
2022-10-29 14:33:49,581 [WARN] IP:2111 - Analog_Filter not found: check if there is a RefParameter without a condition.
2022-10-29 14:33:49,586 [WARN] IP:2111 - I2C_Coeff_DF not found: check if there is a RefParameter without a condition.
2022-10-29 14:33:49,586 [WARN] IP:2111 - Analog_Filter not found: check if there is a RefParameter without a condition.
2022-10-29 14:34:01,996 [INFO] UtilMem:74 - End SaveConfig() Used Memory: 489455616 Bytes (809500672)
2022-10-29 14:34:03,409 [INFO] UtilMem:74 - End SaveConfig() Used Memory: 511094216 Bytes (809500672)
2022-10-29 14:34:07,568 [INFO] UtilMem:74 - End SaveConfig() Used Memory: 597146560 Bytes (809500672)
2022-10-29 14:34:08,110 [INFO] BlockDiagram:2753 - set Specific Code input for plugin: NVIC
2022-10-29 14:34:08,110 [INFO] BlockDiagram:2753 - set Specific Code input for plugin: SYS
2022-10-29 14:34:08,111 [INFO] BlockDiagram:2753 - set Specific Code input for plugin: GPIO
2022-10-29 14:34:08,111 [INFO] BlockDiagram:2753 - set Specific Code input for plugin: RCC
2022-10-29 14:34:08,111 [INFO] BlockDiagram:2753 - set Specific Code input for plugin: I2C
2022-10-29 14:34:08,112 [INFO] CodeGenerator:690 - code generatio: config db path: C:\ST\STM32CubeIDE_1.9.0\STM32CubeIDE\plugins\com.st.stm32cube.common.mx_6.6.1.202207061420\\db\
2022-10-29 14:34:08,113 [WARN] IP:2111 - I2C_Coeff_DF not found: check if there is a RefParameter without a condition.
2022-10-29 14:34:08,113 [WARN] IP:2111 - Analog_Filter not found: check if there is a RefParameter without a condition.
2022-10-29 14:34:08,289 [INFO] CodeEngine:245 - oldGeneratedFile, D:\github\mc\stm32\I2C_OLED_Display\I2C_OLED_Display\MXTmpFiles\license.tmp_save
2022-10-29 14:34:08,543 [INFO] CodeEngine:269 - Generated code: D:\github\mc\stm32\I2C_OLED_Display\I2C_OLED_Display\MXTmpFiles\license.tmp
2022-10-29 14:34:08,648 [INFO] CodeEngine:245 - oldGeneratedFile, D:\github\mc\stm32\I2C_OLED_Display\I2C_OLED_Display\MXTmpFiles\gpio.tmp_save
2022-10-29 14:34:08,947 [INFO] CodeEngine:269 - Generated code: D:\github\mc\stm32\I2C_OLED_Display\I2C_OLED_Display\MXTmpFiles\gpio.tmp
2022-10-29 14:34:09,006 [INFO] CodeEngine:245 - oldGeneratedFile, D:\github\mc\stm32\I2C_OLED_Display\I2C_OLED_Display\Core\Src\stm32f1xx_it.c_save
2022-10-29 14:34:09,116 [INFO] CodeEngine:269 - Generated code: D:\github\mc\stm32\I2C_OLED_Display\I2C_OLED_Display\Core\Src\stm32f1xx_it.c
2022-10-29 14:34:09,122 [INFO] CodeEngine:245 - oldGeneratedFile, D:\github\mc\stm32\I2C_OLED_Display\I2C_OLED_Display\Core\Inc\stm32f1xx_it.h_save
2022-10-29 14:34:09,280 [INFO] CodeEngine:269 - Generated code: D:\github\mc\stm32\I2C_OLED_Display\I2C_OLED_Display\Core\Inc\stm32f1xx_it.h
2022-10-29 14:34:09,323 [INFO] CodeEngine:245 - oldGeneratedFile, D:\github\mc\stm32\I2C_OLED_Display\I2C_OLED_Display\Core\Src\stm32f1xx_hal_msp.c_save
2022-10-29 14:34:09,418 [INFO] CodeEngine:269 - Generated code: D:\github\mc\stm32\I2C_OLED_Display\I2C_OLED_Display\Core\Src\stm32f1xx_hal_msp.c
2022-10-29 14:34:09,420 [INFO] CodeEngine:245 - oldGeneratedFile, D:\github\mc\stm32\I2C_OLED_Display\I2C_OLED_Display\MXTmpFiles\system.tmp_save
2022-10-29 14:34:09,472 [INFO] CodeEngine:269 - Generated code: D:\github\mc\stm32\I2C_OLED_Display\I2C_OLED_Display\MXTmpFiles\system.tmp
2022-10-29 14:34:09,490 [INFO] CodeEngine:245 - oldGeneratedFile, D:\github\mc\stm32\I2C_OLED_Display\I2C_OLED_Display\Core\Inc\stm32f1xx_hal_conf.h_save
2022-10-29 14:34:09,606 [INFO] CodeEngine:269 - Generated code: D:\github\mc\stm32\I2C_OLED_Display\I2C_OLED_Display\Core\Inc\stm32f1xx_hal_conf.h
2022-10-29 14:34:09,657 [INFO] CodeEngine:245 - oldGeneratedFile, D:\github\mc\stm32\I2C_OLED_Display\I2C_OLED_Display\Core\Inc\main.h_save
2022-10-29 14:34:09,744 [INFO] CodeEngine:269 - Generated code: D:\github\mc\stm32\I2C_OLED_Display\I2C_OLED_Display\Core\Inc\main.h
2022-10-29 14:34:09,778 [INFO] CodeEngine:245 - oldGeneratedFile, D:\github\mc\stm32\I2C_OLED_Display\I2C_OLED_Display\Core\Src\main.c_save
2022-10-29 14:34:09,891 [INFO] CodeEngine:269 - Generated code: D:\github\mc\stm32\I2C_OLED_Display\I2C_OLED_Display\Core\Src\main.c
2022-10-29 14:34:10,521 [INFO] ProjectBuilder:2919 - Time for Copy HAL[1] : 175mS.
2022-10-29 14:34:10,525 [INFO] ProjectBuilder:4117 - Project Generator version: 3.17.1
2022-10-29 14:34:10,856 [INFO] ConfigFileManager:1394 - The Die is : DIE410
2022-10-29 14:34:12,340 [INFO] ProjectBuilder:4285 - Time for Generating toolchain IDE Files: 1815mS.
2022-10-29 14:34:12,340 [INFO] ProjectBuilder:2790 - Time for Copy CMSIS : 0mS.
2022-10-29 14:34:12,342 [INFO] ProjectBuilder:2790 - Time for Copy CMSIS : 1mS.
